16/11/14 17:16:51 INFO serializeLogger: [CreationPYRE]StartAt:1479169011480,Parent RDD ID:1,Name:../ml-20m/clean.dat,TaskAttempt ID:3,Partition Id:3,Stage Id:0
16/11/14 17:16:51 INFO serializeLogger: [CreationPYRE]StartAt:1479169011480,Parent RDD ID:1,Name:../ml-20m/clean.dat,TaskAttempt ID:1,Partition Id:1,Stage Id:0
16/11/14 17:16:51 INFO serializeLogger: [CreationPYRE]StartAt:1479169011481,Parent RDD ID:1,Name:../ml-20m/clean.dat,TaskAttempt ID:5,Partition Id:5,Stage Id:0
16/11/14 17:16:51 INFO serializeLogger: [CreationPYRE]StartAt:1479169011481,Parent RDD ID:1,Name:../ml-20m/clean.dat,TaskAttempt ID:0,Partition Id:0,Stage Id:0
16/11/14 17:16:51 INFO serializeLogger: [CreationPYRE]StartAt:1479169011481,Parent RDD ID:1,Name:../ml-20m/clean.dat,TaskAttempt ID:7,Partition Id:7,Stage Id:0
16/11/14 17:16:51 INFO serializeLogger: [CreationPYRE]StartAt:1479169011482,Parent RDD ID:1,Name:../ml-20m/clean.dat,TaskAttempt ID:4,Partition Id:4,Stage Id:0
16/11/14 17:16:51 INFO serializeLogger: [CreationPYRE]EndAt:1479169011482,Parent RDD ID:1,Name:../ml-20m/clean.dat,TaskAttempt ID:5,Partition Id:5,Stage Id:0
16/11/14 17:16:51 INFO serializeLogger: [CreationPYRE]StartAt:1479169011482,Parent RDD ID:1,Name:../ml-20m/clean.dat,TaskAttempt ID:6,Partition Id:6,Stage Id:0
16/11/14 17:16:51 INFO serializeLogger: [CreationPYRE]EndAt:1479169011482,Parent RDD ID:1,Name:../ml-20m/clean.dat,TaskAttempt ID:7,Partition Id:7,Stage Id:0
16/11/14 17:16:51 INFO serializeLogger: [CreationPYRE]EndAt:1479169011482,Parent RDD ID:1,Name:../ml-20m/clean.dat,TaskAttempt ID:1,Partition Id:1,Stage Id:0
16/11/14 17:16:51 INFO serializeLogger: [CreationPYRE]EndAt:1479169011482,Parent RDD ID:1,Name:../ml-20m/clean.dat,TaskAttempt ID:4,Partition Id:4,Stage Id:0
16/11/14 17:16:51 INFO serializeLogger: [CreationPYRE]EndAt:1479169011482,Parent RDD ID:1,Name:../ml-20m/clean.dat,TaskAttempt ID:3,Partition Id:3,Stage Id:0
16/11/14 17:16:51 INFO serializeLogger: [RunnerCompute]StartAt:1479169011483,Parent RDD ID:1,Name:../ml-20m/clean.dat,TaskAttempt ID:4,Partition Id:4,Stage Id:0
16/11/14 17:16:51 INFO serializeLogger: [RunnerCompute]StartAt:1479169011484,Parent RDD ID:1,Name:../ml-20m/clean.dat,TaskAttempt ID:7,Partition Id:7,Stage Id:0
16/11/14 17:16:51 INFO serializeLogger: [RunnerCompute]StartAt:1479169011483,Parent RDD ID:1,Name:../ml-20m/clean.dat,TaskAttempt ID:1,Partition Id:1,Stage Id:0
16/11/14 17:16:51 INFO serializeLogger: [CreationPYRE]EndAt:1479169011483,Parent RDD ID:1,Name:../ml-20m/clean.dat,TaskAttempt ID:0,Partition Id:0,Stage Id:0
16/11/14 17:16:51 INFO serializeLogger: [CreationPYRE]StartAt:1479169011483,Parent RDD ID:1,Name:../ml-20m/clean.dat,TaskAttempt ID:2,Partition Id:2,Stage Id:0
16/11/14 17:16:51 INFO serializeLogger: [RunnerCompute]StartAt:1479169011485,Parent RDD ID:1,Name:../ml-20m/clean.dat,TaskAttempt ID:5,Partition Id:5,Stage Id:0
16/11/14 17:16:51 INFO serializeLogger: [CreationPYRE]EndAt:1479169011484,Parent RDD ID:1,Name:../ml-20m/clean.dat,TaskAttempt ID:6,Partition Id:6,Stage Id:0
16/11/14 17:16:51 INFO serializeLogger: [CreationPYRE]StartAt:1479169011484,Parent RDD ID:1,Name:../ml-20m/clean.dat,TaskAttempt ID:8,Partition Id:8,Stage Id:0
16/11/14 17:16:51 INFO serializeLogger: [RunnerCompute]StartAt:1479169011485,Parent RDD ID:1,Name:../ml-20m/clean.dat,TaskAttempt ID:0,Partition Id:0,Stage Id:0
16/11/14 17:16:51 INFO serializeLogger: [RunnerCompute]StartAt:1479169011486,Parent RDD ID:1,Name:../ml-20m/clean.dat,TaskAttempt ID:3,Partition Id:3,Stage Id:0
16/11/14 17:16:51 INFO serializeLogger: [CreationPYRE]EndAt:1479169011486,Parent RDD ID:1,Name:../ml-20m/clean.dat,TaskAttempt ID:8,Partition Id:8,Stage Id:0
16/11/14 17:16:51 INFO serializeLogger: [RunnerCompute]StartAt:1479169011486,Parent RDD ID:1,Name:../ml-20m/clean.dat,TaskAttempt ID:6,Partition Id:6,Stage Id:0
16/11/14 17:16:51 INFO serializeLogger: [CreationPYRE]EndAt:1479169011487,Parent RDD ID:1,Name:../ml-20m/clean.dat,TaskAttempt ID:2,Partition Id:2,Stage Id:0
16/11/14 17:16:51 INFO serializeLogger: [RunnerCompute]StartAt:1479169011487,Parent RDD ID:1,Name:../ml-20m/clean.dat,TaskAttempt ID:8,Partition Id:8,Stage Id:0
16/11/14 17:16:51 INFO serializeLogger: [RunnerCompute]StartAt:1479169011488,Parent RDD ID:1,Name:../ml-20m/clean.dat,TaskAttempt ID:2,Partition Id:2,Stage Id:0
16/11/14 17:16:58 INFO serializeLogger: [writerThread]StartAt:1479169018365,Parent RDD ID:1,Name:../ml-20m/clean.dat,TaskAttempt ID:3,Partition Id:3,Stage Id:0
16/11/14 17:16:58 INFO serializeLogger: [writerThread]StartAt:1479169018376,Parent RDD ID:1,Name:../ml-20m/clean.dat,TaskAttempt ID:6,Partition Id:6,Stage Id:0
16/11/14 17:16:58 INFO serializeLogger: [writerThread]StartAt:1479169018391,Parent RDD ID:1,Name:../ml-20m/clean.dat,TaskAttempt ID:7,Partition Id:7,Stage Id:0
16/11/14 17:16:58 INFO serializeLogger: [writerThread]StartAt:1479169018406,Parent RDD ID:1,Name:../ml-20m/clean.dat,TaskAttempt ID:5,Partition Id:5,Stage Id:0
16/11/14 17:16:58 INFO serializeLogger: [writerThread]StartAt:1479169018421,Parent RDD ID:1,Name:../ml-20m/clean.dat,TaskAttempt ID:2,Partition Id:2,Stage Id:0
16/11/14 17:16:58 INFO serializeLogger: [writerThread]StartAt:1479169018435,Parent RDD ID:1,Name:../ml-20m/clean.dat,TaskAttempt ID:0,Partition Id:0,Stage Id:0
16/11/14 17:16:58 INFO serializeLogger: [writerThread]StartAt:1479169018449,Parent RDD ID:1,Name:../ml-20m/clean.dat,TaskAttempt ID:1,Partition Id:1,Stage Id:0
16/11/14 17:16:58 INFO serializeLogger: [writerThread]StartAt:1479169018462,Parent RDD ID:1,Name:../ml-20m/clean.dat,TaskAttempt ID:4,Partition Id:4,Stage Id:0
16/11/14 17:16:58 INFO serializeLogger: [writerThread]StartAt:1479169018475,Parent RDD ID:1,Name:../ml-20m/clean.dat,TaskAttempt ID:8,Partition Id:8,Stage Id:0
16/11/14 17:17:13 INFO serializeLogger: [RunnerCompute]EndAt:1479169033882,Parent RDD ID:1,Name:../ml-20m/clean.dat,TaskAttempt ID:8,Partition Id:8,Stage Id:0
16/11/14 17:17:13 INFO serializeLogger: [writerThread]EndAt:1479169033892,Parent RDD ID:1,Name:../ml-20m/clean.dat,TaskAttempt ID:8,Partition Id:8,Stage Id:0
16/11/14 17:17:14 INFO serializeLogger: [RunnerCompute]EndAt:1479169034964,Parent RDD ID:1,Name:../ml-20m/clean.dat,TaskAttempt ID:7,Partition Id:7,Stage Id:0
16/11/14 17:17:14 INFO serializeLogger: [writerThread]EndAt:1479169034968,Parent RDD ID:1,Name:../ml-20m/clean.dat,TaskAttempt ID:7,Partition Id:7,Stage Id:0
16/11/14 17:17:15 INFO serializeLogger: [RunnerCompute]EndAt:1479169035182,Parent RDD ID:1,Name:../ml-20m/clean.dat,TaskAttempt ID:6,Partition Id:6,Stage Id:0
16/11/14 17:17:15 INFO serializeLogger: [writerThread]EndAt:1479169035185,Parent RDD ID:1,Name:../ml-20m/clean.dat,TaskAttempt ID:6,Partition Id:6,Stage Id:0
16/11/14 17:17:15 INFO serializeLogger: [RunnerCompute]EndAt:1479169035719,Parent RDD ID:1,Name:../ml-20m/clean.dat,TaskAttempt ID:4,Partition Id:4,Stage Id:0
16/11/14 17:17:15 INFO serializeLogger: [writerThread]EndAt:1479169035721,Parent RDD ID:1,Name:../ml-20m/clean.dat,TaskAttempt ID:4,Partition Id:4,Stage Id:0
16/11/14 17:17:15 INFO serializeLogger: [RunnerCompute]EndAt:1479169035750,Parent RDD ID:1,Name:../ml-20m/clean.dat,TaskAttempt ID:1,Partition Id:1,Stage Id:0
16/11/14 17:17:15 INFO serializeLogger: [writerThread]EndAt:1479169035751,Parent RDD ID:1,Name:../ml-20m/clean.dat,TaskAttempt ID:1,Partition Id:1,Stage Id:0
16/11/14 17:17:15 INFO serializeLogger: [RunnerCompute]EndAt:1479169035839,Parent RDD ID:1,Name:../ml-20m/clean.dat,TaskAttempt ID:3,Partition Id:3,Stage Id:0
16/11/14 17:17:15 INFO serializeLogger: [writerThread]EndAt:1479169035841,Parent RDD ID:1,Name:../ml-20m/clean.dat,TaskAttempt ID:3,Partition Id:3,Stage Id:0
16/11/14 17:17:15 INFO serializeLogger: [RunnerCompute]EndAt:1479169035880,Parent RDD ID:1,Name:../ml-20m/clean.dat,TaskAttempt ID:5,Partition Id:5,Stage Id:0
16/11/14 17:17:15 INFO serializeLogger: [writerThread]EndAt:1479169035881,Parent RDD ID:1,Name:../ml-20m/clean.dat,TaskAttempt ID:5,Partition Id:5,Stage Id:0
16/11/14 17:17:15 INFO serializeLogger: [RunnerCompute]EndAt:1479169035940,Parent RDD ID:1,Name:../ml-20m/clean.dat,TaskAttempt ID:2,Partition Id:2,Stage Id:0
16/11/14 17:17:15 INFO serializeLogger: [writerThread]EndAt:1479169035942,Parent RDD ID:1,Name:../ml-20m/clean.dat,TaskAttempt ID:2,Partition Id:2,Stage Id:0
16/11/14 17:17:16 INFO serializeLogger: [RunnerCompute]EndAt:1479169036643,Parent RDD ID:1,Name:../ml-20m/clean.dat,TaskAttempt ID:0,Partition Id:0,Stage Id:0
16/11/14 17:17:16 INFO serializeLogger: [writerThread]EndAt:1479169036646,Parent RDD ID:1,Name:../ml-20m/clean.dat,TaskAttempt ID:0,Partition Id:0,Stage Id:0
16/11/14 17:17:16 INFO serializeLogger: [CreationPYRE]StartAt:1479169036921,Parent RDD ID:1,Name:../ml-20m/clean.dat,TaskAttempt ID:11,Partition Id:2,Stage Id:1
16/11/14 17:17:16 INFO serializeLogger: [CreationPYRE]EndAt:1479169036921,Parent RDD ID:1,Name:../ml-20m/clean.dat,TaskAttempt ID:11,Partition Id:2,Stage Id:1
16/11/14 17:17:16 INFO serializeLogger: [RunnerCompute]StartAt:1479169036921,Parent RDD ID:1,Name:../ml-20m/clean.dat,TaskAttempt ID:11,Partition Id:2,Stage Id:1
16/11/14 17:17:16 INFO serializeLogger: [CreationPYRE]StartAt:1479169036927,Parent RDD ID:1,Name:../ml-20m/clean.dat,TaskAttempt ID:15,Partition Id:6,Stage Id:1
16/11/14 17:17:16 INFO serializeLogger: [CreationPYRE]EndAt:1479169036928,Parent RDD ID:1,Name:../ml-20m/clean.dat,TaskAttempt ID:15,Partition Id:6,Stage Id:1
16/11/14 17:17:16 INFO serializeLogger: [RunnerCompute]StartAt:1479169036928,Parent RDD ID:1,Name:../ml-20m/clean.dat,TaskAttempt ID:15,Partition Id:6,Stage Id:1
16/11/14 17:17:16 INFO serializeLogger: [writerThread]StartAt:1479169036931,Parent RDD ID:1,Name:../ml-20m/clean.dat,TaskAttempt ID:11,Partition Id:2,Stage Id:1
16/11/14 17:17:16 INFO serializeLogger: [writerThread]StartAt:1479169036935,Parent RDD ID:1,Name:../ml-20m/clean.dat,TaskAttempt ID:15,Partition Id:6,Stage Id:1
16/11/14 17:17:33 INFO serializeLogger: [RunnerCompute]EndAt:1479169053290,Parent RDD ID:1,Name:../ml-20m/clean.dat,TaskAttempt ID:15,Partition Id:6,Stage Id:1
16/11/14 17:17:33 INFO serializeLogger: [writerThread]EndAt:1479169053294,Parent RDD ID:1,Name:../ml-20m/clean.dat,TaskAttempt ID:15,Partition Id:6,Stage Id:1
16/11/14 17:17:33 INFO serializeLogger: [RunnerCompute]EndAt:1479169053839,Parent RDD ID:1,Name:../ml-20m/clean.dat,TaskAttempt ID:11,Partition Id:2,Stage Id:1
16/11/14 17:17:33 INFO serializeLogger: [writerThread]EndAt:1479169053842,Parent RDD ID:1,Name:../ml-20m/clean.dat,TaskAttempt ID:11,Partition Id:2,Stage Id:1
16/11/14 17:17:44 INFO serializeLogger: [CreationPYRE]StartAt:1479169064125,Parent RDD ID:1,Name:../ml-20m/clean.dat,TaskAttempt ID:24,Partition Id:6,Stage Id:2
16/11/14 17:17:44 INFO serializeLogger: [CreationPYRE]StartAt:1479169064125,Parent RDD ID:1,Name:../ml-20m/clean.dat,TaskAttempt ID:20,Partition Id:2,Stage Id:2
16/11/14 17:17:44 INFO serializeLogger: [CreationPYRE]EndAt:1479169064125,Parent RDD ID:1,Name:../ml-20m/clean.dat,TaskAttempt ID:24,Partition Id:6,Stage Id:2
16/11/14 17:17:44 INFO serializeLogger: [CreationPYRE]EndAt:1479169064125,Parent RDD ID:1,Name:../ml-20m/clean.dat,TaskAttempt ID:20,Partition Id:2,Stage Id:2
16/11/14 17:17:44 INFO serializeLogger: [RunnerCompute]StartAt:1479169064125,Parent RDD ID:1,Name:../ml-20m/clean.dat,TaskAttempt ID:24,Partition Id:6,Stage Id:2
16/11/14 17:17:44 INFO serializeLogger: [RunnerCompute]StartAt:1479169064125,Parent RDD ID:1,Name:../ml-20m/clean.dat,TaskAttempt ID:20,Partition Id:2,Stage Id:2
16/11/14 17:17:44 INFO serializeLogger: [writerThread]StartAt:1479169064134,Parent RDD ID:1,Name:../ml-20m/clean.dat,TaskAttempt ID:24,Partition Id:6,Stage Id:2
16/11/14 17:17:44 INFO serializeLogger: [writerThread]StartAt:1479169064134,Parent RDD ID:1,Name:../ml-20m/clean.dat,TaskAttempt ID:20,Partition Id:2,Stage Id:2
16/11/14 17:17:44 INFO serializeLogger: [RunnerCompute]EndAt:1479169064200,Parent RDD ID:1,Name:../ml-20m/clean.dat,TaskAttempt ID:24,Partition Id:6,Stage Id:2
16/11/14 17:17:44 INFO serializeLogger: [RunnerCompute]EndAt:1479169064208,Parent RDD ID:1,Name:../ml-20m/clean.dat,TaskAttempt ID:20,Partition Id:2,Stage Id:2
16/11/14 17:18:17 INFO serializeLogger: [writerThread]EndAt:1479169097876,Parent RDD ID:1,Name:../ml-20m/clean.dat,TaskAttempt ID:24,Partition Id:6,Stage Id:2
16/11/14 17:18:19 INFO serializeLogger: [writerThread]EndAt:1479169099141,Parent RDD ID:1,Name:../ml-20m/clean.dat,TaskAttempt ID:20,Partition Id:2,Stage Id:2
16/11/14 17:18:21 INFO serializeLogger: [CreationPYRE]StartAt:1479169101621,Parent RDD ID:11,Name:UnionRDD,TaskAttempt ID:29,Partition Id:5,Stage Id:3
16/11/14 17:18:21 INFO serializeLogger: [CreationPYRE]EndAt:1479169101622,Parent RDD ID:11,Name:UnionRDD,TaskAttempt ID:29,Partition Id:5,Stage Id:3
16/11/14 17:18:21 INFO serializeLogger: [RunnerCompute]StartAt:1479169101622,Parent RDD ID:11,Name:UnionRDD,TaskAttempt ID:29,Partition Id:5,Stage Id:3
16/11/14 17:18:21 INFO serializeLogger: [CreationPYRE]StartAt:1479169101622,Parent RDD ID:11,Name:UnionRDD,TaskAttempt ID:37,Partition Id:10,Stage Id:3
16/11/14 17:18:21 INFO serializeLogger: [CreationPYRE]EndAt:1479169101623,Parent RDD ID:11,Name:UnionRDD,TaskAttempt ID:37,Partition Id:10,Stage Id:3
16/11/14 17:18:21 INFO serializeLogger: [CreationPYRE]StartAt:1479169101623,Parent RDD ID:11,Name:UnionRDD,TaskAttempt ID:41,Partition Id:14,Stage Id:3
16/11/14 17:18:21 INFO serializeLogger: [RunnerCompute]StartAt:1479169101623,Parent RDD ID:11,Name:UnionRDD,TaskAttempt ID:37,Partition Id:10,Stage Id:3
16/11/14 17:18:21 INFO serializeLogger: [CreationPYRE]StartAt:1479169101623,Parent RDD ID:7,Name:MapPartitionedRDD,TaskAttempt ID:29,Partition Id:5,Stage Id:3
16/11/14 17:18:21 INFO serializeLogger: [CreationPYRE]EndAt:1479169101624,Parent RDD ID:11,Name:UnionRDD,TaskAttempt ID:41,Partition Id:14,Stage Id:3
16/11/14 17:18:21 INFO serializeLogger: [CreationPYRE]EndAt:1479169101624,Parent RDD ID:7,Name:MapPartitionedRDD,TaskAttempt ID:29,Partition Id:5,Stage Id:3
16/11/14 17:18:21 INFO serializeLogger: [RunnerCompute]StartAt:1479169101624,Parent RDD ID:11,Name:UnionRDD,TaskAttempt ID:41,Partition Id:14,Stage Id:3
16/11/14 17:18:21 INFO serializeLogger: [RunnerCompute]StartAt:1479169101624,Parent RDD ID:7,Name:MapPartitionedRDD,TaskAttempt ID:29,Partition Id:5,Stage Id:3
16/11/14 17:18:21 INFO serializeLogger: [CreationPYRE]StartAt:1479169101625,Parent RDD ID:8,Name:ParallelCollectionRDD,TaskAttempt ID:37,Partition Id:10,Stage Id:3
16/11/14 17:18:21 INFO serializeLogger: [CreationPYRE]EndAt:1479169101626,Parent RDD ID:8,Name:ParallelCollectionRDD,TaskAttempt ID:37,Partition Id:10,Stage Id:3
16/11/14 17:18:21 INFO serializeLogger: [CreationPYRE]StartAt:1479169101626,Parent RDD ID:8,Name:ParallelCollectionRDD,TaskAttempt ID:41,Partition Id:14,Stage Id:3
16/11/14 17:18:21 INFO serializeLogger: [RunnerCompute]StartAt:1479169101626,Parent RDD ID:8,Name:ParallelCollectionRDD,TaskAttempt ID:37,Partition Id:10,Stage Id:3
16/11/14 17:18:21 INFO serializeLogger: [CreationPYRE]EndAt:1479169101627,Parent RDD ID:8,Name:ParallelCollectionRDD,TaskAttempt ID:41,Partition Id:14,Stage Id:3
16/11/14 17:18:21 INFO serializeLogger: [RunnerCompute]StartAt:1479169101627,Parent RDD ID:8,Name:ParallelCollectionRDD,TaskAttempt ID:41,Partition Id:14,Stage Id:3
16/11/14 17:18:21 INFO serializeLogger: [writerThread]StartAt:1479169101679,Parent RDD ID:8,Name:ParallelCollectionRDD,TaskAttempt ID:41,Partition Id:14,Stage Id:3
16/11/14 17:18:21 INFO serializeLogger: [writerThread]StartAt:1479169101685,Parent RDD ID:8,Name:ParallelCollectionRDD,TaskAttempt ID:37,Partition Id:10,Stage Id:3
16/11/14 17:18:21 INFO serializeLogger: [RunnerCompute]EndAt:1479169101705,Parent RDD ID:8,Name:ParallelCollectionRDD,TaskAttempt ID:41,Partition Id:14,Stage Id:3
16/11/14 17:18:21 INFO serializeLogger: [RunnerCompute]EndAt:1479169101707,Parent RDD ID:8,Name:ParallelCollectionRDD,TaskAttempt ID:37,Partition Id:10,Stage Id:3
16/11/14 17:18:21 INFO serializeLogger: [writerThread]StartAt:1479169101708,Parent RDD ID:11,Name:UnionRDD,TaskAttempt ID:41,Partition Id:14,Stage Id:3
16/11/14 17:18:21 INFO serializeLogger: [writerThread]StartAt:1479169101709,Parent RDD ID:11,Name:UnionRDD,TaskAttempt ID:37,Partition Id:10,Stage Id:3
16/11/14 17:18:21 INFO serializeLogger: [RunnerCompute]EndAt:1479169101755,Parent RDD ID:11,Name:UnionRDD,TaskAttempt ID:41,Partition Id:14,Stage Id:3
16/11/14 17:18:21 INFO serializeLogger: [RunnerCompute]EndAt:1479169101755,Parent RDD ID:11,Name:UnionRDD,TaskAttempt ID:37,Partition Id:10,Stage Id:3
16/11/14 17:18:21 INFO serializeLogger: [writerThread]StartAt:1479169101822,Parent RDD ID:7,Name:MapPartitionedRDD,TaskAttempt ID:29,Partition Id:5,Stage Id:3
16/11/14 17:18:21 INFO serializeLogger: [writerThread]EndAt:1479169101892,Parent RDD ID:11,Name:UnionRDD,TaskAttempt ID:41,Partition Id:14,Stage Id:3
16/11/14 17:18:21 INFO serializeLogger: [writerThread]EndAt:1479169101892,Parent RDD ID:8,Name:ParallelCollectionRDD,TaskAttempt ID:41,Partition Id:14,Stage Id:3
16/11/14 17:18:21 INFO serializeLogger: [writerThread]EndAt:1479169101901,Parent RDD ID:11,Name:UnionRDD,TaskAttempt ID:37,Partition Id:10,Stage Id:3
16/11/14 17:18:21 INFO serializeLogger: [writerThread]EndAt:1479169101901,Parent RDD ID:8,Name:ParallelCollectionRDD,TaskAttempt ID:37,Partition Id:10,Stage Id:3
16/11/14 17:18:39 INFO serializeLogger: [RunnerCompute]EndAt:1479169119071,Parent RDD ID:7,Name:MapPartitionedRDD,TaskAttempt ID:29,Partition Id:5,Stage Id:3
16/11/14 17:18:39 INFO serializeLogger: [writerThread]StartAt:1479169119075,Parent RDD ID:11,Name:UnionRDD,TaskAttempt ID:29,Partition Id:5,Stage Id:3
16/11/14 17:18:58 INFO serializeLogger: [RunnerCompute]EndAt:1479169138641,Parent RDD ID:11,Name:UnionRDD,TaskAttempt ID:29,Partition Id:5,Stage Id:3
16/11/14 17:18:59 INFO serializeLogger: [writerThread]EndAt:1479169139887,Parent RDD ID:11,Name:UnionRDD,TaskAttempt ID:29,Partition Id:5,Stage Id:3
16/11/14 17:18:59 INFO serializeLogger: [writerThread]EndAt:1479169139887,Parent RDD ID:7,Name:MapPartitionedRDD,TaskAttempt ID:29,Partition Id:5,Stage Id:3
16/11/14 17:19:01 INFO serializeLogger: [CreationPYRE]StartAt:1479169141459,Parent RDD ID:18,Name:UnionRDD,TaskAttempt ID:53,Partition Id:5,Stage Id:4
16/11/14 17:19:01 INFO serializeLogger: [CreationPYRE]EndAt:1479169141459,Parent RDD ID:18,Name:UnionRDD,TaskAttempt ID:53,Partition Id:5,Stage Id:4
16/11/14 17:19:01 INFO serializeLogger: [RunnerCompute]StartAt:1479169141460,Parent RDD ID:18,Name:UnionRDD,TaskAttempt ID:53,Partition Id:5,Stage Id:4
16/11/14 17:19:01 INFO serializeLogger: [CreationPYRE]StartAt:1479169141461,Parent RDD ID:15,Name:MapPartitionedRDD,TaskAttempt ID:53,Partition Id:5,Stage Id:4
16/11/14 17:19:01 INFO serializeLogger: [CreationPYRE]EndAt:1479169141461,Parent RDD ID:15,Name:MapPartitionedRDD,TaskAttempt ID:53,Partition Id:5,Stage Id:4
16/11/14 17:19:01 INFO serializeLogger: [CreationPYRE]StartAt:1479169141461,Parent RDD ID:18,Name:UnionRDD,TaskAttempt ID:45,Partition Id:10,Stage Id:4
16/11/14 17:19:01 INFO serializeLogger: [CreationPYRE]StartAt:1479169141461,Parent RDD ID:18,Name:UnionRDD,TaskAttempt ID:49,Partition Id:14,Stage Id:4
16/11/14 17:19:01 INFO serializeLogger: [RunnerCompute]StartAt:1479169141461,Parent RDD ID:15,Name:MapPartitionedRDD,TaskAttempt ID:53,Partition Id:5,Stage Id:4
16/11/14 17:19:01 INFO serializeLogger: [CreationPYRE]EndAt:1479169141462,Parent RDD ID:18,Name:UnionRDD,TaskAttempt ID:45,Partition Id:10,Stage Id:4
16/11/14 17:19:01 INFO serializeLogger: [CreationPYRE]EndAt:1479169141462,Parent RDD ID:18,Name:UnionRDD,TaskAttempt ID:49,Partition Id:14,Stage Id:4
16/11/14 17:19:01 INFO serializeLogger: [RunnerCompute]StartAt:1479169141462,Parent RDD ID:18,Name:UnionRDD,TaskAttempt ID:45,Partition Id:10,Stage Id:4
16/11/14 17:19:01 INFO serializeLogger: [RunnerCompute]StartAt:1479169141462,Parent RDD ID:18,Name:UnionRDD,TaskAttempt ID:49,Partition Id:14,Stage Id:4
16/11/14 17:19:01 INFO serializeLogger: [CreationPYRE]StartAt:1479169141464,Parent RDD ID:8,Name:ParallelCollectionRDD,TaskAttempt ID:45,Partition Id:10,Stage Id:4
16/11/14 17:19:01 INFO serializeLogger: [CreationPYRE]StartAt:1479169141465,Parent RDD ID:8,Name:ParallelCollectionRDD,TaskAttempt ID:49,Partition Id:14,Stage Id:4
16/11/14 17:19:01 INFO serializeLogger: [CreationPYRE]EndAt:1479169141465,Parent RDD ID:8,Name:ParallelCollectionRDD,TaskAttempt ID:45,Partition Id:10,Stage Id:4
16/11/14 17:19:01 INFO serializeLogger: [CreationPYRE]EndAt:1479169141465,Parent RDD ID:8,Name:ParallelCollectionRDD,TaskAttempt ID:49,Partition Id:14,Stage Id:4
16/11/14 17:19:01 INFO serializeLogger: [RunnerCompute]StartAt:1479169141465,Parent RDD ID:8,Name:ParallelCollectionRDD,TaskAttempt ID:45,Partition Id:10,Stage Id:4
16/11/14 17:19:01 INFO serializeLogger: [RunnerCompute]StartAt:1479169141465,Parent RDD ID:8,Name:ParallelCollectionRDD,TaskAttempt ID:49,Partition Id:14,Stage Id:4
16/11/14 17:19:01 INFO serializeLogger: [writerThread]StartAt:1479169141490,Parent RDD ID:8,Name:ParallelCollectionRDD,TaskAttempt ID:45,Partition Id:10,Stage Id:4
16/11/14 17:19:01 INFO serializeLogger: [writerThread]StartAt:1479169141490,Parent RDD ID:8,Name:ParallelCollectionRDD,TaskAttempt ID:49,Partition Id:14,Stage Id:4
16/11/14 17:19:01 INFO serializeLogger: [writerThread]StartAt:1479169141508,Parent RDD ID:15,Name:MapPartitionedRDD,TaskAttempt ID:53,Partition Id:5,Stage Id:4
16/11/14 17:19:01 INFO serializeLogger: [RunnerCompute]EndAt:1479169141521,Parent RDD ID:8,Name:ParallelCollectionRDD,TaskAttempt ID:45,Partition Id:10,Stage Id:4
16/11/14 17:19:01 INFO serializeLogger: [writerThread]StartAt:1479169141523,Parent RDD ID:18,Name:UnionRDD,TaskAttempt ID:45,Partition Id:10,Stage Id:4
16/11/14 17:19:01 INFO serializeLogger: [RunnerCompute]EndAt:1479169141552,Parent RDD ID:8,Name:ParallelCollectionRDD,TaskAttempt ID:49,Partition Id:14,Stage Id:4
16/11/14 17:19:01 INFO serializeLogger: [writerThread]StartAt:1479169141554,Parent RDD ID:18,Name:UnionRDD,TaskAttempt ID:49,Partition Id:14,Stage Id:4
16/11/14 17:19:01 INFO serializeLogger: [RunnerCompute]EndAt:1479169141556,Parent RDD ID:18,Name:UnionRDD,TaskAttempt ID:45,Partition Id:10,Stage Id:4
16/11/14 17:19:01 INFO serializeLogger: [RunnerCompute]EndAt:1479169141579,Parent RDD ID:18,Name:UnionRDD,TaskAttempt ID:49,Partition Id:14,Stage Id:4
16/11/14 17:19:01 INFO serializeLogger: [writerThread]EndAt:1479169141649,Parent RDD ID:18,Name:UnionRDD,TaskAttempt ID:45,Partition Id:10,Stage Id:4
16/11/14 17:19:01 INFO serializeLogger: [writerThread]EndAt:1479169141650,Parent RDD ID:8,Name:ParallelCollectionRDD,TaskAttempt ID:45,Partition Id:10,Stage Id:4
16/11/14 17:19:01 INFO serializeLogger: [writerThread]EndAt:1479169141665,Parent RDD ID:18,Name:UnionRDD,TaskAttempt ID:49,Partition Id:14,Stage Id:4
16/11/14 17:19:01 INFO serializeLogger: [writerThread]EndAt:1479169141665,Parent RDD ID:8,Name:ParallelCollectionRDD,TaskAttempt ID:49,Partition Id:14,Stage Id:4
16/11/14 17:19:09 INFO serializeLogger: [RunnerCompute]EndAt:1479169149943,Parent RDD ID:15,Name:MapPartitionedRDD,TaskAttempt ID:53,Partition Id:5,Stage Id:4
16/11/14 17:19:09 INFO serializeLogger: [writerThread]StartAt:1479169149946,Parent RDD ID:18,Name:UnionRDD,TaskAttempt ID:53,Partition Id:5,Stage Id:4
16/11/14 17:19:28 INFO serializeLogger: [RunnerCompute]EndAt:1479169168309,Parent RDD ID:18,Name:UnionRDD,TaskAttempt ID:53,Partition Id:5,Stage Id:4
16/11/14 17:19:29 INFO serializeLogger: [writerThread]EndAt:1479169169562,Parent RDD ID:18,Name:UnionRDD,TaskAttempt ID:53,Partition Id:5,Stage Id:4
16/11/14 17:19:29 INFO serializeLogger: [writerThread]EndAt:1479169169562,Parent RDD ID:15,Name:MapPartitionedRDD,TaskAttempt ID:53,Partition Id:5,Stage Id:4
16/11/14 17:19:41 INFO serializeLogger: [CreationPYRE]StartAt:1479169181072,Parent RDD ID:25,Name:UnionRDD,TaskAttempt ID:61,Partition Id:5,Stage Id:5
16/11/14 17:19:41 INFO serializeLogger: [CreationPYRE]EndAt:1479169181072,Parent RDD ID:25,Name:UnionRDD,TaskAttempt ID:61,Partition Id:5,Stage Id:5
16/11/14 17:19:41 INFO serializeLogger: [RunnerCompute]StartAt:1479169181072,Parent RDD ID:25,Name:UnionRDD,TaskAttempt ID:61,Partition Id:5,Stage Id:5
16/11/14 17:19:41 INFO serializeLogger: [CreationPYRE]StartAt:1479169181073,Parent RDD ID:25,Name:UnionRDD,TaskAttempt ID:65,Partition Id:13,Stage Id:5
16/11/14 17:19:41 INFO serializeLogger: [CreationPYRE]StartAt:1479169181073,Parent RDD ID:22,Name:MapPartitionedRDD,TaskAttempt ID:61,Partition Id:5,Stage Id:5
16/11/14 17:19:41 INFO serializeLogger: [CreationPYRE]EndAt:1479169181073,Parent RDD ID:25,Name:UnionRDD,TaskAttempt ID:65,Partition Id:13,Stage Id:5
16/11/14 17:19:41 INFO serializeLogger: [CreationPYRE]EndAt:1479169181073,Parent RDD ID:22,Name:MapPartitionedRDD,TaskAttempt ID:61,Partition Id:5,Stage Id:5
16/11/14 17:19:41 INFO serializeLogger: [RunnerCompute]StartAt:1479169181073,Parent RDD ID:25,Name:UnionRDD,TaskAttempt ID:65,Partition Id:13,Stage Id:5
16/11/14 17:19:41 INFO serializeLogger: [RunnerCompute]StartAt:1479169181073,Parent RDD ID:22,Name:MapPartitionedRDD,TaskAttempt ID:61,Partition Id:5,Stage Id:5
16/11/14 17:19:41 INFO serializeLogger: [CreationPYRE]StartAt:1479169181074,Parent RDD ID:22,Name:MapPartitionedRDD,TaskAttempt ID:65,Partition Id:13,Stage Id:5
16/11/14 17:19:41 INFO serializeLogger: [CreationPYRE]EndAt:1479169181074,Parent RDD ID:22,Name:MapPartitionedRDD,TaskAttempt ID:65,Partition Id:13,Stage Id:5
16/11/14 17:19:41 INFO serializeLogger: [RunnerCompute]StartAt:1479169181075,Parent RDD ID:22,Name:MapPartitionedRDD,TaskAttempt ID:65,Partition Id:13,Stage Id:5
16/11/14 17:19:41 INFO serializeLogger: [writerThread]StartAt:1479169181115,Parent RDD ID:22,Name:MapPartitionedRDD,TaskAttempt ID:65,Partition Id:13,Stage Id:5
16/11/14 17:19:41 INFO serializeLogger: [writerThread]StartAt:1479169181120,Parent RDD ID:22,Name:MapPartitionedRDD,TaskAttempt ID:61,Partition Id:5,Stage Id:5
16/11/14 17:19:44 INFO serializeLogger: [RunnerCompute]EndAt:1479169184516,Parent RDD ID:22,Name:MapPartitionedRDD,TaskAttempt ID:65,Partition Id:13,Stage Id:5
16/11/14 17:19:44 INFO serializeLogger: [writerThread]StartAt:1479169184518,Parent RDD ID:25,Name:UnionRDD,TaskAttempt ID:65,Partition Id:13,Stage Id:5
16/11/14 17:19:44 INFO serializeLogger: [RunnerCompute]EndAt:1479169184538,Parent RDD ID:25,Name:UnionRDD,TaskAttempt ID:65,Partition Id:13,Stage Id:5
16/11/14 17:19:44 INFO serializeLogger: [writerThread]EndAt:1479169184604,Parent RDD ID:25,Name:UnionRDD,TaskAttempt ID:65,Partition Id:13,Stage Id:5
16/11/14 17:19:44 INFO serializeLogger: [writerThread]EndAt:1479169184604,Parent RDD ID:22,Name:MapPartitionedRDD,TaskAttempt ID:65,Partition Id:13,Stage Id:5
16/11/14 17:20:01 INFO serializeLogger: [RunnerCompute]EndAt:1479169201522,Parent RDD ID:22,Name:MapPartitionedRDD,TaskAttempt ID:61,Partition Id:5,Stage Id:5
16/11/14 17:20:01 INFO serializeLogger: [writerThread]StartAt:1479169201526,Parent RDD ID:25,Name:UnionRDD,TaskAttempt ID:61,Partition Id:5,Stage Id:5
16/11/14 17:20:20 INFO serializeLogger: [RunnerCompute]EndAt:1479169220050,Parent RDD ID:25,Name:UnionRDD,TaskAttempt ID:61,Partition Id:5,Stage Id:5
16/11/14 17:20:21 INFO serializeLogger: [writerThread]EndAt:1479169221267,Parent RDD ID:25,Name:UnionRDD,TaskAttempt ID:61,Partition Id:5,Stage Id:5
16/11/14 17:20:21 INFO serializeLogger: [writerThread]EndAt:1479169221268,Parent RDD ID:22,Name:MapPartitionedRDD,TaskAttempt ID:61,Partition Id:5,Stage Id:5
16/11/14 17:21:16 INFO serializeLogger: [CreationPYRE]StartAt:1479169276249,Parent RDD ID:32,Name:UnionRDD,TaskAttempt ID:76,Partition Id:5,Stage Id:6
16/11/14 17:21:16 INFO serializeLogger: [CreationPYRE]EndAt:1479169276249,Parent RDD ID:32,Name:UnionRDD,TaskAttempt ID:76,Partition Id:5,Stage Id:6
16/11/14 17:21:16 INFO serializeLogger: [RunnerCompute]StartAt:1479169276249,Parent RDD ID:32,Name:UnionRDD,TaskAttempt ID:76,Partition Id:5,Stage Id:6
16/11/14 17:21:16 INFO serializeLogger: [CreationPYRE]StartAt:1479169276250,Parent RDD ID:29,Name:MapPartitionedRDD,TaskAttempt ID:76,Partition Id:5,Stage Id:6
16/11/14 17:21:16 INFO serializeLogger: [CreationPYRE]EndAt:1479169276250,Parent RDD ID:29,Name:MapPartitionedRDD,TaskAttempt ID:76,Partition Id:5,Stage Id:6
16/11/14 17:21:16 INFO serializeLogger: [RunnerCompute]StartAt:1479169276250,Parent RDD ID:29,Name:MapPartitionedRDD,TaskAttempt ID:76,Partition Id:5,Stage Id:6
16/11/14 17:21:16 INFO serializeLogger: [CreationPYRE]StartAt:1479169276250,Parent RDD ID:32,Name:UnionRDD,TaskAttempt ID:80,Partition Id:13,Stage Id:6
16/11/14 17:21:16 INFO serializeLogger: [CreationPYRE]EndAt:1479169276251,Parent RDD ID:32,Name:UnionRDD,TaskAttempt ID:80,Partition Id:13,Stage Id:6
16/11/14 17:21:16 INFO serializeLogger: [RunnerCompute]StartAt:1479169276251,Parent RDD ID:32,Name:UnionRDD,TaskAttempt ID:80,Partition Id:13,Stage Id:6
16/11/14 17:21:16 INFO serializeLogger: [CreationPYRE]StartAt:1479169276252,Parent RDD ID:29,Name:MapPartitionedRDD,TaskAttempt ID:80,Partition Id:13,Stage Id:6
16/11/14 17:21:16 INFO serializeLogger: [CreationPYRE]EndAt:1479169276252,Parent RDD ID:29,Name:MapPartitionedRDD,TaskAttempt ID:80,Partition Id:13,Stage Id:6
16/11/14 17:21:16 INFO serializeLogger: [RunnerCompute]StartAt:1479169276252,Parent RDD ID:29,Name:MapPartitionedRDD,TaskAttempt ID:80,Partition Id:13,Stage Id:6
16/11/14 17:21:16 INFO serializeLogger: [writerThread]StartAt:1479169276289,Parent RDD ID:29,Name:MapPartitionedRDD,TaskAttempt ID:80,Partition Id:13,Stage Id:6
16/11/14 17:21:16 INFO serializeLogger: [writerThread]StartAt:1479169276329,Parent RDD ID:29,Name:MapPartitionedRDD,TaskAttempt ID:76,Partition Id:5,Stage Id:6
16/11/14 17:21:19 INFO serializeLogger: [RunnerCompute]EndAt:1479169279775,Parent RDD ID:29,Name:MapPartitionedRDD,TaskAttempt ID:80,Partition Id:13,Stage Id:6
16/11/14 17:21:19 INFO serializeLogger: [writerThread]StartAt:1479169279777,Parent RDD ID:32,Name:UnionRDD,TaskAttempt ID:80,Partition Id:13,Stage Id:6
16/11/14 17:21:19 INFO serializeLogger: [RunnerCompute]EndAt:1479169279799,Parent RDD ID:32,Name:UnionRDD,TaskAttempt ID:80,Partition Id:13,Stage Id:6
16/11/14 17:21:19 INFO serializeLogger: [writerThread]EndAt:1479169279882,Parent RDD ID:32,Name:UnionRDD,TaskAttempt ID:80,Partition Id:13,Stage Id:6
16/11/14 17:21:19 INFO serializeLogger: [writerThread]EndAt:1479169279882,Parent RDD ID:29,Name:MapPartitionedRDD,TaskAttempt ID:80,Partition Id:13,Stage Id:6
16/11/14 17:21:25 INFO serializeLogger: [RunnerCompute]EndAt:1479169285061,Parent RDD ID:29,Name:MapPartitionedRDD,TaskAttempt ID:76,Partition Id:5,Stage Id:6
16/11/14 17:21:25 INFO serializeLogger: [writerThread]StartAt:1479169285063,Parent RDD ID:32,Name:UnionRDD,TaskAttempt ID:76,Partition Id:5,Stage Id:6
16/11/14 17:21:44 INFO serializeLogger: [RunnerCompute]EndAt:1479169304169,Parent RDD ID:32,Name:UnionRDD,TaskAttempt ID:76,Partition Id:5,Stage Id:6
16/11/14 17:21:45 INFO serializeLogger: [writerThread]EndAt:1479169305377,Parent RDD ID:32,Name:UnionRDD,TaskAttempt ID:76,Partition Id:5,Stage Id:6
16/11/14 17:21:45 INFO serializeLogger: [writerThread]EndAt:1479169305377,Parent RDD ID:29,Name:MapPartitionedRDD,TaskAttempt ID:76,Partition Id:5,Stage Id:6
16/11/14 17:22:50 INFO serializeLogger: [CreationPYRE]StartAt:1479169370057,Parent RDD ID:39,Name:UnionRDD,TaskAttempt ID:94,Partition Id:5,Stage Id:7
16/11/14 17:22:50 INFO serializeLogger: [CreationPYRE]EndAt:1479169370057,Parent RDD ID:39,Name:UnionRDD,TaskAttempt ID:94,Partition Id:5,Stage Id:7
16/11/14 17:22:50 INFO serializeLogger: [RunnerCompute]StartAt:1479169370057,Parent RDD ID:39,Name:UnionRDD,TaskAttempt ID:94,Partition Id:5,Stage Id:7
16/11/14 17:22:50 INFO serializeLogger: [CreationPYRE]StartAt:1479169370058,Parent RDD ID:36,Name:MapPartitionedRDD,TaskAttempt ID:94,Partition Id:5,Stage Id:7
16/11/14 17:22:50 INFO serializeLogger: [CreationPYRE]EndAt:1479169370058,Parent RDD ID:36,Name:MapPartitionedRDD,TaskAttempt ID:94,Partition Id:5,Stage Id:7
16/11/14 17:22:50 INFO serializeLogger: [RunnerCompute]StartAt:1479169370058,Parent RDD ID:36,Name:MapPartitionedRDD,TaskAttempt ID:94,Partition Id:5,Stage Id:7
16/11/14 17:22:50 INFO serializeLogger: [CreationPYRE]StartAt:1479169370061,Parent RDD ID:39,Name:UnionRDD,TaskAttempt ID:98,Partition Id:13,Stage Id:7
16/11/14 17:22:50 INFO serializeLogger: [CreationPYRE]EndAt:1479169370061,Parent RDD ID:39,Name:UnionRDD,TaskAttempt ID:98,Partition Id:13,Stage Id:7
16/11/14 17:22:50 INFO serializeLogger: [RunnerCompute]StartAt:1479169370061,Parent RDD ID:39,Name:UnionRDD,TaskAttempt ID:98,Partition Id:13,Stage Id:7
16/11/14 17:22:50 INFO serializeLogger: [CreationPYRE]StartAt:1479169370062,Parent RDD ID:36,Name:MapPartitionedRDD,TaskAttempt ID:98,Partition Id:13,Stage Id:7
16/11/14 17:22:50 INFO serializeLogger: [CreationPYRE]EndAt:1479169370063,Parent RDD ID:36,Name:MapPartitionedRDD,TaskAttempt ID:98,Partition Id:13,Stage Id:7
16/11/14 17:22:50 INFO serializeLogger: [RunnerCompute]StartAt:1479169370063,Parent RDD ID:36,Name:MapPartitionedRDD,TaskAttempt ID:98,Partition Id:13,Stage Id:7
16/11/14 17:22:50 INFO serializeLogger: [writerThread]StartAt:1479169370092,Parent RDD ID:36,Name:MapPartitionedRDD,TaskAttempt ID:98,Partition Id:13,Stage Id:7
16/11/14 17:22:50 INFO serializeLogger: [writerThread]StartAt:1479169370099,Parent RDD ID:36,Name:MapPartitionedRDD,TaskAttempt ID:94,Partition Id:5,Stage Id:7
16/11/14 17:23:03 INFO serializeLogger: [RunnerCompute]EndAt:1479169383897,Parent RDD ID:36,Name:MapPartitionedRDD,TaskAttempt ID:98,Partition Id:13,Stage Id:7
16/11/14 17:23:03 INFO serializeLogger: [writerThread]StartAt:1479169383913,Parent RDD ID:39,Name:UnionRDD,TaskAttempt ID:98,Partition Id:13,Stage Id:7
16/11/14 17:23:03 INFO serializeLogger: [RunnerCompute]EndAt:1479169383946,Parent RDD ID:39,Name:UnionRDD,TaskAttempt ID:98,Partition Id:13,Stage Id:7
16/11/14 17:23:04 INFO serializeLogger: [writerThread]EndAt:1479169384026,Parent RDD ID:39,Name:UnionRDD,TaskAttempt ID:98,Partition Id:13,Stage Id:7
16/11/14 17:23:04 INFO serializeLogger: [writerThread]EndAt:1479169384026,Parent RDD ID:36,Name:MapPartitionedRDD,TaskAttempt ID:98,Partition Id:13,Stage Id:7
16/11/14 17:23:08 INFO serializeLogger: [RunnerCompute]EndAt:1479169388079,Parent RDD ID:36,Name:MapPartitionedRDD,TaskAttempt ID:94,Partition Id:5,Stage Id:7
16/11/14 17:23:08 INFO serializeLogger: [writerThread]StartAt:1479169388082,Parent RDD ID:39,Name:UnionRDD,TaskAttempt ID:94,Partition Id:5,Stage Id:7
16/11/14 17:23:26 INFO serializeLogger: [RunnerCompute]EndAt:1479169406953,Parent RDD ID:39,Name:UnionRDD,TaskAttempt ID:94,Partition Id:5,Stage Id:7
16/11/14 17:23:28 INFO serializeLogger: [writerThread]EndAt:1479169408195,Parent RDD ID:39,Name:UnionRDD,TaskAttempt ID:94,Partition Id:5,Stage Id:7
16/11/14 17:23:28 INFO serializeLogger: [writerThread]EndAt:1479169408196,Parent RDD ID:36,Name:MapPartitionedRDD,TaskAttempt ID:94,Partition Id:5,Stage Id:7
16/11/14 17:24:23 INFO serializeLogger: [CreationPYRE]StartAt:1479169463117,Parent RDD ID:46,Name:UnionRDD,TaskAttempt ID:107,Partition Id:5,Stage Id:8
16/11/14 17:24:23 INFO serializeLogger: [CreationPYRE]EndAt:1479169463117,Parent RDD ID:46,Name:UnionRDD,TaskAttempt ID:107,Partition Id:5,Stage Id:8
16/11/14 17:24:23 INFO serializeLogger: [RunnerCompute]StartAt:1479169463118,Parent RDD ID:46,Name:UnionRDD,TaskAttempt ID:107,Partition Id:5,Stage Id:8
16/11/14 17:24:23 INFO serializeLogger: [CreationPYRE]StartAt:1479169463119,Parent RDD ID:43,Name:MapPartitionedRDD,TaskAttempt ID:107,Partition Id:5,Stage Id:8
16/11/14 17:24:23 INFO serializeLogger: [CreationPYRE]EndAt:1479169463119,Parent RDD ID:43,Name:MapPartitionedRDD,TaskAttempt ID:107,Partition Id:5,Stage Id:8
16/11/14 17:24:23 INFO serializeLogger: [RunnerCompute]StartAt:1479169463119,Parent RDD ID:43,Name:MapPartitionedRDD,TaskAttempt ID:107,Partition Id:5,Stage Id:8
16/11/14 17:24:23 INFO serializeLogger: [CreationPYRE]StartAt:1479169463124,Parent RDD ID:46,Name:UnionRDD,TaskAttempt ID:111,Partition Id:13,Stage Id:8
16/11/14 17:24:23 INFO serializeLogger: [CreationPYRE]EndAt:1479169463124,Parent RDD ID:46,Name:UnionRDD,TaskAttempt ID:111,Partition Id:13,Stage Id:8
16/11/14 17:24:23 INFO serializeLogger: [RunnerCompute]StartAt:1479169463125,Parent RDD ID:46,Name:UnionRDD,TaskAttempt ID:111,Partition Id:13,Stage Id:8
16/11/14 17:24:23 INFO serializeLogger: [CreationPYRE]StartAt:1479169463126,Parent RDD ID:43,Name:MapPartitionedRDD,TaskAttempt ID:111,Partition Id:13,Stage Id:8
16/11/14 17:24:23 INFO serializeLogger: [CreationPYRE]EndAt:1479169463126,Parent RDD ID:43,Name:MapPartitionedRDD,TaskAttempt ID:111,Partition Id:13,Stage Id:8
16/11/14 17:24:23 INFO serializeLogger: [RunnerCompute]StartAt:1479169463126,Parent RDD ID:43,Name:MapPartitionedRDD,TaskAttempt ID:111,Partition Id:13,Stage Id:8
16/11/14 17:24:23 INFO serializeLogger: [writerThread]StartAt:1479169463164,Parent RDD ID:43,Name:MapPartitionedRDD,TaskAttempt ID:111,Partition Id:13,Stage Id:8
16/11/14 17:24:23 INFO serializeLogger: [writerThread]StartAt:1479169463166,Parent RDD ID:43,Name:MapPartitionedRDD,TaskAttempt ID:107,Partition Id:5,Stage Id:8
16/11/14 17:25:29 INFO serializeLogger: [RunnerCompute]EndAt:1479169529715,Parent RDD ID:43,Name:MapPartitionedRDD,TaskAttempt ID:111,Partition Id:13,Stage Id:8
16/11/14 17:25:29 INFO serializeLogger: [writerThread]StartAt:1479169529732,Parent RDD ID:46,Name:UnionRDD,TaskAttempt ID:111,Partition Id:13,Stage Id:8
16/11/14 17:25:29 INFO serializeLogger: [RunnerCompute]EndAt:1479169529766,Parent RDD ID:46,Name:UnionRDD,TaskAttempt ID:111,Partition Id:13,Stage Id:8
16/11/14 17:25:29 INFO serializeLogger: [writerThread]EndAt:1479169529844,Parent RDD ID:46,Name:UnionRDD,TaskAttempt ID:111,Partition Id:13,Stage Id:8
16/11/14 17:25:29 INFO serializeLogger: [writerThread]EndAt:1479169529844,Parent RDD ID:43,Name:MapPartitionedRDD,TaskAttempt ID:111,Partition Id:13,Stage Id:8
16/11/14 17:25:48 INFO serializeLogger: [RunnerCompute]EndAt:1479169548318,Parent RDD ID:43,Name:MapPartitionedRDD,TaskAttempt ID:107,Partition Id:5,Stage Id:8
16/11/14 17:25:48 INFO serializeLogger: [writerThread]StartAt:1479169548320,Parent RDD ID:46,Name:UnionRDD,TaskAttempt ID:107,Partition Id:5,Stage Id:8
16/11/14 17:26:06 INFO serializeLogger: [RunnerCompute]EndAt:1479169566655,Parent RDD ID:46,Name:UnionRDD,TaskAttempt ID:107,Partition Id:5,Stage Id:8
16/11/14 17:26:07 INFO serializeLogger: [writerThread]EndAt:1479169567928,Parent RDD ID:46,Name:UnionRDD,TaskAttempt ID:107,Partition Id:5,Stage Id:8
16/11/14 17:26:07 INFO serializeLogger: [writerThread]EndAt:1479169567928,Parent RDD ID:43,Name:MapPartitionedRDD,TaskAttempt ID:107,Partition Id:5,Stage Id:8
16/11/14 17:26:08 INFO serializeLogger: [CreationPYRE]StartAt:1479169568094,Parent RDD ID:53,Name:UnionRDD,TaskAttempt ID:126,Partition Id:5,Stage Id:9
16/11/14 17:26:08 INFO serializeLogger: [CreationPYRE]StartAt:1479169568094,Parent RDD ID:53,Name:UnionRDD,TaskAttempt ID:130,Partition Id:13,Stage Id:9
16/11/14 17:26:08 INFO serializeLogger: [CreationPYRE]EndAt:1479169568094,Parent RDD ID:53,Name:UnionRDD,TaskAttempt ID:126,Partition Id:5,Stage Id:9
16/11/14 17:26:08 INFO serializeLogger: [CreationPYRE]EndAt:1479169568094,Parent RDD ID:53,Name:UnionRDD,TaskAttempt ID:130,Partition Id:13,Stage Id:9
16/11/14 17:26:08 INFO serializeLogger: [RunnerCompute]StartAt:1479169568094,Parent RDD ID:53,Name:UnionRDD,TaskAttempt ID:126,Partition Id:5,Stage Id:9
16/11/14 17:26:08 INFO serializeLogger: [RunnerCompute]StartAt:1479169568094,Parent RDD ID:53,Name:UnionRDD,TaskAttempt ID:130,Partition Id:13,Stage Id:9
16/11/14 17:26:08 INFO serializeLogger: [CreationPYRE]StartAt:1479169568095,Parent RDD ID:50,Name:MapPartitionedRDD,TaskAttempt ID:126,Partition Id:5,Stage Id:9
16/11/14 17:26:08 INFO serializeLogger: [CreationPYRE]StartAt:1479169568095,Parent RDD ID:50,Name:MapPartitionedRDD,TaskAttempt ID:130,Partition Id:13,Stage Id:9
16/11/14 17:26:08 INFO serializeLogger: [CreationPYRE]EndAt:1479169568095,Parent RDD ID:50,Name:MapPartitionedRDD,TaskAttempt ID:126,Partition Id:5,Stage Id:9
16/11/14 17:26:08 INFO serializeLogger: [CreationPYRE]EndAt:1479169568095,Parent RDD ID:50,Name:MapPartitionedRDD,TaskAttempt ID:130,Partition Id:13,Stage Id:9
16/11/14 17:26:08 INFO serializeLogger: [RunnerCompute]StartAt:1479169568095,Parent RDD ID:50,Name:MapPartitionedRDD,TaskAttempt ID:126,Partition Id:5,Stage Id:9
16/11/14 17:26:08 INFO serializeLogger: [RunnerCompute]StartAt:1479169568095,Parent RDD ID:50,Name:MapPartitionedRDD,TaskAttempt ID:130,Partition Id:13,Stage Id:9
16/11/14 17:26:08 INFO serializeLogger: [writerThread]StartAt:1479169568128,Parent RDD ID:50,Name:MapPartitionedRDD,TaskAttempt ID:130,Partition Id:13,Stage Id:9
16/11/14 17:26:08 INFO serializeLogger: [writerThread]StartAt:1479169568158,Parent RDD ID:50,Name:MapPartitionedRDD,TaskAttempt ID:126,Partition Id:5,Stage Id:9
16/11/14 17:26:12 INFO serializeLogger: [RunnerCompute]EndAt:1479169572022,Parent RDD ID:50,Name:MapPartitionedRDD,TaskAttempt ID:130,Partition Id:13,Stage Id:9
16/11/14 17:26:12 INFO serializeLogger: [writerThread]StartAt:1479169572024,Parent RDD ID:53,Name:UnionRDD,TaskAttempt ID:130,Partition Id:13,Stage Id:9
16/11/14 17:26:12 INFO serializeLogger: [RunnerCompute]EndAt:1479169572045,Parent RDD ID:53,Name:UnionRDD,TaskAttempt ID:130,Partition Id:13,Stage Id:9
16/11/14 17:26:12 INFO serializeLogger: [writerThread]EndAt:1479169572129,Parent RDD ID:53,Name:UnionRDD,TaskAttempt ID:130,Partition Id:13,Stage Id:9
16/11/14 17:26:12 INFO serializeLogger: [writerThread]EndAt:1479169572129,Parent RDD ID:50,Name:MapPartitionedRDD,TaskAttempt ID:130,Partition Id:13,Stage Id:9
16/11/14 17:26:27 INFO serializeLogger: [RunnerCompute]EndAt:1479169587127,Parent RDD ID:50,Name:MapPartitionedRDD,TaskAttempt ID:126,Partition Id:5,Stage Id:9
16/11/14 17:26:27 INFO serializeLogger: [writerThread]StartAt:1479169587133,Parent RDD ID:53,Name:UnionRDD,TaskAttempt ID:126,Partition Id:5,Stage Id:9
16/11/14 17:26:45 INFO serializeLogger: [RunnerCompute]EndAt:1479169605273,Parent RDD ID:53,Name:UnionRDD,TaskAttempt ID:126,Partition Id:5,Stage Id:9
16/11/14 17:26:46 INFO serializeLogger: [writerThread]EndAt:1479169606631,Parent RDD ID:53,Name:UnionRDD,TaskAttempt ID:126,Partition Id:5,Stage Id:9
16/11/14 17:26:46 INFO serializeLogger: [writerThread]EndAt:1479169606631,Parent RDD ID:50,Name:MapPartitionedRDD,TaskAttempt ID:126,Partition Id:5,Stage Id:9
16/11/14 17:27:44 INFO serializeLogger: [CreationPYRE]StartAt:1479169664354,Parent RDD ID:60,Name:UnionRDD,TaskAttempt ID:140,Partition Id:5,Stage Id:10
16/11/14 17:27:44 INFO serializeLogger: [CreationPYRE]StartAt:1479169664355,Parent RDD ID:60,Name:UnionRDD,TaskAttempt ID:144,Partition Id:13,Stage Id:10
16/11/14 17:27:44 INFO serializeLogger: [CreationPYRE]EndAt:1479169664355,Parent RDD ID:60,Name:UnionRDD,TaskAttempt ID:140,Partition Id:5,Stage Id:10
16/11/14 17:27:44 INFO serializeLogger: [CreationPYRE]EndAt:1479169664355,Parent RDD ID:60,Name:UnionRDD,TaskAttempt ID:144,Partition Id:13,Stage Id:10
16/11/14 17:27:44 INFO serializeLogger: [RunnerCompute]StartAt:1479169664355,Parent RDD ID:60,Name:UnionRDD,TaskAttempt ID:140,Partition Id:5,Stage Id:10
16/11/14 17:27:44 INFO serializeLogger: [RunnerCompute]StartAt:1479169664355,Parent RDD ID:60,Name:UnionRDD,TaskAttempt ID:144,Partition Id:13,Stage Id:10
16/11/14 17:27:44 INFO serializeLogger: [CreationPYRE]StartAt:1479169664356,Parent RDD ID:57,Name:MapPartitionedRDD,TaskAttempt ID:140,Partition Id:5,Stage Id:10
16/11/14 17:27:44 INFO serializeLogger: [CreationPYRE]StartAt:1479169664356,Parent RDD ID:57,Name:MapPartitionedRDD,TaskAttempt ID:144,Partition Id:13,Stage Id:10
16/11/14 17:27:44 INFO serializeLogger: [CreationPYRE]EndAt:1479169664356,Parent RDD ID:57,Name:MapPartitionedRDD,TaskAttempt ID:140,Partition Id:5,Stage Id:10
16/11/14 17:27:44 INFO serializeLogger: [CreationPYRE]EndAt:1479169664356,Parent RDD ID:57,Name:MapPartitionedRDD,TaskAttempt ID:144,Partition Id:13,Stage Id:10
16/11/14 17:27:44 INFO serializeLogger: [RunnerCompute]StartAt:1479169664356,Parent RDD ID:57,Name:MapPartitionedRDD,TaskAttempt ID:140,Partition Id:5,Stage Id:10
16/11/14 17:27:44 INFO serializeLogger: [RunnerCompute]StartAt:1479169664356,Parent RDD ID:57,Name:MapPartitionedRDD,TaskAttempt ID:144,Partition Id:13,Stage Id:10
16/11/14 17:27:44 INFO serializeLogger: [writerThread]StartAt:1479169664403,Parent RDD ID:57,Name:MapPartitionedRDD,TaskAttempt ID:140,Partition Id:5,Stage Id:10
16/11/14 17:27:44 INFO serializeLogger: [writerThread]StartAt:1479169664403,Parent RDD ID:57,Name:MapPartitionedRDD,TaskAttempt ID:144,Partition Id:13,Stage Id:10
16/11/14 17:27:58 INFO serializeLogger: [RunnerCompute]EndAt:1479169678761,Parent RDD ID:57,Name:MapPartitionedRDD,TaskAttempt ID:144,Partition Id:13,Stage Id:10
16/11/14 17:27:58 INFO serializeLogger: [writerThread]StartAt:1479169678776,Parent RDD ID:60,Name:UnionRDD,TaskAttempt ID:144,Partition Id:13,Stage Id:10
16/11/14 17:27:58 INFO serializeLogger: [RunnerCompute]EndAt:1479169678809,Parent RDD ID:60,Name:UnionRDD,TaskAttempt ID:144,Partition Id:13,Stage Id:10
16/11/14 17:27:58 INFO serializeLogger: [writerThread]EndAt:1479169678884,Parent RDD ID:60,Name:UnionRDD,TaskAttempt ID:144,Partition Id:13,Stage Id:10
16/11/14 17:27:58 INFO serializeLogger: [writerThread]EndAt:1479169678884,Parent RDD ID:57,Name:MapPartitionedRDD,TaskAttempt ID:144,Partition Id:13,Stage Id:10
16/11/14 17:28:04 INFO serializeLogger: [RunnerCompute]EndAt:1479169684411,Parent RDD ID:57,Name:MapPartitionedRDD,TaskAttempt ID:140,Partition Id:5,Stage Id:10
16/11/14 17:28:04 INFO serializeLogger: [writerThread]StartAt:1479169684413,Parent RDD ID:60,Name:UnionRDD,TaskAttempt ID:140,Partition Id:5,Stage Id:10
16/11/14 17:28:22 INFO serializeLogger: [RunnerCompute]EndAt:1479169702178,Parent RDD ID:60,Name:UnionRDD,TaskAttempt ID:140,Partition Id:5,Stage Id:10
16/11/14 17:28:23 INFO serializeLogger: [writerThread]EndAt:1479169703370,Parent RDD ID:60,Name:UnionRDD,TaskAttempt ID:140,Partition Id:5,Stage Id:10
16/11/14 17:28:23 INFO serializeLogger: [writerThread]EndAt:1479169703370,Parent RDD ID:57,Name:MapPartitionedRDD,TaskAttempt ID:140,Partition Id:5,Stage Id:10
16/11/14 17:29:18 INFO serializeLogger: [CreationPYRE]StartAt:1479169758427,Parent RDD ID:67,Name:UnionRDD,TaskAttempt ID:157,Partition Id:5,Stage Id:11
16/11/14 17:29:18 INFO serializeLogger: [CreationPYRE]EndAt:1479169758427,Parent RDD ID:67,Name:UnionRDD,TaskAttempt ID:157,Partition Id:5,Stage Id:11
16/11/14 17:29:18 INFO serializeLogger: [RunnerCompute]StartAt:1479169758427,Parent RDD ID:67,Name:UnionRDD,TaskAttempt ID:157,Partition Id:5,Stage Id:11
16/11/14 17:29:18 INFO serializeLogger: [CreationPYRE]StartAt:1479169758428,Parent RDD ID:64,Name:MapPartitionedRDD,TaskAttempt ID:157,Partition Id:5,Stage Id:11
16/11/14 17:29:18 INFO serializeLogger: [CreationPYRE]EndAt:1479169758428,Parent RDD ID:64,Name:MapPartitionedRDD,TaskAttempt ID:157,Partition Id:5,Stage Id:11
16/11/14 17:29:18 INFO serializeLogger: [RunnerCompute]StartAt:1479169758428,Parent RDD ID:64,Name:MapPartitionedRDD,TaskAttempt ID:157,Partition Id:5,Stage Id:11
16/11/14 17:29:18 INFO serializeLogger: [CreationPYRE]StartAt:1479169758430,Parent RDD ID:67,Name:UnionRDD,TaskAttempt ID:161,Partition Id:13,Stage Id:11
16/11/14 17:29:18 INFO serializeLogger: [CreationPYRE]EndAt:1479169758430,Parent RDD ID:67,Name:UnionRDD,TaskAttempt ID:161,Partition Id:13,Stage Id:11
16/11/14 17:29:18 INFO serializeLogger: [RunnerCompute]StartAt:1479169758430,Parent RDD ID:67,Name:UnionRDD,TaskAttempt ID:161,Partition Id:13,Stage Id:11
16/11/14 17:29:18 INFO serializeLogger: [CreationPYRE]StartAt:1479169758431,Parent RDD ID:64,Name:MapPartitionedRDD,TaskAttempt ID:161,Partition Id:13,Stage Id:11
16/11/14 17:29:18 INFO serializeLogger: [CreationPYRE]EndAt:1479169758431,Parent RDD ID:64,Name:MapPartitionedRDD,TaskAttempt ID:161,Partition Id:13,Stage Id:11
16/11/14 17:29:18 INFO serializeLogger: [RunnerCompute]StartAt:1479169758431,Parent RDD ID:64,Name:MapPartitionedRDD,TaskAttempt ID:161,Partition Id:13,Stage Id:11
16/11/14 17:29:18 INFO serializeLogger: [writerThread]StartAt:1479169758487,Parent RDD ID:64,Name:MapPartitionedRDD,TaskAttempt ID:157,Partition Id:5,Stage Id:11
16/11/14 17:29:18 INFO serializeLogger: [writerThread]StartAt:1479169758487,Parent RDD ID:64,Name:MapPartitionedRDD,TaskAttempt ID:161,Partition Id:13,Stage Id:11
16/11/14 17:29:28 INFO serializeLogger: [RunnerCompute]EndAt:1479169768738,Parent RDD ID:64,Name:MapPartitionedRDD,TaskAttempt ID:157,Partition Id:5,Stage Id:11
16/11/14 17:29:28 INFO serializeLogger: [writerThread]StartAt:1479169768740,Parent RDD ID:67,Name:UnionRDD,TaskAttempt ID:157,Partition Id:5,Stage Id:11
16/11/14 17:29:33 INFO serializeLogger: [RunnerCompute]EndAt:1479169773528,Parent RDD ID:64,Name:MapPartitionedRDD,TaskAttempt ID:161,Partition Id:13,Stage Id:11
16/11/14 17:29:33 INFO serializeLogger: [writerThread]StartAt:1479169773530,Parent RDD ID:67,Name:UnionRDD,TaskAttempt ID:161,Partition Id:13,Stage Id:11
16/11/14 17:29:33 INFO serializeLogger: [RunnerCompute]EndAt:1479169773552,Parent RDD ID:67,Name:UnionRDD,TaskAttempt ID:161,Partition Id:13,Stage Id:11
16/11/14 17:29:33 INFO serializeLogger: [writerThread]EndAt:1479169773629,Parent RDD ID:67,Name:UnionRDD,TaskAttempt ID:161,Partition Id:13,Stage Id:11
16/11/14 17:29:33 INFO serializeLogger: [writerThread]EndAt:1479169773629,Parent RDD ID:64,Name:MapPartitionedRDD,TaskAttempt ID:161,Partition Id:13,Stage Id:11
16/11/14 17:29:47 INFO serializeLogger: [RunnerCompute]EndAt:1479169787768,Parent RDD ID:67,Name:UnionRDD,TaskAttempt ID:157,Partition Id:5,Stage Id:11
16/11/14 17:29:48 INFO serializeLogger: [writerThread]EndAt:1479169788994,Parent RDD ID:67,Name:UnionRDD,TaskAttempt ID:157,Partition Id:5,Stage Id:11
16/11/14 17:29:48 INFO serializeLogger: [writerThread]EndAt:1479169788994,Parent RDD ID:64,Name:MapPartitionedRDD,TaskAttempt ID:157,Partition Id:5,Stage Id:11
16/11/14 17:30:50 INFO serializeLogger: [CreationPYRE]StartAt:1479169850800,Parent RDD ID:74,Name:UnionRDD,TaskAttempt ID:173,Partition Id:5,Stage Id:12
16/11/14 17:30:50 INFO serializeLogger: [CreationPYRE]EndAt:1479169850800,Parent RDD ID:74,Name:UnionRDD,TaskAttempt ID:173,Partition Id:5,Stage Id:12
16/11/14 17:30:50 INFO serializeLogger: [RunnerCompute]StartAt:1479169850800,Parent RDD ID:74,Name:UnionRDD,TaskAttempt ID:173,Partition Id:5,Stage Id:12
16/11/14 17:30:50 INFO serializeLogger: [CreationPYRE]StartAt:1479169850801,Parent RDD ID:71,Name:MapPartitionedRDD,TaskAttempt ID:173,Partition Id:5,Stage Id:12
16/11/14 17:30:50 INFO serializeLogger: [CreationPYRE]EndAt:1479169850801,Parent RDD ID:71,Name:MapPartitionedRDD,TaskAttempt ID:173,Partition Id:5,Stage Id:12
16/11/14 17:30:50 INFO serializeLogger: [RunnerCompute]StartAt:1479169850801,Parent RDD ID:71,Name:MapPartitionedRDD,TaskAttempt ID:173,Partition Id:5,Stage Id:12
16/11/14 17:30:50 INFO serializeLogger: [CreationPYRE]StartAt:1479169850804,Parent RDD ID:74,Name:UnionRDD,TaskAttempt ID:177,Partition Id:13,Stage Id:12
16/11/14 17:30:50 INFO serializeLogger: [CreationPYRE]EndAt:1479169850804,Parent RDD ID:74,Name:UnionRDD,TaskAttempt ID:177,Partition Id:13,Stage Id:12
16/11/14 17:30:50 INFO serializeLogger: [RunnerCompute]StartAt:1479169850805,Parent RDD ID:74,Name:UnionRDD,TaskAttempt ID:177,Partition Id:13,Stage Id:12
16/11/14 17:30:50 INFO serializeLogger: [CreationPYRE]StartAt:1479169850806,Parent RDD ID:71,Name:MapPartitionedRDD,TaskAttempt ID:177,Partition Id:13,Stage Id:12
16/11/14 17:30:50 INFO serializeLogger: [CreationPYRE]EndAt:1479169850806,Parent RDD ID:71,Name:MapPartitionedRDD,TaskAttempt ID:177,Partition Id:13,Stage Id:12
16/11/14 17:30:50 INFO serializeLogger: [RunnerCompute]StartAt:1479169850806,Parent RDD ID:71,Name:MapPartitionedRDD,TaskAttempt ID:177,Partition Id:13,Stage Id:12
16/11/14 17:30:50 INFO serializeLogger: [writerThread]StartAt:1479169850832,Parent RDD ID:71,Name:MapPartitionedRDD,TaskAttempt ID:177,Partition Id:13,Stage Id:12
16/11/14 17:30:50 INFO serializeLogger: [writerThread]StartAt:1479169850869,Parent RDD ID:71,Name:MapPartitionedRDD,TaskAttempt ID:173,Partition Id:5,Stage Id:12
16/11/14 17:31:04 INFO serializeLogger: [RunnerCompute]EndAt:1479169864401,Parent RDD ID:71,Name:MapPartitionedRDD,TaskAttempt ID:177,Partition Id:13,Stage Id:12
16/11/14 17:31:04 INFO serializeLogger: [writerThread]StartAt:1479169864416,Parent RDD ID:74,Name:UnionRDD,TaskAttempt ID:177,Partition Id:13,Stage Id:12
16/11/14 17:31:04 INFO serializeLogger: [RunnerCompute]EndAt:1479169864449,Parent RDD ID:74,Name:UnionRDD,TaskAttempt ID:177,Partition Id:13,Stage Id:12
16/11/14 17:31:04 INFO serializeLogger: [writerThread]EndAt:1479169864518,Parent RDD ID:74,Name:UnionRDD,TaskAttempt ID:177,Partition Id:13,Stage Id:12
16/11/14 17:31:04 INFO serializeLogger: [writerThread]EndAt:1479169864518,Parent RDD ID:71,Name:MapPartitionedRDD,TaskAttempt ID:177,Partition Id:13,Stage Id:12
16/11/14 17:31:10 INFO serializeLogger: [RunnerCompute]EndAt:1479169870275,Parent RDD ID:71,Name:MapPartitionedRDD,TaskAttempt ID:173,Partition Id:5,Stage Id:12
16/11/14 17:31:10 INFO serializeLogger: [writerThread]StartAt:1479169870277,Parent RDD ID:74,Name:UnionRDD,TaskAttempt ID:173,Partition Id:5,Stage Id:12
16/11/14 17:31:28 INFO serializeLogger: [RunnerCompute]EndAt:1479169888051,Parent RDD ID:74,Name:UnionRDD,TaskAttempt ID:173,Partition Id:5,Stage Id:12
16/11/14 17:31:29 INFO serializeLogger: [writerThread]EndAt:1479169889350,Parent RDD ID:74,Name:UnionRDD,TaskAttempt ID:173,Partition Id:5,Stage Id:12
16/11/14 17:31:29 INFO serializeLogger: [writerThread]EndAt:1479169889350,Parent RDD ID:71,Name:MapPartitionedRDD,TaskAttempt ID:173,Partition Id:5,Stage Id:12
16/11/14 17:32:22 INFO serializeLogger: [CreationPYRE]StartAt:1479169942999,Parent RDD ID:78,Name:MapPartitionedRDD,TaskAttempt ID:189,Partition Id:5,Stage Id:13
16/11/14 17:32:22 INFO serializeLogger: [CreationPYRE]EndAt:1479169942999,Parent RDD ID:78,Name:MapPartitionedRDD,TaskAttempt ID:189,Partition Id:5,Stage Id:13
16/11/14 17:32:22 INFO serializeLogger: [RunnerCompute]StartAt:1479169942999,Parent RDD ID:78,Name:MapPartitionedRDD,TaskAttempt ID:189,Partition Id:5,Stage Id:13
16/11/14 17:32:23 INFO serializeLogger: [writerThread]StartAt:1479169943035,Parent RDD ID:78,Name:MapPartitionedRDD,TaskAttempt ID:189,Partition Id:5,Stage Id:13
16/11/14 17:32:25 INFO serializeLogger: [RunnerCompute]EndAt:1479169945929,Parent RDD ID:78,Name:MapPartitionedRDD,TaskAttempt ID:189,Partition Id:5,Stage Id:13
16/11/14 17:32:25 INFO serializeLogger: [writerThread]EndAt:1479169945932,Parent RDD ID:78,Name:MapPartitionedRDD,TaskAttempt ID:189,Partition Id:5,Stage Id:13
16/11/14 17:32:38 INFO serializeLogger: [CreationPYRE]StartAt:1479169958380,Parent RDD ID:82,Name:UnionRDD,TaskAttempt ID:198,Partition Id:5,Stage Id:24
16/11/14 17:32:38 INFO serializeLogger: [CreationPYRE]EndAt:1479169958381,Parent RDD ID:82,Name:UnionRDD,TaskAttempt ID:198,Partition Id:5,Stage Id:24
16/11/14 17:32:38 INFO serializeLogger: [RunnerCompute]StartAt:1479169958381,Parent RDD ID:82,Name:UnionRDD,TaskAttempt ID:198,Partition Id:5,Stage Id:24
16/11/14 17:32:38 INFO serializeLogger: [CreationPYRE]StartAt:1479169958381,Parent RDD ID:71,Name:MapPartitionedRDD,TaskAttempt ID:198,Partition Id:5,Stage Id:24
16/11/14 17:32:38 INFO serializeLogger: [CreationPYRE]EndAt:1479169958381,Parent RDD ID:71,Name:MapPartitionedRDD,TaskAttempt ID:198,Partition Id:5,Stage Id:24
16/11/14 17:32:38 INFO serializeLogger: [RunnerCompute]StartAt:1479169958381,Parent RDD ID:71,Name:MapPartitionedRDD,TaskAttempt ID:198,Partition Id:5,Stage Id:24
16/11/14 17:32:38 INFO serializeLogger: [CreationPYRE]StartAt:1479169958387,Parent RDD ID:82,Name:UnionRDD,TaskAttempt ID:202,Partition Id:13,Stage Id:24
16/11/14 17:32:38 INFO serializeLogger: [CreationPYRE]EndAt:1479169958387,Parent RDD ID:82,Name:UnionRDD,TaskAttempt ID:202,Partition Id:13,Stage Id:24
16/11/14 17:32:38 INFO serializeLogger: [RunnerCompute]StartAt:1479169958388,Parent RDD ID:82,Name:UnionRDD,TaskAttempt ID:202,Partition Id:13,Stage Id:24
16/11/14 17:32:38 INFO serializeLogger: [CreationPYRE]StartAt:1479169958389,Parent RDD ID:71,Name:MapPartitionedRDD,TaskAttempt ID:202,Partition Id:13,Stage Id:24
16/11/14 17:32:38 INFO serializeLogger: [CreationPYRE]EndAt:1479169958389,Parent RDD ID:71,Name:MapPartitionedRDD,TaskAttempt ID:202,Partition Id:13,Stage Id:24
16/11/14 17:32:38 INFO serializeLogger: [RunnerCompute]StartAt:1479169958389,Parent RDD ID:71,Name:MapPartitionedRDD,TaskAttempt ID:202,Partition Id:13,Stage Id:24
16/11/14 17:32:38 INFO serializeLogger: [writerThread]StartAt:1479169958406,Parent RDD ID:71,Name:MapPartitionedRDD,TaskAttempt ID:198,Partition Id:5,Stage Id:24
16/11/14 17:32:38 INFO serializeLogger: [writerThread]StartAt:1479169958409,Parent RDD ID:71,Name:MapPartitionedRDD,TaskAttempt ID:202,Partition Id:13,Stage Id:24
16/11/14 17:32:51 INFO serializeLogger: [RunnerCompute]EndAt:1479169971809,Parent RDD ID:71,Name:MapPartitionedRDD,TaskAttempt ID:202,Partition Id:13,Stage Id:24
16/11/14 17:32:51 INFO serializeLogger: [writerThread]StartAt:1479169971811,Parent RDD ID:82,Name:UnionRDD,TaskAttempt ID:202,Partition Id:13,Stage Id:24
16/11/14 17:32:51 INFO serializeLogger: [RunnerCompute]EndAt:1479169971828,Parent RDD ID:82,Name:UnionRDD,TaskAttempt ID:202,Partition Id:13,Stage Id:24
16/11/14 17:32:51 INFO serializeLogger: [writerThread]EndAt:1479169971897,Parent RDD ID:82,Name:UnionRDD,TaskAttempt ID:202,Partition Id:13,Stage Id:24
16/11/14 17:32:51 INFO serializeLogger: [writerThread]EndAt:1479169971897,Parent RDD ID:71,Name:MapPartitionedRDD,TaskAttempt ID:202,Partition Id:13,Stage Id:24
16/11/14 17:32:57 INFO serializeLogger: [RunnerCompute]EndAt:1479169977495,Parent RDD ID:71,Name:MapPartitionedRDD,TaskAttempt ID:198,Partition Id:5,Stage Id:24
16/11/14 17:32:57 INFO serializeLogger: [writerThread]StartAt:1479169977497,Parent RDD ID:82,Name:UnionRDD,TaskAttempt ID:198,Partition Id:5,Stage Id:24
16/11/14 17:33:16 INFO serializeLogger: [RunnerCompute]EndAt:1479169996141,Parent RDD ID:82,Name:UnionRDD,TaskAttempt ID:198,Partition Id:5,Stage Id:24
16/11/14 17:33:17 INFO serializeLogger: [writerThread]EndAt:1479169997384,Parent RDD ID:82,Name:UnionRDD,TaskAttempt ID:198,Partition Id:5,Stage Id:24
16/11/14 17:33:17 INFO serializeLogger: [writerThread]EndAt:1479169997384,Parent RDD ID:71,Name:MapPartitionedRDD,TaskAttempt ID:198,Partition Id:5,Stage Id:24
16/11/14 17:33:58 INFO serializeLogger: [CreationPYRE]StartAt:1479170038211,Parent RDD ID:86,Name:MapPartitionedRDD,TaskAttempt ID:212,Partition Id:5,Stage Id:25
16/11/14 17:33:58 INFO serializeLogger: [CreationPYRE]EndAt:1479170038211,Parent RDD ID:86,Name:MapPartitionedRDD,TaskAttempt ID:212,Partition Id:5,Stage Id:25
16/11/14 17:33:58 INFO serializeLogger: [RunnerCompute]StartAt:1479170038212,Parent RDD ID:86,Name:MapPartitionedRDD,TaskAttempt ID:212,Partition Id:5,Stage Id:25
16/11/14 17:33:58 INFO serializeLogger: [writerThread]StartAt:1479170038246,Parent RDD ID:86,Name:MapPartitionedRDD,TaskAttempt ID:212,Partition Id:5,Stage Id:25
16/11/14 17:34:10 INFO serializeLogger: [RunnerCompute]EndAt:1479170050750,Parent RDD ID:86,Name:MapPartitionedRDD,TaskAttempt ID:212,Partition Id:5,Stage Id:25
16/11/14 17:34:10 INFO serializeLogger: [writerThread]EndAt:1479170050753,Parent RDD ID:86,Name:MapPartitionedRDD,TaskAttempt ID:212,Partition Id:5,Stage Id:25
16/11/14 17:34:23 INFO serializeLogger: [CreationPYRE]StartAt:1479170063007,Parent RDD ID:90,Name:UnionRDD,TaskAttempt ID:220,Partition Id:5,Stage Id:36
16/11/14 17:34:23 INFO serializeLogger: [CreationPYRE]EndAt:1479170063007,Parent RDD ID:90,Name:UnionRDD,TaskAttempt ID:220,Partition Id:5,Stage Id:36
16/11/14 17:34:23 INFO serializeLogger: [RunnerCompute]StartAt:1479170063008,Parent RDD ID:90,Name:UnionRDD,TaskAttempt ID:220,Partition Id:5,Stage Id:36
16/11/14 17:34:23 INFO serializeLogger: [CreationPYRE]StartAt:1479170063009,Parent RDD ID:71,Name:MapPartitionedRDD,TaskAttempt ID:220,Partition Id:5,Stage Id:36
16/11/14 17:34:23 INFO serializeLogger: [CreationPYRE]EndAt:1479170063009,Parent RDD ID:71,Name:MapPartitionedRDD,TaskAttempt ID:220,Partition Id:5,Stage Id:36
16/11/14 17:34:23 INFO serializeLogger: [RunnerCompute]StartAt:1479170063009,Parent RDD ID:71,Name:MapPartitionedRDD,TaskAttempt ID:220,Partition Id:5,Stage Id:36
16/11/14 17:34:23 INFO serializeLogger: [CreationPYRE]StartAt:1479170063009,Parent RDD ID:90,Name:UnionRDD,TaskAttempt ID:224,Partition Id:13,Stage Id:36
16/11/14 17:34:23 INFO serializeLogger: [CreationPYRE]EndAt:1479170063009,Parent RDD ID:90,Name:UnionRDD,TaskAttempt ID:224,Partition Id:13,Stage Id:36
16/11/14 17:34:23 INFO serializeLogger: [RunnerCompute]StartAt:1479170063010,Parent RDD ID:90,Name:UnionRDD,TaskAttempt ID:224,Partition Id:13,Stage Id:36
16/11/14 17:34:23 INFO serializeLogger: [CreationPYRE]StartAt:1479170063010,Parent RDD ID:71,Name:MapPartitionedRDD,TaskAttempt ID:224,Partition Id:13,Stage Id:36
16/11/14 17:34:23 INFO serializeLogger: [CreationPYRE]EndAt:1479170063011,Parent RDD ID:71,Name:MapPartitionedRDD,TaskAttempt ID:224,Partition Id:13,Stage Id:36
16/11/14 17:34:23 INFO serializeLogger: [RunnerCompute]StartAt:1479170063011,Parent RDD ID:71,Name:MapPartitionedRDD,TaskAttempt ID:224,Partition Id:13,Stage Id:36
16/11/14 17:34:23 INFO serializeLogger: [writerThread]StartAt:1479170063029,Parent RDD ID:71,Name:MapPartitionedRDD,TaskAttempt ID:220,Partition Id:5,Stage Id:36
16/11/14 17:34:23 INFO serializeLogger: [writerThread]StartAt:1479170063079,Parent RDD ID:71,Name:MapPartitionedRDD,TaskAttempt ID:224,Partition Id:13,Stage Id:36
16/11/14 17:34:36 INFO serializeLogger: [RunnerCompute]EndAt:1479170076444,Parent RDD ID:71,Name:MapPartitionedRDD,TaskAttempt ID:224,Partition Id:13,Stage Id:36
16/11/14 17:34:36 INFO serializeLogger: [writerThread]StartAt:1479170076446,Parent RDD ID:90,Name:UnionRDD,TaskAttempt ID:224,Partition Id:13,Stage Id:36
16/11/14 17:34:36 INFO serializeLogger: [RunnerCompute]EndAt:1479170076464,Parent RDD ID:90,Name:UnionRDD,TaskAttempt ID:224,Partition Id:13,Stage Id:36
16/11/14 17:34:36 INFO serializeLogger: [writerThread]EndAt:1479170076537,Parent RDD ID:90,Name:UnionRDD,TaskAttempt ID:224,Partition Id:13,Stage Id:36
16/11/14 17:34:36 INFO serializeLogger: [writerThread]EndAt:1479170076537,Parent RDD ID:71,Name:MapPartitionedRDD,TaskAttempt ID:224,Partition Id:13,Stage Id:36
16/11/14 17:34:43 INFO serializeLogger: [RunnerCompute]EndAt:1479170083652,Parent RDD ID:71,Name:MapPartitionedRDD,TaskAttempt ID:220,Partition Id:5,Stage Id:36
16/11/14 17:34:43 INFO serializeLogger: [writerThread]StartAt:1479170083654,Parent RDD ID:90,Name:UnionRDD,TaskAttempt ID:220,Partition Id:5,Stage Id:36
16/11/14 17:35:02 INFO serializeLogger: [RunnerCompute]EndAt:1479170102725,Parent RDD ID:90,Name:UnionRDD,TaskAttempt ID:220,Partition Id:5,Stage Id:36
16/11/14 17:35:03 INFO serializeLogger: [writerThread]EndAt:1479170103941,Parent RDD ID:90,Name:UnionRDD,TaskAttempt ID:220,Partition Id:5,Stage Id:36
16/11/14 17:35:03 INFO serializeLogger: [writerThread]EndAt:1479170103941,Parent RDD ID:71,Name:MapPartitionedRDD,TaskAttempt ID:220,Partition Id:5,Stage Id:36
16/11/14 17:35:59 INFO serializeLogger: [CreationPYRE]StartAt:1479170159319,Parent RDD ID:94,Name:MapPartitionedRDD,TaskAttempt ID:236,Partition Id:5,Stage Id:37
16/11/14 17:35:59 INFO serializeLogger: [CreationPYRE]EndAt:1479170159319,Parent RDD ID:94,Name:MapPartitionedRDD,TaskAttempt ID:236,Partition Id:5,Stage Id:37
16/11/14 17:35:59 INFO serializeLogger: [RunnerCompute]StartAt:1479170159319,Parent RDD ID:94,Name:MapPartitionedRDD,TaskAttempt ID:236,Partition Id:5,Stage Id:37
16/11/14 17:35:59 INFO serializeLogger: [writerThread]StartAt:1479170159349,Parent RDD ID:94,Name:MapPartitionedRDD,TaskAttempt ID:236,Partition Id:5,Stage Id:37
16/11/14 17:36:02 INFO serializeLogger: [RunnerCompute]EndAt:1479170162008,Parent RDD ID:94,Name:MapPartitionedRDD,TaskAttempt ID:236,Partition Id:5,Stage Id:37
16/11/14 17:36:02 INFO serializeLogger: [writerThread]EndAt:1479170162011,Parent RDD ID:94,Name:MapPartitionedRDD,TaskAttempt ID:236,Partition Id:5,Stage Id:37
16/11/14 17:36:22 INFO serializeLogger: [CreationPYRE]StartAt:1479170182260,Parent RDD ID:98,Name:UnionRDD,TaskAttempt ID:246,Partition Id:5,Stage Id:48
16/11/14 17:36:22 INFO serializeLogger: [CreationPYRE]StartAt:1479170182260,Parent RDD ID:98,Name:UnionRDD,TaskAttempt ID:250,Partition Id:13,Stage Id:48
16/11/14 17:36:22 INFO serializeLogger: [CreationPYRE]EndAt:1479170182260,Parent RDD ID:98,Name:UnionRDD,TaskAttempt ID:246,Partition Id:5,Stage Id:48
16/11/14 17:36:22 INFO serializeLogger: [CreationPYRE]EndAt:1479170182260,Parent RDD ID:98,Name:UnionRDD,TaskAttempt ID:250,Partition Id:13,Stage Id:48
16/11/14 17:36:22 INFO serializeLogger: [RunnerCompute]StartAt:1479170182260,Parent RDD ID:98,Name:UnionRDD,TaskAttempt ID:246,Partition Id:5,Stage Id:48
16/11/14 17:36:22 INFO serializeLogger: [RunnerCompute]StartAt:1479170182260,Parent RDD ID:98,Name:UnionRDD,TaskAttempt ID:250,Partition Id:13,Stage Id:48
16/11/14 17:36:22 INFO serializeLogger: [CreationPYRE]StartAt:1479170182262,Parent RDD ID:71,Name:MapPartitionedRDD,TaskAttempt ID:246,Partition Id:5,Stage Id:48
16/11/14 17:36:22 INFO serializeLogger: [CreationPYRE]StartAt:1479170182262,Parent RDD ID:71,Name:MapPartitionedRDD,TaskAttempt ID:250,Partition Id:13,Stage Id:48
16/11/14 17:36:22 INFO serializeLogger: [CreationPYRE]EndAt:1479170182262,Parent RDD ID:71,Name:MapPartitionedRDD,TaskAttempt ID:246,Partition Id:5,Stage Id:48
16/11/14 17:36:22 INFO serializeLogger: [CreationPYRE]EndAt:1479170182262,Parent RDD ID:71,Name:MapPartitionedRDD,TaskAttempt ID:250,Partition Id:13,Stage Id:48
16/11/14 17:36:22 INFO serializeLogger: [RunnerCompute]StartAt:1479170182262,Parent RDD ID:71,Name:MapPartitionedRDD,TaskAttempt ID:246,Partition Id:5,Stage Id:48
16/11/14 17:36:22 INFO serializeLogger: [RunnerCompute]StartAt:1479170182263,Parent RDD ID:71,Name:MapPartitionedRDD,TaskAttempt ID:250,Partition Id:13,Stage Id:48
16/11/14 17:36:22 INFO serializeLogger: [writerThread]StartAt:1479170182285,Parent RDD ID:71,Name:MapPartitionedRDD,TaskAttempt ID:246,Partition Id:5,Stage Id:48
16/11/14 17:36:22 INFO serializeLogger: [writerThread]StartAt:1479170182292,Parent RDD ID:71,Name:MapPartitionedRDD,TaskAttempt ID:250,Partition Id:13,Stage Id:48
16/11/14 17:36:38 INFO serializeLogger: [RunnerCompute]EndAt:1479170198110,Parent RDD ID:71,Name:MapPartitionedRDD,TaskAttempt ID:250,Partition Id:13,Stage Id:48
16/11/14 17:36:38 INFO serializeLogger: [writerThread]StartAt:1479170198112,Parent RDD ID:98,Name:UnionRDD,TaskAttempt ID:250,Partition Id:13,Stage Id:48
16/11/14 17:36:38 INFO serializeLogger: [RunnerCompute]EndAt:1479170198126,Parent RDD ID:98,Name:UnionRDD,TaskAttempt ID:250,Partition Id:13,Stage Id:48
16/11/14 17:36:38 INFO serializeLogger: [writerThread]EndAt:1479170198198,Parent RDD ID:98,Name:UnionRDD,TaskAttempt ID:250,Partition Id:13,Stage Id:48
16/11/14 17:36:38 INFO serializeLogger: [writerThread]EndAt:1479170198198,Parent RDD ID:71,Name:MapPartitionedRDD,TaskAttempt ID:250,Partition Id:13,Stage Id:48
16/11/14 17:36:41 INFO serializeLogger: [RunnerCompute]EndAt:1479170201454,Parent RDD ID:71,Name:MapPartitionedRDD,TaskAttempt ID:246,Partition Id:5,Stage Id:48
16/11/14 17:36:41 INFO serializeLogger: [writerThread]StartAt:1479170201456,Parent RDD ID:98,Name:UnionRDD,TaskAttempt ID:246,Partition Id:5,Stage Id:48
16/11/14 17:36:59 INFO serializeLogger: [RunnerCompute]EndAt:1479170219305,Parent RDD ID:98,Name:UnionRDD,TaskAttempt ID:246,Partition Id:5,Stage Id:48
16/11/14 17:37:00 INFO serializeLogger: [writerThread]EndAt:1479170220494,Parent RDD ID:98,Name:UnionRDD,TaskAttempt ID:246,Partition Id:5,Stage Id:48
16/11/14 17:37:00 INFO serializeLogger: [writerThread]EndAt:1479170220494,Parent RDD ID:71,Name:MapPartitionedRDD,TaskAttempt ID:246,Partition Id:5,Stage Id:48
16/11/14 17:37:54 INFO serializeLogger: [CreationPYRE]StartAt:1479170274229,Parent RDD ID:102,Name:MapPartitionedRDD,TaskAttempt ID:262,Partition Id:5,Stage Id:49
16/11/14 17:37:54 INFO serializeLogger: [CreationPYRE]EndAt:1479170274230,Parent RDD ID:102,Name:MapPartitionedRDD,TaskAttempt ID:262,Partition Id:5,Stage Id:49
16/11/14 17:37:54 INFO serializeLogger: [RunnerCompute]StartAt:1479170274230,Parent RDD ID:102,Name:MapPartitionedRDD,TaskAttempt ID:262,Partition Id:5,Stage Id:49
16/11/14 17:37:54 INFO serializeLogger: [writerThread]StartAt:1479170274258,Parent RDD ID:102,Name:MapPartitionedRDD,TaskAttempt ID:262,Partition Id:5,Stage Id:49
16/11/14 17:38:07 INFO serializeLogger: [RunnerCompute]EndAt:1479170287757,Parent RDD ID:102,Name:MapPartitionedRDD,TaskAttempt ID:262,Partition Id:5,Stage Id:49
16/11/14 17:38:07 INFO serializeLogger: [writerThread]EndAt:1479170287759,Parent RDD ID:102,Name:MapPartitionedRDD,TaskAttempt ID:262,Partition Id:5,Stage Id:49
16/11/14 17:38:08 INFO serializeLogger: [CreationPYRE]StartAt:1479170288676,Parent RDD ID:106,Name:UnionRDD,TaskAttempt ID:269,Partition Id:5,Stage Id:60
16/11/14 17:38:08 INFO serializeLogger: [CreationPYRE]EndAt:1479170288676,Parent RDD ID:106,Name:UnionRDD,TaskAttempt ID:269,Partition Id:5,Stage Id:60
16/11/14 17:38:08 INFO serializeLogger: [RunnerCompute]StartAt:1479170288677,Parent RDD ID:106,Name:UnionRDD,TaskAttempt ID:269,Partition Id:5,Stage Id:60
16/11/14 17:38:08 INFO serializeLogger: [CreationPYRE]StartAt:1479170288677,Parent RDD ID:71,Name:MapPartitionedRDD,TaskAttempt ID:269,Partition Id:5,Stage Id:60
16/11/14 17:38:08 INFO serializeLogger: [CreationPYRE]EndAt:1479170288677,Parent RDD ID:71,Name:MapPartitionedRDD,TaskAttempt ID:269,Partition Id:5,Stage Id:60
16/11/14 17:38:08 INFO serializeLogger: [RunnerCompute]StartAt:1479170288677,Parent RDD ID:71,Name:MapPartitionedRDD,TaskAttempt ID:269,Partition Id:5,Stage Id:60
16/11/14 17:38:08 INFO serializeLogger: [CreationPYRE]StartAt:1479170288681,Parent RDD ID:106,Name:UnionRDD,TaskAttempt ID:273,Partition Id:13,Stage Id:60
16/11/14 17:38:08 INFO serializeLogger: [CreationPYRE]EndAt:1479170288682,Parent RDD ID:106,Name:UnionRDD,TaskAttempt ID:273,Partition Id:13,Stage Id:60
16/11/14 17:38:08 INFO serializeLogger: [RunnerCompute]StartAt:1479170288682,Parent RDD ID:106,Name:UnionRDD,TaskAttempt ID:273,Partition Id:13,Stage Id:60
16/11/14 17:38:08 INFO serializeLogger: [CreationPYRE]StartAt:1479170288683,Parent RDD ID:71,Name:MapPartitionedRDD,TaskAttempt ID:273,Partition Id:13,Stage Id:60
16/11/14 17:38:08 INFO serializeLogger: [CreationPYRE]EndAt:1479170288683,Parent RDD ID:71,Name:MapPartitionedRDD,TaskAttempt ID:273,Partition Id:13,Stage Id:60
16/11/14 17:38:08 INFO serializeLogger: [RunnerCompute]StartAt:1479170288683,Parent RDD ID:71,Name:MapPartitionedRDD,TaskAttempt ID:273,Partition Id:13,Stage Id:60
16/11/14 17:38:08 INFO serializeLogger: [writerThread]StartAt:1479170288695,Parent RDD ID:71,Name:MapPartitionedRDD,TaskAttempt ID:269,Partition Id:5,Stage Id:60
16/11/14 17:38:08 INFO serializeLogger: [writerThread]StartAt:1479170288725,Parent RDD ID:71,Name:MapPartitionedRDD,TaskAttempt ID:273,Partition Id:13,Stage Id:60
16/11/14 17:38:13 INFO serializeLogger: [RunnerCompute]EndAt:1479170293076,Parent RDD ID:71,Name:MapPartitionedRDD,TaskAttempt ID:273,Partition Id:13,Stage Id:60
16/11/14 17:38:13 INFO serializeLogger: [writerThread]StartAt:1479170293093,Parent RDD ID:106,Name:UnionRDD,TaskAttempt ID:273,Partition Id:13,Stage Id:60
16/11/14 17:38:13 INFO serializeLogger: [RunnerCompute]EndAt:1479170293135,Parent RDD ID:106,Name:UnionRDD,TaskAttempt ID:273,Partition Id:13,Stage Id:60
16/11/14 17:38:13 INFO serializeLogger: [writerThread]EndAt:1479170293192,Parent RDD ID:106,Name:UnionRDD,TaskAttempt ID:273,Partition Id:13,Stage Id:60
16/11/14 17:38:13 INFO serializeLogger: [writerThread]EndAt:1479170293193,Parent RDD ID:71,Name:MapPartitionedRDD,TaskAttempt ID:273,Partition Id:13,Stage Id:60
16/11/14 17:38:28 INFO serializeLogger: [RunnerCompute]EndAt:1479170308672,Parent RDD ID:71,Name:MapPartitionedRDD,TaskAttempt ID:269,Partition Id:5,Stage Id:60
16/11/14 17:38:28 INFO serializeLogger: [writerThread]StartAt:1479170308674,Parent RDD ID:106,Name:UnionRDD,TaskAttempt ID:269,Partition Id:5,Stage Id:60
16/11/14 17:38:46 INFO serializeLogger: [RunnerCompute]EndAt:1479170326932,Parent RDD ID:106,Name:UnionRDD,TaskAttempt ID:269,Partition Id:5,Stage Id:60
16/11/14 17:38:48 INFO serializeLogger: [writerThread]EndAt:1479170328143,Parent RDD ID:106,Name:UnionRDD,TaskAttempt ID:269,Partition Id:5,Stage Id:60
16/11/14 17:38:48 INFO serializeLogger: [writerThread]EndAt:1479170328143,Parent RDD ID:71,Name:MapPartitionedRDD,TaskAttempt ID:269,Partition Id:5,Stage Id:60
16/11/14 17:39:40 INFO serializeLogger: [CreationPYRE]StartAt:1479170380949,Parent RDD ID:110,Name:MapPartitionedRDD,TaskAttempt ID:286,Partition Id:5,Stage Id:61
16/11/14 17:39:40 INFO serializeLogger: [CreationPYRE]EndAt:1479170380949,Parent RDD ID:110,Name:MapPartitionedRDD,TaskAttempt ID:286,Partition Id:5,Stage Id:61
16/11/14 17:39:40 INFO serializeLogger: [RunnerCompute]StartAt:1479170380949,Parent RDD ID:110,Name:MapPartitionedRDD,TaskAttempt ID:286,Partition Id:5,Stage Id:61
16/11/14 17:39:40 INFO serializeLogger: [writerThread]StartAt:1479170380969,Parent RDD ID:110,Name:MapPartitionedRDD,TaskAttempt ID:286,Partition Id:5,Stage Id:61
16/11/14 17:39:43 INFO serializeLogger: [RunnerCompute]EndAt:1479170383958,Parent RDD ID:110,Name:MapPartitionedRDD,TaskAttempt ID:286,Partition Id:5,Stage Id:61
16/11/14 17:39:43 INFO serializeLogger: [writerThread]EndAt:1479170383961,Parent RDD ID:110,Name:MapPartitionedRDD,TaskAttempt ID:286,Partition Id:5,Stage Id:61
16/11/14 17:40:04 INFO serializeLogger: [CreationPYRE]StartAt:1479170404240,Parent RDD ID:114,Name:UnionRDD,TaskAttempt ID:292,Partition Id:5,Stage Id:72
16/11/14 17:40:04 INFO serializeLogger: [CreationPYRE]EndAt:1479170404241,Parent RDD ID:114,Name:UnionRDD,TaskAttempt ID:292,Partition Id:5,Stage Id:72
16/11/14 17:40:04 INFO serializeLogger: [RunnerCompute]StartAt:1479170404241,Parent RDD ID:114,Name:UnionRDD,TaskAttempt ID:292,Partition Id:5,Stage Id:72
16/11/14 17:40:04 INFO serializeLogger: [CreationPYRE]StartAt:1479170404241,Parent RDD ID:71,Name:MapPartitionedRDD,TaskAttempt ID:292,Partition Id:5,Stage Id:72
16/11/14 17:40:04 INFO serializeLogger: [CreationPYRE]EndAt:1479170404242,Parent RDD ID:71,Name:MapPartitionedRDD,TaskAttempt ID:292,Partition Id:5,Stage Id:72
16/11/14 17:40:04 INFO serializeLogger: [RunnerCompute]StartAt:1479170404242,Parent RDD ID:71,Name:MapPartitionedRDD,TaskAttempt ID:292,Partition Id:5,Stage Id:72
16/11/14 17:40:04 INFO serializeLogger: [CreationPYRE]StartAt:1479170404245,Parent RDD ID:114,Name:UnionRDD,TaskAttempt ID:296,Partition Id:13,Stage Id:72
16/11/14 17:40:04 INFO serializeLogger: [CreationPYRE]EndAt:1479170404245,Parent RDD ID:114,Name:UnionRDD,TaskAttempt ID:296,Partition Id:13,Stage Id:72
16/11/14 17:40:04 INFO serializeLogger: [RunnerCompute]StartAt:1479170404245,Parent RDD ID:114,Name:UnionRDD,TaskAttempt ID:296,Partition Id:13,Stage Id:72
16/11/14 17:40:04 INFO serializeLogger: [CreationPYRE]StartAt:1479170404246,Parent RDD ID:71,Name:MapPartitionedRDD,TaskAttempt ID:296,Partition Id:13,Stage Id:72
16/11/14 17:40:04 INFO serializeLogger: [CreationPYRE]EndAt:1479170404246,Parent RDD ID:71,Name:MapPartitionedRDD,TaskAttempt ID:296,Partition Id:13,Stage Id:72
16/11/14 17:40:04 INFO serializeLogger: [RunnerCompute]StartAt:1479170404247,Parent RDD ID:71,Name:MapPartitionedRDD,TaskAttempt ID:296,Partition Id:13,Stage Id:72
16/11/14 17:40:04 INFO serializeLogger: [writerThread]StartAt:1479170404261,Parent RDD ID:71,Name:MapPartitionedRDD,TaskAttempt ID:292,Partition Id:5,Stage Id:72
16/11/14 17:40:04 INFO serializeLogger: [writerThread]StartAt:1479170404295,Parent RDD ID:71,Name:MapPartitionedRDD,TaskAttempt ID:296,Partition Id:13,Stage Id:72
16/11/14 17:40:17 INFO serializeLogger: [RunnerCompute]EndAt:1479170417743,Parent RDD ID:71,Name:MapPartitionedRDD,TaskAttempt ID:296,Partition Id:13,Stage Id:72
16/11/14 17:40:17 INFO serializeLogger: [writerThread]StartAt:1479170417745,Parent RDD ID:114,Name:UnionRDD,TaskAttempt ID:296,Partition Id:13,Stage Id:72
16/11/14 17:40:17 INFO serializeLogger: [RunnerCompute]EndAt:1479170417761,Parent RDD ID:114,Name:UnionRDD,TaskAttempt ID:296,Partition Id:13,Stage Id:72
16/11/14 17:40:17 INFO serializeLogger: [writerThread]EndAt:1479170417825,Parent RDD ID:114,Name:UnionRDD,TaskAttempt ID:296,Partition Id:13,Stage Id:72
16/11/14 17:40:17 INFO serializeLogger: [writerThread]EndAt:1479170417825,Parent RDD ID:71,Name:MapPartitionedRDD,TaskAttempt ID:296,Partition Id:13,Stage Id:72
16/11/14 17:40:23 INFO serializeLogger: [RunnerCompute]EndAt:1479170423363,Parent RDD ID:71,Name:MapPartitionedRDD,TaskAttempt ID:292,Partition Id:5,Stage Id:72
16/11/14 17:40:23 INFO serializeLogger: [writerThread]StartAt:1479170423366,Parent RDD ID:114,Name:UnionRDD,TaskAttempt ID:292,Partition Id:5,Stage Id:72
16/11/14 17:40:42 INFO serializeLogger: [RunnerCompute]EndAt:1479170442649,Parent RDD ID:114,Name:UnionRDD,TaskAttempt ID:292,Partition Id:5,Stage Id:72
16/11/14 17:40:44 INFO serializeLogger: [writerThread]EndAt:1479170444063,Parent RDD ID:114,Name:UnionRDD,TaskAttempt ID:292,Partition Id:5,Stage Id:72
16/11/14 17:40:44 INFO serializeLogger: [writerThread]EndAt:1479170444064,Parent RDD ID:71,Name:MapPartitionedRDD,TaskAttempt ID:292,Partition Id:5,Stage Id:72
16/11/14 17:41:36 INFO serializeLogger: [CreationPYRE]StartAt:1479170496367,Parent RDD ID:118,Name:MapPartitionedRDD,TaskAttempt ID:310,Partition Id:5,Stage Id:73
16/11/14 17:41:36 INFO serializeLogger: [CreationPYRE]EndAt:1479170496367,Parent RDD ID:118,Name:MapPartitionedRDD,TaskAttempt ID:310,Partition Id:5,Stage Id:73
16/11/14 17:41:36 INFO serializeLogger: [RunnerCompute]StartAt:1479170496367,Parent RDD ID:118,Name:MapPartitionedRDD,TaskAttempt ID:310,Partition Id:5,Stage Id:73
16/11/14 17:41:36 INFO serializeLogger: [writerThread]StartAt:1479170496388,Parent RDD ID:118,Name:MapPartitionedRDD,TaskAttempt ID:310,Partition Id:5,Stage Id:73
16/11/14 17:41:49 INFO serializeLogger: [RunnerCompute]EndAt:1479170509829,Parent RDD ID:118,Name:MapPartitionedRDD,TaskAttempt ID:310,Partition Id:5,Stage Id:73
16/11/14 17:41:49 INFO serializeLogger: [writerThread]EndAt:1479170509831,Parent RDD ID:118,Name:MapPartitionedRDD,TaskAttempt ID:310,Partition Id:5,Stage Id:73
16/11/14 17:42:01 INFO serializeLogger: [CreationPYRE]StartAt:1479170521425,Parent RDD ID:122,Name:UnionRDD,TaskAttempt ID:318,Partition Id:5,Stage Id:84
16/11/14 17:42:01 INFO serializeLogger: [CreationPYRE]EndAt:1479170521425,Parent RDD ID:122,Name:UnionRDD,TaskAttempt ID:318,Partition Id:5,Stage Id:84
16/11/14 17:42:01 INFO serializeLogger: [RunnerCompute]StartAt:1479170521425,Parent RDD ID:122,Name:UnionRDD,TaskAttempt ID:318,Partition Id:5,Stage Id:84
16/11/14 17:42:01 INFO serializeLogger: [CreationPYRE]StartAt:1479170521426,Parent RDD ID:71,Name:MapPartitionedRDD,TaskAttempt ID:318,Partition Id:5,Stage Id:84
16/11/14 17:42:01 INFO serializeLogger: [CreationPYRE]EndAt:1479170521426,Parent RDD ID:71,Name:MapPartitionedRDD,TaskAttempt ID:318,Partition Id:5,Stage Id:84
16/11/14 17:42:01 INFO serializeLogger: [RunnerCompute]StartAt:1479170521426,Parent RDD ID:71,Name:MapPartitionedRDD,TaskAttempt ID:318,Partition Id:5,Stage Id:84
16/11/14 17:42:01 INFO serializeLogger: [CreationPYRE]StartAt:1479170521429,Parent RDD ID:122,Name:UnionRDD,TaskAttempt ID:322,Partition Id:13,Stage Id:84
16/11/14 17:42:01 INFO serializeLogger: [CreationPYRE]EndAt:1479170521429,Parent RDD ID:122,Name:UnionRDD,TaskAttempt ID:322,Partition Id:13,Stage Id:84
16/11/14 17:42:01 INFO serializeLogger: [RunnerCompute]StartAt:1479170521429,Parent RDD ID:122,Name:UnionRDD,TaskAttempt ID:322,Partition Id:13,Stage Id:84
16/11/14 17:42:01 INFO serializeLogger: [CreationPYRE]StartAt:1479170521429,Parent RDD ID:71,Name:MapPartitionedRDD,TaskAttempt ID:322,Partition Id:13,Stage Id:84
16/11/14 17:42:01 INFO serializeLogger: [CreationPYRE]EndAt:1479170521429,Parent RDD ID:71,Name:MapPartitionedRDD,TaskAttempt ID:322,Partition Id:13,Stage Id:84
16/11/14 17:42:01 INFO serializeLogger: [RunnerCompute]StartAt:1479170521430,Parent RDD ID:71,Name:MapPartitionedRDD,TaskAttempt ID:322,Partition Id:13,Stage Id:84
16/11/14 17:42:01 INFO serializeLogger: [writerThread]StartAt:1479170521447,Parent RDD ID:71,Name:MapPartitionedRDD,TaskAttempt ID:318,Partition Id:5,Stage Id:84
16/11/14 17:42:01 INFO serializeLogger: [writerThread]StartAt:1479170521448,Parent RDD ID:71,Name:MapPartitionedRDD,TaskAttempt ID:322,Partition Id:13,Stage Id:84
16/11/14 17:42:16 INFO serializeLogger: [RunnerCompute]EndAt:1479170536124,Parent RDD ID:71,Name:MapPartitionedRDD,TaskAttempt ID:322,Partition Id:13,Stage Id:84
16/11/14 17:42:16 INFO serializeLogger: [writerThread]StartAt:1479170536126,Parent RDD ID:122,Name:UnionRDD,TaskAttempt ID:322,Partition Id:13,Stage Id:84
16/11/14 17:42:16 INFO serializeLogger: [RunnerCompute]EndAt:1479170536142,Parent RDD ID:122,Name:UnionRDD,TaskAttempt ID:322,Partition Id:13,Stage Id:84
16/11/14 17:42:16 INFO serializeLogger: [writerThread]EndAt:1479170536211,Parent RDD ID:122,Name:UnionRDD,TaskAttempt ID:322,Partition Id:13,Stage Id:84
16/11/14 17:42:16 INFO serializeLogger: [writerThread]EndAt:1479170536211,Parent RDD ID:71,Name:MapPartitionedRDD,TaskAttempt ID:322,Partition Id:13,Stage Id:84
16/11/14 17:42:20 INFO serializeLogger: [RunnerCompute]EndAt:1479170540434,Parent RDD ID:71,Name:MapPartitionedRDD,TaskAttempt ID:318,Partition Id:5,Stage Id:84
16/11/14 17:42:20 INFO serializeLogger: [writerThread]StartAt:1479170540436,Parent RDD ID:122,Name:UnionRDD,TaskAttempt ID:318,Partition Id:5,Stage Id:84
16/11/14 17:42:38 INFO serializeLogger: [RunnerCompute]EndAt:1479170558539,Parent RDD ID:122,Name:UnionRDD,TaskAttempt ID:318,Partition Id:5,Stage Id:84
16/11/14 17:42:39 INFO serializeLogger: [writerThread]EndAt:1479170559813,Parent RDD ID:122,Name:UnionRDD,TaskAttempt ID:318,Partition Id:5,Stage Id:84
16/11/14 17:42:39 INFO serializeLogger: [writerThread]EndAt:1479170559813,Parent RDD ID:71,Name:MapPartitionedRDD,TaskAttempt ID:318,Partition Id:5,Stage Id:84
16/11/14 17:43:35 INFO serializeLogger: [CreationPYRE]StartAt:1479170615263,Parent RDD ID:126,Name:MapPartitionedRDD,TaskAttempt ID:331,Partition Id:5,Stage Id:85
16/11/14 17:43:35 INFO serializeLogger: [CreationPYRE]EndAt:1479170615263,Parent RDD ID:126,Name:MapPartitionedRDD,TaskAttempt ID:331,Partition Id:5,Stage Id:85
16/11/14 17:43:35 INFO serializeLogger: [RunnerCompute]StartAt:1479170615263,Parent RDD ID:126,Name:MapPartitionedRDD,TaskAttempt ID:331,Partition Id:5,Stage Id:85
16/11/14 17:43:35 INFO serializeLogger: [writerThread]StartAt:1479170615292,Parent RDD ID:126,Name:MapPartitionedRDD,TaskAttempt ID:331,Partition Id:5,Stage Id:85
16/11/14 17:43:38 INFO serializeLogger: [RunnerCompute]EndAt:1479170618291,Parent RDD ID:126,Name:MapPartitionedRDD,TaskAttempt ID:331,Partition Id:5,Stage Id:85
16/11/14 17:43:38 INFO serializeLogger: [writerThread]EndAt:1479170618294,Parent RDD ID:126,Name:MapPartitionedRDD,TaskAttempt ID:331,Partition Id:5,Stage Id:85
16/11/14 17:43:58 INFO serializeLogger: [CreationPYRE]StartAt:1479170638436,Parent RDD ID:130,Name:UnionRDD,TaskAttempt ID:340,Partition Id:5,Stage Id:96
16/11/14 17:43:58 INFO serializeLogger: [CreationPYRE]EndAt:1479170638436,Parent RDD ID:130,Name:UnionRDD,TaskAttempt ID:340,Partition Id:5,Stage Id:96
16/11/14 17:43:58 INFO serializeLogger: [RunnerCompute]StartAt:1479170638436,Parent RDD ID:130,Name:UnionRDD,TaskAttempt ID:340,Partition Id:5,Stage Id:96
16/11/14 17:43:58 INFO serializeLogger: [CreationPYRE]StartAt:1479170638437,Parent RDD ID:71,Name:MapPartitionedRDD,TaskAttempt ID:340,Partition Id:5,Stage Id:96
16/11/14 17:43:58 INFO serializeLogger: [CreationPYRE]EndAt:1479170638437,Parent RDD ID:71,Name:MapPartitionedRDD,TaskAttempt ID:340,Partition Id:5,Stage Id:96
16/11/14 17:43:58 INFO serializeLogger: [RunnerCompute]StartAt:1479170638437,Parent RDD ID:71,Name:MapPartitionedRDD,TaskAttempt ID:340,Partition Id:5,Stage Id:96
16/11/14 17:43:58 INFO serializeLogger: [CreationPYRE]StartAt:1479170638441,Parent RDD ID:130,Name:UnionRDD,TaskAttempt ID:344,Partition Id:13,Stage Id:96
16/11/14 17:43:58 INFO serializeLogger: [CreationPYRE]EndAt:1479170638441,Parent RDD ID:130,Name:UnionRDD,TaskAttempt ID:344,Partition Id:13,Stage Id:96
16/11/14 17:43:58 INFO serializeLogger: [RunnerCompute]StartAt:1479170638442,Parent RDD ID:130,Name:UnionRDD,TaskAttempt ID:344,Partition Id:13,Stage Id:96
16/11/14 17:43:58 INFO serializeLogger: [CreationPYRE]StartAt:1479170638443,Parent RDD ID:71,Name:MapPartitionedRDD,TaskAttempt ID:344,Partition Id:13,Stage Id:96
16/11/14 17:43:58 INFO serializeLogger: [CreationPYRE]EndAt:1479170638443,Parent RDD ID:71,Name:MapPartitionedRDD,TaskAttempt ID:344,Partition Id:13,Stage Id:96
16/11/14 17:43:58 INFO serializeLogger: [RunnerCompute]StartAt:1479170638443,Parent RDD ID:71,Name:MapPartitionedRDD,TaskAttempt ID:344,Partition Id:13,Stage Id:96
16/11/14 17:43:58 INFO serializeLogger: [writerThread]StartAt:1479170638457,Parent RDD ID:71,Name:MapPartitionedRDD,TaskAttempt ID:340,Partition Id:5,Stage Id:96
16/11/14 17:43:58 INFO serializeLogger: [writerThread]StartAt:1479170638503,Parent RDD ID:71,Name:MapPartitionedRDD,TaskAttempt ID:344,Partition Id:13,Stage Id:96
16/11/14 17:44:11 INFO serializeLogger: [RunnerCompute]EndAt:1479170651868,Parent RDD ID:71,Name:MapPartitionedRDD,TaskAttempt ID:344,Partition Id:13,Stage Id:96
16/11/14 17:44:11 INFO serializeLogger: [writerThread]StartAt:1479170651871,Parent RDD ID:130,Name:UnionRDD,TaskAttempt ID:344,Partition Id:13,Stage Id:96
16/11/14 17:44:11 INFO serializeLogger: [RunnerCompute]EndAt:1479170651892,Parent RDD ID:130,Name:UnionRDD,TaskAttempt ID:344,Partition Id:13,Stage Id:96
16/11/14 17:44:11 INFO serializeLogger: [writerThread]EndAt:1479170651956,Parent RDD ID:130,Name:UnionRDD,TaskAttempt ID:344,Partition Id:13,Stage Id:96
16/11/14 17:44:11 INFO serializeLogger: [writerThread]EndAt:1479170651957,Parent RDD ID:71,Name:MapPartitionedRDD,TaskAttempt ID:344,Partition Id:13,Stage Id:96
16/11/14 17:44:18 INFO serializeLogger: [RunnerCompute]EndAt:1479170658887,Parent RDD ID:71,Name:MapPartitionedRDD,TaskAttempt ID:340,Partition Id:5,Stage Id:96
16/11/14 17:44:18 INFO serializeLogger: [writerThread]StartAt:1479170658890,Parent RDD ID:130,Name:UnionRDD,TaskAttempt ID:340,Partition Id:5,Stage Id:96
16/11/14 17:44:36 INFO serializeLogger: [RunnerCompute]EndAt:1479170676845,Parent RDD ID:130,Name:UnionRDD,TaskAttempt ID:340,Partition Id:5,Stage Id:96
16/11/14 17:44:38 INFO serializeLogger: [writerThread]EndAt:1479170678236,Parent RDD ID:130,Name:UnionRDD,TaskAttempt ID:340,Partition Id:5,Stage Id:96
16/11/14 17:44:38 INFO serializeLogger: [writerThread]EndAt:1479170678236,Parent RDD ID:71,Name:MapPartitionedRDD,TaskAttempt ID:340,Partition Id:5,Stage Id:96
16/11/14 17:45:19 INFO serializeLogger: [CreationPYRE]StartAt:1479170719448,Parent RDD ID:134,Name:MapPartitionedRDD,TaskAttempt ID:357,Partition Id:5,Stage Id:97
16/11/14 17:45:19 INFO serializeLogger: [CreationPYRE]EndAt:1479170719448,Parent RDD ID:134,Name:MapPartitionedRDD,TaskAttempt ID:357,Partition Id:5,Stage Id:97
16/11/14 17:45:19 INFO serializeLogger: [RunnerCompute]StartAt:1479170719448,Parent RDD ID:134,Name:MapPartitionedRDD,TaskAttempt ID:357,Partition Id:5,Stage Id:97
16/11/14 17:45:19 INFO serializeLogger: [writerThread]StartAt:1479170719477,Parent RDD ID:134,Name:MapPartitionedRDD,TaskAttempt ID:357,Partition Id:5,Stage Id:97
16/11/14 17:45:22 INFO serializeLogger: [RunnerCompute]EndAt:1479170722626,Parent RDD ID:134,Name:MapPartitionedRDD,TaskAttempt ID:357,Partition Id:5,Stage Id:97
16/11/14 17:45:22 INFO serializeLogger: [writerThread]EndAt:1479170722630,Parent RDD ID:134,Name:MapPartitionedRDD,TaskAttempt ID:357,Partition Id:5,Stage Id:97
