16/11/14 17:16:51 INFO myLogger: [MapPartitionsRDD]StartAt:8232972992751,TaskAttempt ID:7,Partition Id:7,Stage Id:0
16/11/14 17:16:51 INFO myLogger: [MapPartitionsRDD]StartAt:8232973125106,TaskAttempt ID:0,Partition Id:0,Stage Id:0
16/11/14 17:16:51 INFO myLogger: [MapPartitionsRDD]StartAt:8232973515167,TaskAttempt ID:8,Partition Id:8,Stage Id:0
16/11/14 17:16:51 INFO myLogger: [MapPartitionsRDD]StartAt:8232974177721,TaskAttempt ID:6,Partition Id:6,Stage Id:0
16/11/14 17:16:51 INFO myLogger: [MapPartitionsRDD]StartAt:8232974963686,TaskAttempt ID:4,Partition Id:4,Stage Id:0
16/11/14 17:16:51 INFO myLogger: [MapPartitionsRDD]StartAt:8232975669866,TaskAttempt ID:3,Partition Id:3,Stage Id:0
16/11/14 17:16:51 INFO myLogger: [MapPartitionsRDD]StartAt:8232976220308,TaskAttempt ID:1,Partition Id:1,Stage Id:0
16/11/14 17:16:51 INFO myLogger: [MapPartitionsRDD]StartAt:8232976710082,TaskAttempt ID:5,Partition Id:5,Stage Id:0
16/11/14 17:16:51 INFO myLogger: [MapPartitionsRDD]StartAt:8232978757305,TaskAttempt ID:2,Partition Id:2,Stage Id:0
16/11/14 17:16:52 INFO myLogger: [MapPartitionsRDD]EndAt:8233494897826,TaskAttempt ID:3,Partition Id:3,Stage Id:0
16/11/14 17:16:52 INFO myLogger: [MapPartitionsRDD]EndAt:8233495349848,TaskAttempt ID:7,Partition Id:7,Stage Id:0
16/11/14 17:16:52 INFO myLogger: [MapPartitionsRDD]EndAt:8233495495398,TaskAttempt ID:4,Partition Id:4,Stage Id:0
16/11/14 17:16:52 INFO myLogger: [MapPartitionsRDD]EndAt:8233495900808,TaskAttempt ID:8,Partition Id:8,Stage Id:0
16/11/14 17:16:52 INFO myLogger: [MapPartitionsRDD]EndAt:8233496113376,TaskAttempt ID:0,Partition Id:0,Stage Id:0
16/11/14 17:16:52 INFO myLogger: [MapPartitionsRDD]EndAt:8233496702714,TaskAttempt ID:2,Partition Id:2,Stage Id:0
16/11/14 17:16:52 INFO myLogger: [MapPartitionsRDD]EndAt:8233497236070,TaskAttempt ID:5,Partition Id:5,Stage Id:0
16/11/14 17:16:52 INFO myLogger: [MapPartitionsRDD]EndAt:8233497944065,TaskAttempt ID:1,Partition Id:1,Stage Id:0
16/11/14 17:16:52 INFO myLogger: [MapPartitionsRDD]EndAt:8233500432635,TaskAttempt ID:6,Partition Id:6,Stage Id:0
16/11/14 17:17:16 INFO myLogger: [MapPartitionsRDD]StartAt:8258405922469,TaskAttempt ID:11,Partition Id:2,Stage Id:1
16/11/14 17:17:16 INFO myLogger: [MapPartitionsRDD]StartAt:8258412607931,TaskAttempt ID:15,Partition Id:6,Stage Id:1
16/11/14 17:17:16 INFO myLogger: [MapPartitionsRDD]EndAt:8258413748300,TaskAttempt ID:11,Partition Id:2,Stage Id:1
16/11/14 17:17:16 INFO myLogger: [MapPartitionsRDD]EndAt:8258418072532,TaskAttempt ID:15,Partition Id:6,Stage Id:1
16/11/14 17:17:44 INFO myLogger: [MapPartitionsRDD]StartAt:8285609895150,TaskAttempt ID:24,Partition Id:6,Stage Id:2
16/11/14 17:17:44 INFO myLogger: [MapPartitionsRDD]StartAt:8285609976597,TaskAttempt ID:20,Partition Id:2,Stage Id:2
16/11/14 17:17:44 INFO myLogger: [MapPartitionsRDD]EndAt:8285616847450,TaskAttempt ID:24,Partition Id:6,Stage Id:2
16/11/14 17:17:44 INFO myLogger: [MapPartitionsRDD]EndAt:8285616970963,TaskAttempt ID:20,Partition Id:2,Stage Id:2
16/11/14 17:18:21 INFO myLogger: [UnionRDD]StartAt:8323106877380,TaskAttempt ID:29,Partition Id:5,Stage Id:3
16/11/14 17:18:21 INFO myLogger: [UnionRDD]StartAt:8323108634054,TaskAttempt ID:37,Partition Id:10,Stage Id:3
16/11/14 17:18:21 INFO myLogger: [UnionRDD]StartAt:8323109369994,TaskAttempt ID:41,Partition Id:14,Stage Id:3
16/11/14 17:18:21 INFO myLogger: [MapPartitionsRDD]StartAt:8323109578005,TaskAttempt ID:29,Partition Id:5,Stage Id:3
16/11/14 17:18:21 INFO myLogger: [ShuffledRDD]StartAt:8323110492665,TaskAttempt ID:29,Partition Id:5,Stage Id:3
16/11/14 17:18:21 INFO myLogger: [ParallelCollectionRDD]StartAt:8323131380927,TaskAttempt ID:37,Partition Id:10,Stage Id:3
16/11/14 17:18:21 INFO myLogger: [ParallelCollectionRDD]StartAt:8323131544253,TaskAttempt ID:41,Partition Id:14,Stage Id:3
16/11/14 17:18:21 INFO myLogger: [ParallelCollectionRDD]EndAt:8323132051027,TaskAttempt ID:37,Partition Id:10,Stage Id:3
16/11/14 17:18:21 INFO myLogger: [ParallelCollectionRDD]EndAt:8323132124107,TaskAttempt ID:41,Partition Id:14,Stage Id:3
16/11/14 17:18:21 INFO myLogger: [UnionRDD]EndAt:8323189966786,TaskAttempt ID:41,Partition Id:14,Stage Id:3
16/11/14 17:18:21 INFO myLogger: [UnionRDD]EndAt:8323192707951,TaskAttempt ID:37,Partition Id:10,Stage Id:3
16/11/14 17:18:21 INFO myLogger: [ShuffledRDD]EndAt:8323303771416,TaskAttempt ID:29,Partition Id:5,Stage Id:3
16/11/14 17:18:21 INFO myLogger: [MapPartitionsRDD]EndAt:8323304897854,TaskAttempt ID:29,Partition Id:5,Stage Id:3
16/11/14 17:18:39 INFO myLogger: [UnionRDD]EndAt:8340557667084,TaskAttempt ID:29,Partition Id:5,Stage Id:3
16/11/14 17:19:01 INFO myLogger: [UnionRDD]StartAt:8362944393664,TaskAttempt ID:53,Partition Id:5,Stage Id:4
16/11/14 17:19:01 INFO myLogger: [MapPartitionsRDD]StartAt:8362946670670,TaskAttempt ID:53,Partition Id:5,Stage Id:4
16/11/14 17:19:01 INFO myLogger: [UnionRDD]StartAt:8362947437422,TaskAttempt ID:45,Partition Id:10,Stage Id:4
16/11/14 17:19:01 INFO myLogger: [UnionRDD]StartAt:8362947629848,TaskAttempt ID:49,Partition Id:14,Stage Id:4
16/11/14 17:19:01 INFO myLogger: [ShuffledRDD]StartAt:8362947541211,TaskAttempt ID:53,Partition Id:5,Stage Id:4
16/11/14 17:19:01 INFO myLogger: [ShuffledRDD]EndAt:8362990009900,TaskAttempt ID:53,Partition Id:5,Stage Id:4
16/11/14 17:19:01 INFO myLogger: [MapPartitionsRDD]EndAt:8362990673671,TaskAttempt ID:53,Partition Id:5,Stage Id:4
16/11/14 17:19:01 INFO myLogger: [UnionRDD]EndAt:8363006362259,TaskAttempt ID:45,Partition Id:10,Stage Id:4
16/11/14 17:19:01 INFO myLogger: [UnionRDD]EndAt:8363037112725,TaskAttempt ID:49,Partition Id:14,Stage Id:4
16/11/14 17:19:09 INFO myLogger: [UnionRDD]EndAt:8371428775380,TaskAttempt ID:53,Partition Id:5,Stage Id:4
16/11/14 17:19:41 INFO myLogger: [UnionRDD]StartAt:8402556963882,TaskAttempt ID:61,Partition Id:5,Stage Id:5
16/11/14 17:19:41 INFO myLogger: [UnionRDD]StartAt:8402558105397,TaskAttempt ID:65,Partition Id:13,Stage Id:5
16/11/14 17:19:41 INFO myLogger: [MapPartitionsRDD]StartAt:8402558186573,TaskAttempt ID:61,Partition Id:5,Stage Id:5
16/11/14 17:19:41 INFO myLogger: [ShuffledRDD]StartAt:8402558600317,TaskAttempt ID:61,Partition Id:5,Stage Id:5
16/11/14 17:19:41 INFO myLogger: [MapPartitionsRDD]StartAt:8402559430966,TaskAttempt ID:65,Partition Id:13,Stage Id:5
16/11/14 17:19:41 INFO myLogger: [ShuffledRDD]StartAt:8402559760990,TaskAttempt ID:65,Partition Id:13,Stage Id:5
16/11/14 17:19:41 INFO myLogger: [ShuffledRDD]EndAt:8402597426385,TaskAttempt ID:65,Partition Id:13,Stage Id:5
16/11/14 17:19:41 INFO myLogger: [MapPartitionsRDD]EndAt:8402597720447,TaskAttempt ID:65,Partition Id:13,Stage Id:5
16/11/14 17:19:41 INFO myLogger: [ShuffledRDD]EndAt:8402602359875,TaskAttempt ID:61,Partition Id:5,Stage Id:5
16/11/14 17:19:41 INFO myLogger: [MapPartitionsRDD]EndAt:8402602895405,TaskAttempt ID:61,Partition Id:5,Stage Id:5
16/11/14 17:19:44 INFO myLogger: [UnionRDD]EndAt:8406001321760,TaskAttempt ID:65,Partition Id:13,Stage Id:5
16/11/14 17:20:01 INFO myLogger: [UnionRDD]EndAt:8423006738984,TaskAttempt ID:61,Partition Id:5,Stage Id:5
16/11/14 17:21:16 INFO myLogger: [UnionRDD]StartAt:8497733554816,TaskAttempt ID:76,Partition Id:5,Stage Id:6
16/11/14 17:21:16 INFO myLogger: [MapPartitionsRDD]StartAt:8497734606729,TaskAttempt ID:76,Partition Id:5,Stage Id:6
16/11/14 17:21:16 INFO myLogger: [ShuffledRDD]StartAt:8497735062182,TaskAttempt ID:76,Partition Id:5,Stage Id:6
16/11/14 17:21:16 INFO myLogger: [UnionRDD]StartAt:8497735553443,TaskAttempt ID:80,Partition Id:13,Stage Id:6
16/11/14 17:21:16 INFO myLogger: [MapPartitionsRDD]StartAt:8497736519638,TaskAttempt ID:80,Partition Id:13,Stage Id:6
16/11/14 17:21:16 INFO myLogger: [ShuffledRDD]StartAt:8497736809894,TaskAttempt ID:80,Partition Id:13,Stage Id:6
16/11/14 17:21:16 INFO myLogger: [ShuffledRDD]EndAt:8497771340127,TaskAttempt ID:80,Partition Id:13,Stage Id:6
16/11/14 17:21:16 INFO myLogger: [MapPartitionsRDD]EndAt:8497771860279,TaskAttempt ID:80,Partition Id:13,Stage Id:6
16/11/14 17:21:16 INFO myLogger: [ShuffledRDD]EndAt:8497775383115,TaskAttempt ID:76,Partition Id:5,Stage Id:6
16/11/14 17:21:16 INFO myLogger: [MapPartitionsRDD]EndAt:8497776140547,TaskAttempt ID:76,Partition Id:5,Stage Id:6
16/11/14 17:21:19 INFO myLogger: [UnionRDD]EndAt:8501260126156,TaskAttempt ID:80,Partition Id:13,Stage Id:6
16/11/14 17:21:25 INFO myLogger: [UnionRDD]EndAt:8506546384170,TaskAttempt ID:76,Partition Id:5,Stage Id:6
16/11/14 17:22:50 INFO myLogger: [UnionRDD]StartAt:8591541632515,TaskAttempt ID:94,Partition Id:5,Stage Id:7
16/11/14 17:22:50 INFO myLogger: [MapPartitionsRDD]StartAt:8591542432785,TaskAttempt ID:94,Partition Id:5,Stage Id:7
16/11/14 17:22:50 INFO myLogger: [ShuffledRDD]StartAt:8591542700628,TaskAttempt ID:94,Partition Id:5,Stage Id:7
16/11/14 17:22:50 INFO myLogger: [UnionRDD]StartAt:8591545998374,TaskAttempt ID:98,Partition Id:13,Stage Id:7
16/11/14 17:22:50 INFO myLogger: [MapPartitionsRDD]StartAt:8591547913033,TaskAttempt ID:98,Partition Id:13,Stage Id:7
16/11/14 17:22:50 INFO myLogger: [ShuffledRDD]StartAt:8591548589876,TaskAttempt ID:98,Partition Id:13,Stage Id:7
16/11/14 17:22:50 INFO myLogger: [ShuffledRDD]EndAt:8591575296430,TaskAttempt ID:98,Partition Id:13,Stage Id:7
16/11/14 17:22:50 INFO myLogger: [MapPartitionsRDD]EndAt:8591575946572,TaskAttempt ID:98,Partition Id:13,Stage Id:7
16/11/14 17:22:50 INFO myLogger: [ShuffledRDD]EndAt:8591581895672,TaskAttempt ID:94,Partition Id:5,Stage Id:7
16/11/14 17:22:50 INFO myLogger: [MapPartitionsRDD]EndAt:8591582301213,TaskAttempt ID:94,Partition Id:5,Stage Id:7
16/11/14 17:23:03 INFO myLogger: [UnionRDD]EndAt:8605382242543,TaskAttempt ID:98,Partition Id:13,Stage Id:7
16/11/14 17:23:08 INFO myLogger: [UnionRDD]EndAt:8609564600393,TaskAttempt ID:94,Partition Id:5,Stage Id:7
16/11/14 17:24:23 INFO myLogger: [UnionRDD]StartAt:8684602530952,TaskAttempt ID:107,Partition Id:5,Stage Id:8
16/11/14 17:24:23 INFO myLogger: [MapPartitionsRDD]StartAt:8684604140273,TaskAttempt ID:107,Partition Id:5,Stage Id:8
16/11/14 17:24:23 INFO myLogger: [ShuffledRDD]StartAt:8684604662658,TaskAttempt ID:107,Partition Id:5,Stage Id:8
16/11/14 17:24:23 INFO myLogger: [UnionRDD]StartAt:8684609478300,TaskAttempt ID:111,Partition Id:13,Stage Id:8
16/11/14 17:24:23 INFO myLogger: [MapPartitionsRDD]StartAt:8684611079875,TaskAttempt ID:111,Partition Id:13,Stage Id:8
16/11/14 17:24:23 INFO myLogger: [ShuffledRDD]StartAt:8684611586019,TaskAttempt ID:111,Partition Id:13,Stage Id:8
16/11/14 17:24:23 INFO myLogger: [ShuffledRDD]EndAt:8684646866921,TaskAttempt ID:111,Partition Id:13,Stage Id:8
16/11/14 17:24:23 INFO myLogger: [MapPartitionsRDD]EndAt:8684647338861,TaskAttempt ID:111,Partition Id:13,Stage Id:8
16/11/14 17:24:23 INFO myLogger: [ShuffledRDD]EndAt:8684648652998,TaskAttempt ID:107,Partition Id:5,Stage Id:8
16/11/14 17:24:23 INFO myLogger: [MapPartitionsRDD]EndAt:8684649274212,TaskAttempt ID:107,Partition Id:5,Stage Id:8
16/11/14 17:25:29 INFO myLogger: [UnionRDD]EndAt:8751199998769,TaskAttempt ID:111,Partition Id:13,Stage Id:8
16/11/14 17:25:48 INFO myLogger: [UnionRDD]EndAt:8769802664553,TaskAttempt ID:107,Partition Id:5,Stage Id:8
16/11/14 17:26:08 INFO myLogger: [UnionRDD]StartAt:8789578642599,TaskAttempt ID:126,Partition Id:5,Stage Id:9
16/11/14 17:26:08 INFO myLogger: [UnionRDD]StartAt:8789578717184,TaskAttempt ID:130,Partition Id:13,Stage Id:9
16/11/14 17:26:08 INFO myLogger: [MapPartitionsRDD]StartAt:8789579884853,TaskAttempt ID:126,Partition Id:5,Stage Id:9
16/11/14 17:26:08 INFO myLogger: [MapPartitionsRDD]StartAt:8789580074294,TaskAttempt ID:130,Partition Id:13,Stage Id:9
16/11/14 17:26:08 INFO myLogger: [ShuffledRDD]StartAt:8789580352427,TaskAttempt ID:126,Partition Id:5,Stage Id:9
16/11/14 17:26:08 INFO myLogger: [ShuffledRDD]StartAt:8789580511844,TaskAttempt ID:130,Partition Id:13,Stage Id:9
16/11/14 17:26:08 INFO myLogger: [ShuffledRDD]EndAt:8789610604501,TaskAttempt ID:130,Partition Id:13,Stage Id:9
16/11/14 17:26:08 INFO myLogger: [MapPartitionsRDD]EndAt:8789611081456,TaskAttempt ID:130,Partition Id:13,Stage Id:9
16/11/14 17:26:08 INFO myLogger: [ShuffledRDD]EndAt:8789613582006,TaskAttempt ID:126,Partition Id:5,Stage Id:9
16/11/14 17:26:08 INFO myLogger: [MapPartitionsRDD]EndAt:8789614165292,TaskAttempt ID:126,Partition Id:5,Stage Id:9
16/11/14 17:26:12 INFO myLogger: [UnionRDD]EndAt:8793507094751,TaskAttempt ID:130,Partition Id:13,Stage Id:9
16/11/14 17:26:27 INFO myLogger: [UnionRDD]EndAt:8808611598779,TaskAttempt ID:126,Partition Id:5,Stage Id:9
16/11/14 17:27:44 INFO myLogger: [UnionRDD]StartAt:8885839519592,TaskAttempt ID:140,Partition Id:5,Stage Id:10
16/11/14 17:27:44 INFO myLogger: [UnionRDD]StartAt:8885839597179,TaskAttempt ID:144,Partition Id:13,Stage Id:10
16/11/14 17:27:44 INFO myLogger: [MapPartitionsRDD]StartAt:8885840692728,TaskAttempt ID:140,Partition Id:5,Stage Id:10
16/11/14 17:27:44 INFO myLogger: [MapPartitionsRDD]StartAt:8885840756348,TaskAttempt ID:144,Partition Id:13,Stage Id:10
16/11/14 17:27:44 INFO myLogger: [ShuffledRDD]StartAt:8885841147608,TaskAttempt ID:140,Partition Id:5,Stage Id:10
16/11/14 17:27:44 INFO myLogger: [ShuffledRDD]StartAt:8885841239868,TaskAttempt ID:144,Partition Id:13,Stage Id:10
16/11/14 17:27:44 INFO myLogger: [ShuffledRDD]EndAt:8885884946742,TaskAttempt ID:140,Partition Id:5,Stage Id:10
16/11/14 17:27:44 INFO myLogger: [ShuffledRDD]EndAt:8885885202823,TaskAttempt ID:144,Partition Id:13,Stage Id:10
16/11/14 17:27:44 INFO myLogger: [MapPartitionsRDD]EndAt:8885885680051,TaskAttempt ID:140,Partition Id:5,Stage Id:10
16/11/14 17:27:44 INFO myLogger: [MapPartitionsRDD]EndAt:8885885795495,TaskAttempt ID:144,Partition Id:13,Stage Id:10
16/11/14 17:27:58 INFO myLogger: [UnionRDD]EndAt:8900246002325,TaskAttempt ID:144,Partition Id:13,Stage Id:10
16/11/14 17:28:04 INFO myLogger: [UnionRDD]EndAt:8905895787352,TaskAttempt ID:140,Partition Id:5,Stage Id:10
16/11/14 17:29:18 INFO myLogger: [UnionRDD]StartAt:8979911542915,TaskAttempt ID:157,Partition Id:5,Stage Id:11
16/11/14 17:29:18 INFO myLogger: [MapPartitionsRDD]StartAt:8979912609946,TaskAttempt ID:157,Partition Id:5,Stage Id:11
16/11/14 17:29:18 INFO myLogger: [ShuffledRDD]StartAt:8979912912318,TaskAttempt ID:157,Partition Id:5,Stage Id:11
16/11/14 17:29:18 INFO myLogger: [UnionRDD]StartAt:8979914372321,TaskAttempt ID:161,Partition Id:13,Stage Id:11
16/11/14 17:29:18 INFO myLogger: [MapPartitionsRDD]StartAt:8979915366132,TaskAttempt ID:161,Partition Id:13,Stage Id:11
16/11/14 17:29:18 INFO myLogger: [ShuffledRDD]StartAt:8979915669399,TaskAttempt ID:161,Partition Id:13,Stage Id:11
16/11/14 17:29:18 INFO myLogger: [ShuffledRDD]EndAt:8979967761712,TaskAttempt ID:157,Partition Id:5,Stage Id:11
16/11/14 17:29:18 INFO myLogger: [ShuffledRDD]EndAt:8979967887173,TaskAttempt ID:161,Partition Id:13,Stage Id:11
16/11/14 17:29:18 INFO myLogger: [MapPartitionsRDD]EndAt:8979968834573,TaskAttempt ID:157,Partition Id:5,Stage Id:11
16/11/14 17:29:18 INFO myLogger: [MapPartitionsRDD]EndAt:8979969088001,TaskAttempt ID:161,Partition Id:13,Stage Id:11
16/11/14 17:29:28 INFO myLogger: [UnionRDD]EndAt:8990223300062,TaskAttempt ID:157,Partition Id:5,Stage Id:11
16/11/14 17:29:33 INFO myLogger: [UnionRDD]EndAt:8995012876776,TaskAttempt ID:161,Partition Id:13,Stage Id:11
16/11/14 17:30:50 INFO myLogger: [UnionRDD]StartAt:9072284594417,TaskAttempt ID:173,Partition Id:5,Stage Id:12
16/11/14 17:30:50 INFO myLogger: [MapPartitionsRDD]StartAt:9072285606972,TaskAttempt ID:173,Partition Id:5,Stage Id:12
16/11/14 17:30:50 INFO myLogger: [ShuffledRDD]StartAt:9072285981476,TaskAttempt ID:173,Partition Id:5,Stage Id:12
16/11/14 17:30:50 INFO myLogger: [UnionRDD]StartAt:9072289636627,TaskAttempt ID:177,Partition Id:13,Stage Id:12
16/11/14 17:30:50 INFO myLogger: [MapPartitionsRDD]StartAt:9072291180984,TaskAttempt ID:177,Partition Id:13,Stage Id:12
16/11/14 17:30:50 INFO myLogger: [ShuffledRDD]StartAt:9072291715928,TaskAttempt ID:177,Partition Id:13,Stage Id:12
16/11/14 17:30:50 INFO myLogger: [ShuffledRDD]EndAt:9072314895658,TaskAttempt ID:177,Partition Id:13,Stage Id:12
16/11/14 17:30:50 INFO myLogger: [MapPartitionsRDD]EndAt:9072315433590,TaskAttempt ID:177,Partition Id:13,Stage Id:12
16/11/14 17:30:50 INFO myLogger: [ShuffledRDD]EndAt:9072351120660,TaskAttempt ID:173,Partition Id:5,Stage Id:12
16/11/14 17:30:50 INFO myLogger: [MapPartitionsRDD]EndAt:9072351798240,TaskAttempt ID:173,Partition Id:5,Stage Id:12
16/11/14 17:31:04 INFO myLogger: [UnionRDD]EndAt:9085885679648,TaskAttempt ID:177,Partition Id:13,Stage Id:12
16/11/14 17:31:10 INFO myLogger: [UnionRDD]EndAt:9091759627175,TaskAttempt ID:173,Partition Id:5,Stage Id:12
16/11/14 17:32:23 INFO myLogger: [MapPartitionsRDD]StartAt:9164483931014,TaskAttempt ID:189,Partition Id:5,Stage Id:13
16/11/14 17:32:23 INFO myLogger: [ShuffledRDD]StartAt:9164484388622,TaskAttempt ID:189,Partition Id:5,Stage Id:13
16/11/14 17:32:23 INFO myLogger: [ShuffledRDD]EndAt:9164518068047,TaskAttempt ID:189,Partition Id:5,Stage Id:13
16/11/14 17:32:23 INFO myLogger: [MapPartitionsRDD]EndAt:9164518581851,TaskAttempt ID:189,Partition Id:5,Stage Id:13
16/11/14 17:32:38 INFO myLogger: [UnionRDD]StartAt:9179865246229,TaskAttempt ID:198,Partition Id:5,Stage Id:24
16/11/14 17:32:38 INFO myLogger: [MapPartitionsRDD]StartAt:9179865998762,TaskAttempt ID:198,Partition Id:5,Stage Id:24
16/11/14 17:32:38 INFO myLogger: [ShuffledRDD]StartAt:9179866261940,TaskAttempt ID:198,Partition Id:5,Stage Id:24
16/11/14 17:32:38 INFO myLogger: [UnionRDD]StartAt:9179872516353,TaskAttempt ID:202,Partition Id:13,Stage Id:24
16/11/14 17:32:38 INFO myLogger: [MapPartitionsRDD]StartAt:9179873327697,TaskAttempt ID:202,Partition Id:13,Stage Id:24
16/11/14 17:32:38 INFO myLogger: [ShuffledRDD]StartAt:9179873590853,TaskAttempt ID:202,Partition Id:13,Stage Id:24
16/11/14 17:32:38 INFO myLogger: [ShuffledRDD]EndAt:9179889550486,TaskAttempt ID:198,Partition Id:5,Stage Id:24
16/11/14 17:32:38 INFO myLogger: [MapPartitionsRDD]EndAt:9179889809756,TaskAttempt ID:198,Partition Id:5,Stage Id:24
16/11/14 17:32:38 INFO myLogger: [ShuffledRDD]EndAt:9179891281197,TaskAttempt ID:202,Partition Id:13,Stage Id:24
16/11/14 17:32:38 INFO myLogger: [MapPartitionsRDD]EndAt:9179891852226,TaskAttempt ID:202,Partition Id:13,Stage Id:24
16/11/14 17:32:51 INFO myLogger: [UnionRDD]EndAt:9193294385954,TaskAttempt ID:202,Partition Id:13,Stage Id:24
16/11/14 17:32:57 INFO myLogger: [UnionRDD]EndAt:9198980462856,TaskAttempt ID:198,Partition Id:5,Stage Id:24
16/11/14 17:33:58 INFO myLogger: [MapPartitionsRDD]StartAt:9259696193133,TaskAttempt ID:212,Partition Id:5,Stage Id:25
16/11/14 17:33:58 INFO myLogger: [ShuffledRDD]StartAt:9259696514446,TaskAttempt ID:212,Partition Id:5,Stage Id:25
16/11/14 17:33:58 INFO myLogger: [ShuffledRDD]EndAt:9259728161221,TaskAttempt ID:212,Partition Id:5,Stage Id:25
16/11/14 17:33:58 INFO myLogger: [MapPartitionsRDD]EndAt:9259728715898,TaskAttempt ID:212,Partition Id:5,Stage Id:25
16/11/14 17:34:23 INFO myLogger: [UnionRDD]StartAt:9284492396342,TaskAttempt ID:220,Partition Id:5,Stage Id:36
16/11/14 17:34:23 INFO myLogger: [MapPartitionsRDD]StartAt:9284493387169,TaskAttempt ID:220,Partition Id:5,Stage Id:36
16/11/14 17:34:23 INFO myLogger: [ShuffledRDD]StartAt:9284493809569,TaskAttempt ID:220,Partition Id:5,Stage Id:36
16/11/14 17:34:23 INFO myLogger: [UnionRDD]StartAt:9284494383864,TaskAttempt ID:224,Partition Id:13,Stage Id:36
16/11/14 17:34:23 INFO myLogger: [MapPartitionsRDD]StartAt:9284495254630,TaskAttempt ID:224,Partition Id:13,Stage Id:36
16/11/14 17:34:23 INFO myLogger: [ShuffledRDD]StartAt:9284495523378,TaskAttempt ID:224,Partition Id:13,Stage Id:36
16/11/14 17:34:23 INFO myLogger: [ShuffledRDD]EndAt:9284511707861,TaskAttempt ID:220,Partition Id:5,Stage Id:36
16/11/14 17:34:23 INFO myLogger: [MapPartitionsRDD]EndAt:9284512163416,TaskAttempt ID:220,Partition Id:5,Stage Id:36
16/11/14 17:34:23 INFO myLogger: [ShuffledRDD]EndAt:9284561023158,TaskAttempt ID:224,Partition Id:13,Stage Id:36
16/11/14 17:34:23 INFO myLogger: [MapPartitionsRDD]EndAt:9284561754348,TaskAttempt ID:224,Partition Id:13,Stage Id:36
16/11/14 17:34:36 INFO myLogger: [UnionRDD]EndAt:9297929293559,TaskAttempt ID:224,Partition Id:13,Stage Id:36
16/11/14 17:34:43 INFO myLogger: [UnionRDD]EndAt:9305136895116,TaskAttempt ID:220,Partition Id:5,Stage Id:36
16/11/14 17:35:59 INFO myLogger: [MapPartitionsRDD]StartAt:9380803751690,TaskAttempt ID:236,Partition Id:5,Stage Id:37
16/11/14 17:35:59 INFO myLogger: [ShuffledRDD]StartAt:9380804191484,TaskAttempt ID:236,Partition Id:5,Stage Id:37
16/11/14 17:35:59 INFO myLogger: [ShuffledRDD]EndAt:9380830873411,TaskAttempt ID:236,Partition Id:5,Stage Id:37
16/11/14 17:35:59 INFO myLogger: [MapPartitionsRDD]EndAt:9380831758803,TaskAttempt ID:236,Partition Id:5,Stage Id:37
16/11/14 17:36:22 INFO myLogger: [UnionRDD]StartAt:9403745234191,TaskAttempt ID:246,Partition Id:5,Stage Id:48
16/11/14 17:36:22 INFO myLogger: [UnionRDD]StartAt:9403745369561,TaskAttempt ID:250,Partition Id:13,Stage Id:48
16/11/14 17:36:22 INFO myLogger: [MapPartitionsRDD]StartAt:9403747297565,TaskAttempt ID:246,Partition Id:5,Stage Id:48
16/11/14 17:36:22 INFO myLogger: [MapPartitionsRDD]StartAt:9403747463347,TaskAttempt ID:250,Partition Id:13,Stage Id:48
16/11/14 17:36:22 INFO myLogger: [ShuffledRDD]StartAt:9403747936677,TaskAttempt ID:246,Partition Id:5,Stage Id:48
16/11/14 17:36:22 INFO myLogger: [ShuffledRDD]StartAt:9403748154647,TaskAttempt ID:250,Partition Id:13,Stage Id:48
16/11/14 17:36:22 INFO myLogger: [ShuffledRDD]EndAt:9403768406211,TaskAttempt ID:246,Partition Id:5,Stage Id:48
16/11/14 17:36:22 INFO myLogger: [MapPartitionsRDD]EndAt:9403768696737,TaskAttempt ID:246,Partition Id:5,Stage Id:48
16/11/14 17:36:22 INFO myLogger: [ShuffledRDD]EndAt:9403774197315,TaskAttempt ID:250,Partition Id:13,Stage Id:48
16/11/14 17:36:22 INFO myLogger: [MapPartitionsRDD]EndAt:9403774766129,TaskAttempt ID:250,Partition Id:13,Stage Id:48
16/11/14 17:36:38 INFO myLogger: [UnionRDD]EndAt:9419594757751,TaskAttempt ID:250,Partition Id:13,Stage Id:48
16/11/14 17:36:41 INFO myLogger: [UnionRDD]EndAt:9422939044295,TaskAttempt ID:246,Partition Id:5,Stage Id:48
16/11/14 17:37:54 INFO myLogger: [MapPartitionsRDD]StartAt:9495714269504,TaskAttempt ID:262,Partition Id:5,Stage Id:49
16/11/14 17:37:54 INFO myLogger: [ShuffledRDD]StartAt:9495714592316,TaskAttempt ID:262,Partition Id:5,Stage Id:49
16/11/14 17:37:54 INFO myLogger: [ShuffledRDD]EndAt:9495741512625,TaskAttempt ID:262,Partition Id:5,Stage Id:49
16/11/14 17:37:54 INFO myLogger: [MapPartitionsRDD]EndAt:9495741799613,TaskAttempt ID:262,Partition Id:5,Stage Id:49
16/11/14 17:38:08 INFO myLogger: [UnionRDD]StartAt:9510161135134,TaskAttempt ID:269,Partition Id:5,Stage Id:60
16/11/14 17:38:08 INFO myLogger: [MapPartitionsRDD]StartAt:9510162024935,TaskAttempt ID:269,Partition Id:5,Stage Id:60
16/11/14 17:38:08 INFO myLogger: [ShuffledRDD]StartAt:9510162317646,TaskAttempt ID:269,Partition Id:5,Stage Id:60
16/11/14 17:38:08 INFO myLogger: [UnionRDD]StartAt:9510166660999,TaskAttempt ID:273,Partition Id:13,Stage Id:60
16/11/14 17:38:08 INFO myLogger: [MapPartitionsRDD]StartAt:9510168341483,TaskAttempt ID:273,Partition Id:13,Stage Id:60
16/11/14 17:38:08 INFO myLogger: [ShuffledRDD]StartAt:9510168849200,TaskAttempt ID:273,Partition Id:13,Stage Id:60
16/11/14 17:38:08 INFO myLogger: [ShuffledRDD]EndAt:9510178242202,TaskAttempt ID:269,Partition Id:5,Stage Id:60
16/11/14 17:38:08 INFO myLogger: [MapPartitionsRDD]EndAt:9510178529354,TaskAttempt ID:269,Partition Id:5,Stage Id:60
16/11/14 17:38:08 INFO myLogger: [ShuffledRDD]EndAt:9510181146884,TaskAttempt ID:273,Partition Id:13,Stage Id:60
16/11/14 17:38:08 INFO myLogger: [MapPartitionsRDD]EndAt:9510181414090,TaskAttempt ID:273,Partition Id:13,Stage Id:60
16/11/14 17:38:13 INFO myLogger: [UnionRDD]EndAt:9514561495557,TaskAttempt ID:273,Partition Id:13,Stage Id:60
16/11/14 17:38:28 INFO myLogger: [UnionRDD]EndAt:9530157294040,TaskAttempt ID:269,Partition Id:5,Stage Id:60
16/11/14 17:39:40 INFO myLogger: [MapPartitionsRDD]StartAt:9602433512457,TaskAttempt ID:286,Partition Id:5,Stage Id:61
16/11/14 17:39:40 INFO myLogger: [ShuffledRDD]StartAt:9602433827394,TaskAttempt ID:286,Partition Id:5,Stage Id:61
16/11/14 17:39:40 INFO myLogger: [ShuffledRDD]EndAt:9602451836921,TaskAttempt ID:286,Partition Id:5,Stage Id:61
16/11/14 17:39:40 INFO myLogger: [MapPartitionsRDD]EndAt:9602452297826,TaskAttempt ID:286,Partition Id:5,Stage Id:61
16/11/14 17:40:04 INFO myLogger: [UnionRDD]StartAt:9625725345934,TaskAttempt ID:292,Partition Id:5,Stage Id:72
16/11/14 17:40:04 INFO myLogger: [MapPartitionsRDD]StartAt:9625726360907,TaskAttempt ID:292,Partition Id:5,Stage Id:72
16/11/14 17:40:04 INFO myLogger: [ShuffledRDD]StartAt:9625726713698,TaskAttempt ID:292,Partition Id:5,Stage Id:72
16/11/14 17:40:04 INFO myLogger: [UnionRDD]StartAt:9625729931451,TaskAttempt ID:296,Partition Id:13,Stage Id:72
16/11/14 17:40:04 INFO myLogger: [MapPartitionsRDD]StartAt:9625731521616,TaskAttempt ID:296,Partition Id:13,Stage Id:72
16/11/14 17:40:04 INFO myLogger: [ShuffledRDD]StartAt:9625732170705,TaskAttempt ID:296,Partition Id:13,Stage Id:72
16/11/14 17:40:04 INFO myLogger: [ShuffledRDD]EndAt:9625744431201,TaskAttempt ID:292,Partition Id:5,Stage Id:72
16/11/14 17:40:04 INFO myLogger: [MapPartitionsRDD]EndAt:9625744755030,TaskAttempt ID:292,Partition Id:5,Stage Id:72
16/11/14 17:40:04 INFO myLogger: [ShuffledRDD]EndAt:9625778010747,TaskAttempt ID:296,Partition Id:13,Stage Id:72
16/11/14 17:40:04 INFO myLogger: [MapPartitionsRDD]EndAt:9625778609212,TaskAttempt ID:296,Partition Id:13,Stage Id:72
16/11/14 17:40:17 INFO myLogger: [UnionRDD]EndAt:9639227767130,TaskAttempt ID:296,Partition Id:13,Stage Id:72
16/11/14 17:40:23 INFO myLogger: [UnionRDD]EndAt:9644848549169,TaskAttempt ID:292,Partition Id:5,Stage Id:72
16/11/14 17:41:36 INFO myLogger: [MapPartitionsRDD]StartAt:9717852373022,TaskAttempt ID:310,Partition Id:5,Stage Id:73
16/11/14 17:41:36 INFO myLogger: [ShuffledRDD]StartAt:9717852672249,TaskAttempt ID:310,Partition Id:5,Stage Id:73
16/11/14 17:41:36 INFO myLogger: [ShuffledRDD]EndAt:9717870454130,TaskAttempt ID:310,Partition Id:5,Stage Id:73
16/11/14 17:41:36 INFO myLogger: [MapPartitionsRDD]EndAt:9717870721840,TaskAttempt ID:310,Partition Id:5,Stage Id:73
16/11/14 17:42:01 INFO myLogger: [UnionRDD]StartAt:9742910069872,TaskAttempt ID:318,Partition Id:5,Stage Id:84
16/11/14 17:42:01 INFO myLogger: [MapPartitionsRDD]StartAt:9742911062027,TaskAttempt ID:318,Partition Id:5,Stage Id:84
16/11/14 17:42:01 INFO myLogger: [ShuffledRDD]StartAt:9742911408216,TaskAttempt ID:318,Partition Id:5,Stage Id:84
16/11/14 17:42:01 INFO myLogger: [UnionRDD]StartAt:9742913346587,TaskAttempt ID:322,Partition Id:13,Stage Id:84
16/11/14 17:42:01 INFO myLogger: [MapPartitionsRDD]StartAt:9742914116502,TaskAttempt ID:322,Partition Id:13,Stage Id:84
16/11/14 17:42:01 INFO myLogger: [ShuffledRDD]StartAt:9742914399260,TaskAttempt ID:322,Partition Id:13,Stage Id:84
16/11/14 17:42:01 INFO myLogger: [ShuffledRDD]EndAt:9742930009394,TaskAttempt ID:318,Partition Id:5,Stage Id:84
16/11/14 17:42:01 INFO myLogger: [ShuffledRDD]EndAt:9742930380472,TaskAttempt ID:322,Partition Id:13,Stage Id:84
16/11/14 17:42:01 INFO myLogger: [MapPartitionsRDD]EndAt:9742930504401,TaskAttempt ID:318,Partition Id:5,Stage Id:84
16/11/14 17:42:01 INFO myLogger: [MapPartitionsRDD]EndAt:9742930873783,TaskAttempt ID:322,Partition Id:13,Stage Id:84
16/11/14 17:42:16 INFO myLogger: [UnionRDD]EndAt:9757608974408,TaskAttempt ID:322,Partition Id:13,Stage Id:84
16/11/14 17:42:20 INFO myLogger: [UnionRDD]EndAt:9761918943680,TaskAttempt ID:318,Partition Id:5,Stage Id:84
16/11/14 17:43:35 INFO myLogger: [MapPartitionsRDD]StartAt:9836748400705,TaskAttempt ID:331,Partition Id:5,Stage Id:85
16/11/14 17:43:35 INFO myLogger: [ShuffledRDD]StartAt:9836749025316,TaskAttempt ID:331,Partition Id:5,Stage Id:85
16/11/14 17:43:35 INFO myLogger: [ShuffledRDD]EndAt:9836774849986,TaskAttempt ID:331,Partition Id:5,Stage Id:85
16/11/14 17:43:35 INFO myLogger: [MapPartitionsRDD]EndAt:9836775216173,TaskAttempt ID:331,Partition Id:5,Stage Id:85
16/11/14 17:43:58 INFO myLogger: [UnionRDD]StartAt:9859920544006,TaskAttempt ID:340,Partition Id:5,Stage Id:96
16/11/14 17:43:58 INFO myLogger: [MapPartitionsRDD]StartAt:9859921278398,TaskAttempt ID:340,Partition Id:5,Stage Id:96
16/11/14 17:43:58 INFO myLogger: [ShuffledRDD]StartAt:9859921529728,TaskAttempt ID:340,Partition Id:5,Stage Id:96
16/11/14 17:43:58 INFO myLogger: [UnionRDD]StartAt:9859926387524,TaskAttempt ID:344,Partition Id:13,Stage Id:96
16/11/14 17:43:58 INFO myLogger: [MapPartitionsRDD]StartAt:9859927940736,TaskAttempt ID:344,Partition Id:13,Stage Id:96
16/11/14 17:43:58 INFO myLogger: [ShuffledRDD]StartAt:9859928543716,TaskAttempt ID:344,Partition Id:13,Stage Id:96
16/11/14 17:43:58 INFO myLogger: [ShuffledRDD]EndAt:9859937501384,TaskAttempt ID:340,Partition Id:5,Stage Id:96
16/11/14 17:43:58 INFO myLogger: [MapPartitionsRDD]EndAt:9859937823945,TaskAttempt ID:340,Partition Id:5,Stage Id:96
16/11/14 17:43:58 INFO myLogger: [ShuffledRDD]EndAt:9859985219609,TaskAttempt ID:344,Partition Id:13,Stage Id:96
16/11/14 17:43:58 INFO myLogger: [MapPartitionsRDD]EndAt:9859985858314,TaskAttempt ID:344,Partition Id:13,Stage Id:96
16/11/14 17:44:11 INFO myLogger: [UnionRDD]EndAt:9873353568933,TaskAttempt ID:344,Partition Id:13,Stage Id:96
16/11/14 17:44:18 INFO myLogger: [UnionRDD]EndAt:9880371593888,TaskAttempt ID:340,Partition Id:5,Stage Id:96
16/11/14 17:45:19 INFO myLogger: [MapPartitionsRDD]StartAt:9940932620305,TaskAttempt ID:357,Partition Id:5,Stage Id:97
16/11/14 17:45:19 INFO myLogger: [ShuffledRDD]StartAt:9940932910640,TaskAttempt ID:357,Partition Id:5,Stage Id:97
16/11/14 17:45:19 INFO myLogger: [ShuffledRDD]EndAt:9940959784063,TaskAttempt ID:357,Partition Id:5,Stage Id:97
16/11/14 17:45:19 INFO myLogger: [MapPartitionsRDD]EndAt:9940960187110,TaskAttempt ID:357,Partition Id:5,Stage Id:97
