16/11/14 17:17:17 INFO myLogger: [MapPartitionsRDD]StartAt:8258613789653,TaskAttempt ID:17,Partition Id:8,Stage Id:1
16/11/14 17:17:17 INFO myLogger: [MapPartitionsRDD]StartAt:8258614070422,TaskAttempt ID:13,Partition Id:4,Stage Id:1
16/11/14 17:17:17 INFO myLogger: [MapPartitionsRDD]StartAt:8258614202236,TaskAttempt ID:9,Partition Id:0,Stage Id:1
16/11/14 17:17:18 INFO myLogger: [MapPartitionsRDD]EndAt:8259141837701,TaskAttempt ID:13,Partition Id:4,Stage Id:1
16/11/14 17:17:18 INFO myLogger: [MapPartitionsRDD]EndAt:8259142118491,TaskAttempt ID:9,Partition Id:0,Stage Id:1
16/11/14 17:17:18 INFO myLogger: [MapPartitionsRDD]EndAt:8259142416496,TaskAttempt ID:17,Partition Id:8,Stage Id:1
16/11/14 17:17:44 INFO myLogger: [MapPartitionsRDD]StartAt:8284760667322,TaskAttempt ID:19,Partition Id:1,Stage Id:2
16/11/14 17:17:44 INFO myLogger: [MapPartitionsRDD]StartAt:8284760940864,TaskAttempt ID:23,Partition Id:5,Stage Id:2
16/11/14 17:17:44 INFO myLogger: [MapPartitionsRDD]EndAt:8284772433471,TaskAttempt ID:23,Partition Id:5,Stage Id:2
16/11/14 17:17:44 INFO myLogger: [MapPartitionsRDD]EndAt:8284772637286,TaskAttempt ID:19,Partition Id:1,Stage Id:2
16/11/14 17:18:21 INFO myLogger: [UnionRDD]StartAt:8322263968467,TaskAttempt ID:33,Partition Id:4,Stage Id:3
16/11/14 17:18:21 INFO myLogger: [UnionRDD]StartAt:8322264254640,TaskAttempt ID:38,Partition Id:11,Stage Id:3
16/11/14 17:18:21 INFO myLogger: [UnionRDD]StartAt:8322264653790,TaskAttempt ID:30,Partition Id:1,Stage Id:3
16/11/14 17:18:21 INFO myLogger: [UnionRDD]StartAt:8322265287399,TaskAttempt ID:42,Partition Id:15,Stage Id:3
16/11/14 17:18:21 INFO myLogger: [MapPartitionsRDD]StartAt:8322266595009,TaskAttempt ID:33,Partition Id:4,Stage Id:3
16/11/14 17:18:21 INFO myLogger: [MapPartitionsRDD]StartAt:8322267455441,TaskAttempt ID:30,Partition Id:1,Stage Id:3
16/11/14 17:18:21 INFO myLogger: [ShuffledRDD]StartAt:8322267904893,TaskAttempt ID:33,Partition Id:4,Stage Id:3
16/11/14 17:18:21 INFO myLogger: [ShuffledRDD]StartAt:8322268726251,TaskAttempt ID:30,Partition Id:1,Stage Id:3
16/11/14 17:18:21 INFO myLogger: [ParallelCollectionRDD]StartAt:8322283181852,TaskAttempt ID:38,Partition Id:11,Stage Id:3
16/11/14 17:18:21 INFO myLogger: [ParallelCollectionRDD]StartAt:8322283658452,TaskAttempt ID:42,Partition Id:15,Stage Id:3
16/11/14 17:18:21 INFO myLogger: [ParallelCollectionRDD]EndAt:8322283796233,TaskAttempt ID:38,Partition Id:11,Stage Id:3
16/11/14 17:18:21 INFO myLogger: [ParallelCollectionRDD]EndAt:8322283915393,TaskAttempt ID:42,Partition Id:15,Stage Id:3
16/11/14 17:18:21 INFO myLogger: [UnionRDD]EndAt:8322343536138,TaskAttempt ID:42,Partition Id:15,Stage Id:3
16/11/14 17:18:21 INFO myLogger: [UnionRDD]EndAt:8322350822830,TaskAttempt ID:38,Partition Id:11,Stage Id:3
16/11/14 17:18:21 INFO myLogger: [ShuffledRDD]EndAt:8322484138898,TaskAttempt ID:33,Partition Id:4,Stage Id:3
16/11/14 17:18:21 INFO myLogger: [ShuffledRDD]EndAt:8322485023858,TaskAttempt ID:30,Partition Id:1,Stage Id:3
16/11/14 17:18:21 INFO myLogger: [MapPartitionsRDD]EndAt:8322486923186,TaskAttempt ID:33,Partition Id:4,Stage Id:3
16/11/14 17:18:21 INFO myLogger: [MapPartitionsRDD]EndAt:8322486947552,TaskAttempt ID:30,Partition Id:1,Stage Id:3
16/11/14 17:18:39 INFO myLogger: [UnionRDD]EndAt:8339818872349,TaskAttempt ID:30,Partition Id:1,Stage Id:3
16/11/14 17:18:40 INFO myLogger: [UnionRDD]EndAt:8340730542287,TaskAttempt ID:33,Partition Id:4,Stage Id:3
16/11/14 17:19:01 INFO myLogger: [UnionRDD]StartAt:8362089260979,TaskAttempt ID:51,Partition Id:1,Stage Id:4
16/11/14 17:19:01 INFO myLogger: [MapPartitionsRDD]StartAt:8362090275211,TaskAttempt ID:51,Partition Id:1,Stage Id:4
16/11/14 17:19:01 INFO myLogger: [ShuffledRDD]StartAt:8362090656914,TaskAttempt ID:51,Partition Id:1,Stage Id:4
16/11/14 17:19:01 INFO myLogger: [UnionRDD]StartAt:8362101241156,TaskAttempt ID:47,Partition Id:15,Stage Id:4
16/11/14 17:19:01 INFO myLogger: [UnionRDD]StartAt:8362101487370,TaskAttempt ID:43,Partition Id:11,Stage Id:4
16/11/14 17:19:01 INFO myLogger: [UnionRDD]StartAt:8362101690232,TaskAttempt ID:55,Partition Id:4,Stage Id:4
16/11/14 17:19:01 INFO myLogger: [MapPartitionsRDD]StartAt:8362103921176,TaskAttempt ID:55,Partition Id:4,Stage Id:4
16/11/14 17:19:01 INFO myLogger: [ShuffledRDD]StartAt:8362104735536,TaskAttempt ID:55,Partition Id:4,Stage Id:4
16/11/14 17:19:01 INFO myLogger: [UnionRDD]EndAt:8362178347528,TaskAttempt ID:47,Partition Id:15,Stage Id:4
16/11/14 17:19:01 INFO myLogger: [ShuffledRDD]EndAt:8362178610338,TaskAttempt ID:51,Partition Id:1,Stage Id:4
16/11/14 17:19:01 INFO myLogger: [ShuffledRDD]EndAt:8362178835345,TaskAttempt ID:55,Partition Id:4,Stage Id:4
16/11/14 17:19:01 INFO myLogger: [MapPartitionsRDD]EndAt:8362179344794,TaskAttempt ID:51,Partition Id:1,Stage Id:4
16/11/14 17:19:01 INFO myLogger: [MapPartitionsRDD]EndAt:8362179512805,TaskAttempt ID:55,Partition Id:4,Stage Id:4
16/11/14 17:19:01 INFO myLogger: [UnionRDD]EndAt:8362195869089,TaskAttempt ID:43,Partition Id:11,Stage Id:4
16/11/14 17:19:10 INFO myLogger: [UnionRDD]EndAt:8370875724405,TaskAttempt ID:51,Partition Id:1,Stage Id:4
16/11/14 17:19:21 INFO myLogger: [UnionRDD]EndAt:8382292412223,TaskAttempt ID:55,Partition Id:4,Stage Id:4
16/11/14 17:19:41 INFO myLogger: [UnionRDD]StartAt:8401712857865,TaskAttempt ID:59,Partition Id:1,Stage Id:5
16/11/14 17:19:41 INFO myLogger: [MapPartitionsRDD]StartAt:8401713921677,TaskAttempt ID:59,Partition Id:1,Stage Id:5
16/11/14 17:19:41 INFO myLogger: [ShuffledRDD]StartAt:8401714249923,TaskAttempt ID:59,Partition Id:1,Stage Id:5
16/11/14 17:19:41 INFO myLogger: [UnionRDD]StartAt:8401717975768,TaskAttempt ID:67,Partition Id:9,Stage Id:5
16/11/14 17:19:41 INFO myLogger: [UnionRDD]StartAt:8401718649714,TaskAttempt ID:63,Partition Id:4,Stage Id:5
16/11/14 17:19:41 INFO myLogger: [UnionRDD]StartAt:8401718865540,TaskAttempt ID:70,Partition Id:12,Stage Id:5
16/11/14 17:19:41 INFO myLogger: [MapPartitionsRDD]StartAt:8401719976024,TaskAttempt ID:67,Partition Id:9,Stage Id:5
16/11/14 17:19:41 INFO myLogger: [MapPartitionsRDD]StartAt:8401720572168,TaskAttempt ID:63,Partition Id:4,Stage Id:5
16/11/14 17:19:41 INFO myLogger: [ShuffledRDD]StartAt:8401720687963,TaskAttempt ID:67,Partition Id:9,Stage Id:5
16/11/14 17:19:41 INFO myLogger: [MapPartitionsRDD]StartAt:8401721137421,TaskAttempt ID:70,Partition Id:12,Stage Id:5
16/11/14 17:19:41 INFO myLogger: [ShuffledRDD]StartAt:8401721241228,TaskAttempt ID:63,Partition Id:4,Stage Id:5
16/11/14 17:19:41 INFO myLogger: [ShuffledRDD]StartAt:8401722042431,TaskAttempt ID:70,Partition Id:12,Stage Id:5
16/11/14 17:19:41 INFO myLogger: [ShuffledRDD]EndAt:8401757288042,TaskAttempt ID:59,Partition Id:1,Stage Id:5
16/11/14 17:19:41 INFO myLogger: [MapPartitionsRDD]EndAt:8401757666057,TaskAttempt ID:59,Partition Id:1,Stage Id:5
16/11/14 17:19:41 INFO myLogger: [ShuffledRDD]EndAt:8401763406109,TaskAttempt ID:67,Partition Id:9,Stage Id:5
16/11/14 17:19:41 INFO myLogger: [MapPartitionsRDD]EndAt:8401764042567,TaskAttempt ID:67,Partition Id:9,Stage Id:5
16/11/14 17:19:41 INFO myLogger: [ShuffledRDD]EndAt:8401765796294,TaskAttempt ID:70,Partition Id:12,Stage Id:5
16/11/14 17:19:41 INFO myLogger: [MapPartitionsRDD]EndAt:8401766489271,TaskAttempt ID:70,Partition Id:12,Stage Id:5
16/11/14 17:19:41 INFO myLogger: [ShuffledRDD]EndAt:8401769536959,TaskAttempt ID:63,Partition Id:4,Stage Id:5
16/11/14 17:19:41 INFO myLogger: [MapPartitionsRDD]EndAt:8401912644539,TaskAttempt ID:63,Partition Id:4,Stage Id:5
16/11/14 17:19:50 INFO myLogger: [UnionRDD]EndAt:8411211195070,TaskAttempt ID:59,Partition Id:1,Stage Id:5
16/11/14 17:19:55 INFO myLogger: [UnionRDD]EndAt:8415728247784,TaskAttempt ID:70,Partition Id:12,Stage Id:5
16/11/14 17:19:55 INFO myLogger: [UnionRDD]EndAt:8416003276385,TaskAttempt ID:67,Partition Id:9,Stage Id:5
16/11/14 17:20:00 INFO myLogger: [UnionRDD]EndAt:8421316340566,TaskAttempt ID:63,Partition Id:4,Stage Id:5
16/11/14 17:21:16 INFO myLogger: [UnionRDD]StartAt:8496879445306,TaskAttempt ID:78,Partition Id:1,Stage Id:6
16/11/14 17:21:16 INFO myLogger: [UnionRDD]StartAt:8496881502344,TaskAttempt ID:88,Partition Id:12,Stage Id:6
16/11/14 17:21:16 INFO myLogger: [MapPartitionsRDD]StartAt:8496882167457,TaskAttempt ID:78,Partition Id:1,Stage Id:6
16/11/14 17:21:16 INFO myLogger: [UnionRDD]StartAt:8496882359563,TaskAttempt ID:82,Partition Id:4,Stage Id:6
16/11/14 17:21:16 INFO myLogger: [ShuffledRDD]StartAt:8496882843484,TaskAttempt ID:78,Partition Id:1,Stage Id:6
16/11/14 17:21:16 INFO myLogger: [UnionRDD]StartAt:8496882962676,TaskAttempt ID:85,Partition Id:9,Stage Id:6
16/11/14 17:21:16 INFO myLogger: [MapPartitionsRDD]StartAt:8496884434084,TaskAttempt ID:88,Partition Id:12,Stage Id:6
16/11/14 17:21:16 INFO myLogger: [MapPartitionsRDD]StartAt:8496884548355,TaskAttempt ID:82,Partition Id:4,Stage Id:6
16/11/14 17:21:16 INFO myLogger: [MapPartitionsRDD]StartAt:8496885021743,TaskAttempt ID:85,Partition Id:9,Stage Id:6
16/11/14 17:21:16 INFO myLogger: [ShuffledRDD]StartAt:8496885101952,TaskAttempt ID:82,Partition Id:4,Stage Id:6
16/11/14 17:21:16 INFO myLogger: [ShuffledRDD]StartAt:8496885665211,TaskAttempt ID:88,Partition Id:12,Stage Id:6
16/11/14 17:21:16 INFO myLogger: [ShuffledRDD]StartAt:8496885907460,TaskAttempt ID:85,Partition Id:9,Stage Id:6
16/11/14 17:21:16 INFO myLogger: [ShuffledRDD]EndAt:8496923312265,TaskAttempt ID:85,Partition Id:9,Stage Id:6
16/11/14 17:21:16 INFO myLogger: [MapPartitionsRDD]EndAt:8496923776804,TaskAttempt ID:85,Partition Id:9,Stage Id:6
16/11/14 17:21:16 INFO myLogger: [ShuffledRDD]EndAt:8496925879449,TaskAttempt ID:78,Partition Id:1,Stage Id:6
16/11/14 17:21:16 INFO myLogger: [MapPartitionsRDD]EndAt:8496926291565,TaskAttempt ID:78,Partition Id:1,Stage Id:6
16/11/14 17:21:16 INFO myLogger: [ShuffledRDD]EndAt:8496927234715,TaskAttempt ID:88,Partition Id:12,Stage Id:6
16/11/14 17:21:16 INFO myLogger: [MapPartitionsRDD]EndAt:8496927726294,TaskAttempt ID:88,Partition Id:12,Stage Id:6
16/11/14 17:21:16 INFO myLogger: [ShuffledRDD]EndAt:8497063463824,TaskAttempt ID:82,Partition Id:4,Stage Id:6
16/11/14 17:21:16 INFO myLogger: [MapPartitionsRDD]EndAt:8497064535844,TaskAttempt ID:82,Partition Id:4,Stage Id:6
16/11/14 17:21:29 INFO myLogger: [UnionRDD]EndAt:8509879559971,TaskAttempt ID:88,Partition Id:12,Stage Id:6
16/11/14 17:21:30 INFO myLogger: [UnionRDD]EndAt:8511033887400,TaskAttempt ID:85,Partition Id:9,Stage Id:6
16/11/14 17:21:36 INFO myLogger: [UnionRDD]EndAt:8516697494943,TaskAttempt ID:78,Partition Id:1,Stage Id:6
16/11/14 17:21:36 INFO myLogger: [UnionRDD]EndAt:8517380057301,TaskAttempt ID:82,Partition Id:4,Stage Id:6
16/11/14 17:22:50 INFO myLogger: [UnionRDD]StartAt:8590687457673,TaskAttempt ID:91,Partition Id:1,Stage Id:7
16/11/14 17:22:50 INFO myLogger: [MapPartitionsRDD]StartAt:8590688191129,TaskAttempt ID:91,Partition Id:1,Stage Id:7
16/11/14 17:22:50 INFO myLogger: [ShuffledRDD]StartAt:8590688501965,TaskAttempt ID:91,Partition Id:1,Stage Id:7
16/11/14 17:22:50 INFO myLogger: [UnionRDD]StartAt:8590695076514,TaskAttempt ID:102,Partition Id:12,Stage Id:7
16/11/14 17:22:50 INFO myLogger: [UnionRDD]StartAt:8590696398971,TaskAttempt ID:99,Partition Id:9,Stage Id:7
16/11/14 17:22:50 INFO myLogger: [MapPartitionsRDD]StartAt:8590696734371,TaskAttempt ID:102,Partition Id:12,Stage Id:7
16/11/14 17:22:50 INFO myLogger: [ShuffledRDD]StartAt:8590697413664,TaskAttempt ID:102,Partition Id:12,Stage Id:7
16/11/14 17:22:50 INFO myLogger: [MapPartitionsRDD]StartAt:8590699141123,TaskAttempt ID:99,Partition Id:9,Stage Id:7
16/11/14 17:22:50 INFO myLogger: [UnionRDD]StartAt:8590699633581,TaskAttempt ID:95,Partition Id:4,Stage Id:7
16/11/14 17:22:50 INFO myLogger: [ShuffledRDD]StartAt:8590699863439,TaskAttempt ID:99,Partition Id:9,Stage Id:7
16/11/14 17:22:50 INFO myLogger: [MapPartitionsRDD]StartAt:8590701579010,TaskAttempt ID:95,Partition Id:4,Stage Id:7
16/11/14 17:22:50 INFO myLogger: [ShuffledRDD]StartAt:8590702108049,TaskAttempt ID:95,Partition Id:4,Stage Id:7
16/11/14 17:22:50 INFO myLogger: [ShuffledRDD]EndAt:8590730043360,TaskAttempt ID:91,Partition Id:1,Stage Id:7
16/11/14 17:22:50 INFO myLogger: [MapPartitionsRDD]EndAt:8590730807738,TaskAttempt ID:91,Partition Id:1,Stage Id:7
16/11/14 17:22:50 INFO myLogger: [ShuffledRDD]EndAt:8590733867142,TaskAttempt ID:102,Partition Id:12,Stage Id:7
16/11/14 17:22:50 INFO myLogger: [MapPartitionsRDD]EndAt:8590734288969,TaskAttempt ID:102,Partition Id:12,Stage Id:7
16/11/14 17:22:50 INFO myLogger: [ShuffledRDD]EndAt:8590738682721,TaskAttempt ID:99,Partition Id:9,Stage Id:7
16/11/14 17:22:50 INFO myLogger: [MapPartitionsRDD]EndAt:8590739037571,TaskAttempt ID:99,Partition Id:9,Stage Id:7
16/11/14 17:22:50 INFO myLogger: [ShuffledRDD]EndAt:8590740557831,TaskAttempt ID:95,Partition Id:4,Stage Id:7
16/11/14 17:22:50 INFO myLogger: [MapPartitionsRDD]EndAt:8590740893114,TaskAttempt ID:95,Partition Id:4,Stage Id:7
16/11/14 17:23:03 INFO myLogger: [UnionRDD]EndAt:8603858087433,TaskAttempt ID:102,Partition Id:12,Stage Id:7
16/11/14 17:23:06 INFO myLogger: [UnionRDD]EndAt:8606828925193,TaskAttempt ID:99,Partition Id:9,Stage Id:7
16/11/14 17:23:09 INFO myLogger: [UnionRDD]EndAt:8610430868181,TaskAttempt ID:95,Partition Id:4,Stage Id:7
16/11/14 17:23:09 INFO myLogger: [UnionRDD]EndAt:8610640430607,TaskAttempt ID:91,Partition Id:1,Stage Id:7
16/11/14 17:24:23 INFO myLogger: [UnionRDD]StartAt:8683759163109,TaskAttempt ID:110,Partition Id:1,Stage Id:8
16/11/14 17:24:23 INFO myLogger: [UnionRDD]StartAt:8683759259402,TaskAttempt ID:120,Partition Id:12,Stage Id:8
16/11/14 17:24:23 INFO myLogger: [MapPartitionsRDD]StartAt:8683760444398,TaskAttempt ID:110,Partition Id:1,Stage Id:8
16/11/14 17:24:23 INFO myLogger: [MapPartitionsRDD]StartAt:8683760532779,TaskAttempt ID:120,Partition Id:12,Stage Id:8
16/11/14 17:24:23 INFO myLogger: [ShuffledRDD]StartAt:8683760804305,TaskAttempt ID:110,Partition Id:1,Stage Id:8
16/11/14 17:24:23 INFO myLogger: [ShuffledRDD]StartAt:8683760875838,TaskAttempt ID:120,Partition Id:12,Stage Id:8
16/11/14 17:24:23 INFO myLogger: [UnionRDD]StartAt:8683765312071,TaskAttempt ID:117,Partition Id:9,Stage Id:8
16/11/14 17:24:23 INFO myLogger: [UnionRDD]StartAt:8683765595110,TaskAttempt ID:114,Partition Id:4,Stage Id:8
16/11/14 17:24:23 INFO myLogger: [MapPartitionsRDD]StartAt:8683767412337,TaskAttempt ID:117,Partition Id:9,Stage Id:8
16/11/14 17:24:23 INFO myLogger: [MapPartitionsRDD]StartAt:8683767660503,TaskAttempt ID:114,Partition Id:4,Stage Id:8
16/11/14 17:24:23 INFO myLogger: [ShuffledRDD]StartAt:8683768102504,TaskAttempt ID:117,Partition Id:9,Stage Id:8
16/11/14 17:24:23 INFO myLogger: [ShuffledRDD]StartAt:8683768252581,TaskAttempt ID:114,Partition Id:4,Stage Id:8
16/11/14 17:24:23 INFO myLogger: [ShuffledRDD]EndAt:8683809563182,TaskAttempt ID:117,Partition Id:9,Stage Id:8
16/11/14 17:24:23 INFO myLogger: [ShuffledRDD]EndAt:8683809840708,TaskAttempt ID:114,Partition Id:4,Stage Id:8
16/11/14 17:24:23 INFO myLogger: [MapPartitionsRDD]EndAt:8683810401061,TaskAttempt ID:117,Partition Id:9,Stage Id:8
16/11/14 17:24:23 INFO myLogger: [MapPartitionsRDD]EndAt:8683810484687,TaskAttempt ID:114,Partition Id:4,Stage Id:8
16/11/14 17:24:23 INFO myLogger: [ShuffledRDD]EndAt:8683811235160,TaskAttempt ID:110,Partition Id:1,Stage Id:8
16/11/14 17:24:23 INFO myLogger: [ShuffledRDD]EndAt:8683811624609,TaskAttempt ID:120,Partition Id:12,Stage Id:8
16/11/14 17:24:23 INFO myLogger: [MapPartitionsRDD]EndAt:8683812391355,TaskAttempt ID:110,Partition Id:1,Stage Id:8
16/11/14 17:24:23 INFO myLogger: [MapPartitionsRDD]EndAt:8683813012233,TaskAttempt ID:120,Partition Id:12,Stage Id:8
16/11/14 17:24:36 INFO myLogger: [UnionRDD]EndAt:8696949643652,TaskAttempt ID:120,Partition Id:12,Stage Id:8
16/11/14 17:24:37 INFO myLogger: [UnionRDD]EndAt:8698081591049,TaskAttempt ID:117,Partition Id:9,Stage Id:8
16/11/14 17:24:41 INFO myLogger: [UnionRDD]EndAt:8702234444155,TaskAttempt ID:114,Partition Id:4,Stage Id:8
16/11/14 17:24:43 INFO myLogger: [UnionRDD]EndAt:8703777609717,TaskAttempt ID:110,Partition Id:1,Stage Id:8
16/11/14 17:26:08 INFO myLogger: [UnionRDD]StartAt:8788719603777,TaskAttempt ID:124,Partition Id:1,Stage Id:9
16/11/14 17:26:08 INFO myLogger: [UnionRDD]StartAt:8788719809942,TaskAttempt ID:135,Partition Id:12,Stage Id:9
16/11/14 17:26:08 INFO myLogger: [UnionRDD]StartAt:8788719911911,TaskAttempt ID:132,Partition Id:9,Stage Id:9
16/11/14 17:26:08 INFO myLogger: [UnionRDD]StartAt:8788720014130,TaskAttempt ID:128,Partition Id:4,Stage Id:9
16/11/14 17:26:08 INFO myLogger: [MapPartitionsRDD]StartAt:8788722043423,TaskAttempt ID:124,Partition Id:1,Stage Id:9
16/11/14 17:26:08 INFO myLogger: [MapPartitionsRDD]StartAt:8788722386967,TaskAttempt ID:135,Partition Id:12,Stage Id:9
16/11/14 17:26:08 INFO myLogger: [MapPartitionsRDD]StartAt:8788722765062,TaskAttempt ID:128,Partition Id:4,Stage Id:9
16/11/14 17:26:08 INFO myLogger: [ShuffledRDD]StartAt:8788722861733,TaskAttempt ID:135,Partition Id:12,Stage Id:9
16/11/14 17:26:08 INFO myLogger: [ShuffledRDD]StartAt:8788722964951,TaskAttempt ID:124,Partition Id:1,Stage Id:9
16/11/14 17:26:08 INFO myLogger: [ShuffledRDD]StartAt:8788723782742,TaskAttempt ID:128,Partition Id:4,Stage Id:9
16/11/14 17:26:08 INFO myLogger: [MapPartitionsRDD]StartAt:8788723941246,TaskAttempt ID:132,Partition Id:9,Stage Id:9
16/11/14 17:26:08 INFO myLogger: [ShuffledRDD]StartAt:8788724706059,TaskAttempt ID:132,Partition Id:9,Stage Id:9
16/11/14 17:26:08 INFO myLogger: [ShuffledRDD]EndAt:8788762538111,TaskAttempt ID:135,Partition Id:12,Stage Id:9
16/11/14 17:26:08 INFO myLogger: [MapPartitionsRDD]EndAt:8788762926048,TaskAttempt ID:135,Partition Id:12,Stage Id:9
16/11/14 17:26:08 INFO myLogger: [ShuffledRDD]EndAt:8788766552814,TaskAttempt ID:132,Partition Id:9,Stage Id:9
16/11/14 17:26:08 INFO myLogger: [MapPartitionsRDD]EndAt:8788766925964,TaskAttempt ID:132,Partition Id:9,Stage Id:9
16/11/14 17:26:08 INFO myLogger: [ShuffledRDD]EndAt:8788794623267,TaskAttempt ID:124,Partition Id:1,Stage Id:9
16/11/14 17:26:08 INFO myLogger: [ShuffledRDD]EndAt:8788794898910,TaskAttempt ID:128,Partition Id:4,Stage Id:9
16/11/14 17:26:08 INFO myLogger: [MapPartitionsRDD]EndAt:8788798078016,TaskAttempt ID:124,Partition Id:1,Stage Id:9
16/11/14 17:26:08 INFO myLogger: [MapPartitionsRDD]EndAt:8788800607492,TaskAttempt ID:128,Partition Id:4,Stage Id:9
16/11/14 17:26:22 INFO myLogger: [UnionRDD]EndAt:8802980751058,TaskAttempt ID:132,Partition Id:9,Stage Id:9
16/11/14 17:26:27 INFO myLogger: [UnionRDD]EndAt:8807945420153,TaskAttempt ID:124,Partition Id:1,Stage Id:9
16/11/14 17:27:17 INFO myLogger: [UnionRDD]EndAt:8858431055996,TaskAttempt ID:135,Partition Id:12,Stage Id:9
16/11/14 17:27:24 INFO myLogger: [UnionRDD]EndAt:8864712615290,TaskAttempt ID:128,Partition Id:4,Stage Id:9
16/11/14 17:27:44 INFO myLogger: [UnionRDD]StartAt:8884970238852,TaskAttempt ID:139,Partition Id:1,Stage Id:10
16/11/14 17:27:44 INFO myLogger: [MapPartitionsRDD]StartAt:8884971416703,TaskAttempt ID:139,Partition Id:1,Stage Id:10
16/11/14 17:27:44 INFO myLogger: [ShuffledRDD]StartAt:8884971822703,TaskAttempt ID:139,Partition Id:1,Stage Id:10
16/11/14 17:27:44 INFO myLogger: [UnionRDD]StartAt:8884976048421,TaskAttempt ID:147,Partition Id:9,Stage Id:10
16/11/14 17:27:44 INFO myLogger: [UnionRDD]StartAt:8884976817337,TaskAttempt ID:150,Partition Id:12,Stage Id:10
16/11/14 17:27:44 INFO myLogger: [UnionRDD]StartAt:8884982559550,TaskAttempt ID:143,Partition Id:4,Stage Id:10
16/11/14 17:27:44 INFO myLogger: [MapPartitionsRDD]StartAt:8884984468582,TaskAttempt ID:147,Partition Id:9,Stage Id:10
16/11/14 17:27:44 INFO myLogger: [MapPartitionsRDD]StartAt:8884985217523,TaskAttempt ID:150,Partition Id:12,Stage Id:10
16/11/14 17:27:44 INFO myLogger: [ShuffledRDD]StartAt:8884985310757,TaskAttempt ID:147,Partition Id:9,Stage Id:10
16/11/14 17:27:44 INFO myLogger: [MapPartitionsRDD]StartAt:8884985508926,TaskAttempt ID:143,Partition Id:4,Stage Id:10
16/11/14 17:27:44 INFO myLogger: [ShuffledRDD]StartAt:8884986266800,TaskAttempt ID:150,Partition Id:12,Stage Id:10
16/11/14 17:27:44 INFO myLogger: [ShuffledRDD]StartAt:8884986808640,TaskAttempt ID:143,Partition Id:4,Stage Id:10
16/11/14 17:27:44 INFO myLogger: [ShuffledRDD]EndAt:8885017442835,TaskAttempt ID:139,Partition Id:1,Stage Id:10
16/11/14 17:27:44 INFO myLogger: [MapPartitionsRDD]EndAt:8885017983227,TaskAttempt ID:139,Partition Id:1,Stage Id:10
16/11/14 17:27:44 INFO myLogger: [ShuffledRDD]EndAt:8885018806560,TaskAttempt ID:150,Partition Id:12,Stage Id:10
16/11/14 17:27:44 INFO myLogger: [MapPartitionsRDD]EndAt:8885019324021,TaskAttempt ID:150,Partition Id:12,Stage Id:10
16/11/14 17:27:44 INFO myLogger: [ShuffledRDD]EndAt:8885020440249,TaskAttempt ID:147,Partition Id:9,Stage Id:10
16/11/14 17:27:44 INFO myLogger: [MapPartitionsRDD]EndAt:8885021806560,TaskAttempt ID:147,Partition Id:9,Stage Id:10
16/11/14 17:27:44 INFO myLogger: [ShuffledRDD]EndAt:8885024223515,TaskAttempt ID:143,Partition Id:4,Stage Id:10
16/11/14 17:27:44 INFO myLogger: [MapPartitionsRDD]EndAt:8885025196989,TaskAttempt ID:143,Partition Id:4,Stage Id:10
16/11/14 17:27:48 INFO myLogger: [UnionRDD]EndAt:8888709793823,TaskAttempt ID:147,Partition Id:9,Stage Id:10
16/11/14 17:27:57 INFO myLogger: [UnionRDD]EndAt:8898089610239,TaskAttempt ID:150,Partition Id:12,Stage Id:10
16/11/14 17:28:02 INFO myLogger: [UnionRDD]EndAt:8903523745590,TaskAttempt ID:139,Partition Id:1,Stage Id:10
16/11/14 17:28:04 INFO myLogger: [UnionRDD]EndAt:8904751068319,TaskAttempt ID:143,Partition Id:4,Stage Id:10
16/11/14 17:29:18 INFO myLogger: [UnionRDD]StartAt:8979050873751,TaskAttempt ID:156,Partition Id:1,Stage Id:11
16/11/14 17:29:18 INFO myLogger: [MapPartitionsRDD]StartAt:8979052076980,TaskAttempt ID:156,Partition Id:1,Stage Id:11
16/11/14 17:29:18 INFO myLogger: [ShuffledRDD]StartAt:8979052532148,TaskAttempt ID:156,Partition Id:1,Stage Id:11
16/11/14 17:29:18 INFO myLogger: [UnionRDD]StartAt:8979054083368,TaskAttempt ID:167,Partition Id:12,Stage Id:11
16/11/14 17:29:18 INFO myLogger: [UnionRDD]StartAt:8979056696860,TaskAttempt ID:164,Partition Id:9,Stage Id:11
16/11/14 17:29:18 INFO myLogger: [UnionRDD]StartAt:8979057178932,TaskAttempt ID:160,Partition Id:4,Stage Id:11
16/11/14 17:29:18 INFO myLogger: [MapPartitionsRDD]StartAt:8979058387508,TaskAttempt ID:167,Partition Id:12,Stage Id:11
16/11/14 17:29:18 INFO myLogger: [MapPartitionsRDD]StartAt:8979058989101,TaskAttempt ID:164,Partition Id:9,Stage Id:11
16/11/14 17:29:18 INFO myLogger: [MapPartitionsRDD]StartAt:8979059067596,TaskAttempt ID:160,Partition Id:4,Stage Id:11
16/11/14 17:29:18 INFO myLogger: [ShuffledRDD]StartAt:8979059146946,TaskAttempt ID:167,Partition Id:12,Stage Id:11
16/11/14 17:29:18 INFO myLogger: [ShuffledRDD]StartAt:8979059695898,TaskAttempt ID:164,Partition Id:9,Stage Id:11
16/11/14 17:29:18 INFO myLogger: [ShuffledRDD]StartAt:8979059862953,TaskAttempt ID:160,Partition Id:4,Stage Id:11
16/11/14 17:29:18 INFO myLogger: [ShuffledRDD]EndAt:8979102579493,TaskAttempt ID:167,Partition Id:12,Stage Id:11
16/11/14 17:29:18 INFO myLogger: [MapPartitionsRDD]EndAt:8979103077397,TaskAttempt ID:167,Partition Id:12,Stage Id:11
16/11/14 17:29:18 INFO myLogger: [ShuffledRDD]EndAt:8979104152353,TaskAttempt ID:164,Partition Id:9,Stage Id:11
16/11/14 17:29:18 INFO myLogger: [ShuffledRDD]EndAt:8979104526782,TaskAttempt ID:156,Partition Id:1,Stage Id:11
16/11/14 17:29:18 INFO myLogger: [ShuffledRDD]EndAt:8979104683700,TaskAttempt ID:160,Partition Id:4,Stage Id:11
16/11/14 17:29:18 INFO myLogger: [MapPartitionsRDD]EndAt:8979105341860,TaskAttempt ID:164,Partition Id:9,Stage Id:11
16/11/14 17:29:18 INFO myLogger: [MapPartitionsRDD]EndAt:8979105720187,TaskAttempt ID:160,Partition Id:4,Stage Id:11
16/11/14 17:29:18 INFO myLogger: [MapPartitionsRDD]EndAt:8979105868425,TaskAttempt ID:156,Partition Id:1,Stage Id:11
16/11/14 17:29:30 INFO myLogger: [UnionRDD]EndAt:8991341484000,TaskAttempt ID:164,Partition Id:9,Stage Id:11
16/11/14 17:29:34 INFO myLogger: [UnionRDD]EndAt:8994920488972,TaskAttempt ID:167,Partition Id:12,Stage Id:11
16/11/14 17:29:37 INFO myLogger: [UnionRDD]EndAt:8997912077801,TaskAttempt ID:156,Partition Id:1,Stage Id:11
16/11/14 17:29:40 INFO myLogger: [UnionRDD]EndAt:9000711307735,TaskAttempt ID:160,Partition Id:4,Stage Id:11
16/11/14 17:30:50 INFO myLogger: [UnionRDD]StartAt:9071420575196,TaskAttempt ID:171,Partition Id:1,Stage Id:12
16/11/14 17:30:50 INFO myLogger: [MapPartitionsRDD]StartAt:9071421358186,TaskAttempt ID:171,Partition Id:1,Stage Id:12
16/11/14 17:30:50 INFO myLogger: [ShuffledRDD]StartAt:9071421632934,TaskAttempt ID:171,Partition Id:1,Stage Id:12
16/11/14 17:30:50 INFO myLogger: [UnionRDD]StartAt:9071428047873,TaskAttempt ID:179,Partition Id:9,Stage Id:12
16/11/14 17:30:50 INFO myLogger: [UnionRDD]StartAt:9071428452029,TaskAttempt ID:182,Partition Id:12,Stage Id:12
16/11/14 17:30:50 INFO myLogger: [MapPartitionsRDD]StartAt:9071429954887,TaskAttempt ID:179,Partition Id:9,Stage Id:12
16/11/14 17:30:50 INFO myLogger: [UnionRDD]StartAt:9071430803838,TaskAttempt ID:175,Partition Id:4,Stage Id:12
16/11/14 17:30:50 INFO myLogger: [ShuffledRDD]StartAt:9071431122292,TaskAttempt ID:179,Partition Id:9,Stage Id:12
16/11/14 17:30:50 INFO myLogger: [MapPartitionsRDD]StartAt:9071431429174,TaskAttempt ID:182,Partition Id:12,Stage Id:12
16/11/14 17:30:50 INFO myLogger: [ShuffledRDD]StartAt:9071432342812,TaskAttempt ID:182,Partition Id:12,Stage Id:12
16/11/14 17:30:50 INFO myLogger: [MapPartitionsRDD]StartAt:9071433288056,TaskAttempt ID:175,Partition Id:4,Stage Id:12
16/11/14 17:30:50 INFO myLogger: [ShuffledRDD]StartAt:9071433652298,TaskAttempt ID:175,Partition Id:4,Stage Id:12
16/11/14 17:30:50 INFO myLogger: [ShuffledRDD]EndAt:9071461929916,TaskAttempt ID:171,Partition Id:1,Stage Id:12
16/11/14 17:30:50 INFO myLogger: [ShuffledRDD]EndAt:9071462463666,TaskAttempt ID:182,Partition Id:12,Stage Id:12
16/11/14 17:30:50 INFO myLogger: [MapPartitionsRDD]EndAt:9071462707160,TaskAttempt ID:171,Partition Id:1,Stage Id:12
16/11/14 17:30:50 INFO myLogger: [MapPartitionsRDD]EndAt:9071463214722,TaskAttempt ID:182,Partition Id:12,Stage Id:12
16/11/14 17:30:50 INFO myLogger: [ShuffledRDD]EndAt:9071465782214,TaskAttempt ID:175,Partition Id:4,Stage Id:12
16/11/14 17:30:50 INFO myLogger: [MapPartitionsRDD]EndAt:9071466262336,TaskAttempt ID:175,Partition Id:4,Stage Id:12
16/11/14 17:30:50 INFO myLogger: [ShuffledRDD]EndAt:9071468166957,TaskAttempt ID:179,Partition Id:9,Stage Id:12
16/11/14 17:30:50 INFO myLogger: [MapPartitionsRDD]EndAt:9071500761324,TaskAttempt ID:179,Partition Id:9,Stage Id:12
16/11/14 17:31:05 INFO myLogger: [UnionRDD]EndAt:9086551259647,TaskAttempt ID:182,Partition Id:12,Stage Id:12
16/11/14 17:31:11 INFO myLogger: [UnionRDD]EndAt:9091964645333,TaskAttempt ID:175,Partition Id:4,Stage Id:12
16/11/14 17:31:58 INFO myLogger: [UnionRDD]EndAt:9139056356915,TaskAttempt ID:179,Partition Id:9,Stage Id:12
16/11/14 17:32:03 INFO myLogger: [UnionRDD]EndAt:9144499088961,TaskAttempt ID:171,Partition Id:1,Stage Id:12
16/11/14 17:32:22 INFO myLogger: [MapPartitionsRDD]StartAt:9163637261665,TaskAttempt ID:187,Partition Id:1,Stage Id:13
16/11/14 17:32:22 INFO myLogger: [MapPartitionsRDD]StartAt:9163637423116,TaskAttempt ID:191,Partition Id:4,Stage Id:13
16/11/14 17:32:22 INFO myLogger: [ShuffledRDD]StartAt:9163637674267,TaskAttempt ID:187,Partition Id:1,Stage Id:13
16/11/14 17:32:22 INFO myLogger: [ShuffledRDD]StartAt:9163637756905,TaskAttempt ID:191,Partition Id:4,Stage Id:13
16/11/14 17:32:23 INFO myLogger: [ShuffledRDD]EndAt:9163666579256,TaskAttempt ID:187,Partition Id:1,Stage Id:13
16/11/14 17:32:23 INFO myLogger: [MapPartitionsRDD]EndAt:9163667106833,TaskAttempt ID:187,Partition Id:1,Stage Id:13
16/11/14 17:32:23 INFO myLogger: [ShuffledRDD]EndAt:9163671178648,TaskAttempt ID:191,Partition Id:4,Stage Id:13
16/11/14 17:32:23 INFO myLogger: [MapPartitionsRDD]EndAt:9163671708769,TaskAttempt ID:191,Partition Id:4,Stage Id:13
16/11/14 17:32:38 INFO myLogger: [UnionRDD]StartAt:9179021374556,TaskAttempt ID:196,Partition Id:1,Stage Id:24
16/11/14 17:32:38 INFO myLogger: [MapPartitionsRDD]StartAt:9179022139151,TaskAttempt ID:196,Partition Id:1,Stage Id:24
16/11/14 17:32:38 INFO myLogger: [ShuffledRDD]StartAt:9179022432348,TaskAttempt ID:196,Partition Id:1,Stage Id:24
16/11/14 17:32:38 INFO myLogger: [UnionRDD]StartAt:9179028486007,TaskAttempt ID:204,Partition Id:9,Stage Id:24
16/11/14 17:32:38 INFO myLogger: [UnionRDD]StartAt:9179030115717,TaskAttempt ID:207,Partition Id:12,Stage Id:24
16/11/14 17:32:38 INFO myLogger: [UnionRDD]StartAt:9179030900997,TaskAttempt ID:200,Partition Id:4,Stage Id:24
16/11/14 17:32:38 INFO myLogger: [MapPartitionsRDD]StartAt:9179031491337,TaskAttempt ID:204,Partition Id:9,Stage Id:24
16/11/14 17:32:38 INFO myLogger: [ShuffledRDD]StartAt:9179032463260,TaskAttempt ID:204,Partition Id:9,Stage Id:24
16/11/14 17:32:38 INFO myLogger: [MapPartitionsRDD]StartAt:9179032787490,TaskAttempt ID:207,Partition Id:12,Stage Id:24
16/11/14 17:32:38 INFO myLogger: [ShuffledRDD]StartAt:9179033623201,TaskAttempt ID:207,Partition Id:12,Stage Id:24
16/11/14 17:32:38 INFO myLogger: [MapPartitionsRDD]StartAt:9179033840177,TaskAttempt ID:200,Partition Id:4,Stage Id:24
16/11/14 17:32:38 INFO myLogger: [ShuffledRDD]StartAt:9179034367324,TaskAttempt ID:200,Partition Id:4,Stage Id:24
16/11/14 17:32:38 INFO myLogger: [ShuffledRDD]EndAt:9179040350315,TaskAttempt ID:196,Partition Id:1,Stage Id:24
16/11/14 17:32:38 INFO myLogger: [MapPartitionsRDD]EndAt:9179040709295,TaskAttempt ID:196,Partition Id:1,Stage Id:24
16/11/14 17:32:38 INFO myLogger: [ShuffledRDD]EndAt:9179070169244,TaskAttempt ID:207,Partition Id:12,Stage Id:24
16/11/14 17:32:38 INFO myLogger: [MapPartitionsRDD]EndAt:9179071712548,TaskAttempt ID:207,Partition Id:12,Stage Id:24
16/11/14 17:32:38 INFO myLogger: [ShuffledRDD]EndAt:9179078912535,TaskAttempt ID:204,Partition Id:9,Stage Id:24
16/11/14 17:32:38 INFO myLogger: [ShuffledRDD]EndAt:9179079234809,TaskAttempt ID:200,Partition Id:4,Stage Id:24
16/11/14 17:32:38 INFO myLogger: [MapPartitionsRDD]EndAt:9179079961995,TaskAttempt ID:204,Partition Id:9,Stage Id:24
16/11/14 17:32:38 INFO myLogger: [MapPartitionsRDD]EndAt:9179080152153,TaskAttempt ID:200,Partition Id:4,Stage Id:24
16/11/14 17:32:53 INFO myLogger: [UnionRDD]EndAt:9194300517792,TaskAttempt ID:207,Partition Id:12,Stage Id:24
16/11/14 17:32:58 INFO myLogger: [UnionRDD]EndAt:9199577855871,TaskAttempt ID:200,Partition Id:4,Stage Id:24
16/11/14 17:33:38 INFO myLogger: [UnionRDD]EndAt:9238799930414,TaskAttempt ID:196,Partition Id:1,Stage Id:24
16/11/14 17:33:41 INFO myLogger: [UnionRDD]EndAt:9242198605728,TaskAttempt ID:204,Partition Id:9,Stage Id:24
16/11/14 17:33:58 INFO myLogger: [MapPartitionsRDD]StartAt:9258843615301,TaskAttempt ID:213,Partition Id:1,Stage Id:25
16/11/14 17:33:58 INFO myLogger: [ShuffledRDD]StartAt:9258844037013,TaskAttempt ID:213,Partition Id:1,Stage Id:25
16/11/14 17:33:58 INFO myLogger: [MapPartitionsRDD]StartAt:9258846216046,TaskAttempt ID:216,Partition Id:4,Stage Id:25
16/11/14 17:33:58 INFO myLogger: [ShuffledRDD]StartAt:9258846761364,TaskAttempt ID:216,Partition Id:4,Stage Id:25
16/11/14 17:33:58 INFO myLogger: [ShuffledRDD]EndAt:9258873895649,TaskAttempt ID:216,Partition Id:4,Stage Id:25
16/11/14 17:33:58 INFO myLogger: [MapPartitionsRDD]EndAt:9258874184539,TaskAttempt ID:216,Partition Id:4,Stage Id:25
16/11/14 17:33:58 INFO myLogger: [ShuffledRDD]EndAt:9258889571615,TaskAttempt ID:213,Partition Id:1,Stage Id:25
16/11/14 17:33:58 INFO myLogger: [MapPartitionsRDD]EndAt:9258890095354,TaskAttempt ID:213,Partition Id:1,Stage Id:25
16/11/14 17:34:23 INFO myLogger: [UnionRDD]StartAt:9283653016963,TaskAttempt ID:219,Partition Id:1,Stage Id:36
16/11/14 17:34:23 INFO myLogger: [MapPartitionsRDD]StartAt:9283654201849,TaskAttempt ID:219,Partition Id:1,Stage Id:36
16/11/14 17:34:23 INFO myLogger: [ShuffledRDD]StartAt:9283654981958,TaskAttempt ID:219,Partition Id:1,Stage Id:36
16/11/14 17:34:23 INFO myLogger: [UnionRDD]StartAt:9283655273923,TaskAttempt ID:230,Partition Id:12,Stage Id:36
16/11/14 17:34:23 INFO myLogger: [UnionRDD]StartAt:9283656439351,TaskAttempt ID:223,Partition Id:4,Stage Id:36
16/11/14 17:34:23 INFO myLogger: [UnionRDD]StartAt:9283657385592,TaskAttempt ID:227,Partition Id:9,Stage Id:36
16/11/14 17:34:23 INFO myLogger: [MapPartitionsRDD]StartAt:9283657462779,TaskAttempt ID:230,Partition Id:12,Stage Id:36
16/11/14 17:34:23 INFO myLogger: [ShuffledRDD]StartAt:9283658242038,TaskAttempt ID:230,Partition Id:12,Stage Id:36
16/11/14 17:34:23 INFO myLogger: [MapPartitionsRDD]StartAt:9283658881567,TaskAttempt ID:223,Partition Id:4,Stage Id:36
16/11/14 17:34:23 INFO myLogger: [MapPartitionsRDD]StartAt:9283658937313,TaskAttempt ID:227,Partition Id:9,Stage Id:36
16/11/14 17:34:23 INFO myLogger: [ShuffledRDD]StartAt:9283659427959,TaskAttempt ID:227,Partition Id:9,Stage Id:36
16/11/14 17:34:23 INFO myLogger: [ShuffledRDD]StartAt:9283659770310,TaskAttempt ID:223,Partition Id:4,Stage Id:36
16/11/14 17:34:23 INFO myLogger: [ShuffledRDD]EndAt:9283672942905,TaskAttempt ID:219,Partition Id:1,Stage Id:36
16/11/14 17:34:23 INFO myLogger: [MapPartitionsRDD]EndAt:9283675302005,TaskAttempt ID:219,Partition Id:1,Stage Id:36
16/11/14 17:34:23 INFO myLogger: [ShuffledRDD]EndAt:9283679838334,TaskAttempt ID:227,Partition Id:9,Stage Id:36
16/11/14 17:34:23 INFO myLogger: [MapPartitionsRDD]EndAt:9283680180594,TaskAttempt ID:227,Partition Id:9,Stage Id:36
16/11/14 17:34:23 INFO myLogger: [ShuffledRDD]EndAt:9283681246517,TaskAttempt ID:230,Partition Id:12,Stage Id:36
16/11/14 17:34:23 INFO myLogger: [MapPartitionsRDD]EndAt:9283681884423,TaskAttempt ID:230,Partition Id:12,Stage Id:36
16/11/14 17:34:23 INFO myLogger: [ShuffledRDD]EndAt:9283683932718,TaskAttempt ID:223,Partition Id:4,Stage Id:36
16/11/14 17:34:23 INFO myLogger: [MapPartitionsRDD]EndAt:9283684544255,TaskAttempt ID:223,Partition Id:4,Stage Id:36
16/11/14 17:34:33 INFO myLogger: [UnionRDD]EndAt:9293974861801,TaskAttempt ID:223,Partition Id:4,Stage Id:36
16/11/14 17:34:38 INFO myLogger: [UnionRDD]EndAt:9299186049700,TaskAttempt ID:230,Partition Id:12,Stage Id:36
16/11/14 17:35:37 INFO myLogger: [UnionRDD]EndAt:9357691237028,TaskAttempt ID:227,Partition Id:9,Stage Id:36
16/11/14 17:35:40 INFO myLogger: [UnionRDD]EndAt:9360940802856,TaskAttempt ID:219,Partition Id:1,Stage Id:36
16/11/14 17:35:59 INFO myLogger: [MapPartitionsRDD]StartAt:9379955988214,TaskAttempt ID:238,Partition Id:1,Stage Id:37
16/11/14 17:35:59 INFO myLogger: [ShuffledRDD]StartAt:9379956328427,TaskAttempt ID:238,Partition Id:1,Stage Id:37
16/11/14 17:35:59 INFO myLogger: [MapPartitionsRDD]StartAt:9379958977952,TaskAttempt ID:241,Partition Id:4,Stage Id:37
16/11/14 17:35:59 INFO myLogger: [ShuffledRDD]StartAt:9379959541544,TaskAttempt ID:241,Partition Id:4,Stage Id:37
16/11/14 17:35:59 INFO myLogger: [ShuffledRDD]EndAt:9379975293613,TaskAttempt ID:238,Partition Id:1,Stage Id:37
16/11/14 17:35:59 INFO myLogger: [MapPartitionsRDD]EndAt:9379975631331,TaskAttempt ID:238,Partition Id:1,Stage Id:37
16/11/14 17:35:59 INFO myLogger: [ShuffledRDD]EndAt:9379976253961,TaskAttempt ID:241,Partition Id:4,Stage Id:37
16/11/14 17:35:59 INFO myLogger: [MapPartitionsRDD]EndAt:9379976718816,TaskAttempt ID:241,Partition Id:4,Stage Id:37
16/11/14 17:36:22 INFO myLogger: [UnionRDD]StartAt:9402893864705,TaskAttempt ID:244,Partition Id:1,Stage Id:48
16/11/14 17:36:22 INFO myLogger: [MapPartitionsRDD]StartAt:9402895911934,TaskAttempt ID:244,Partition Id:1,Stage Id:48
16/11/14 17:36:22 INFO myLogger: [ShuffledRDD]StartAt:9402896941296,TaskAttempt ID:244,Partition Id:1,Stage Id:48
16/11/14 17:36:22 INFO myLogger: [UnionRDD]StartAt:9402897115011,TaskAttempt ID:252,Partition Id:9,Stage Id:48
16/11/14 17:36:22 INFO myLogger: [UnionRDD]StartAt:9402897223934,TaskAttempt ID:255,Partition Id:12,Stage Id:48
16/11/14 17:36:22 INFO myLogger: [UnionRDD]StartAt:9402897577942,TaskAttempt ID:248,Partition Id:4,Stage Id:48
16/11/14 17:36:22 INFO myLogger: [MapPartitionsRDD]StartAt:9402899449455,TaskAttempt ID:252,Partition Id:9,Stage Id:48
16/11/14 17:36:22 INFO myLogger: [MapPartitionsRDD]StartAt:9402899926034,TaskAttempt ID:248,Partition Id:4,Stage Id:48
16/11/14 17:36:22 INFO myLogger: [MapPartitionsRDD]StartAt:9402900031867,TaskAttempt ID:255,Partition Id:12,Stage Id:48
16/11/14 17:36:22 INFO myLogger: [ShuffledRDD]StartAt:9402900132285,TaskAttempt ID:252,Partition Id:9,Stage Id:48
16/11/14 17:36:22 INFO myLogger: [ShuffledRDD]StartAt:9402900550608,TaskAttempt ID:248,Partition Id:4,Stage Id:48
16/11/14 17:36:22 INFO myLogger: [ShuffledRDD]StartAt:9402900657031,TaskAttempt ID:255,Partition Id:12,Stage Id:48
16/11/14 17:36:22 INFO myLogger: [ShuffledRDD]EndAt:9402920367106,TaskAttempt ID:244,Partition Id:1,Stage Id:48
16/11/14 17:36:22 INFO myLogger: [ShuffledRDD]EndAt:9402920832581,TaskAttempt ID:252,Partition Id:9,Stage Id:48
16/11/14 17:36:22 INFO myLogger: [MapPartitionsRDD]EndAt:9402920923295,TaskAttempt ID:244,Partition Id:1,Stage Id:48
16/11/14 17:36:22 INFO myLogger: [MapPartitionsRDD]EndAt:9402921331687,TaskAttempt ID:252,Partition Id:9,Stage Id:48
16/11/14 17:36:22 INFO myLogger: [ShuffledRDD]EndAt:9402921852169,TaskAttempt ID:248,Partition Id:4,Stage Id:48
16/11/14 17:36:22 INFO myLogger: [MapPartitionsRDD]EndAt:9402922370300,TaskAttempt ID:248,Partition Id:4,Stage Id:48
16/11/14 17:36:22 INFO myLogger: [ShuffledRDD]EndAt:9402922496226,TaskAttempt ID:255,Partition Id:12,Stage Id:48
16/11/14 17:36:22 INFO myLogger: [MapPartitionsRDD]EndAt:9402923273247,TaskAttempt ID:255,Partition Id:12,Stage Id:48
16/11/14 17:36:37 INFO myLogger: [UnionRDD]EndAt:9417786593772,TaskAttempt ID:255,Partition Id:12,Stage Id:48
16/11/14 17:36:42 INFO myLogger: [UnionRDD]EndAt:9422733259339,TaskAttempt ID:248,Partition Id:4,Stage Id:48
16/11/14 17:37:28 INFO myLogger: [UnionRDD]EndAt:9469138279408,TaskAttempt ID:252,Partition Id:9,Stage Id:48
16/11/14 17:37:35 INFO myLogger: [UnionRDD]EndAt:9475670412532,TaskAttempt ID:244,Partition Id:1,Stage Id:48
16/11/14 17:37:54 INFO myLogger: [MapPartitionsRDD]StartAt:9494857636894,TaskAttempt ID:261,Partition Id:1,Stage Id:49
16/11/14 17:37:54 INFO myLogger: [ShuffledRDD]StartAt:9494857895493,TaskAttempt ID:261,Partition Id:1,Stage Id:49
16/11/14 17:37:54 INFO myLogger: [MapPartitionsRDD]StartAt:9494861031811,TaskAttempt ID:265,Partition Id:4,Stage Id:49
16/11/14 17:37:54 INFO myLogger: [ShuffledRDD]StartAt:9494861701567,TaskAttempt ID:265,Partition Id:4,Stage Id:49
16/11/14 17:37:54 INFO myLogger: [ShuffledRDD]EndAt:9494883721121,TaskAttempt ID:261,Partition Id:1,Stage Id:49
16/11/14 17:37:54 INFO myLogger: [MapPartitionsRDD]EndAt:9494884279039,TaskAttempt ID:261,Partition Id:1,Stage Id:49
16/11/14 17:37:54 INFO myLogger: [ShuffledRDD]EndAt:9494884631167,TaskAttempt ID:265,Partition Id:4,Stage Id:49
16/11/14 17:37:54 INFO myLogger: [MapPartitionsRDD]EndAt:9494885241943,TaskAttempt ID:265,Partition Id:4,Stage Id:49
16/11/14 17:38:08 INFO myLogger: [UnionRDD]StartAt:9509312684755,TaskAttempt ID:268,Partition Id:1,Stage Id:60
16/11/14 17:38:08 INFO myLogger: [UnionRDD]StartAt:9509313935961,TaskAttempt ID:279,Partition Id:12,Stage Id:60
16/11/14 17:38:08 INFO myLogger: [UnionRDD]StartAt:9509315440055,TaskAttempt ID:272,Partition Id:4,Stage Id:60
16/11/14 17:38:08 INFO myLogger: [MapPartitionsRDD]StartAt:9509315529578,TaskAttempt ID:268,Partition Id:1,Stage Id:60
16/11/14 17:38:08 INFO myLogger: [ShuffledRDD]StartAt:9509316325033,TaskAttempt ID:268,Partition Id:1,Stage Id:60
16/11/14 17:38:08 INFO myLogger: [UnionRDD]StartAt:9509316412434,TaskAttempt ID:276,Partition Id:9,Stage Id:60
16/11/14 17:38:08 INFO myLogger: [MapPartitionsRDD]StartAt:9509317274334,TaskAttempt ID:279,Partition Id:12,Stage Id:60
16/11/14 17:38:08 INFO myLogger: [ShuffledRDD]StartAt:9509318326669,TaskAttempt ID:279,Partition Id:12,Stage Id:60
16/11/14 17:38:08 INFO myLogger: [MapPartitionsRDD]StartAt:9509318399528,TaskAttempt ID:272,Partition Id:4,Stage Id:60
16/11/14 17:38:08 INFO myLogger: [MapPartitionsRDD]StartAt:9509318514567,TaskAttempt ID:276,Partition Id:9,Stage Id:60
16/11/14 17:38:08 INFO myLogger: [ShuffledRDD]StartAt:9509319214903,TaskAttempt ID:272,Partition Id:4,Stage Id:60
16/11/14 17:38:08 INFO myLogger: [ShuffledRDD]StartAt:9509319665843,TaskAttempt ID:276,Partition Id:9,Stage Id:60
16/11/14 17:38:08 INFO myLogger: [ShuffledRDD]EndAt:9509331181783,TaskAttempt ID:268,Partition Id:1,Stage Id:60
16/11/14 17:38:08 INFO myLogger: [MapPartitionsRDD]EndAt:9509331487218,TaskAttempt ID:268,Partition Id:1,Stage Id:60
16/11/14 17:38:08 INFO myLogger: [ShuffledRDD]EndAt:9509333491293,TaskAttempt ID:279,Partition Id:12,Stage Id:60
16/11/14 17:38:08 INFO myLogger: [MapPartitionsRDD]EndAt:9509334237912,TaskAttempt ID:279,Partition Id:12,Stage Id:60
16/11/14 17:38:08 INFO myLogger: [ShuffledRDD]EndAt:9509334775425,TaskAttempt ID:272,Partition Id:4,Stage Id:60
16/11/14 17:38:08 INFO myLogger: [MapPartitionsRDD]EndAt:9509335198965,TaskAttempt ID:272,Partition Id:4,Stage Id:60
16/11/14 17:38:08 INFO myLogger: [ShuffledRDD]EndAt:9509337374565,TaskAttempt ID:276,Partition Id:9,Stage Id:60
16/11/14 17:38:08 INFO myLogger: [MapPartitionsRDD]EndAt:9509337777726,TaskAttempt ID:276,Partition Id:9,Stage Id:60
16/11/14 17:38:22 INFO myLogger: [UnionRDD]EndAt:9523573072670,TaskAttempt ID:279,Partition Id:12,Stage Id:60
16/11/14 17:38:32 INFO myLogger: [UnionRDD]EndAt:9533208807879,TaskAttempt ID:272,Partition Id:4,Stage Id:60
16/11/14 17:39:15 INFO myLogger: [UnionRDD]EndAt:9575849656533,TaskAttempt ID:276,Partition Id:9,Stage Id:60
16/11/14 17:39:21 INFO myLogger: [UnionRDD]EndAt:9581742823511,TaskAttempt ID:268,Partition Id:1,Stage Id:60
16/11/14 17:39:40 INFO myLogger: [MapPartitionsRDD]StartAt:9601579596355,TaskAttempt ID:284,Partition Id:1,Stage Id:61
16/11/14 17:39:40 INFO myLogger: [ShuffledRDD]StartAt:9601579912344,TaskAttempt ID:284,Partition Id:1,Stage Id:61
16/11/14 17:39:40 INFO myLogger: [MapPartitionsRDD]StartAt:9601582328226,TaskAttempt ID:288,Partition Id:4,Stage Id:61
16/11/14 17:39:40 INFO myLogger: [ShuffledRDD]StartAt:9601582886427,TaskAttempt ID:288,Partition Id:4,Stage Id:61
16/11/14 17:39:40 INFO myLogger: [ShuffledRDD]EndAt:9601614986941,TaskAttempt ID:284,Partition Id:1,Stage Id:61
16/11/14 17:39:40 INFO myLogger: [MapPartitionsRDD]EndAt:9601615260798,TaskAttempt ID:284,Partition Id:1,Stage Id:61
16/11/14 17:39:40 INFO myLogger: [ShuffledRDD]EndAt:9601619177607,TaskAttempt ID:288,Partition Id:4,Stage Id:61
16/11/14 17:39:40 INFO myLogger: [MapPartitionsRDD]EndAt:9601619471685,TaskAttempt ID:288,Partition Id:4,Stage Id:61
16/11/14 17:40:04 INFO myLogger: [UnionRDD]StartAt:9624873019347,TaskAttempt ID:294,Partition Id:1,Stage Id:72
16/11/14 17:40:04 INFO myLogger: [MapPartitionsRDD]StartAt:9624874167964,TaskAttempt ID:294,Partition Id:1,Stage Id:72
16/11/14 17:40:04 INFO myLogger: [ShuffledRDD]StartAt:9624874814527,TaskAttempt ID:294,Partition Id:1,Stage Id:72
16/11/14 17:40:04 INFO myLogger: [UnionRDD]StartAt:9624875478288,TaskAttempt ID:304,Partition Id:12,Stage Id:72
16/11/14 17:40:04 INFO myLogger: [UnionRDD]StartAt:9624876807439,TaskAttempt ID:301,Partition Id:9,Stage Id:72
16/11/14 17:40:04 INFO myLogger: [UnionRDD]StartAt:9624877045793,TaskAttempt ID:298,Partition Id:4,Stage Id:72
16/11/14 17:40:04 INFO myLogger: [MapPartitionsRDD]StartAt:9624877572411,TaskAttempt ID:304,Partition Id:12,Stage Id:72
16/11/14 17:40:04 INFO myLogger: [ShuffledRDD]StartAt:9624878228737,TaskAttempt ID:304,Partition Id:12,Stage Id:72
16/11/14 17:40:04 INFO myLogger: [MapPartitionsRDD]StartAt:9624878985669,TaskAttempt ID:301,Partition Id:9,Stage Id:72
16/11/14 17:40:04 INFO myLogger: [MapPartitionsRDD]StartAt:9624879297130,TaskAttempt ID:298,Partition Id:4,Stage Id:72
16/11/14 17:40:04 INFO myLogger: [ShuffledRDD]StartAt:9624879362795,TaskAttempt ID:301,Partition Id:9,Stage Id:72
16/11/14 17:40:04 INFO myLogger: [ShuffledRDD]StartAt:9624879949093,TaskAttempt ID:298,Partition Id:4,Stage Id:72
16/11/14 17:40:04 INFO myLogger: [ShuffledRDD]EndAt:9624892918493,TaskAttempt ID:294,Partition Id:1,Stage Id:72
16/11/14 17:40:04 INFO myLogger: [MapPartitionsRDD]EndAt:9624893278537,TaskAttempt ID:294,Partition Id:1,Stage Id:72
16/11/14 17:40:04 INFO myLogger: [ShuffledRDD]EndAt:9624895042177,TaskAttempt ID:304,Partition Id:12,Stage Id:72
16/11/14 17:40:04 INFO myLogger: [MapPartitionsRDD]EndAt:9624895399453,TaskAttempt ID:304,Partition Id:12,Stage Id:72
16/11/14 17:40:04 INFO myLogger: [ShuffledRDD]EndAt:9624895845097,TaskAttempt ID:301,Partition Id:9,Stage Id:72
16/11/14 17:40:04 INFO myLogger: [MapPartitionsRDD]EndAt:9624896242105,TaskAttempt ID:301,Partition Id:9,Stage Id:72
16/11/14 17:40:04 INFO myLogger: [ShuffledRDD]EndAt:9624898153844,TaskAttempt ID:298,Partition Id:4,Stage Id:72
16/11/14 17:40:04 INFO myLogger: [MapPartitionsRDD]EndAt:9624898460248,TaskAttempt ID:298,Partition Id:4,Stage Id:72
16/11/14 17:40:19 INFO myLogger: [UnionRDD]EndAt:9639728565716,TaskAttempt ID:304,Partition Id:12,Stage Id:72
16/11/14 17:40:23 INFO myLogger: [UnionRDD]EndAt:9644561158200,TaskAttempt ID:298,Partition Id:4,Stage Id:72
16/11/14 17:41:13 INFO myLogger: [UnionRDD]EndAt:9694087466774,TaskAttempt ID:301,Partition Id:9,Stage Id:72
16/11/14 17:41:17 INFO myLogger: [UnionRDD]EndAt:9698233723380,TaskAttempt ID:294,Partition Id:1,Stage Id:72
16/11/14 17:41:36 INFO myLogger: [MapPartitionsRDD]StartAt:9716998354759,TaskAttempt ID:308,Partition Id:1,Stage Id:73
16/11/14 17:41:36 INFO myLogger: [ShuffledRDD]StartAt:9716998693492,TaskAttempt ID:308,Partition Id:1,Stage Id:73
16/11/14 17:41:36 INFO myLogger: [MapPartitionsRDD]StartAt:9717000415205,TaskAttempt ID:312,Partition Id:4,Stage Id:73
16/11/14 17:41:36 INFO myLogger: [ShuffledRDD]StartAt:9717000893867,TaskAttempt ID:312,Partition Id:4,Stage Id:73
16/11/14 17:41:36 INFO myLogger: [ShuffledRDD]EndAt:9717033426032,TaskAttempt ID:308,Partition Id:1,Stage Id:73
16/11/14 17:41:36 INFO myLogger: [MapPartitionsRDD]EndAt:9717033829050,TaskAttempt ID:308,Partition Id:1,Stage Id:73
16/11/14 17:41:36 INFO myLogger: [ShuffledRDD]EndAt:9717038777489,TaskAttempt ID:312,Partition Id:4,Stage Id:73
16/11/14 17:41:36 INFO myLogger: [MapPartitionsRDD]EndAt:9717039036116,TaskAttempt ID:312,Partition Id:4,Stage Id:73
16/11/14 17:42:01 INFO myLogger: [UnionRDD]StartAt:9742057148674,TaskAttempt ID:317,Partition Id:1,Stage Id:84
16/11/14 17:42:01 INFO myLogger: [MapPartitionsRDD]StartAt:9742057788882,TaskAttempt ID:317,Partition Id:1,Stage Id:84
16/11/14 17:42:01 INFO myLogger: [ShuffledRDD]StartAt:9742058011222,TaskAttempt ID:317,Partition Id:1,Stage Id:84
16/11/14 17:42:01 INFO myLogger: [UnionRDD]StartAt:9742062346220,TaskAttempt ID:328,Partition Id:12,Stage Id:84
16/11/14 17:42:01 INFO myLogger: [UnionRDD]StartAt:9742062692938,TaskAttempt ID:325,Partition Id:9,Stage Id:84
16/11/14 17:42:01 INFO myLogger: [UnionRDD]StartAt:9742063440272,TaskAttempt ID:321,Partition Id:4,Stage Id:84
16/11/14 17:42:01 INFO myLogger: [MapPartitionsRDD]StartAt:9742065610704,TaskAttempt ID:328,Partition Id:12,Stage Id:84
16/11/14 17:42:01 INFO myLogger: [MapPartitionsRDD]StartAt:9742065776934,TaskAttempt ID:325,Partition Id:9,Stage Id:84
16/11/14 17:42:01 INFO myLogger: [MapPartitionsRDD]StartAt:9742065987588,TaskAttempt ID:321,Partition Id:4,Stage Id:84
16/11/14 17:42:01 INFO myLogger: [ShuffledRDD]StartAt:9742066560477,TaskAttempt ID:325,Partition Id:9,Stage Id:84
16/11/14 17:42:01 INFO myLogger: [ShuffledRDD]StartAt:9742066830400,TaskAttempt ID:328,Partition Id:12,Stage Id:84
16/11/14 17:42:01 INFO myLogger: [ShuffledRDD]StartAt:9742067207604,TaskAttempt ID:321,Partition Id:4,Stage Id:84
16/11/14 17:42:01 INFO myLogger: [ShuffledRDD]EndAt:9742071475061,TaskAttempt ID:317,Partition Id:1,Stage Id:84
16/11/14 17:42:01 INFO myLogger: [MapPartitionsRDD]EndAt:9742071997273,TaskAttempt ID:317,Partition Id:1,Stage Id:84
16/11/14 17:42:01 INFO myLogger: [ShuffledRDD]EndAt:9742082445486,TaskAttempt ID:321,Partition Id:4,Stage Id:84
16/11/14 17:42:01 INFO myLogger: [MapPartitionsRDD]EndAt:9742082753869,TaskAttempt ID:321,Partition Id:4,Stage Id:84
16/11/14 17:42:01 INFO myLogger: [ShuffledRDD]EndAt:9742084868371,TaskAttempt ID:325,Partition Id:9,Stage Id:84
16/11/14 17:42:01 INFO myLogger: [MapPartitionsRDD]EndAt:9742085486187,TaskAttempt ID:325,Partition Id:9,Stage Id:84
16/11/14 17:42:01 INFO myLogger: [ShuffledRDD]EndAt:9742215185162,TaskAttempt ID:328,Partition Id:12,Stage Id:84
16/11/14 17:42:01 INFO myLogger: [MapPartitionsRDD]EndAt:9742215462308,TaskAttempt ID:328,Partition Id:12,Stage Id:84
16/11/14 17:42:16 INFO myLogger: [UnionRDD]EndAt:9756670614196,TaskAttempt ID:328,Partition Id:12,Stage Id:84
16/11/14 17:42:21 INFO myLogger: [UnionRDD]EndAt:9762095422154,TaskAttempt ID:321,Partition Id:4,Stage Id:84
16/11/14 17:43:08 INFO myLogger: [UnionRDD]EndAt:9808925077345,TaskAttempt ID:325,Partition Id:9,Stage Id:84
16/11/14 17:43:14 INFO myLogger: [UnionRDD]EndAt:9815631059791,TaskAttempt ID:317,Partition Id:1,Stage Id:84
16/11/14 17:43:35 INFO myLogger: [MapPartitionsRDD]StartAt:9835896129976,TaskAttempt ID:334,Partition Id:1,Stage Id:85
16/11/14 17:43:35 INFO myLogger: [ShuffledRDD]StartAt:9835896412243,TaskAttempt ID:334,Partition Id:1,Stage Id:85
16/11/14 17:43:35 INFO myLogger: [MapPartitionsRDD]StartAt:9835899053123,TaskAttempt ID:337,Partition Id:4,Stage Id:85
16/11/14 17:43:35 INFO myLogger: [ShuffledRDD]StartAt:9835899609255,TaskAttempt ID:337,Partition Id:4,Stage Id:85
16/11/14 17:43:35 INFO myLogger: [ShuffledRDD]EndAt:9835921850851,TaskAttempt ID:334,Partition Id:1,Stage Id:85
16/11/14 17:43:35 INFO myLogger: [MapPartitionsRDD]EndAt:9835922272497,TaskAttempt ID:334,Partition Id:1,Stage Id:85
16/11/14 17:43:35 INFO myLogger: [ShuffledRDD]EndAt:9835925194016,TaskAttempt ID:337,Partition Id:4,Stage Id:85
16/11/14 17:43:35 INFO myLogger: [MapPartitionsRDD]EndAt:9835925672058,TaskAttempt ID:337,Partition Id:4,Stage Id:85
16/11/14 17:43:58 INFO myLogger: [UnionRDD]StartAt:9859069903066,TaskAttempt ID:341,Partition Id:1,Stage Id:96
16/11/14 17:43:58 INFO myLogger: [UnionRDD]StartAt:9859070415470,TaskAttempt ID:351,Partition Id:12,Stage Id:96
16/11/14 17:43:58 INFO myLogger: [MapPartitionsRDD]StartAt:9859072719750,TaskAttempt ID:341,Partition Id:1,Stage Id:96
16/11/14 17:43:58 INFO myLogger: [UnionRDD]StartAt:9859073101282,TaskAttempt ID:348,Partition Id:9,Stage Id:96
16/11/14 17:43:58 INFO myLogger: [ShuffledRDD]StartAt:9859073508294,TaskAttempt ID:341,Partition Id:1,Stage Id:96
16/11/14 17:43:58 INFO myLogger: [MapPartitionsRDD]StartAt:9859074025912,TaskAttempt ID:351,Partition Id:12,Stage Id:96
16/11/14 17:43:58 INFO myLogger: [UnionRDD]StartAt:9859074290846,TaskAttempt ID:345,Partition Id:4,Stage Id:96
16/11/14 17:43:58 INFO myLogger: [ShuffledRDD]StartAt:9859075255589,TaskAttempt ID:351,Partition Id:12,Stage Id:96
16/11/14 17:43:58 INFO myLogger: [MapPartitionsRDD]StartAt:9859075394157,TaskAttempt ID:348,Partition Id:9,Stage Id:96
16/11/14 17:43:58 INFO myLogger: [ShuffledRDD]StartAt:9859076422246,TaskAttempt ID:348,Partition Id:9,Stage Id:96
16/11/14 17:43:58 INFO myLogger: [MapPartitionsRDD]StartAt:9859076914796,TaskAttempt ID:345,Partition Id:4,Stage Id:96
16/11/14 17:43:58 INFO myLogger: [ShuffledRDD]StartAt:9859077216615,TaskAttempt ID:345,Partition Id:4,Stage Id:96
16/11/14 17:43:58 INFO myLogger: [ShuffledRDD]EndAt:9859089463425,TaskAttempt ID:341,Partition Id:1,Stage Id:96
16/11/14 17:43:58 INFO myLogger: [MapPartitionsRDD]EndAt:9859089740767,TaskAttempt ID:341,Partition Id:1,Stage Id:96
16/11/14 17:43:58 INFO myLogger: [ShuffledRDD]EndAt:9859090185930,TaskAttempt ID:351,Partition Id:12,Stage Id:96
16/11/14 17:43:58 INFO myLogger: [MapPartitionsRDD]EndAt:9859090456406,TaskAttempt ID:351,Partition Id:12,Stage Id:96
16/11/14 17:43:58 INFO myLogger: [ShuffledRDD]EndAt:9859092571105,TaskAttempt ID:345,Partition Id:4,Stage Id:96
16/11/14 17:43:58 INFO myLogger: [MapPartitionsRDD]EndAt:9859092903947,TaskAttempt ID:345,Partition Id:4,Stage Id:96
16/11/14 17:43:58 INFO myLogger: [ShuffledRDD]EndAt:9859093207733,TaskAttempt ID:348,Partition Id:9,Stage Id:96
16/11/14 17:43:58 INFO myLogger: [MapPartitionsRDD]EndAt:9859094074124,TaskAttempt ID:348,Partition Id:9,Stage Id:96
16/11/14 17:44:14 INFO myLogger: [UnionRDD]EndAt:9874684761177,TaskAttempt ID:351,Partition Id:12,Stage Id:96
16/11/14 17:44:19 INFO myLogger: [UnionRDD]EndAt:9880480908073,TaskAttempt ID:345,Partition Id:4,Stage Id:96
16/11/14 17:44:57 INFO myLogger: [UnionRDD]EndAt:9918519989892,TaskAttempt ID:341,Partition Id:1,Stage Id:96
16/11/14 17:45:01 INFO myLogger: [UnionRDD]EndAt:9922456876981,TaskAttempt ID:348,Partition Id:9,Stage Id:96
16/11/14 17:45:19 INFO myLogger: [MapPartitionsRDD]StartAt:9940081336612,TaskAttempt ID:355,Partition Id:1,Stage Id:97
16/11/14 17:45:19 INFO myLogger: [MapPartitionsRDD]StartAt:9940081558995,TaskAttempt ID:359,Partition Id:4,Stage Id:97
16/11/14 17:45:19 INFO myLogger: [ShuffledRDD]StartAt:9940081926030,TaskAttempt ID:355,Partition Id:1,Stage Id:97
16/11/14 17:45:19 INFO myLogger: [ShuffledRDD]StartAt:9940082025046,TaskAttempt ID:359,Partition Id:4,Stage Id:97
16/11/14 17:45:19 INFO myLogger: [ShuffledRDD]EndAt:9940113446908,TaskAttempt ID:359,Partition Id:4,Stage Id:97
16/11/14 17:45:19 INFO myLogger: [ShuffledRDD]EndAt:9940113725175,TaskAttempt ID:355,Partition Id:1,Stage Id:97
16/11/14 17:45:19 INFO myLogger: [MapPartitionsRDD]EndAt:9940114143972,TaskAttempt ID:359,Partition Id:4,Stage Id:97
16/11/14 17:45:19 INFO myLogger: [MapPartitionsRDD]EndAt:9940114214342,TaskAttempt ID:355,Partition Id:1,Stage Id:97
