16/11/14 17:17:17 INFO myLogger: [MapPartitionsRDD]StartAt:8259577306759,TaskAttempt ID:14,Partition Id:5,Stage Id:1
16/11/14 17:17:17 INFO myLogger: [MapPartitionsRDD]StartAt:8259577676580,TaskAttempt ID:10,Partition Id:1,Stage Id:1
16/11/14 17:17:18 INFO myLogger: [MapPartitionsRDD]EndAt:8260087419493,TaskAttempt ID:14,Partition Id:5,Stage Id:1
16/11/14 17:17:18 INFO myLogger: [MapPartitionsRDD]EndAt:8260087766906,TaskAttempt ID:10,Partition Id:1,Stage Id:1
16/11/14 17:17:44 INFO myLogger: [MapPartitionsRDD]StartAt:8285716348632,TaskAttempt ID:21,Partition Id:3,Stage Id:2
16/11/14 17:17:44 INFO myLogger: [MapPartitionsRDD]StartAt:8285716488993,TaskAttempt ID:25,Partition Id:7,Stage Id:2
16/11/14 17:17:44 INFO myLogger: [MapPartitionsRDD]EndAt:8285726896675,TaskAttempt ID:25,Partition Id:7,Stage Id:2
16/11/14 17:17:44 INFO myLogger: [MapPartitionsRDD]EndAt:8285727110542,TaskAttempt ID:21,Partition Id:3,Stage Id:2
16/11/14 17:18:21 INFO myLogger: [UnionRDD]StartAt:8323214742946,TaskAttempt ID:40,Partition Id:13,Stage Id:3
16/11/14 17:18:21 INFO myLogger: [UnionRDD]StartAt:8323214921372,TaskAttempt ID:32,Partition Id:6,Stage Id:3
16/11/14 17:18:21 INFO myLogger: [UnionRDD]StartAt:8323215170820,TaskAttempt ID:28,Partition Id:2,Stage Id:3
16/11/14 17:18:21 INFO myLogger: [UnionRDD]StartAt:8323215634706,TaskAttempt ID:36,Partition Id:9,Stage Id:3
16/11/14 17:18:21 INFO myLogger: [MapPartitionsRDD]StartAt:8323217504852,TaskAttempt ID:32,Partition Id:6,Stage Id:3
16/11/14 17:18:21 INFO myLogger: [MapPartitionsRDD]StartAt:8323218417160,TaskAttempt ID:28,Partition Id:2,Stage Id:3
16/11/14 17:18:21 INFO myLogger: [ShuffledRDD]StartAt:8323218744184,TaskAttempt ID:32,Partition Id:6,Stage Id:3
16/11/14 17:18:21 INFO myLogger: [ShuffledRDD]StartAt:8323219408552,TaskAttempt ID:28,Partition Id:2,Stage Id:3
16/11/14 17:18:21 INFO myLogger: [ParallelCollectionRDD]StartAt:8323235980029,TaskAttempt ID:40,Partition Id:13,Stage Id:3
16/11/14 17:18:21 INFO myLogger: [ParallelCollectionRDD]StartAt:8323236345974,TaskAttempt ID:36,Partition Id:9,Stage Id:3
16/11/14 17:18:21 INFO myLogger: [ParallelCollectionRDD]EndAt:8323236610683,TaskAttempt ID:40,Partition Id:13,Stage Id:3
16/11/14 17:18:21 INFO myLogger: [ParallelCollectionRDD]EndAt:8323236715528,TaskAttempt ID:36,Partition Id:9,Stage Id:3
16/11/14 17:18:21 INFO myLogger: [UnionRDD]EndAt:8323310381790,TaskAttempt ID:40,Partition Id:13,Stage Id:3
16/11/14 17:18:21 INFO myLogger: [UnionRDD]EndAt:8323340407332,TaskAttempt ID:36,Partition Id:9,Stage Id:3
16/11/14 17:18:21 INFO myLogger: [ShuffledRDD]EndAt:8323436653073,TaskAttempt ID:32,Partition Id:6,Stage Id:3
16/11/14 17:18:21 INFO myLogger: [ShuffledRDD]EndAt:8323436841159,TaskAttempt ID:28,Partition Id:2,Stage Id:3
16/11/14 17:18:21 INFO myLogger: [MapPartitionsRDD]EndAt:8323439053970,TaskAttempt ID:32,Partition Id:6,Stage Id:3
16/11/14 17:18:21 INFO myLogger: [MapPartitionsRDD]EndAt:8323439071930,TaskAttempt ID:28,Partition Id:2,Stage Id:3
16/11/14 17:18:39 INFO myLogger: [UnionRDD]EndAt:8341022176183,TaskAttempt ID:32,Partition Id:6,Stage Id:3
16/11/14 17:18:41 INFO myLogger: [UnionRDD]EndAt:8342829864668,TaskAttempt ID:28,Partition Id:2,Stage Id:3
16/11/14 17:19:01 INFO myLogger: [UnionRDD]StartAt:8363040191609,TaskAttempt ID:54,Partition Id:2,Stage Id:4
16/11/14 17:19:01 INFO myLogger: [UnionRDD]StartAt:8363041311196,TaskAttempt ID:50,Partition Id:13,Stage Id:4
16/11/14 17:19:01 INFO myLogger: [UnionRDD]StartAt:8363042947228,TaskAttempt ID:46,Partition Id:9,Stage Id:4
16/11/14 17:19:01 INFO myLogger: [MapPartitionsRDD]StartAt:8363043426069,TaskAttempt ID:54,Partition Id:2,Stage Id:4
16/11/14 17:19:01 INFO myLogger: [UnionRDD]StartAt:8363044119598,TaskAttempt ID:57,Partition Id:6,Stage Id:4
16/11/14 17:19:01 INFO myLogger: [ShuffledRDD]StartAt:8363044672835,TaskAttempt ID:54,Partition Id:2,Stage Id:4
16/11/14 17:19:01 INFO myLogger: [MapPartitionsRDD]StartAt:8363046440067,TaskAttempt ID:57,Partition Id:6,Stage Id:4
16/11/14 17:19:01 INFO myLogger: [ShuffledRDD]StartAt:8363046970162,TaskAttempt ID:57,Partition Id:6,Stage Id:4
16/11/14 17:19:01 INFO myLogger: [UnionRDD]EndAt:8363086690684,TaskAttempt ID:50,Partition Id:13,Stage Id:4
16/11/14 17:19:01 INFO myLogger: [UnionRDD]EndAt:8363094080809,TaskAttempt ID:46,Partition Id:9,Stage Id:4
16/11/14 17:19:01 INFO myLogger: [ShuffledRDD]EndAt:8363101783588,TaskAttempt ID:54,Partition Id:2,Stage Id:4
16/11/14 17:19:01 INFO myLogger: [MapPartitionsRDD]EndAt:8363102924108,TaskAttempt ID:54,Partition Id:2,Stage Id:4
16/11/14 17:19:01 INFO myLogger: [ShuffledRDD]EndAt:8363109381712,TaskAttempt ID:57,Partition Id:6,Stage Id:4
16/11/14 17:19:01 INFO myLogger: [MapPartitionsRDD]EndAt:8363109808964,TaskAttempt ID:57,Partition Id:6,Stage Id:4
16/11/14 17:19:19 INFO myLogger: [UnionRDD]EndAt:8380659997488,TaskAttempt ID:57,Partition Id:6,Stage Id:4
16/11/14 17:19:20 INFO myLogger: [UnionRDD]EndAt:8382360796698,TaskAttempt ID:54,Partition Id:2,Stage Id:4
16/11/14 17:19:41 INFO myLogger: [UnionRDD]StartAt:8402681742486,TaskAttempt ID:62,Partition Id:2,Stage Id:5
16/11/14 17:19:41 INFO myLogger: [MapPartitionsRDD]StartAt:8402682691148,TaskAttempt ID:62,Partition Id:2,Stage Id:5
16/11/14 17:19:41 INFO myLogger: [ShuffledRDD]StartAt:8402683002236,TaskAttempt ID:62,Partition Id:2,Stage Id:5
16/11/14 17:19:41 INFO myLogger: [UnionRDD]StartAt:8402691488636,TaskAttempt ID:72,Partition Id:14,Stage Id:5
16/11/14 17:19:41 INFO myLogger: [UnionRDD]StartAt:8402693317955,TaskAttempt ID:66,Partition Id:6,Stage Id:5
16/11/14 17:19:41 INFO myLogger: [MapPartitionsRDD]StartAt:8402694408823,TaskAttempt ID:66,Partition Id:6,Stage Id:5
16/11/14 17:19:41 INFO myLogger: [ShuffledRDD]StartAt:8402694756620,TaskAttempt ID:66,Partition Id:6,Stage Id:5
16/11/14 17:19:41 INFO myLogger: [UnionRDD]StartAt:8402701256975,TaskAttempt ID:69,Partition Id:10,Stage Id:5
16/11/14 17:19:41 INFO myLogger: [MapPartitionsRDD]StartAt:8402702544687,TaskAttempt ID:69,Partition Id:10,Stage Id:5
16/11/14 17:19:41 INFO myLogger: [ShuffledRDD]StartAt:8402702895863,TaskAttempt ID:69,Partition Id:10,Stage Id:5
16/11/14 17:19:41 INFO myLogger: [MapPartitionsRDD]StartAt:8402709318878,TaskAttempt ID:72,Partition Id:14,Stage Id:5
16/11/14 17:19:41 INFO myLogger: [ShuffledRDD]StartAt:8402710318744,TaskAttempt ID:72,Partition Id:14,Stage Id:5
16/11/14 17:19:41 INFO myLogger: [ShuffledRDD]EndAt:8402730110939,TaskAttempt ID:66,Partition Id:6,Stage Id:5
16/11/14 17:19:41 INFO myLogger: [MapPartitionsRDD]EndAt:8402730627163,TaskAttempt ID:66,Partition Id:6,Stage Id:5
16/11/14 17:19:41 INFO myLogger: [ShuffledRDD]EndAt:8402733548812,TaskAttempt ID:62,Partition Id:2,Stage Id:5
16/11/14 17:19:41 INFO myLogger: [MapPartitionsRDD]EndAt:8402734162474,TaskAttempt ID:62,Partition Id:2,Stage Id:5
16/11/14 17:19:41 INFO myLogger: [ShuffledRDD]EndAt:8402737454605,TaskAttempt ID:69,Partition Id:10,Stage Id:5
16/11/14 17:19:41 INFO myLogger: [MapPartitionsRDD]EndAt:8402737841227,TaskAttempt ID:69,Partition Id:10,Stage Id:5
16/11/14 17:19:41 INFO myLogger: [ShuffledRDD]EndAt:8402742088047,TaskAttempt ID:72,Partition Id:14,Stage Id:5
16/11/14 17:19:41 INFO myLogger: [MapPartitionsRDD]EndAt:8402742708891,TaskAttempt ID:72,Partition Id:14,Stage Id:5
16/11/14 17:19:54 INFO myLogger: [UnionRDD]EndAt:8415888209359,TaskAttempt ID:72,Partition Id:14,Stage Id:5
16/11/14 17:19:54 INFO myLogger: [UnionRDD]EndAt:8416457548304,TaskAttempt ID:69,Partition Id:10,Stage Id:5
16/11/14 17:20:00 INFO myLogger: [UnionRDD]EndAt:8421865945211,TaskAttempt ID:66,Partition Id:6,Stage Id:5
16/11/14 17:20:00 INFO myLogger: [UnionRDD]EndAt:8422380727457,TaskAttempt ID:62,Partition Id:2,Stage Id:5
16/11/14 17:21:16 INFO myLogger: [UnionRDD]StartAt:8497832370930,TaskAttempt ID:77,Partition Id:2,Stage Id:6
16/11/14 17:21:16 INFO myLogger: [MapPartitionsRDD]StartAt:8497833156359,TaskAttempt ID:77,Partition Id:2,Stage Id:6
16/11/14 17:21:16 INFO myLogger: [ShuffledRDD]StartAt:8497833420205,TaskAttempt ID:77,Partition Id:2,Stage Id:6
16/11/14 17:21:16 INFO myLogger: [UnionRDD]StartAt:8497837824684,TaskAttempt ID:87,Partition Id:14,Stage Id:6
16/11/14 17:21:16 INFO myLogger: [UnionRDD]StartAt:8497837882446,TaskAttempt ID:84,Partition Id:10,Stage Id:6
16/11/14 17:21:16 INFO myLogger: [UnionRDD]StartAt:8497838328970,TaskAttempt ID:81,Partition Id:6,Stage Id:6
16/11/14 17:21:16 INFO myLogger: [MapPartitionsRDD]StartAt:8497839555426,TaskAttempt ID:84,Partition Id:10,Stage Id:6
16/11/14 17:21:16 INFO myLogger: [MapPartitionsRDD]StartAt:8497839722817,TaskAttempt ID:87,Partition Id:14,Stage Id:6
16/11/14 17:21:16 INFO myLogger: [MapPartitionsRDD]StartAt:8497839918185,TaskAttempt ID:81,Partition Id:6,Stage Id:6
16/11/14 17:21:16 INFO myLogger: [ShuffledRDD]StartAt:8497840116902,TaskAttempt ID:84,Partition Id:10,Stage Id:6
16/11/14 17:21:16 INFO myLogger: [ShuffledRDD]StartAt:8497840338891,TaskAttempt ID:87,Partition Id:14,Stage Id:6
16/11/14 17:21:16 INFO myLogger: [ShuffledRDD]StartAt:8497840543518,TaskAttempt ID:81,Partition Id:6,Stage Id:6
16/11/14 17:21:16 INFO myLogger: [ShuffledRDD]EndAt:8497872678733,TaskAttempt ID:84,Partition Id:10,Stage Id:6
16/11/14 17:21:16 INFO myLogger: [MapPartitionsRDD]EndAt:8497873146975,TaskAttempt ID:84,Partition Id:10,Stage Id:6
16/11/14 17:21:16 INFO myLogger: [ShuffledRDD]EndAt:8497873656868,TaskAttempt ID:81,Partition Id:6,Stage Id:6
16/11/14 17:21:16 INFO myLogger: [MapPartitionsRDD]EndAt:8497874059228,TaskAttempt ID:81,Partition Id:6,Stage Id:6
16/11/14 17:21:16 INFO myLogger: [ShuffledRDD]EndAt:8497952856604,TaskAttempt ID:77,Partition Id:2,Stage Id:6
16/11/14 17:21:16 INFO myLogger: [MapPartitionsRDD]EndAt:8497953567313,TaskAttempt ID:77,Partition Id:2,Stage Id:6
16/11/14 17:21:16 INFO myLogger: [ShuffledRDD]EndAt:8497980877343,TaskAttempt ID:87,Partition Id:14,Stage Id:6
16/11/14 17:21:16 INFO myLogger: [MapPartitionsRDD]EndAt:8497981535905,TaskAttempt ID:87,Partition Id:14,Stage Id:6
16/11/14 17:21:28 INFO myLogger: [UnionRDD]EndAt:8510298088053,TaskAttempt ID:87,Partition Id:14,Stage Id:6
16/11/14 17:21:30 INFO myLogger: [UnionRDD]EndAt:8511973959767,TaskAttempt ID:84,Partition Id:10,Stage Id:6
16/11/14 17:21:35 INFO myLogger: [UnionRDD]EndAt:8516601946705,TaskAttempt ID:81,Partition Id:6,Stage Id:6
16/11/14 17:21:35 INFO myLogger: [UnionRDD]EndAt:8517458728712,TaskAttempt ID:77,Partition Id:2,Stage Id:6
16/11/14 17:22:50 INFO myLogger: [UnionRDD]StartAt:8591646718806,TaskAttempt ID:93,Partition Id:2,Stage Id:7
16/11/14 17:22:50 INFO myLogger: [MapPartitionsRDD]StartAt:8591647806891,TaskAttempt ID:93,Partition Id:2,Stage Id:7
16/11/14 17:22:50 INFO myLogger: [ShuffledRDD]StartAt:8591648233977,TaskAttempt ID:93,Partition Id:2,Stage Id:7
16/11/14 17:22:50 INFO myLogger: [UnionRDD]StartAt:8591653310299,TaskAttempt ID:104,Partition Id:14,Stage Id:7
16/11/14 17:22:50 INFO myLogger: [UnionRDD]StartAt:8591654211353,TaskAttempt ID:101,Partition Id:10,Stage Id:7
16/11/14 17:22:50 INFO myLogger: [UnionRDD]StartAt:8591654361226,TaskAttempt ID:97,Partition Id:6,Stage Id:7
16/11/14 17:22:50 INFO myLogger: [MapPartitionsRDD]StartAt:8591655137923,TaskAttempt ID:104,Partition Id:14,Stage Id:7
16/11/14 17:22:50 INFO myLogger: [ShuffledRDD]StartAt:8591655711282,TaskAttempt ID:104,Partition Id:14,Stage Id:7
16/11/14 17:22:50 INFO myLogger: [MapPartitionsRDD]StartAt:8591656136467,TaskAttempt ID:101,Partition Id:10,Stage Id:7
16/11/14 17:22:50 INFO myLogger: [ShuffledRDD]StartAt:8591656978019,TaskAttempt ID:101,Partition Id:10,Stage Id:7
16/11/14 17:22:50 INFO myLogger: [MapPartitionsRDD]StartAt:8591657122634,TaskAttempt ID:97,Partition Id:6,Stage Id:7
16/11/14 17:22:50 INFO myLogger: [ShuffledRDD]StartAt:8591657495958,TaskAttempt ID:97,Partition Id:6,Stage Id:7
16/11/14 17:22:50 INFO myLogger: [ShuffledRDD]EndAt:8591703337484,TaskAttempt ID:104,Partition Id:14,Stage Id:7
16/11/14 17:22:50 INFO myLogger: [ShuffledRDD]EndAt:8591703812954,TaskAttempt ID:101,Partition Id:10,Stage Id:7
16/11/14 17:22:50 INFO myLogger: [MapPartitionsRDD]EndAt:8591703961200,TaskAttempt ID:104,Partition Id:14,Stage Id:7
16/11/14 17:22:50 INFO myLogger: [MapPartitionsRDD]EndAt:8591704603714,TaskAttempt ID:101,Partition Id:10,Stage Id:7
16/11/14 17:22:50 INFO myLogger: [ShuffledRDD]EndAt:8591706154706,TaskAttempt ID:93,Partition Id:2,Stage Id:7
16/11/14 17:22:50 INFO myLogger: [ShuffledRDD]EndAt:8591706724714,TaskAttempt ID:97,Partition Id:6,Stage Id:7
16/11/14 17:22:50 INFO myLogger: [MapPartitionsRDD]EndAt:8591706876900,TaskAttempt ID:93,Partition Id:2,Stage Id:7
16/11/14 17:22:50 INFO myLogger: [MapPartitionsRDD]EndAt:8591707450017,TaskAttempt ID:97,Partition Id:6,Stage Id:7
16/11/14 17:23:04 INFO myLogger: [UnionRDD]EndAt:8606568718183,TaskAttempt ID:101,Partition Id:10,Stage Id:7
16/11/14 17:23:09 INFO myLogger: [UnionRDD]EndAt:8610954344865,TaskAttempt ID:93,Partition Id:2,Stage Id:7
16/11/14 17:23:58 INFO myLogger: [UnionRDD]EndAt:8660315902061,TaskAttempt ID:104,Partition Id:14,Stage Id:7
16/11/14 17:24:03 INFO myLogger: [UnionRDD]EndAt:8665510740867,TaskAttempt ID:97,Partition Id:6,Stage Id:7
16/11/14 17:24:23 INFO myLogger: [UnionRDD]StartAt:8684703265111,TaskAttempt ID:108,Partition Id:2,Stage Id:8
16/11/14 17:24:23 INFO myLogger: [MapPartitionsRDD]StartAt:8684704066018,TaskAttempt ID:108,Partition Id:2,Stage Id:8
16/11/14 17:24:23 INFO myLogger: [ShuffledRDD]StartAt:8684704393888,TaskAttempt ID:108,Partition Id:2,Stage Id:8
16/11/14 17:24:23 INFO myLogger: [UnionRDD]StartAt:8684712485534,TaskAttempt ID:118,Partition Id:14,Stage Id:8
16/11/14 17:24:23 INFO myLogger: [UnionRDD]StartAt:8684712698550,TaskAttempt ID:112,Partition Id:6,Stage Id:8
16/11/14 17:24:23 INFO myLogger: [UnionRDD]StartAt:8684712899042,TaskAttempt ID:115,Partition Id:10,Stage Id:8
16/11/14 17:24:23 INFO myLogger: [MapPartitionsRDD]StartAt:8684714270792,TaskAttempt ID:115,Partition Id:10,Stage Id:8
16/11/14 17:24:23 INFO myLogger: [MapPartitionsRDD]StartAt:8684714649947,TaskAttempt ID:112,Partition Id:6,Stage Id:8
16/11/14 17:24:23 INFO myLogger: [MapPartitionsRDD]StartAt:8684714749382,TaskAttempt ID:118,Partition Id:14,Stage Id:8
16/11/14 17:24:23 INFO myLogger: [ShuffledRDD]StartAt:8684714848745,TaskAttempt ID:115,Partition Id:10,Stage Id:8
16/11/14 17:24:23 INFO myLogger: [ShuffledRDD]StartAt:8684715223004,TaskAttempt ID:112,Partition Id:6,Stage Id:8
16/11/14 17:24:23 INFO myLogger: [ShuffledRDD]StartAt:8684715435481,TaskAttempt ID:118,Partition Id:14,Stage Id:8
16/11/14 17:24:23 INFO myLogger: [ShuffledRDD]EndAt:8684735173116,TaskAttempt ID:112,Partition Id:6,Stage Id:8
16/11/14 17:24:23 INFO myLogger: [MapPartitionsRDD]EndAt:8684735544285,TaskAttempt ID:112,Partition Id:6,Stage Id:8
16/11/14 17:24:23 INFO myLogger: [ShuffledRDD]EndAt:8684741261516,TaskAttempt ID:115,Partition Id:10,Stage Id:8
16/11/14 17:24:23 INFO myLogger: [MapPartitionsRDD]EndAt:8684741753928,TaskAttempt ID:115,Partition Id:10,Stage Id:8
16/11/14 17:24:23 INFO myLogger: [ShuffledRDD]EndAt:8684736712341,TaskAttempt ID:118,Partition Id:14,Stage Id:8
16/11/14 17:24:23 INFO myLogger: [MapPartitionsRDD]EndAt:8684742326349,TaskAttempt ID:118,Partition Id:14,Stage Id:8
16/11/14 17:24:23 INFO myLogger: [ShuffledRDD]EndAt:8684830383857,TaskAttempt ID:108,Partition Id:2,Stage Id:8
16/11/14 17:24:23 INFO myLogger: [MapPartitionsRDD]EndAt:8684831119663,TaskAttempt ID:108,Partition Id:2,Stage Id:8
16/11/14 17:24:27 INFO myLogger: [UnionRDD]EndAt:8689244890637,TaskAttempt ID:115,Partition Id:10,Stage Id:8
16/11/14 17:24:36 INFO myLogger: [UnionRDD]EndAt:8698421360832,TaskAttempt ID:118,Partition Id:14,Stage Id:8
16/11/14 17:24:42 INFO myLogger: [UnionRDD]EndAt:8703612952560,TaskAttempt ID:108,Partition Id:2,Stage Id:8
16/11/14 17:24:42 INFO myLogger: [UnionRDD]EndAt:8704289220005,TaskAttempt ID:112,Partition Id:6,Stage Id:8
16/11/14 17:26:08 INFO myLogger: [UnionRDD]StartAt:8789680340732,TaskAttempt ID:125,Partition Id:2,Stage Id:9
16/11/14 17:26:08 INFO myLogger: [MapPartitionsRDD]StartAt:8789681215079,TaskAttempt ID:125,Partition Id:2,Stage Id:9
16/11/14 17:26:08 INFO myLogger: [ShuffledRDD]StartAt:8789681503247,TaskAttempt ID:125,Partition Id:2,Stage Id:9
16/11/14 17:26:08 INFO myLogger: [UnionRDD]StartAt:8789687812910,TaskAttempt ID:133,Partition Id:10,Stage Id:9
16/11/14 17:26:08 INFO myLogger: [UnionRDD]StartAt:8789689654016,TaskAttempt ID:136,Partition Id:14,Stage Id:9
16/11/14 17:26:08 INFO myLogger: [MapPartitionsRDD]StartAt:8789691336342,TaskAttempt ID:133,Partition Id:10,Stage Id:9
16/11/14 17:26:08 INFO myLogger: [MapPartitionsRDD]StartAt:8789691462772,TaskAttempt ID:136,Partition Id:14,Stage Id:9
16/11/14 17:26:08 INFO myLogger: [ShuffledRDD]StartAt:8789692429405,TaskAttempt ID:133,Partition Id:10,Stage Id:9
16/11/14 17:26:08 INFO myLogger: [UnionRDD]StartAt:8789692876048,TaskAttempt ID:129,Partition Id:6,Stage Id:9
16/11/14 17:26:08 INFO myLogger: [MapPartitionsRDD]StartAt:8789693671529,TaskAttempt ID:129,Partition Id:6,Stage Id:9
16/11/14 17:26:08 INFO myLogger: [ShuffledRDD]StartAt:8789693962032,TaskAttempt ID:136,Partition Id:14,Stage Id:9
16/11/14 17:26:08 INFO myLogger: [ShuffledRDD]StartAt:8789694596997,TaskAttempt ID:129,Partition Id:6,Stage Id:9
16/11/14 17:26:08 INFO myLogger: [ShuffledRDD]EndAt:8789717586879,TaskAttempt ID:125,Partition Id:2,Stage Id:9
16/11/14 17:26:08 INFO myLogger: [MapPartitionsRDD]EndAt:8789722230484,TaskAttempt ID:125,Partition Id:2,Stage Id:9
16/11/14 17:26:08 INFO myLogger: [ShuffledRDD]EndAt:8789724242986,TaskAttempt ID:129,Partition Id:6,Stage Id:9
16/11/14 17:26:08 INFO myLogger: [MapPartitionsRDD]EndAt:8789724860471,TaskAttempt ID:129,Partition Id:6,Stage Id:9
16/11/14 17:26:08 INFO myLogger: [ShuffledRDD]EndAt:8789754021805,TaskAttempt ID:133,Partition Id:10,Stage Id:9
16/11/14 17:26:08 INFO myLogger: [MapPartitionsRDD]EndAt:8789754598008,TaskAttempt ID:133,Partition Id:10,Stage Id:9
16/11/14 17:26:08 INFO myLogger: [ShuffledRDD]EndAt:8789759026674,TaskAttempt ID:136,Partition Id:14,Stage Id:9
16/11/14 17:26:08 INFO myLogger: [MapPartitionsRDD]EndAt:8789759588184,TaskAttempt ID:136,Partition Id:14,Stage Id:9
16/11/14 17:26:20 INFO myLogger: [UnionRDD]EndAt:8802486930039,TaskAttempt ID:133,Partition Id:10,Stage Id:9
16/11/14 17:26:22 INFO myLogger: [UnionRDD]EndAt:8804460932031,TaskAttempt ID:136,Partition Id:14,Stage Id:9
16/11/14 17:26:27 INFO myLogger: [UnionRDD]EndAt:8809544144237,TaskAttempt ID:129,Partition Id:6,Stage Id:9
16/11/14 17:26:28 INFO myLogger: [UnionRDD]EndAt:8809893459076,TaskAttempt ID:125,Partition Id:2,Stage Id:9
16/11/14 17:27:44 INFO myLogger: [UnionRDD]StartAt:8886010052230,TaskAttempt ID:141,Partition Id:2,Stage Id:10
16/11/14 17:27:44 INFO myLogger: [MapPartitionsRDD]StartAt:8886011883135,TaskAttempt ID:141,Partition Id:2,Stage Id:10
16/11/14 17:27:44 INFO myLogger: [ShuffledRDD]StartAt:8886012652768,TaskAttempt ID:141,Partition Id:2,Stage Id:10
16/11/14 17:27:44 INFO myLogger: [UnionRDD]StartAt:8886013065613,TaskAttempt ID:151,Partition Id:14,Stage Id:10
16/11/14 17:27:44 INFO myLogger: [UnionRDD]StartAt:8886015495960,TaskAttempt ID:148,Partition Id:10,Stage Id:10
16/11/14 17:27:44 INFO myLogger: [UnionRDD]StartAt:8886016207772,TaskAttempt ID:145,Partition Id:6,Stage Id:10
16/11/14 17:27:44 INFO myLogger: [MapPartitionsRDD]StartAt:8886016318467,TaskAttempt ID:151,Partition Id:14,Stage Id:10
16/11/14 17:27:44 INFO myLogger: [ShuffledRDD]StartAt:8886017122849,TaskAttempt ID:151,Partition Id:14,Stage Id:10
16/11/14 17:27:44 INFO myLogger: [MapPartitionsRDD]StartAt:8886017705980,TaskAttempt ID:148,Partition Id:10,Stage Id:10
16/11/14 17:27:44 INFO myLogger: [MapPartitionsRDD]StartAt:8886018266346,TaskAttempt ID:145,Partition Id:6,Stage Id:10
16/11/14 17:27:44 INFO myLogger: [ShuffledRDD]StartAt:8886018370500,TaskAttempt ID:148,Partition Id:10,Stage Id:10
16/11/14 17:27:44 INFO myLogger: [ShuffledRDD]StartAt:8886018756541,TaskAttempt ID:145,Partition Id:6,Stage Id:10
16/11/14 17:27:44 INFO myLogger: [ShuffledRDD]EndAt:8886038309259,TaskAttempt ID:148,Partition Id:10,Stage Id:10
16/11/14 17:27:44 INFO myLogger: [MapPartitionsRDD]EndAt:8886038635155,TaskAttempt ID:148,Partition Id:10,Stage Id:10
16/11/14 17:27:44 INFO myLogger: [ShuffledRDD]EndAt:8886039813751,TaskAttempt ID:145,Partition Id:6,Stage Id:10
16/11/14 17:27:44 INFO myLogger: [MapPartitionsRDD]EndAt:8886040203935,TaskAttempt ID:145,Partition Id:6,Stage Id:10
16/11/14 17:27:44 INFO myLogger: [ShuffledRDD]EndAt:8886040720646,TaskAttempt ID:151,Partition Id:14,Stage Id:10
16/11/14 17:27:44 INFO myLogger: [MapPartitionsRDD]EndAt:8886041022901,TaskAttempt ID:151,Partition Id:14,Stage Id:10
16/11/14 17:27:44 INFO myLogger: [ShuffledRDD]EndAt:8886041711520,TaskAttempt ID:141,Partition Id:2,Stage Id:10
16/11/14 17:27:44 INFO myLogger: [MapPartitionsRDD]EndAt:8886042059487,TaskAttempt ID:141,Partition Id:2,Stage Id:10
16/11/14 17:27:56 INFO myLogger: [UnionRDD]EndAt:8898350205478,TaskAttempt ID:148,Partition Id:10,Stage Id:10
16/11/14 17:27:58 INFO myLogger: [UnionRDD]EndAt:8900275924964,TaskAttempt ID:151,Partition Id:14,Stage Id:10
16/11/14 17:28:02 INFO myLogger: [UnionRDD]EndAt:8904008683440,TaskAttempt ID:141,Partition Id:2,Stage Id:10
16/11/14 17:28:05 INFO myLogger: [UnionRDD]EndAt:8907094207398,TaskAttempt ID:145,Partition Id:6,Stage Id:10
16/11/14 17:29:18 INFO myLogger: [UnionRDD]StartAt:8980017307304,TaskAttempt ID:168,Partition Id:14,Stage Id:11
16/11/14 17:29:18 INFO myLogger: [UnionRDD]StartAt:8980017806427,TaskAttempt ID:158,Partition Id:2,Stage Id:11
16/11/14 17:29:18 INFO myLogger: [UnionRDD]StartAt:8980017893427,TaskAttempt ID:165,Partition Id:10,Stage Id:11
16/11/14 17:29:18 INFO myLogger: [UnionRDD]StartAt:8980018003384,TaskAttempt ID:162,Partition Id:6,Stage Id:11
16/11/14 17:29:18 INFO myLogger: [MapPartitionsRDD]StartAt:8980019741819,TaskAttempt ID:168,Partition Id:14,Stage Id:11
16/11/14 17:29:18 INFO myLogger: [MapPartitionsRDD]StartAt:8980020140967,TaskAttempt ID:158,Partition Id:2,Stage Id:11
16/11/14 17:29:18 INFO myLogger: [MapPartitionsRDD]StartAt:8980020241552,TaskAttempt ID:162,Partition Id:6,Stage Id:11
16/11/14 17:29:18 INFO myLogger: [MapPartitionsRDD]StartAt:8980020330408,TaskAttempt ID:165,Partition Id:10,Stage Id:11
16/11/14 17:29:18 INFO myLogger: [ShuffledRDD]StartAt:8980020612742,TaskAttempt ID:168,Partition Id:14,Stage Id:11
16/11/14 17:29:18 INFO myLogger: [ShuffledRDD]StartAt:8980020709798,TaskAttempt ID:158,Partition Id:2,Stage Id:11
16/11/14 17:29:18 INFO myLogger: [ShuffledRDD]StartAt:8980020794987,TaskAttempt ID:165,Partition Id:10,Stage Id:11
16/11/14 17:29:18 INFO myLogger: [ShuffledRDD]StartAt:8980021407537,TaskAttempt ID:162,Partition Id:6,Stage Id:11
16/11/14 17:29:18 INFO myLogger: [ShuffledRDD]EndAt:8980055392676,TaskAttempt ID:168,Partition Id:14,Stage Id:11
16/11/14 17:29:18 INFO myLogger: [MapPartitionsRDD]EndAt:8980055676611,TaskAttempt ID:168,Partition Id:14,Stage Id:11
16/11/14 17:29:18 INFO myLogger: [ShuffledRDD]EndAt:8980058442216,TaskAttempt ID:158,Partition Id:2,Stage Id:11
16/11/14 17:29:18 INFO myLogger: [MapPartitionsRDD]EndAt:8980073339379,TaskAttempt ID:158,Partition Id:2,Stage Id:11
16/11/14 17:29:18 INFO myLogger: [ShuffledRDD]EndAt:8980104348774,TaskAttempt ID:165,Partition Id:10,Stage Id:11
16/11/14 17:29:18 INFO myLogger: [ShuffledRDD]EndAt:8980105027811,TaskAttempt ID:162,Partition Id:6,Stage Id:11
16/11/14 17:29:18 INFO myLogger: [MapPartitionsRDD]EndAt:8980105208318,TaskAttempt ID:165,Partition Id:10,Stage Id:11
16/11/14 17:29:18 INFO myLogger: [MapPartitionsRDD]EndAt:8980129938263,TaskAttempt ID:162,Partition Id:6,Stage Id:11
16/11/14 17:29:32 INFO myLogger: [UnionRDD]EndAt:8994090437787,TaskAttempt ID:168,Partition Id:14,Stage Id:11
16/11/14 17:29:38 INFO myLogger: [UnionRDD]EndAt:9000197859726,TaskAttempt ID:162,Partition Id:6,Stage Id:11
16/11/14 17:30:25 INFO myLogger: [UnionRDD]EndAt:9047534003829,TaskAttempt ID:165,Partition Id:10,Stage Id:11
16/11/14 17:30:31 INFO myLogger: [UnionRDD]EndAt:9053095492317,TaskAttempt ID:158,Partition Id:2,Stage Id:11
16/11/14 17:30:50 INFO myLogger: [UnionRDD]StartAt:9072388416187,TaskAttempt ID:174,Partition Id:2,Stage Id:12
16/11/14 17:30:50 INFO myLogger: [MapPartitionsRDD]StartAt:9072389536101,TaskAttempt ID:174,Partition Id:2,Stage Id:12
16/11/14 17:30:50 INFO myLogger: [ShuffledRDD]StartAt:9072389869635,TaskAttempt ID:174,Partition Id:2,Stage Id:12
16/11/14 17:30:50 INFO myLogger: [UnionRDD]StartAt:9072393791259,TaskAttempt ID:184,Partition Id:14,Stage Id:12
16/11/14 17:30:50 INFO myLogger: [UnionRDD]StartAt:9072394207221,TaskAttempt ID:181,Partition Id:10,Stage Id:12
16/11/14 17:30:50 INFO myLogger: [UnionRDD]StartAt:9072396165995,TaskAttempt ID:178,Partition Id:6,Stage Id:12
16/11/14 17:30:50 INFO myLogger: [MapPartitionsRDD]StartAt:9072396444169,TaskAttempt ID:184,Partition Id:14,Stage Id:12
16/11/14 17:30:50 INFO myLogger: [MapPartitionsRDD]StartAt:9072396885666,TaskAttempt ID:181,Partition Id:10,Stage Id:12
16/11/14 17:30:50 INFO myLogger: [ShuffledRDD]StartAt:9072397183032,TaskAttempt ID:184,Partition Id:14,Stage Id:12
16/11/14 17:30:50 INFO myLogger: [ShuffledRDD]StartAt:9072397766136,TaskAttempt ID:181,Partition Id:10,Stage Id:12
16/11/14 17:30:50 INFO myLogger: [MapPartitionsRDD]StartAt:9072398751418,TaskAttempt ID:178,Partition Id:6,Stage Id:12
16/11/14 17:30:50 INFO myLogger: [ShuffledRDD]StartAt:9072399420076,TaskAttempt ID:178,Partition Id:6,Stage Id:12
16/11/14 17:30:50 INFO myLogger: [ShuffledRDD]EndAt:9072423644176,TaskAttempt ID:184,Partition Id:14,Stage Id:12
16/11/14 17:30:50 INFO myLogger: [MapPartitionsRDD]EndAt:9072427515505,TaskAttempt ID:184,Partition Id:14,Stage Id:12
16/11/14 17:30:50 INFO myLogger: [ShuffledRDD]EndAt:9072435862624,TaskAttempt ID:174,Partition Id:2,Stage Id:12
16/11/14 17:30:50 INFO myLogger: [MapPartitionsRDD]EndAt:9072436432796,TaskAttempt ID:174,Partition Id:2,Stage Id:12
16/11/14 17:30:50 INFO myLogger: [ShuffledRDD]EndAt:9072496310601,TaskAttempt ID:181,Partition Id:10,Stage Id:12
16/11/14 17:30:50 INFO myLogger: [MapPartitionsRDD]EndAt:9072496836315,TaskAttempt ID:181,Partition Id:10,Stage Id:12
16/11/14 17:30:50 INFO myLogger: [ShuffledRDD]EndAt:9072501082583,TaskAttempt ID:178,Partition Id:6,Stage Id:12
16/11/14 17:30:50 INFO myLogger: [MapPartitionsRDD]EndAt:9072582031718,TaskAttempt ID:178,Partition Id:6,Stage Id:12
16/11/14 17:30:54 INFO myLogger: [UnionRDD]EndAt:9076144492575,TaskAttempt ID:181,Partition Id:10,Stage Id:12
16/11/14 17:31:03 INFO myLogger: [UnionRDD]EndAt:9085577396113,TaskAttempt ID:184,Partition Id:14,Stage Id:12
16/11/14 17:31:09 INFO myLogger: [UnionRDD]EndAt:9090698039217,TaskAttempt ID:174,Partition Id:2,Stage Id:12
16/11/14 17:31:09 INFO myLogger: [UnionRDD]EndAt:9090819825572,TaskAttempt ID:178,Partition Id:6,Stage Id:12
16/11/14 17:32:23 INFO myLogger: [MapPartitionsRDD]StartAt:9164596961607,TaskAttempt ID:192,Partition Id:6,Stage Id:13
16/11/14 17:32:23 INFO myLogger: [MapPartitionsRDD]StartAt:9164597035137,TaskAttempt ID:188,Partition Id:2,Stage Id:13
16/11/14 17:32:23 INFO myLogger: [ShuffledRDD]StartAt:9164597338801,TaskAttempt ID:192,Partition Id:6,Stage Id:13
16/11/14 17:32:23 INFO myLogger: [ShuffledRDD]StartAt:9164597467253,TaskAttempt ID:188,Partition Id:2,Stage Id:13
16/11/14 17:32:23 INFO myLogger: [ShuffledRDD]EndAt:9164625572540,TaskAttempt ID:192,Partition Id:6,Stage Id:13
16/11/14 17:32:23 INFO myLogger: [MapPartitionsRDD]EndAt:9164626009677,TaskAttempt ID:192,Partition Id:6,Stage Id:13
16/11/14 17:32:23 INFO myLogger: [ShuffledRDD]EndAt:9164635141753,TaskAttempt ID:188,Partition Id:2,Stage Id:13
16/11/14 17:32:23 INFO myLogger: [MapPartitionsRDD]EndAt:9164635731740,TaskAttempt ID:188,Partition Id:2,Stage Id:13
16/11/14 17:32:38 INFO myLogger: [UnionRDD]StartAt:9179980612351,TaskAttempt ID:195,Partition Id:2,Stage Id:24
16/11/14 17:32:38 INFO myLogger: [MapPartitionsRDD]StartAt:9179981430903,TaskAttempt ID:195,Partition Id:2,Stage Id:24
16/11/14 17:32:38 INFO myLogger: [ShuffledRDD]StartAt:9179981710459,TaskAttempt ID:195,Partition Id:2,Stage Id:24
16/11/14 17:32:38 INFO myLogger: [UnionRDD]StartAt:9179988193601,TaskAttempt ID:206,Partition Id:14,Stage Id:24
16/11/14 17:32:38 INFO myLogger: [UnionRDD]StartAt:9179988349674,TaskAttempt ID:199,Partition Id:6,Stage Id:24
16/11/14 17:32:38 INFO myLogger: [UnionRDD]StartAt:9179988990823,TaskAttempt ID:203,Partition Id:10,Stage Id:24
16/11/14 17:32:38 INFO myLogger: [MapPartitionsRDD]StartAt:9179990980471,TaskAttempt ID:206,Partition Id:14,Stage Id:24
16/11/14 17:32:38 INFO myLogger: [MapPartitionsRDD]StartAt:9179991289404,TaskAttempt ID:199,Partition Id:6,Stage Id:24
16/11/14 17:32:38 INFO myLogger: [ShuffledRDD]StartAt:9179991948085,TaskAttempt ID:206,Partition Id:14,Stage Id:24
16/11/14 17:32:38 INFO myLogger: [MapPartitionsRDD]StartAt:9179992181925,TaskAttempt ID:203,Partition Id:10,Stage Id:24
16/11/14 17:32:38 INFO myLogger: [ShuffledRDD]StartAt:9179992300694,TaskAttempt ID:199,Partition Id:6,Stage Id:24
16/11/14 17:32:38 INFO myLogger: [ShuffledRDD]StartAt:9179992835181,TaskAttempt ID:203,Partition Id:10,Stage Id:24
16/11/14 17:32:38 INFO myLogger: [ShuffledRDD]EndAt:9180004243444,TaskAttempt ID:206,Partition Id:14,Stage Id:24
16/11/14 17:32:38 INFO myLogger: [ShuffledRDD]EndAt:9180004771953,TaskAttempt ID:195,Partition Id:2,Stage Id:24
16/11/14 17:32:38 INFO myLogger: [ShuffledRDD]EndAt:9180005108591,TaskAttempt ID:199,Partition Id:6,Stage Id:24
16/11/14 17:32:38 INFO myLogger: [MapPartitionsRDD]EndAt:9180005650638,TaskAttempt ID:206,Partition Id:14,Stage Id:24
16/11/14 17:32:38 INFO myLogger: [MapPartitionsRDD]EndAt:9180005776753,TaskAttempt ID:195,Partition Id:2,Stage Id:24
16/11/14 17:32:38 INFO myLogger: [MapPartitionsRDD]EndAt:9180005873547,TaskAttempt ID:199,Partition Id:6,Stage Id:24
16/11/14 17:32:38 INFO myLogger: [ShuffledRDD]EndAt:9180132229792,TaskAttempt ID:203,Partition Id:10,Stage Id:24
16/11/14 17:32:38 INFO myLogger: [MapPartitionsRDD]EndAt:9180132892037,TaskAttempt ID:203,Partition Id:10,Stage Id:24
16/11/14 17:32:51 INFO myLogger: [UnionRDD]EndAt:9192828362247,TaskAttempt ID:206,Partition Id:14,Stage Id:24
16/11/14 17:32:52 INFO myLogger: [UnionRDD]EndAt:9194397197706,TaskAttempt ID:203,Partition Id:10,Stage Id:24
16/11/14 17:32:56 INFO myLogger: [UnionRDD]EndAt:9198426955874,TaskAttempt ID:195,Partition Id:2,Stage Id:24
16/11/14 17:32:57 INFO myLogger: [UnionRDD]EndAt:9199450012944,TaskAttempt ID:199,Partition Id:6,Stage Id:24
16/11/14 17:33:58 INFO myLogger: [MapPartitionsRDD]StartAt:9259808033014,TaskAttempt ID:214,Partition Id:2,Stage Id:25
16/11/14 17:33:58 INFO myLogger: [MapPartitionsRDD]StartAt:9259808167924,TaskAttempt ID:217,Partition Id:6,Stage Id:25
16/11/14 17:33:58 INFO myLogger: [ShuffledRDD]StartAt:9259808733507,TaskAttempt ID:214,Partition Id:2,Stage Id:25
16/11/14 17:33:58 INFO myLogger: [ShuffledRDD]StartAt:9259808856337,TaskAttempt ID:217,Partition Id:6,Stage Id:25
16/11/14 17:33:58 INFO myLogger: [ShuffledRDD]EndAt:9259828821591,TaskAttempt ID:214,Partition Id:2,Stage Id:25
16/11/14 17:33:58 INFO myLogger: [MapPartitionsRDD]EndAt:9259829204513,TaskAttempt ID:214,Partition Id:2,Stage Id:25
16/11/14 17:33:58 INFO myLogger: [ShuffledRDD]EndAt:9259831304197,TaskAttempt ID:217,Partition Id:6,Stage Id:25
16/11/14 17:33:58 INFO myLogger: [MapPartitionsRDD]EndAt:9259831726144,TaskAttempt ID:217,Partition Id:6,Stage Id:25
16/11/14 17:34:23 INFO myLogger: [UnionRDD]StartAt:9284610122353,TaskAttempt ID:221,Partition Id:2,Stage Id:36
16/11/14 17:34:23 INFO myLogger: [MapPartitionsRDD]StartAt:9284612347013,TaskAttempt ID:221,Partition Id:2,Stage Id:36
16/11/14 17:34:23 INFO myLogger: [UnionRDD]StartAt:9284612652320,TaskAttempt ID:225,Partition Id:6,Stage Id:36
16/11/14 17:34:23 INFO myLogger: [ShuffledRDD]StartAt:9284612851163,TaskAttempt ID:221,Partition Id:2,Stage Id:36
16/11/14 17:34:23 INFO myLogger: [UnionRDD]StartAt:9284612977419,TaskAttempt ID:231,Partition Id:14,Stage Id:36
16/11/14 17:34:23 INFO myLogger: [UnionRDD]StartAt:9284614440167,TaskAttempt ID:228,Partition Id:10,Stage Id:36
16/11/14 17:34:23 INFO myLogger: [MapPartitionsRDD]StartAt:9284615317753,TaskAttempt ID:228,Partition Id:10,Stage Id:36
16/11/14 17:34:23 INFO myLogger: [ShuffledRDD]StartAt:9284615594132,TaskAttempt ID:228,Partition Id:10,Stage Id:36
16/11/14 17:34:23 INFO myLogger: [MapPartitionsRDD]StartAt:9284616525781,TaskAttempt ID:225,Partition Id:6,Stage Id:36
16/11/14 17:34:23 INFO myLogger: [MapPartitionsRDD]StartAt:9284616683987,TaskAttempt ID:231,Partition Id:14,Stage Id:36
16/11/14 17:34:23 INFO myLogger: [ShuffledRDD]StartAt:9284616985591,TaskAttempt ID:225,Partition Id:6,Stage Id:36
16/11/14 17:34:23 INFO myLogger: [ShuffledRDD]StartAt:9284617168774,TaskAttempt ID:231,Partition Id:14,Stage Id:36
16/11/14 17:34:23 INFO myLogger: [ShuffledRDD]EndAt:9284632285180,TaskAttempt ID:221,Partition Id:2,Stage Id:36
16/11/14 17:34:23 INFO myLogger: [MapPartitionsRDD]EndAt:9284632678302,TaskAttempt ID:221,Partition Id:2,Stage Id:36
16/11/14 17:34:23 INFO myLogger: [ShuffledRDD]EndAt:9284673180236,TaskAttempt ID:225,Partition Id:6,Stage Id:36
16/11/14 17:34:23 INFO myLogger: [MapPartitionsRDD]EndAt:9284673824958,TaskAttempt ID:225,Partition Id:6,Stage Id:36
16/11/14 17:34:23 INFO myLogger: [ShuffledRDD]EndAt:9284674116583,TaskAttempt ID:228,Partition Id:10,Stage Id:36
16/11/14 17:34:23 INFO myLogger: [MapPartitionsRDD]EndAt:9284675378508,TaskAttempt ID:228,Partition Id:10,Stage Id:36
16/11/14 17:34:23 INFO myLogger: [ShuffledRDD]EndAt:9284676314054,TaskAttempt ID:231,Partition Id:14,Stage Id:36
16/11/14 17:34:23 INFO myLogger: [MapPartitionsRDD]EndAt:9284677339124,TaskAttempt ID:231,Partition Id:14,Stage Id:36
16/11/14 17:34:36 INFO myLogger: [UnionRDD]EndAt:9298261309942,TaskAttempt ID:231,Partition Id:14,Stage Id:36
16/11/14 17:34:36 INFO myLogger: [UnionRDD]EndAt:9298350131306,TaskAttempt ID:228,Partition Id:10,Stage Id:36
16/11/14 17:34:42 INFO myLogger: [UnionRDD]EndAt:9303598102934,TaskAttempt ID:225,Partition Id:6,Stage Id:36
16/11/14 17:34:42 INFO myLogger: [UnionRDD]EndAt:9304110098566,TaskAttempt ID:221,Partition Id:2,Stage Id:36
16/11/14 17:35:59 INFO myLogger: [MapPartitionsRDD]StartAt:9380912750779,TaskAttempt ID:240,Partition Id:6,Stage Id:37
16/11/14 17:35:59 INFO myLogger: [MapPartitionsRDD]StartAt:9380912831159,TaskAttempt ID:237,Partition Id:2,Stage Id:37
16/11/14 17:35:59 INFO myLogger: [ShuffledRDD]StartAt:9380913132632,TaskAttempt ID:240,Partition Id:6,Stage Id:37
16/11/14 17:35:59 INFO myLogger: [ShuffledRDD]StartAt:9380913302144,TaskAttempt ID:237,Partition Id:2,Stage Id:37
16/11/14 17:35:59 INFO myLogger: [ShuffledRDD]EndAt:9380940661345,TaskAttempt ID:237,Partition Id:2,Stage Id:37
16/11/14 17:35:59 INFO myLogger: [MapPartitionsRDD]EndAt:9380941164785,TaskAttempt ID:237,Partition Id:2,Stage Id:37
16/11/14 17:35:59 INFO myLogger: [ShuffledRDD]EndAt:9380952384868,TaskAttempt ID:240,Partition Id:6,Stage Id:37
16/11/14 17:35:59 INFO myLogger: [MapPartitionsRDD]EndAt:9380952685623,TaskAttempt ID:240,Partition Id:6,Stage Id:37
16/11/14 17:36:22 INFO myLogger: [UnionRDD]StartAt:9403850932028,TaskAttempt ID:243,Partition Id:2,Stage Id:48
16/11/14 17:36:22 INFO myLogger: [MapPartitionsRDD]StartAt:9403852396694,TaskAttempt ID:243,Partition Id:2,Stage Id:48
16/11/14 17:36:22 INFO myLogger: [ShuffledRDD]StartAt:9403852890779,TaskAttempt ID:243,Partition Id:2,Stage Id:48
16/11/14 17:36:22 INFO myLogger: [UnionRDD]StartAt:9403853926985,TaskAttempt ID:254,Partition Id:14,Stage Id:48
16/11/14 17:36:22 INFO myLogger: [UnionRDD]StartAt:9403856178872,TaskAttempt ID:251,Partition Id:10,Stage Id:48
16/11/14 17:36:22 INFO myLogger: [UnionRDD]StartAt:9403856264342,TaskAttempt ID:247,Partition Id:6,Stage Id:48
16/11/14 17:36:22 INFO myLogger: [MapPartitionsRDD]StartAt:9403856761726,TaskAttempt ID:254,Partition Id:14,Stage Id:48
16/11/14 17:36:22 INFO myLogger: [ShuffledRDD]StartAt:9403857409313,TaskAttempt ID:254,Partition Id:14,Stage Id:48
16/11/14 17:36:22 INFO myLogger: [MapPartitionsRDD]StartAt:9403858316747,TaskAttempt ID:247,Partition Id:6,Stage Id:48
16/11/14 17:36:22 INFO myLogger: [MapPartitionsRDD]StartAt:9403858711377,TaskAttempt ID:251,Partition Id:10,Stage Id:48
16/11/14 17:36:22 INFO myLogger: [ShuffledRDD]StartAt:9403858763645,TaskAttempt ID:247,Partition Id:6,Stage Id:48
16/11/14 17:36:22 INFO myLogger: [ShuffledRDD]StartAt:9403859416862,TaskAttempt ID:251,Partition Id:10,Stage Id:48
16/11/14 17:36:22 INFO myLogger: [ShuffledRDD]EndAt:9403873287143,TaskAttempt ID:254,Partition Id:14,Stage Id:48
16/11/14 17:36:22 INFO myLogger: [MapPartitionsRDD]EndAt:9403873601481,TaskAttempt ID:254,Partition Id:14,Stage Id:48
16/11/14 17:36:22 INFO myLogger: [ShuffledRDD]EndAt:9403875432588,TaskAttempt ID:243,Partition Id:2,Stage Id:48
16/11/14 17:36:22 INFO myLogger: [ShuffledRDD]EndAt:9403875710128,TaskAttempt ID:247,Partition Id:6,Stage Id:48
16/11/14 17:36:22 INFO myLogger: [ShuffledRDD]EndAt:9403875835257,TaskAttempt ID:251,Partition Id:10,Stage Id:48
16/11/14 17:36:22 INFO myLogger: [MapPartitionsRDD]EndAt:9403876301573,TaskAttempt ID:247,Partition Id:6,Stage Id:48
16/11/14 17:36:22 INFO myLogger: [MapPartitionsRDD]EndAt:9403876411531,TaskAttempt ID:251,Partition Id:10,Stage Id:48
16/11/14 17:36:22 INFO myLogger: [MapPartitionsRDD]EndAt:9403877434855,TaskAttempt ID:243,Partition Id:2,Stage Id:48
16/11/14 17:36:31 INFO myLogger: [UnionRDD]EndAt:9413077303397,TaskAttempt ID:243,Partition Id:2,Stage Id:48
16/11/14 17:36:32 INFO myLogger: [UnionRDD]EndAt:9414382081490,TaskAttempt ID:247,Partition Id:6,Stage Id:48
16/11/14 17:36:35 INFO myLogger: [UnionRDD]EndAt:9416919161803,TaskAttempt ID:254,Partition Id:14,Stage Id:48
16/11/14 17:36:35 INFO myLogger: [UnionRDD]EndAt:9417525065817,TaskAttempt ID:251,Partition Id:10,Stage Id:48
16/11/14 17:37:54 INFO myLogger: [MapPartitionsRDD]StartAt:9495816828519,TaskAttempt ID:260,Partition Id:2,Stage Id:49
16/11/14 17:37:54 INFO myLogger: [ShuffledRDD]StartAt:9495817080437,TaskAttempt ID:260,Partition Id:2,Stage Id:49
16/11/14 17:37:54 INFO myLogger: [MapPartitionsRDD]StartAt:9495820045003,TaskAttempt ID:264,Partition Id:6,Stage Id:49
16/11/14 17:37:54 INFO myLogger: [ShuffledRDD]StartAt:9495820629106,TaskAttempt ID:264,Partition Id:6,Stage Id:49
16/11/14 17:37:54 INFO myLogger: [ShuffledRDD]EndAt:9495840399689,TaskAttempt ID:264,Partition Id:6,Stage Id:49
16/11/14 17:37:54 INFO myLogger: [MapPartitionsRDD]EndAt:9495840662766,TaskAttempt ID:264,Partition Id:6,Stage Id:49
16/11/14 17:37:54 INFO myLogger: [ShuffledRDD]EndAt:9495845134037,TaskAttempt ID:260,Partition Id:2,Stage Id:49
16/11/14 17:37:54 INFO myLogger: [MapPartitionsRDD]EndAt:9495845678082,TaskAttempt ID:260,Partition Id:2,Stage Id:49
16/11/14 17:38:08 INFO myLogger: [UnionRDD]StartAt:9510279087959,TaskAttempt ID:267,Partition Id:2,Stage Id:60
16/11/14 17:38:08 INFO myLogger: [MapPartitionsRDD]StartAt:9510279882737,TaskAttempt ID:267,Partition Id:2,Stage Id:60
16/11/14 17:38:08 INFO myLogger: [ShuffledRDD]StartAt:9510280183771,TaskAttempt ID:267,Partition Id:2,Stage Id:60
16/11/14 17:38:08 INFO myLogger: [UnionRDD]StartAt:9510284765742,TaskAttempt ID:278,Partition Id:14,Stage Id:60
16/11/14 17:38:08 INFO myLogger: [UnionRDD]StartAt:9510286331215,TaskAttempt ID:275,Partition Id:10,Stage Id:60
16/11/14 17:38:08 INFO myLogger: [UnionRDD]StartAt:9510287083818,TaskAttempt ID:271,Partition Id:6,Stage Id:60
16/11/14 17:38:08 INFO myLogger: [MapPartitionsRDD]StartAt:9510287646009,TaskAttempt ID:278,Partition Id:14,Stage Id:60
16/11/14 17:38:08 INFO myLogger: [ShuffledRDD]StartAt:9510288709423,TaskAttempt ID:278,Partition Id:14,Stage Id:60
16/11/14 17:38:08 INFO myLogger: [MapPartitionsRDD]StartAt:9510289364216,TaskAttempt ID:275,Partition Id:10,Stage Id:60
16/11/14 17:38:08 INFO myLogger: [MapPartitionsRDD]StartAt:9510289712384,TaskAttempt ID:271,Partition Id:6,Stage Id:60
16/11/14 17:38:08 INFO myLogger: [ShuffledRDD]StartAt:9510290299557,TaskAttempt ID:275,Partition Id:10,Stage Id:60
16/11/14 17:38:08 INFO myLogger: [ShuffledRDD]StartAt:9510290456944,TaskAttempt ID:271,Partition Id:6,Stage Id:60
16/11/14 17:38:08 INFO myLogger: [ShuffledRDD]EndAt:9510295932817,TaskAttempt ID:267,Partition Id:2,Stage Id:60
16/11/14 17:38:08 INFO myLogger: [MapPartitionsRDD]EndAt:9510297117892,TaskAttempt ID:267,Partition Id:2,Stage Id:60
16/11/14 17:38:08 INFO myLogger: [ShuffledRDD]EndAt:9510304236351,TaskAttempt ID:278,Partition Id:14,Stage Id:60
16/11/14 17:38:08 INFO myLogger: [MapPartitionsRDD]EndAt:9510304645181,TaskAttempt ID:278,Partition Id:14,Stage Id:60
16/11/14 17:38:08 INFO myLogger: [ShuffledRDD]EndAt:9510325083873,TaskAttempt ID:275,Partition Id:10,Stage Id:60
16/11/14 17:38:08 INFO myLogger: [MapPartitionsRDD]EndAt:9510325599044,TaskAttempt ID:275,Partition Id:10,Stage Id:60
16/11/14 17:38:08 INFO myLogger: [ShuffledRDD]EndAt:9510326133295,TaskAttempt ID:271,Partition Id:6,Stage Id:60
16/11/14 17:38:08 INFO myLogger: [MapPartitionsRDD]EndAt:9510326580218,TaskAttempt ID:271,Partition Id:6,Stage Id:60
16/11/14 17:38:13 INFO myLogger: [UnionRDD]EndAt:9514634293637,TaskAttempt ID:275,Partition Id:10,Stage Id:60
16/11/14 17:38:19 INFO myLogger: [UnionRDD]EndAt:9520690831891,TaskAttempt ID:271,Partition Id:6,Stage Id:60
16/11/14 17:38:22 INFO myLogger: [UnionRDD]EndAt:9524096152890,TaskAttempt ID:278,Partition Id:14,Stage Id:60
16/11/14 17:38:28 INFO myLogger: [UnionRDD]EndAt:9529763815004,TaskAttempt ID:267,Partition Id:2,Stage Id:60
16/11/14 17:39:40 INFO myLogger: [MapPartitionsRDD]StartAt:9602536745244,TaskAttempt ID:283,Partition Id:2,Stage Id:61
16/11/14 17:39:40 INFO myLogger: [ShuffledRDD]StartAt:9602537069395,TaskAttempt ID:283,Partition Id:2,Stage Id:61
16/11/14 17:39:40 INFO myLogger: [MapPartitionsRDD]StartAt:9602538999196,TaskAttempt ID:287,Partition Id:6,Stage Id:61
16/11/14 17:39:40 INFO myLogger: [ShuffledRDD]StartAt:9602539500900,TaskAttempt ID:287,Partition Id:6,Stage Id:61
16/11/14 17:39:40 INFO myLogger: [ShuffledRDD]EndAt:9602559456251,TaskAttempt ID:287,Partition Id:6,Stage Id:61
16/11/14 17:39:40 INFO myLogger: [MapPartitionsRDD]EndAt:9602559813505,TaskAttempt ID:287,Partition Id:6,Stage Id:61
16/11/14 17:39:40 INFO myLogger: [ShuffledRDD]EndAt:9602563337675,TaskAttempt ID:283,Partition Id:2,Stage Id:61
16/11/14 17:39:40 INFO myLogger: [MapPartitionsRDD]EndAt:9602563979145,TaskAttempt ID:283,Partition Id:2,Stage Id:61
16/11/14 17:40:04 INFO myLogger: [UnionRDD]StartAt:9625837003826,TaskAttempt ID:291,Partition Id:2,Stage Id:72
16/11/14 17:40:04 INFO myLogger: [MapPartitionsRDD]StartAt:9625837863843,TaskAttempt ID:291,Partition Id:2,Stage Id:72
16/11/14 17:40:04 INFO myLogger: [ShuffledRDD]StartAt:9625838088078,TaskAttempt ID:291,Partition Id:2,Stage Id:72
16/11/14 17:40:04 INFO myLogger: [UnionRDD]StartAt:9625840351102,TaskAttempt ID:302,Partition Id:14,Stage Id:72
16/11/14 17:40:04 INFO myLogger: [UnionRDD]StartAt:9625842254450,TaskAttempt ID:295,Partition Id:6,Stage Id:72
16/11/14 17:40:04 INFO myLogger: [UnionRDD]StartAt:9625842883120,TaskAttempt ID:299,Partition Id:10,Stage Id:72
16/11/14 17:40:04 INFO myLogger: [MapPartitionsRDD]StartAt:9625843019098,TaskAttempt ID:302,Partition Id:14,Stage Id:72
16/11/14 17:40:04 INFO myLogger: [ShuffledRDD]StartAt:9625844026554,TaskAttempt ID:302,Partition Id:14,Stage Id:72
16/11/14 17:40:04 INFO myLogger: [MapPartitionsRDD]StartAt:9625844831835,TaskAttempt ID:295,Partition Id:6,Stage Id:72
16/11/14 17:40:04 INFO myLogger: [MapPartitionsRDD]StartAt:9625845626601,TaskAttempt ID:299,Partition Id:10,Stage Id:72
16/11/14 17:40:04 INFO myLogger: [ShuffledRDD]StartAt:9625845766128,TaskAttempt ID:295,Partition Id:6,Stage Id:72
16/11/14 17:40:04 INFO myLogger: [ShuffledRDD]StartAt:9625846352078,TaskAttempt ID:299,Partition Id:10,Stage Id:72
16/11/14 17:40:04 INFO myLogger: [ShuffledRDD]EndAt:9625852861608,TaskAttempt ID:291,Partition Id:2,Stage Id:72
16/11/14 17:40:04 INFO myLogger: [MapPartitionsRDD]EndAt:9625853166191,TaskAttempt ID:291,Partition Id:2,Stage Id:72
16/11/14 17:40:04 INFO myLogger: [ShuffledRDD]EndAt:9625857940271,TaskAttempt ID:302,Partition Id:14,Stage Id:72
16/11/14 17:40:04 INFO myLogger: [MapPartitionsRDD]EndAt:9625858720929,TaskAttempt ID:302,Partition Id:14,Stage Id:72
16/11/14 17:40:04 INFO myLogger: [ShuffledRDD]EndAt:9625861201486,TaskAttempt ID:295,Partition Id:6,Stage Id:72
16/11/14 17:40:04 INFO myLogger: [MapPartitionsRDD]EndAt:9625861542289,TaskAttempt ID:295,Partition Id:6,Stage Id:72
16/11/14 17:40:04 INFO myLogger: [ShuffledRDD]EndAt:9626009735250,TaskAttempt ID:299,Partition Id:10,Stage Id:72
16/11/14 17:40:04 INFO myLogger: [MapPartitionsRDD]EndAt:9626010026146,TaskAttempt ID:299,Partition Id:10,Stage Id:72
16/11/14 17:40:18 INFO myLogger: [UnionRDD]EndAt:9639692916686,TaskAttempt ID:302,Partition Id:14,Stage Id:72
16/11/14 17:40:18 INFO myLogger: [UnionRDD]EndAt:9640330758507,TaskAttempt ID:299,Partition Id:10,Stage Id:72
16/11/14 17:40:22 INFO myLogger: [UnionRDD]EndAt:9644363868562,TaskAttempt ID:291,Partition Id:2,Stage Id:72
16/11/14 17:40:23 INFO myLogger: [UnionRDD]EndAt:9645570623287,TaskAttempt ID:295,Partition Id:6,Stage Id:72
16/11/14 17:41:36 INFO myLogger: [MapPartitionsRDD]StartAt:9717956218782,TaskAttempt ID:307,Partition Id:2,Stage Id:73
16/11/14 17:41:36 INFO myLogger: [ShuffledRDD]StartAt:9717956553678,TaskAttempt ID:307,Partition Id:2,Stage Id:73
16/11/14 17:41:36 INFO myLogger: [MapPartitionsRDD]StartAt:9717958184552,TaskAttempt ID:311,Partition Id:6,Stage Id:73
16/11/14 17:41:36 INFO myLogger: [ShuffledRDD]StartAt:9717958726686,TaskAttempt ID:311,Partition Id:6,Stage Id:73
16/11/14 17:41:36 INFO myLogger: [ShuffledRDD]EndAt:9717987396417,TaskAttempt ID:307,Partition Id:2,Stage Id:73
16/11/14 17:41:36 INFO myLogger: [MapPartitionsRDD]EndAt:9717987739518,TaskAttempt ID:307,Partition Id:2,Stage Id:73
16/11/14 17:41:36 INFO myLogger: [ShuffledRDD]EndAt:9717988158903,TaskAttempt ID:311,Partition Id:6,Stage Id:73
16/11/14 17:41:36 INFO myLogger: [MapPartitionsRDD]EndAt:9717988784710,TaskAttempt ID:311,Partition Id:6,Stage Id:73
16/11/14 17:42:01 INFO myLogger: [UnionRDD]StartAt:9743015826751,TaskAttempt ID:316,Partition Id:2,Stage Id:84
16/11/14 17:42:01 INFO myLogger: [MapPartitionsRDD]StartAt:9743016556298,TaskAttempt ID:316,Partition Id:2,Stage Id:84
16/11/14 17:42:01 INFO myLogger: [ShuffledRDD]StartAt:9743017038793,TaskAttempt ID:316,Partition Id:2,Stage Id:84
16/11/14 17:42:01 INFO myLogger: [UnionRDD]StartAt:9743019998463,TaskAttempt ID:327,Partition Id:14,Stage Id:84
16/11/14 17:42:01 INFO myLogger: [UnionRDD]StartAt:9743020494804,TaskAttempt ID:320,Partition Id:6,Stage Id:84
16/11/14 17:42:01 INFO myLogger: [UnionRDD]StartAt:9743020771912,TaskAttempt ID:324,Partition Id:10,Stage Id:84
16/11/14 17:42:01 INFO myLogger: [MapPartitionsRDD]StartAt:9743023007074,TaskAttempt ID:327,Partition Id:14,Stage Id:84
16/11/14 17:42:01 INFO myLogger: [MapPartitionsRDD]StartAt:9743023153192,TaskAttempt ID:324,Partition Id:10,Stage Id:84
16/11/14 17:42:01 INFO myLogger: [MapPartitionsRDD]StartAt:9743023292560,TaskAttempt ID:320,Partition Id:6,Stage Id:84
16/11/14 17:42:01 INFO myLogger: [ShuffledRDD]StartAt:9743023868442,TaskAttempt ID:327,Partition Id:14,Stage Id:84
16/11/14 17:42:01 INFO myLogger: [ShuffledRDD]StartAt:9743023975116,TaskAttempt ID:320,Partition Id:6,Stage Id:84
16/11/14 17:42:01 INFO myLogger: [ShuffledRDD]StartAt:9743024175235,TaskAttempt ID:324,Partition Id:10,Stage Id:84
16/11/14 17:42:01 INFO myLogger: [ShuffledRDD]EndAt:9743037127689,TaskAttempt ID:316,Partition Id:2,Stage Id:84
16/11/14 17:42:01 INFO myLogger: [MapPartitionsRDD]EndAt:9743037399985,TaskAttempt ID:316,Partition Id:2,Stage Id:84
16/11/14 17:42:01 INFO myLogger: [ShuffledRDD]EndAt:9743038411591,TaskAttempt ID:327,Partition Id:14,Stage Id:84
16/11/14 17:42:01 INFO myLogger: [MapPartitionsRDD]EndAt:9743038639831,TaskAttempt ID:327,Partition Id:14,Stage Id:84
16/11/14 17:42:01 INFO myLogger: [ShuffledRDD]EndAt:9743080668907,TaskAttempt ID:324,Partition Id:10,Stage Id:84
16/11/14 17:42:01 INFO myLogger: [MapPartitionsRDD]EndAt:9743081388995,TaskAttempt ID:324,Partition Id:10,Stage Id:84
16/11/14 17:42:01 INFO myLogger: [ShuffledRDD]EndAt:9743082044818,TaskAttempt ID:320,Partition Id:6,Stage Id:84
16/11/14 17:42:01 INFO myLogger: [MapPartitionsRDD]EndAt:9743110232907,TaskAttempt ID:320,Partition Id:6,Stage Id:84
16/11/14 17:42:05 INFO myLogger: [UnionRDD]EndAt:9746888738330,TaskAttempt ID:324,Partition Id:10,Stage Id:84
16/11/14 17:42:12 INFO myLogger: [UnionRDD]EndAt:9753811653361,TaskAttempt ID:320,Partition Id:6,Stage Id:84
16/11/14 17:42:14 INFO myLogger: [UnionRDD]EndAt:9756064388174,TaskAttempt ID:327,Partition Id:14,Stage Id:84
16/11/14 17:42:19 INFO myLogger: [UnionRDD]EndAt:9761339385024,TaskAttempt ID:316,Partition Id:2,Stage Id:84
16/11/14 17:43:35 INFO myLogger: [MapPartitionsRDD]StartAt:9836855730643,TaskAttempt ID:332,Partition Id:2,Stage Id:85
16/11/14 17:43:35 INFO myLogger: [ShuffledRDD]StartAt:9836855979478,TaskAttempt ID:332,Partition Id:2,Stage Id:85
16/11/14 17:43:35 INFO myLogger: [MapPartitionsRDD]StartAt:9836858136482,TaskAttempt ID:335,Partition Id:6,Stage Id:85
16/11/14 17:43:35 INFO myLogger: [ShuffledRDD]StartAt:9836858721938,TaskAttempt ID:335,Partition Id:6,Stage Id:85
16/11/14 17:43:35 INFO myLogger: [ShuffledRDD]EndAt:9836872752327,TaskAttempt ID:332,Partition Id:2,Stage Id:85
16/11/14 17:43:35 INFO myLogger: [MapPartitionsRDD]EndAt:9836873088670,TaskAttempt ID:332,Partition Id:2,Stage Id:85
16/11/14 17:43:35 INFO myLogger: [ShuffledRDD]EndAt:9836876816346,TaskAttempt ID:335,Partition Id:6,Stage Id:85
16/11/14 17:43:35 INFO myLogger: [MapPartitionsRDD]EndAt:9836878191110,TaskAttempt ID:335,Partition Id:6,Stage Id:85
16/11/14 17:43:58 INFO myLogger: [UnionRDD]StartAt:9860033111566,TaskAttempt ID:339,Partition Id:2,Stage Id:96
16/11/14 17:43:58 INFO myLogger: [UnionRDD]StartAt:9860033773778,TaskAttempt ID:347,Partition Id:10,Stage Id:96
16/11/14 17:43:58 INFO myLogger: [UnionRDD]StartAt:9860033861437,TaskAttempt ID:350,Partition Id:14,Stage Id:96
16/11/14 17:43:58 INFO myLogger: [MapPartitionsRDD]StartAt:9860035521420,TaskAttempt ID:339,Partition Id:2,Stage Id:96
16/11/14 17:43:58 INFO myLogger: [UnionRDD]StartAt:9860035720809,TaskAttempt ID:343,Partition Id:6,Stage Id:96
16/11/14 17:43:58 INFO myLogger: [ShuffledRDD]StartAt:9860036076601,TaskAttempt ID:339,Partition Id:2,Stage Id:96
16/11/14 17:43:58 INFO myLogger: [MapPartitionsRDD]StartAt:9860036176844,TaskAttempt ID:350,Partition Id:14,Stage Id:96
16/11/14 17:43:58 INFO myLogger: [ShuffledRDD]StartAt:9860036754851,TaskAttempt ID:350,Partition Id:14,Stage Id:96
16/11/14 17:43:58 INFO myLogger: [MapPartitionsRDD]StartAt:9860037048924,TaskAttempt ID:347,Partition Id:10,Stage Id:96
16/11/14 17:43:58 INFO myLogger: [ShuffledRDD]StartAt:9860037921107,TaskAttempt ID:347,Partition Id:10,Stage Id:96
16/11/14 17:43:58 INFO myLogger: [MapPartitionsRDD]StartAt:9860038273855,TaskAttempt ID:343,Partition Id:6,Stage Id:96
16/11/14 17:43:58 INFO myLogger: [ShuffledRDD]StartAt:9860038807023,TaskAttempt ID:343,Partition Id:6,Stage Id:96
16/11/14 17:43:58 INFO myLogger: [ShuffledRDD]EndAt:9860051594844,TaskAttempt ID:339,Partition Id:2,Stage Id:96
16/11/14 17:43:58 INFO myLogger: [MapPartitionsRDD]EndAt:9860051844173,TaskAttempt ID:339,Partition Id:2,Stage Id:96
16/11/14 17:43:58 INFO myLogger: [ShuffledRDD]EndAt:9860056613474,TaskAttempt ID:343,Partition Id:6,Stage Id:96
16/11/14 17:43:58 INFO myLogger: [ShuffledRDD]EndAt:9860057047641,TaskAttempt ID:350,Partition Id:14,Stage Id:96
16/11/14 17:43:58 INFO myLogger: [ShuffledRDD]EndAt:9860057168180,TaskAttempt ID:347,Partition Id:10,Stage Id:96
16/11/14 17:43:58 INFO myLogger: [MapPartitionsRDD]EndAt:9860057310486,TaskAttempt ID:343,Partition Id:6,Stage Id:96
16/11/14 17:43:58 INFO myLogger: [MapPartitionsRDD]EndAt:9860057880010,TaskAttempt ID:350,Partition Id:14,Stage Id:96
16/11/14 17:43:58 INFO myLogger: [MapPartitionsRDD]EndAt:9860058114315,TaskAttempt ID:347,Partition Id:10,Stage Id:96
16/11/14 17:44:07 INFO myLogger: [UnionRDD]EndAt:9868904154230,TaskAttempt ID:339,Partition Id:2,Stage Id:96
16/11/14 17:44:11 INFO myLogger: [UnionRDD]EndAt:9873533504568,TaskAttempt ID:347,Partition Id:10,Stage Id:96
16/11/14 17:44:12 INFO myLogger: [UnionRDD]EndAt:9874320162731,TaskAttempt ID:350,Partition Id:14,Stage Id:96
16/11/14 17:44:19 INFO myLogger: [UnionRDD]EndAt:9881174839437,TaskAttempt ID:343,Partition Id:6,Stage Id:96
16/11/14 17:45:19 INFO myLogger: [MapPartitionsRDD]StartAt:9941036053654,TaskAttempt ID:356,Partition Id:2,Stage Id:97
16/11/14 17:45:19 INFO myLogger: [ShuffledRDD]StartAt:9941036342535,TaskAttempt ID:356,Partition Id:2,Stage Id:97
16/11/14 17:45:19 INFO myLogger: [MapPartitionsRDD]StartAt:9941039537307,TaskAttempt ID:360,Partition Id:6,Stage Id:97
16/11/14 17:45:19 INFO myLogger: [ShuffledRDD]StartAt:9941039974561,TaskAttempt ID:360,Partition Id:6,Stage Id:97
16/11/14 17:45:19 INFO myLogger: [ShuffledRDD]EndAt:9941065319376,TaskAttempt ID:360,Partition Id:6,Stage Id:97
16/11/14 17:45:19 INFO myLogger: [MapPartitionsRDD]EndAt:9941065905308,TaskAttempt ID:360,Partition Id:6,Stage Id:97
16/11/14 17:45:19 INFO myLogger: [ShuffledRDD]EndAt:9941076592753,TaskAttempt ID:356,Partition Id:2,Stage Id:97
16/11/14 17:45:19 INFO myLogger: [MapPartitionsRDD]EndAt:9941078201549,TaskAttempt ID:356,Partition Id:2,Stage Id:97
