16/11/03 19:12:36 INFO myLogger: [MapPartitionsRDD]StartAt:21579548185921,TaskAttempt ID:1,Partition Id:1,Stage Id:0
16/11/03 19:12:36 INFO myLogger: [MapPartitionsRDD]StartAt:21579548391012,TaskAttempt ID:3,Partition Id:3,Stage Id:16/11/03 19:13:33 INFO myLogger: [MapPartitionsRDD]StartAt:21634479263506,TaskAttempt ID:9,Partition Id:1,Stage Id:2
16/11/03 19:13:33 INFO myLogger: [MapPartitionsRDD]EndAt:21634489141031,TaskAttempt ID:9,Partition Id:1,Stage Id:2
1616/11/03 19:14:26 INFO myLogger: [UnionRDD]StartAt:21236359897001,TaskAttempt ID:17,Partition Id:5,Stage Id:3
16/11/03 19:14:26 INFO myLogger: [UnionRDD]StartAt:21236361510784,TaskAttempt ID:21,Partition Id:9,Stage Id:3
16/11/03 19:14:26 INFO myLogger: [UnionRDD]StartAt:21236362337469,TaskAttempt ID:25,Partition Id:13,Stage Id:3
16/11/03 19:14:26 INFO myLogger: [UnionRDD]StartAt:21236365719042,TaskAttempt ID:13,Partition Id:4,Stage Id:3
16/11/03 19:14:26 INFO myLogger: [MapPartitionsRDD]StartAt:21236366053584,TaskAttempt ID:17,Partition Id:5,Stage Id:3
16/11/03 19:14:26 INFO myLogger: [ShuffledRDD]StartAt:21236367148345,TaskAttempt ID:17,Partition Id:5,Stage Id:3
16/11/03 19:14:26 INFO myLogger: [MapPartitionsRDD]StartAt:21236368311154,TaskAttempt ID:13,Partition Id:4,Stage Id:3
16/11/03 19:14:26 INFO myLogger: [ShuffledRDD]StartAt:21236368971587,TaskAttempt ID:13,Partition Id:4,Stage Id:3
16/11/03 19:14:26 INFO myLogger: [ParallelCollectionRDD]StartAt:21236381864636,TaskAttempt ID:21,Partition Id:9,Stage Id:3
16/11/03 19:14:26 INFO myLogger: [ParallelCollectionRDD]StartAt:21236381979048,TaskAttempt ID:25,Partition Id:13,Stage Id:3
16/11/03 19:14:26 INFO myLogger: [ParallelCollectionRDD]EndAt:21236382717890,TaskAttempt ID:21,Partition Id:9,Stage Id:3
16/11/03 19:14:26 INFO myLogger: [ParallelCollectionRDD]EndAt:21236382744591,TaskAttempt ID:25,Partition Id:13,Stage Id:3
16/11/03 19:14:26 INFO myLogger: [UnionRDD]EndAt:21236421837887,TaskAttempt ID:25,Partition Id:13,Stage Id:3
16/11/03 19:14:26 INFO myLogger: [UnionRDD]EndAt:21236467187405,TaskAttempt ID:21,Partition Id:9,Stage Id:3
16/11/03 19:14:26 INFO myLogger: [ShuffledRDD]EndAt:21236579404323,TaskAttempt ID:17,Partition Id:5,Stage Id:3
16/11/03 19:14:26 INFO myLogger: [ShuffledRDD]EndAt:21236579759118,TaskAttempt ID:13,Partition Id:4,Stage Id:3
16/11/03 19:14:26 INFO myLogger: [MapPartitionsRDD]EndAt:21236581929889,TaskAttempt ID:13,Partition Id:4,Stage Id:3
16/11/03 19:14:26 INFO myLogger: [MapPartitionsRDD]EndAt:21236581926872,TaskAttempt ID:17,Partition Id:5,Stage Id:3
16/11/03 19:14:34 INFO myLogger: [UnionRDD]EndAt:21244539115240,TaskAttempt ID:17,Partition Id:5,Stage Id:3
16/11/03 19:14:34 INFO myLogger: [UnionRDD]EndAt:21244729556186,TaskAttempt ID:13,Partition Id:4,Stage Id:3
16/11/03 19:14:39 INFO myLogger: [UnionRDD]StartAt:21249337565701,TaskAttempt ID:30,Partition Id:9,Stage Id:4
16/11/03 19:14:39 INFO myLogger: [UnionRDD]StartAt:21249341267791,TaskAttempt ID:34,Partition Id:13,Stage Id:4
16/11/03 19:14:39 INFO myLogger: [UnionRDD]StartAt:21249341523482,TaskAttempt ID:38,Partition Id:4,Stage Id:4
16/11/03 19:14:39 INFO myLogger: [MapPartitionsRDD]StartAt:21249343778881,TaskAttempt ID:38,Partition Id:4,Stage Id:4
16/11/03 19:14:39 INFO myLogger: [ShuffledRDD]StartAt:21249346075767,TaskAttempt ID:38,Partition Id:4,Stage Id:4
16/11/03 19:14:39 INFO myLogger: [UnionRDD]StartAt:21249346734577,TaskAttempt ID:42,Partition Id:5,Stage Id:4
16/11/03 19:14:39 INFO myLogger: [MapPartitionsRDD]StartAt:21249350246298,TaskAttempt ID:42,Partition Id:5,Stage Id:4
16/11/03 19:14:39 INFO myLogger: [ShuffledRDD]StartAt:21249351018209,TaskAttempt ID:42,Partition Id:5,Stage Id:4
16/11/03 19:14:39 INFO myLogger: [UnionRDD]EndAt:21249352356632,TaskAttempt ID:30,Partition Id:9,Stage Id:4
16/11/03 19:14:39 INFO myLogger: [UnionRDD]EndAt:21249355113487,TaskAttempt ID:34,Partition Id:13,Stage Id:4
16/11/03 19:14:39 INFO myLogger: [ShuffledRDD]EndAt:21249384319565,TaskAttempt ID:38,Partition Id:4,Stage Id:4
16/11/03 19:14:39 INFO myLogger: [MapPartitionsRDD]EndAt:21249387735037,TaskAttempt ID:38,Partition Id:4,Stage Id:4
16/11/03 19:14:39 INFO myLogger: [ShuffledRDD]EndAt:21249396150447,TaskAttempt ID:42,Partition Id:5,Stage Id:4
16/11/03 19:14:39 INFO myLogger: [MapPartitionsRDD]EndAt:21249397527668,TaskAttempt ID:42,Partition Id:5,Stage Id:4
16/11/03 19:14:43 INFO myLogger: [UnionRDD]EndAt:21253394946945,TaskAttempt ID:42,Partition Id:5,Stage Id:4
16/11/03 19:14:43 INFO myLogger: [UnionRDD]EndAt:21253746271586,TaskAttempt ID:38,Partition Id:4,Stage Id:4
16/11/03 19:14:48 INFO myLogger: [UnionRDD]StartAt:21258711885772,TaskAttempt ID:45,Partition Id:4,Stage Id:5
16/11/03 19:14:48 INFO myLogger: [UnionRDD]StartAt:21258714036263,TaskAttempt ID:57,Partition Id:13,Stage Id:5
16/11/03 19:14:48 INFO myLogger: [MapPartitionsRDD]StartAt:21258715049660,TaskAttempt ID:45,Partition Id:4,Stage Id:5
16/11/03 19:14:48 INFO myLogger: [UnionRDD]StartAt:21258715319602,TaskAttempt ID:53,Partition Id:12,Stage Id:5
16/11/03 19:14:48 INFO myLogger: [UnionRDD]StartAt:21258715429219,TaskAttempt ID:49,Partition Id:5,Stage Id:5
16/11/03 19:14:48 INFO myLogger: [ShuffledRDD]StartAt:21258715988052,TaskAttempt ID:45,Partition Id:4,Stage Id:5
16/11/03 19:14:48 INFO myLogger: [MapPartitionsRDD]StartAt:21258716868111,TaskAttempt ID:57,Partition Id:13,Stage Id:5
16/11/03 19:14:48 INFO myLogger: [ShuffledRDD]StartAt:21258717607084,TaskAttempt ID:57,Partition Id:13,Stage Id:5
16/11/03 19:14:48 INFO myLogger: [MapPartitionsRDD]StartAt:21258717723990,TaskAttempt ID:49,Partition Id:5,Stage Id:5
16/11/03 19:14:48 INFO myLogger: [MapPartitionsRDD]StartAt:21258718372994,TaskAttempt ID:53,Partition Id:12,Stage Id:5
16/11/03 19:14:48 INFO myLogger: [ShuffledRDD]StartAt:21258718550644,TaskAttempt ID:49,Partition Id:5,Stage Id:5
16/11/03 19:14:48 INFO myLogger: [ShuffledRDD]StartAt:21258718882967,TaskAttempt ID:53,Partition Id:12,Stage Id:5
16/11/03 19:14:48 INFO myLogger: [ShuffledRDD]EndAt:21258732224821,TaskAttempt ID:45,Partition Id:4,Stage Id:5
16/11/03 19:14:48 INFO myLogger: [MapPartitionsRDD]EndAt:21258733106744,TaskAttempt ID:45,Partition Id:4,Stage Id:5
16/11/03 19:14:48 INFO myLogger: [ShuffledRDD]EndAt:21258734219468,TaskAttempt ID:57,Partition Id:13,Stage Id:5
16/11/03 19:14:48 INFO myLogger: [MapPartitionsRDD]EndAt:21258735070385,TaskAttempt ID:57,Partition Id:13,Stage Id:5
16/11/03 19:14:48 INFO myLogger: [ShuffledRDD]EndAt:21258736649269,TaskAttempt ID:53,Partition Id:12,Stage Id:5
16/11/03 19:14:48 INFO myLogger: [MapPartitionsRDD]EndAt:21258737309176,TaskAttempt ID:53,Partition Id:12,Stage Id:5
16/11/03 19:14:48 INFO myLogger: [ShuffledRDD]EndAt:21258737793821,TaskAttempt ID:49,Partition Id:5,Stage Id:5
16/11/03 19:14:48 INFO myLogger: [MapPartitionsRDD]EndAt:21258738753870,TaskAttempt ID:49,Partition Id:5,Stage Id:5
16/11/03 19:14:50 INFO myLogger: [UnionRDD]EndAt:21260513084573,TaskAttempt ID:53,Partition Id:12,Stage Id:5
16/11/03 19:14:50 INFO myLogger: [UnionRDD]EndAt:21260581539551,TaskAttempt ID:57,Partition Id:13,Stage Id:5
16/11/03 19:14:53 INFO myLogger: [UnionRDD]EndAt:21263344604931,TaskAttempt ID:49,Partition Id:5,Stage Id:5
16/11/03 19:14:53 INFO myLogger: [UnionRDD]EndAt:21263514314981,TaskAttempt ID:45,Partition Id:4,Stage Id:5
16/11/03 19:15:27 INFO myLogger: [UnionRDD]StartAt:21297761732062,TaskAttempt ID:75,Partition Id:13,Stage Id:6
16/11/03 19:15:27 INFO myLogger: [UnionRDD]StartAt:21297762951550,TaskAttempt ID:63,Partition Id:4,Stage Id:6
16/11/03 19:15:27 INFO myLogger: [MapPartitionsRDD]StartAt:21297763399573,TaskAttempt ID:75,Partition Id:13,Stage Id:6
16/11/03 19:15:27 INFO myLogger: [ShuffledRDD]StartAt:21297764074000,TaskAttempt ID:75,Partition Id:13,Stage Id:6
16/11/03 19:15:27 INFO myLogger: [MapPartitionsRDD]StartAt:21297764885707,TaskAttempt ID:63,Partition Id:4,Stage Id:6
16/11/03 19:15:27 INFO myLogger: [ShuffledRDD]StartAt:21297765666948,TaskAttempt ID:63,Partition Id:4,Stage Id:6
16/11/03 19:15:27 INFO myLogger: [UnionRDD]StartAt:21297768207175,TaskAttempt ID:71,Partition Id:12,Stage Id:6
16/11/03 19:15:27 INFO myLogger: [UnionRDD]StartAt:21297768338127,TaskAttempt ID:67,Partition Id:5,Stage Id:6
16/11/03 19:15:27 INFO myLogger: [MapPartitionsRDD]StartAt:21297770272207,TaskAttempt ID:71,Partition Id:12,Stage Id:6
16/11/03 19:15:27 INFO myLogger: [MapPartitionsRDD]StartAt:21297770458927,TaskAttempt ID:67,Partition Id:5,Stage Id:6
16/11/03 19:15:27 INFO myLogger: [ShuffledRDD]StartAt:21297770978246,TaskAttempt ID:71,Partition Id:12,Stage Id:6
16/11/03 19:15:27 INFO myLogger: [ShuffledRDD]StartAt:21297771202943,TaskAttempt ID:67,Partition Id:5,Stage Id:6
16/11/03 19:15:27 INFO myLogger: [ShuffledRDD]EndAt:21297784343340,TaskAttempt ID:63,Partition Id:4,Stage Id:6
16/11/03 19:15:27 INFO myLogger: [ShuffledRDD]EndAt:21297785310988,TaskAttempt ID:75,Partition Id:13,Stage Id:6
16/11/03 19:15:27 INFO myLogger: [MapPartitionsRDD]EndAt:21297785816211,TaskAttempt ID:75,Partition Id:13,Stage Id:6
16/11/03 19:15:27 INFO myLogger: [ShuffledRDD]EndAt:21297785833110,TaskAttempt ID:71,Partition Id:12,Stage Id:6
16/11/03 19:15:27 INFO myLogger: [ShuffledRDD]EndAt:21297786520833,TaskAttempt ID:67,Partition Id:5,Stage Id:6
16/11/03 19:15:27 INFO myLogger: [MapPartitionsRDD]EndAt:21297787227842,TaskAttempt ID:67,Partition Id:5,Stage Id:6
16/11/03 19:15:27 INFO myLogger: [MapPartitionsRDD]EndAt:21297788721837,TaskAttempt ID:63,Partition Id:4,Stage Id:6
16/11/03 19:15:27 INFO myLogger: [MapPartitionsRDD]EndAt:21297788998471,TaskAttempt ID:71,Partition Id:12,Stage Id:6
16/11/03 19:15:29 INFO myLogger: [UnionRDD]EndAt:21299535317019,TaskAttempt ID:75,Partition Id:13,Stage Id:6
16/11/03 19:15:29 INFO myLogger: [UnionRDD]EndAt:21299605667224,TaskAttempt ID:71,Partition Id:12,Stage Id:6
16/1116/11/03 19:16:00 INFO myLogger: [UnionRDD]EndAt:21789643815130,TaskAttempt ID:72,Partition Id:15,Stage Id:6
16/11/03 19:16:02 INFO myLogger: [UnionRDD]EndAt:21791640399572,TaskAttempt ID:64,Partition Id:7,Stage16/11/03 19:16:07 INFO myLogger: [UnionRDD]StartAt:21337913313683,TaskAttempt ID:81,Partition Id:5,Stage Id:7
16/11/03 19:16:07 INFO myLogger: [MapPartitionsRDD]StartAt:21337914985682,TaskAttempt ID:81,Partition Id:5,Stage Id:7
16/11/03 19:16:07 INFO myLogger: [ShuffledRDD]StartAt:21337916152831,TaskAttempt ID:81,Partition Id:5,Stage Id:7
16/11/03 19:16:07 INFO myLogger: [UnionRDD]StartAt:21337916478580,TaskAttempt ID:85,Partition Id:12,Stage Id:7
16/11/03 19:16:07 INFO myLogger: [UnionRDD]StartAt:21337916914096,TaskAttempt ID:89,Partition Id:13,Stage Id:7
16/11/03 19:16:07 INFO myLogger: [UnionRDD]StartAt:21337917846626,TaskAttempt ID:77,Partition Id:4,Stage Id:7
16/11/03 19:16:07 INFO myLogger: [MapPartitionsRDD]StartAt:21337918624187,TaskAttempt ID:85,Partition Id:12,Stage Id:7
16/11/03 19:16:07 INFO myLogger: [MapPartitionsRDD]StartAt:21337918814100,TaskAttempt ID:89,Partition Id:13,Stage Id:7
16/11/03 19:16:07 INFO myLogger: [MapPartitionsRDD]StartAt:21337919358457,TaskAttempt ID:77,Partition Id:4,Stage Id:7
16/11/03 19:16:07 INFO myLogger: [ShuffledRDD]StartAt:21337919438383,TaskAttempt ID:89,Partition Id:13,Stage Id:7
16/11/03 19:16:07 INFO myLogger: [ShuffledRDD]StartAt:21337919529301,TaskAttempt ID:85,Partition Id:12,Stage Id:7
16/11/03 19:16:07 INFO myLogger: [ShuffledRDD]StartAt:21337920029824,TaskAttempt ID:77,Partition Id:4,Stage Id:7
16/11/03 19:16:07 INFO myLogger: [ShuffledRDD]EndAt:21337934213357,TaskAttempt ID:85,Partition Id:12,Stage Id:7
16/11/03 19:16:07 INFO myLogger: [MapPartitionsRDD]EndAt:21337934811443,TaskAttempt ID:85,Partition Id:12,Stage Id:7
16/11/03 19:16:07 INFO myLogger: [ShuffledRDD]EndAt:21337935553003,TaskAttempt ID:89,Partition Id:13,Stage Id:7
16/11/03 19:16:07 INFO myLogger: [ShuffledRDD]EndAt:21337935820064,TaskAttempt ID:81,Partition Id:5,Stage Id:7
16/11/03 19:16:07 INFO myLogger: [MapPartitionsRDD]EndAt:21337936191554,TaskAttempt ID:89,Partition Id:13,Stage Id:7
16/11/03 19:16:07 INFO myLogger: [ShuffledRDD]EndAt:21337936436662,TaskAttempt ID:77,Partition Id:4,Stage Id:7
16/11/03 19:16:07 INFO myLogger: [MapPartitionsRDD]EndAt:21337937214595,TaskAttempt ID:81,Partition Id:5,Stage Id:7
16/11/03 19:16:07 INFO myLogger: [MapPartitionsRDD]EndAt:21337937504509,TaskAttempt ID:77,Partition Id:4,Stage Id:7
16/11/03 19:16:09 INFO myLogger: [UnionRDD]EndAt:21339345746579,TaskAttempt ID:89,Partition Id:13,Stage Id:7
16/11/03 19:16:09 INFO myLogger: [UnionRDD]EndAt:21339783535689,TaskAttempt ID:85,Partition Id:12,Stage Id:7
16/1116/11/03 19:16:39 INFO myLogger: [UnionRDD]EndAt:21828101568472,TaskAttempt ID:86,Partition Id:14,Stage Id:7
16/11/03 19:16:42 INFO myLogger: [UnionRDD]EndAt:21831441641634,TaskAttempt ID:78,Partition Id:6,Stage16/11/03 19:16:47 INFO myLogger: [UnionRDD]StartAt:21377382646980,TaskAttempt ID:94,Partition Id:4,Stage Id:8
16/11/03 19:16:47 INFO myLogger: [MapPartitionsRDD]StartAt:21377383621209,TaskAttempt ID:94,Partition Id:4,Stage Id:8
16/11/03 19:16:47 INFO myLogger: [ShuffledRDD]StartAt:21377383997211,TaskAttempt ID:94,Partition Id:4,Stage Id:8
16/11/03 19:16:47 INFO myLogger: [UnionRDD]StartAt:21377388242464,TaskAttempt ID:102,Partition Id:12,Stage Id:8
16/11/03 19:16:47 INFO myLogger: [UnionRDD]StartAt:21377388960236,TaskAttempt ID:106,Partition Id:13,Stage Id:8
16/11/03 19:16:47 INFO myLogger: [UnionRDD]StartAt:21377389293976,TaskAttempt ID:98,Partition Id:5,Stage Id:8
16/11/03 19:16:47 INFO myLogger: [MapPartitionsRDD]StartAt:21377390637562,TaskAttempt ID:102,Partition Id:12,Stage Id:8
16/11/03 19:16:47 INFO myLogger: [ShuffledRDD]StartAt:21377391490797,TaskAttempt ID:102,Partition Id:12,Stage Id:8
16/11/03 19:16:47 INFO myLogger: [MapPartitionsRDD]StartAt:21377391748845,TaskAttempt ID:106,Partition Id:13,Stage Id:8
16/11/03 19:16:47 INFO myLogger: [MapPartitionsRDD]StartAt:21377392136062,TaskAttempt ID:98,Partition Id:5,Stage Id:8
16/11/03 19:16:47 INFO myLogger: [ShuffledRDD]StartAt:21377392676224,TaskAttempt ID:98,Partition Id:5,Stage Id:8
16/11/03 19:16:47 INFO myLogger: [ShuffledRDD]StartAt:21377392784584,TaskAttempt ID:106,Partition Id:13,Stage Id:8
16/11/03 19:16:47 INFO myLogger: [ShuffledRDD]EndAt:21377407882530,TaskAttempt ID:106,Partition Id:13,Stage Id:8
16/11/03 19:16:47 INFO myLogger: [ShuffledRDD]EndAt:21377407956203,TaskAttempt ID:94,Partition Id:4,Stage Id:8
16/11/03 19:16:47 INFO myLogger: [ShuffledRDD]EndAt:21377408569919,TaskAttempt ID:102,Partition Id:12,Stage Id:8
16/11/03 19:16:47 INFO myLogger: [MapPartitionsRDD]EndAt:21377409166057,TaskAttempt ID:94,Partition Id:4,Stage Id:8
16/11/03 19:16:47 INFO myLogger: [MapPartitionsRDD]EndAt:21377410419855,TaskAttempt ID:106,Partition Id:13,Stage Id:8
16/11/03 19:16:47 INFO myLogger: [MapPartitionsRDD]EndAt:21377413121812,TaskAttempt ID:102,Partition Id:12,Stage Id:8
16/11/03 19:16:47 INFO myLogger: [ShuffledRDD]EndAt:21377409274086,TaskAttempt ID:98,Partition Id:5,Stage Id:8
16/11/03 19:16:47 INFO myLogger: [MapPartitionsRDD]EndAt:21377417031448,TaskAttempt ID:98,Partition Id:5,Stage Id:8
16/11/03 19:16:48 INFO myLogger: [UnionRDD]EndAt:21379166151287,TaskAttempt ID:102,Partition Id:12,Stage Id:8
16/11/03 19:16:51 INFO myLogger: [UnionRDD]EndAt:21381493503362,TaskAttempt ID:94,Partition Id:4,Stage Id:8
16/11/03 19:17:21 INFO myLogger: [UnionRDD]EndAt:21411872599292,TaskAttempt ID:106,Partition Id:13,Stage Id:8
16/11/03 19:17:24 INFO myLogger: [UnionRDD]EndAt:21414464782779,TaskAttempt ID:98,Partition Id:5,Stage Id:8
16/11616/11/03 19:17:28 INFO myLogger: [UnionRDD]StartAt:21877164639766,TaskAttempt ID:112,Partition Id:7,Stage Id:9
16/11/03 19:17:28 INFO myLogger: [UnionRDD]StartAt:21877167060808,TaskAttempt ID:116,Partition Id:14,Stage Id:9
16/11/03 19:17:28 INFO myLogger: [MapPartitionsRDD]StartAt:21877167883167,TaskAttempt ID:112,Partition Id:7,Stage Id:9
16/11/03 19:17:28 INFO myLogger: [UnionRDD]StartAt:21877168912829,TaskAttempt ID:120,Partition Id:15,Stage Id:9
16/11/03 19:17:28 INFO myLogger: [ShuffledRDD]StartAt:21877169594227,TaskAttempt ID:112,Partition Id:7,Stage Id:9
16/11/03 19:17:28 INFO myLogger: [UnionRDD]StartAt:21877169794584,TaskAttempt ID:108,Partition Id:6,Stage Id:9
16/11/03 19:17:28 INFO myLogger: [MapPartitionsRDD]StartAt:21877171689416,TaskAttempt ID:116,Partition Id:14,Stage Id:9
16/11/03 19:17:28 INFO myLogger: [MapPartitionsRDD]StartAt:21877172646000,TaskAttempt ID:120,Partition Id:15,Stage Id:9
16/11/03 19:17:28 INFO myLogger: [ShuffledRDD]StartAt:21877172885031,TaskAttempt ID:116,Partition Id:14,Stage Id:9
16/11/03 19:17:28 INFO myLogger: [MapPartitionsRDD]StartAt:21877173071921,TaskAttempt ID:108,Partition Id:6,Stage Id:9
16/11/03 19:17:28 INFO myLogger: [ShuffledRDD]StartAt:21877173294557,TaskAttempt ID:120,Partition Id:15,Stage Id:9
16/11/03 19:17:28 INFO myLogger: [ShuffledRDD]StartAt:21877173751378,TaskAttempt ID:108,Partition Id:6,Stage Id:9
16/11/03 19:17:28 INFO myLogger: [ShuffledRDD]EndAt:21877187023708,TaskAttempt ID:108,Partition Id:6,Stage Id:9
16/11/03 19:17:28 INFO myLogger: [MapPartitionsRDD]EndAt:21877187489562,TaskAttempt ID:108,Partition Id:6,Stage Id:9
16/11/03 19:17:28 INFO myLogger: [ShuffledRDD]EndAt:21877187940331,TaskAttempt ID:112,Partition Id:7,Stage Id:9
16/11/03 19:17:28 INFO myLogger: [MapPartitionsRDD]EndAt:21877189126238,TaskAttempt ID:112,Partition Id:7,Stage Id:9
16/11/03 19:17:28 INFO myLogger: [ShuffledRDD]EndAt:21877189669515,TaskAttempt ID:116,Partition Id:14,Stage Id:9
16/11/03 19:17:28 INFO myLogger: [ShuffledRDD]EndAt:21877190174409,TaskAttempt ID:120,Partition Id:15,Stage Id:9
16/11/03 19:17:28 INFO myLogger: [MapPartitionsRDD]EndAt:21877190496897,TaskAttempt ID:116,Partition Id:14,Stage Id:9
16/11/03 19:17:28 INFO myLogger: [MapPartitionsRDD]EndAt:21877191091337,TaskAttempt ID:120,Partition Id:15,Stage Id:9
16/11/03 19:17:29 INFO myLogger: [UnionRDD]EndAt:21878584760148,TaskAttempt ID:116,Partition Id:14,Stage Id:9
16/11/03 19:17:30 INFO myLogger: [UnionRDD]EndAt:21878797938901,TaskAttempt ID:120,Partition Id:15,Stag16/11/03 19:18:03 INFO myLogger: [UnionRDD]EndAt:21454241640232,TaskAttempt ID:119,Partition Id:12,Stage Id:9
16/11/03 19:18:06 INFO myLogger: [UnionRDD]EndAt:21456660268136,TaskAttempt ID:111,Partition Id:4,Stage Id:9
16/116/11/03 19:18:10 INFO myLogger: [UnionRDD]StartAt:21911993511482,TaskAttempt ID:137,Partition Id:11,Stage Id:10
16/11/03 19:18:10 INFO myLogger: [MapPartitionsRDD]StartAt:21911995613520,TaskAttempt ID:137,Partition Id:11,Stage Id:10
16/11/03 19:18:10 INFO myLogger: [UnionRDD]StartAt:21911995877492,TaskAttempt ID:129,Partition Id:3,Stage Id:10
16/11/03 19:18:10 INFO myLogger: [UnionRDD]StartAt:21911995988506,TaskAttempt ID:125,Partition Id:2,Stage Id:10
16/11/03 19:18:10 INFO myLogger: [UnionRDD]StartAt:21911996177511,TaskAttempt ID:133,Partition Id:10,Stage Id:10
16/11/03 19:18:10 INFO myLogger: [ShuffledRDD]StartAt:21911996911698,TaskAttempt ID:137,Partition Id:11,Stage Id:10
16/11/03 19:18:10 INFO myLogger: [MapPartitionsRDD]StartAt:21911997896142,TaskAttempt ID:133,Partition Id:10,Stage Id:10
16/11/03 19:18:10 INFO myLogger: [MapPartitionsRDD]StartAt:21911997992178,TaskAttempt ID:125,Partition Id:2,Stage Id:10
16/11/03 19:18:10 INFO myLogger: [MapPartitionsRDD]StartAt:21911998079440,TaskAttempt ID:129,Partition Id:3,Stage Id:10
16/11/03 19:18:10 INFO myLogger: [ShuffledRDD]StartAt:21911998580597,TaskAttempt ID:129,Partition Id:3,Stage Id:10
16/11/03 19:18:10 INFO myLogger: [ShuffledRDD]StartAt:21911998680314,TaskAttempt ID:125,Partition Id:2,Stage Id:10
16/11/03 19:18:10 INFO myLogger: [ShuffledRDD]StartAt:21911998775039,TaskAttempt ID:133,Partition Id:10,Stage Id:10
16/11/03 19:18:10 INFO myLogger: [ShuffledRDD]EndAt:21912014813844,TaskAttempt ID:137,Partition Id:11,Stage Id:10
16/11/03 19:18:10 INFO myLogger: [MapPartitionsRDD]EndAt:21912015725789,TaskAttempt ID:137,Partition Id:11,Stage Id:10
16/11/03 19:18:10 INFO myLogger: [ShuffledRDD]EndAt:21912016140655,TaskAttempt ID:125,Partition Id:2,Stage Id:10
16/11/03 19:18:10 INFO myLogger: [ShuffledRDD]EndAt:21912016283127,TaskAttempt ID:133,Partition Id:10,Stage Id:10
16/11/03 19:18:10 INFO myLogger: [MapPartitionsRDD]EndAt:21912016836904,TaskAttempt ID:125,Partition Id:2,Stage Id:10
16/11/03 19:18:10 INFO myLogger: [ShuffledRDD]EndAt:21912016921518,TaskAttempt ID:129,Partition Id:3,Stage Id:10
16/11/03 19:18:10 INFO myLogger: [MapPartitionsRDD]EndAt:21912017071107,TaskAttempt ID:133,Partition Id:10,Stage Id:10
16/11/03 19:18:10 INFO myLogger: [MapPartitionsRDD]EndAt:21912018192430,TaskAttempt ID:129,Partition Id:3,Stage Id:10
16/11/03 19:18:12 INFO myLogger: [UnionRDD]EndAt:21913474441151,TaskAttempt ID:133,Partition Id:10,Stage Id:10
16/11/03 19:18:15 INFO myLogger: [UnionRDD]EndAt:21916226207299,TaskAttempt ID:125,Partition Id:2,Stage Id:10
16/11/03 19:18:44 INFO myLogger: [UnionRDD]EndAt:21945955347151,TaskAttempt ID:137,Partition Id:11,Stage Id:10
16/11/03 19:18:47 INFO myLogger: [UnionRDD]EndAt:21948117599823,TaskAttempt ID:129,Partition Id:3,Stage Id16/11/03 19:18:51 INFO myLogger: [UnionRDD]StartAt:21501645365465,TaskAttempt ID:142,Partition Id:4,Stage Id:11
16/11/03 19:18:51 INFO myLogger: [MapPartitionsRDD]StartAt:21501648136546,TaskAttempt ID:142,Partition Id:4,Stage Id:11
16/11/03 19:18:51 INFO myLogger: [UnionRDD]StartAt:21501648980175,TaskAttempt ID:154,Partition Id:13,Stage Id:11
16/11/03 19:18:51 INFO myLogger: [UnionRDD]StartAt:21501649390219,TaskAttempt ID:150,Partition Id:12,Stage Id:11
16/11/03 19:18:51 INFO myLogger: [ShuffledRDD]StartAt:21501649487318,TaskAttempt ID:142,Partition Id:4,Stage Id:11
16/11/03 19:18:51 INFO myLogger: [UnionRDD]StartAt:21501650999792,TaskAttempt ID:146,Partition Id:5,Stage Id:11
16/11/03 19:18:51 INFO myLogger: [MapPartitionsRDD]StartAt:21501652834422,TaskAttempt ID:150,Partition Id:12,Stage Id:11
16/11/03 19:18:51 INFO myLogger: [MapPartitionsRDD]StartAt:21501653439278,TaskAttempt ID:154,Partition Id:13,Stage Id:11
16/11/03 19:18:51 INFO myLogger: [ShuffledRDD]StartAt:21501653728691,TaskAttempt ID:150,Partition Id:12,Stage Id:11
16/11/03 19:18:51 INFO myLogger: [ShuffledRDD]StartAt:21501654290360,TaskAttempt ID:154,Partition Id:13,Stage Id:11
16/11/03 19:18:51 INFO myLogger: [MapPartitionsRDD]StartAt:21501654543748,TaskAttempt ID:146,Partition Id:5,Stage Id:11
16/11/03 19:18:51 INFO myLogger: [ShuffledRDD]StartAt:21501655050980,TaskAttempt ID:146,Partition Id:5,Stage Id:11
16/11/03 19:18:51 INFO myLogger: [ShuffledRDD]EndAt:21501680096419,TaskAttempt ID:142,Partition Id:4,Stage Id:11
16/11/03 19:18:51 INFO myLogger: [ShuffledRDD]EndAt:21501680586723,TaskAttempt ID:150,Partition Id:12,Stage Id:11
16/11/03 19:18:51 INFO myLogger: [MapPartitionsRDD]EndAt:21501680910039,TaskAttempt ID:142,Partition Id:4,Stage Id:11
16/11/03 19:18:51 INFO myLogger: [MapPartitionsRDD]EndAt:21501681532888,TaskAttempt ID:150,Partition Id:12,Stage Id:11
16/11/03 19:18:51 INFO myLogger: [ShuffledRDD]EndAt:21501683961379,TaskAttempt ID:154,Partition Id:13,Stage Id:11
16/11/03 19:18:51 INFO myLogger: [MapPartitionsRDD]EndAt:21501684516150,TaskAttempt ID:154,Partition Id:13,Stage Id:11
16/11/03 19:18:51 INFO myLogger: [ShuffledRDD]EndAt:21501687958225,TaskAttempt ID:146,Partition Id:5,Stage Id:11
16/11/03 19:18:51 INFO myLogger: [MapPartitionsRDD]EndAt:21501688505110,TaskAttempt ID:146,Partition Id:5,Stage Id:11
16/11/03 19:18:52 INFO myLogger: [UnionRDD]EndAt:21503000867682,TaskAttempt ID:150,Partition Id:12,Stage Id:11
16/11/03 19:18:53 INFO myLogger: [UnionRDD]EndAt:21503456152037,TaskAttempt ID:154,Partition Id:13,Stage Id:11
16/16/11/03 19:19:24 INFO myLogger: [UnionRDD]EndAt:21985807852912,TaskAttempt ID:149,Partition Id:10,Stage Id:11
16/11/03 19:19:27 INFO myLogger: [UnionRDD]EndAt:21988281015557,TaskAttempt ID:141,Partition Id:2,Stage Id16/11/03 19:19:31 INFO myLogger: [UnionRDD]StartAt:21542012700094,TaskAttempt ID:159,Partition Id:4,Stage Id:12
16/11/03 19:19:31 INFO myLogger: [UnionRDD]StartAt:21542014015756,TaskAttempt ID:163,Partition Id:5,Stage Id:12
16/11/03 19:19:31 INFO myLogger: [MapPartitionsRDD]StartAt:21542014624630,TaskAttempt ID:159,Partition Id:4,Stage Id:12
16/11/03 19:19:31 INFO myLogger: [UnionRDD]StartAt:21542014768612,TaskAttempt ID:167,Partition Id:12,Stage Id:12
16/11/03 19:19:31 INFO myLogger: [ShuffledRDD]StartAt:21542015286880,TaskAttempt ID:159,Partition Id:4,Stage Id:12
16/11/03 19:19:31 INFO myLogger: [UnionRDD]StartAt:21542015406481,TaskAttempt ID:171,Partition Id:13,Stage Id:12
16/11/03 19:19:31 INFO myLogger: [MapPartitionsRDD]StartAt:21542016083198,TaskAttempt ID:163,Partition Id:5,Stage Id:12
16/11/03 19:19:31 INFO myLogger: [Shu16/11/03 19:19:31 INFO myLogger: [UnionRDD]StartAt:21994538939908,TaskAttempt ID:168,Partition Id:9,Stage Id:12
16/11/03 19:19:31 INFO myLogger: [UnionRDD]StartAt:21994539022547,TaskAttempt ID:156,Partition Id:0,Stage Id:12
16/11/03 19:19:31 INFO myLogger: [MapPartitionsRDD]StartAt:21994540033693,TaskAttempt ID:168,Partition Id:9,Stage Id:12
16/11/03 19:19:31 INFO myLogger: [MapPartitionsRDD]StartAt:21994540178223,TaskAttempt ID:156,Partition Id:0,Stage Id:12
16/11/03 19:19:31 INFO myLogger: [ShuffledRDD]StartAt:21994540388968,TaskAttempt ID:168,Partition Id:9,Stage Id:12
16/11/03 19:19:31 INFO myLogger: [ShuffledRDD]StartAt:21994540816496,TaskAttempt ID:156,Partition Id:0,Stage Id:12
16/11/03 19:19:31 INFO myLogger: [UnionRDD]StartAt:21994542547007,TaskAttempt ID:164,Partition Id:8,Stage Id:12
16/11/03 19:19:31 INFO myLogger: [UnionRDD]StartAt:21994543407430,TaskAttempt ID:160,Partition Id:1,Stage Id:12
16/11/03 19:19:31 INFO myLogger: [MapPartitionsRDD]StartAt:21994544393184,TaskAttempt ID:164,Partition Id:8,Stage Id:12
16/11/03 19:19:31 INFO myLogger: [ShuffledRDD]StartAt:21994544950459,TaskAttempt ID:164,Partition Id:8,Stage Id:12
16/11/03 19:19:31 INFO myLogger: [MapPartitionsRDD]StartAt:21994545050364,TaskAttempt ID:160,Partition Id:1,Stage Id:12
16/11/03 19:19:31 INFO myLogger: [ShuffledRDD]StartAt:21994545497883,TaskAttempt ID:160,Partition Id:1,Stage Id:12
16/11/03 19:19:31 INFO myLogger: [ShuffledRDD]EndAt:21994558501181,TaskAttempt ID:168,Partition Id:9,Stage Id:12
16/11/03 19:19:31 INFO myLogger: [MapPartitionsRDD]EndAt:21994558921874,TaskAttempt ID:168,Partition Id:9,Stage Id:12
16/11/03 19:19:31 INFO myLogger: [ShuffledRDD]EndAt:21994560127983,TaskAttempt ID:156,Partition Id:0,Stage Id:12
16/11/03 19:19:31 INFO myLogger: [MapPartitionsRDD]EndAt:21994560598230,TaskAttempt ID:156,Partition Id:0,Stage Id:12
16/11/03 19:19:31 INFO myLogger: [ShuffledRDD]EndAt:21994561364953,TaskA16/11/03 19:20:12 INFO myLogger: [MapPartitionsRDD]StartAt:21582702628355,TaskAttempt ID:177,Partition Id:5,Stage Id:13
16/11/03 19:20:12 INFO myLogger: [MapPartitionsRDD]StartAt:21582702709893,TaskAttempt ID:173,Partition Id:4,Stage Id:13
16/11/03 19:20:12 INFO myLogger: [ShuffledRDD]StartAt:21582703205179,TaskAttempt ID:177,Partition Id:5,Stage Id:13
16/11/03 19:20:12 INFO myLogger: [ShuffledRDD]StartAt:21582703276617,TaskAttempt ID:173,Partition Id:4,Stage Id:13
16/11/03 19:20:12 INFO myLogger: [ShuffledRDD]EndAt:21582718748944,TaskAttempt ID:177,Partition Id:5,Stage Id:13
16/11/03 19:20:12 INFO myLogger: [MapPartitionsRDD]EndAt:21582719022843,TaskAttempt ID:177,Partition Id:5,Stage Id:13
16/11/03 19:20:12 INFO myLogger: [ShuffledRDD]EndAt:21582722408750,TaskAttempt ID:173,Partition Id:4,Stage Id:13
16/11/03 19:20:12 INFO myLogger: [MapPartitionsRDD]EndAt:21582722965146,TaskAttempt ID:173,Partition Id:4,Stage Id:13
16/11/03 19:20:19 INFO myLogger: [UnionRDD]StartAt:21589853688670,TaskAttempt ID:183,Partition Id:4,Stage Id:24
16/11/03 19:20:19 INFO myLogger: [MapPartitionsRDD]StartAt:21589855034926,TaskAttempt ID:183,Partition Id:4,Stage Id:24
16/11/03 19:20:19 INFO myLogger: [UnionRDD]StartAt:21589855516446,TaskAttempt ID:195,Partition Id:13,Stage Id:24
16/11/03 19:20:19 INFO myLogger: [ShuffledRDD]StartAt:21589855845523,TaskAttempt ID:183,Partition Id:4,Stage Id:24
16/11/03 19:20:19 INFO myLogger: [UnionRDD]StartAt:21589855925529,TaskAttempt ID:187,Partition Id:5,Stage Id:24
16/11/03 19:20:19 INFO myLogger: [UnionRDD]StartAt:21589856594709,TaskAttempt ID:191,Partition Id:12,Stage Id:24
16/11/03 19:20:19 INFO myLogger: [MapPartitionsRDD]StartAt:21589857143796,TaskAttempt ID:195,Partition Id:13,Stage Id:24
16/11/03 19:20:19 INFO myLogger: [ShuffledRDD]StartAt:21589857662805,TaskAttempt ID:195,Partition Id:13,Stage Id:24
16/11/03 19:20:19 INFO myLogger: [MapPartitionsRDD]StartAt:21589857742195,TaskAttempt ID:187,Partition Id:5,Stage Id:24
16/11/03 19:20:19 INFO myLogger: [ShuffledRDD]StartAt:21589858246434,TaskAttempt ID:187,Partition Id:5,Stage Id:24
16/11/03 19:20:19 INFO myLogger: [MapPartitionsRDD]StartAt:21589858503651,TaskAttempt ID:191,Partition Id:12,Stage Id:24
16/11/03 19:20:19 INFO myLogger: [ShuffledRDD]StartAt:21589858903739,TaskAttempt ID:191,Partition Id:12,Stage Id:24
16/11/03 19:20:19 INFO myLogger: [ShuffledRDD]EndAt:21589867311810,TaskAttempt ID:183,Partition Id:4,Stage Id:24
16/11/03 19:20:19 INFO myLogger: [MapPartitionsRDD]EndAt:21589867572861,TaskAttempt ID:183,Partition Id:4,Stage Id:24
16/11/03 19:20:19 INFO myLogger: [ShuffledRDD]EndAt:21589868871650,TaskAttempt ID:195,Partition Id:13,Stage Id:24
16/11/03 19:20:19 INFO myLogger: [MapPartitionsRDD]EndAt:21589869352866,TaskAttempt ID:195,Partition Id:13,Stage Id:24
16/11/03 19:20:19 INFO myLogger: [ShuffledRDD]EndAt:21589869716579,TaskAttempt ID:187,Partition Id:5,Stage Id:24
16/11/03 19:20:19 INFO myLogger: [MapPartitionsRDD]EndAt:21589870012682,TaskAttempt ID:187,Partition Id:5,Stage Id:24
16/11/03 19:20:19 INFO myLogger: [ShuffledRDD]EndAt:21589873307089,TaskAttempt ID:191,Partition Id:12,Stage Id:24
16/11/03 19:20:19 INFO myLogger: [MapPartitionsRDD]EndAt:21589873817918,TaskAttempt ID:191,Partition Id:12,Stage Id:24
16/11/03 19:20:21 INFO myLogger: [UnionRDD]EndAt:21591570114105,TaskAttempt ID:195,Partition Id:13,Stage Id:24
16/11/03 19:20:21 INFO myLogger: [UnionRDD]EndAt:21591674026664,TaskAttempt ID:191,Partition Id:12,Stage Id:24
16/11/03 19:20:24 INFO myLogger: [UnionRDD]EndAt:21594481907556,TaskAttempt ID:183,Partition Id:4,Stage Id:24
16/11/03 19:20:24 INFO myLogger: [UnionRDD]EndAt:21594747186798,TaskAttempt ID:187,Partition Id:5,Stage Id:24
16/11/03 19:21:00 INFO myLogger: [MapPartitionsRDD]StartAt:21630358761036,TaskAttempt ID:199,Partition Id:4,Stage Id:25
16/11/03 19:21:00 INFO myLogger: [ShuffledRDD]StartAt:21630359108693,TaskAttempt ID:199,Partition Id:4,Stage Id:25
16/11/03 19:21:00 INFO myLogger: [MapPartitionsRDD]StartAt:21630360620117,TaskAttempt ID:203,Partition Id:5,Stage Id:25
16/11/03 19:21:00 INFO myLogger: [ShuffledRDD]StartAt:21630361053640,TaskAttempt ID:203,Partition Id:5,Stage Id:25
16/11/03 19:21:00 INFO myLogger: [ShuffledRDD]EndAt:21630379838287,TaskAttempt ID:203,Partition Id:5,Stage Id:25
16/11/03 19:21:00 INFO myLogger: [MapPartitionsRDD]EndAt:21630380522357,TaskAttempt ID:203,Partition Id:5,Stage Id:25
16/11/03 19:21:00 INFO myLogger: [ShuffledRDD]EndAt:21630380668236,TaskAttempt ID:199,Partition Id:4,Stage Id:25
16/11/03 19:21:00 INFO myLogger: [MapPartitionsRDD]EndAt:21630381361843,TaskAttempt ID:199,Partition Id:4,Stage Id:25
16/11/03 19:21:07 INFO myLogger: [UnionRDD]StartAt:21637608111863,TaskAttempt ID:204,Partition Id:4,Stage Id:36
16/11/03 19:21:07 INFO myLogger: [MapPartitionsRDD]StartAt:21637610367901,TaskAttempt ID:204,Partition Id:4,Stage Id:36
16/11/03 19:21:07 INFO myLogger: [UnionRDD]StartAt:21637610883202,TaskAttempt ID:216,Partition Id:13,Stage Id:36
16/11/03 19:21:07 INFO myLogger: [ShuffledRDD]StartAt:21637611063744,TaskAttempt ID:204,Partition Id:4,Stage Id:36
16/11/03 19:21:07 INFO myLogger: [UnionRDD]StartAt:21637611997294,TaskAttempt ID:212,Partition Id:12,Stage Id:36
16/11/03 19:21:07 INFO myLogger: [MapPartitionsRDD]StartAt:21637613335267,TaskAttempt ID:216,Partition Id:13,Stage Id:36
16/11/03 19:21:07 INFO myLogger: [UnionRDD]StartAt:21637613664821,TaskAttempt ID:208,Partition Id:5,Stage Id:36
16/11/03 19:21:07 INFO myLogger: [MapPartitionsRDD]StartAt:21637613744778,TaskAttempt ID:212,Partition Id:12,Stage Id:36
16/11/03 19:21:07 INFO myLogger: [ShuffledRDD]StartAt:21637613875930,TaskAttempt ID:216,Partition Id:13,Stage Id:36
16/11/03 19:21:07 INFO myLogger: [ShuffledRDD]StartAt:21637614244973,TaskAttempt ID:212,Partition Id:12,Stage Id:36
16/11/03 19:21:07 INFO myLogger: [MapPartitionsRDD]StartAt:21637614866908,TaskAttempt ID:208,Partition Id:5,Stage Id:36
16/11/03 19:21:07 INFO myLogger: [ShuffledRDD]StartAt:21637615069360,TaskAttempt ID:208,Partition Id:5,Stage Id:36
16/11/03 19:21:07 INFO myLogger: [ShuffledRDD]EndAt:21637632910546,TaskAttempt ID:204,Partition Id:4,Stage Id:36
16/11/03 19:21:07 INFO myLogger: [MapPartitionsRDD]EndAt:21637633366380,TaskAttempt ID:204,Partition Id:4,Stage Id:36
16/11/03 19:21:07 INFO myLogger: [ShuffledRDD]EndAt:21637639336686,TaskAttempt ID:216,Partition Id:13,Stage Id:36
16/11/03 19:21:07 INFO myLogger: [MapPartitionsRDD]EndAt:21637640550312,TaskAttempt ID:216,Partition Id:13,Stage Id:36
16/11/03 19:21:07 INFO myLogger: [ShuffledRDD]EndAt:21637640658015,TaskAttempt ID:212,Partition Id:12,Stage Id:36
16/11/03 19:21:07 INFO myLogger: [MapPartitionsRDD]EndAt:21637641156713,TaskAttempt ID:212,Partition Id:12,Stage Id:36
16/11/03 19:21:07 INFO myLogger: [ShuffledRDD]EndAt:21637641227688,TaskAttempt ID:208,Partition Id:5,Stage Id:36
16/11/03 19:21:07 INFO myLogger: [MapPartitionsRDD]EndAt:21637641639557,TaskAttempt ID:208,Partition Id:5,Stage Id:36
16/11/03 19:21:09 INFO myLogger: [UnionRDD]EndAt:21639454309403,TaskAttempt ID:216,Partition Id:13,Stage Id:36
16/11/03 19:21:09 INFO myLogger: [UnionRDD]EndAt:21639469390986,TaskAttempt ID:212,Partition Id:12,Stage Id:36
16/11/03 19:21:11 INFO myLogger: [UnionRDD]EndAt:21642007222573,TaskAttempt ID:208,Partition Id:5,Stage Id:36
16/11/03 19:21:11 INFO myLogger: [UnionRDD]EndAt:21642119639311,TaskAttempt ID:204,Partition Id:4,Stage Id:36
16/11/03 19:21:47 INFO myLogger: [MapPartitionsRDD]StartAt:21677467106427,TaskAttempt ID:221,Partition Id:4,Stage Id:37
16/11/03 19:21:47 INFO myLogger: [MapPartitionsRDD]StartAt:21677467194903,TaskAttempt ID:225,Partition Id:5,Stage Id:37
16/11/03 19:21:47 INFO myLogger: [ShuffledRDD]StartAt:21677467574949,TaskAttempt ID:221,Partition Id:4,Stage Id:37
16/11/03 19:21:47 INFO myLogger: [ShuffledRDD]StartAt:21677467647520,TaskAttempt ID:225,Partition Id:5,Stage Id:37
16/11/03 19:21:47 INFO myLogger: [ShuffledRDD]EndAt:21677491013759,TaskAttempt ID:225,Partition Id:5,Stage Id:37
16/11/03 19:21:47 INFO myLogger: [MapPartitionsRDD]EndAt:21677491380536,TaskAttempt ID:225,Partition Id:5,Stage Id:37
16/11/03 19:21:47 INFO myLogger: [ShuffledRDD]EndAt:21677494179905,TaskAttempt ID:221,Partition Id:4,Stage Id:37
16/11/03 19:21:47 INFO myLogger: [MapPartitionsRDD]EndAt:21677494468165,TaskAttempt ID:221,Partition Id:4,Stage Id:37
16/11/03 19:21:54 INFO myLogger: [UnionRDD]StartAt:21684825055740,TaskAttempt ID:230,Partition Id:4,Stage Id:48
16/11/03 19:21:54 INFO myLogger: [UnionRDD]StartAt:21684825165372,TaskAttempt ID:242,Partition Id:13,Stage Id:48
16/11/03 19:21:54 INFO myLogger: [UnionRDD]StartAt:21684827124099,TaskAttempt ID:238,Partition Id:12,Stage Id:48
16/11/03 19:21:54 INFO myLogger: [MapPartitionsRDD]StartAt:21684827283348,TaskAttempt ID:230,Partition Id:4,Stage Id:48
16/11/03 19:21:54 INFO myLogger: [ShuffledRDD]StartAt:21684827807384,TaskAttempt ID:230,Partition Id:4,Stage Id:48
16/11/03 19:21:54 INFO myLogger: [UnionRDD]StartAt:21684828086754,TaskAttempt ID:234,Partition Id:5,Stage Id:48
16/11/03 19:21:54 INFO myLogger: [MapPartitionsRDD]StartAt:21684828240560,TaskAttempt ID:242,Partition Id:13,Stage Id:48
16/11/03 19:21:54 INFO myLogger: [ShuffledRDD]StartAt:21684829240417,TaskAttempt ID:242,Partition Id:13,Stage Id:48
16/11/03 19:21:54 INFO myLogger: [MapPartitionsRDD]StartAt:21684829956781,TaskAttempt ID:238,Partition Id:12,Stage Id:48
16/11/03 19:21:54 INFO myLogger: [MapPartitionsRDD]StartAt:21684830075831,TaskAttempt ID:234,Partition Id:5,Stage Id:48
16/11/03 19:21:54 INFO myLogger: [ShuffledRDD]StartAt:21684830540359,TaskAttempt ID:238,Partition Id:12,Stage Id:48
16/11/03 19:21:54 INFO myLogger: [ShuffledRDD]StartAt:21684830641756,TaskAttempt ID:234,Partition Id:5,Stage Id:48
16/11/03 19:21:54 INFO myLogger: [ShuffledRDD]EndAt:21684842494804,TaskAttempt ID:230,Partition Id:4,Stage Id:48
16/11/03 19:21:54 INFO myLogger: [MapPartitionsRDD]EndAt:21684842989798,TaskAttempt ID:230,Partition Id:4,Stage Id:48
16/11/03 19:21:54 INFO myLogger: [ShuffledRDD]EndAt:21684845300160,TaskAttempt ID:242,Partition Id:13,Stage Id:48
16/11/03 19:21:54 INFO myLogger: [MapPartitionsRDD]EndAt:21684846006371,TaskAttempt ID:242,Partition Id:13,Stage Id:48
16/11/03 19:21:54 INFO myLogger: [ShuffledRDD]EndAt:21684846075410,TaskAttempt ID:238,Partition Id:12,Stage Id:48
16/11/03 19:21:54 INFO myLogger: [MapPartitionsRDD]EndAt:21684846476338,TaskAttempt ID:238,Partition Id:12,Stage Id:48
16/11/03 19:21:54 INFO myLogger: [ShuffledRDD]EndAt:21684847251746,TaskAttempt ID:234,Partition Id:5,Stage Id:48
16/11/03 19:21:54 INFO myLogger: [MapPartitionsRDD]EndAt:21684847632456,TaskAttempt ID:234,Partition Id:5,Stage Id:48
16/11/03 19:21:56 INFO myLogger: [UnionRDD]EndAt:21686543514812,TaskAttempt ID:242,Partition Id:13,Stage Id:48
16/11/03 19:21:56 INFO myLogger: [UnionRDD]EndAt:21686610500932,TaskAttempt ID:238,Partition Id:12,Stage Id:48
16/11/03 19:21:59 INFO myLogger: [UnionRDD]EndAt:21689686688727,TaskAttempt ID:234,Partition Id:5,Stage Id:48
16/11/03 19:21:59 INFO myLogger: [UnionRDD]EndAt:21690113870394,TaskAttempt ID:230,Partition Id:4,Stage Id:48
16/116/11/03 19:22:35 INFO myLogger: [MapPartitionsRDD]StartAt:22176375892024,TaskAttempt ID:244,Partition Id:2,Stage Id:49
16/11/03 19:22:35 INFO myLogger: [ShuffledRDD]StartAt:22176376374552,TaskAttempt ID:244,Partition Id:2,Stage Id:49
16/11/03 19:22:35 INFO myLogger: [MapPartitionsRDD]StartAt:22176376944298,TaskAttempt ID:248,Partition Id:3,Stage Id:49
16/11/03 19:22:35 INFO myLogger: [ShuffledRDD]StartAt:22176377327566,TaskAttempt ID:248,Partition Id:3,Stage Id:49
16/11/03 19:22:35 INFO myLogger: [ShuffledRDD]EndAt:22176402955225,TaskAttempt ID:248,Partition Id:3,Stage Id:49
16/11/03 19:22:35 INFO myLogger: [MapPartitionsRDD]EndAt:22176404385300,TaskAttempt ID:248,Partition Id:3,Stage Id:49
16/11/03 19:22:35 INFO myLogger: [ShuffledRDD]EndAt:22176404675209,TaskAttempt ID:244,Partition Id:2,Stage Id:49
16/11/03 19:22:35 INFO myLogger: [MapPartitionsRDD]EndAt:22176405144867,TaskAttempt ID:244,Partition Id:2,Stage Id:49
16/11/03 19:22:43 INFO myLogger: [UnionRDD]StartAt:22184575312452,TaskAttempt ID:259,Partition Id:3,Stage Id:60
16/11/03 19:22:43 INFO myLogger: [UnionRDD]StartAt:22184575393334,TaskAttempt ID:267,Partition Id:11,Stage Id:60
16/11/03 19:22:43 INFO myLogger: [UnionRDD]StartAt:22184576057683,TaskAttempt ID:263,Partition Id:10,Stage Id:60
16/11/03 19:22:43 INFO myLogger: [MapPartitionsRDD]StartAt:22184577178039,TaskAttempt ID:259,Partition Id:3,Stage Id:60
16/11/03 19:22:43 INFO myLogger: [MapPartitionsRDD]StartAt:22184577324399,TaskAttempt ID:267,Partition Id:11,Stage Id:60
16/11/03 19:22:43 INFO myLogger: [ShuffledRDD]StartAt:22184577578578,TaskAttempt ID:259,Partition Id:3,Stage Id:60
16/11/03 19:22:43 INFO myLogger: [MapPartitionsRDD]StartAt:22184578023514,TaskAttempt ID:263,Partition Id:10,Stage Id:60
16/11/03 19:22:43 INFO myLogger: [ShuffledRDD]StartAt:22184578391215,TaskAttempt ID:267,Partition Id:11,Stage Id:60
16/11/03 19:22:43 INFO myLogger: [ShuffledRDD]StartAt:22184579081366,TaskAttempt ID:263,Partition Id:10,Stage Id:60
16/11/03 19:22:43 INFO myLogger: [UnionRDD]StartAt:22184579579984,TaskAttempt ID:255,Partition Id:2,Stage Id:60
16/11/03 19:22:43 INFO myLogger: [MapPartitionsRDD]StartAt:22184580844077,TaskAttempt ID:255,Partition Id:2,Stage Id:60
16/11/03 19:22:43 INFO myLogger: [ShuffledRDD]StartAt:22184581211676,TaskAttempt ID:255,Partition Id:2,Stage Id:60
16/11/03 19:22:43 INFO myLogger: [ShuffledRDD]EndAt:22184588360592,TaskAttempt ID:259,Partition Id:3,Stage Id:60
16/11/03 19:22:43 INFO myLogger: [MapPartitionsRDD]EndAt:22184588707359,TaskAttempt ID:259,Partition Id:3,Stage Id:60
16/11/03 19:22:43 INFO myLogger: [ShuffledRDD]EndAt:22184593318494,TaskAttempt ID:267,Partition Id:11,Stage Id:60
16/11/03 19:22:43 INFO myLogger: [MapPartitionsRDD]EndAt:22184593595114,TaskAttempt ID:267,Partition Id:11,Stage Id:60
16/11/03 19:22:43 INFO myLogger: [ShuffledRDD]EndAt:22184594078490,TaskAttempt ID:263,Partition Id:10,Stage Id:60
16/11/03 19:22:43 INFO myLogger: [MapPartitionsRDD]EndAt:22184594922853,TaskAttempt ID:263,Partition Id:10,Stage Id:60
16/11/03 19:22:43 INFO myLogger: [ShuffledRDD]EndAt:22184595495254,TaskAttempt ID:255,Partition Id:2,Stage Id:60
16/11/03 19:22:43 INFO myLogger: [MapPartitionsRDD]EndAt:22184596211764,TaskAttempt ID:255,Partition Id:2,Stage Id:60
16/11/03 19:22:44 INFO myLogger: [UnionRDD]EndAt:22185998794433,TaskAttempt ID:267,Partition Id:11,Stage Id:60
16/11/03 19:22:45 INFO myLogger: [UnionRDD]EndAt:22186524843686,TaskAttempt ID:263,Partition Id:10,Stage Id:60
16/11/03 19:22:47 INFO myLogger: [UnionRDD]EndAt:22188566956248,TaskAttempt ID:259,Partition Id:3,Stage Id:60
16/11/03 19:22:48 INFO myLogger: [UnionRDD]EndAt:22189873201515,TaskAttempt ID:255,Partition Id:2,Stage Id16/11616/11/03 19:23:23 INFO myLogger: [MapPartitionsRDD]StartAt:22232054969526,TaskAttempt ID:268,Partition Id:6,Stage Id:61
16/11/03 19:23:23 INFO myLogger: [MapPartitionsRDD]StartAt:22232055118480,TaskAttempt ID:272,Partition Id:7,Stage Id:61
16/11/03 19:23:23 INFO myLogger: [ShuffledRDD]StartAt:22232055437539,TaskAttempt ID:268,Partition Id:6,Stage Id:61
16/11/03 19:23:23 INFO myLogger: [ShuffledRDD]StartAt:22232055590057,TaskAttempt ID:272,Partition Id:7,Stage Id:61
16/11/03 19:23:23 INFO myLogger: [ShuffledRDD]EndAt:22232066829367,TaskAttempt ID:268,Partition Id:6,Stage Id:61
16/11/03 19:23:23 INFO myLogger: [MapPartitionsRDD]EndAt:22232067114776,TaskAttempt ID:268,Partition Id:6,Stage Id:61
16/11/03 19:23:23 INFO myLogger: [ShuffledRDD]EndAt:22232085096514,TaskAttempt ID:272,Partition Id:7,Stage Id:61
16/11/03 19:23:23 INFO myLogger: [MapPartitionsRDD]EndAt:22232088252123,TaskAttempt ID:272,Partition Id:7,Stage Id:61
16/11/03 19:23:31 INFO myLogger: [UnionRDD]StartAt:22240121897978,TaskAttempt ID:291,Partition Id:15,Stage Id:72
16/11/03 19:23:31 INFO myLogger: [UnionRDD]StartAt:22240123109696,TaskAttempt ID:279,Partition Id:6,Stage Id:72
16/11/03 19:23:31 INFO myLogger: [UnionRDD]StartAt:22240124521402,TaskAttempt ID:287,Partition Id:14,Stage Id:72
16/11/03 19:23:31 INFO myLogger: [MapPartitionsRDD]StartAt:22240124882245,TaskAttempt ID:291,Partition Id:15,Stage Id:72
16/11/03 19:23:31 INFO myLogger: [MapPartitionsRDD]StartAt:22240125468196,TaskAttempt ID:279,Partition Id:6,Stage Id:72
16/11/03 19:23:31 INFO myLogger: [UnionRDD]StartAt:22240125581953,TaskAttempt ID:283,Partition Id:7,Stage Id:72
16/11/03 19:23:31 INFO myLogger: [ShuffledRDD]StartAt:22240126260856,TaskAttempt ID:291,Partition Id:15,Stage Id:72
16/11/03 19:23:31 INFO myLogger: [MapPartitionsRDD]StartAt:22240126335783,TaskAttempt ID:287,Partition Id:14,Stage Id:72
16/11/03 19:23:31 INFO myLogger: [ShuffledRDD]StartAt:22240126447405,TaskAttempt ID:279,Partition Id:6,Stage Id:72
16/11/03 19:23:31 INFO myLogger: [ShuffledRDD]StartAt:22240127325503,TaskAttempt ID:287,Partition Id:14,Stage Id:72
16/11/03 19:23:31 INFO myLogger: [MapPartitionsRDD]StartAt:22240127846730,TaskAttempt ID:283,Partition Id:7,Stage Id:72
16/11/03 19:23:31 INFO myLogger: [ShuffledRDD]StartAt:22240128323482,TaskAttempt ID:283,Partition Id:7,Stage Id:72
16/11/03 19:23:31 INFO myLogger: [ShuffledRDD]EndAt:22240138335465,TaskAttempt ID:279,Partition Id:6,Stage Id:72
16/11/03 19:23:31 INFO myLogger: [MapPartitionsRDD]EndAt:22240138653371,TaskAttempt ID:279,Partition Id:6,Stage Id:72
16/11/03 19:23:31 INFO myLogger: [ShuffledRDD]EndAt:22240141798923,TaskAttempt ID:291,Partition Id:15,Stage Id:72
16/11/03 19:23:31 INFO myLogger: [MapPartitionsRDD]EndAt:22240142538560,TaskAttempt ID:291,Partition Id:15,Stage Id:72
16/11/03 19:23:31 INFO myLogger: [ShuffledRDD]EndAt:22240144337014,TaskAttempt ID:287,Partition Id:14,Stage Id:72
16/11/03 19:23:31 INFO myLogger: [MapPartitionsRDD]EndAt:22240160677781,TaskAttempt ID:287,Partition Id:14,Stage Id:72
16/11/03 19:23:31 INFO myLogger: [ShuffledRDD]EndAt:22240181489165,TaskAttempt ID:283,Partition Id:7,Stage Id:72
16/11/03 19:23:31 INFO myLogger: [MapPartitionsRDD]EndAt:22240181965521,TaskAttempt ID:283,Partition Id:7,Stage Id:72
16/11/03 19:23:33 INFO myLogger: [UnionRDD]EndAt:22241876674115,TaskAttempt ID:291,Partition Id:15,Stage Id:72
16/11/03 19:23:33 INFO myLogger: [UnionRDD]EndAt:22242111992044,TaskAttempt ID:287,Partition Id:14,Stage Id:72
16/11/03 19:23:35 INFO myLogger: [UnionRDD]EndAt:22244505900825,TaskAttempt ID:279,Partition Id:6,Stage Id:72
16/11/03 19:23:36 INFO myLogger: [UnionRDD]EndAt:22244918347801,TaskAttempt ID:283,Partition Id:7,Stage 16/11/03 19:24:11 INFO myLogger: [MapPartitionsRDD]StartAt:21821881743194,TaskAttempt ID:295,Partition Id:4,Stage Id:73
16/11/03 19:24:11 INFO myLogger: [MapPartitionsRDD]StartAt:21821882252386,TaskAttempt ID:299,Partition Id:5,Stage Id:73
16/11/03 19:24:11 INFO myLogger: [ShuffledRDD]StartAt:21821882339678,TaskAttempt ID:295,Partition Id:4,Stage Id:73
16/11/03 19:24:11 INFO myLogger: [ShuffledRDD]StartAt:21821882722159,TaskAttempt ID:299,Partition Id:5,Stage Id:73
16/11/03 19:24:11 INFO myLogger: [ShuffledRDD]EndAt:21821908555413,TaskAttempt ID:295,Partition Id:4,Stage Id:73
16/11/03 19:24:11 INFO myLogger: [ShuffledRDD]EndAt:21821908867739,TaskAttempt ID:299,Partition Id:5,Stage Id:73
16/11/03 19:24:11 INFO myLogger: [MapPartitionsRDD]EndAt:21821908907517,TaskAttempt ID:295,Partition Id:4,Stage Id:73
16/11/03 19:24:11 INFO myLogger: [MapPartitionsRDD]EndAt:21821909256527,TaskAttempt ID:299,Partition Id:5,Stage Id:73
16/11/03 19:24:19 INFO myLogger: [UnionRDD]StartAt:21829614352001,TaskAttempt ID:312,Partition Id:13,Stage Id:84
16/11/03 19:24:19 INFO myLogger: [UnionRDD]StartAt:21829615432953,TaskAttempt ID:300,Partition Id:4,Stage Id:84
16/11/03 19:24:19 INFO myLogger: [UnionRDD]StartAt:21829616122769,TaskAttempt ID:308,Partition Id:12,Stage Id:84
16/11/03 19:24:19 INFO myLogger: [MapPartitionsRDD]StartAt:21829616193275,TaskAttempt ID:312,Partition Id:13,Stage Id:84
16/11/03 19:24:19 INFO myLogger: [ShuffledRDD]StartAt:21829617020612,TaskAttempt ID:312,Partition Id:13,Stage Id:84
16/11/03 19:24:19 INFO myLogger: [UnionRDD]StartAt:21829617293116,TaskAttempt ID:304,Partition Id:5,Stage Id:84
16/11/03 19:24:19 INFO myLogger: [MapPartitionsRDD]StartAt:21829618186500,TaskAttempt ID:308,Partition Id:12,Stage Id:84
16/11/03 19:24:19 INFO myLogger: [MapPartitionsRDD]StartAt:21829618581050,TaskAttempt ID:300,Partition Id:4,Stage Id:84
16/11/03 19:24:19 INFO myLogger: [ShuffledRDD]StartAt:21829618613836,TaskAttempt ID:308,Partition Id:12,Stage Id:84
16/11/03 19:24:19 INFO myLogger: [ShuffledRDD]StartAt:21829619266695,TaskAttempt ID:300,Partition Id:4,Stage Id:84
16/11/03 19:24:19 INFO myLogger: [MapPartitionsRDD]StartAt:21829619609691,TaskAttempt ID:304,Partition Id:5,Stage Id:84
16/11/03 19:24:19 INFO myLogger: [ShuffledRDD]StartAt:21829620102134,TaskAttempt ID:304,Partition Id:5,Stage Id:84
16/11/03 19:24:19 INFO myLogger: [ShuffledRDD]EndAt:21829627058260,TaskAttempt ID:312,Partition Id:13,Stage Id:84
16/11/03 19:24:19 INFO myLogger: [MapPartitionsRDD]EndAt:21829627340911,TaskAttempt ID:312,Partition Id:13,Stage Id:84
16/11/03 19:24:19 INFO myLogger: [ShuffledRDD]EndAt:21829631635490,TaskAttempt ID:300,Partition Id:4,Stage Id:84
16/11/03 19:24:19 INFO myLogger: [MapPartitionsRDD]EndAt:21829632263735,TaskAttempt ID:300,Partition Id:4,Stage Id:84
16/11/03 19:24:19 INFO myLogger: [ShuffledRDD]EndAt:21829632394269,TaskAttempt ID:308,Partition Id:12,Stage Id:84
16/11/03 19:24:19 INFO myLogger: [MapPartitionsRDD]EndAt:21829632860134,TaskAttempt ID:308,Partition Id:12,Stage Id:84
16/11/03 19:24:19 INFO myLogger: [ShuffledRDD]EndAt:21829633272125,TaskAttempt ID:304,Partition Id:5,Stage Id:84
16/11/03 19:24:19 INFO myLogger: [MapPartitionsRDD]EndAt:21829633683474,TaskAttempt ID:304,Partition Id:5,Stage Id:84
16/11/03 19:24:20 INFO myLogger: [UnionRDD]EndAt:21831253478843,TaskAttempt ID:308,Partition Id:12,Stage Id:84
16/11/03 19:24:20 INFO myLogger: [UnionRDD]EndAt:21831253896279,TaskAttempt ID:312,Partition Id:13,Stage Id:84
16/11/03 19:24:23 INFO myLogger: [UnionRDD]EndAt:21834006542749,TaskAttempt ID:300,Partition Id:4,Stage Id:84
16/11/03 19:24:23 INFO myLogger: [UnionRDD]EndAt:21834101328528,TaskAttempt ID:304,Partition Id:5,Stage Id:84
16/11616/11/03 19:24:59 INFO myLogger: [MapPartitionsRDD]StartAt:22328519840625,TaskAttempt ID:320,Partition Id:7,Stage Id:85
16/11/03 19:24:59 INFO myLogger: [MapPartitionsRDD]StartAt:22328519943206,TaskAttempt ID:316,Partition Id:6,Stage Id:85
16/11/03 19:24:59 INFO myLogger: [ShuffledRDD]StartAt:22328520401886,TaskAttempt ID:320,Partition Id:7,Stage Id:85
16/11/03 19:24:59 INFO myLogger: [ShuffledRDD]StartAt:22328520479590,TaskAttempt ID:316,Partition Id:6,Stage Id:85
16/11/03 19:24:59 INFO myLogger: [ShuffledRDD]EndAt:22328539833371,TaskAttempt ID:320,Partition Id:7,Stage Id:85
16/11/03 19:24:59 INFO myLogger: [MapPartitionsRDD]EndAt:22328540637049,TaskAttempt ID:320,Partition Id:7,Stage Id:85
16/11/03 19:24:59 INFO myLogger: [ShuffledRDD]EndAt:22328542807677,TaskAttempt ID:316,Partition Id:6,Stage Id:85
16/11/03 19:24:59 INFO myLogger: [MapPartitionsRDD]EndAt:22328558671179,TaskAttempt ID:316,Partition Id:6,Stage Id:85
16/11/03 19:25:07 INFO myLogger: [UnionRDD]StartAt:22336076984572,TaskAttempt ID:328,Partition Id:7,Stage Id:96
16/11/03 19:25:07 INFO myLogger: [MapPartitionsRDD]StartAt:22336077664337,TaskAttempt ID:328,Partition Id:7,Stage Id:96
16/11/03 19:25:07 INFO myLogger: [ShuffledRDD]StartAt:22336078019781,TaskAttempt ID:328,Partition Id:7,Stage Id:96
16/11/03 19:25:07 INFO myLogger: [UnionRDD]StartAt:22336080371322,TaskAttempt ID:336,Partition Id:15,Stage Id:96
16/11/03 19:25:07 INFO myLogger: [UnionRDD]StartAt:22336080905247,TaskAttempt ID:332,Partition Id:14,Stage Id:96
16/11/03 19:25:07 INFO myLogger: [UnionRDD]StartAt:22336081000632,TaskAttempt ID:324,Partition Id:6,Stage Id:96
16/11/03 19:25:07 INFO myLogger: [MapPartitionsRDD]StartAt:22336082545492,TaskAttempt ID:336,Partition Id:15,Stage Id:96
16/11/03 19:25:07 INFO myLogger: [MapPartitionsRDD]StartAt:22336082945283,TaskAttempt ID:332,Partition Id:14,Stage Id:96
16/11/03 19:25:07 INFO myLogger: [MapPartitionsRDD]StartAt:22336083058632,TaskAttempt ID:324,Partition Id:6,Stage Id:96
16/11/03 19:25:07 INFO myLogger: [ShuffledRDD]StartAt:22336083167793,TaskAttempt ID:336,Partition Id:15,Stage Id:96
16/11/03 19:25:07 INFO myLogger: [ShuffledRDD]StartAt:22336083664068,TaskAttempt ID:332,Partition Id:14,Stage Id:96
16/11/03 19:25:07 INFO myLogger: [ShuffledRDD]StartAt:22336084051428,TaskAttempt ID:324,Partition Id:6,Stage Id:96
16/11/03 19:25:07 INFO myLogger: [ShuffledRDD]EndAt:22336089003781,TaskAttempt ID:328,Partition Id:7,Stage Id:96
16/11/03 19:25:07 INFO myLogger: [MapPartitionsRDD]EndAt:22336089441740,TaskAttempt ID:328,Partition Id:7,Stage Id:96
16/11/03 19:25:07 INFO myLogger: [ShuffledRDD]EndAt:22336092552434,TaskAttempt ID:324,Partition Id:6,Stage Id:96
16/11/03 19:25:07 INFO myLogger: [MapPartitionsRDD]EndAt:22336093081638,TaskAttempt ID:324,Partition Id:6,Stage Id:96
16/11/03 19:25:07 INFO myLogger: [ShuffledRDD]EndAt:22336093357608,TaskAttempt ID:332,Partition Id:14,Stage Id:96
16/11/03 19:25:07 INFO myLogger: [MapPartitionsRDD]EndAt:22336093717534,TaskAttempt ID:332,Partition Id:14,Stage Id:96
16/11/03 19:25:07 INFO myLogger: [ShuffledRDD]EndAt:22336094115853,TaskAttempt ID:336,Partition Id:15,Stage Id:96
16/11/03 19:25:07 INFO myLogger: [MapPartitionsRDD]EndAt:22336094467318,TaskAttempt ID:336,Partition Id:15,Stage Id:96
16/11/03 19:25:09 INFO myLogger: [UnionRDD]EndAt:22337840283323,TaskAttempt ID:332,Partition Id:14,Stage Id:96
16/11/03 19:25:09 INFO myLogger: [UnionRDD]EndAt:22337846913355,TaskAttempt ID:336,Partition Id:15,Stage Id:96
16/11/03 19:25:11 INFO myLogger: [UnionRDD]EndAt:22340362938940,TaskAttempt ID:324,Partition Id:6,Stage Id:96
16/11/03 19:25:11 INFO myLogger: [UnionRDD]EndAt:22340415446649,TaskAttempt ID:328,Partition Id:7,Stage 16/11/16/11/03 19:25:47 INFO myLogger: [MapPartitionsRDD]StartAt:22375934099296,TaskAttempt ID:340,Partition Id:6,Stage Id:97
16/11/03 19:25:47 INFO myLogger: [ShuffledRDD]StartAt:22375934592142,TaskAttempt ID:340,Partition Id:6,Stage Id:97
16/11/03 19:25:47 INFO myLogger: [MapPartitionsRDD]StartAt:22375935983977,TaskAttempt ID:344,Partition Id:7,Stage Id:97
16/11/03 19:25:47 INFO myLogger: [ShuffledRDD]StartAt:22375936454515,TaskAttempt ID:344,Partition Id:7,Stage Id:97
16/11/03 19:25:47 INFO myLogger: [ShuffledRDD]EndA16/11/03 19:25:40 INFO myLogger: [UnionRDD]EndAt:22363719846846,TaskAttempt ID:338,Partition Id:9,Stage Id:96
16/11/03 19:25:42 INFO myLogger: [UnionRDD]EndAt:22365658832779,TaskAttempt ID:330,Partition Id:1,Stage Id:96
16/11/03 19:25:47 INFO myLogger: [MapPartitionsRDD]StartAt:22370075156065,TaskAttempt ID:341,Partition Id:0,Stage Id:97
16/11/03 19:25:47 INFO myLogger: [ShuffledRDD]StartAt:22370075346616,TaskAttempt ID:341,Partition Id:0,Stage Id:97
16/11/03 19:25:47 INFO myLogger: [MapPartitionsRDD]StartAt:22370077626738,TaskAttempt ID:345,Partition Id:1,Stage Id:97
16/11/03 19:25:47 INFO myLogger: [ShuffledRDD]StartAt:22370078047607,TaskAttempt ID:345,Partition Id:1,Stage Id:97
16/11/03 19:25:47 INFO myLogger: [ShuffledRDD]EndAt:22370089500252,TaskAttempt ID:345,Partition Id:1,Stage Id:97
16/11/03 19:25:47 INFO myLogger: [ShuffledRDD]EndAt:22370089520200,TaskAttempt ID:341,Partition Id:0,Stage Id:97
16/11/03 19:25:47 INFO myLogger: [MapPartitionsRDD]EndAt:22370090057931,TaskAttempt ID:345,Partition Id:1,Stage Id:97
16/11/03 19:25:47 INFO myLogger: [MapPartitionsRDD]EndAt:22370090216948,TaskAttempt ID:341,Partition Id:0,Stage Id:97
