16/11/08 12:08:27 INFO serializeLogger: [CreationPYRE]StartAt:1478632107803,Parent RDD ID:1,Name:../ml-20m/clean.dat,TaskAttempt ID:13,Partition Id:4,Stage Id:1
16/11/08 12:08:27 INFO serializeLogger: [CreationPYRE]StartAt:1478632107803,Parent RDD ID:1,Name:../ml-20m/clean.dat,TaskAttempt ID:9,Partition Id:0,Stage Id:1
16/11/08 12:08:27 INFO serializeLogger: [CreationPYRE]StartAt:1478632107803,Parent RDD ID:1,Name:../ml-20m/clean.dat,TaskAttempt ID:17,Partition Id:8,Stage Id:1
16/11/08 12:08:27 INFO serializeLogger: [CreationPYRE]EndAt:1478632107805,Parent RDD ID:1,Name:../ml-20m/clean.dat,TaskAttempt ID:13,Partition Id:4,Stage Id:1
16/11/08 12:08:27 INFO serializeLogger: [CreationPYRE]EndAt:1478632107805,Parent RDD ID:1,Name:../ml-20m/clean.dat,TaskAttempt ID:9,Partition Id:0,Stage Id:1
16/11/08 12:08:27 INFO serializeLogger: [CreationPYRE]EndAt:1478632107805,Parent RDD ID:1,Name:../ml-20m/clean.dat,TaskAttempt ID:17,Partition Id:8,Stage Id:1
16/11/08 12:08:27 INFO serializeLogger: [RunnerCompute]StartAt:1478632107805,Parent RDD ID:1,Name:../ml-20m/clean.dat,TaskAttempt ID:13,Partition Id:4,Stage Id:1
16/11/08 12:08:27 INFO serializeLogger: [RunnerCompute]StartAt:1478632107806,Parent RDD ID:1,Name:../ml-20m/clean.dat,TaskAttempt ID:9,Partition Id:0,Stage Id:1
16/11/08 12:08:27 INFO serializeLogger: [RunnerCompute]StartAt:1478632107806,Parent RDD ID:1,Name:../ml-20m/clean.dat,TaskAttempt ID:17,Partition Id:8,Stage Id:1
16/11/08 12:08:34 INFO serializeLogger: [writerThread]StartAt:1478632114933,Parent RDD ID:1,Name:../ml-20m/clean.dat,TaskAttempt ID:13,Partition Id:4,Stage Id:1
16/11/08 12:08:34 INFO serializeLogger: [writerThread]StartAt:1478632114945,Parent RDD ID:1,Name:../ml-20m/clean.dat,TaskAttempt ID:9,Partition Id:0,Stage Id:1
16/11/08 12:08:34 INFO serializeLogger: [writerThread]StartAt:1478632114959,Parent RDD ID:1,Name:../ml-20m/clean.dat,TaskAttempt ID:17,Partition Id:8,Stage Id:1
16/11/08 12:08:50 INFO serializeLogger: [RunnerCompute]EndAt:1478632130519,Parent RDD ID:1,Name:../ml-20m/clean.dat,TaskAttempt ID:17,Partition Id:8,Stage Id:1
16/11/08 12:08:50 INFO serializeLogger: [writerThread]EndAt:1478632130538,Parent RDD ID:1,Name:../ml-20m/clean.dat,TaskAttempt ID:17,Partition Id:8,Stage Id:1
16/11/08 12:08:52 INFO serializeLogger: [RunnerCompute]EndAt:1478632132373,Parent RDD ID:1,Name:../ml-20m/clean.dat,TaskAttempt ID:13,Partition Id:4,Stage Id:1
16/11/08 12:08:52 INFO serializeLogger: [writerThread]EndAt:1478632132378,Parent RDD ID:1,Name:../ml-20m/clean.dat,TaskAttempt ID:13,Partition Id:4,Stage Id:1
16/11/08 12:08:53 INFO serializeLogger: [RunnerCompute]EndAt:1478632133300,Parent RDD ID:1,Name:../ml-20m/clean.dat,TaskAttempt ID:9,Partition Id:0,Stage Id:1
16/11/08 12:08:53 INFO serializeLogger: [writerThread]EndAt:1478632133303,Parent RDD ID:1,Name:../ml-20m/clean.dat,TaskAttempt ID:9,Partition Id:0,Stage Id:1
16/11/08 12:08:54 INFO serializeLogger: [CreationPYRE]StartAt:1478632134129,Parent RDD ID:1,Name:../ml-20m/clean.dat,TaskAttempt ID:23,Partition Id:5,Stage Id:2
16/11/08 12:08:54 INFO serializeLogger: [CreationPYRE]StartAt:1478632134129,Parent RDD ID:1,Name:../ml-20m/clean.dat,TaskAttempt ID:19,Partition Id:1,Stage Id:2
16/11/08 12:08:54 INFO serializeLogger: [CreationPYRE]EndAt:1478632134129,Parent RDD ID:1,Name:../ml-20m/clean.dat,TaskAttempt ID:23,Partition Id:5,Stage Id:2
16/11/08 12:08:54 INFO serializeLogger: [CreationPYRE]EndAt:1478632134130,Parent RDD ID:1,Name:../ml-20m/clean.dat,TaskAttempt ID:19,Partition Id:1,Stage Id:2
16/11/08 12:08:54 INFO serializeLogger: [RunnerCompute]StartAt:1478632134130,Parent RDD ID:1,Name:../ml-20m/clean.dat,TaskAttempt ID:23,Partition Id:5,Stage Id:2
16/11/08 12:08:54 INFO serializeLogger: [RunnerCompute]StartAt:1478632134130,Parent RDD ID:1,Name:../ml-20m/clean.dat,TaskAttempt ID:19,Partition Id:1,Stage Id:2
16/11/08 12:08:54 INFO serializeLogger: [writerThread]StartAt:1478632134146,Parent RDD ID:1,Name:../ml-20m/clean.dat,TaskAttempt ID:23,Partition Id:5,Stage Id:2
16/11/08 12:08:54 INFO serializeLogger: [writerThread]StartAt:1478632134146,Parent RDD ID:1,Name:../ml-20m/clean.dat,TaskAttempt ID:19,Partition Id:1,Stage Id:2
16/11/08 12:08:54 INFO serializeLogger: [RunnerCompute]EndAt:1478632134217,Parent RDD ID:1,Name:../ml-20m/clean.dat,TaskAttempt ID:19,Partition Id:1,Stage Id:2
16/11/08 12:08:54 INFO serializeLogger: [RunnerCompute]EndAt:1478632134219,Parent RDD ID:1,Name:../ml-20m/clean.dat,TaskAttempt ID:23,Partition Id:5,Stage Id:2
16/11/08 12:09:30 INFO serializeLogger: [writerThread]EndAt:1478632170662,Parent RDD ID:1,Name:../ml-20m/clean.dat,TaskAttempt ID:19,Partition Id:1,Stage Id:2
16/11/08 12:09:30 INFO serializeLogger: [writerThread]EndAt:1478632170786,Parent RDD ID:1,Name:../ml-20m/clean.dat,TaskAttempt ID:23,Partition Id:5,Stage Id:2
16/11/08 12:09:31 INFO serializeLogger: [CreationPYRE]StartAt:1478632171641,Parent RDD ID:11,Name:UnionRDD,TaskAttempt ID:87,Partition Id:60,Stage Id:3
16/11/08 12:09:31 INFO serializeLogger: [CreationPYRE]EndAt:1478632171641,Parent RDD ID:11,Name:UnionRDD,TaskAttempt ID:87,Partition Id:60,Stage Id:3
16/11/08 12:09:31 INFO serializeLogger: [RunnerCompute]StartAt:1478632171642,Parent RDD ID:11,Name:UnionRDD,TaskAttempt ID:87,Partition Id:60,Stage Id:3
16/11/08 12:09:31 INFO serializeLogger: [CreationPYRE]StartAt:1478632171643,Parent RDD ID:11,Name:UnionRDD,TaskAttempt ID:47,Partition Id:20,Stage Id:3
16/11/08 12:09:31 INFO serializeLogger: [CreationPYRE]EndAt:1478632171643,Parent RDD ID:11,Name:UnionRDD,TaskAttempt ID:47,Partition Id:20,Stage Id:3
16/11/08 12:09:31 INFO serializeLogger: [RunnerCompute]StartAt:1478632171643,Parent RDD ID:11,Name:UnionRDD,TaskAttempt ID:47,Partition Id:20,Stage Id:3
16/11/08 12:09:31 INFO serializeLogger: [CreationPYRE]StartAt:1478632171644,Parent RDD ID:11,Name:UnionRDD,TaskAttempt ID:35,Partition Id:8,Stage Id:3
16/11/08 12:09:31 INFO serializeLogger: [CreationPYRE]EndAt:1478632171644,Parent RDD ID:11,Name:UnionRDD,TaskAttempt ID:35,Partition Id:8,Stage Id:3
16/11/08 12:09:31 INFO serializeLogger: [RunnerCompute]StartAt:1478632171644,Parent RDD ID:11,Name:UnionRDD,TaskAttempt ID:35,Partition Id:8,Stage Id:3
16/11/08 12:09:31 INFO serializeLogger: [CreationPYRE]StartAt:1478632171646,Parent RDD ID:11,Name:UnionRDD,TaskAttempt ID:75,Partition Id:48,Stage Id:3
16/11/08 12:09:31 INFO serializeLogger: [CreationPYRE]EndAt:1478632171647,Parent RDD ID:11,Name:UnionRDD,TaskAttempt ID:75,Partition Id:48,Stage Id:3
16/11/08 12:09:31 INFO serializeLogger: [CreationPYRE]StartAt:1478632171647,Parent RDD ID:11,Name:UnionRDD,TaskAttempt ID:83,Partition Id:56,Stage Id:3
16/11/08 12:09:31 INFO serializeLogger: [CreationPYRE]EndAt:1478632171648,Parent RDD ID:11,Name:UnionRDD,TaskAttempt ID:83,Partition Id:56,Stage Id:3
16/11/08 12:09:31 INFO serializeLogger: [RunnerCompute]StartAt:1478632171648,Parent RDD ID:11,Name:UnionRDD,TaskAttempt ID:75,Partition Id:48,Stage Id:3
16/11/08 12:09:31 INFO serializeLogger: [CreationPYRE]StartAt:1478632171649,Parent RDD ID:8,Name:ParallelCollectionRDD,TaskAttempt ID:87,Partition Id:60,Stage Id:3
16/11/08 12:09:31 INFO serializeLogger: [CreationPYRE]StartAt:1478632171649,Parent RDD ID:11,Name:UnionRDD,TaskAttempt ID:59,Partition Id:32,Stage Id:3
16/11/08 12:09:31 INFO serializeLogger: [CreationPYRE]StartAt:1478632171649,Parent RDD ID:11,Name:UnionRDD,TaskAttempt ID:51,Partition Id:24,Stage Id:3
16/11/08 12:09:31 INFO serializeLogger: [CreationPYRE]StartAt:1478632171650,Parent RDD ID:11,Name:UnionRDD,TaskAttempt ID:31,Partition Id:4,Stage Id:3
16/11/08 12:09:31 INFO serializeLogger: [CreationPYRE]EndAt:1478632171650,Parent RDD ID:11,Name:UnionRDD,TaskAttempt ID:59,Partition Id:32,Stage Id:3
16/11/08 12:09:31 INFO serializeLogger: [CreationPYRE]EndAt:1478632171650,Parent RDD ID:8,Name:ParallelCollectionRDD,TaskAttempt ID:87,Partition Id:60,Stage Id:3
16/11/08 12:09:31 INFO serializeLogger: [CreationPYRE]StartAt:1478632171650,Parent RDD ID:11,Name:UnionRDD,TaskAttempt ID:71,Partition Id:44,Stage Id:3
16/11/08 12:09:31 INFO serializeLogger: [RunnerCompute]StartAt:1478632171650,Parent RDD ID:8,Name:ParallelCollectionRDD,TaskAttempt ID:87,Partition Id:60,Stage Id:3
16/11/08 12:09:31 INFO serializeLogger: [CreationPYRE]StartAt:1478632171651,Parent RDD ID:11,Name:UnionRDD,TaskAttempt ID:27,Partition Id:0,Stage Id:3
16/11/08 12:09:31 INFO serializeLogger: [CreationPYRE]StartAt:1478632171651,Parent RDD ID:11,Name:UnionRDD,TaskAttempt ID:79,Partition Id:52,Stage Id:3
16/11/08 12:09:31 INFO serializeLogger: [RunnerCompute]StartAt:1478632171651,Parent RDD ID:11,Name:UnionRDD,TaskAttempt ID:83,Partition Id:56,Stage Id:3
16/11/08 12:09:31 INFO serializeLogger: [CreationPYRE]EndAt:1478632171651,Parent RDD ID:11,Name:UnionRDD,TaskAttempt ID:79,Partition Id:52,Stage Id:3
16/11/08 12:09:31 INFO serializeLogger: [CreationPYRE]StartAt:1478632171651,Parent RDD ID:11,Name:UnionRDD,TaskAttempt ID:55,Partition Id:28,Stage Id:3
16/11/08 12:09:31 INFO serializeLogger: [RunnerCompute]StartAt:1478632171651,Parent RDD ID:11,Name:UnionRDD,TaskAttempt ID:79,Partition Id:52,Stage Id:3
16/11/08 12:09:31 INFO serializeLogger: [CreationPYRE]StartAt:1478632171652,Parent RDD ID:11,Name:UnionRDD,TaskAttempt ID:39,Partition Id:12,Stage Id:3
16/11/08 12:09:31 INFO serializeLogger: [CreationPYRE]StartAt:1478632171652,Parent RDD ID:11,Name:UnionRDD,TaskAttempt ID:63,Partition Id:36,Stage Id:3
16/11/08 12:09:31 INFO serializeLogger: [CreationPYRE]EndAt:1478632171652,Parent RDD ID:11,Name:UnionRDD,TaskAttempt ID:39,Partition Id:12,Stage Id:3
16/11/08 12:09:31 INFO serializeLogger: [CreationPYRE]EndAt:1478632171652,Parent RDD ID:11,Name:UnionRDD,TaskAttempt ID:55,Partition Id:28,Stage Id:3
16/11/08 12:09:31 INFO serializeLogger: [RunnerCompute]StartAt:1478632171652,Parent RDD ID:11,Name:UnionRDD,TaskAttempt ID:39,Partition Id:12,Stage Id:3
16/11/08 12:09:31 INFO serializeLogger: [RunnerCompute]StartAt:1478632171652,Parent RDD ID:11,Name:UnionRDD,TaskAttempt ID:55,Partition Id:28,Stage Id:3
16/11/08 12:09:31 INFO serializeLogger: [CreationPYRE]StartAt:1478632171653,Parent RDD ID:8,Name:ParallelCollectionRDD,TaskAttempt ID:47,Partition Id:20,Stage Id:3
16/11/08 12:09:31 INFO serializeLogger: [CreationPYRE]EndAt:1478632171653,Parent RDD ID:11,Name:UnionRDD,TaskAttempt ID:27,Partition Id:0,Stage Id:3
16/11/08 12:09:31 INFO serializeLogger: [CreationPYRE]StartAt:1478632171653,Parent RDD ID:11,Name:UnionRDD,TaskAttempt ID:43,Partition Id:16,Stage Id:3
16/11/08 12:09:31 INFO serializeLogger: [CreationPYRE]StartAt:1478632171653,Parent RDD ID:11,Name:UnionRDD,TaskAttempt ID:67,Partition Id:40,Stage Id:3
16/11/08 12:09:31 INFO serializeLogger: [CreationPYRE]EndAt:1478632171653,Parent RDD ID:11,Name:UnionRDD,TaskAttempt ID:71,Partition Id:44,Stage Id:3
16/11/08 12:09:31 INFO serializeLogger: [RunnerCompute]StartAt:1478632171654,Parent RDD ID:11,Name:UnionRDD,TaskAttempt ID:59,Partition Id:32,Stage Id:3
16/11/08 12:09:31 INFO serializeLogger: [CreationPYRE]EndAt:1478632171654,Parent RDD ID:11,Name:UnionRDD,TaskAttempt ID:31,Partition Id:4,Stage Id:3
16/11/08 12:09:31 INFO serializeLogger: [CreationPYRE]EndAt:1478632171654,Parent RDD ID:11,Name:UnionRDD,TaskAttempt ID:51,Partition Id:24,Stage Id:3
16/11/08 12:09:31 INFO serializeLogger: [CreationPYRE]StartAt:1478632171654,Parent RDD ID:8,Name:ParallelCollectionRDD,TaskAttempt ID:35,Partition Id:8,Stage Id:3
16/11/08 12:09:31 INFO serializeLogger: [RunnerCompute]StartAt:1478632171654,Parent RDD ID:11,Name:UnionRDD,TaskAttempt ID:31,Partition Id:4,Stage Id:3
16/11/08 12:09:31 INFO serializeLogger: [CreationPYRE]StartAt:1478632171655,Parent RDD ID:8,Name:ParallelCollectionRDD,TaskAttempt ID:75,Partition Id:48,Stage Id:3
16/11/08 12:09:31 INFO serializeLogger: [RunnerCompute]StartAt:1478632171655,Parent RDD ID:11,Name:UnionRDD,TaskAttempt ID:71,Partition Id:44,Stage Id:3
16/11/08 12:09:31 INFO serializeLogger: [CreationPYRE]StartAt:1478632171656,Parent RDD ID:8,Name:ParallelCollectionRDD,TaskAttempt ID:71,Partition Id:44,Stage Id:3
16/11/08 12:09:31 INFO serializeLogger: [CreationPYRE]EndAt:1478632171656,Parent RDD ID:8,Name:ParallelCollectionRDD,TaskAttempt ID:71,Partition Id:44,Stage Id:3
16/11/08 12:09:31 INFO serializeLogger: [RunnerCompute]StartAt:1478632171656,Parent RDD ID:8,Name:ParallelCollectionRDD,TaskAttempt ID:71,Partition Id:44,Stage Id:3
16/11/08 12:09:31 INFO serializeLogger: [CreationPYRE]EndAt:1478632171658,Parent RDD ID:11,Name:UnionRDD,TaskAttempt ID:67,Partition Id:40,Stage Id:3
16/11/08 12:09:31 INFO serializeLogger: [RunnerCompute]StartAt:1478632171658,Parent RDD ID:11,Name:UnionRDD,TaskAttempt ID:67,Partition Id:40,Stage Id:3
16/11/08 12:09:31 INFO serializeLogger: [CreationPYRE]EndAt:1478632171659,Parent RDD ID:11,Name:UnionRDD,TaskAttempt ID:43,Partition Id:16,Stage Id:3
16/11/08 12:09:31 INFO serializeLogger: [RunnerCompute]StartAt:1478632171659,Parent RDD ID:11,Name:UnionRDD,TaskAttempt ID:27,Partition Id:0,Stage Id:3
16/11/08 12:09:31 INFO serializeLogger: [CreationPYRE]EndAt:1478632171659,Parent RDD ID:8,Name:ParallelCollectionRDD,TaskAttempt ID:47,Partition Id:20,Stage Id:3
16/11/08 12:09:31 INFO serializeLogger: [CreationPYRE]EndAt:1478632171660,Parent RDD ID:11,Name:UnionRDD,TaskAttempt ID:63,Partition Id:36,Stage Id:3
16/11/08 12:09:31 INFO serializeLogger: [RunnerCompute]StartAt:1478632171661,Parent RDD ID:8,Name:ParallelCollectionRDD,TaskAttempt ID:47,Partition Id:20,Stage Id:3
16/11/08 12:09:31 INFO serializeLogger: [RunnerCompute]StartAt:1478632171662,Parent RDD ID:11,Name:UnionRDD,TaskAttempt ID:43,Partition Id:16,Stage Id:3
16/11/08 12:09:31 INFO serializeLogger: [CreationPYRE]EndAt:1478632171662,Parent RDD ID:8,Name:ParallelCollectionRDD,TaskAttempt ID:75,Partition Id:48,Stage Id:3
16/11/08 12:09:31 INFO serializeLogger: [CreationPYRE]EndAt:1478632171663,Parent RDD ID:8,Name:ParallelCollectionRDD,TaskAttempt ID:35,Partition Id:8,Stage Id:3
16/11/08 12:09:31 INFO serializeLogger: [RunnerCompute]StartAt:1478632171663,Parent RDD ID:11,Name:UnionRDD,TaskAttempt ID:51,Partition Id:24,Stage Id:3
16/11/08 12:09:31 INFO serializeLogger: [RunnerCompute]StartAt:1478632171664,Parent RDD ID:8,Name:ParallelCollectionRDD,TaskAttempt ID:75,Partition Id:48,Stage Id:3
16/11/08 12:09:31 INFO serializeLogger: [CreationPYRE]StartAt:1478632171665,Parent RDD ID:8,Name:ParallelCollectionRDD,TaskAttempt ID:55,Partition Id:28,Stage Id:3
16/11/08 12:09:31 INFO serializeLogger: [CreationPYRE]StartAt:1478632171665,Parent RDD ID:8,Name:ParallelCollectionRDD,TaskAttempt ID:83,Partition Id:56,Stage Id:3
16/11/08 12:09:31 INFO serializeLogger: [RunnerCompute]StartAt:1478632171665,Parent RDD ID:11,Name:UnionRDD,TaskAttempt ID:63,Partition Id:36,Stage Id:3
16/11/08 12:09:31 INFO serializeLogger: [CreationPYRE]EndAt:1478632171665,Parent RDD ID:8,Name:ParallelCollectionRDD,TaskAttempt ID:83,Partition Id:56,Stage Id:3
16/11/08 12:09:31 INFO serializeLogger: [CreationPYRE]StartAt:1478632171665,Parent RDD ID:8,Name:ParallelCollectionRDD,TaskAttempt ID:79,Partition Id:52,Stage Id:3
16/11/08 12:09:31 INFO serializeLogger: [CreationPYRE]EndAt:1478632171666,Parent RDD ID:8,Name:ParallelCollectionRDD,TaskAttempt ID:55,Partition Id:28,Stage Id:3
16/11/08 12:09:31 INFO serializeLogger: [CreationPYRE]StartAt:1478632171666,Parent RDD ID:8,Name:ParallelCollectionRDD,TaskAttempt ID:67,Partition Id:40,Stage Id:3
16/11/08 12:09:31 INFO serializeLogger: [RunnerCompute]StartAt:1478632171666,Parent RDD ID:8,Name:ParallelCollectionRDD,TaskAttempt ID:55,Partition Id:28,Stage Id:3
16/11/08 12:09:31 INFO serializeLogger: [CreationPYRE]StartAt:1478632171667,Parent RDD ID:8,Name:ParallelCollectionRDD,TaskAttempt ID:59,Partition Id:32,Stage Id:3
16/11/08 12:09:31 INFO serializeLogger: [RunnerCompute]StartAt:1478632171667,Parent RDD ID:8,Name:ParallelCollectionRDD,TaskAttempt ID:35,Partition Id:8,Stage Id:3
16/11/08 12:09:31 INFO serializeLogger: [CreationPYRE]StartAt:1478632171667,Parent RDD ID:8,Name:ParallelCollectionRDD,TaskAttempt ID:31,Partition Id:4,Stage Id:3
16/11/08 12:09:31 INFO serializeLogger: [CreationPYRE]EndAt:1478632171667,Parent RDD ID:8,Name:ParallelCollectionRDD,TaskAttempt ID:59,Partition Id:32,Stage Id:3
16/11/08 12:09:31 INFO serializeLogger: [CreationPYRE]EndAt:1478632171668,Parent RDD ID:8,Name:ParallelCollectionRDD,TaskAttempt ID:31,Partition Id:4,Stage Id:3
16/11/08 12:09:31 INFO serializeLogger: [RunnerCompute]StartAt:1478632171668,Parent RDD ID:8,Name:ParallelCollectionRDD,TaskAttempt ID:31,Partition Id:4,Stage Id:3
16/11/08 12:09:31 INFO serializeLogger: [CreationPYRE]StartAt:1478632171669,Parent RDD ID:7,Name:MapPartitionedRDD,TaskAttempt ID:27,Partition Id:0,Stage Id:3
16/11/08 12:09:31 INFO serializeLogger: [CreationPYRE]EndAt:1478632171670,Parent RDD ID:8,Name:ParallelCollectionRDD,TaskAttempt ID:67,Partition Id:40,Stage Id:3
16/11/08 12:09:31 INFO serializeLogger: [CreationPYRE]EndAt:1478632171670,Parent RDD ID:8,Name:ParallelCollectionRDD,TaskAttempt ID:79,Partition Id:52,Stage Id:3
16/11/08 12:09:31 INFO serializeLogger: [RunnerCompute]StartAt:1478632171670,Parent RDD ID:8,Name:ParallelCollectionRDD,TaskAttempt ID:83,Partition Id:56,Stage Id:3
16/11/08 12:09:31 INFO serializeLogger: [RunnerCompute]StartAt:1478632171670,Parent RDD ID:8,Name:ParallelCollectionRDD,TaskAttempt ID:79,Partition Id:52,Stage Id:3
16/11/08 12:09:31 INFO serializeLogger: [RunnerCompute]StartAt:1478632171671,Parent RDD ID:8,Name:ParallelCollectionRDD,TaskAttempt ID:67,Partition Id:40,Stage Id:3
16/11/08 12:09:31 INFO serializeLogger: [CreationPYRE]EndAt:1478632171672,Parent RDD ID:7,Name:MapPartitionedRDD,TaskAttempt ID:27,Partition Id:0,Stage Id:3
16/11/08 12:09:31 INFO serializeLogger: [CreationPYRE]StartAt:1478632171672,Parent RDD ID:8,Name:ParallelCollectionRDD,TaskAttempt ID:43,Partition Id:16,Stage Id:3
16/11/08 12:09:31 INFO serializeLogger: [RunnerCompute]StartAt:1478632171673,Parent RDD ID:8,Name:ParallelCollectionRDD,TaskAttempt ID:59,Partition Id:32,Stage Id:3
16/11/08 12:09:31 INFO serializeLogger: [RunnerCompute]StartAt:1478632171674,Parent RDD ID:7,Name:MapPartitionedRDD,TaskAttempt ID:27,Partition Id:0,Stage Id:3
16/11/08 12:09:31 INFO serializeLogger: [CreationPYRE]EndAt:1478632171674,Parent RDD ID:8,Name:ParallelCollectionRDD,TaskAttempt ID:43,Partition Id:16,Stage Id:3
16/11/08 12:09:31 INFO serializeLogger: [CreationPYRE]StartAt:1478632171676,Parent RDD ID:8,Name:ParallelCollectionRDD,TaskAttempt ID:39,Partition Id:12,Stage Id:3
16/11/08 12:09:31 INFO serializeLogger: [CreationPYRE]EndAt:1478632171677,Parent RDD ID:8,Name:ParallelCollectionRDD,TaskAttempt ID:39,Partition Id:12,Stage Id:3
16/11/08 12:09:31 INFO serializeLogger: [RunnerCompute]StartAt:1478632171678,Parent RDD ID:8,Name:ParallelCollectionRDD,TaskAttempt ID:43,Partition Id:16,Stage Id:3
16/11/08 12:09:31 INFO serializeLogger: [RunnerCompute]StartAt:1478632171683,Parent RDD ID:8,Name:ParallelCollectionRDD,TaskAttempt ID:39,Partition Id:12,Stage Id:3
16/11/08 12:09:31 INFO serializeLogger: [CreationPYRE]StartAt:1478632171685,Parent RDD ID:8,Name:ParallelCollectionRDD,TaskAttempt ID:51,Partition Id:24,Stage Id:3
16/11/08 12:09:31 INFO serializeLogger: [CreationPYRE]StartAt:1478632171685,Parent RDD ID:8,Name:ParallelCollectionRDD,TaskAttempt ID:63,Partition Id:36,Stage Id:3
16/11/08 12:09:31 INFO serializeLogger: [CreationPYRE]EndAt:1478632171686,Parent RDD ID:8,Name:ParallelCollectionRDD,TaskAttempt ID:51,Partition Id:24,Stage Id:3
16/11/08 12:09:31 INFO serializeLogger: [RunnerCompute]StartAt:1478632171687,Parent RDD ID:8,Name:ParallelCollectionRDD,TaskAttempt ID:51,Partition Id:24,Stage Id:3
16/11/08 12:09:31 INFO serializeLogger: [CreationPYRE]EndAt:1478632171688,Parent RDD ID:8,Name:ParallelCollectionRDD,TaskAttempt ID:63,Partition Id:36,Stage Id:3
16/11/08 12:09:31 INFO serializeLogger: [RunnerCompute]StartAt:1478632171688,Parent RDD ID:8,Name:ParallelCollectionRDD,TaskAttempt ID:63,Partition Id:36,Stage Id:3
16/11/08 12:09:31 INFO serializeLogger: [writerThread]StartAt:1478632171730,Parent RDD ID:8,Name:ParallelCollectionRDD,TaskAttempt ID:87,Partition Id:60,Stage Id:3
16/11/08 12:09:31 INFO serializeLogger: [writerThread]StartAt:1478632171730,Parent RDD ID:8,Name:ParallelCollectionRDD,TaskAttempt ID:71,Partition Id:44,Stage Id:3
16/11/08 12:09:31 INFO serializeLogger: [writerThread]StartAt:1478632171737,Parent RDD ID:8,Name:ParallelCollectionRDD,TaskAttempt ID:75,Partition Id:48,Stage Id:3
16/11/08 12:09:31 INFO serializeLogger: [writerThread]StartAt:1478632171753,Parent RDD ID:8,Name:ParallelCollectionRDD,TaskAttempt ID:47,Partition Id:20,Stage Id:3
16/11/08 12:09:31 INFO serializeLogger: [writerThread]StartAt:1478632171766,Parent RDD ID:8,Name:ParallelCollectionRDD,TaskAttempt ID:55,Partition Id:28,Stage Id:3
16/11/08 12:09:31 INFO serializeLogger: [writerThread]StartAt:1478632171783,Parent RDD ID:8,Name:ParallelCollectionRDD,TaskAttempt ID:31,Partition Id:4,Stage Id:3
16/11/08 12:09:31 INFO serializeLogger: [writerThread]StartAt:1478632171811,Parent RDD ID:8,Name:ParallelCollectionRDD,TaskAttempt ID:35,Partition Id:8,Stage Id:3
16/11/08 12:09:31 INFO serializeLogger: [writerThread]StartAt:1478632171813,Parent RDD ID:8,Name:ParallelCollectionRDD,TaskAttempt ID:67,Partition Id:40,Stage Id:3
16/11/08 12:09:31 INFO serializeLogger: [RunnerCompute]EndAt:1478632171814,Parent RDD ID:8,Name:ParallelCollectionRDD,TaskAttempt ID:75,Partition Id:48,Stage Id:3
16/11/08 12:09:31 INFO serializeLogger: [RunnerCompute]EndAt:1478632171815,Parent RDD ID:8,Name:ParallelCollectionRDD,TaskAttempt ID:87,Partition Id:60,Stage Id:3
16/11/08 12:09:31 INFO serializeLogger: [RunnerCompute]EndAt:1478632171816,Parent RDD ID:8,Name:ParallelCollectionRDD,TaskAttempt ID:71,Partition Id:44,Stage Id:3
16/11/08 12:09:31 INFO serializeLogger: [RunnerCompute]EndAt:1478632171817,Parent RDD ID:8,Name:ParallelCollectionRDD,TaskAttempt ID:55,Partition Id:28,Stage Id:3
16/11/08 12:09:31 INFO serializeLogger: [RunnerCompute]EndAt:1478632171819,Parent RDD ID:8,Name:ParallelCollectionRDD,TaskAttempt ID:47,Partition Id:20,Stage Id:3
16/11/08 12:09:31 INFO serializeLogger: [RunnerCompute]EndAt:1478632171819,Parent RDD ID:8,Name:ParallelCollectionRDD,TaskAttempt ID:31,Partition Id:4,Stage Id:3
16/11/08 12:09:31 INFO serializeLogger: [writerThread]StartAt:1478632171820,Parent RDD ID:8,Name:ParallelCollectionRDD,TaskAttempt ID:51,Partition Id:24,Stage Id:3
16/11/08 12:09:31 INFO serializeLogger: [writerThread]StartAt:1478632171823,Parent RDD ID:8,Name:ParallelCollectionRDD,TaskAttempt ID:63,Partition Id:36,Stage Id:3
16/11/08 12:09:31 INFO serializeLogger: [writerThread]StartAt:1478632171823,Parent RDD ID:8,Name:ParallelCollectionRDD,TaskAttempt ID:79,Partition Id:52,Stage Id:3
16/11/08 12:09:31 INFO serializeLogger: [writerThread]StartAt:1478632171843,Parent RDD ID:8,Name:ParallelCollectionRDD,TaskAttempt ID:83,Partition Id:56,Stage Id:3
16/11/08 12:09:31 INFO serializeLogger: [writerThread]StartAt:1478632171843,Parent RDD ID:8,Name:ParallelCollectionRDD,TaskAttempt ID:59,Partition Id:32,Stage Id:3
16/11/08 12:09:31 INFO serializeLogger: [writerThread]StartAt:1478632171845,Parent RDD ID:8,Name:ParallelCollectionRDD,TaskAttempt ID:43,Partition Id:16,Stage Id:3
16/11/08 12:09:31 INFO serializeLogger: [RunnerCompute]EndAt:1478632171865,Parent RDD ID:8,Name:ParallelCollectionRDD,TaskAttempt ID:43,Partition Id:16,Stage Id:3
16/11/08 12:09:31 INFO serializeLogger: [writerThread]StartAt:1478632171868,Parent RDD ID:11,Name:UnionRDD,TaskAttempt ID:43,Partition Id:16,Stage Id:3
16/11/08 12:09:31 INFO serializeLogger: [writerThread]StartAt:1478632171869,Parent RDD ID:8,Name:ParallelCollectionRDD,TaskAttempt ID:39,Partition Id:12,Stage Id:3
16/11/08 12:09:32 INFO serializeLogger: [writerThread]StartAt:1478632172011,Parent RDD ID:11,Name:UnionRDD,TaskAttempt ID:31,Partition Id:4,Stage Id:3
16/11/08 12:09:32 INFO serializeLogger: [writerThread]StartAt:1478632172026,Parent RDD ID:11,Name:UnionRDD,TaskAttempt ID:71,Partition Id:44,Stage Id:3
16/11/08 12:09:32 INFO serializeLogger: [writerThread]StartAt:1478632172045,Parent RDD ID:11,Name:UnionRDD,TaskAttempt ID:47,Partition Id:20,Stage Id:3
16/11/08 12:09:32 INFO serializeLogger: [writerThread]StartAt:1478632172061,Parent RDD ID:11,Name:UnionRDD,TaskAttempt ID:87,Partition Id:60,Stage Id:3
16/11/08 12:09:32 INFO serializeLogger: [writerThread]StartAt:1478632172081,Parent RDD ID:11,Name:UnionRDD,TaskAttempt ID:55,Partition Id:28,Stage Id:3
16/11/08 12:09:32 INFO serializeLogger: [RunnerCompute]EndAt:1478632172082,Parent RDD ID:8,Name:ParallelCollectionRDD,TaskAttempt ID:35,Partition Id:8,Stage Id:3
16/11/08 12:09:32 INFO serializeLogger: [writerThread]StartAt:1478632172082,Parent RDD ID:11,Name:UnionRDD,TaskAttempt ID:75,Partition Id:48,Stage Id:3
16/11/08 12:09:32 INFO serializeLogger: [RunnerCompute]EndAt:1478632172083,Parent RDD ID:11,Name:UnionRDD,TaskAttempt ID:87,Partition Id:60,Stage Id:3
16/11/08 12:09:32 INFO serializeLogger: [RunnerCompute]EndAt:1478632172083,Parent RDD ID:11,Name:UnionRDD,TaskAttempt ID:47,Partition Id:20,Stage Id:3
16/11/08 12:09:32 INFO serializeLogger: [RunnerCompute]EndAt:1478632172084,Parent RDD ID:11,Name:UnionRDD,TaskAttempt ID:43,Partition Id:16,Stage Id:3
16/11/08 12:09:32 INFO serializeLogger: [RunnerCompute]EndAt:1478632172085,Parent RDD ID:11,Name:UnionRDD,TaskAttempt ID:71,Partition Id:44,Stage Id:3
16/11/08 12:09:32 INFO serializeLogger: [RunnerCompute]EndAt:1478632172085,Parent RDD ID:11,Name:UnionRDD,TaskAttempt ID:31,Partition Id:4,Stage Id:3
16/11/08 12:09:32 INFO serializeLogger: [writerThread]StartAt:1478632172086,Parent RDD ID:11,Name:UnionRDD,TaskAttempt ID:35,Partition Id:8,Stage Id:3
16/11/08 12:09:32 INFO serializeLogger: [writerThread]StartAt:1478632172086,Parent RDD ID:7,Name:MapPartitionedRDD,TaskAttempt ID:27,Partition Id:0,Stage Id:3
16/11/08 12:09:32 INFO serializeLogger: [RunnerCompute]EndAt:1478632172087,Parent RDD ID:8,Name:ParallelCollectionRDD,TaskAttempt ID:39,Partition Id:12,Stage Id:3
16/11/08 12:09:32 INFO serializeLogger: [RunnerCompute]EndAt:1478632172088,Parent RDD ID:8,Name:ParallelCollectionRDD,TaskAttempt ID:59,Partition Id:32,Stage Id:3
16/11/08 12:09:32 INFO serializeLogger: [RunnerCompute]EndAt:1478632172088,Parent RDD ID:8,Name:ParallelCollectionRDD,TaskAttempt ID:51,Partition Id:24,Stage Id:3
16/11/08 12:09:32 INFO serializeLogger: [RunnerCompute]EndAt:1478632172089,Parent RDD ID:8,Name:ParallelCollectionRDD,TaskAttempt ID:67,Partition Id:40,Stage Id:3
16/11/08 12:09:32 INFO serializeLogger: [RunnerCompute]EndAt:1478632172089,Parent RDD ID:8,Name:ParallelCollectionRDD,TaskAttempt ID:83,Partition Id:56,Stage Id:3
16/11/08 12:09:32 INFO serializeLogger: [RunnerCompute]EndAt:1478632172086,Parent RDD ID:8,Name:ParallelCollectionRDD,TaskAttempt ID:63,Partition Id:36,Stage Id:3
16/11/08 12:09:32 INFO serializeLogger: [RunnerCompute]EndAt:1478632172090,Parent RDD ID:8,Name:ParallelCollectionRDD,TaskAttempt ID:79,Partition Id:52,Stage Id:3
16/11/08 12:09:32 INFO serializeLogger: [writerThread]EndAt:1478632172090,Parent RDD ID:11,Name:UnionRDD,TaskAttempt ID:87,Partition Id:60,Stage Id:3
16/11/08 12:09:32 INFO serializeLogger: [writerThread]EndAt:1478632172091,Parent RDD ID:11,Name:UnionRDD,TaskAttempt ID:71,Partition Id:44,Stage Id:3
16/11/08 12:09:32 INFO serializeLogger: [writerThread]EndAt:1478632172092,Parent RDD ID:8,Name:ParallelCollectionRDD,TaskAttempt ID:87,Partition Id:60,Stage Id:3
16/11/08 12:09:32 INFO serializeLogger: [writerThread]EndAt:1478632172092,Parent RDD ID:8,Name:ParallelCollectionRDD,TaskAttempt ID:71,Partition Id:44,Stage Id:3
16/11/08 12:09:32 INFO serializeLogger: [writerThread]StartAt:1478632172097,Parent RDD ID:11,Name:UnionRDD,TaskAttempt ID:51,Partition Id:24,Stage Id:3
16/11/08 12:09:32 INFO serializeLogger: [writerThread]StartAt:1478632172102,Parent RDD ID:11,Name:UnionRDD,TaskAttempt ID:39,Partition Id:12,Stage Id:3
16/11/08 12:09:32 INFO serializeLogger: [writerThread]StartAt:1478632172105,Parent RDD ID:11,Name:UnionRDD,TaskAttempt ID:83,Partition Id:56,Stage Id:3
16/11/08 12:09:32 INFO serializeLogger: [writerThread]EndAt:1478632172114,Parent RDD ID:11,Name:UnionRDD,TaskAttempt ID:43,Partition Id:16,Stage Id:3
16/11/08 12:09:32 INFO serializeLogger: [writerThread]EndAt:1478632172115,Parent RDD ID:8,Name:ParallelCollectionRDD,TaskAttempt ID:43,Partition Id:16,Stage Id:3
16/11/08 12:09:32 INFO serializeLogger: [RunnerCompute]EndAt:1478632172115,Parent RDD ID:11,Name:UnionRDD,TaskAttempt ID:51,Partition Id:24,Stage Id:3
16/11/08 12:09:32 INFO serializeLogger: [writerThread]StartAt:1478632172114,Parent RDD ID:11,Name:UnionRDD,TaskAttempt ID:79,Partition Id:52,Stage Id:3
16/11/08 12:09:32 INFO serializeLogger: [writerThread]StartAt:1478632172107,Parent RDD ID:11,Name:UnionRDD,TaskAttempt ID:67,Partition Id:40,Stage Id:3
16/11/08 12:09:32 INFO serializeLogger: [writerThread]StartAt:1478632172115,Parent RDD ID:11,Name:UnionRDD,TaskAttempt ID:63,Partition Id:36,Stage Id:3
16/11/08 12:09:32 INFO serializeLogger: [writerThread]EndAt:1478632172120,Parent RDD ID:11,Name:UnionRDD,TaskAttempt ID:47,Partition Id:20,Stage Id:3
16/11/08 12:09:32 INFO serializeLogger: [RunnerCompute]EndAt:1478632172121,Parent RDD ID:11,Name:UnionRDD,TaskAttempt ID:55,Partition Id:28,Stage Id:3
16/11/08 12:09:32 INFO serializeLogger: [writerThread]EndAt:1478632172124,Parent RDD ID:11,Name:UnionRDD,TaskAttempt ID:51,Partition Id:24,Stage Id:3
16/11/08 12:09:32 INFO serializeLogger: [writerThread]EndAt:1478632172125,Parent RDD ID:11,Name:UnionRDD,TaskAttempt ID:55,Partition Id:28,Stage Id:3
16/11/08 12:09:32 INFO serializeLogger: [writerThread]EndAt:1478632172128,Parent RDD ID:8,Name:ParallelCollectionRDD,TaskAttempt ID:55,Partition Id:28,Stage Id:3
16/11/08 12:09:32 INFO serializeLogger: [writerThread]EndAt:1478632172129,Parent RDD ID:8,Name:ParallelCollectionRDD,TaskAttempt ID:47,Partition Id:20,Stage Id:3
16/11/08 12:09:32 INFO serializeLogger: [writerThread]StartAt:1478632172130,Parent RDD ID:11,Name:UnionRDD,TaskAttempt ID:59,Partition Id:32,Stage Id:3
16/11/08 12:09:32 INFO serializeLogger: [writerThread]EndAt:1478632172130,Parent RDD ID:11,Name:UnionRDD,TaskAttempt ID:31,Partition Id:4,Stage Id:3
16/11/08 12:09:32 INFO serializeLogger: [writerThread]EndAt:1478632172130,Parent RDD ID:8,Name:ParallelCollectionRDD,TaskAttempt ID:31,Partition Id:4,Stage Id:3
16/11/08 12:09:32 INFO serializeLogger: [writerThread]EndAt:1478632172129,Parent RDD ID:8,Name:ParallelCollectionRDD,TaskAttempt ID:51,Partition Id:24,Stage Id:3
16/11/08 12:09:32 INFO serializeLogger: [RunnerCompute]EndAt:1478632172145,Parent RDD ID:11,Name:UnionRDD,TaskAttempt ID:75,Partition Id:48,Stage Id:3
16/11/08 12:09:32 INFO serializeLogger: [RunnerCompute]EndAt:1478632172146,Parent RDD ID:11,Name:UnionRDD,TaskAttempt ID:67,Partition Id:40,Stage Id:3
16/11/08 12:09:32 INFO serializeLogger: [writerThread]EndAt:1478632172154,Parent RDD ID:11,Name:UnionRDD,TaskAttempt ID:67,Partition Id:40,Stage Id:3
16/11/08 12:09:32 INFO serializeLogger: [writerThread]EndAt:1478632172154,Parent RDD ID:8,Name:ParallelCollectionRDD,TaskAttempt ID:67,Partition Id:40,Stage Id:3
16/11/08 12:09:32 INFO serializeLogger: [writerThread]EndAt:1478632172160,Parent RDD ID:11,Name:UnionRDD,TaskAttempt ID:75,Partition Id:48,Stage Id:3
16/11/08 12:09:32 INFO serializeLogger: [writerThread]EndAt:1478632172160,Parent RDD ID:8,Name:ParallelCollectionRDD,TaskAttempt ID:75,Partition Id:48,Stage Id:3
16/11/08 12:09:32 INFO serializeLogger: [RunnerCompute]EndAt:1478632172172,Parent RDD ID:11,Name:UnionRDD,TaskAttempt ID:79,Partition Id:52,Stage Id:3
16/11/08 12:09:32 INFO serializeLogger: [writerThread]EndAt:1478632172175,Parent RDD ID:11,Name:UnionRDD,TaskAttempt ID:79,Partition Id:52,Stage Id:3
16/11/08 12:09:32 INFO serializeLogger: [writerThread]EndAt:1478632172175,Parent RDD ID:8,Name:ParallelCollectionRDD,TaskAttempt ID:79,Partition Id:52,Stage Id:3
16/11/08 12:09:32 INFO serializeLogger: [RunnerCompute]EndAt:1478632172176,Parent RDD ID:11,Name:UnionRDD,TaskAttempt ID:63,Partition Id:36,Stage Id:3
16/11/08 12:09:32 INFO serializeLogger: [writerThread]EndAt:1478632172178,Parent RDD ID:11,Name:UnionRDD,TaskAttempt ID:63,Partition Id:36,Stage Id:3
16/11/08 12:09:32 INFO serializeLogger: [RunnerCompute]EndAt:1478632172188,Parent RDD ID:11,Name:UnionRDD,TaskAttempt ID:59,Partition Id:32,Stage Id:3
16/11/08 12:09:32 INFO serializeLogger: [writerThread]EndAt:1478632172190,Parent RDD ID:11,Name:UnionRDD,TaskAttempt ID:59,Partition Id:32,Stage Id:3
16/11/08 12:09:32 INFO serializeLogger: [writerThread]EndAt:1478632172190,Parent RDD ID:8,Name:ParallelCollectionRDD,TaskAttempt ID:59,Partition Id:32,Stage Id:3
16/11/08 12:09:32 INFO serializeLogger: [writerThread]EndAt:1478632172195,Parent RDD ID:8,Name:ParallelCollectionRDD,TaskAttempt ID:63,Partition Id:36,Stage Id:3
16/11/08 12:09:32 INFO serializeLogger: [CreationPYRE]StartAt:1478632172200,Parent RDD ID:11,Name:UnionRDD,TaskAttempt ID:93,Partition Id:66,Stage Id:3
16/11/08 12:09:32 INFO serializeLogger: [CreationPYRE]EndAt:1478632172200,Parent RDD ID:11,Name:UnionRDD,TaskAttempt ID:93,Partition Id:66,Stage Id:3
16/11/08 12:09:32 INFO serializeLogger: [RunnerCompute]StartAt:1478632172200,Parent RDD ID:11,Name:UnionRDD,TaskAttempt ID:93,Partition Id:66,Stage Id:3
16/11/08 12:09:32 INFO serializeLogger: [CreationPYRE]StartAt:1478632172201,Parent RDD ID:8,Name:ParallelCollectionRDD,TaskAttempt ID:93,Partition Id:66,Stage Id:3
16/11/08 12:09:32 INFO serializeLogger: [CreationPYRE]EndAt:1478632172201,Parent RDD ID:8,Name:ParallelCollectionRDD,TaskAttempt ID:93,Partition Id:66,Stage Id:3
16/11/08 12:09:32 INFO serializeLogger: [RunnerCompute]StartAt:1478632172201,Parent RDD ID:8,Name:ParallelCollectionRDD,TaskAttempt ID:93,Partition Id:66,Stage Id:3
16/11/08 12:09:32 INFO serializeLogger: [RunnerCompute]EndAt:1478632172232,Parent RDD ID:11,Name:UnionRDD,TaskAttempt ID:39,Partition Id:12,Stage Id:3
16/11/08 12:09:32 INFO serializeLogger: [writerThread]EndAt:1478632172234,Parent RDD ID:11,Name:UnionRDD,TaskAttempt ID:39,Partition Id:12,Stage Id:3
16/11/08 12:09:32 INFO serializeLogger: [writerThread]EndAt:1478632172234,Parent RDD ID:8,Name:ParallelCollectionRDD,TaskAttempt ID:39,Partition Id:12,Stage Id:3
16/11/08 12:09:32 INFO serializeLogger: [RunnerCompute]EndAt:1478632172237,Parent RDD ID:11,Name:UnionRDD,TaskAttempt ID:83,Partition Id:56,Stage Id:3
16/11/08 12:09:32 INFO serializeLogger: [writerThread]EndAt:1478632172240,Parent RDD ID:11,Name:UnionRDD,TaskAttempt ID:83,Partition Id:56,Stage Id:3
16/11/08 12:09:32 INFO serializeLogger: [writerThread]EndAt:1478632172240,Parent RDD ID:8,Name:ParallelCollectionRDD,TaskAttempt ID:83,Partition Id:56,Stage Id:3
16/11/08 12:09:32 INFO serializeLogger: [RunnerCompute]EndAt:1478632172250,Parent RDD ID:11,Name:UnionRDD,TaskAttempt ID:35,Partition Id:8,Stage Id:3
16/11/08 12:09:32 INFO serializeLogger: [writerThread]EndAt:1478632172253,Parent RDD ID:11,Name:UnionRDD,TaskAttempt ID:35,Partition Id:8,Stage Id:3
16/11/08 12:09:32 INFO serializeLogger: [writerThread]EndAt:1478632172253,Parent RDD ID:8,Name:ParallelCollectionRDD,TaskAttempt ID:35,Partition Id:8,Stage Id:3
16/11/08 12:09:32 INFO serializeLogger: [writerThread]StartAt:1478632172268,Parent RDD ID:8,Name:ParallelCollectionRDD,TaskAttempt ID:93,Partition Id:66,Stage Id:3
16/11/08 12:09:32 INFO serializeLogger: [RunnerCompute]EndAt:1478632172275,Parent RDD ID:8,Name:ParallelCollectionRDD,TaskAttempt ID:93,Partition Id:66,Stage Id:3
16/11/08 12:09:32 INFO serializeLogger: [writerThread]StartAt:1478632172277,Parent RDD ID:11,Name:UnionRDD,TaskAttempt ID:93,Partition Id:66,Stage Id:3
16/11/08 12:09:32 INFO serializeLogger: [RunnerCompute]EndAt:1478632172282,Parent RDD ID:11,Name:UnionRDD,TaskAttempt ID:93,Partition Id:66,Stage Id:3
16/11/08 12:09:32 INFO serializeLogger: [writerThread]EndAt:1478632172285,Parent RDD ID:11,Name:UnionRDD,TaskAttempt ID:93,Partition Id:66,Stage Id:3
16/11/08 12:09:32 INFO serializeLogger: [writerThread]EndAt:1478632172285,Parent RDD ID:8,Name:ParallelCollectionRDD,TaskAttempt ID:93,Partition Id:66,Stage Id:3
16/11/08 12:10:17 INFO serializeLogger: [RunnerCompute]EndAt:1478632217050,Parent RDD ID:7,Name:MapPartitionedRDD,TaskAttempt ID:27,Partition Id:0,Stage Id:3
16/11/08 12:10:17 INFO serializeLogger: [writerThread]StartAt:1478632217052,Parent RDD ID:11,Name:UnionRDD,TaskAttempt ID:27,Partition Id:0,Stage Id:3
16/11/08 12:10:58 INFO serializeLogger: [RunnerCompute]EndAt:1478632258312,Parent RDD ID:11,Name:UnionRDD,TaskAttempt ID:27,Partition Id:0,Stage Id:3
16/11/08 12:11:00 INFO serializeLogger: [writerThread]EndAt:1478632260817,Parent RDD ID:11,Name:UnionRDD,TaskAttempt ID:27,Partition Id:0,Stage Id:3
16/11/08 12:11:00 INFO serializeLogger: [writerThread]EndAt:1478632260817,Parent RDD ID:7,Name:MapPartitionedRDD,TaskAttempt ID:27,Partition Id:0,Stage Id:3
16/11/08 12:11:01 INFO serializeLogger: [CreationPYRE]StartAt:1478632261429,Parent RDD ID:18,Name:UnionRDD,TaskAttempt ID:145,Partition Id:52,Stage Id:4
16/11/08 12:11:01 INFO serializeLogger: [CreationPYRE]StartAt:1478632261429,Parent RDD ID:18,Name:UnionRDD,TaskAttempt ID:137,Partition Id:44,Stage Id:4
16/11/08 12:11:01 INFO serializeLogger: [CreationPYRE]EndAt:1478632261429,Parent RDD ID:18,Name:UnionRDD,TaskAttempt ID:137,Partition Id:44,Stage Id:4
16/11/08 12:11:01 INFO serializeLogger: [CreationPYRE]EndAt:1478632261429,Parent RDD ID:18,Name:UnionRDD,TaskAttempt ID:145,Partition Id:52,Stage Id:4
16/11/08 12:11:01 INFO serializeLogger: [RunnerCompute]StartAt:1478632261429,Parent RDD ID:18,Name:UnionRDD,TaskAttempt ID:137,Partition Id:44,Stage Id:4
16/11/08 12:11:01 INFO serializeLogger: [RunnerCompute]StartAt:1478632261429,Parent RDD ID:18,Name:UnionRDD,TaskAttempt ID:145,Partition Id:52,Stage Id:4
16/11/08 12:11:01 INFO serializeLogger: [CreationPYRE]StartAt:1478632261430,Parent RDD ID:18,Name:UnionRDD,TaskAttempt ID:141,Partition Id:48,Stage Id:4
16/11/08 12:11:01 INFO serializeLogger: [CreationPYRE]EndAt:1478632261430,Parent RDD ID:18,Name:UnionRDD,TaskAttempt ID:141,Partition Id:48,Stage Id:4
16/11/08 12:11:01 INFO serializeLogger: [RunnerCompute]StartAt:1478632261430,Parent RDD ID:18,Name:UnionRDD,TaskAttempt ID:141,Partition Id:48,Stage Id:4
16/11/08 12:11:01 INFO serializeLogger: [CreationPYRE]StartAt:1478632261431,Parent RDD ID:18,Name:UnionRDD,TaskAttempt ID:149,Partition Id:56,Stage Id:4
16/11/08 12:11:01 INFO serializeLogger: [CreationPYRE]StartAt:1478632261432,Parent RDD ID:18,Name:UnionRDD,TaskAttempt ID:156,Partition Id:66,Stage Id:4
16/11/08 12:11:01 INFO serializeLogger: [CreationPYRE]EndAt:1478632261432,Parent RDD ID:18,Name:UnionRDD,TaskAttempt ID:156,Partition Id:66,Stage Id:4
16/11/08 12:11:01 INFO serializeLogger: [RunnerCompute]StartAt:1478632261432,Parent RDD ID:18,Name:UnionRDD,TaskAttempt ID:156,Partition Id:66,Stage Id:4
16/11/08 12:11:01 INFO serializeLogger: [CreationPYRE]StartAt:1478632261432,Parent RDD ID:18,Name:UnionRDD,TaskAttempt ID:153,Partition Id:60,Stage Id:4
16/11/08 12:11:01 INFO serializeLogger: [CreationPYRE]EndAt:1478632261432,Parent RDD ID:18,Name:UnionRDD,TaskAttempt ID:153,Partition Id:60,Stage Id:4
16/11/08 12:11:01 INFO serializeLogger: [RunnerCompute]StartAt:1478632261433,Parent RDD ID:18,Name:UnionRDD,TaskAttempt ID:153,Partition Id:60,Stage Id:4
16/11/08 12:11:01 INFO serializeLogger: [CreationPYRE]StartAt:1478632261433,Parent RDD ID:8,Name:ParallelCollectionRDD,TaskAttempt ID:137,Partition Id:44,Stage Id:4
16/11/08 12:11:01 INFO serializeLogger: [CreationPYRE]EndAt:1478632261433,Parent RDD ID:8,Name:ParallelCollectionRDD,TaskAttempt ID:137,Partition Id:44,Stage Id:4
16/11/08 12:11:01 INFO serializeLogger: [RunnerCompute]StartAt:1478632261434,Parent RDD ID:8,Name:ParallelCollectionRDD,TaskAttempt ID:137,Partition Id:44,Stage Id:4
16/11/08 12:11:01 INFO serializeLogger: [CreationPYRE]StartAt:1478632261434,Parent RDD ID:18,Name:UnionRDD,TaskAttempt ID:97,Partition Id:4,Stage Id:4
16/11/08 12:11:01 INFO serializeLogger: [CreationPYRE]EndAt:1478632261434,Parent RDD ID:18,Name:UnionRDD,TaskAttempt ID:97,Partition Id:4,Stage Id:4
16/11/08 12:11:01 INFO serializeLogger: [CreationPYRE]StartAt:1478632261435,Parent RDD ID:18,Name:UnionRDD,TaskAttempt ID:121,Partition Id:28,Stage Id:4
16/11/08 12:11:01 INFO serializeLogger: [CreationPYRE]EndAt:1478632261435,Parent RDD ID:18,Name:UnionRDD,TaskAttempt ID:121,Partition Id:28,Stage Id:4
16/11/08 12:11:01 INFO serializeLogger: [RunnerCompute]StartAt:1478632261435,Parent RDD ID:18,Name:UnionRDD,TaskAttempt ID:121,Partition Id:28,Stage Id:4
16/11/08 12:11:01 INFO serializeLogger: [CreationPYRE]StartAt:1478632261436,Parent RDD ID:8,Name:ParallelCollectionRDD,TaskAttempt ID:121,Partition Id:28,Stage Id:4
16/11/08 12:11:01 INFO serializeLogger: [CreationPYRE]EndAt:1478632261436,Parent RDD ID:8,Name:ParallelCollectionRDD,TaskAttempt ID:121,Partition Id:28,Stage Id:4
16/11/08 12:11:01 INFO serializeLogger: [RunnerCompute]StartAt:1478632261436,Parent RDD ID:8,Name:ParallelCollectionRDD,TaskAttempt ID:121,Partition Id:28,Stage Id:4
16/11/08 12:11:01 INFO serializeLogger: [CreationPYRE]StartAt:1478632261439,Parent RDD ID:8,Name:ParallelCollectionRDD,TaskAttempt ID:153,Partition Id:60,Stage Id:4
16/11/08 12:11:01 INFO serializeLogger: [CreationPYRE]StartAt:1478632261440,Parent RDD ID:18,Name:UnionRDD,TaskAttempt ID:129,Partition Id:36,Stage Id:4
16/11/08 12:11:01 INFO serializeLogger: [CreationPYRE]EndAt:1478632261441,Parent RDD ID:18,Name:UnionRDD,TaskAttempt ID:149,Partition Id:56,Stage Id:4
16/11/08 12:11:01 INFO serializeLogger: [RunnerCompute]StartAt:1478632261441,Parent RDD ID:18,Name:UnionRDD,TaskAttempt ID:149,Partition Id:56,Stage Id:4
16/11/08 12:11:01 INFO serializeLogger: [CreationPYRE]StartAt:1478632261441,Parent RDD ID:8,Name:ParallelCollectionRDD,TaskAttempt ID:145,Partition Id:52,Stage Id:4
16/11/08 12:11:01 INFO serializeLogger: [CreationPYRE]StartAt:1478632261442,Parent RDD ID:8,Name:ParallelCollectionRDD,TaskAttempt ID:156,Partition Id:66,Stage Id:4
16/11/08 12:11:01 INFO serializeLogger: [CreationPYRE]EndAt:1478632261442,Parent RDD ID:8,Name:ParallelCollectionRDD,TaskAttempt ID:145,Partition Id:52,Stage Id:4
16/11/08 12:11:01 INFO serializeLogger: [CreationPYRE]StartAt:1478632261442,Parent RDD ID:18,Name:UnionRDD,TaskAttempt ID:133,Partition Id:40,Stage Id:4
16/11/08 12:11:01 INFO serializeLogger: [CreationPYRE]StartAt:1478632261442,Parent RDD ID:18,Name:UnionRDD,TaskAttempt ID:101,Partition Id:8,Stage Id:4
16/11/08 12:11:01 INFO serializeLogger: [CreationPYRE]EndAt:1478632261443,Parent RDD ID:18,Name:UnionRDD,TaskAttempt ID:129,Partition Id:36,Stage Id:4
16/11/08 12:11:01 INFO serializeLogger: [CreationPYRE]EndAt:1478632261443,Parent RDD ID:18,Name:UnionRDD,TaskAttempt ID:101,Partition Id:8,Stage Id:4
16/11/08 12:11:01 INFO serializeLogger: [CreationPYRE]EndAt:1478632261443,Parent RDD ID:8,Name:ParallelCollectionRDD,TaskAttempt ID:153,Partition Id:60,Stage Id:4
16/11/08 12:11:01 INFO serializeLogger: [RunnerCompute]StartAt:1478632261443,Parent RDD ID:18,Name:UnionRDD,TaskAttempt ID:97,Partition Id:4,Stage Id:4
16/11/08 12:11:01 INFO serializeLogger: [CreationPYRE]StartAt:1478632261444,Parent RDD ID:18,Name:UnionRDD,TaskAttempt ID:109,Partition Id:16,Stage Id:4
16/11/08 12:11:01 INFO serializeLogger: [CreationPYRE]StartAt:1478632261444,Parent RDD ID:18,Name:UnionRDD,TaskAttempt ID:105,Partition Id:12,Stage Id:4
16/11/08 12:11:01 INFO serializeLogger: [CreationPYRE]EndAt:1478632261444,Parent RDD ID:18,Name:UnionRDD,TaskAttempt ID:109,Partition Id:16,Stage Id:4
16/11/08 12:11:01 INFO serializeLogger: [RunnerCompute]StartAt:1478632261444,Parent RDD ID:8,Name:ParallelCollectionRDD,TaskAttempt ID:153,Partition Id:60,Stage Id:4
16/11/08 12:11:01 INFO serializeLogger: [RunnerCompute]StartAt:1478632261444,Parent RDD ID:18,Name:UnionRDD,TaskAttempt ID:101,Partition Id:8,Stage Id:4
16/11/08 12:11:01 INFO serializeLogger: [RunnerCompute]StartAt:1478632261444,Parent RDD ID:18,Name:UnionRDD,TaskAttempt ID:129,Partition Id:36,Stage Id:4
16/11/08 12:11:01 INFO serializeLogger: [CreationPYRE]EndAt:1478632261444,Parent RDD ID:18,Name:UnionRDD,TaskAttempt ID:133,Partition Id:40,Stage Id:4
16/11/08 12:11:01 INFO serializeLogger: [CreationPYRE]StartAt:1478632261445,Parent RDD ID:18,Name:UnionRDD,TaskAttempt ID:125,Partition Id:32,Stage Id:4
16/11/08 12:11:01 INFO serializeLogger: [RunnerCompute]StartAt:1478632261445,Parent RDD ID:18,Name:UnionRDD,TaskAttempt ID:133,Partition Id:40,Stage Id:4
16/11/08 12:11:01 INFO serializeLogger: [CreationPYRE]StartAt:1478632261445,Parent RDD ID:8,Name:ParallelCollectionRDD,TaskAttempt ID:149,Partition Id:56,Stage Id:4
16/11/08 12:11:01 INFO serializeLogger: [CreationPYRE]StartAt:1478632261445,Parent RDD ID:18,Name:UnionRDD,TaskAttempt ID:117,Partition Id:24,Stage Id:4
16/11/08 12:11:01 INFO serializeLogger: [CreationPYRE]EndAt:1478632261445,Parent RDD ID:8,Name:ParallelCollectionRDD,TaskAttempt ID:156,Partition Id:66,Stage Id:4
16/11/08 12:11:01 INFO serializeLogger: [CreationPYRE]EndAt:1478632261445,Parent RDD ID:18,Name:UnionRDD,TaskAttempt ID:117,Partition Id:24,Stage Id:4
16/11/08 12:11:01 INFO serializeLogger: [RunnerCompute]StartAt:1478632261445,Parent RDD ID:8,Name:ParallelCollectionRDD,TaskAttempt ID:145,Partition Id:52,Stage Id:4
16/11/08 12:11:01 INFO serializeLogger: [RunnerCompute]StartAt:1478632261446,Parent RDD ID:18,Name:UnionRDD,TaskAttempt ID:117,Partition Id:24,Stage Id:4
16/11/08 12:11:01 INFO serializeLogger: [CreationPYRE]StartAt:1478632261446,Parent RDD ID:8,Name:ParallelCollectionRDD,TaskAttempt ID:141,Partition Id:48,Stage Id:4
16/11/08 12:11:01 INFO serializeLogger: [RunnerCompute]StartAt:1478632261446,Parent RDD ID:8,Name:ParallelCollectionRDD,TaskAttempt ID:156,Partition Id:66,Stage Id:4
16/11/08 12:11:01 INFO serializeLogger: [CreationPYRE]EndAt:1478632261447,Parent RDD ID:8,Name:ParallelCollectionRDD,TaskAttempt ID:149,Partition Id:56,Stage Id:4
16/11/08 12:11:01 INFO serializeLogger: [CreationPYRE]EndAt:1478632261447,Parent RDD ID:18,Name:UnionRDD,TaskAttempt ID:125,Partition Id:32,Stage Id:4
16/11/08 12:11:01 INFO serializeLogger: [RunnerCompute]StartAt:1478632261447,Parent RDD ID:8,Name:ParallelCollectionRDD,TaskAttempt ID:149,Partition Id:56,Stage Id:4
16/11/08 12:11:01 INFO serializeLogger: [RunnerCompute]StartAt:1478632261448,Parent RDD ID:18,Name:UnionRDD,TaskAttempt ID:109,Partition Id:16,Stage Id:4
16/11/08 12:11:01 INFO serializeLogger: [CreationPYRE]StartAt:1478632261448,Parent RDD ID:8,Name:ParallelCollectionRDD,TaskAttempt ID:97,Partition Id:4,Stage Id:4
16/11/08 12:11:01 INFO serializeLogger: [CreationPYRE]EndAt:1478632261448,Parent RDD ID:8,Name:ParallelCollectionRDD,TaskAttempt ID:97,Partition Id:4,Stage Id:4
16/11/08 12:11:01 INFO serializeLogger: [CreationPYRE]StartAt:1478632261449,Parent RDD ID:8,Name:ParallelCollectionRDD,TaskAttempt ID:109,Partition Id:16,Stage Id:4
16/11/08 12:11:01 INFO serializeLogger: [CreationPYRE]EndAt:1478632261449,Parent RDD ID:8,Name:ParallelCollectionRDD,TaskAttempt ID:109,Partition Id:16,Stage Id:4
16/11/08 12:11:01 INFO serializeLogger: [RunnerCompute]StartAt:1478632261449,Parent RDD ID:8,Name:ParallelCollectionRDD,TaskAttempt ID:109,Partition Id:16,Stage Id:4
16/11/08 12:11:01 INFO serializeLogger: [CreationPYRE]EndAt:1478632261451,Parent RDD ID:18,Name:UnionRDD,TaskAttempt ID:105,Partition Id:12,Stage Id:4
16/11/08 12:11:01 INFO serializeLogger: [RunnerCompute]StartAt:1478632261451,Parent RDD ID:18,Name:UnionRDD,TaskAttempt ID:105,Partition Id:12,Stage Id:4
16/11/08 12:11:01 INFO serializeLogger: [CreationPYRE]StartAt:1478632261459,Parent RDD ID:8,Name:ParallelCollectionRDD,TaskAttempt ID:105,Partition Id:12,Stage Id:4
16/11/08 12:11:01 INFO serializeLogger: [CreationPYRE]EndAt:1478632261459,Parent RDD ID:8,Name:ParallelCollectionRDD,TaskAttempt ID:105,Partition Id:12,Stage Id:4
16/11/08 12:11:01 INFO serializeLogger: [RunnerCompute]StartAt:1478632261459,Parent RDD ID:8,Name:ParallelCollectionRDD,TaskAttempt ID:105,Partition Id:12,Stage Id:4
16/11/08 12:11:01 INFO serializeLogger: [RunnerCompute]StartAt:1478632261460,Parent RDD ID:8,Name:ParallelCollectionRDD,TaskAttempt ID:97,Partition Id:4,Stage Id:4
16/11/08 12:11:01 INFO serializeLogger: [RunnerCompute]StartAt:1478632261462,Parent RDD ID:18,Name:UnionRDD,TaskAttempt ID:125,Partition Id:32,Stage Id:4
16/11/08 12:11:01 INFO serializeLogger: [writerThread]StartAt:1478632261462,Parent RDD ID:8,Name:ParallelCollectionRDD,TaskAttempt ID:121,Partition Id:28,Stage Id:4
16/11/08 12:11:01 INFO serializeLogger: [CreationPYRE]StartAt:1478632261463,Parent RDD ID:18,Name:UnionRDD,TaskAttempt ID:113,Partition Id:20,Stage Id:4
16/11/08 12:11:01 INFO serializeLogger: [CreationPYRE]EndAt:1478632261463,Parent RDD ID:8,Name:ParallelCollectionRDD,TaskAttempt ID:141,Partition Id:48,Stage Id:4
16/11/08 12:11:01 INFO serializeLogger: [RunnerCompute]StartAt:1478632261463,Parent RDD ID:8,Name:ParallelCollectionRDD,TaskAttempt ID:141,Partition Id:48,Stage Id:4
16/11/08 12:11:01 INFO serializeLogger: [CreationPYRE]StartAt:1478632261463,Parent RDD ID:8,Name:ParallelCollectionRDD,TaskAttempt ID:117,Partition Id:24,Stage Id:4
16/11/08 12:11:01 INFO serializeLogger: [CreationPYRE]EndAt:1478632261464,Parent RDD ID:8,Name:ParallelCollectionRDD,TaskAttempt ID:117,Partition Id:24,Stage Id:4
16/11/08 12:11:01 INFO serializeLogger: [CreationPYRE]StartAt:1478632261467,Parent RDD ID:8,Name:ParallelCollectionRDD,TaskAttempt ID:133,Partition Id:40,Stage Id:4
16/11/08 12:11:01 INFO serializeLogger: [CreationPYRE]StartAt:1478632261467,Parent RDD ID:8,Name:ParallelCollectionRDD,TaskAttempt ID:129,Partition Id:36,Stage Id:4
16/11/08 12:11:01 INFO serializeLogger: [CreationPYRE]StartAt:1478632261468,Parent RDD ID:8,Name:ParallelCollectionRDD,TaskAttempt ID:101,Partition Id:8,Stage Id:4
16/11/08 12:11:01 INFO serializeLogger: [CreationPYRE]EndAt:1478632261468,Parent RDD ID:8,Name:ParallelCollectionRDD,TaskAttempt ID:101,Partition Id:8,Stage Id:4
16/11/08 12:11:01 INFO serializeLogger: [RunnerCompute]StartAt:1478632261468,Parent RDD ID:8,Name:ParallelCollectionRDD,TaskAttempt ID:101,Partition Id:8,Stage Id:4
16/11/08 12:11:01 INFO serializeLogger: [writerThread]StartAt:1478632261468,Parent RDD ID:8,Name:ParallelCollectionRDD,TaskAttempt ID:109,Partition Id:16,Stage Id:4
16/11/08 12:11:01 INFO serializeLogger: [writerThread]StartAt:1478632261472,Parent RDD ID:8,Name:ParallelCollectionRDD,TaskAttempt ID:105,Partition Id:12,Stage Id:4
16/11/08 12:11:01 INFO serializeLogger: [writerThread]StartAt:1478632261472,Parent RDD ID:8,Name:ParallelCollectionRDD,TaskAttempt ID:137,Partition Id:44,Stage Id:4
16/11/08 12:11:01 INFO serializeLogger: [CreationPYRE]EndAt:1478632261473,Parent RDD ID:8,Name:ParallelCollectionRDD,TaskAttempt ID:129,Partition Id:36,Stage Id:4
16/11/08 12:11:01 INFO serializeLogger: [CreationPYRE]EndAt:1478632261473,Parent RDD ID:8,Name:ParallelCollectionRDD,TaskAttempt ID:133,Partition Id:40,Stage Id:4
16/11/08 12:11:01 INFO serializeLogger: [writerThread]StartAt:1478632261473,Parent RDD ID:8,Name:ParallelCollectionRDD,TaskAttempt ID:145,Partition Id:52,Stage Id:4
16/11/08 12:11:01 INFO serializeLogger: [RunnerCompute]StartAt:1478632261474,Parent RDD ID:8,Name:ParallelCollectionRDD,TaskAttempt ID:117,Partition Id:24,Stage Id:4
16/11/08 12:11:01 INFO serializeLogger: [CreationPYRE]StartAt:1478632261474,Parent RDD ID:8,Name:ParallelCollectionRDD,TaskAttempt ID:125,Partition Id:32,Stage Id:4
16/11/08 12:11:01 INFO serializeLogger: [CreationPYRE]EndAt:1478632261474,Parent RDD ID:18,Name:UnionRDD,TaskAttempt ID:113,Partition Id:20,Stage Id:4
16/11/08 12:11:01 INFO serializeLogger: [CreationPYRE]EndAt:1478632261474,Parent RDD ID:8,Name:ParallelCollectionRDD,TaskAttempt ID:125,Partition Id:32,Stage Id:4
16/11/08 12:11:01 INFO serializeLogger: [RunnerCompute]StartAt:1478632261475,Parent RDD ID:8,Name:ParallelCollectionRDD,TaskAttempt ID:133,Partition Id:40,Stage Id:4
16/11/08 12:11:01 INFO serializeLogger: [RunnerCompute]StartAt:1478632261475,Parent RDD ID:8,Name:ParallelCollectionRDD,TaskAttempt ID:129,Partition Id:36,Stage Id:4
16/11/08 12:11:01 INFO serializeLogger: [writerThread]StartAt:1478632261477,Parent RDD ID:8,Name:ParallelCollectionRDD,TaskAttempt ID:153,Partition Id:60,Stage Id:4
16/11/08 12:11:01 INFO serializeLogger: [RunnerCompute]StartAt:1478632261479,Parent RDD ID:8,Name:ParallelCollectionRDD,TaskAttempt ID:125,Partition Id:32,Stage Id:4
16/11/08 12:11:01 INFO serializeLogger: [RunnerCompute]StartAt:1478632261480,Parent RDD ID:18,Name:UnionRDD,TaskAttempt ID:113,Partition Id:20,Stage Id:4
16/11/08 12:11:01 INFO serializeLogger: [CreationPYRE]StartAt:1478632261483,Parent RDD ID:8,Name:ParallelCollectionRDD,TaskAttempt ID:113,Partition Id:20,Stage Id:4
16/11/08 12:11:01 INFO serializeLogger: [CreationPYRE]EndAt:1478632261484,Parent RDD ID:8,Name:ParallelCollectionRDD,TaskAttempt ID:113,Partition Id:20,Stage Id:4
16/11/08 12:11:01 INFO serializeLogger: [writerThread]StartAt:1478632261484,Parent RDD ID:8,Name:ParallelCollectionRDD,TaskAttempt ID:156,Partition Id:66,Stage Id:4
16/11/08 12:11:01 INFO serializeLogger: [RunnerCompute]StartAt:1478632261484,Parent RDD ID:8,Name:ParallelCollectionRDD,TaskAttempt ID:113,Partition Id:20,Stage Id:4
16/11/08 12:11:01 INFO serializeLogger: [writerThread]StartAt:1478632261485,Parent RDD ID:8,Name:ParallelCollectionRDD,TaskAttempt ID:101,Partition Id:8,Stage Id:4
16/11/08 12:11:01 INFO serializeLogger: [writerThread]StartAt:1478632261486,Parent RDD ID:8,Name:ParallelCollectionRDD,TaskAttempt ID:149,Partition Id:56,Stage Id:4
16/11/08 12:11:01 INFO serializeLogger: [RunnerCompute]EndAt:1478632261491,Parent RDD ID:8,Name:ParallelCollectionRDD,TaskAttempt ID:101,Partition Id:8,Stage Id:4
16/11/08 12:11:01 INFO serializeLogger: [writerThread]StartAt:1478632261494,Parent RDD ID:18,Name:UnionRDD,TaskAttempt ID:101,Partition Id:8,Stage Id:4
16/11/08 12:11:01 INFO serializeLogger: [RunnerCompute]EndAt:1478632261494,Parent RDD ID:8,Name:ParallelCollectionRDD,TaskAttempt ID:149,Partition Id:56,Stage Id:4
16/11/08 12:11:01 INFO serializeLogger: [writerThread]StartAt:1478632261494,Parent RDD ID:8,Name:ParallelCollectionRDD,TaskAttempt ID:97,Partition Id:4,Stage Id:4
16/11/08 12:11:01 INFO serializeLogger: [writerThread]StartAt:1478632261499,Parent RDD ID:8,Name:ParallelCollectionRDD,TaskAttempt ID:141,Partition Id:48,Stage Id:4
16/11/08 12:11:01 INFO serializeLogger: [writerThread]StartAt:1478632261499,Parent RDD ID:8,Name:ParallelCollectionRDD,TaskAttempt ID:129,Partition Id:36,Stage Id:4
16/11/08 12:11:01 INFO serializeLogger: [writerThread]StartAt:1478632261500,Parent RDD ID:18,Name:UnionRDD,TaskAttempt ID:149,Partition Id:56,Stage Id:4
16/11/08 12:11:01 INFO serializeLogger: [RunnerCompute]EndAt:1478632261501,Parent RDD ID:18,Name:UnionRDD,TaskAttempt ID:101,Partition Id:8,Stage Id:4
16/11/08 12:11:01 INFO serializeLogger: [writerThread]StartAt:1478632261502,Parent RDD ID:8,Name:ParallelCollectionRDD,TaskAttempt ID:113,Partition Id:20,Stage Id:4
16/11/08 12:11:01 INFO serializeLogger: [writerThread]StartAt:1478632261502,Parent RDD ID:8,Name:ParallelCollectionRDD,TaskAttempt ID:117,Partition Id:24,Stage Id:4
16/11/08 12:11:01 INFO serializeLogger: [RunnerCompute]EndAt:1478632261512,Parent RDD ID:8,Name:ParallelCollectionRDD,TaskAttempt ID:109,Partition Id:16,Stage Id:4
16/11/08 12:11:01 INFO serializeLogger: [RunnerCompute]EndAt:1478632261512,Parent RDD ID:8,Name:ParallelCollectionRDD,TaskAttempt ID:121,Partition Id:28,Stage Id:4
16/11/08 12:11:01 INFO serializeLogger: [RunnerCompute]EndAt:1478632261513,Parent RDD ID:8,Name:ParallelCollectionRDD,TaskAttempt ID:129,Partition Id:36,Stage Id:4
16/11/08 12:11:01 INFO serializeLogger: [writerThread]StartAt:1478632261514,Parent RDD ID:18,Name:UnionRDD,TaskAttempt ID:109,Partition Id:16,Stage Id:4
16/11/08 12:11:01 INFO serializeLogger: [RunnerCompute]EndAt:1478632261515,Parent RDD ID:8,Name:ParallelCollectionRDD,TaskAttempt ID:141,Partition Id:48,Stage Id:4
16/11/08 12:11:01 INFO serializeLogger: [writerThread]StartAt:1478632261517,Parent RDD ID:18,Name:UnionRDD,TaskAttempt ID:121,Partition Id:28,Stage Id:4
16/11/08 12:11:01 INFO serializeLogger: [RunnerCompute]EndAt:1478632261517,Parent RDD ID:8,Name:ParallelCollectionRDD,TaskAttempt ID:105,Partition Id:12,Stage Id:4
16/11/08 12:11:01 INFO serializeLogger: [writerThread]StartAt:1478632261519,Parent RDD ID:18,Name:UnionRDD,TaskAttempt ID:105,Partition Id:12,Stage Id:4
16/11/08 12:11:01 INFO serializeLogger: [writerThread]EndAt:1478632261519,Parent RDD ID:18,Name:UnionRDD,TaskAttempt ID:101,Partition Id:8,Stage Id:4
16/11/08 12:11:01 INFO serializeLogger: [writerThread]StartAt:1478632261520,Parent RDD ID:18,Name:UnionRDD,TaskAttempt ID:141,Partition Id:48,Stage Id:4
16/11/08 12:11:01 INFO serializeLogger: [writerThread]StartAt:1478632261520,Parent RDD ID:8,Name:ParallelCollectionRDD,TaskAttempt ID:133,Partition Id:40,Stage Id:4
16/11/08 12:11:01 INFO serializeLogger: [RunnerCompute]EndAt:1478632261527,Parent RDD ID:8,Name:ParallelCollectionRDD,TaskAttempt ID:145,Partition Id:52,Stage Id:4
16/11/08 12:11:01 INFO serializeLogger: [RunnerCompute]EndAt:1478632261528,Parent RDD ID:8,Name:ParallelCollectionRDD,TaskAttempt ID:137,Partition Id:44,Stage Id:4
16/11/08 12:11:01 INFO serializeLogger: [RunnerCompute]EndAt:1478632261529,Parent RDD ID:8,Name:ParallelCollectionRDD,TaskAttempt ID:153,Partition Id:60,Stage Id:4
16/11/08 12:11:01 INFO serializeLogger: [RunnerCompute]EndAt:1478632261553,Parent RDD ID:18,Name:UnionRDD,TaskAttempt ID:149,Partition Id:56,Stage Id:4
16/11/08 12:11:01 INFO serializeLogger: [RunnerCompute]EndAt:1478632261553,Parent RDD ID:8,Name:ParallelCollectionRDD,TaskAttempt ID:156,Partition Id:66,Stage Id:4
16/11/08 12:11:01 INFO serializeLogger: [RunnerCompute]EndAt:1478632261554,Parent RDD ID:8,Name:ParallelCollectionRDD,TaskAttempt ID:97,Partition Id:4,Stage Id:4
16/11/08 12:11:01 INFO serializeLogger: [writerThread]EndAt:1478632261557,Parent RDD ID:18,Name:UnionRDD,TaskAttempt ID:149,Partition Id:56,Stage Id:4
16/11/08 12:11:01 INFO serializeLogger: [writerThread]StartAt:1478632261558,Parent RDD ID:8,Name:ParallelCollectionRDD,TaskAttempt ID:125,Partition Id:32,Stage Id:4
16/11/08 12:11:01 INFO serializeLogger: [writerThread]EndAt:1478632261563,Parent RDD ID:8,Name:ParallelCollectionRDD,TaskAttempt ID:149,Partition Id:56,Stage Id:4
16/11/08 12:11:01 INFO serializeLogger: [RunnerCompute]EndAt:1478632261568,Parent RDD ID:8,Name:ParallelCollectionRDD,TaskAttempt ID:117,Partition Id:24,Stage Id:4
16/11/08 12:11:01 INFO serializeLogger: [RunnerCompute]EndAt:1478632261569,Parent RDD ID:18,Name:UnionRDD,TaskAttempt ID:141,Partition Id:48,Stage Id:4
16/11/08 12:11:01 INFO serializeLogger: [RunnerCompute]EndAt:1478632261569,Parent RDD ID:18,Name:UnionRDD,TaskAttempt ID:109,Partition Id:16,Stage Id:4
16/11/08 12:11:01 INFO serializeLogger: [RunnerCompute]EndAt:1478632261569,Parent RDD ID:8,Name:ParallelCollectionRDD,TaskAttempt ID:113,Partition Id:20,Stage Id:4
16/11/08 12:11:01 INFO serializeLogger: [writerThread]EndAt:1478632261571,Parent RDD ID:18,Name:UnionRDD,TaskAttempt ID:141,Partition Id:48,Stage Id:4
16/11/08 12:11:01 INFO serializeLogger: [writerThread]EndAt:1478632261574,Parent RDD ID:18,Name:UnionRDD,TaskAttempt ID:109,Partition Id:16,Stage Id:4
16/11/08 12:11:01 INFO serializeLogger: [writerThread]StartAt:1478632261583,Parent RDD ID:18,Name:UnionRDD,TaskAttempt ID:97,Partition Id:4,Stage Id:4
16/11/08 12:11:01 INFO serializeLogger: [RunnerCompute]EndAt:1478632261590,Parent RDD ID:18,Name:UnionRDD,TaskAttempt ID:121,Partition Id:28,Stage Id:4
16/11/08 12:11:01 INFO serializeLogger: [writerThread]StartAt:1478632261590,Parent RDD ID:18,Name:UnionRDD,TaskAttempt ID:156,Partition Id:66,Stage Id:4
16/11/08 12:11:01 INFO serializeLogger: [writerThread]EndAt:1478632261591,Parent RDD ID:18,Name:UnionRDD,TaskAttempt ID:121,Partition Id:28,Stage Id:4
16/11/08 12:11:01 INFO serializeLogger: [writerThread]EndAt:1478632261596,Parent RDD ID:8,Name:ParallelCollectionRDD,TaskAttempt ID:101,Partition Id:8,Stage Id:4
16/11/08 12:11:01 INFO serializeLogger: [writerThread]StartAt:1478632261598,Parent RDD ID:18,Name:UnionRDD,TaskAttempt ID:153,Partition Id:60,Stage Id:4
16/11/08 12:11:01 INFO serializeLogger: [writerThread]StartAt:1478632261598,Parent RDD ID:18,Name:UnionRDD,TaskAttempt ID:137,Partition Id:44,Stage Id:4
16/11/08 12:11:01 INFO serializeLogger: [writerThread]StartAt:1478632261598,Parent RDD ID:18,Name:UnionRDD,TaskAttempt ID:129,Partition Id:36,Stage Id:4
16/11/08 12:11:01 INFO serializeLogger: [writerThread]StartAt:1478632261598,Parent RDD ID:18,Name:UnionRDD,TaskAttempt ID:145,Partition Id:52,Stage Id:4
16/11/08 12:11:01 INFO serializeLogger: [writerThread]EndAt:1478632261599,Parent RDD ID:8,Name:ParallelCollectionRDD,TaskAttempt ID:121,Partition Id:28,Stage Id:4
16/11/08 12:11:01 INFO serializeLogger: [writerThread]StartAt:1478632261599,Parent RDD ID:18,Name:UnionRDD,TaskAttempt ID:117,Partition Id:24,Stage Id:4
16/11/08 12:11:01 INFO serializeLogger: [writerThread]EndAt:1478632261599,Parent RDD ID:8,Name:ParallelCollectionRDD,TaskAttempt ID:109,Partition Id:16,Stage Id:4
16/11/08 12:11:01 INFO serializeLogger: [writerThread]EndAt:1478632261600,Parent RDD ID:8,Name:ParallelCollectionRDD,TaskAttempt ID:141,Partition Id:48,Stage Id:4
16/11/08 12:11:01 INFO serializeLogger: [writerThread]StartAt:1478632261600,Parent RDD ID:18,Name:UnionRDD,TaskAttempt ID:113,Partition Id:20,Stage Id:4
16/11/08 12:11:01 INFO serializeLogger: [RunnerCompute]EndAt:1478632261608,Parent RDD ID:8,Name:ParallelCollectionRDD,TaskAttempt ID:133,Partition Id:40,Stage Id:4
16/11/08 12:11:01 INFO serializeLogger: [writerThread]StartAt:1478632261619,Parent RDD ID:18,Name:UnionRDD,TaskAttempt ID:133,Partition Id:40,Stage Id:4
16/11/08 12:11:01 INFO serializeLogger: [RunnerCompute]EndAt:1478632261625,Parent RDD ID:8,Name:ParallelCollectionRDD,TaskAttempt ID:125,Partition Id:32,Stage Id:4
16/11/08 12:11:01 INFO serializeLogger: [RunnerCompute]EndAt:1478632261626,Parent RDD ID:18,Name:UnionRDD,TaskAttempt ID:97,Partition Id:4,Stage Id:4
16/11/08 12:11:01 INFO serializeLogger: [writerThread]EndAt:1478632261630,Parent RDD ID:18,Name:UnionRDD,TaskAttempt ID:97,Partition Id:4,Stage Id:4
16/11/08 12:11:01 INFO serializeLogger: [RunnerCompute]EndAt:1478632261630,Parent RDD ID:18,Name:UnionRDD,TaskAttempt ID:153,Partition Id:60,Stage Id:4
16/11/08 12:11:01 INFO serializeLogger: [RunnerCompute]EndAt:1478632261633,Parent RDD ID:18,Name:UnionRDD,TaskAttempt ID:156,Partition Id:66,Stage Id:4
16/11/08 12:11:01 INFO serializeLogger: [writerThread]EndAt:1478632261634,Parent RDD ID:8,Name:ParallelCollectionRDD,TaskAttempt ID:97,Partition Id:4,Stage Id:4
16/11/08 12:11:01 INFO serializeLogger: [writerThread]EndAt:1478632261635,Parent RDD ID:18,Name:UnionRDD,TaskAttempt ID:156,Partition Id:66,Stage Id:4
16/11/08 12:11:01 INFO serializeLogger: [writerThread]EndAt:1478632261635,Parent RDD ID:8,Name:ParallelCollectionRDD,TaskAttempt ID:156,Partition Id:66,Stage Id:4
16/11/08 12:11:01 INFO serializeLogger: [writerThread]EndAt:1478632261635,Parent RDD ID:18,Name:UnionRDD,TaskAttempt ID:153,Partition Id:60,Stage Id:4
16/11/08 12:11:01 INFO serializeLogger: [writerThread]EndAt:1478632261635,Parent RDD ID:8,Name:ParallelCollectionRDD,TaskAttempt ID:153,Partition Id:60,Stage Id:4
16/11/08 12:11:01 INFO serializeLogger: [writerThread]StartAt:1478632261636,Parent RDD ID:18,Name:UnionRDD,TaskAttempt ID:125,Partition Id:32,Stage Id:4
16/11/08 12:11:01 INFO serializeLogger: [RunnerCompute]EndAt:1478632261644,Parent RDD ID:18,Name:UnionRDD,TaskAttempt ID:129,Partition Id:36,Stage Id:4
16/11/08 12:11:01 INFO serializeLogger: [writerThread]EndAt:1478632261645,Parent RDD ID:18,Name:UnionRDD,TaskAttempt ID:129,Partition Id:36,Stage Id:4
16/11/08 12:11:01 INFO serializeLogger: [writerThread]EndAt:1478632261645,Parent RDD ID:8,Name:ParallelCollectionRDD,TaskAttempt ID:129,Partition Id:36,Stage Id:4
16/11/08 12:11:01 INFO serializeLogger: [RunnerCompute]EndAt:1478632261647,Parent RDD ID:18,Name:UnionRDD,TaskAttempt ID:105,Partition Id:12,Stage Id:4
16/11/08 12:11:01 INFO serializeLogger: [RunnerCompute]EndAt:1478632261650,Parent RDD ID:18,Name:UnionRDD,TaskAttempt ID:117,Partition Id:24,Stage Id:4
16/11/08 12:11:01 INFO serializeLogger: [writerThread]EndAt:1478632261653,Parent RDD ID:18,Name:UnionRDD,TaskAttempt ID:105,Partition Id:12,Stage Id:4
16/11/08 12:11:01 INFO serializeLogger: [writerThread]EndAt:1478632261654,Parent RDD ID:8,Name:ParallelCollectionRDD,TaskAttempt ID:105,Partition Id:12,Stage Id:4
16/11/08 12:11:01 INFO serializeLogger: [RunnerCompute]EndAt:1478632261657,Parent RDD ID:18,Name:UnionRDD,TaskAttempt ID:137,Partition Id:44,Stage Id:4
16/11/08 12:11:01 INFO serializeLogger: [RunnerCompute]EndAt:1478632261659,Parent RDD ID:18,Name:UnionRDD,TaskAttempt ID:113,Partition Id:20,Stage Id:4
16/11/08 12:11:01 INFO serializeLogger: [writerThread]EndAt:1478632261660,Parent RDD ID:18,Name:UnionRDD,TaskAttempt ID:137,Partition Id:44,Stage Id:4
16/11/08 12:11:01 INFO serializeLogger: [writerThread]EndAt:1478632261660,Parent RDD ID:8,Name:ParallelCollectionRDD,TaskAttempt ID:137,Partition Id:44,Stage Id:4
16/11/08 12:11:01 INFO serializeLogger: [CreationPYRE]StartAt:1478632261665,Parent RDD ID:18,Name:UnionRDD,TaskAttempt ID:161,Partition Id:0,Stage Id:4
16/11/08 12:11:01 INFO serializeLogger: [CreationPYRE]EndAt:1478632261665,Parent RDD ID:18,Name:UnionRDD,TaskAttempt ID:161,Partition Id:0,Stage Id:4
16/11/08 12:11:01 INFO serializeLogger: [RunnerCompute]StartAt:1478632261665,Parent RDD ID:18,Name:UnionRDD,TaskAttempt ID:161,Partition Id:0,Stage Id:4
16/11/08 12:11:01 INFO serializeLogger: [CreationPYRE]StartAt:1478632261666,Parent RDD ID:15,Name:MapPartitionedRDD,TaskAttempt ID:161,Partition Id:0,Stage Id:4
16/11/08 12:11:01 INFO serializeLogger: [CreationPYRE]EndAt:1478632261666,Parent RDD ID:15,Name:MapPartitionedRDD,TaskAttempt ID:161,Partition Id:0,Stage Id:4
16/11/08 12:11:01 INFO serializeLogger: [RunnerCompute]StartAt:1478632261666,Parent RDD ID:15,Name:MapPartitionedRDD,TaskAttempt ID:161,Partition Id:0,Stage Id:4
16/11/08 12:11:01 INFO serializeLogger: [writerThread]EndAt:1478632261667,Parent RDD ID:18,Name:UnionRDD,TaskAttempt ID:117,Partition Id:24,Stage Id:4
16/11/08 12:11:01 INFO serializeLogger: [RunnerCompute]EndAt:1478632261668,Parent RDD ID:18,Name:UnionRDD,TaskAttempt ID:145,Partition Id:52,Stage Id:4
16/11/08 12:11:01 INFO serializeLogger: [writerThread]EndAt:1478632261670,Parent RDD ID:18,Name:UnionRDD,TaskAttempt ID:113,Partition Id:20,Stage Id:4
16/11/08 12:11:01 INFO serializeLogger: [writerThread]EndAt:1478632261670,Parent RDD ID:8,Name:ParallelCollectionRDD,TaskAttempt ID:113,Partition Id:20,Stage Id:4
16/11/08 12:11:01 INFO serializeLogger: [writerThread]EndAt:1478632261675,Parent RDD ID:8,Name:ParallelCollectionRDD,TaskAttempt ID:117,Partition Id:24,Stage Id:4
16/11/08 12:11:01 INFO serializeLogger: [RunnerCompute]EndAt:1478632261676,Parent RDD ID:18,Name:UnionRDD,TaskAttempt ID:133,Partition Id:40,Stage Id:4
16/11/08 12:11:01 INFO serializeLogger: [writerThread]EndAt:1478632261678,Parent RDD ID:18,Name:UnionRDD,TaskAttempt ID:145,Partition Id:52,Stage Id:4
16/11/08 12:11:01 INFO serializeLogger: [writerThread]EndAt:1478632261678,Parent RDD ID:18,Name:UnionRDD,TaskAttempt ID:133,Partition Id:40,Stage Id:4
16/11/08 12:11:01 INFO serializeLogger: [writerThread]EndAt:1478632261678,Parent RDD ID:8,Name:ParallelCollectionRDD,TaskAttempt ID:145,Partition Id:52,Stage Id:4
16/11/08 12:11:01 INFO serializeLogger: [writerThread]EndAt:1478632261678,Parent RDD ID:8,Name:ParallelCollectionRDD,TaskAttempt ID:133,Partition Id:40,Stage Id:4
16/11/08 12:11:01 INFO serializeLogger: [RunnerCompute]EndAt:1478632261700,Parent RDD ID:18,Name:UnionRDD,TaskAttempt ID:125,Partition Id:32,Stage Id:4
16/11/08 12:11:01 INFO serializeLogger: [writerThread]EndAt:1478632261701,Parent RDD ID:18,Name:UnionRDD,TaskAttempt ID:125,Partition Id:32,Stage Id:4
16/11/08 12:11:01 INFO serializeLogger: [writerThread]EndAt:1478632261701,Parent RDD ID:8,Name:ParallelCollectionRDD,TaskAttempt ID:125,Partition Id:32,Stage Id:4
16/11/08 12:11:01 INFO serializeLogger: [writerThread]StartAt:1478632261734,Parent RDD ID:15,Name:MapPartitionedRDD,TaskAttempt ID:161,Partition Id:0,Stage Id:4
16/11/08 12:11:40 INFO serializeLogger: [RunnerCompute]EndAt:1478632300044,Parent RDD ID:15,Name:MapPartitionedRDD,TaskAttempt ID:161,Partition Id:0,Stage Id:4
16/11/08 12:11:40 INFO serializeLogger: [writerThread]StartAt:1478632300046,Parent RDD ID:18,Name:UnionRDD,TaskAttempt ID:161,Partition Id:0,Stage Id:4
16/11/08 12:12:22 INFO serializeLogger: [RunnerCompute]EndAt:1478632342965,Parent RDD ID:18,Name:UnionRDD,TaskAttempt ID:161,Partition Id:0,Stage Id:4
16/11/08 12:12:25 INFO serializeLogger: [writerThread]EndAt:1478632345428,Parent RDD ID:18,Name:UnionRDD,TaskAttempt ID:161,Partition Id:0,Stage Id:4
16/11/08 12:12:25 INFO serializeLogger: [writerThread]EndAt:1478632345428,Parent RDD ID:15,Name:MapPartitionedRDD,TaskAttempt ID:161,Partition Id:0,Stage Id:4
16/11/08 12:12:25 INFO serializeLogger: [CreationPYRE]StartAt:1478632345554,Parent RDD ID:25,Name:UnionRDD,TaskAttempt ID:165,Partition Id:0,Stage Id:5
16/11/08 12:12:25 INFO serializeLogger: [CreationPYRE]EndAt:1478632345554,Parent RDD ID:25,Name:UnionRDD,TaskAttempt ID:165,Partition Id:0,Stage Id:5
16/11/08 12:12:25 INFO serializeLogger: [RunnerCompute]StartAt:1478632345555,Parent RDD ID:25,Name:UnionRDD,TaskAttempt ID:165,Partition Id:0,Stage Id:5
16/11/08 12:12:25 INFO serializeLogger: [CreationPYRE]StartAt:1478632345555,Parent RDD ID:22,Name:MapPartitionedRDD,TaskAttempt ID:165,Partition Id:0,Stage Id:5
16/11/08 12:12:25 INFO serializeLogger: [CreationPYRE]EndAt:1478632345555,Parent RDD ID:22,Name:MapPartitionedRDD,TaskAttempt ID:165,Partition Id:0,Stage Id:5
16/11/08 12:12:25 INFO serializeLogger: [RunnerCompute]StartAt:1478632345555,Parent RDD ID:22,Name:MapPartitionedRDD,TaskAttempt ID:165,Partition Id:0,Stage Id:5
16/11/08 12:12:25 INFO serializeLogger: [CreationPYRE]StartAt:1478632345558,Parent RDD ID:25,Name:UnionRDD,TaskAttempt ID:169,Partition Id:4,Stage Id:5
16/11/08 12:12:25 INFO serializeLogger: [CreationPYRE]EndAt:1478632345558,Parent RDD ID:25,Name:UnionRDD,TaskAttempt ID:169,Partition Id:4,Stage Id:5
16/11/08 12:12:25 INFO serializeLogger: [RunnerCompute]StartAt:1478632345558,Parent RDD ID:25,Name:UnionRDD,TaskAttempt ID:169,Partition Id:4,Stage Id:5
16/11/08 12:12:25 INFO serializeLogger: [CreationPYRE]StartAt:1478632345559,Parent RDD ID:22,Name:MapPartitionedRDD,TaskAttempt ID:169,Partition Id:4,Stage Id:5
16/11/08 12:12:25 INFO serializeLogger: [CreationPYRE]EndAt:1478632345559,Parent RDD ID:22,Name:MapPartitionedRDD,TaskAttempt ID:169,Partition Id:4,Stage Id:5
16/11/08 12:12:25 INFO serializeLogger: [RunnerCompute]StartAt:1478632345560,Parent RDD ID:22,Name:MapPartitionedRDD,TaskAttempt ID:169,Partition Id:4,Stage Id:5
16/11/08 12:12:25 INFO serializeLogger: [writerThread]StartAt:1478632345595,Parent RDD ID:22,Name:MapPartitionedRDD,TaskAttempt ID:165,Partition Id:0,Stage Id:5
16/11/08 12:12:25 INFO serializeLogger: [writerThread]StartAt:1478632345650,Parent RDD ID:22,Name:MapPartitionedRDD,TaskAttempt ID:169,Partition Id:4,Stage Id:5
16/11/08 12:15:08 INFO serializeLogger: [RunnerCompute]EndAt:1478632508736,Parent RDD ID:22,Name:MapPartitionedRDD,TaskAttempt ID:169,Partition Id:4,Stage Id:5
16/11/08 12:15:08 INFO serializeLogger: [writerThread]StartAt:1478632508752,Parent RDD ID:25,Name:UnionRDD,TaskAttempt ID:169,Partition Id:4,Stage Id:5
16/11/08 12:15:08 INFO serializeLogger: [RunnerCompute]EndAt:1478632508806,Parent RDD ID:25,Name:UnionRDD,TaskAttempt ID:169,Partition Id:4,Stage Id:5
16/11/08 12:15:08 INFO serializeLogger: [writerThread]EndAt:1478632508871,Parent RDD ID:25,Name:UnionRDD,TaskAttempt ID:169,Partition Id:4,Stage Id:5
16/11/08 12:15:08 INFO serializeLogger: [writerThread]EndAt:1478632508871,Parent RDD ID:22,Name:MapPartitionedRDD,TaskAttempt ID:169,Partition Id:4,Stage Id:5
16/11/08 12:15:27 INFO serializeLogger: [RunnerCompute]EndAt:1478632527656,Parent RDD ID:22,Name:MapPartitionedRDD,TaskAttempt ID:165,Partition Id:0,Stage Id:5
16/11/08 12:15:27 INFO serializeLogger: [writerThread]StartAt:1478632527658,Parent RDD ID:25,Name:UnionRDD,TaskAttempt ID:165,Partition Id:0,Stage Id:5
16/11/08 12:16:10 INFO serializeLogger: [RunnerCompute]EndAt:1478632570093,Parent RDD ID:25,Name:UnionRDD,TaskAttempt ID:165,Partition Id:0,Stage Id:5
16/11/08 12:16:12 INFO serializeLogger: [writerThread]EndAt:1478632572499,Parent RDD ID:25,Name:UnionRDD,TaskAttempt ID:165,Partition Id:0,Stage Id:5
16/11/08 12:16:12 INFO serializeLogger: [writerThread]EndAt:1478632572499,Parent RDD ID:22,Name:MapPartitionedRDD,TaskAttempt ID:165,Partition Id:0,Stage Id:5
16/11/08 12:16:12 INFO serializeLogger: [CreationPYRE]StartAt:1478632572619,Parent RDD ID:32,Name:UnionRDD,TaskAttempt ID:172,Partition Id:0,Stage Id:6
16/11/08 12:16:12 INFO serializeLogger: [CreationPYRE]EndAt:1478632572619,Parent RDD ID:32,Name:UnionRDD,TaskAttempt ID:172,Partition Id:0,Stage Id:6
16/11/08 12:16:12 INFO serializeLogger: [RunnerCompute]StartAt:1478632572619,Parent RDD ID:32,Name:UnionRDD,TaskAttempt ID:172,Partition Id:0,Stage Id:6
16/11/08 12:16:12 INFO serializeLogger: [CreationPYRE]StartAt:1478632572620,Parent RDD ID:29,Name:MapPartitionedRDD,TaskAttempt ID:172,Partition Id:0,Stage Id:6
16/11/08 12:16:12 INFO serializeLogger: [CreationPYRE]EndAt:1478632572620,Parent RDD ID:29,Name:MapPartitionedRDD,TaskAttempt ID:172,Partition Id:0,Stage Id:6
16/11/08 12:16:12 INFO serializeLogger: [RunnerCompute]StartAt:1478632572620,Parent RDD ID:29,Name:MapPartitionedRDD,TaskAttempt ID:172,Partition Id:0,Stage Id:6
16/11/08 12:16:12 INFO serializeLogger: [CreationPYRE]StartAt:1478632572622,Parent RDD ID:32,Name:UnionRDD,TaskAttempt ID:176,Partition Id:4,Stage Id:6
16/11/08 12:16:12 INFO serializeLogger: [CreationPYRE]EndAt:1478632572622,Parent RDD ID:32,Name:UnionRDD,TaskAttempt ID:176,Partition Id:4,Stage Id:6
16/11/08 12:16:12 INFO serializeLogger: [RunnerCompute]StartAt:1478632572623,Parent RDD ID:32,Name:UnionRDD,TaskAttempt ID:176,Partition Id:4,Stage Id:6
16/11/08 12:16:12 INFO serializeLogger: [CreationPYRE]StartAt:1478632572623,Parent RDD ID:29,Name:MapPartitionedRDD,TaskAttempt ID:176,Partition Id:4,Stage Id:6
16/11/08 12:16:12 INFO serializeLogger: [CreationPYRE]EndAt:1478632572624,Parent RDD ID:29,Name:MapPartitionedRDD,TaskAttempt ID:176,Partition Id:4,Stage Id:6
16/11/08 12:16:12 INFO serializeLogger: [RunnerCompute]StartAt:1478632572624,Parent RDD ID:29,Name:MapPartitionedRDD,TaskAttempt ID:176,Partition Id:4,Stage Id:6
16/11/08 12:16:12 INFO serializeLogger: [writerThread]StartAt:1478632572658,Parent RDD ID:29,Name:MapPartitionedRDD,TaskAttempt ID:172,Partition Id:0,Stage Id:6
16/11/08 12:16:12 INFO serializeLogger: [writerThread]StartAt:1478632572738,Parent RDD ID:29,Name:MapPartitionedRDD,TaskAttempt ID:176,Partition Id:4,Stage Id:6
16/11/08 12:16:48 INFO serializeLogger: [RunnerCompute]EndAt:1478632608493,Parent RDD ID:29,Name:MapPartitionedRDD,TaskAttempt ID:176,Partition Id:4,Stage Id:6
16/11/08 12:16:48 INFO serializeLogger: [writerThread]StartAt:1478632608495,Parent RDD ID:32,Name:UnionRDD,TaskAttempt ID:176,Partition Id:4,Stage Id:6
16/11/08 12:16:48 INFO serializeLogger: [RunnerCompute]EndAt:1478632608789,Parent RDD ID:32,Name:UnionRDD,TaskAttempt ID:176,Partition Id:4,Stage Id:6
16/11/08 12:16:48 INFO serializeLogger: [writerThread]EndAt:1478632608850,Parent RDD ID:32,Name:UnionRDD,TaskAttempt ID:176,Partition Id:4,Stage Id:6
16/11/08 12:16:48 INFO serializeLogger: [writerThread]EndAt:1478632608850,Parent RDD ID:29,Name:MapPartitionedRDD,TaskAttempt ID:176,Partition Id:4,Stage Id:6
16/11/08 12:17:00 INFO serializeLogger: [RunnerCompute]EndAt:1478632620450,Parent RDD ID:29,Name:MapPartitionedRDD,TaskAttempt ID:172,Partition Id:0,Stage Id:6
16/11/08 12:17:00 INFO serializeLogger: [writerThread]StartAt:1478632620451,Parent RDD ID:32,Name:UnionRDD,TaskAttempt ID:172,Partition Id:0,Stage Id:6
16/11/08 12:17:38 INFO serializeLogger: [RunnerCompute]EndAt:1478632658160,Parent RDD ID:32,Name:UnionRDD,TaskAttempt ID:172,Partition Id:0,Stage Id:6
16/11/08 12:17:40 INFO serializeLogger: [writerThread]EndAt:1478632660892,Parent RDD ID:32,Name:UnionRDD,TaskAttempt ID:172,Partition Id:0,Stage Id:6
16/11/08 12:17:40 INFO serializeLogger: [writerThread]EndAt:1478632660893,Parent RDD ID:29,Name:MapPartitionedRDD,TaskAttempt ID:172,Partition Id:0,Stage Id:6
16/11/08 12:19:43 INFO serializeLogger: [CreationPYRE]StartAt:1478632783778,Parent RDD ID:39,Name:UnionRDD,TaskAttempt ID:180,Partition Id:0,Stage Id:7
16/11/08 12:19:43 INFO serializeLogger: [CreationPYRE]EndAt:1478632783779,Parent RDD ID:39,Name:UnionRDD,TaskAttempt ID:180,Partition Id:0,Stage Id:7
16/11/08 12:19:43 INFO serializeLogger: [RunnerCompute]StartAt:1478632783779,Parent RDD ID:39,Name:UnionRDD,TaskAttempt ID:180,Partition Id:0,Stage Id:7
16/11/08 12:19:43 INFO serializeLogger: [CreationPYRE]StartAt:1478632783779,Parent RDD ID:36,Name:MapPartitionedRDD,TaskAttempt ID:180,Partition Id:0,Stage Id:7
16/11/08 12:19:43 INFO serializeLogger: [CreationPYRE]EndAt:1478632783779,Parent RDD ID:36,Name:MapPartitionedRDD,TaskAttempt ID:180,Partition Id:0,Stage Id:7
16/11/08 12:19:43 INFO serializeLogger: [RunnerCompute]StartAt:1478632783779,Parent RDD ID:36,Name:MapPartitionedRDD,TaskAttempt ID:180,Partition Id:0,Stage Id:7
16/11/08 12:19:43 INFO serializeLogger: [CreationPYRE]StartAt:1478632783782,Parent RDD ID:39,Name:UnionRDD,TaskAttempt ID:184,Partition Id:4,Stage Id:7
16/11/08 12:19:43 INFO serializeLogger: [CreationPYRE]EndAt:1478632783782,Parent RDD ID:39,Name:UnionRDD,TaskAttempt ID:184,Partition Id:4,Stage Id:7
16/11/08 12:19:43 INFO serializeLogger: [RunnerCompute]StartAt:1478632783782,Parent RDD ID:39,Name:UnionRDD,TaskAttempt ID:184,Partition Id:4,Stage Id:7
16/11/08 12:19:43 INFO serializeLogger: [CreationPYRE]StartAt:1478632783783,Parent RDD ID:36,Name:MapPartitionedRDD,TaskAttempt ID:184,Partition Id:4,Stage Id:7
16/11/08 12:19:43 INFO serializeLogger: [CreationPYRE]EndAt:1478632783783,Parent RDD ID:36,Name:MapPartitionedRDD,TaskAttempt ID:184,Partition Id:4,Stage Id:7
16/11/08 12:19:43 INFO serializeLogger: [RunnerCompute]StartAt:1478632783783,Parent RDD ID:36,Name:MapPartitionedRDD,TaskAttempt ID:184,Partition Id:4,Stage Id:7
16/11/08 12:19:43 INFO serializeLogger: [writerThread]StartAt:1478632783830,Parent RDD ID:36,Name:MapPartitionedRDD,TaskAttempt ID:180,Partition Id:0,Stage Id:7
16/11/08 12:19:43 INFO serializeLogger: [writerThread]StartAt:1478632783845,Parent RDD ID:36,Name:MapPartitionedRDD,TaskAttempt ID:184,Partition Id:4,Stage Id:7
16/11/08 12:20:15 INFO serializeLogger: [RunnerCompute]EndAt:1478632815173,Parent RDD ID:36,Name:MapPartitionedRDD,TaskAttempt ID:184,Partition Id:4,Stage Id:7
16/11/08 12:20:15 INFO serializeLogger: [writerThread]StartAt:1478632815190,Parent RDD ID:39,Name:UnionRDD,TaskAttempt ID:184,Partition Id:4,Stage Id:7
16/11/08 12:20:15 INFO serializeLogger: [RunnerCompute]EndAt:1478632815241,Parent RDD ID:39,Name:UnionRDD,TaskAttempt ID:184,Partition Id:4,Stage Id:7
16/11/08 12:20:15 INFO serializeLogger: [writerThread]EndAt:1478632815294,Parent RDD ID:39,Name:UnionRDD,TaskAttempt ID:184,Partition Id:4,Stage Id:7
16/11/08 12:20:15 INFO serializeLogger: [writerThread]EndAt:1478632815294,Parent RDD ID:36,Name:MapPartitionedRDD,TaskAttempt ID:184,Partition Id:4,Stage Id:7
16/11/08 12:20:27 INFO serializeLogger: [RunnerCompute]EndAt:1478632827009,Parent RDD ID:36,Name:MapPartitionedRDD,TaskAttempt ID:180,Partition Id:0,Stage Id:7
16/11/08 12:20:27 INFO serializeLogger: [writerThread]StartAt:1478632827010,Parent RDD ID:39,Name:UnionRDD,TaskAttempt ID:180,Partition Id:0,Stage Id:7
16/11/08 12:21:03 INFO serializeLogger: [RunnerCompute]EndAt:1478632863901,Parent RDD ID:39,Name:UnionRDD,TaskAttempt ID:180,Partition Id:0,Stage Id:7
16/11/08 12:21:06 INFO serializeLogger: [writerThread]EndAt:1478632866289,Parent RDD ID:39,Name:UnionRDD,TaskAttempt ID:180,Partition Id:0,Stage Id:7
16/11/08 12:21:06 INFO serializeLogger: [writerThread]EndAt:1478632866289,Parent RDD ID:36,Name:MapPartitionedRDD,TaskAttempt ID:180,Partition Id:0,Stage Id:7
16/11/08 12:23:21 INFO serializeLogger: [CreationPYRE]StartAt:1478633001061,Parent RDD ID:46,Name:UnionRDD,TaskAttempt ID:189,Partition Id:0,Stage Id:8
16/11/08 12:23:21 INFO serializeLogger: [CreationPYRE]EndAt:1478633001061,Parent RDD ID:46,Name:UnionRDD,TaskAttempt ID:189,Partition Id:0,Stage Id:8
16/11/08 12:23:21 INFO serializeLogger: [RunnerCompute]StartAt:1478633001061,Parent RDD ID:46,Name:UnionRDD,TaskAttempt ID:189,Partition Id:0,Stage Id:8
16/11/08 12:23:21 INFO serializeLogger: [CreationPYRE]StartAt:1478633001061,Parent RDD ID:43,Name:MapPartitionedRDD,TaskAttempt ID:189,Partition Id:0,Stage Id:8
16/11/08 12:23:21 INFO serializeLogger: [CreationPYRE]EndAt:1478633001061,Parent RDD ID:43,Name:MapPartitionedRDD,TaskAttempt ID:189,Partition Id:0,Stage Id:8
16/11/08 12:23:21 INFO serializeLogger: [RunnerCompute]StartAt:1478633001062,Parent RDD ID:43,Name:MapPartitionedRDD,TaskAttempt ID:189,Partition Id:0,Stage Id:8
16/11/08 12:23:21 INFO serializeLogger: [CreationPYRE]StartAt:1478633001064,Parent RDD ID:46,Name:UnionRDD,TaskAttempt ID:193,Partition Id:4,Stage Id:8
16/11/08 12:23:21 INFO serializeLogger: [CreationPYRE]EndAt:1478633001064,Parent RDD ID:46,Name:UnionRDD,TaskAttempt ID:193,Partition Id:4,Stage Id:8
16/11/08 12:23:21 INFO serializeLogger: [RunnerCompute]StartAt:1478633001064,Parent RDD ID:46,Name:UnionRDD,TaskAttempt ID:193,Partition Id:4,Stage Id:8
16/11/08 12:23:21 INFO serializeLogger: [CreationPYRE]StartAt:1478633001065,Parent RDD ID:43,Name:MapPartitionedRDD,TaskAttempt ID:193,Partition Id:4,Stage Id:8
16/11/08 12:23:21 INFO serializeLogger: [CreationPYRE]EndAt:1478633001065,Parent RDD ID:43,Name:MapPartitionedRDD,TaskAttempt ID:193,Partition Id:4,Stage Id:8
16/11/08 12:23:21 INFO serializeLogger: [RunnerCompute]StartAt:1478633001065,Parent RDD ID:43,Name:MapPartitionedRDD,TaskAttempt ID:193,Partition Id:4,Stage Id:8
16/11/08 12:23:21 INFO serializeLogger: [writerThread]StartAt:1478633001104,Parent RDD ID:43,Name:MapPartitionedRDD,TaskAttempt ID:193,Partition Id:4,Stage Id:8
16/11/08 12:23:21 INFO serializeLogger: [writerThread]StartAt:1478633001124,Parent RDD ID:43,Name:MapPartitionedRDD,TaskAttempt ID:189,Partition Id:0,Stage Id:8
16/11/08 12:23:48 INFO serializeLogger: [RunnerCompute]EndAt:1478633028194,Parent RDD ID:43,Name:MapPartitionedRDD,TaskAttempt ID:193,Partition Id:4,Stage Id:8
16/11/08 12:23:48 INFO serializeLogger: [writerThread]StartAt:1478633028211,Parent RDD ID:46,Name:UnionRDD,TaskAttempt ID:193,Partition Id:4,Stage Id:8
16/11/08 12:23:48 INFO serializeLogger: [RunnerCompute]EndAt:1478633028263,Parent RDD ID:46,Name:UnionRDD,TaskAttempt ID:193,Partition Id:4,Stage Id:8
16/11/08 12:23:48 INFO serializeLogger: [writerThread]EndAt:1478633028322,Parent RDD ID:46,Name:UnionRDD,TaskAttempt ID:193,Partition Id:4,Stage Id:8
16/11/08 12:23:48 INFO serializeLogger: [writerThread]EndAt:1478633028323,Parent RDD ID:43,Name:MapPartitionedRDD,TaskAttempt ID:193,Partition Id:4,Stage Id:8
16/11/08 12:24:00 INFO serializeLogger: [RunnerCompute]EndAt:1478633040844,Parent RDD ID:43,Name:MapPartitionedRDD,TaskAttempt ID:189,Partition Id:0,Stage Id:8
16/11/08 12:24:00 INFO serializeLogger: [writerThread]StartAt:1478633040846,Parent RDD ID:46,Name:UnionRDD,TaskAttempt ID:189,Partition Id:0,Stage Id:8
16/11/08 12:24:40 INFO serializeLogger: [RunnerCompute]EndAt:1478633080001,Parent RDD ID:46,Name:UnionRDD,TaskAttempt ID:189,Partition Id:0,Stage Id:8
16/11/08 12:24:42 INFO serializeLogger: [writerThread]EndAt:1478633082307,Parent RDD ID:46,Name:UnionRDD,TaskAttempt ID:189,Partition Id:0,Stage Id:8
16/11/08 12:24:42 INFO serializeLogger: [writerThread]EndAt:1478633082307,Parent RDD ID:43,Name:MapPartitionedRDD,TaskAttempt ID:189,Partition Id:0,Stage Id:8
16/11/08 12:26:48 INFO serializeLogger: [CreationPYRE]StartAt:1478633208313,Parent RDD ID:50,Name:MapPartitionedRDD,TaskAttempt ID:196,Partition Id:0,Stage Id:9
16/11/08 12:26:48 INFO serializeLogger: [CreationPYRE]EndAt:1478633208314,Parent RDD ID:50,Name:MapPartitionedRDD,TaskAttempt ID:196,Partition Id:0,Stage Id:9
16/11/08 12:26:48 INFO serializeLogger: [RunnerCompute]StartAt:1478633208314,Parent RDD ID:50,Name:MapPartitionedRDD,TaskAttempt ID:196,Partition Id:0,Stage Id:9
16/11/08 12:26:48 INFO serializeLogger: [writerThread]StartAt:1478633208359,Parent RDD ID:50,Name:MapPartitionedRDD,TaskAttempt ID:196,Partition Id:0,Stage Id:9
16/11/08 12:27:44 INFO serializeLogger: [RunnerCompute]EndAt:1478633264777,Parent RDD ID:50,Name:MapPartitionedRDD,TaskAttempt ID:196,Partition Id:0,Stage Id:9
16/11/08 12:27:44 INFO serializeLogger: [writerThread]EndAt:1478633264781,Parent RDD ID:50,Name:MapPartitionedRDD,TaskAttempt ID:196,Partition Id:0,Stage Id:9
16/11/08 12:27:45 INFO serializeLogger: [CreationPYRE]StartAt:1478633265052,Parent RDD ID:54,Name:UnionRDD,TaskAttempt ID:201,Partition Id:0,Stage Id:16
16/11/08 12:27:45 INFO serializeLogger: [CreationPYRE]EndAt:1478633265052,Parent RDD ID:54,Name:UnionRDD,TaskAttempt ID:201,Partition Id:0,Stage Id:16
16/11/08 12:27:45 INFO serializeLogger: [RunnerCompute]StartAt:1478633265052,Parent RDD ID:54,Name:UnionRDD,TaskAttempt ID:201,Partition Id:0,Stage Id:16
16/11/08 12:27:45 INFO serializeLogger: [CreationPYRE]StartAt:1478633265053,Parent RDD ID:43,Name:MapPartitionedRDD,TaskAttempt ID:201,Partition Id:0,Stage Id:16
16/11/08 12:27:45 INFO serializeLogger: [CreationPYRE]EndAt:1478633265053,Parent RDD ID:43,Name:MapPartitionedRDD,TaskAttempt ID:201,Partition Id:0,Stage Id:16
16/11/08 12:27:45 INFO serializeLogger: [RunnerCompute]StartAt:1478633265053,Parent RDD ID:43,Name:MapPartitionedRDD,TaskAttempt ID:201,Partition Id:0,Stage Id:16
16/11/08 12:27:45 INFO serializeLogger: [CreationPYRE]StartAt:1478633265054,Parent RDD ID:54,Name:UnionRDD,TaskAttempt ID:205,Partition Id:4,Stage Id:16
16/11/08 12:27:45 INFO serializeLogger: [CreationPYRE]EndAt:1478633265055,Parent RDD ID:54,Name:UnionRDD,TaskAttempt ID:205,Partition Id:4,Stage Id:16
16/11/08 12:27:45 INFO serializeLogger: [RunnerCompute]StartAt:1478633265055,Parent RDD ID:54,Name:UnionRDD,TaskAttempt ID:205,Partition Id:4,Stage Id:16
16/11/08 12:27:45 INFO serializeLogger: [CreationPYRE]StartAt:1478633265056,Parent RDD ID:43,Name:MapPartitionedRDD,TaskAttempt ID:205,Partition Id:4,Stage Id:16
16/11/08 12:27:45 INFO serializeLogger: [CreationPYRE]EndAt:1478633265056,Parent RDD ID:43,Name:MapPartitionedRDD,TaskAttempt ID:205,Partition Id:4,Stage Id:16
16/11/08 12:27:45 INFO serializeLogger: [RunnerCompute]StartAt:1478633265056,Parent RDD ID:43,Name:MapPartitionedRDD,TaskAttempt ID:205,Partition Id:4,Stage Id:16
16/11/08 12:27:45 INFO serializeLogger: [writerThread]StartAt:1478633265086,Parent RDD ID:43,Name:MapPartitionedRDD,TaskAttempt ID:201,Partition Id:0,Stage Id:16
16/11/08 12:27:45 INFO serializeLogger: [writerThread]StartAt:1478633265100,Parent RDD ID:43,Name:MapPartitionedRDD,TaskAttempt ID:205,Partition Id:4,Stage Id:16
16/11/08 12:28:15 INFO serializeLogger: [RunnerCompute]EndAt:1478633295824,Parent RDD ID:43,Name:MapPartitionedRDD,TaskAttempt ID:205,Partition Id:4,Stage Id:16
16/11/08 12:28:15 INFO serializeLogger: [writerThread]StartAt:1478633295840,Parent RDD ID:54,Name:UnionRDD,TaskAttempt ID:205,Partition Id:4,Stage Id:16
16/11/08 12:28:15 INFO serializeLogger: [RunnerCompute]EndAt:1478633295897,Parent RDD ID:54,Name:UnionRDD,TaskAttempt ID:205,Partition Id:4,Stage Id:16
16/11/08 12:28:15 INFO serializeLogger: [writerThread]EndAt:1478633295951,Parent RDD ID:54,Name:UnionRDD,TaskAttempt ID:205,Partition Id:4,Stage Id:16
16/11/08 12:28:15 INFO serializeLogger: [writerThread]EndAt:1478633295951,Parent RDD ID:43,Name:MapPartitionedRDD,TaskAttempt ID:205,Partition Id:4,Stage Id:16
16/11/08 12:28:25 INFO serializeLogger: [RunnerCompute]EndAt:1478633305402,Parent RDD ID:43,Name:MapPartitionedRDD,TaskAttempt ID:201,Partition Id:0,Stage Id:16
16/11/08 12:28:25 INFO serializeLogger: [writerThread]StartAt:1478633305407,Parent RDD ID:54,Name:UnionRDD,TaskAttempt ID:201,Partition Id:0,Stage Id:16
16/11/08 12:29:03 INFO serializeLogger: [RunnerCompute]EndAt:1478633343898,Parent RDD ID:54,Name:UnionRDD,TaskAttempt ID:201,Partition Id:0,Stage Id:16
16/11/08 12:29:06 INFO serializeLogger: [writerThread]EndAt:1478633346209,Parent RDD ID:54,Name:UnionRDD,TaskAttempt ID:201,Partition Id:0,Stage Id:16
16/11/08 12:29:06 INFO serializeLogger: [writerThread]EndAt:1478633346209,Parent RDD ID:43,Name:MapPartitionedRDD,TaskAttempt ID:201,Partition Id:0,Stage Id:16
16/11/08 12:31:11 INFO serializeLogger: [CreationPYRE]StartAt:1478633471546,Parent RDD ID:58,Name:MapPartitionedRDD,TaskAttempt ID:210,Partition Id:0,Stage Id:17
16/11/08 12:31:11 INFO serializeLogger: [CreationPYRE]EndAt:1478633471546,Parent RDD ID:58,Name:MapPartitionedRDD,TaskAttempt ID:210,Partition Id:0,Stage Id:17
16/11/08 12:31:11 INFO serializeLogger: [RunnerCompute]StartAt:1478633471546,Parent RDD ID:58,Name:MapPartitionedRDD,TaskAttempt ID:210,Partition Id:0,Stage Id:17
16/11/08 12:31:11 INFO serializeLogger: [writerThread]StartAt:1478633471589,Parent RDD ID:58,Name:MapPartitionedRDD,TaskAttempt ID:210,Partition Id:0,Stage Id:17
16/11/08 12:31:39 INFO serializeLogger: [RunnerCompute]EndAt:1478633499516,Parent RDD ID:58,Name:MapPartitionedRDD,TaskAttempt ID:210,Partition Id:0,Stage Id:17
16/11/08 12:31:39 INFO serializeLogger: [writerThread]EndAt:1478633499519,Parent RDD ID:58,Name:MapPartitionedRDD,TaskAttempt ID:210,Partition Id:0,Stage Id:17
16/11/08 12:31:59 INFO serializeLogger: [CreationPYRE]StartAt:1478633519714,Parent RDD ID:62,Name:UnionRDD,TaskAttempt ID:213,Partition Id:0,Stage Id:24
16/11/08 12:31:59 INFO serializeLogger: [CreationPYRE]EndAt:1478633519714,Parent RDD ID:62,Name:UnionRDD,TaskAttempt ID:213,Partition Id:0,Stage Id:24
16/11/08 12:31:59 INFO serializeLogger: [RunnerCompute]StartAt:1478633519714,Parent RDD ID:62,Name:UnionRDD,TaskAttempt ID:213,Partition Id:0,Stage Id:24
16/11/08 12:31:59 INFO serializeLogger: [CreationPYRE]StartAt:1478633519714,Parent RDD ID:43,Name:MapPartitionedRDD,TaskAttempt ID:213,Partition Id:0,Stage Id:24
16/11/08 12:31:59 INFO serializeLogger: [CreationPYRE]EndAt:1478633519715,Parent RDD ID:43,Name:MapPartitionedRDD,TaskAttempt ID:213,Partition Id:0,Stage Id:24
16/11/08 12:31:59 INFO serializeLogger: [RunnerCompute]StartAt:1478633519715,Parent RDD ID:43,Name:MapPartitionedRDD,TaskAttempt ID:213,Partition Id:0,Stage Id:24
16/11/08 12:31:59 INFO serializeLogger: [CreationPYRE]StartAt:1478633519718,Parent RDD ID:62,Name:UnionRDD,TaskAttempt ID:217,Partition Id:4,Stage Id:24
16/11/08 12:31:59 INFO serializeLogger: [CreationPYRE]EndAt:1478633519718,Parent RDD ID:62,Name:UnionRDD,TaskAttempt ID:217,Partition Id:4,Stage Id:24
16/11/08 12:31:59 INFO serializeLogger: [RunnerCompute]StartAt:1478633519718,Parent RDD ID:62,Name:UnionRDD,TaskAttempt ID:217,Partition Id:4,Stage Id:24
16/11/08 12:31:59 INFO serializeLogger: [CreationPYRE]StartAt:1478633519719,Parent RDD ID:43,Name:MapPartitionedRDD,TaskAttempt ID:217,Partition Id:4,Stage Id:24
16/11/08 12:31:59 INFO serializeLogger: [CreationPYRE]EndAt:1478633519719,Parent RDD ID:43,Name:MapPartitionedRDD,TaskAttempt ID:217,Partition Id:4,Stage Id:24
16/11/08 12:31:59 INFO serializeLogger: [RunnerCompute]StartAt:1478633519719,Parent RDD ID:43,Name:MapPartitionedRDD,TaskAttempt ID:217,Partition Id:4,Stage Id:24
16/11/08 12:31:59 INFO serializeLogger: [writerThread]StartAt:1478633519737,Parent RDD ID:43,Name:MapPartitionedRDD,TaskAttempt ID:213,Partition Id:0,Stage Id:24
16/11/08 12:31:59 INFO serializeLogger: [writerThread]StartAt:1478633519800,Parent RDD ID:43,Name:MapPartitionedRDD,TaskAttempt ID:217,Partition Id:4,Stage Id:24
16/11/08 12:32:28 INFO serializeLogger: [RunnerCompute]EndAt:1478633548338,Parent RDD ID:43,Name:MapPartitionedRDD,TaskAttempt ID:217,Partition Id:4,Stage Id:24
16/11/08 12:32:28 INFO serializeLogger: [writerThread]StartAt:1478633548354,Parent RDD ID:62,Name:UnionRDD,TaskAttempt ID:217,Partition Id:4,Stage Id:24
16/11/08 12:32:28 INFO serializeLogger: [RunnerCompute]EndAt:1478633548407,Parent RDD ID:62,Name:UnionRDD,TaskAttempt ID:217,Partition Id:4,Stage Id:24
16/11/08 12:32:28 INFO serializeLogger: [writerThread]EndAt:1478633548466,Parent RDD ID:62,Name:UnionRDD,TaskAttempt ID:217,Partition Id:4,Stage Id:24
16/11/08 12:32:28 INFO serializeLogger: [writerThread]EndAt:1478633548467,Parent RDD ID:43,Name:MapPartitionedRDD,TaskAttempt ID:217,Partition Id:4,Stage Id:24
16/11/08 12:32:37 INFO serializeLogger: [RunnerCompute]EndAt:1478633557427,Parent RDD ID:43,Name:MapPartitionedRDD,TaskAttempt ID:213,Partition Id:0,Stage Id:24
16/11/08 12:32:37 INFO serializeLogger: [writerThread]StartAt:1478633557429,Parent RDD ID:62,Name:UnionRDD,TaskAttempt ID:213,Partition Id:0,Stage Id:24
16/11/08 12:33:15 INFO serializeLogger: [RunnerCompute]EndAt:1478633595934,Parent RDD ID:62,Name:UnionRDD,TaskAttempt ID:213,Partition Id:0,Stage Id:24
16/11/08 12:33:18 INFO serializeLogger: [writerThread]EndAt:1478633598716,Parent RDD ID:62,Name:UnionRDD,TaskAttempt ID:213,Partition Id:0,Stage Id:24
16/11/08 12:33:18 INFO serializeLogger: [writerThread]EndAt:1478633598716,Parent RDD ID:43,Name:MapPartitionedRDD,TaskAttempt ID:213,Partition Id:0,Stage Id:24
16/11/08 12:35:30 INFO serializeLogger: [CreationPYRE]StartAt:1478633730094,Parent RDD ID:66,Name:MapPartitionedRDD,TaskAttempt ID:219,Partition Id:0,Stage Id:25
16/11/08 12:35:30 INFO serializeLogger: [CreationPYRE]EndAt:1478633730094,Parent RDD ID:66,Name:MapPartitionedRDD,TaskAttempt ID:219,Partition Id:0,Stage Id:25
16/11/08 12:35:30 INFO serializeLogger: [RunnerCompute]StartAt:1478633730095,Parent RDD ID:66,Name:MapPartitionedRDD,TaskAttempt ID:219,Partition Id:0,Stage Id:25
16/11/08 12:35:30 INFO serializeLogger: [writerThread]StartAt:1478633730134,Parent RDD ID:66,Name:MapPartitionedRDD,TaskAttempt ID:219,Partition Id:0,Stage Id:25
16/11/08 12:35:57 INFO serializeLogger: [RunnerCompute]EndAt:1478633757312,Parent RDD ID:66,Name:MapPartitionedRDD,TaskAttempt ID:219,Partition Id:0,Stage Id:25
16/11/08 12:35:57 INFO serializeLogger: [writerThread]EndAt:1478633757315,Parent RDD ID:66,Name:MapPartitionedRDD,TaskAttempt ID:219,Partition Id:0,Stage Id:25
16/11/08 12:36:18 INFO serializeLogger: [CreationPYRE]StartAt:1478633778824,Parent RDD ID:70,Name:UnionRDD,TaskAttempt ID:225,Partition Id:0,Stage Id:32
16/11/08 12:36:18 INFO serializeLogger: [CreationPYRE]EndAt:1478633778824,Parent RDD ID:70,Name:UnionRDD,TaskAttempt ID:225,Partition Id:0,Stage Id:32
16/11/08 12:36:18 INFO serializeLogger: [RunnerCompute]StartAt:1478633778824,Parent RDD ID:70,Name:UnionRDD,TaskAttempt ID:225,Partition Id:0,Stage Id:32
16/11/08 12:36:18 INFO serializeLogger: [CreationPYRE]StartAt:1478633778825,Parent RDD ID:43,Name:MapPartitionedRDD,TaskAttempt ID:225,Partition Id:0,Stage Id:32
16/11/08 12:36:18 INFO serializeLogger: [CreationPYRE]EndAt:1478633778825,Parent RDD ID:43,Name:MapPartitionedRDD,TaskAttempt ID:225,Partition Id:0,Stage Id:32
16/11/08 12:36:18 INFO serializeLogger: [RunnerCompute]StartAt:1478633778825,Parent RDD ID:43,Name:MapPartitionedRDD,TaskAttempt ID:225,Partition Id:0,Stage Id:32
16/11/08 12:36:18 INFO serializeLogger: [CreationPYRE]StartAt:1478633778826,Parent RDD ID:70,Name:UnionRDD,TaskAttempt ID:229,Partition Id:4,Stage Id:32
16/11/08 12:36:18 INFO serializeLogger: [CreationPYRE]EndAt:1478633778826,Parent RDD ID:70,Name:UnionRDD,TaskAttempt ID:229,Partition Id:4,Stage Id:32
16/11/08 12:36:18 INFO serializeLogger: [RunnerCompute]StartAt:1478633778826,Parent RDD ID:70,Name:UnionRDD,TaskAttempt ID:229,Partition Id:4,Stage Id:32
16/11/08 12:36:18 INFO serializeLogger: [CreationPYRE]StartAt:1478633778827,Parent RDD ID:43,Name:MapPartitionedRDD,TaskAttempt ID:229,Partition Id:4,Stage Id:32
16/11/08 12:36:18 INFO serializeLogger: [CreationPYRE]EndAt:1478633778827,Parent RDD ID:43,Name:MapPartitionedRDD,TaskAttempt ID:229,Partition Id:4,Stage Id:32
16/11/08 12:36:18 INFO serializeLogger: [RunnerCompute]StartAt:1478633778827,Parent RDD ID:43,Name:MapPartitionedRDD,TaskAttempt ID:229,Partition Id:4,Stage Id:32
16/11/08 12:36:18 INFO serializeLogger: [writerThread]StartAt:1478633778852,Parent RDD ID:43,Name:MapPartitionedRDD,TaskAttempt ID:229,Partition Id:4,Stage Id:32
16/11/08 12:36:18 INFO serializeLogger: [writerThread]StartAt:1478633778915,Parent RDD ID:43,Name:MapPartitionedRDD,TaskAttempt ID:225,Partition Id:0,Stage Id:32
16/11/08 12:36:46 INFO serializeLogger: [RunnerCompute]EndAt:1478633806949,Parent RDD ID:43,Name:MapPartitionedRDD,TaskAttempt ID:229,Partition Id:4,Stage Id:32
16/11/08 12:36:46 INFO serializeLogger: [writerThread]StartAt:1478633806966,Parent RDD ID:70,Name:UnionRDD,TaskAttempt ID:229,Partition Id:4,Stage Id:32
16/11/08 12:36:47 INFO serializeLogger: [RunnerCompute]EndAt:1478633807031,Parent RDD ID:70,Name:UnionRDD,TaskAttempt ID:229,Partition Id:4,Stage Id:32
16/11/08 12:36:47 INFO serializeLogger: [writerThread]EndAt:1478633807087,Parent RDD ID:70,Name:UnionRDD,TaskAttempt ID:229,Partition Id:4,Stage Id:32
16/11/08 12:36:47 INFO serializeLogger: [writerThread]EndAt:1478633807087,Parent RDD ID:43,Name:MapPartitionedRDD,TaskAttempt ID:229,Partition Id:4,Stage Id:32
16/11/08 12:37:01 INFO serializeLogger: [RunnerCompute]EndAt:1478633821147,Parent RDD ID:43,Name:MapPartitionedRDD,TaskAttempt ID:225,Partition Id:0,Stage Id:32
16/11/08 12:37:01 INFO serializeLogger: [writerThread]StartAt:1478633821148,Parent RDD ID:70,Name:UnionRDD,TaskAttempt ID:225,Partition Id:0,Stage Id:32
16/11/08 12:37:39 INFO serializeLogger: [RunnerCompute]EndAt:1478633859580,Parent RDD ID:70,Name:UnionRDD,TaskAttempt ID:225,Partition Id:0,Stage Id:32
16/11/08 12:37:41 INFO serializeLogger: [writerThread]EndAt:1478633861955,Parent RDD ID:70,Name:UnionRDD,TaskAttempt ID:225,Partition Id:0,Stage Id:32
16/11/08 12:37:41 INFO serializeLogger: [writerThread]EndAt:1478633861956,Parent RDD ID:43,Name:MapPartitionedRDD,TaskAttempt ID:225,Partition Id:0,Stage Id:32
16/11/08 12:39:52 INFO serializeLogger: [CreationPYRE]StartAt:1478633992016,Parent RDD ID:74,Name:MapPartitionedRDD,TaskAttempt ID:231,Partition Id:0,Stage Id:33
16/11/08 12:39:52 INFO serializeLogger: [CreationPYRE]EndAt:1478633992016,Parent RDD ID:74,Name:MapPartitionedRDD,TaskAttempt ID:231,Partition Id:0,Stage Id:33
16/11/08 12:39:52 INFO serializeLogger: [RunnerCompute]StartAt:1478633992016,Parent RDD ID:74,Name:MapPartitionedRDD,TaskAttempt ID:231,Partition Id:0,Stage Id:33
16/11/08 12:39:52 INFO serializeLogger: [writerThread]StartAt:1478633992058,Parent RDD ID:74,Name:MapPartitionedRDD,TaskAttempt ID:231,Partition Id:0,Stage Id:33
16/11/08 12:40:18 INFO serializeLogger: [RunnerCompute]EndAt:1478634018419,Parent RDD ID:74,Name:MapPartitionedRDD,TaskAttempt ID:231,Partition Id:0,Stage Id:33
16/11/08 12:40:18 INFO serializeLogger: [writerThread]EndAt:1478634018421,Parent RDD ID:74,Name:MapPartitionedRDD,TaskAttempt ID:231,Partition Id:0,Stage Id:33
