16/11/08 12:08:27 INFO myLogger: [MapPartitionsRDD]StartAt:12088554085397,TaskAttempt ID:13,Partition Id:4,Stage Id:1
16/11/08 12:08:27 INFO myLogger: [MapPartitionsRDD]StartAt:12088554220973,TaskAttempt ID:17,Partition Id:8,Stage Id:1
16/11/08 12:08:27 INFO myLogger: [MapPartitionsRDD]StartAt:12088554393882,TaskAttempt ID:9,Partition Id:0,Stage Id:1
16/11/08 12:08:28 INFO myLogger: [MapPartitionsRDD]EndAt:12089108596101,TaskAttempt ID:13,Partition Id:4,Stage Id:1
16/11/08 12:08:28 INFO myLogger: [MapPartitionsRDD]EndAt:12089108931481,TaskAttempt ID:9,Partition Id:0,Stage Id:1
16/11/08 12:08:28 INFO myLogger: [MapPartitionsRDD]EndAt:12089109253319,TaskAttempt ID:17,Partition Id:8,Stage Id:1
16/11/08 12:08:54 INFO myLogger: [MapPartitionsRDD]StartAt:12114875878325,TaskAttempt ID:23,Partition Id:5,Stage Id:2
16/11/08 12:08:54 INFO myLogger: [MapPartitionsRDD]StartAt:12114876108169,TaskAttempt ID:19,Partition Id:1,Stage Id:2
16/11/08 12:08:54 INFO myLogger: [MapPartitionsRDD]EndAt:12114889677174,TaskAttempt ID:23,Partition Id:5,Stage Id:2
16/11/08 12:08:54 INFO myLogger: [MapPartitionsRDD]EndAt:12114889852125,TaskAttempt ID:19,Partition Id:1,Stage Id:2
16/11/08 12:09:31 INFO myLogger: [UnionRDD]StartAt:12152388957662,TaskAttempt ID:87,Partition Id:60,Stage Id:3
16/11/08 12:09:31 INFO myLogger: [UnionRDD]StartAt:12152392392010,TaskAttempt ID:35,Partition Id:8,Stage Id:3
16/11/08 12:09:31 INFO myLogger: [UnionRDD]StartAt:12152393522321,TaskAttempt ID:47,Partition Id:20,Stage Id:3
16/11/08 12:09:31 INFO myLogger: [UnionRDD]StartAt:12152399405290,TaskAttempt ID:75,Partition Id:48,Stage Id:3
16/11/08 12:09:31 INFO myLogger: [UnionRDD]StartAt:12152400883921,TaskAttempt ID:71,Partition Id:44,Stage Id:3
16/11/08 12:09:31 INFO myLogger: [UnionRDD]StartAt:12152404986842,TaskAttempt ID:55,Partition Id:28,Stage Id:3
16/11/08 12:09:31 INFO myLogger: [UnionRDD]StartAt:12152405116988,TaskAttempt ID:83,Partition Id:56,Stage Id:3
16/11/08 12:09:31 INFO myLogger: [UnionRDD]StartAt:12152405395707,TaskAttempt ID:79,Partition Id:52,Stage Id:3
16/11/08 12:09:31 INFO myLogger: [UnionRDD]StartAt:12152406182040,TaskAttempt ID:67,Partition Id:40,Stage Id:3
16/11/08 12:09:31 INFO myLogger: [UnionRDD]StartAt:12152407724425,TaskAttempt ID:59,Partition Id:32,Stage Id:3
16/11/08 12:09:31 INFO myLogger: [UnionRDD]StartAt:12152408828524,TaskAttempt ID:31,Partition Id:4,Stage Id:3
16/11/08 12:09:31 INFO myLogger: [UnionRDD]StartAt:12152409488180,TaskAttempt ID:27,Partition Id:0,Stage Id:3
16/11/08 12:09:31 INFO myLogger: [UnionRDD]StartAt:12152410440806,TaskAttempt ID:39,Partition Id:12,Stage Id:3
16/11/08 12:09:31 INFO myLogger: [UnionRDD]StartAt:12152411801337,TaskAttempt ID:43,Partition Id:16,Stage Id:3
16/11/08 12:09:31 INFO myLogger: [ParallelCollectionRDD]StartAt:12152417633147,TaskAttempt ID:87,Partition Id:60,Stage Id:3
16/11/08 12:09:31 INFO myLogger: [ParallelCollectionRDD]StartAt:12152417621836,TaskAttempt ID:71,Partition Id:44,Stage Id:3
16/11/08 12:09:31 INFO myLogger: [UnionRDD]StartAt:12152418590894,TaskAttempt ID:51,Partition Id:24,Stage Id:3
16/11/08 12:09:31 INFO myLogger: [ParallelCollectionRDD]EndAt:12152420156448,TaskAttempt ID:71,Partition Id:44,Stage Id:3
16/11/08 12:09:31 INFO myLogger: [ParallelCollectionRDD]EndAt:12152420239651,TaskAttempt ID:87,Partition Id:60,Stage Id:3
16/11/08 12:09:31 INFO myLogger: [UnionRDD]StartAt:12152421938367,TaskAttempt ID:63,Partition Id:36,Stage Id:3
16/11/08 12:09:31 INFO myLogger: [ParallelCollectionRDD]StartAt:12152422599691,TaskAttempt ID:75,Partition Id:48,Stage Id:3
16/11/08 12:09:31 INFO myLogger: [ParallelCollectionRDD]StartAt:12152424278268,TaskAttempt ID:47,Partition Id:20,Stage Id:3
16/11/08 12:09:31 INFO myLogger: [MapPartitionsRDD]StartAt:12152427073356,TaskAttempt ID:27,Partition Id:0,Stage Id:3
16/11/08 12:09:31 INFO myLogger: [ParallelCollectionRDD]EndAt:12152427653385,TaskAttempt ID:75,Partition Id:48,Stage Id:3
16/11/08 12:09:31 INFO myLogger: [ParallelCollectionRDD]EndAt:12152429565746,TaskAttempt ID:47,Partition Id:20,Stage Id:3
16/11/08 12:09:31 INFO myLogger: [ParallelCollectionRDD]StartAt:12152429844014,TaskAttempt ID:55,Partition Id:28,Stage Id:3
16/11/08 12:09:31 INFO myLogger: [ShuffledRDD]StartAt:12152430577215,TaskAttempt ID:27,Partition Id:0,Stage Id:3
16/11/08 12:09:31 INFO myLogger: [ParallelCollectionRDD]StartAt:12152431307809,TaskAttempt ID:35,Partition Id:8,Stage Id:3
16/11/08 12:09:31 INFO myLogger: [ParallelCollectionRDD]EndAt:12152432221400,TaskAttempt ID:55,Partition Id:28,Stage Id:3
16/11/08 12:09:31 INFO myLogger: [ParallelCollectionRDD]StartAt:12152433004603,TaskAttempt ID:31,Partition Id:4,Stage Id:3
16/11/08 12:09:31 INFO myLogger: [ParallelCollectionRDD]EndAt:12152433956708,TaskAttempt ID:31,Partition Id:4,Stage Id:3
16/11/08 12:09:31 INFO myLogger: [ParallelCollectionRDD]EndAt:12152434635430,TaskAttempt ID:35,Partition Id:8,Stage Id:3
16/11/08 12:09:31 INFO myLogger: [ParallelCollectionRDD]StartAt:12152435605448,TaskAttempt ID:79,Partition Id:52,Stage Id:3
16/11/08 12:09:31 INFO myLogger: [ParallelCollectionRDD]StartAt:12152436091828,TaskAttempt ID:83,Partition Id:56,Stage Id:3
16/11/08 12:09:31 INFO myLogger: [ParallelCollectionRDD]EndAt:12152436267179,TaskAttempt ID:79,Partition Id:52,Stage Id:3
16/11/08 12:09:31 INFO myLogger: [ParallelCollectionRDD]StartAt:12152436536137,TaskAttempt ID:67,Partition Id:40,Stage Id:3
16/11/08 12:09:31 INFO myLogger: [ParallelCollectionRDD]EndAt:12152436893931,TaskAttempt ID:67,Partition Id:40,Stage Id:3
16/11/08 12:09:31 INFO myLogger: [ParallelCollectionRDD]StartAt:12152437235746,TaskAttempt ID:59,Partition Id:32,Stage Id:3
16/11/08 12:09:31 INFO myLogger: [ParallelCollectionRDD]EndAt:12152438867704,TaskAttempt ID:83,Partition Id:56,Stage Id:3
16/11/08 12:09:31 INFO myLogger: [ParallelCollectionRDD]StartAt:12152439690469,TaskAttempt ID:43,Partition Id:16,Stage Id:3
16/11/08 12:09:31 INFO myLogger: [ParallelCollectionRDD]EndAt:12152439924840,TaskAttempt ID:59,Partition Id:32,Stage Id:3
16/11/08 12:09:31 INFO myLogger: [ParallelCollectionRDD]EndAt:12152440283262,TaskAttempt ID:43,Partition Id:16,Stage Id:3
16/11/08 12:09:31 INFO myLogger: [ParallelCollectionRDD]StartAt:12152442153259,TaskAttempt ID:39,Partition Id:12,Stage Id:3
16/11/08 12:09:31 INFO myLogger: [ParallelCollectionRDD]EndAt:12152442558113,TaskAttempt ID:39,Partition Id:12,Stage Id:3
16/11/08 12:09:31 INFO myLogger: [ParallelCollectionRDD]StartAt:12152444549546,TaskAttempt ID:51,Partition Id:24,Stage Id:3
16/11/08 12:09:31 INFO myLogger: [ParallelCollectionRDD]EndAt:12152445022012,TaskAttempt ID:51,Partition Id:24,Stage Id:3
16/11/08 12:09:31 INFO myLogger: [ParallelCollectionRDD]StartAt:12152454410372,TaskAttempt ID:63,Partition Id:36,Stage Id:3
16/11/08 12:09:31 INFO myLogger: [ParallelCollectionRDD]EndAt:12152454657234,TaskAttempt ID:63,Partition Id:36,Stage Id:3
16/11/08 12:09:31 INFO myLogger: [UnionRDD]EndAt:12152564608355,TaskAttempt ID:75,Partition Id:48,Stage Id:3
16/11/08 12:09:31 INFO myLogger: [UnionRDD]EndAt:12152567446733,TaskAttempt ID:55,Partition Id:28,Stage Id:3
16/11/08 12:09:31 INFO myLogger: [UnionRDD]EndAt:12152568325947,TaskAttempt ID:47,Partition Id:20,Stage Id:3
16/11/08 12:09:31 INFO myLogger: [UnionRDD]EndAt:12152588989984,TaskAttempt ID:87,Partition Id:60,Stage Id:3
16/11/08 12:09:31 INFO myLogger: [UnionRDD]EndAt:12152589475558,TaskAttempt ID:71,Partition Id:44,Stage Id:3
16/11/08 12:09:31 INFO myLogger: [UnionRDD]EndAt:12152589706794,TaskAttempt ID:31,Partition Id:4,Stage Id:3
16/11/08 12:09:31 INFO myLogger: [UnionRDD]EndAt:12152611647455,TaskAttempt ID:43,Partition Id:16,Stage Id:3
16/11/08 12:09:32 INFO myLogger: [ShuffledRDD]EndAt:12152754789485,TaskAttempt ID:27,Partition Id:0,Stage Id:3
16/11/08 12:09:32 INFO myLogger: [MapPartitionsRDD]EndAt:12152756625606,TaskAttempt ID:27,Partition Id:0,Stage Id:3
16/11/08 12:09:32 INFO myLogger: [UnionRDD]EndAt:12152827937450,TaskAttempt ID:35,Partition Id:8,Stage Id:3
16/11/08 12:09:32 INFO myLogger: [UnionRDD]EndAt:12152833748507,TaskAttempt ID:39,Partition Id:12,Stage Id:3
16/11/08 12:09:32 INFO myLogger: [UnionRDD]EndAt:12152838532973,TaskAttempt ID:59,Partition Id:32,Stage Id:3
16/11/08 12:09:32 INFO myLogger: [UnionRDD]EndAt:12152839346476,TaskAttempt ID:79,Partition Id:52,Stage Id:3
16/11/08 12:09:32 INFO myLogger: [UnionRDD]EndAt:12152840613766,TaskAttempt ID:51,Partition Id:24,Stage Id:3
16/11/08 12:09:32 INFO myLogger: [UnionRDD]EndAt:12152840789865,TaskAttempt ID:63,Partition Id:36,Stage Id:3
16/11/08 12:09:32 INFO myLogger: [UnionRDD]EndAt:12152843452696,TaskAttempt ID:83,Partition Id:56,Stage Id:3
16/11/08 12:09:32 INFO myLogger: [UnionRDD]EndAt:12152848306479,TaskAttempt ID:67,Partition Id:40,Stage Id:3
16/11/08 12:09:32 INFO myLogger: [UnionRDD]StartAt:12152946346727,TaskAttempt ID:93,Partition Id:66,Stage Id:3
16/11/08 12:09:32 INFO myLogger: [ParallelCollectionRDD]StartAt:12152983411566,TaskAttempt ID:93,Partition Id:66,Stage Id:3
16/11/08 12:09:32 INFO myLogger: [ParallelCollectionRDD]EndAt:12152983698959,TaskAttempt ID:93,Partition Id:66,Stage Id:3
16/11/08 12:09:32 INFO myLogger: [UnionRDD]EndAt:12153021162456,TaskAttempt ID:93,Partition Id:66,Stage Id:3
16/11/08 12:10:17 INFO myLogger: [UnionRDD]EndAt:12197796679906,TaskAttempt ID:27,Partition Id:0,Stage Id:3
16/11/08 12:11:01 INFO myLogger: [UnionRDD]StartAt:12242175442409,TaskAttempt ID:145,Partition Id:52,Stage Id:4
16/11/08 12:11:01 INFO myLogger: [UnionRDD]StartAt:12242175704177,TaskAttempt ID:137,Partition Id:44,Stage Id:4
16/11/08 12:11:01 INFO myLogger: [UnionRDD]StartAt:12242180071269,TaskAttempt ID:153,Partition Id:60,Stage Id:4
16/11/08 12:11:01 INFO myLogger: [UnionRDD]StartAt:12242181108178,TaskAttempt ID:121,Partition Id:28,Stage Id:4
16/11/08 12:11:01 INFO myLogger: [UnionRDD]StartAt:12242186111781,TaskAttempt ID:156,Partition Id:66,Stage Id:4
16/11/08 12:11:01 INFO myLogger: [UnionRDD]StartAt:12242186614096,TaskAttempt ID:141,Partition Id:48,Stage Id:4
16/11/08 12:11:01 INFO myLogger: [UnionRDD]StartAt:12242187301239,TaskAttempt ID:149,Partition Id:56,Stage Id:4
16/11/08 12:11:01 INFO myLogger: [UnionRDD]StartAt:12242189227525,TaskAttempt ID:97,Partition Id:4,Stage Id:4
16/11/08 12:11:01 INFO myLogger: [UnionRDD]StartAt:12242191828405,TaskAttempt ID:133,Partition Id:40,Stage Id:4
16/11/08 12:11:01 INFO myLogger: [UnionRDD]StartAt:12242192755318,TaskAttempt ID:129,Partition Id:36,Stage Id:4
16/11/08 12:11:01 INFO myLogger: [UnionRDD]StartAt:12242194110513,TaskAttempt ID:109,Partition Id:16,Stage Id:4
16/11/08 12:11:01 INFO myLogger: [UnionRDD]StartAt:12242203808464,TaskAttempt ID:105,Partition Id:12,Stage Id:4
16/11/08 12:11:01 INFO myLogger: [UnionRDD]StartAt:12242206518817,TaskAttempt ID:101,Partition Id:8,Stage Id:4
16/11/08 12:11:01 INFO myLogger: [UnionRDD]StartAt:12242208101459,TaskAttempt ID:117,Partition Id:24,Stage Id:4
16/11/08 12:11:01 INFO myLogger: [UnionRDD]StartAt:12242218341736,TaskAttempt ID:125,Partition Id:32,Stage Id:4
16/11/08 12:11:01 INFO myLogger: [UnionRDD]StartAt:12242228114203,TaskAttempt ID:113,Partition Id:20,Stage Id:4
16/11/08 12:11:01 INFO myLogger: [UnionRDD]EndAt:12242238114810,TaskAttempt ID:101,Partition Id:8,Stage Id:4
16/11/08 12:11:01 INFO myLogger: [UnionRDD]EndAt:12242239919013,TaskAttempt ID:149,Partition Id:56,Stage Id:4
16/11/08 12:11:01 INFO myLogger: [UnionRDD]EndAt:12242258065411,TaskAttempt ID:109,Partition Id:16,Stage Id:4
16/11/08 12:11:01 INFO myLogger: [UnionRDD]EndAt:12242258436064,TaskAttempt ID:121,Partition Id:28,Stage Id:4
16/11/08 12:11:01 INFO myLogger: [UnionRDD]EndAt:12242260981315,TaskAttempt ID:141,Partition Id:48,Stage Id:4
16/11/08 12:11:01 INFO myLogger: [UnionRDD]EndAt:12242262959420,TaskAttempt ID:105,Partition Id:12,Stage Id:4
16/11/08 12:11:01 INFO myLogger: [UnionRDD]EndAt:12242265435367,TaskAttempt ID:129,Partition Id:36,Stage Id:4
16/11/08 12:11:01 INFO myLogger: [UnionRDD]EndAt:12242273918228,TaskAttempt ID:145,Partition Id:52,Stage Id:4
16/11/08 12:11:01 INFO myLogger: [UnionRDD]EndAt:12242274696009,TaskAttempt ID:153,Partition Id:60,Stage Id:4
16/11/08 12:11:01 INFO myLogger: [UnionRDD]EndAt:12242275579900,TaskAttempt ID:137,Partition Id:44,Stage Id:4
16/11/08 12:11:01 INFO myLogger: [UnionRDD]EndAt:12242299672251,TaskAttempt ID:156,Partition Id:66,Stage Id:4
16/11/08 12:11:01 INFO myLogger: [UnionRDD]EndAt:12242300583033,TaskAttempt ID:97,Partition Id:4,Stage Id:4
16/11/08 12:11:01 INFO myLogger: [UnionRDD]EndAt:12242314291292,TaskAttempt ID:117,Partition Id:24,Stage Id:4
16/11/08 12:11:01 INFO myLogger: [UnionRDD]EndAt:12242315445354,TaskAttempt ID:113,Partition Id:20,Stage Id:4
16/11/08 12:11:01 INFO myLogger: [UnionRDD]EndAt:12242353524995,TaskAttempt ID:133,Partition Id:40,Stage Id:4
16/11/08 12:11:01 INFO myLogger: [UnionRDD]EndAt:12242371079048,TaskAttempt ID:125,Partition Id:32,Stage Id:4
16/11/08 12:11:01 INFO myLogger: [UnionRDD]StartAt:12242411287727,TaskAttempt ID:161,Partition Id:0,Stage Id:4
16/11/08 12:11:01 INFO myLogger: [MapPartitionsRDD]StartAt:12242412396120,TaskAttempt ID:161,Partition Id:0,Stage Id:4
16/11/08 12:11:01 INFO myLogger: [ShuffledRDD]StartAt:12242422717866,TaskAttempt ID:161,Partition Id:0,Stage Id:4
16/11/08 12:11:01 INFO myLogger: [ShuffledRDD]EndAt:12242477861195,TaskAttempt ID:161,Partition Id:0,Stage Id:4
16/11/08 12:11:01 INFO myLogger: [MapPartitionsRDD]EndAt:12242478390576,TaskAttempt ID:161,Partition Id:0,Stage Id:4
16/11/08 12:11:40 INFO myLogger: [UnionRDD]EndAt:12280790393981,TaskAttempt ID:161,Partition Id:0,Stage Id:4
16/11/08 12:12:25 INFO myLogger: [UnionRDD]StartAt:12326300416638,TaskAttempt ID:165,Partition Id:0,Stage Id:5
16/11/08 12:12:25 INFO myLogger: [MapPartitionsRDD]StartAt:12326301183743,TaskAttempt ID:165,Partition Id:0,Stage Id:5
16/11/08 12:12:25 INFO myLogger: [ShuffledRDD]StartAt:12326301451495,TaskAttempt ID:165,Partition Id:0,Stage Id:5
16/11/08 12:12:25 INFO myLogger: [UnionRDD]StartAt:12326304194653,TaskAttempt ID:169,Partition Id:4,Stage Id:5
16/11/08 12:12:25 INFO myLogger: [MapPartitionsRDD]StartAt:12326305635136,TaskAttempt ID:169,Partition Id:4,Stage Id:5
16/11/08 12:12:25 INFO myLogger: [ShuffledRDD]StartAt:12326306087174,TaskAttempt ID:169,Partition Id:4,Stage Id:5
16/11/08 12:12:25 INFO myLogger: [ShuffledRDD]EndAt:12326339437459,TaskAttempt ID:165,Partition Id:0,Stage Id:5
16/11/08 12:12:25 INFO myLogger: [MapPartitionsRDD]EndAt:12326339885551,TaskAttempt ID:165,Partition Id:0,Stage Id:5
16/11/08 12:12:25 INFO myLogger: [ShuffledRDD]EndAt:12326393995960,TaskAttempt ID:169,Partition Id:4,Stage Id:5
16/11/08 12:12:25 INFO myLogger: [MapPartitionsRDD]EndAt:12326394580893,TaskAttempt ID:169,Partition Id:4,Stage Id:5
16/11/08 12:15:08 INFO myLogger: [UnionRDD]EndAt:12489481936723,TaskAttempt ID:169,Partition Id:4,Stage Id:5
16/11/08 12:15:27 INFO myLogger: [UnionRDD]EndAt:12508402248673,TaskAttempt ID:165,Partition Id:0,Stage Id:5
16/11/08 12:16:12 INFO myLogger: [UnionRDD]StartAt:12553364865402,TaskAttempt ID:172,Partition Id:0,Stage Id:6
16/11/08 12:16:12 INFO myLogger: [MapPartitionsRDD]StartAt:12553365617723,TaskAttempt ID:172,Partition Id:0,Stage Id:6
16/11/08 12:16:12 INFO myLogger: [ShuffledRDD]StartAt:12553365863591,TaskAttempt ID:172,Partition Id:0,Stage Id:6
16/11/08 12:16:12 INFO myLogger: [UnionRDD]StartAt:12553368568385,TaskAttempt ID:176,Partition Id:4,Stage Id:6
16/11/08 12:16:12 INFO myLogger: [MapPartitionsRDD]StartAt:12553369791165,TaskAttempt ID:176,Partition Id:4,Stage Id:6
16/11/08 12:16:12 INFO myLogger: [ShuffledRDD]StartAt:12553370329625,TaskAttempt ID:176,Partition Id:4,Stage Id:6
16/11/08 12:16:12 INFO myLogger: [ShuffledRDD]EndAt:12553401683225,TaskAttempt ID:172,Partition Id:0,Stage Id:6
16/11/08 12:16:12 INFO myLogger: [MapPartitionsRDD]EndAt:12553402313542,TaskAttempt ID:172,Partition Id:0,Stage Id:6
16/11/08 12:16:12 INFO myLogger: [ShuffledRDD]EndAt:12553404918618,TaskAttempt ID:176,Partition Id:4,Stage Id:6
16/11/08 12:16:12 INFO myLogger: [MapPartitionsRDD]EndAt:12553406195241,TaskAttempt ID:176,Partition Id:4,Stage Id:6
16/11/08 12:16:48 INFO myLogger: [UnionRDD]EndAt:12589238941712,TaskAttempt ID:176,Partition Id:4,Stage Id:6
16/11/08 12:17:00 INFO myLogger: [UnionRDD]EndAt:12601195665276,TaskAttempt ID:172,Partition Id:0,Stage Id:6
16/11/08 12:19:43 INFO myLogger: [UnionRDD]StartAt:12764524525058,TaskAttempt ID:180,Partition Id:0,Stage Id:7
16/11/08 12:19:43 INFO myLogger: [MapPartitionsRDD]StartAt:12764525219502,TaskAttempt ID:180,Partition Id:0,Stage Id:7
16/11/08 12:19:43 INFO myLogger: [ShuffledRDD]StartAt:12764525492841,TaskAttempt ID:180,Partition Id:0,Stage Id:7
16/11/08 12:19:43 INFO myLogger: [UnionRDD]StartAt:12764528165275,TaskAttempt ID:184,Partition Id:4,Stage Id:7
16/11/08 12:19:43 INFO myLogger: [MapPartitionsRDD]StartAt:12764529517979,TaskAttempt ID:184,Partition Id:4,Stage Id:7
16/11/08 12:19:43 INFO myLogger: [ShuffledRDD]StartAt:12764529999146,TaskAttempt ID:184,Partition Id:4,Stage Id:7
16/11/08 12:19:43 INFO myLogger: [ShuffledRDD]EndAt:12764558191595,TaskAttempt ID:180,Partition Id:0,Stage Id:7
16/11/08 12:19:43 INFO myLogger: [MapPartitionsRDD]EndAt:12764558975366,TaskAttempt ID:180,Partition Id:0,Stage Id:7
16/11/08 12:19:43 INFO myLogger: [ShuffledRDD]EndAt:12764562773169,TaskAttempt ID:184,Partition Id:4,Stage Id:7
16/11/08 12:19:43 INFO myLogger: [MapPartitionsRDD]EndAt:12764563472103,TaskAttempt ID:184,Partition Id:4,Stage Id:7
16/11/08 12:20:15 INFO myLogger: [UnionRDD]EndAt:12795919251311,TaskAttempt ID:184,Partition Id:4,Stage Id:7
16/11/08 12:20:27 INFO myLogger: [UnionRDD]EndAt:12807754604653,TaskAttempt ID:180,Partition Id:0,Stage Id:7
16/11/08 12:23:21 INFO myLogger: [UnionRDD]StartAt:12981806620445,TaskAttempt ID:189,Partition Id:0,Stage Id:8
16/11/08 12:23:21 INFO myLogger: [MapPartitionsRDD]StartAt:12981807309141,TaskAttempt ID:189,Partition Id:0,Stage Id:8
16/11/08 12:23:21 INFO myLogger: [ShuffledRDD]StartAt:12981807545922,TaskAttempt ID:189,Partition Id:0,Stage Id:8
16/11/08 12:23:21 INFO myLogger: [UnionRDD]StartAt:12981810325885,TaskAttempt ID:193,Partition Id:4,Stage Id:8
16/11/08 12:23:21 INFO myLogger: [MapPartitionsRDD]StartAt:12981811448573,TaskAttempt ID:193,Partition Id:4,Stage Id:8
16/11/08 12:23:21 INFO myLogger: [ShuffledRDD]StartAt:12981811821357,TaskAttempt ID:193,Partition Id:4,Stage Id:8
16/11/08 12:23:21 INFO myLogger: [ShuffledRDD]EndAt:12981835320459,TaskAttempt ID:193,Partition Id:4,Stage Id:8
16/11/08 12:23:21 INFO myLogger: [MapPartitionsRDD]EndAt:12981835659004,TaskAttempt ID:193,Partition Id:4,Stage Id:8
16/11/08 12:23:21 INFO myLogger: [ShuffledRDD]EndAt:12981838359954,TaskAttempt ID:189,Partition Id:0,Stage Id:8
16/11/08 12:23:21 INFO myLogger: [MapPartitionsRDD]EndAt:12981838939135,TaskAttempt ID:189,Partition Id:0,Stage Id:8
16/11/08 12:23:48 INFO myLogger: [UnionRDD]EndAt:13008940304767,TaskAttempt ID:193,Partition Id:4,Stage Id:8
16/11/08 12:24:00 INFO myLogger: [UnionRDD]EndAt:13021590068741,TaskAttempt ID:189,Partition Id:0,Stage Id:8
16/11/08 12:26:48 INFO myLogger: [MapPartitionsRDD]StartAt:13189059531360,TaskAttempt ID:196,Partition Id:0,Stage Id:9
16/11/08 12:26:48 INFO myLogger: [ShuffledRDD]StartAt:13189059819356,TaskAttempt ID:196,Partition Id:0,Stage Id:9
16/11/08 12:26:48 INFO myLogger: [ShuffledRDD]EndAt:13189085998445,TaskAttempt ID:196,Partition Id:0,Stage Id:9
16/11/08 12:26:48 INFO myLogger: [MapPartitionsRDD]EndAt:13189086596617,TaskAttempt ID:196,Partition Id:0,Stage Id:9
16/11/08 12:27:45 INFO myLogger: [UnionRDD]StartAt:13245798137739,TaskAttempt ID:201,Partition Id:0,Stage Id:16
16/11/08 12:27:45 INFO myLogger: [MapPartitionsRDD]StartAt:13245799365110,TaskAttempt ID:201,Partition Id:0,Stage Id:16
16/11/08 12:27:45 INFO myLogger: [ShuffledRDD]StartAt:13245799859291,TaskAttempt ID:201,Partition Id:0,Stage Id:16
16/11/08 12:27:45 INFO myLogger: [UnionRDD]StartAt:13245800775834,TaskAttempt ID:205,Partition Id:4,Stage Id:16
16/11/08 12:27:45 INFO myLogger: [MapPartitionsRDD]StartAt:13245801792446,TaskAttempt ID:205,Partition Id:4,Stage Id:16
16/11/08 12:27:45 INFO myLogger: [ShuffledRDD]StartAt:13245802139719,TaskAttempt ID:205,Partition Id:4,Stage Id:16
16/11/08 12:27:45 INFO myLogger: [ShuffledRDD]EndAt:13245830178405,TaskAttempt ID:201,Partition Id:0,Stage Id:16
16/11/08 12:27:45 INFO myLogger: [MapPartitionsRDD]EndAt:13245830718087,TaskAttempt ID:201,Partition Id:0,Stage Id:16
16/11/08 12:27:45 INFO myLogger: [ShuffledRDD]EndAt:13245830810954,TaskAttempt ID:205,Partition Id:4,Stage Id:16
16/11/08 12:27:45 INFO myLogger: [MapPartitionsRDD]EndAt:13245831349404,TaskAttempt ID:205,Partition Id:4,Stage Id:16
16/11/08 12:28:15 INFO myLogger: [UnionRDD]EndAt:13276569704744,TaskAttempt ID:205,Partition Id:4,Stage Id:16
16/11/08 12:28:25 INFO myLogger: [UnionRDD]EndAt:13286151485306,TaskAttempt ID:201,Partition Id:0,Stage Id:16
16/11/08 12:31:11 INFO myLogger: [MapPartitionsRDD]StartAt:13452292103911,TaskAttempt ID:210,Partition Id:0,Stage Id:17
16/11/08 12:31:11 INFO myLogger: [ShuffledRDD]StartAt:13452292445477,TaskAttempt ID:210,Partition Id:0,Stage Id:17
16/11/08 12:31:11 INFO myLogger: [ShuffledRDD]EndAt:13452318408586,TaskAttempt ID:210,Partition Id:0,Stage Id:17
16/11/08 12:31:11 INFO myLogger: [MapPartitionsRDD]EndAt:13452318921331,TaskAttempt ID:210,Partition Id:0,Stage Id:17
16/11/08 12:31:59 INFO myLogger: [UnionRDD]StartAt:13500459785378,TaskAttempt ID:213,Partition Id:0,Stage Id:24
16/11/08 12:31:59 INFO myLogger: [MapPartitionsRDD]StartAt:13500460385095,TaskAttempt ID:213,Partition Id:0,Stage Id:24
16/11/08 12:31:59 INFO myLogger: [ShuffledRDD]StartAt:13500460588520,TaskAttempt ID:213,Partition Id:0,Stage Id:24
16/11/08 12:31:59 INFO myLogger: [UnionRDD]StartAt:13500463872300,TaskAttempt ID:217,Partition Id:4,Stage Id:24
16/11/08 12:31:59 INFO myLogger: [MapPartitionsRDD]StartAt:13500464986024,TaskAttempt ID:217,Partition Id:4,Stage Id:24
16/11/08 12:31:59 INFO myLogger: [ShuffledRDD]StartAt:13500465386312,TaskAttempt ID:217,Partition Id:4,Stage Id:24
16/11/08 12:31:59 INFO myLogger: [ShuffledRDD]EndAt:13500480464087,TaskAttempt ID:213,Partition Id:0,Stage Id:24
16/11/08 12:31:59 INFO myLogger: [MapPartitionsRDD]EndAt:13500481101510,TaskAttempt ID:213,Partition Id:0,Stage Id:24
16/11/08 12:31:59 INFO myLogger: [ShuffledRDD]EndAt:13500483587896,TaskAttempt ID:217,Partition Id:4,Stage Id:24
16/11/08 12:31:59 INFO myLogger: [MapPartitionsRDD]EndAt:13500484781768,TaskAttempt ID:217,Partition Id:4,Stage Id:24
16/11/08 12:32:28 INFO myLogger: [UnionRDD]EndAt:13529084543304,TaskAttempt ID:217,Partition Id:4,Stage Id:24
16/11/08 12:32:37 INFO myLogger: [UnionRDD]EndAt:13538173038383,TaskAttempt ID:213,Partition Id:0,Stage Id:24
16/11/08 12:35:30 INFO myLogger: [MapPartitionsRDD]StartAt:13710840404064,TaskAttempt ID:219,Partition Id:0,Stage Id:25
16/11/08 12:35:30 INFO myLogger: [ShuffledRDD]StartAt:13710840708717,TaskAttempt ID:219,Partition Id:0,Stage Id:25
16/11/08 12:35:30 INFO myLogger: [ShuffledRDD]EndAt:13710861095241,TaskAttempt ID:219,Partition Id:0,Stage Id:25
16/11/08 12:35:30 INFO myLogger: [MapPartitionsRDD]EndAt:13710861674254,TaskAttempt ID:219,Partition Id:0,Stage Id:25
16/11/08 12:36:18 INFO myLogger: [UnionRDD]StartAt:13759569911507,TaskAttempt ID:225,Partition Id:0,Stage Id:32
16/11/08 12:36:18 INFO myLogger: [MapPartitionsRDD]StartAt:13759570871575,TaskAttempt ID:225,Partition Id:0,Stage Id:32
16/11/08 12:36:18 INFO myLogger: [ShuffledRDD]StartAt:13759571280223,TaskAttempt ID:225,Partition Id:0,Stage Id:32
16/11/08 12:36:18 INFO myLogger: [UnionRDD]StartAt:13759572363858,TaskAttempt ID:229,Partition Id:4,Stage Id:32
16/11/08 12:36:18 INFO myLogger: [MapPartitionsRDD]StartAt:13759572889886,TaskAttempt ID:229,Partition Id:4,Stage Id:32
16/11/08 12:36:18 INFO myLogger: [ShuffledRDD]StartAt:13759573060181,TaskAttempt ID:229,Partition Id:4,Stage Id:32
16/11/08 12:36:18 INFO myLogger: [ShuffledRDD]EndAt:13759596055438,TaskAttempt ID:229,Partition Id:4,Stage Id:32
16/11/08 12:36:18 INFO myLogger: [MapPartitionsRDD]EndAt:13759596532951,TaskAttempt ID:229,Partition Id:4,Stage Id:32
16/11/08 12:36:18 INFO myLogger: [ShuffledRDD]EndAt:13759597883481,TaskAttempt ID:225,Partition Id:0,Stage Id:32
16/11/08 12:36:18 INFO myLogger: [MapPartitionsRDD]EndAt:13759598211385,TaskAttempt ID:225,Partition Id:0,Stage Id:32
16/11/08 12:36:46 INFO myLogger: [UnionRDD]EndAt:13787694965100,TaskAttempt ID:229,Partition Id:4,Stage Id:32
16/11/08 12:37:01 INFO myLogger: [UnionRDD]EndAt:13801892859567,TaskAttempt ID:225,Partition Id:0,Stage Id:32
16/11/08 12:39:52 INFO myLogger: [MapPartitionsRDD]StartAt:13972761718666,TaskAttempt ID:231,Partition Id:0,Stage Id:33
16/11/08 12:39:52 INFO myLogger: [ShuffledRDD]StartAt:13972761988709,TaskAttempt ID:231,Partition Id:0,Stage Id:33
16/11/08 12:39:52 INFO myLogger: [ShuffledRDD]EndAt:13972787301615,TaskAttempt ID:231,Partition Id:0,Stage Id:33
16/11/08 12:39:52 INFO myLogger: [MapPartitionsRDD]EndAt:13972787866732,TaskAttempt ID:231,Partition Id:0,Stage Id:33
