16/11/06 15:34:24 INFO myLogger: [MapPartitionsRDD]StartAt:6373144465844,TaskAttempt ID:17,Partition Id:8,Stage Id:1
16/11/06 15:34:24 INFO myLogger: [MapPartitionsRDD]StartAt:6373144698443,TaskAttempt ID:13,Partition Id:4,Stage Id:1
16/11/06 15:34:24 INFO myLogger: [MapPartitionsRDD]StartAt:6373145078365,TaskAttempt ID:9,Partition Id:0,Stage Id:1
16/11/06 15:34:25 INFO myLogger: [MapPartitionsRDD]EndAt:6373703878562,TaskAttempt ID:9,Partition Id:0,Stage Id:1
16/11/06 15:34:50 INFO myLogger: [MapPartitionsRDD]StartAt:6399807140797,TaskAttempt ID:21,Partition Id:3,Stage Id:2
16/11/06 15:34:50 INFO myLogger: [MapPartitionsRDD]StartAt:6399807221987,TaskAttempt ID:25,Partition Id:7,Stage I16/11/06 15:34:50 INFO myLogger: [MapPartitionsRDD]StartAt:6399334072605,TaskAttempt ID:23,Partition Id:5,Stage Id:2
16/11/06 15:34:50 INFO myLogger: [MapPartitionsRDD]StartAt:6399334139045,TaskAttempt ID:19,Partition Id:1,Stage Id:2
16/11/06 15:35:27 INFO myLogger: [UnionRDD]StartAt:6442156391851,TaskAttempt ID:29,Partition Id:2,Stage Id:3
16/11/06 15:35:27 INFO myLogger: [UnionRDD]StartAt:6442156778884,TaskAttempt ID:37,Partition Id:10,Stage Id:3
16/11/06 1516/11/06 15:35:27 INFO myLogger: [UnionRDD]StartAt:6436203589876,TaskAttempt ID:40,Partition Id:13,Stage Id:3
16/11/06 15:35:27 INFO myLogger: [UnionRDD]StartAt:6436204597294,TaskAttempt ID:32,Partition Id:5,Stage Id:3
16/11/06 15:35:27 INFO myLogger: [UnionRDD]StartAt:6436206589853,TaskAttempt ID:36,Partition Id:9,Stage Id:3
16/11/06 15:35:27 INFO myLogger: [MapPartitionsRDD]StartAt:6436207451747,TaskAttempt ID:32,Partition Id:5,Stage Id:3
16/11/06 15:35:27 INFO myLogger: [UnionRDD]StartAt:6436209529077,TaskAttempt ID:28,Partition Id:1,Stage Id:3
16/11/06 15:35:27 INFO myLogger: [ShuffledRDD]StartAt:6436212417795,TaskAttempt ID:32,Partition Id:5,Stage Id:3
16/11/06 15:35:27 INFO myLogger: [MapPartitionsRDD]StartAt:6436212473669,TaskAttempt ID:28,Partition Id:1,Stage Id:3
16/11/06 15:35:27 INFO myLogger: [ShuffledRDD]StartAt:6436213008290,TaskAttempt ID:28,Partition Id:1,Stage Id:3
16/11/06 15:35:27 INFO myLogger: [ParallelCollectionRDD]StartAt:6436229694968,TaskAttempt ID:36,Partition Id:9,Stage Id:3
16/11/06 15:35:27 INFO myLogger: [ParallelCollectionRDD]StartAt:6436229923033,TaskAttempt ID:40,Partition Id:13,Stage Id:3
16/11/06 15:35:27 INFO myLogger: [ParallelCollectionRDD]EndAt:6436230156747,TaskAttempt ID:36,Partition Id:9,Stage Id:3
16/11/06 15:35:27 INFO myLogger: [ParallelCollectionRDD]EndAt:6436230284284,TaskAttempt ID:40,Partition 16/11/06 15:36:07 INFO myLogger: [UnionRDD]StartAt:6476337405178,TaskAttempt ID:54,Partition Id:3,Stage Id:4
16/11/06 15:36:07 INFO myLogger: [UnionRDD]StartAt:6476338005924,TaskAttempt ID:50,Partition Id:15,Stage Id:4
16/11/06 15:36:07 INFO myLogger: [MapPartitionsRDD]StartAt:6476338858500,TaskAttempt ID:54,Partition Id:3,Stage Id:4
16/11/06 15:36:07 INFO myLogger: [ShuffledRDD]StartAt:6476339389776,TaskAttempt ID:54,Partition Id:3,Stage Id:4
16/11/06 15:36:07 INFO myLogger: [UnionRDD]StartAt:6476345205282,TaskAttempt ID:46,Partition Id:11,Stage Id:4
16/11/06 15:36:07 INFO myLogger: [ShuffledRDD]EndAt:6476380080645,TaskAttempt ID:54,Partition Id:3,Stage Id:4
1616/11/06 15:36:07 INFO myLogger: [UnionRDD]StartAt:6481768247070,TaskAttempt ID:51,Partition Id:2,Stage Id:4
16/11/06 15:36:07 INFO myLogger: [MapPartitionsRDD]StartAt:6481769216337,TaskAttempt ID:51,Partition Id:2,Stage Id:4
16/11/06 15:36:07 INFO myLogger: [UnionRDD]StartAt:6475845755933,TaskAttempt ID:52,Partition Id:1,Stage Id:4
16/11/06 15:36:07 INFO myLogger: [MapPartitionsRDD]StartAt:6475846730736,TaskAttempt ID:52,Partition 16/11/06 15:36:46 INFO myLogger: [UnionRDD]StartAt:6515379893783,TaskAttempt ID:64,Partition Id:11,Stage Id:5
16/11/06 15:36:46 INFO myLogger: [UnionRDD]StartAt:6515381015743,TaskAttempt ID:60,Partition Id:3,Stage Id:5
16/11/06 15:36:46 INFO myLogger: [MapPartitionsRDD]StartAt:6515381386698,TaskAttempt ID:64,Partition Id:11,Stage Id:5
16/11/06 15:36:46 INFO myLogger: [ShuffledRDD]StartAt:6515381891836,TaskAttempt ID:64,Partition Id:11,Stage Id:5
16/11/06 15:36:46 INFO myLogger: [MapPartitionsRDD]StartAt:6515382485159,TaskAttempt ID:60,Partition Id:3,Stage Id:5
16/11/06 15:36:46 INFO myLogger: [ShuffledRDD]StartAt:6515382865799,TaskAttempt ID:60,Partition Id:3,Stage Id:5
16/11/06 15:36:46 INFO myLogger: [ShuffledRDD]EndAt:6515416927104,TaskAttempt ID:60,Partition Id:3,Stage Id:5
16/11/06 15:36:46 INFO myLogger: [MapPartitionsRDD]EndAt:6515417582960,TaskAttempt ID:60,Partition Id:3,Stage Id:5
16/11/06 15:36:46 INFO myLogger: [ShuffledRDD]EndAt:6515451541478,TaskAttempt ID:64,Partition Id:11,Stage Id:5
16/11/06 15:36:46 INFO myLogger: [MapPartitionsRDD]EndAt:6515452424167,TaskAttempt ID:64,Partition Id:11,Stage Id:5
16/11/06 15:36:51 INFO myLogger: [UnionRDD]EndAt:6520124846902,TaskAttempt ID:64,Partition Id:11,Stage Id:5
16/11/06 15:37:07 INFO myLogger: [UnionRDD]EndAt:6536154148591,TaskAttempt ID:60,Partition Id:3,Stage Id:5
16/11/06 15:38:22 INFO myLogger: [UnionRDD]StartAt:6611041941453,TaskAttempt ID:76,Partition Id:3,Stage Id:6
16/11/06 15:38:22 INFO myLogger: [MapPartitionsRDD]StartAt:6611042875340,TaskAttempt ID:76,Partition Id:3,Stage Id:6
16/11/06 15:38:22 INFO myLogger: [ShuffledRDD]StartAt:6611043198951,TaskAttempt ID:76,Partition Id:3,Stage Id:6
16/11/06 15:38:22 INFO myLogger: [UnionRDD]StartAt:6611050139058,TaskAttempt ID:80,Partition Id:11,Stage Id:6
16/11/06 15:38:22 INFO myLogger: [MapPartitionsRDD]StartAt:6611052305288,TaskAttempt ID:80,Partition Id:11,Stage Id:6
16/11/06 15:38:22 INFO myLogger: [ShuffledRDD]StartAt:6611052728605,TaskAttempt ID:80,Partition Id:11,Stage Id:6
16/11/06 15:38:22 INFO myLogger: [ShuffledRDD]EndAt:6611079026694,TaskAttempt ID:80,Partition Id:11,Stage Id:6
16/11/06 15:38:22 INFO myLogger: [ShuffledRDD]EndAt:6611079629114,TaskAttempt ID:76,Partition Id:3,Stage Id:6
16/11/06 15:38:22 INFO myLogger: [MapPartitionsRDD]EndAt:6611079788470,TaskAttempt ID:80,Partition Id:11,Stage Id:6
16/11/06 15:38:22 INFO myLogger: [MapPartitionsRDD]EndAt:6611080531203,TaskAttempt ID:76,Partition Id:3,Stage Id:6
16/11/06 15:38:37 INFO myLogger: [UnionRDD]EndAt:6626569549557,TaskAttempt ID:80,Partition Id:11,Stage Id:6
16/11/06 15:38:40 INFO myLogger: [UnionRDD]EndAt:6629908597392,TaskAttempt ID:76,Partition Id:3,Stage Id:6
16/11/06 15:39:56 INFO myLogger: [UnionRDD]StartAt:6705323486482,TaskAttempt ID:92,Partition Id:3,Stage Id:7
16/11/06 15:39:56 INFO myLogger: [MapPartitionsRDD]StartAt:6705324342302,TaskAttempt ID:92,Partition Id:3,Stage Id:7
16/11/06 15:39:56 INFO myLogger: [ShuffledRDD]StartAt:6705324639829,TaskAttempt ID:92,Partition Id:3,Stage Id:7
16/11/06 15:39:56 INFO myLogger: [UnionRDD]StartAt:6705330949395,TaskAttempt ID:96,Partition Id:11,Stage Id:7
16/11/06 15:39:56 INFO myLogger: [MapPartitionsRDD]StartAt:6705332678720,TaskAttempt ID:96,Partition Id:11,Stage Id:7
16/11/06 15:39:56 INFO myLogger: [ShuffledRDD]StartAt:6705332978703,TaskAttempt ID:96,Partition Id:11,Stage Id:7
16/11/06 15:39:56 INFO myLogger: [ShuffledRDD]EndAt:6705355736972,TaskAttempt ID:96,Partition Id:11,Stage Id:7
16/11/06 15:39:56 INFO myLogger: [MapPartitionsRDD]EndAt:6705356381976,TaskAttempt ID:96,Partition Id:11,Stage Id:7
16/11/06 15:39:56 INFO myLogger: [ShuffledRDD]EndAt:6705358138418,TaskAttempt ID:92,Partition Id:3,Stage Id:7
16/11/06 15:39:56 INFO myLogger: [MapPartitionsRDD]EndAt:6705359268082,TaskAttempt ID:92,Partition Id:3,Stage Id:7
16/11/06 15:40:00 INFO myLogger: [UnionRDD]EndAt:6709033259067,TaskAttempt ID:96,Partition Id:11,Stage Id:7
16/11/06 15:40:05 INFO myLogger: [UnionRDD]EndAt:6714396857129,TaskAttempt ID:92,Partition Id:3,Stage Id:7
16/11/06 15:41:30 INFO myLogger: [UnionRDD]StartAt:6799861496550,TaskAttempt ID:110,Partition Id:3,Stage Id:8
16/11/06 15:41:30 INFO myLogger: [MapPartitionsRDD]StartAt:6799862312810,TaskAttempt ID:110,Partition Id:3,Stage Id:8
16/11/06 15:41:30 INFO myLogger: [ShuffledRDD]StartAt:6799862595095,TaskAttempt ID:110,Partition Id:3,Stage Id:8
16/11/06 15:41:30 INFO myLogger: [UnionRDD]StartAt:6799867350180,TaskAttempt ID:114,Partition Id:11,Stage Id:8
16/11/06 15:41:30 INFO myLogger: [MapPartitionsRDD]StartAt:6799869060065,TaskAttempt ID:114,Partition Id:11,Stage Id:8
16/11/06 15:41:30 INFO myLogger: [ShuffledRDD]StartAt:6799869686118,TaskAttempt ID:114,Partition Id:11,Stage Id:8
16/11/06 15:41:30 INFO myLogger: [ShuffledRDD]EndAt:6799895251311,TaskAttempt ID:110,Partition Id:3,Stage Id:8
16/11/06 15:41:30 INFO myLogger: [ShuffledRDD]EndAt:6799895437435,TaskAttempt ID:114,Partition Id:11,Stage Id:8
16/11/06 15:41:30 INFO myLogger: [MapPartitionsRDD]EndAt:6799895908271,TaskAttempt ID:110,Partition Id:3,Stage Id:8
16/11/06 15:41:30 INFO myLogger: [MapPartitionsRDD]EndAt:6799895990128,TaskAttempt ID:114,Partition Id:11,Stage Id:8
16/11/06 15:41:34 INFO myLogger: [UnionRDD]EndAt:6803436373161,TaskAttempt ID:114,Partition Id:11,Stage Id:8
16/11/06 15:41:40 INFO myLogger: [UnionRDD]EndAt:6809187971189,TaskAttempt ID:110,Partition Id:3,Stage Id:8
16/11/06 15:43:08 INFO myLogger: [UnionRDD]StartAt:6897580854819,TaskAttempt ID:124,Partition Id:3,Stage Id:9
16/11/06 15:43:08 INFO myLogger: [MapPartitionsRDD]StartAt:6897581672870,TaskAttempt ID:124,Partition Id:3,Stage Id:9
16/11/06 15:43:08 INFO myLogger: [ShuffledRDD]StartAt:6897581971891,TaskAttempt ID:124,Partition Id:3,Stage Id:9
16/11/06 15:43:08 INFO myLogger: [UnionRDD]StartAt:6897586735630,TaskAttempt ID:128,Partition Id:11,Stage Id:9
16/11/06 15:43:08 INFO myLogger: [MapPartitionsRDD]StartAt:6897588330614,TaskAttempt ID:128,Partition Id:11,Stage Id:9
16/11/06 15:43:08 INFO myLogger: [ShuffledRDD]StartAt:6897588943157,TaskAttempt ID:128,Partition Id:11,Stage Id:9
16/11/06 15:43:08 INFO myLogger: [ShuffledRDD]EndAt:6897606432166,TaskAttempt ID:128,Partition Id:11,Stage Id:9
16/11/06 15:43:08 INFO myLogger: [MapPartitionsRDD]EndAt:6897607039667,TaskAttempt ID:128,Partition Id:11,Stage Id:9
16/11/06 15:43:08 INFO myLogger: [ShuffledRDD]EndAt:6897613976413,TaskAttempt ID:124,Partition Id:3,Stage Id:9
16/11/06 15:43:08 INFO myLogger: [MapPartitionsRDD]EndAt:6897614753179,TaskAttempt ID:124,Partition Id:3,Stage Id:9
16/11/06 15:43:11 INFO myLogger: [UnionRDD]EndAt:6900848839212,TaskAttempt ID:128,Partition Id:11,Stage Id:9
16/11/06 15:43:17 INFO myLogger: [UnionRDD]EndAt:6906729086708,TaskAttempt ID:124,Partition Id:3,Stage Id:9
16/11/06 15:44:43 INFO myLogger: [UnionRDD]StartAt:6992531144767,TaskAttempt ID:140,Partition Id:3,Stage Id:10
16/11/06 15:44:43 INFO myLogger: [MapPartitionsRDD]StartAt:6992532235823,TaskAttempt ID:140,Partition Id:3,Stage Id:10
16/11/06 15:44:43 INFO myLogger: [ShuffledRDD]StartAt:6992532584629,TaskAttempt ID:140,Partition Id:3,Stage Id:10
16/11/06 15:44:43 INFO myLogger: [UnionRDD]StartAt:6992535172106,TaskAttempt ID:144,Partition Id:11,Stage Id:10
16/11/06 15:44:43 INFO myLogger: [MapPartitionsRDD]StartAt:6992537060513,TaskAttempt ID:144,Partition Id:11,Stage Id:10
16/11/06 15:44:43 INFO myLogger: [ShuffledRDD]StartAt:6992537669638,TaskAttempt ID:144,Partition Id:11,Stage Id:10
16/11/06 15:44:43 INFO myLogger: [ShuffledRDD]EndAt:6992567264342,TaskAttempt ID:144,Partition Id:11,Stage Id:10
16/11/06 15:44:43 INFO myLogger: [MapPartitionsRDD]EndAt:6992567971657,TaskAttempt ID:144,Partition Id:11,Stage Id:10
16/11/06 15:44:43 INFO myLogger: [ShuffledRDD]EndAt:6992569775218,TaskAttempt ID:140,Partition Id:3,Stage Id:10
16/11/06 15:44:43 INFO myLogger: [MapPartitionsRDD]EndAt:6992570254742,TaskAttempt ID:140,Partition Id:3,Stage Id:10
16/11/06 15:45:49 INFO myLogger: [UnionRDD]EndAt:7058530267913,TaskAttempt ID:144,Partition Id:11,Stage Id:10
16/11/06 15:46:07 INFO myLogger: [UnionRDD]EndAt:7076753804437,TaskAttempt ID:140,Partition Id:3,Stage Id:10
16/11/06 15:46:27 INFO myLogger: [UnionRDD]StartAt:7096224536016,TaskAttempt ID:155,Partition Id:3,Stage Id:11
16/11/06 15:46:27 INFO myLogger: [MapPartitionsRDD]StartAt:7096225594392,TaskAttempt ID:155,Partition Id:3,Stage Id:11
16/11/06 15:46:27 INFO myLogger: [ShuffledRDD]StartAt:7096225952468,TaskAttempt ID:155,Partition Id:3,Stage Id:11
16/11/06 15:46:27 INFO myLogger: [UnionRDD]StartAt:7096229524059,TaskAttempt ID:159,Partition Id:11,Stage Id:11
16/11/06 15:46:27 INFO myLogger: [MapPartitionsRDD]StartAt:7096231426189,TaskAttempt ID:159,Partition Id:11,Stage Id:11
16/11/06 15:46:27 INFO myLogger: [ShuffledRDD]StartAt:7096232173170,TaskAttempt ID:159,Partition Id:11,Stage Id:11
16/11/06 15:46:27 INFO myLogger: [ShuffledRDD]EndAt:7096255496869,TaskAttempt ID:159,Partition Id:11,Stage Id:11
16/11/06 15:46:27 INFO myLogger: [MapPartitionsRDD]EndAt:7096256229460,TaskAttempt ID:159,Partition Id:11,Stage Id:11
16/11/06 15:46:27 INFO myLogger: [ShuffledRDD]EndAt:7096261485223,TaskAttempt ID:155,Partition Id:3,Stage Id:11
16/11/06 15:46:27 INFO myLogger: [MapPartitionsRDD]EndAt:7096262578525,TaskAttempt ID:155,Partition Id:3,Stage Id:11
16/11/06 15:46:31 INFO myLogger: [UnionRDD]EndAt:7100282751825,TaskAttempt ID:159,Partition Id:11,Stage Id:11
16/11/06 15:46:46 INFO myLogger: [UnionRDD]EndAt:7115398811169,TaskAttempt ID:155,Partition Id:3,Stage Id:11
16/11/06 15:47:54 INFO myLogger: [UnionRDD]StartAt:7183658357095,TaskAttempt ID:171,Partition Id:3,Stage Id:12
16/11/06 15:47:54 INFO myLogger: [MapPartitionsRDD]StartAt:7183659130823,TaskAttempt ID:171,Partition Id:3,Stage Id:12
16/11/06 15:47:54 INFO myLogger: [ShuffledRDD]StartAt:7183659435994,TaskAttempt ID:171,Partition Id:3,Stage Id:12
16/11/06 15:47:54 INFO myLogger: [UnionRDD]StartAt:7183664189378,TaskAttempt ID:175,Partition Id:11,Stage Id:12
16/11/06 15:47:54 INFO myLogger: [MapPartitionsRDD]StartAt:7183665974009,TaskAttempt ID:175,Partition Id:11,Stage Id:12
16/11/06 15:47:54 INFO myLogger: [ShuffledRDD]StartAt:7183666714361,TaskAttempt ID:175,Partition Id:11,Stage Id:12
16/11/06 15:47:54 INFO myLogger: [ShuffledRDD]EndAt:7183694710534,TaskAttempt ID:175,Partition Id:11,Stage Id:12
16/11/06 15:47:54 INFO myLogger: [MapPartitionsRDD]EndAt:7183695516034,TaskAttempt ID:175,Partition Id:11,Stage Id:12
16/11/06 15:47:54 INFO myLogger: [ShuffledRDD]EndAt:7183696935059,TaskAttempt ID:171,Partition Id:3,Stage Id:12
16/11/06 15:47:54 INFO myLogger: [MapPartitionsRDD]EndAt:7183697491283,TaskAttempt ID:171,Partition Id:3,Stage Id:12
16/11/06 15:47:58 INFO myLogger: [UnionRDD]EndAt:7188007930812,TaskAttempt ID:175,Partition Id:11,Stage Id:12
16/11/06 15:48:15 INFO myLogger: [UnionRDD]EndAt:7204829985011,TaskAttempt ID:171,Partition Id:3,Stage Id:12
16/11/06 15:49:28 INFO myLogger: [MapPartitionsRDD]StartAt:7277601809118,TaskAttempt ID:188,Partition Id:3,Stage Id:13
16/11/06 15:49:28 INFO myLogger: [ShuffledRDD]StartAt:7277602183407,TaskAttempt ID:188,Partition Id:3,Stage Id:13
16/11/06 15:49:28 INFO myLogger: [ShuffledRDD]EndAt:7277642477587,TaskAttempt ID:188,Partition Id:3,Stage Id:13
16/11/06 15:49:28 INFO myLogger: [MapPartitionsRDD]EndAt:7277643224712,TaskAttempt ID:188,Partition Id:3,Stage Id:13
16/11/06 15:49:53 INFO myLogger: [UnionRDD]StartAt:7302279245603,TaskAttempt ID:198,Partition Id:3,Stage Id:24
16/11/06 15:49:53 INFO myLogger: [MapPartitionsRDD]StartAt:7302280223207,TaskAttempt ID:198,Partition Id:3,Stage Id:24
16/11/06 15:49:53 INFO myLogger: [ShuffledRDD]StartAt:7302280572711,TaskAttempt ID:198,Partition Id:3,Stage Id:24
16/11/06 15:49:53 INFO myLogger: [UnionRDD]StartAt:7302284256548,TaskAttempt ID:202,Partition Id:11,Stage Id:24
16/11/06 15:49:53 INFO myLogger: [MapPartitionsRDD]StartAt:7302285951932,TaskAttempt ID:202,Partition Id:11,Stage Id:24
16/11/06 15:49:53 INFO myLogger: [ShuffledRDD]StartAt:7302286558750,TaskAttempt ID:202,Partition Id:11,Stage Id:24
16/11/06 15:49:53 INFO myLogger: [ShuffledRDD]EndAt:7302310972267,TaskAttempt ID:202,Partition Id:11,Stage Id:24
16/11/06 15:49:53 INFO myLogger: [ShuffledRDD]EndAt:7302311365118,TaskAttempt ID:198,Partition Id:3,Stage Id:24
16/11/06 15:49:53 INFO myLogger: [MapPartitionsRDD]EndAt:7302311816058,TaskAttempt ID:202,Partition Id:11,Stage Id:24
16/11/06 15:49:53 INFO myLogger: [MapPartitionsRDD]EndAt:7302312814074,TaskAttempt ID:198,Partition Id:3,Stage Id:24
16/11/06 15:50:07 INFO myLogger: [UnionRDD]EndAt:7316828649648,TaskAttempt ID:202,Partition Id:11,Stage Id:24
16/11/06 15:50:12 INFO myLogger: [UnionRDD]EndAt:7321907950212,TaskAttempt ID:198,Partition Id:3,Stage Id:24
16/11/06 15:51:12 INFO myLogger: [MapPartitionsRDD]StartAt:7381499533043,TaskAttempt ID:214,Partition Id:3,Stage Id:25
16/11/06 15:51:12 INFO myLogger: [ShuffledRDD]StartAt:7381499871907,TaskAttempt ID:214,Partition Id:3,Stage Id:25
16/11/06 15:51:12 INFO myLogger: [ShuffledRDD]EndAt:7381525263417,TaskAttempt ID:214,Partition Id:3,Stage Id:25
16/11/06 15:51:12 INFO myLogger: [MapPartitionsRDD]EndAt:7381526456444,TaskAttempt ID:214,Partition Id:3,Stage Id:25
16/11/06 15:51:37 INFO myLogger: [UnionRDD]StartAt:7406497660072,TaskAttempt ID:222,Partition Id:3,Stage Id:36
16/11/06 15:51:37 INFO myLogger: [UnionRDD]StartAt:7406497728731,TaskAttempt ID:226,Partition Id:11,Stage Id:36
16/11/06 15:51:37 INFO myLogger: [MapPartitionsRDD]StartAt:7406498825564,TaskAttempt ID:222,Partition Id:3,Stage Id:36
16/11/06 15:51:37 INFO myLogger: [MapPartitionsRDD]StartAt:7406498893464,TaskAttempt ID:226,Partition Id:11,Stage Id:36
16/11/06 15:51:37 INFO myLogger: [ShuffledRDD]StartAt:7406499205824,TaskAttempt ID:222,Partition Id:3,Stage Id:36
16/11/06 15:51:37 INFO myLogger: [ShuffledRDD]StartAt:7406499271724,TaskAttempt ID:226,Partition Id:11,Stage Id:36
16/11/06 15:51:37 INFO myLogger: [ShuffledRDD]EndAt:7406519509553,TaskAttempt ID:222,Partition Id:3,Stage Id:36
16/11/06 15:51:37 INFO myLogger: [MapPartitionsRDD]EndAt:7406519975612,TaskAttempt ID:222,Partition Id:3,Stage Id:36
16/11/06 15:51:37 INFO myLogger: [ShuffledRDD]EndAt:7406520232617,TaskAttempt ID:226,Partition Id:11,Stage Id:36
16/11/06 15:51:37 INFO myLogger: [MapPartitionsRDD]EndAt:7406520770757,TaskAttempt ID:226,Partition Id:11,Stage Id:36
16/11/06 15:51:47 INFO myLogger: [UnionRDD]EndAt:7416339564269,TaskAttempt ID:222,Partition Id:3,Stage Id:36
16/11/06 15:51:51 INFO myLogger: [UnionRDD]EndAt:7420601251149,TaskAttempt ID:226,Partition Id:11,Stage Id:36
16/11/06 15:52:57 INFO myLogger: [MapPartitionsRDD]StartAt:7486149809679,TaskAttempt ID:235,Partition Id:3,Stage Id:37
16/11/06 15:52:57 INFO myLogger: [ShuffledRDD]StartAt:7486150273456,TaskAttempt ID:235,Partition Id:3,Stage Id:37
16/11/06 15:52:57 INFO myLogger: [ShuffledRDD]EndAt:7486175244958,TaskAttempt ID:235,Partition Id:3,Stage Id:37
16/11/06 15:52:57 INFO myLogger: [MapPartitionsRDD]EndAt:7486175824116,TaskAttempt ID:235,Partition Id:3,Stage Id:37
16/11/06 15:53:20 INFO myLogger: [UnionRDD]StartAt:7509405859468,TaskAttempt ID:244,Partition Id:3,Stage Id:48
16/11/06 15:53:20 INFO myLogger: [MapPartitionsRDD]StartAt:7509406664257,TaskAttempt ID:244,Partition Id:3,Stage Id:48
16/11/06 15:53:20 INFO myLogger: [ShuffledRDD]StartAt:7509406966160,TaskAttempt ID:244,Partition Id:3,Stage Id:48
16/11/06 15:53:20 INFO myLogger: [UnionRDD]StartAt:7509412303286,TaskAttempt ID:248,Partition Id:11,Stage Id:48
16/11/06 15:53:20 INFO myLogger: [MapPartitionsRDD]StartAt:7509413224778,TaskAttempt ID:248,Partition Id:11,Stage Id:48
16/11/06 15:53:20 INFO myLogger: [ShuffledRDD]StartAt:7509413691166,TaskAttempt ID:248,Partition Id:11,Stage Id:48
16/11/06 15:53:20 INFO myLogger: [ShuffledRDD]EndAt:7509425077359,TaskAttempt ID:244,Partition Id:3,Stage Id:48
16/11/06 15:53:20 INFO myLogger: [ShuffledRDD]EndAt:7509425318053,TaskAttempt ID:248,Partition Id:11,Stage Id:48
16/11/06 15:53:20 INFO myLogger: [MapPartitionsRDD]EndAt:7509425649072,TaskAttempt ID:244,Partition Id:3,Stage Id:48
16/11/06 15:53:20 INFO myLogger: [MapPartitionsRDD]EndAt:7509426394788,TaskAttempt ID:248,Partition Id:11,Stage Id:48
16/11/06 15:53:30 INFO myLogger: [UnionRDD]EndAt:7519248352585,TaskAttempt ID:244,Partition Id:3,Stage Id:48
16/11/06 15:53:34 INFO myLogger: [UnionRDD]EndAt:7523480654460,TaskAttempt ID:248,Partition Id:11,Stage Id:48
16/11/06 15:54:54 INFO myLogger: [MapPartitionsRDD]StartAt:7603378061149,TaskAttempt ID:261,Partition Id:3,Stage Id:49
16/11/06 15:54:54 INFO myLogger: [ShuffledRDD]StartAt:7603378675546,TaskAttempt ID:261,Partition Id:3,Stage Id:49
16/11/06 15:54:54 INFO myLogger: [ShuffledRDD]EndAt:7603400945327,TaskAttempt ID:261,Partition Id:3,Stage Id:49
16/11/06 15:54:54 INFO myLogger: [MapPartitionsRDD]EndAt:7603401364316,TaskAttempt ID:261,Partition Id:3,Stage Id:49
16/11/06 15:55:17 INFO myLogger: [UnionRDD]StartAt:7626363971131,TaskAttempt ID:268,Partition Id:3,Stage Id:60
16/11/06 15:55:17 INFO myLogger: [MapPartitionsRDD]StartAt:7626364794508,TaskAttempt ID:268,Partition Id:3,Stage Id:60
16/11/06 15:55:17 INFO myLogger: [ShuffledRDD]StartAt:7626365061331,TaskAttempt ID:268,Partition Id:3,Stage Id:60
16/11/06 15:55:17 INFO myLogger: [UnionRDD]StartAt:7626370340942,TaskAttempt ID:272,Partition Id:11,Stage Id:60
16/11/06 15:55:17 INFO myLogger: [MapPartitionsRDD]StartAt:7626371919907,TaskAttempt ID:272,Partition Id:11,Stage Id:60
16/11/06 15:55:17 INFO myLogger: [ShuffledRDD]StartAt:7626372397508,TaskAttempt ID:272,Partition Id:11,Stage Id:60
16/11/06 15:55:17 INFO myLogger: [ShuffledRDD]EndAt:7626380276032,TaskAttempt ID:268,Partition Id:3,Stage Id:60
16/11/06 15:55:17 INFO myLogger: [MapPartitionsRDD]EndAt:7626380689880,TaskAttempt ID:268,Partition Id:3,Stage Id:60
16/11/06 15:55:17 INFO myLogger: [ShuffledRDD]EndAt:7626381311813,TaskAttempt ID:272,Partition Id:11,Stage Id:60
16/11/06 15:55:17 INFO myLogger: [MapPartitionsRDD]EndAt:7626381806998,TaskAttempt ID:272,Partition Id:11,Stage Id:60
16/11/06 15:55:22 INFO myLogger: [UnionRDD]EndAt:7631792646046,TaskAttempt ID:272,Partition Id:11,Stage Id:60
16/11/06 15:55:28 INFO myLogger: [UnionRDD]EndAt:7637189327742,TaskAttempt ID:268,Partition Id:3,Stage Id:60
16/11/06 15:56:52 INFO myLogger: [MapPartitionsRDD]StartAt:7721753282687,TaskAttempt ID:286,Partition Id:3,Stage Id:61
16/11/06 15:56:52 INFO myLogger: [ShuffledRDD]StartAt:7721753558203,TaskAttempt ID:286,Partition Id:3,Stage Id:61
16/11/06 15:56:52 INFO myLogger: [ShuffledRDD]EndAt:7721770420733,TaskAttempt ID:286,Partition Id:3,Stage Id:61
16/11/06 15:56:52 INFO myLogger: [MapPartitionsRDD]EndAt:7721770843323,TaskAttempt ID:286,Partition Id:3,Stage Id:61
16/11/06 15:57:16 INFO myLogger: [UnionRDD]StartAt:7745103114539,TaskAttempt ID:294,Partition Id:3,Stage Id:72
16/11/06 15:57:16 INFO myLogger: [MapPartitionsRDD]StartAt:7745103954011,TaskAttempt ID:294,Partition Id:3,Stage Id:72
16/11/06 15:57:16 INFO myLogger: [ShuffledRDD]StartAt:7745104269391,TaskAttempt ID:294,Partition Id:3,Stage Id:72
16/11/06 15:57:16 INFO myLogger: [UnionRDD]StartAt:7745109081345,TaskAttempt ID:298,Partition Id:11,Stage Id:72
16/11/06 15:57:16 INFO myLogger: [MapPartitionsRDD]StartAt:7745110674422,TaskAttempt ID:298,Partition Id:11,Stage Id:72
16/11/06 15:57:16 INFO myLogger: [ShuffledRDD]StartAt:7745111185460,TaskAttempt ID:298,Partition Id:11,Stage Id:72
16/11/06 15:57:16 INFO myLogger: [ShuffledRDD]EndAt:7745120089222,TaskAttempt ID:294,Partition Id:3,Stage Id:72
16/11/06 15:57:16 INFO myLogger: [MapPartitionsRDD]EndAt:7745120701320,TaskAttempt ID:294,Partition Id:3,Stage Id:72
16/11/06 15:57:16 INFO myLogger: [ShuffledRDD]EndAt:7745120921344,TaskAttempt ID:298,Partition Id:11,Stage Id:72
16/11/06 15:57:16 INFO myLogger: [MapPartitionsRDD]EndAt:7745121475772,TaskAttempt ID:298,Partition Id:11,Stage Id:72
16/11/06 15:57:20 INFO myLogger: [UnionRDD]EndAt:7749896809435,TaskAttempt ID:298,Partition Id:11,Stage Id:72
16/11/06 15:57:36 INFO myLogger: [UnionRDD]EndAt:7765750583692,TaskAttempt ID:294,Partition Id:3,Stage Id:72
16/11/06 15:58:48 INFO myLogger: [MapPartitionsRDD]StartAt:7837952971722,TaskAttempt ID:307,Partition Id:3,Stage Id:73
16/11/06 15:58:48 INFO myLogger: [ShuffledRDD]StartAt:7837953296231,TaskAttempt ID:307,Partition Id:3,Stage Id:73
16/11/06 15:58:48 INFO myLogger: [ShuffledRDD]EndAt:7837979203496,TaskAttempt ID:307,Partition Id:3,Stage Id:73
16/11/06 15:58:48 INFO myLogger: [MapPartitionsRDD]EndAt:7837980232671,TaskAttempt ID:307,Partition Id:3,Stage Id:73
16/11/06 15:59:03 INFO myLogger: [UnionRDD]StartAt:7852828247573,TaskAttempt ID:317,Partition Id:3,Stage Id:84
16/11/06 15:59:03 INFO myLogger: [MapPartitionsRDD]StartAt:7852830371942,TaskAttempt ID:317,Partition Id:3,Stage Id:84
16/11/06 15:59:03 INFO myLogger: [UnionRDD]StartAt:7852830575228,TaskAttempt ID:321,Partition Id:11,Stage Id:84
16/11/06 15:59:03 INFO myLogger: [ShuffledRDD]StartAt:7852831076509,TaskAttempt ID:317,Partition Id:3,Stage Id:84
16/11/06 15:59:03 INFO myLogger: [MapPartitionsRDD]StartAt:7852832528024,TaskAttempt ID:321,Partition Id:11,Stage Id:84
16/11/06 15:59:03 INFO myLogger: [ShuffledRDD]StartAt:7852832831727,TaskAttempt ID:321,Partition Id:11,Stage Id:84
16/11/06 15:59:03 INFO myLogger: [ShuffledRDD]EndAt:7852846441865,TaskAttempt ID:317,Partition Id:3,Stage Id:84
16/11/06 15:59:03 INFO myLogger: [MapPartitionsRDD]EndAt:7852846817547,TaskAttempt ID:317,Partition Id:3,Stage Id:84
16/11/06 15:59:03 INFO myLogger: [ShuffledRDD]EndAt:7852892267155,TaskAttempt ID:321,Partition Id:11,Stage Id:84
16/11/06 15:59:03 INFO myLogger: [MapPartitionsRDD]EndAt:7852892926285,TaskAttempt ID:321,Partition Id:11,Stage Id:84
16/11/06 15:59:08 INFO myLogger: [UnionRDD]EndAt:7857798061207,TaskAttempt ID:321,Partition Id:11,Stage Id:84
16/11/06 15:59:14 INFO myLogger: [UnionRDD]EndAt:7863291112292,TaskAttempt ID:317,Partition Id:3,Stage Id:84
16/11/06 16:00:37 INFO myLogger: [MapPartitionsRDD]StartAt:7946489516830,TaskAttempt ID:334,Partition Id:3,Stage Id:85
16/11/06 16:00:37 INFO myLogger: [ShuffledRDD]StartAt:7946490101258,TaskAttempt ID:334,Partition Id:3,Stage Id:85
16/11/06 16:00:37 INFO myLogger: [ShuffledRDD]EndAt:7946520385374,TaskAttempt ID:334,Partition Id:3,Stage Id:85
16/11/06 16:00:37 INFO myLogger: [MapPartitionsRDD]EndAt:7946521110601,TaskAttempt ID:334,Partition Id:3,Stage Id:85
16/11/06 16:01:00 INFO myLogger: [UnionRDD]StartAt:7969304528777,TaskAttempt ID:342,Partition Id:3,Stage Id:96
16/11/06 16:01:00 INFO myLogger: [MapPartitionsRDD]StartAt:7969305437313,TaskAttempt ID:342,Partition Id:3,Stage Id:96
16/11/06 16:01:00 INFO myLogger: [ShuffledRDD]StartAt:7969305686576,TaskAttempt ID:342,Partition Id:3,Stage Id:96
16/11/06 16:01:00 INFO myLogger: [UnionRDD]StartAt:7969308757457,TaskAttempt ID:346,Partition Id:11,Stage Id:96
16/11/06 16:01:00 INFO myLogger: [MapPartitionsRDD]StartAt:7969310151995,TaskAttempt ID:346,Partition Id:11,Stage Id:96
16/11/06 16:01:00 INFO myLogger: [ShuffledRDD]StartAt:7969310705359,TaskAttempt ID:346,Partition Id:11,Stage Id:96
16/11/06 16:01:00 INFO myLogger: [ShuffledRDD]EndAt:7969321640085,TaskAttempt ID:342,Partition Id:3,Stage Id:96
16/11/06 16:01:00 INFO myLogger: [MapPartitionsRDD]EndAt:7969322054952,TaskAttempt ID:342,Partition Id:3,Stage Id:96
16/11/06 16:01:00 INFO myLogger: [ShuffledRDD]EndAt:7969322169363,TaskAttempt ID:346,Partition Id:11,Stage Id:96
16/11/06 16:01:00 INFO myLogger: [MapPartitionsRDD]EndAt:7969322577662,TaskAttempt ID:346,Partition Id:11,Stage Id:96
16/11/06 16:01:05 INFO myLogger: [UnionRDD]EndAt:7974724730566,TaskAttempt ID:346,Partition Id:11,Stage Id:96
16/11/06 16:01:20 INFO myLogger: [UnionRDD]EndAt:7989882949098,TaskAttempt ID:342,Partition Id:3,Stage Id:96
16/11/06 16:02:31 INFO myLogger: [MapPartitionsRDD]StartAt:8060693108882,TaskAttempt ID:357,Partition Id:3,Stage Id:97
16/11/06 16:02:31 INFO myLogger: [ShuffledRDD]StartAt:8060693406822,TaskAttempt ID:357,Partition Id:3,Stage Id:97
16/11/06 16:02:31 INFO myLogger: [ShuffledRDD]EndAt:8060719436197,TaskAttempt ID:357,Partition Id:3,Stage Id:97
16/11/06 16:02:31 INFO myLogger: [MapPartitionsRDD]EndAt:8060720149039,TaskAttempt ID:357,Partition Id:3,Stage Id:97
titionsRDD]StartAt:7307872381916/11/06 15:49:53 INFO myLogger: [UnionRDD]StartAt:7301788676295,TaskAttempt ID:197,Partition Id:1,Stage Id:24
16/11/06 15:49:53 INFO myLogger: [MapPartitionsRDD]StartAt:7301789626534,TaskAttempt ID:197,Partition Id:1,Stage Id:24
16/11/06 15:49:53 INFO myLogger: [ShuffledRDD]StartAt:7301789959031,TaskAttempt ID:197,Partition Id:1,Stage Id:24
16/11/06 15:49:53 INFO myLogger: [UnionRDD]StartAt:7301796352989,TaskAttempt ID:208,Partition Id:13,Stage Id:24
16/11/06 15:49:53 INFO myLogger: [UnionRDD]StartAt:7301796949040,TaskAttempt ID:205,Partition Id:9,Stage Id:24
16/11/06 15:49:53 INFO myLogger: [UnionRDD]StartAt:7301797892858,TaskAttempt ID:201,Partition Id:5,Stage Id:24
16/11/06 15:49:53 INFO myLogger: [MapPartitionsRDD]StartAt:7301799587570,TaskAttempt ID:205,Partition Id:9,Stage Id:24
16/11/06 15:49:53 INFO myLogger: [MapPartitionsRDD]StartAt:7301799728485,TaskAttempt ID:208,Partition Id:13,Stage Id:24
16/11/06 15:49:53 INFO myLogger: [ShuffledRDD]StartAt:7301801239477,TaskAttempt ID:205,Partition Id:9,Stage Id:24
16/11/06 15:49:53 INFO myLogger: [ShuffledRDD]StartAt:7301801379453,TaskAttempt ID:208,Partition Id:13,Stage Id:24
16/11/06 15:49:53 INFO myLogger: [MapPartitionsRDD]StartAt:7301801283473,TaskAttempt ID:201,Partition Id:5,Stage Id:24
16/11/06 15:49:53 INFO myLogger: [ShuffledRDD]StartAt:7301801894447,TaskAttempt ID:201,Partition Id:5,Stage Id:24
16/11/06 15:49:53 INFO myLogger: [ShuffledRDD]EndAt:7301813959487,TaskAttempt ID:197,Partition Id:1,Stage Id:24
16/11/06 15:49:53 INFO myLogger: [MapPartitionsRDD]EndAt:7301814405343,TaskAttempt ID:197,Partition Id:1,Stage Id:24
16/11/06 15:49:53 INFO myLogger: [ShuffledRDD]EndAt:7301847052490,TaskAttempt ID:201,Partition Id:5,Stage Id:24
16/11/06 15:49:53 INFO myLogger: [ShuffledRDD]EndAt:7301847424655,TaskAttempt ID:205,Partition Id:9,Stage Id:24
16/11/06 15:49:53 INFO myLogger: [MapPartitionsRDD]EndAt:7301847764272,TaskAttempt ID:201,Partition Id:5,Stage Id:24
16/11/06 15:49:53 INFO myLogger: [MapPartitionsRDD]EndAt:7301848321559,TaskAttempt ID:205,Partition Id:9,Stage Id:24
16/11/06 15:49:53 INFO myLogger: [ShuffledRDD]EndAt:7301996560842,TaskAttempt ID:208,Partition Id:13,Stage Id:24
16/11/06 15:49:53 INFO myLogger: [MapPartitionsRDD]16/11/06 15:50:02 INFO myLogger: [UnionRDD]EndAt:7317288280531,TaskAttempt ID:200,Partition Id:6,Stage Id:24
16/11/06 15:50:06 INFO myLogger: [UnionRDD]EndAt:7320933287064,TaskAttempt ID:204,Partition Id:10,Stage Id:24
16/11/06 15:50:11 INFO myLogger: [UnionRDD]EndAt:7326306790821,Task16/11/06 15:50:53 INFO myLogger: [UnionRDD16/11/06 15:51:12 INFO myLogger: [MapPartitionsRDD]StartAt:7386942142262,TaskAttempt ID:213,Partition Id:2,Stage Id:25
16/11/06 15:51:12 INFO myLogger: [ShuffledRDD]StartAt:7386942532838,TaskAttempt ID:213,Partition Id:2,Stage Id:25
16/11/06 15:51:12 INFO myLogger: [MapPartitionsRDD]StartAt:7386944500395,TaskAttempt ID:217,Partition Id:6,Stage Id:25
16/11/06 15:51:12 INFO myLogger: [ShuffledRDD]StartAt:7386945123116,TaskAttempt ID:217,Partition Id:6,Stage Id:25
16/11/06 15:51:12 INFO myLogger: [ShuffledRDD]EndAt:7386968063263,TaskAttempt ID:213,Partition Id:2,Stage Id:25
16/11/06 15:51:12 INFO myLogger: [MapPartitionsRDD]EndAt:7386969722237,TaskAttempt ID:213,Partition Id:2,Stage Id:25
16/11/06 15:51:12 INFO myLogger: [ShuffledRDD]EndAt:7386976562188,TaskAttempt ID:217,Partition Id:6,Stage Id:25
16/11/06 15:51:12 INFO myLogger: [MapPartitionsRDD]EndAt:7387001721539,TaskAttempt ID:217,Partition Id:6,Stage Id:25
16/11/06 15:51:37 INFO myLogger: [UnionRDD]StartAt:7411948183725,TaskAttempt ID:220,Partition Id:2,Stage Id:36
16/11/06 15:51:37 INFO myLogger: [UnionRDD]StartAt:7411949200915,16/11/06 15:51:37 INFO myLogger: [UnionRDD]StartAt:7405999456307,TaskAttempt ID:221,Partition Id:1,Stage Id:36
16/11/06 15:51:37 INFO myLogger: [MapPartitionsRDD]StartAt:7406000257001,TaskAttempt ID:221,Partition Id:1,Stage Id:36
16/11/06 15:51:37 INFO myLogger: [ShuffledRDD]StartAt:7406000530162,TaskAttempt ID:221,Partition Id:1,Stage Id:36
16/11/06 15:51:37 INFO myLogger: [UnionRDD]StartAt:7406004088138,TaskAttempt ID:232,Partition Id:13,Stage Id:36
16/11/06 15:51:37 INFO myLogger: [MapPartitionsRDD]StartAt:7406007165103,TaskAttempt ID:232,Partition Id:13,Stage Id:36
16/11/06 15:51:37 INFO myLogger: [UnionRDD]StartAt:7406007328800,TaskAttempt ID:229,Partition Id:9,Stage Id:36
16/11/06 15:51:37 INFO myLogger: [UnionRDD]StartAt:7406007525620,TaskAttempt ID:225,Partition Id:5,Stage Id:36
16/11/06 15:51:37 INFO myLogger: [ShuffledRDD]StartAt:7406008378992,TaskAttempt ID:232,Partition Id:13,Stage Id:36
16/11/06 15:51:37 INFO myLogger: [MapPartitionsRDD]StartAt:7406009755430,TaskAttempt ID:229,Partition Id:9,Stage Id:36
16/11/06 15:51:37 INFO myLogger: [ShuffledRDD]StartAt:7406010743129,TaskAttempt ID:229,Partition Id:9,Stage Id:36
16/11/06 15:51:37 INFO myLogger: [MapPartitionsRDD]StartAt:7406010921079,TaskAttempt ID:225,Partition Id:5,Stage Id:36
16/11/06 15:51:37 INFO myLogger: [ShuffledRDD]StartAt:7406011484522,TaskAttempt ID:225,Partition Id:5,Stage Id:36
16/11/06 15:51:37 INFO myLogger: [ShuffledRDD]EndAt:7406024334451,TaskAttempt ID:232,Partition Id:13,Stage Id:36
16/11/06 15:51:37 INFO myLogger: [ShuffledRDD]EndAt:7406024523515,TaskAttempt ID:221,Partition Id:1,Stage Id:36
16/11/06 15:51:37 INFO myLogger: [MapPartitionsRDD]EndAt:7406025170965,TaskAttempt ID:232,Partition Id:13,Stage Id:36
16/11/06 15:51:37 INFO myLogger: [MapPartitionsRDD]EndAt:7406025298349,TaskAttempt ID:221,Partition Id:1,Stage Id:36
16/11/06 15:51:37 INFO myLogger: [ShuffledRDD]EndAt:7406235758977,TaskAttempt ID:225,Partition Id:5,Stage Id:36
16/11/06 15:51:37 INFO myLogger: [MapPartitionsRDD]EndAt:7406236639736,TaskAttempt ID:225,Partition Id:5,Stage Id:36
16/11/06 15:51:37 INFO myLogger: [ShuffledRDD]EndAt:74062316/11/06 15:51:50 INFO myLogger: [UnionRDD]EndAt:7425199558764,TaskAttempt ID:228,Partition Id:10,Stage Id:36
16/11/06 15:51:51 INFO myLogger: [UnionRDD]EndAt:7426140883014,TaskAttempt ID:231,Partition Id:14,Stage Id:36
16/11/06 15:51:56 INFO myLogger: [UnionRDD]EndAt:7430516642084,TaskAttempt ID:224,Partition Id:6,Stage Id:36
16/11/06 15:51:56 INFO myLogger: [UnionRDD]EndAt:74306093929016/11/06 15:52:37 INFO myLogger: [UnionRDD]EndAt16/11/06 15:52:57 INFO myLogger: [MapPartitionsRDD]StartAt:7491597588126,TaskAttempt ID:238,Partition Id:2,Stage Id:37
16/11/06 15:52:57 INFO myLogger: [ShuffledRDD]StartAt:7491597891985,TaskAttempt ID:238,Partition Id:2,Stage Id:37
16/11/06 15:52:57 INFO myLogger: [MapPartitionsRDD]StartAt:7491600056178,TaskAttempt ID:241,Partition Id:6,Stage Id:37
16/11/06 15:52:57 INFO myLogger: [ShuffledRDD]StartAt:7491600598878,TaskAttempt ID:241,Partition Id:6,Stage Id:37
16/11/06 15:52:57 INFO myLogger: [ShuffledRDD]EndAt:7491615899425,TaskAttempt ID:238,Partition Id:2,Stage Id:37
16/11/06 15:52:57 INFO myLogger: [MapPartitionsRDD]EndAt:7491616551181,TaskAttempt ID:238,Partition Id:2,Stage Id:37
16/11/06 15:52:57 INFO myLogger: [ShuffledRDD]EndAt:7491665071153,TaskAttempt ID:241,Partition Id:6,Stage Id:37
16/11/06 15:52:57 INFO myLogger: [MapPartitionsRDD]EndAt:7491666219592,TaskAttempt ID:241,Partition Id:6,Stage Id:37
16/11/06 15:53:20 INFO myLogger: [UnionRDD]StartAt:7514859210601,TaskAttempt ID:246,Partition Id:2,Stage Id:48
16/11/06 15:53:20 INFO myLogger: [MapPartitionsRDD]StartAt:16/11/06 15:53:20 INFO myLogger: [UnionRDD]StartAt:7509089343079,TaskAttempt ID:245,Partition Id:1,Stage Id:48
16/11/06 15:53:20 INFO myLogger: [MapPartitionsRDD]StartAt:7509090983633,TaskAttempt ID:245,Partition Id:1,Stage Id:48
16/11/06 15:53:20 INFO myLogger: [ShuffledRDD]StartAt:7509092386262,TaskAttempt ID:245,Partition Id:1,Stage Id:48
16/11/06 15:53:20 INFO myLogger: [UnionRDD]StartAt:7509093835193,TaskAttempt ID:252,Partition Id:9,Stage Id:48
16/11/06 15:53:20 INFO myLogger: [UnionRDD]StartAt:7509094135085,TaskAttempt ID:255,Partition Id:13,Stage Id:48
16/11/06 15:53:20 INFO myLogger: [UnionRDD]StartAt:7509095492874,TaskAttempt ID:249,Partition Id:5,Stage Id:48
16/11/06 15:53:20 INFO myLogger: [MapPartitionsRDD]StartAt:7509096925152,TaskAttempt ID:252,Partition Id:9,Stage Id:48
16/11/06 15:53:20 INFO myLogger: [MapPartitionsRDD]StartAt:7509097018991,TaskAttempt ID:255,Partition Id:13,Stage Id:48
16/11/06 15:53:20 INFO myLogger: [ShuffledRDD]StartAt:7509097681972,TaskAttempt ID:252,Partition Id:9,Stage Id:48
16/11/06 15:53:20 INFO myLogger: [ShuffledRDD]StartAt:7509097769119,TaskAttempt ID:255,Partition Id:13,Stage Id:48
16/11/06 15:53:20 INFO myLogger: [MapPartitionsRDD]StartAt:7509097921632,TaskAttempt ID:249,Partition Id:5,Stage Id:48
16/11/06 15:53:20 INFO myLogger: [ShuffledRDD]StartAt:7509098631192,TaskAttempt ID:249,Partition Id:5,Stage Id:48
16/11/06 15:53:20 INFO myLogger: [ShuffledRDD]EndAt:7509110775872,TaskAttempt ID:245,Partition Id:1,Stage Id:48
16/11/06 15:53:20 INFO myLogger: [MapPartitionsRDD]EndAt:7509111229420,TaskAttempt ID:245,Partition Id:1,Stage Id:48
16/11/06 15:53:20 INFO myLogger: [ShuffledRDD]EndAt:7509115847178,TaskAttempt ID:252,Partition Id:9,Stage Id:48
16/11/06 15:53:20 INFO myLogger: [MapPartitionsRDD]EndAt:7509116315846,TaskAttempt ID:252,Partition Id:9,Stage Id:48
16/11/06 15:53:20 INFO myLogger: [ShuffledRDD]EndAt:7509116467262,TaskAttempt ID:255,Partition Id:13,Stage Id:48
16/11/06 15:53:20 INFO myLogger: [ShuffledRDD]EndAt:7509116550982,TaskAttempt ID:249,Partition Id:5,Stage Id:48
16/11/06 15:53:20 INFO myLogger: [MapPartitionsRDD]EndAt:750911706910316/11/06 15:53:33 INFO myLogger: [UnionRDD]EndAt:7528461575041,TaskAttempt ID:256,Partition Id:14,Stage Id:48
16/11/06 15:53:34 INFO myLogger: [UnionRDD]EndAt:7528619132691,TaskAttempt ID:253,Partition Id:10,Stage Id:48
16/11/06 15:53:38 INFO myLogger: [UnionRDD]EndAt:7533021217583,TaskAttempt ID:250,Partition Id:6,Stage Id:48
16/11/06 15:53:39 INFO myLogger: [UnionRDD]EndAt:75340616/11/06 15:54:28 INFO myLogger: [UnionRDD]EndAt:7577216/11/06 15:54:54 INFO myLogger: [MapPartitionsRDD]StartAt:7608814757111,TaskAttempt ID:259,Partition Id:2,Stage Id:49
16/11/06 15:54:54 INFO myLogger: [ShuffledRDD]StartAt:7608815072380,TaskAttempt ID:259,Partition Id:2,Stage Id:49
16/11/06 15:54:54 INFO myLogger: [MapPartitionsRDD]StartAt:7608816898888,TaskAttempt ID:263,Partition Id:6,Stage Id:49
16/11/06 15:54:54 INFO myLogger: [ShuffledRDD]StartAt:7608817467362,TaskAttempt ID:263,Partition Id:6,Stage Id:49
16/11/06 15:54:54 INFO myLogger: [ShuffledRDD]EndAt:7608844124137,TaskAttempt ID:259,Partition Id:2,Stage Id:49
16/11/06 15:54:54 INFO myLogger: [ShuffledRDD]EndAt:7608844245013,TaskAttempt ID:263,Partition Id:6,Stage Id:49
16/11/06 15:54:54 INFO myLogger: [MapPartitionsRDD]EndAt:7608844918521,TaskAttempt ID:259,Partition Id:2,Stage Id:49
16/11/06 15:54:54 INFO myLogger: [MapPartitionsRDD]EndAt:7608845024537,TaskAttempt ID:263,Partition Id:6,Stage Id:49
16/11/06 15:55:17 INFO myLogger: [UnionRDD]StartAt:7631814969757,TaskAttempt ID:267,Partition Id:2,Stage Id:60
16/11/06 15:55:17 INFO myLogger: [UnionRDD]StartAt:7616/11/06 15:55:17 INFO myLogger: [UnionRDD]StartAt:7625877402741,TaskAttempt ID:269,Partition Id:1,Stage Id:60
16/11/06 15:55:17 INFO myLogger: [MapPartitionsRDD]StartAt:7625878170301,TaskAttempt ID:269,Partition Id:1,Stage Id:60
16/11/06 15:55:17 INFO myLogger: [ShuffledRDD]StartAt:7625878433914,TaskAttempt ID:269,Partition Id:1,Stage Id:60
16/11/06 15:55:17 INFO myLogger: [UnionRDD]StartAt:7625882197102,TaskAttempt ID:279,Partition Id:13,Stage Id:60
16/11/06 15:55:17 INFO myLogger: [UnionRDD]StartAt:7625882547173,TaskAttempt ID:276,Partition Id:9,Stage Id:60
16/11/06 15:55:17 INFO myLogger: [UnionRDD]StartAt:7625884342401,TaskAttempt ID:273,Partition Id:5,Stage Id:60
16/11/06 15:55:17 INFO myLogger: [MapPartitionsRDD]StartAt:7625885122721,TaskAttempt ID:279,Partition Id:13,Stage Id:60
16/11/06 15:55:17 INFO myLogger: [MapPartitionsRDD]StartAt:7625886127350,TaskAttempt ID:276,Partition Id:9,Stage Id:60
16/11/06 15:55:17 INFO myLogger: [ShuffledRDD]StartAt:7625886415359,TaskAttempt ID:279,Partition Id:13,Stage Id:60
16/11/06 15:55:17 INFO myLogger: [ShuffledRDD]StartAt:7625887070781,TaskAttempt ID:276,Partition Id:9,Stage Id:60
16/11/06 15:55:17 INFO myLogger: [MapPartitionsRDD]StartAt:7625887249009,TaskAttempt ID:273,Partition Id:5,Stage Id:60
16/11/06 15:55:17 INFO myLogger: [ShuffledRDD]StartAt:7625887808715,TaskAttempt ID:273,Partition Id:5,Stage Id:60
16/11/06 15:55:17 INFO myLogger: [ShuffledRDD]EndAt:7625893611096,TaskAttempt ID:269,Partition Id:1,Stage Id:60
16/11/06 15:55:17 INFO myLogger: [MapPartitionsRDD]EndAt:7625894067112,TaskAttempt ID:269,Partition Id:1,Stage Id:60
16/11/06 15:55:17 INFO myLogger: [ShuffledRDD]EndAt:7625932437881,TaskAttempt ID:279,Partition Id:13,Stage Id:60
16/11/06 15:55:17 INFO myLogger: [MapPartitionsRDD]EndAt:7625933218889,TaskAttempt ID:279,Partition Id:13,Stage Id:60
16/11/06 15:55:17 INFO myLogger: [ShuffledRDD]EndAt:7625938032804,TaskAttempt ID:273,Partition Id:5,Stage Id:60
16/11/06 15:55:17 INFO myLogger: [MapPartitionsRDD]EndAt:7625938848416,TaskAttempt ID:273,Partition Id:5,Stage Id:60
16/11/06 15:55:17 INFO myLogger: [ShuffledRDD]EndAt:7625939107192,Task16/11/06 15:55:31 INFO myLogger: [UnionRDD]EndAt:7645584300681,TaskAttempt ID:275,Partition Id:10,Stage Id:60
16/11/06 15:55:31 INFO myLogger: [UnionRDD]EndAt:7645782324481,TaskAttempt ID:278,Partition Id:14,Stage Id:60
16/11/06 15:55:37 INFO myLogger: [UnionRDD]EndAt:7651580822183,TaskAttempt ID:271,Partition Id:6,Stage Id:60
16/11/06 15:55:37 INFO myLogger: [UnionRDD]EndAt:16/11/06 15:56:24 INFO myLogger: [UnionRDD]EndAt:7693146752616/11/06 15:56:52 INFO myLogger: [MapPartitionsRDD]StartAt:7727199349697,TaskAttempt ID:283,Partition Id:2,Stage Id:61
16/11/06 15:56:52 INFO myLogger: [ShuffledRDD]StartAt:7727200163526,TaskAttempt ID:283,Partition Id:2,Stage Id:61
16/11/06 15:56:52 INFO myLogger: [MapPartitionsRDD]StartAt:7727201911190,TaskAttempt ID:287,Partition Id:6,Stage Id:61
16/11/06 15:56:52 INFO myLogger: [ShuffledRDD]StartAt:7727202384514,TaskAttempt ID:287,Partition Id:6,Stage Id:61
16/11/06 15:56:52 INFO myLogger: [ShuffledRDD]EndAt:7727389618399,TaskAttempt ID:287,Partition Id:6,Stage Id:61
16/11/06 15:56:52 INFO myLogger: [MapPartitionsRDD]EndAt:7727390296295,TaskAttempt ID:287,Partition Id:6,Stage Id:61
16/11/06 15:56:52 INFO myLogger: [ShuffledRDD]EndAt:7727392492097,TaskAttempt ID:283,Partition Id:2,Stage Id:61
16/11/06 15:56:52 INFO myLogger: [MapPartitionsRDD]EndAt:7727393124720,TaskAttempt ID:283,Partition Id:2,Stage Id:61
16/11/06 15:57:16 INFO myLogger: [UnionRDD]StartAt:7750550897105,TaskAttempt ID:293,Partition Id:2,Stage Id:72
16/11/06 15:57:16 INFO myLogger: [UnionRDD]Star16/11/06 15:57:16 INFO myLogger: [UnionRDD]StartAt:7744612609903,TaskAttempt ID:292,Partition Id:1,Stage Id:72
16/11/06 15:57:16 INFO myLogger: [UnionRDD]StartAt:7744614880890,TaskAttempt ID:300,Partition Id:9,Stage Id:72
16/11/06 15:57:16 INFO myLogger: [UnionRDD]StartAt:7744615419092,TaskAttempt ID:303,Partition Id:13,Stage Id:72
16/11/06 15:57:16 INFO myLogger: [MapPartitionsRDD]StartAt:7744616775117,TaskAttempt ID:292,Partition Id:1,Stage Id:72
16/11/06 15:57:16 INFO myLogger: [UnionRDD]StartAt:7744617436771,TaskAttempt ID:296,Partition Id:5,Stage Id:72
16/11/06 15:57:16 INFO myLogger: [ShuffledRDD]StartAt:7744618337955,TaskAttempt ID:292,Partition Id:1,Stage Id:72
16/11/06 15:57:16 INFO myLogger: [MapPartitionsRDD]StartAt:7744619145076,TaskAttempt ID:300,Partition Id:9,Stage Id:72
16/11/06 15:57:16 INFO myLogger: [MapPartitionsRDD]StartAt:7744620397561,TaskAttempt ID:296,Partition Id:5,Stage Id:72
16/11/06 15:57:16 INFO myLogger: [MapPartitionsRDD]StartAt:7744620733719,TaskAttempt ID:303,Partition Id:13,Stage Id:72
16/11/06 15:57:16 INFO myLogger: [ShuffledRDD]StartAt:7744621216219,TaskAttempt ID:296,Partition Id:5,Stage Id:72
16/11/06 15:57:16 INFO myLogger: [ShuffledRDD]StartAt:7744621462425,TaskAttempt ID:303,Partition Id:13,Stage Id:72
16/11/06 15:57:16 INFO myLogger: [ShuffledRDD]StartAt:7744622151953,TaskAttempt ID:300,Partition Id:9,Stage Id:72
16/11/06 15:57:16 INFO myLogger: [ShuffledRDD]EndAt:7744636778508,TaskAttempt ID:292,Partition Id:1,Stage Id:72
16/11/06 15:57:16 INFO myLogger: [MapPartitionsRDD]EndAt:7744637362006,TaskAttempt ID:292,Partition Id:1,Stage Id:72
16/11/06 15:57:16 INFO myLogger: [ShuffledRDD]EndAt:7744639543367,TaskAttempt ID:303,Partition Id:13,Stage Id:72
16/11/06 15:57:16 INFO myLogger: [MapPartitionsRDD]EndAt:7744640022908,TaskAttempt ID:303,Partition Id:13,Stage Id:72
16/11/06 15:57:16 INFO myLogger: [ShuffledRDD]EndAt:7744654987717,TaskAttempt ID:296,Partition Id:5,Stage Id:72
16/11/06 15:57:16 INFO myLogger: [MapPartitionsRDD]EndAt:7744684279862,TaskAttempt ID:296,Partition Id:5,Stage Id:72
16/11/06 15:57:16 INFO myLogger: [ShuffledRDD]EndAt:7744686038723,TaskAttempt ID:300,Partition Id:9,Stage Id:72
16/11/06 15:57:16 INFO myLogger: [MapPartitionsRDD]EndAt:7744686976642,Tas16/11/06 15:57:25 INFO myLogger: [UnionRDD]EndAt:7760305332004,TaskAttempt ID:297,Partition Id:6,Stage Id:72
16/11/06 15:57:29 INFO myLogger: [UnionRDD]EndAt:7763824467257,TaskAttempt ID:304,Partition Id:14,Stage Id:72
16/11/06 15:57:34 INFO myLogger: [UnionRDD]16/11/06 15:58:24 INFO myLogger: [UnionRDD]EndAt:7812899978376,Tas16/11/06 15:58:48 INFO myLogger: [MapPartitionsRDD]StartAt:7843393079002,TaskAttempt ID:310,Partition Id:2,Stage Id:73
16/11/06 15:58:48 INFO myLogger: [ShuffledRDD]StartAt:7843393437730,TaskAttempt ID:310,Partition Id:2,Stage Id:73
16/11/06 15:58:48 INFO myLogger: [MapPartitionsRDD]StartAt:7843393610017,TaskAttempt ID:313,Partition Id:6,Stage Id:73
16/11/06 15:58:48 INFO myLogger: [ShuffledRDD]StartAt:7843394002263,TaskAttempt ID:313,Partition Id:6,Stage Id:73
16/11/06 15:58:48 INFO myLogger: [ShuffledRDD]EndAt:7843415577380,TaskAttempt ID:313,Partition Id:6,Stage Id:73
16/11/06 15:58:48 INFO myLogger: [MapPartitionsRDD]EndAt:7843416135506,TaskAttempt ID:313,Partition Id:6,Stage Id:73
16/11/06 15:58:48 INFO myLogger: [ShuffledRDD]EndAt:7843421925998,TaskAttempt ID:310,Partition Id:2,Stage Id:73
16/11/06 15:58:48 INFO myLogger: [MapPartitionsRDD]EndAt:7843422601126,TaskAttempt ID:310,Partition Id:2,Stage Id:73
16/11/06 15:59:03 INFO myLogger: [UnionRDD]StartAt:7858263951170,TaskAttempt ID:315,Partition Id:2,Stage Id:84
16/11/06 15:59:03 INFO myLogger: [MapPart16/11/06 15:59:03 INFO myLogger: [UnionRDD]StartAt:7852334522887,TaskAttempt ID:318,Partition Id:1,Stage Id:84
16/11/06 15:59:03 INFO myLogger: [UnionRDD]StartAt:7852335550280,TaskAttempt ID:328,Partition Id:13,Stage Id:84
16/11/06 15:59:03 INFO myLogger: [UnionRDD]StartAt:7852336419231,TaskAttempt ID:325,Partition Id:9,Stage Id:84
16/11/06 15:59:03 INFO myLogger: [UnionRDD]StartAt:7852336775885,TaskAttempt ID:322,Partition Id:5,Stage Id:84
16/11/06 15:59:03 INFO myLogger: [MapPartitionsRDD]StartAt:7852337638934,TaskAttempt ID:318,Partition Id:1,Stage Id:84
16/11/06 15:59:03 INFO myLogger: [ShuffledRDD]StartAt:7852338454010,TaskAttempt ID:318,Partition Id:1,Stage Id:84
16/11/06 15:59:03 INFO myLogger: [MapPartitionsRDD]StartAt:7852338566473,TaskAttempt ID:325,Partition Id:9,Stage Id:84
16/11/06 15:59:03 INFO myLogger: [MapPartitionsRDD]StartAt:7852338849363,TaskAttempt ID:328,Partition Id:13,Stage Id:84
16/11/06 15:59:03 INFO myLogger: [MapPartitionsRDD]StartAt:7852338947742,TaskAttempt ID:322,Partition Id:5,Stage Id:84
16/11/06 15:59:03 INFO myLogger: [ShuffledRDD]StartAt:7852339467150,TaskAttempt ID:325,Partition Id:9,Stage Id:84
16/11/06 15:59:03 INFO myLogger: [ShuffledRDD]StartAt:7852339590676,TaskAttempt ID:322,Partition Id:5,Stage Id:84
16/11/06 15:59:03 INFO myLogger: [ShuffledRDD]StartAt:7852340095865,TaskAttempt ID:328,Partition Id:13,Stage Id:84
16/11/06 15:59:03 INFO myLogger: [ShuffledRDD]EndAt:7852354328377,TaskAttempt ID:318,Partition Id:1,Stage Id:84
16/11/06 15:59:03 INFO myLogger: [MapPartitionsRDD]EndAt:7852354802211,TaskAttempt ID:318,Partition Id:1,Stage Id:84
16/11/06 15:59:03 INFO myLogger: [ShuffledRDD]EndAt:7852357053116,TaskAttempt ID:325,Partition Id:9,Stage Id:84
16/11/06 15:59:03 INFO myLogger: [ShuffledRDD]EndAt:7852357369902,TaskAttempt ID:322,Partition Id:5,Stage Id:84
16/11/06 15:59:03 INFO myLogger: [MapPartitionsRDD]EndAt:7852357597403,TaskAttempt ID:325,Partition Id:9,Stage Id:84
16/11/06 15:59:03 INFO myLogger: [ShuffledRDD]EndAt:7852357956035,TaskAttempt ID:328,Partition Id:13,Stage Id:84
16/11/06 15:59:03 INFO myLogger: [MapPartitionsRDD]EndAt:7852358033823,TaskAttempt ID:322,Partition Id:5,Stage Id:84
16/11/06 15:59:03 INFO myLogger: [MapPartitionsRDD]EndAt:7852358598491,TaskAttemp16/11/06 15:59:19 INFO myLogger: [UnionRDD]EndAt:7873979648423,TaskAttempt ID:326,Partition Id:14,Stage Id:84
16/11/06 15:59:22 INFO myLogger: [UnionRDD]EndAt:7876812614080,TaskAttempt ID:319,Partition Id:6,Stage Id:84
16/11/06 15:59:23 INFO myLogger: [Uni16/11/06 16:00:11 INFO myLogger: [UnionRDD]EndAt:7920021375349,TaskAttem16/11/06 16:00:37 INFO myLogger: [MapPartitionsRDD]StartAt:7951927880204,TaskAttempt ID:332,Partition Id:2,Stage Id:85
16/11/06 16:00:37 INFO myLogger: [ShuffledRDD]StartAt:7951928475413,TaskAttempt ID:332,Partition Id:2,Stage Id:85
16/11/06 16:00:37 INFO myLogger: [MapPartitionsRDD]StartAt:7951929910636,TaskAttempt ID:336,Partition Id:6,Stage Id:85
16/11/06 16:00:37 INFO myLogger: [ShuffledRDD]StartAt:7951930365006,TaskAttempt ID:336,Partition Id:6,Stage Id:85
16/11/06 16:00:37 INFO myLogger: [ShuffledRDD]EndAt:7951949032506,TaskAttempt ID:336,Partition Id:6,Stage Id:85
16/11/06 16:00:37 INFO myLogger: [MapPartitionsRDD]EndAt:7951949557492,TaskAttempt ID:336,Partition Id:6,Stage Id:85
16/11/06 16:00:37 INFO myLogger: [ShuffledRDD]EndAt:7951951964236,TaskAttempt ID:332,Partition Id:2,Stage Id:85
16/11/06 16:00:37 INFO myLogger: [MapPartitionsRDD]EndAt:7951953100069,TaskAttempt ID:332,Partition Id:2,Stage Id:85
16/11/06 16:01:00 INFO myLogger: [UnionRDD]StartAt:7974752101028,TaskAttempt ID:341,Partition Id:2,Stage Id:96
16/11/06 16:01:00 INFO myLogger: [U16/11/06 16:01:00 INFO myLogger: [UnionRDD]StartAt:7968816594271,TaskAttempt ID:351,Partition Id:13,Stage Id:96
16/11/06 16:01:00 INFO myLogger: [UnionRDD]StartAt:7968816698446,TaskAttempt ID:340,Partition Id:1,Stage Id:96
16/11/06 16:01:00 INFO myLogger: [UnionRDD]StartAt:7968817838076,TaskAttempt ID:348,Partition Id:9,Stage Id:96
16/11/06 16:01:00 INFO myLogger: [MapPartitionsRDD]StartAt:7968818714245,TaskAttempt ID:351,Partition Id:13,Stage Id:96
16/11/06 16:01:00 INFO myLogger: [ShuffledRDD]StartAt:7968819271042,TaskAttempt ID:351,Partition Id:13,Stage Id:96
16/11/06 16:01:00 INFO myLogger: [MapPartitionsRDD]StartAt:7968819383995,TaskAttempt ID:340,Partition Id:1,Stage Id:96
16/11/06 16:01:00 INFO myLogger: [ShuffledRDD]StartAt:7968819997334,TaskAttempt ID:340,Partition Id:1,Stage Id:96
16/11/06 16:01:00 INFO myLogger: [UnionRDD]StartAt:7968820824081,TaskAttempt ID:344,Partition Id:5,Stage Id:96
16/11/06 16:01:00 INFO myLogger: [MapPartitionsRDD]StartAt:7968821337832,TaskAttempt ID:348,Partition Id:9,Stage Id:96
16/11/06 16:01:00 INFO myLogger: [ShuffledRDD]StartAt:7968822025185,TaskAttempt ID:348,Partition Id:9,Stage Id:96
16/11/06 16:01:00 INFO myLogger: [MapPartitionsRDD]StartAt:7968822774052,TaskAttempt ID:344,Partition Id:5,Stage Id:96
16/11/06 16:01:00 INFO myLogger: [ShuffledRDD]StartAt:7968823253181,TaskAttempt ID:344,Partition Id:5,Stage Id:96
16/11/06 16:01:00 INFO myLogger: [ShuffledRDD]EndAt:7968834470204,TaskAttempt ID:351,Partition Id:13,Stage Id:96
16/11/06 16:01:00 INFO myLogger: [MapPartitionsRDD]EndAt:7968834864428,TaskAttempt ID:351,Partition Id:13,Stage Id:96
16/11/06 16:01:00 INFO myLogger: [ShuffledRDD]EndAt:7968840918485,TaskAttempt ID:344,Partition Id:5,Stage Id:96
16/11/06 16:01:00 INFO myLogger: [MapPartitionsRDD]EndAt:7968841309591,TaskAttempt ID:344,Partition Id:5,Stage Id:96
16/11/06 16:01:00 INFO myLogger: [ShuffledRDD]EndAt:7968856257549,TaskAttempt ID:348,Partition Id:9,Stage Id:96
16/11/06 16:01:00 INFO myLogger: [MapPartitionsRDD]EndAt:7968893047770,TaskAttempt ID:348,Partition Id:9,Stage Id:96
16/11/06 16:01:00 INFO myLogger: [ShuffledRDD]EndAt:7969166432054,TaskAttempt ID:340,Partition Id:1,Stage Id:96
16/11/06 16:01:00 INFO myLogger: [MapPartitionsRDD]EndAt:7969167166200,TaskAttempt ID:16/11/06 16:01:10 INFO myLogger: [UnionRDD]EndAt:7985411326353,TaskAttempt ID:345,Partition Id:6,Stage Id:96
16/11/06 16:01:13 INFO myLogger: [UnionRDD]EndAt:7988144867679,TaskAttempt ID:349,Partition Id:10,Stage Id:96
16/11/06 16:01:19 INFO myLogger16/11/06 16:02:08 INFO myLogger: [UnionRDD]EndAt:8036597098057,TaskAttempt ID:16/11/06 16:02:31 INFO myLogger: [MapPartitionsRDD]StartAt:8066135105833,TaskAttempt ID:358,Partition Id:2,Stage Id:97
16/11/06 16:02:31 INFO myLogger: [ShuffledRDD]StartAt:8066135360322,TaskAttempt ID:358,Partition Id:2,Stage Id:97
16/11/06 16:02:31 INFO myLogger: [MapPartitionsRDD]StartAt:8066137222677,TaskAttempt ID:361,Partition Id:6,Stage Id:97
16/11/06 16:02:31 INFO myLogger: [ShuffledRDD]StartAt:8066137684542,TaskAttempt ID:361,Partition Id:6,Stage Id:97
16/11/06 16:02:31 INFO myLogger: [ShuffledRDD]EndAt:8066154755709,TaskAttempt ID:358,Partition Id:2,Stage Id:97
16/11/06 16:02:31 INFO myLogger: [MapPartitionsRDD]EndAt:8066155274868,TaskAttempt ID:358,Partition Id:2,Stage Id:97
16/11/06 16:02:31 INFO myLogger: [ShuffledRDD]EndAt:8066155709660,TaskAttempt ID:361,Partition Id:6,Stage Id:97
16/11/06 16:02:31 INFO myLogger: [MapPartitionsRDD]EndAt:8066158055293,TaskAttempt ID:361,Partition Id:6,Stage Id:97
ition Id:1,Stage Id:97
16/11/06 16:02:31 INFO myLogger: [MapPartitionsRDD]EndAt:8060228992571,TaskAttempt ID:360,Partition Id:5,Stage Id:97
 Id:37
16/11/06 15:52:57 INFO myLogger: [MapPartitionsRDD]EndAt:7485524317817,TaskAttempt ID:237,Partition Id:0,Stage Id:37
16/11/06 15:53:20 INFO myLogger: [UnionRDD]StartAt:7508754462628,TaskAttempt ID:258,Partition Id:15,Stage Id:48
16/11/06 15:53:20 INFO myLogger: [UnionRDD]StartAt:7508754611625,TaskAttempt ID:243,Partition Id:0,Stage Id:48
16/11/06 15:53:20 INFO myLogger: [UnionRDD]StartAt:7508755636897,TaskAttempt ID:257,Partition Id:12,Stage Id:48
16/11/06 15:53:20 INFO myLogger: [MapPartitionsRDD]StartAt:7508755993475,TaskAttempt ID:258,Partition Id:15,Stage Id:48
16/11/06 15:53:20 INFO myLogger: [ShuffledRDD]StartAt:7508756549331,TaskAttempt ID:258,Partition Id:15,Stage Id:48
16/11/06 15:53:20 INFO myLogger: [MapPartitionsRDD]StartAt:7508758079750,TaskAttempt ID:257,Partition Id:12,Stage Id:48
16/11/06 15:53:20 INFO myLogger: [MapPartitionsRDD]StartAt:7508758329193,TaskAttempt ID:243,Partition Id:0,Stage Id:48
16/11/06 15:53:20 INFO myLogger: [ShuffledRDD]StartAt:7508758677796,TaskAttempt ID:243,Partition Id:0,Stage Id:48
16/11/06 15:53:20 INFO myLogger: [ShuffledRDD]StartAt:7508759074467,TaskAttempt ID:257,Partition Id:12,Stage Id:48
16/11/06 15:53:20 INFO myLogger: [UnionRDD]StartAt:7508759794976,TaskAttempt ID:251,Partition Id:7,Stage Id:48
16/11/06 15:53:20 INFO myLogger: [UnionRDD]StartAt:7508760142452,TaskAttempt ID:247,Partition Id:4,Stage Id:48
16/11/06 15:53:20 INFO myLogger: [UnionRDD]StartAt:7508760267270,TaskAttempt ID:254,Partition Id:8,Stage Id:48
16/11/06 15:53:20 INFO myLogger: [MapPartitionsRDD]StartAt:7508761747104,TaskAttempt ID:251,Partition Id:7,Stage Id:48
16/11/06 15:53:20 INFO myLogger: [MapPartitionsRDD]StartAt:7508761992633,TaskAttempt ID:247,Partition Id:4,Stage Id:48
16/11/06 15:53:20 INFO myLogger: [ShuffledRDD]StartAt:7508762556107,TaskAttempt ID:251,Partition Id:7,Stage Id:48
16/11/06 15:53:20 INFO myLogger: [MapPartitionsRDD]StartAt:7508762661208,TaskAttempt ID:254,Partition Id:8,Stage Id:48
16/11/06 15:53:20 INFO myLogger: [ShuffledRDD]StartAt:7508762773513,TaskAttempt ID:247,Partition Id:4,Stage Id:48
16/11/06 15:53:20 INFO myLogger: [ShuffledRDD]StartAt:7508763301957,TaskAttempt ID:254,Partition Id:8,Stage Id:48
16/11/06 15:53:20 INFO myLogger: [ShuffledRDD]EndAt:7508775260973,TaskAttempt ID:247,Partition Id:4,Stage Id:48
16/11/06 15:53:20 INFO myLogger: [MapPartitionsRDD]EndAt:7508776640604,TaskAttempt ID:247,Partition Id:4,Stage Id:48
16/11/06 15:53:20 INFO myLogger: [ShuffledRDD]EndAt:7508777092506,TaskAttempt ID:258,Partition Id:15,Stage Id:48
16/11/06 15:53:20 INFO myLogger: [MapPartitionsRDD]EndAt:7508777528109,TaskAttempt ID:258,Partition Id:15,Stage Id:48
16/11/06 15:53:20 INFO myLogger: [ShuffledRDD]EndAt:7508777595428,TaskAttempt ID:254,Partition Id:8,Stage Id:48
16/11/06 15:53:20 INFO myLogger: [MapPartitionsRDD]EndAt:7508777934897,TaskAttempt ID:254,Partition Id:8,Stage Id:48
16/11/06 15:53:20 INFO myLogger: [ShuffledRDD]EndAt:7508779939062,TaskAttempt ID:251,Partition Id:7,Stage Id:48
16/11/06 15:53:20 INFO myLogger: [MapPartitionsRDD]EndAt:7508780680167,TaskAttempt ID:251,Partition Id:7,Stage Id:48
16/11/06 15:53:20 INFO myLogger: [ShuffledRDD]EndAt:7508782567373,TaskAttempt ID:257,Partition Id:12,Stage Id:48
16/11/06 15:53:20 INFO myLogger: [MapPartitionsRDD]EndAt:7508783085382,TaskAttempt ID:257,Partition Id:12,Stage Id:48
16/11/06 15:53:20 INFO myLogger: [ShuffledRDD]EndAt:7508783519938,TaskAttempt ID:243,Partition Id:0,Stage Id:48
16/11/06 15:53:20 INFO myLogger: [MapPartitionsRDD]EndAt:7508784034603,TaskAttempt ID:243,Partition Id:0,Stage Id:48
16/11/06 15:53:34 INFO myLogger: [UnionRDD]EndAt:7523153749301,TaskAttempt ID:258,Partition Id:15,Stage Id:48
16/11/06 15:53:35 INFO myLogger: [UnionRDD]EndAt:7523507572361,TaskAttempt ID:257,Partition Id:12,Stage Id:48
16/11/06 15:53:35 INFO myLogger: [UnionRDD]EndAt:7524036687717,TaskAttempt ID:254,Partition Id:8,Stage Id:48
16/11/06 15:53:38 INFO myLogger: [UnionRDD]EndAt:7527190412443,TaskAttempt ID:251,Partition Id:7,Stage Id:48
16/11/06 15:53:39 INFO myLogger: [UnionRDD]EndAt:7528217154709,TaskAttempt ID:243,Partition Id:0,Stage Id:48
16/11/06 15:53:41 INFO myLogger: [UnionRDD]EndAt:7529817459645,TaskAttempt ID:247,Partition Id:4,Stage Id:48
16/11/06 15:54:54 INFO myLogger: [MapPartitionsRDD]StartAt:7602714494230,TaskAttempt ID:260,Partition Id:0,Stage Id:49
16/11/06 15:54:54 INFO myLogger: [ShuffledRDD]StartAt:7602714720369,TaskAttempt ID:260,Partition Id:0,Stage Id:49
16/11/06 15:54:54 INFO myLogger: [MapPartitionsRDD]StartAt:7602716448748,TaskAttempt ID:266,Partition Id:7,Stage Id:49
16/11/06 15:54:54 INFO myLogger: [ShuffledRDD]StartAt:7602716885195,TaskAttempt ID:266,Partition Id:7,Stage Id:49
16/11/06 15:54:54 INFO myLogger: [MapPartitionsRDD]StartAt:7602716968277,TaskAttempt ID:264,Partition Id:4,Stage Id:49
16/11/06 15:54:54 INFO myLogger: [ShuffledRDD]StartAt:7602717362615,TaskAttempt ID:264,Partition Id:4,Stage Id:49
16/11/06 15:54:54 INFO myLogger: [ShuffledRDD]EndAt:7602737992535,TaskAttempt ID:264,Partition Id:4,Stage Id:49
16/11/06 15:54:54 INFO myLogger: [MapPartitionsRDD]EndAt:7602738993643,TaskAttempt ID:264,Partition Id:4,Stage Id:49
16/11/06 15:54:54 INFO myLogger: [ShuffledRDD]EndAt:7602739040622,TaskAttempt ID:266,Partition Id:7,Stage Id:49
16/11/06 15:54:54 INFO myLogger: [ShuffledRDD]EndAt:7602739333108,TaskAttempt ID:260,Partition Id:0,Stage Id:49
16/11/06 15:54:54 INFO myLogger: [MapPartitionsRDD]EndAt:7602739576823,TaskAttempt ID:266,Partition Id:7,Stage Id:49
16/11/06 15:54:54 INFO myLogger: [MapPartitionsRDD]EndAt:7602739936174,TaskAttempt ID:260,Partition Id:0,Stage Id:49
16/11/06 15:55:17 INFO myLogger: [UnionRDD]StartAt:7625714669055,TaskAttempt ID:274,Partition Id:4,Stage Id:60
16/11/06 15:55:17 INFO myLogger: [UnionRDD]StartAt:7625715250106,TaskAttempt ID:282,Partition Id:15,Stage Id:60
16/11/06 15:55:17 INFO myLogger: [MapPartitionsRDD]StartAt:7625715615135,TaskAttempt ID:274,Partition Id:4,Stage Id:60
16/11/06 15:55:17 INFO myLogger: [UnionRDD]StartAt:7625715690022,TaskAttempt ID:281,Partition Id:12,Stage Id:60
16/11/06 15:55:17 INFO myLogger: [ShuffledRDD]StartAt:7625716266432,TaskAttempt ID:274,Partition Id:4,Stage Id:60
16/11/06 15:55:17 INFO myLogger: [MapPartitionsRDD]StartAt:7625716947775,TaskAttempt ID:282,Partition Id:15,Stage Id:60
16/11/06 15:55:17 INFO myLogger: [MapPartitionsRDD]StartAt:7625717153068,TaskAttempt ID:281,Partition Id:12,Stage Id:60
16/11/06 15:55:17 INFO myLogger: [ShuffledRDD]StartAt:7625717699347,TaskAttempt ID:281,Partition Id:12,Stage Id:60
16/11/06 15:55:17 INFO myLogger: [ShuffledRDD]StartAt:7625717739437,TaskAttempt ID:282,Partition Id:15,Stage Id:60
16/11/06 15:55:17 INFO myLogger: [UnionRDD]StartAt:7625719188384,TaskAttempt ID:280,Partition Id:8,Stage Id:60
16/11/06 15:55:17 INFO myLogger: [UnionRDD]StartAt:7625720229512,TaskAttempt ID:277,Partition Id:7,Stage Id:60
16/11/06 15:55:17 INFO myLogger: [UnionRDD]StartAt:7625720428050,TaskAttempt ID:270,Partition Id:0,Stage Id:60
16/11/06 15:55:17 INFO myLogger: [MapPartitionsRDD]StartAt:7625721129460,TaskAttempt ID:280,Partition Id:8,Stage Id:60
16/11/06 15:55:17 INFO myLogger: [ShuffledRDD]StartAt:7625721757271,TaskAttempt ID:280,Partition Id:8,Stage Id:60
16/11/06 15:55:17 INFO myLogger: [MapPartitionsRDD]StartAt:7625722276736,TaskAttempt ID:277,Partition Id:7,Stage Id:60
16/11/06 15:55:17 INFO myLogger: [MapPartitionsRDD]StartAt:7625722474975,TaskAttempt ID:270,Partition Id:0,Stage Id:60
16/11/06 15:55:17 INFO myLogger: [ShuffledRDD]StartAt:7625722838262,TaskAttempt ID:277,Partition Id:7,Stage Id:60
16/11/06 15:55:17 INFO myLogger: [ShuffledRDD]StartAt:7625722954587,TaskAttempt ID:270,Partition Id:0,Stage Id:60
16/11/06 15:55:17 INFO myLogger: [ShuffledRDD]EndAt:7625736450603,TaskAttempt ID:274,Partition Id:4,Stage Id:60
16/11/06 15:55:17 INFO myLogger: [MapPartitionsRDD]EndAt:7625736886679,TaskAttempt ID:274,Partition Id:4,Stage Id:60
16/11/06 15:55:17 INFO myLogger: [ShuffledRDD]EndAt:7625737126950,TaskAttempt ID:280,Partition Id:8,Stage Id:60
16/11/06 15:55:17 INFO myLogger: [MapPartitionsRDD]EndAt:7625737495162,TaskAttempt ID:280,Partition Id:8,Stage Id:60
16/11/06 15:55:17 INFO myLogger: [ShuffledRDD]EndAt:7625739705904,TaskAttempt ID:277,Partition Id:7,Stage Id:60
16/11/06 15:55:17 INFO myLogger: [ShuffledRDD]EndAt:7625740181890,TaskAttempt ID:282,Partition Id:15,Stage Id:60
16/11/06 15:55:17 INFO myLogger: [MapPartitionsRDD]EndAt:7625740531692,TaskAttempt ID:277,Partition Id:7,Stage Id:60
16/11/06 15:55:17 INFO myLogger: [MapPartitionsRDD]EndAt:7625740945485,TaskAttempt ID:282,Partition Id:15,Stage Id:60
16/11/06 15:55:17 INFO myLogger: [ShuffledRDD]EndAt:7625743378821,TaskAttempt ID:270,Partition Id:0,Stage Id:60
16/11/06 15:55:17 INFO myLogger: [MapPartitionsRDD]EndAt:7625743901883,TaskAttempt ID:270,Partition Id:0,Stage Id:60
16/11/06 15:55:17 INFO myLogger: [ShuffledRDD]EndAt:7625745575330,TaskAttempt ID:281,Partition Id:12,Stage Id:60
16/11/06 15:55:17 INFO myLogger: [MapPartitionsRDD]EndAt:7625746132638,TaskAttempt ID:281,Partition Id:12,Stage Id:60
16/11/06 15:55:31 INFO myLogger: [UnionRDD]EndAt:7639416314987,TaskAttempt ID:282,Partition Id:15,Stage Id:60
16/11/06 15:55:31 INFO myLogger: [UnionRDD]EndAt:7639516195612,TaskAttempt ID:280,Partition Id:8,Stage Id:60
16/11/06 15:55:32 INFO myLogger: [UnionRDD]EndAt:7640424097054,TaskAttempt ID:281,Partition Id:12,Stage Id:60
16/11/06 15:55:36 INFO myLogger: [UnionRDD]EndAt:7644682837961,TaskAttempt ID:277,Partition Id:7,Stage Id:60
16/11/06 15:55:38 INFO myLogger: [UnionRDD]EndAt:7646915099464,TaskAttempt ID:274,Partition Id:4,Stage Id:60
16/11/06 15:55:41 INFO myLogger: [UnionRDD]EndAt:7650014841724,TaskAttempt ID:270,Partition Id:0,Stage Id:60
16/11/06 15:56:52 INFO myLogger: [MapPartitionsRDD]StartAt:7721084633469,TaskAttempt ID:284,Partition Id:0,Stage Id:61
16/11/06 15:56:52 INFO myLogger: [ShuffledRDD]StartAt:7721084907269,TaskAttempt ID:284,Partition Id:0,Stage Id:61
16/11/06 15:56:52 INFO myLogger: [MapPartitionsRDD]StartAt:7721086484548,TaskAttempt ID:290,Partition Id:7,Stage Id:61
16/11/06 15:56:52 INFO myLogger: [ShuffledRDD]StartAt:7721086950197,TaskAttempt ID:290,Partition Id:7,Stage Id:61
16/11/06 15:56:52 INFO myLogger: [MapPartitionsRDD]StartAt:7721087049903,TaskAttempt ID:288,Partition Id:4,Stage Id:61
16/11/06 15:56:52 INFO myLogger: [ShuffledRDD]StartAt:7721087427033,TaskAttempt ID:288,Partition Id:4,Stage Id:61
16/11/06 15:56:52 INFO myLogger: [ShuffledRDD]EndAt:7721106614743,TaskAttempt ID:290,Partition Id:7,Stage Id:61
16/11/06 15:56:52 INFO myLogger: [MapPartitionsRDD]EndAt:7721107266247,TaskAttempt ID:290,Partition Id:7,Stage Id:61
16/11/06 15:56:52 INFO myLogger: [ShuffledRDD]EndAt:7721108201921,TaskAttempt ID:284,Partition Id:0,Stage Id:61
16/11/06 15:56:52 INFO myLogger: [ShuffledRDD]EndAt:7721108385935,TaskAttempt ID:288,Partition Id:4,Stage Id:61
16/11/06 15:56:52 INFO myLogger: [MapPartitionsRDD]EndAt:7721112270721,TaskAttempt ID:284,Partition Id:0,Stage Id:61
16/11/06 15:56:52 INFO myLogger: [MapPartitionsRDD]EndAt:7721112364141,TaskAttempt ID:288,Partition Id:4,Stage Id:61
16/11/06 15:57:16 INFO myLogger: [UnionRDD]StartAt:7744449234288,TaskAttempt ID:291,Partition Id:0,Stage Id:72
16/11/06 15:57:16 INFO myLogger: [MapPartitionsRDD]StartAt:7744450328402,TaskAttempt ID:291,Partition Id:0,Stage Id:72
16/11/06 15:57:16 INFO myLogger: [ShuffledRDD]StartAt:7744451404968,TaskAttempt ID:291,Partition Id:0,Stage Id:72
16/11/06 15:57:16 INFO myLogger: [UnionRDD]StartAt:7744451638690,TaskAttempt ID:306,Partition Id:15,Stage Id:72
16/11/06 15:57:16 INFO myLogger: [UnionRDD]StartAt:7744453028093,TaskAttempt ID:305,Partition Id:12,Stage Id:72
16/11/06 15:57:16 INFO myLogger: [UnionRDD]StartAt:7744455391675,TaskAttempt ID:299,Partition Id:7,Stage Id:72
16/11/06 15:57:16 INFO myLogger: [UnionRDD]StartAt:7744455485288,TaskAttempt ID:302,Partition Id:8,Stage Id:72
16/11/06 15:57:16 INFO myLogger: [MapPartitionsRDD]StartAt:7744457664873,TaskAttempt ID:302,Partition Id:8,Stage Id:72
16/11/06 15:57:16 INFO myLogger: [MapPartitionsRDD]StartAt:7744457809097,TaskAttempt ID:306,Partition Id:15,Stage Id:72
16/11/06 15:57:16 INFO myLogger: [MapPartitionsRDD]StartAt:7744458269987,TaskAttempt ID:305,Partition Id:12,Stage Id:72
16/11/06 15:57:16 INFO myLogger: [UnionRDD]StartAt:7744458376039,TaskAttempt ID:295,Partition Id:4,Stage Id:72
16/11/06 15:57:16 INFO myLogger: [MapPartitionsRDD]StartAt:7744458486065,TaskAttempt ID:299,Partition Id:7,Stage Id:72
16/11/06 15:57:16 INFO myLogger: [ShuffledRDD]StartAt:7744459368638,TaskAttempt ID:299,Partition Id:7,Stage Id:72
16/11/06 15:57:16 INFO myLogger: [ShuffledRDD]StartAt:7744459794089,TaskAttempt ID:302,Partition Id:8,Stage Id:72
16/11/06 15:57:16 INFO myLogger: [ShuffledRDD]StartAt:7744460082025,TaskAttempt ID:306,Partition Id:15,Stage Id:72
16/11/06 15:57:16 INFO myLogger: [ShuffledRDD]StartAt:7744460521266,TaskAttempt ID:305,Partition Id:12,Stage Id:72
16/11/06 15:57:16 INFO myLogger: [MapPartitionsRDD]StartAt:7744460646280,TaskAttempt ID:295,Partition Id:4,Stage Id:72
16/11/06 15:57:16 INFO myLogger: [ShuffledRDD]StartAt:7744461141520,TaskAttempt ID:295,Partition Id:4,Stage Id:72
16/11/06 15:57:16 INFO myLogger: [ShuffledRDD]EndAt:7744467928229,TaskAttempt ID:291,Partition Id:0,Stage Id:72
16/11/06 15:57:16 INFO myLogger: [MapPartitionsRDD]EndAt:7744468290978,TaskAttempt ID:291,Partition Id:0,Stage Id:72
16/11/06 15:57:16 INFO myLogger: [ShuffledRDD]EndAt:7744472727107,TaskAttempt ID:302,Partition Id:8,Stage Id:72
16/11/06 15:57:16 INFO myLogger: [MapPartitionsRDD]EndAt:7744473992240,TaskAttempt ID:302,Partition Id:8,Stage Id:72
16/11/06 15:57:16 INFO myLogger: [ShuffledRDD]EndAt:7744478066416,TaskAttempt ID:295,Partition Id:4,Stage Id:72
16/11/06 15:57:16 INFO myLogger: [MapPartitionsRDD]EndAt:7744478806116,TaskAttempt ID:295,Partition Id:4,Stage Id:72
16/11/06 15:57:16 INFO myLogger: [ShuffledRDD]EndAt:7744509361297,TaskAttempt ID:306,Partition Id:15,Stage Id:72
16/11/06 15:57:16 INFO myLogger: [MapPartitionsRDD]EndAt:7744510021870,TaskAttempt ID:306,Partition Id:15,Stage Id:72
16/11/06 15:57:16 INFO myLogger: [ShuffledRDD]EndAt:7744778231423,TaskAttempt ID:305,Partition Id:12,Stage Id:72
16/11/06 15:57:16 INFO myLogger: [MapPartitionsRDD]EndAt:7744778831238,TaskAttempt ID:305,Partition Id:12,Stage Id:72
16/11/06 15:57:16 INFO myLogger: [ShuffledRDD]EndAt:7744780649973,TaskAttempt ID:299,Partition Id:7,Stage Id:72
16/11/06 15:57:16 INFO myLogger: [MapPartitionsRDD]EndAt:7744781262457,TaskAttempt ID:299,Partition Id:7,Stage Id:72
16/11/06 15:57:29 INFO myLogger: [UnionRDD]EndAt:7757864145197,TaskAttempt ID:306,Partition Id:15,Stage Id:72
16/11/06 15:57:30 INFO myLogger: [UnionRDD]EndAt:7759158132340,TaskAttempt ID:305,Partition Id:12,Stage Id:72
16/11/06 15:57:32 INFO myLogger: [UnionRDD]EndAt:7760624586615,TaskAttempt ID:302,Partition Id:8,Stage Id:72
16/11/06 15:57:35 INFO myLogger: [UnionRDD]EndAt:7764058888885,TaskAttempt ID:291,Partition Id:0,Stage Id:72
16/11/06 15:57:36 INFO myLogger: [UnionRDD]EndAt:7764854975613,TaskAttempt ID:299,Partition Id:7,Stage Id:72
16/11/06 15:57:36 INFO myLogger: [UnionRDD]EndAt:7765047994020,TaskAttempt ID:295,Partition Id:4,Stage Id:72
16/11/06 15:58:48 INFO myLogger: [MapPartitionsRDD]StartAt:7837293862302,TaskAttempt ID:314,Partition Id:7,Stage Id:73
16/11/06 15:58:48 INFO myLogger: [MapPartitionsRDD]StartAt:7837294075412,TaskAttempt ID:308,Partition Id:0,Stage Id:73
16/11/06 15:58:48 INFO myLogger: [ShuffledRDD]StartAt:7837294408988,TaskAttempt ID:314,Partition Id:7,Stage Id:73
16/11/06 15:58:48 INFO myLogger: [ShuffledRDD]StartAt:7837294479462,TaskAttempt ID:308,Partition Id:0,Stage Id:73
16/11/06 15:58:48 INFO myLogger: [MapPartitionsRDD]StartAt:7837295460478,TaskAttempt ID:311,Partition Id:4,Stage Id:73
16/11/06 15:58:48 INFO myLogger: [ShuffledRDD]StartAt:7837296050251,TaskAttempt ID:311,Partition Id:4,Stage Id:73
16/11/06 15:58:48 INFO myLogger: [ShuffledRDD]EndAt:7837321281731,TaskAttempt ID:308,Partition Id:0,Stage Id:73
16/11/06 15:58:48 INFO myLogger: [MapPartitionsRDD]EndAt:7837321792210,TaskAttempt ID:308,Partition Id:0,Stage Id:73
16/11/06 15:58:48 INFO myLogger: [ShuffledRDD]EndAt:7837321876464,TaskAttempt ID:311,Partition Id:4,Stage Id:73
16/11/06 15:58:48 INFO myLogger: [ShuffledRDD]EndAt:7837325433563,TaskAttempt ID:314,Partition Id:7,Stage Id:73
16/11/06 15:58:48 INFO myLogger: [MapPartitionsRDD]EndAt:7837327251915,TaskAttempt ID:314,Partition Id:7,Stage Id:73
16/11/06 15:58:48 INFO myLogger: [MapPartitionsRDD]EndAt:7837329529390,TaskAttempt ID:311,Partition Id:4,Stage Id:73
16/11/06 15:59:03 INFO myLogger: [UnionRDD]StartAt:7852165149374,TaskAttempt ID:316,Partition Id:0,Stage Id:84
16/11/06 15:59:03 INFO myLogger: [UnionRDD]StartAt:7852165807293,TaskAttempt ID:330,Partition Id:15,Stage Id:84
16/11/06 15:59:03 INFO myLogger: [UnionRDD]StartAt:7852167888621,TaskAttempt ID:329,Partition Id:12,Stage Id:84
16/11/06 15:59:03 INFO myLogger: [MapPartitionsRDD]StartAt:7852168463762,TaskAttempt ID:330,Partition Id:15,Stage Id:84
16/11/06 15:59:03 INFO myLogger: [ShuffledRDD]StartAt:7852169604037,TaskAttempt ID:330,Partition Id:15,Stage Id:84
16/11/06 15:59:03 INFO myLogger: [UnionRDD]StartAt:7852169710389,TaskAttempt ID:320,Partition Id:4,Stage Id:84
16/11/06 15:59:03 INFO myLogger: [MapPartitionsRDD]StartAt:7852169909476,TaskAttempt ID:316,Partition Id:0,Stage Id:84
16/11/06 15:59:03 INFO myLogger: [MapPartitionsRDD]StartAt:7852171307429,TaskAttempt ID:329,Partition Id:12,Stage Id:84
16/11/06 15:59:03 INFO myLogger: [UnionRDD]StartAt:7852171442846,TaskAttempt ID:327,Partition Id:8,Stage Id:84
16/11/06 15:59:03 INFO myLogger: [ShuffledRDD]StartAt:7852171908269,TaskAttempt ID:316,Partition Id:0,Stage Id:84
16/11/06 15:59:03 INFO myLogger: [UnionRDD]StartAt:7852172100729,TaskAttempt ID:324,Partition Id:7,Stage Id:84
16/11/06 15:59:03 INFO myLogger: [MapPartitionsRDD]StartAt:7852172958069,TaskAttempt ID:320,Partition Id:4,Stage Id:84
16/11/06 15:59:03 INFO myLogger: [ShuffledRDD]StartAt:7852173142754,TaskAttempt ID:329,Partition Id:12,Stage Id:84
16/11/06 15:59:03 INFO myLogger: [ShuffledRDD]StartAt:7852174054000,TaskAttempt ID:320,Partition Id:4,Stage Id:84
16/11/06 15:59:03 INFO myLogger: [MapPartitionsRDD]StartAt:7852174153953,TaskAttempt ID:327,Partition Id:8,Stage Id:84
16/11/06 15:59:03 INFO myLogger: [MapPartitionsRDD]StartAt:7852174604221,TaskAttempt ID:324,Partition Id:7,Stage Id:84
16/11/06 15:59:03 INFO myLogger: [ShuffledRDD]StartAt:7852174698332,TaskAttempt ID:327,Partition Id:8,Stage Id:84
16/11/06 15:59:03 INFO myLogger: [ShuffledRDD]StartAt:7852174952256,TaskAttempt ID:324,Partition Id:7,Stage Id:84
16/11/06 15:59:03 INFO myLogger: [ShuffledRDD]EndAt:7852185090051,TaskAttempt ID:330,Partition Id:15,Stage Id:84
16/11/06 15:59:03 INFO myLogger: [MapPartitionsRDD]EndAt:7852185374489,TaskAttempt ID:330,Partition Id:15,Stage Id:84
16/11/06 15:59:03 INFO myLogger: [ShuffledRDD]EndAt:7852188491019,TaskAttempt ID:320,Partition Id:4,Stage Id:84
16/11/06 15:59:03 INFO myLogger: [MapPartitionsRDD]EndAt:7852188829295,TaskAttempt ID:320,Partition Id:4,Stage Id:84
16/11/06 15:59:03 INFO myLogger: [ShuffledRDD]EndAt:7852194690697,TaskAttempt ID:329,Partition Id:12,Stage Id:84
16/11/06 15:59:03 INFO myLogger: [MapPartitionsRDD]EndAt:7852195272930,TaskAttempt ID:329,Partition Id:12,Stage Id:84
16/11/06 15:59:03 INFO myLogger: [ShuffledRDD]EndAt:7852195390826,TaskAttempt ID:327,Partition Id:8,Stage Id:84
16/11/06 15:59:03 INFO myLogger: [MapPartitionsRDD]EndAt:7852225596230,TaskAttempt ID:327,Partition Id:8,Stage Id:84
16/11/06 15:59:03 INFO myLogger: [ShuffledRDD]EndAt:7852225710685,TaskAttempt ID:324,Partition Id:7,Stage Id:84
16/11/06 15:59:03 INFO myLogger: [ShuffledRDD]EndAt:7852225952221,TaskAttempt ID:316,Partition Id:0,Stage Id:84
16/11/06 15:59:03 INFO myLogger: [MapPartitionsRDD]EndAt:7852233203978,TaskAttempt ID:316,Partition Id:0,Stage Id:84
16/11/06 15:59:03 INFO myLogger: [MapPartitionsRDD]EndAt:7852232453130,TaskAttempt ID:324,Partition Id:7,Stage Id:84
16/11/06 15:59:06 INFO myLogger: [UnionRDD]EndAt:7855359108825,TaskAttempt ID:327,Partition Id:8,Stage Id:84
16/11/06 15:59:14 INFO myLogger: [UnionRDD]EndAt:7862522941294,TaskAttempt ID:316,Partition Id:0,Stage Id:84
16/11/06 15:59:14 INFO myLogger: [UnionRDD]EndAt:7863239016988,TaskAttempt ID:324,Partition Id:7,Stage Id:84
16/11/06 15:59:17 INFO myLogger: [UnionRDD]EndAt:7865856380401,TaskAttempt ID:330,Partition Id:15,Stage Id:84
16/11/06 15:59:19 INFO myLogger: [UnionRDD]EndAt:7867700423432,TaskAttempt ID:329,Partition Id:12,Stage Id:84
16/11/06 15:59:25 INFO myLogger: [UnionRDD]EndAt:7874243374387,TaskAttempt ID:320,Partition Id:4,Stage Id:84
16/11/06 16:00:37 INFO myLogger: [MapPartitionsRDD]StartAt:7945833186058,TaskAttempt ID:331,Partition Id:0,Stage Id:85
16/11/06 16:00:37 INFO myLogger: [MapPartitionsRDD]StartAt:7945833249302,TaskAttempt ID:338,Partition Id:7,Stage Id:85
16/11/06 16:00:37 INFO myLogger: [ShuffledRDD]StartAt:7945833639251,TaskAttempt ID:338,Partition Id:7,Stage Id:85
16/11/06 16:00:37 INFO myLogger: [ShuffledRDD]StartAt:7945833683624,TaskAttempt ID:331,Partition Id:0,Stage Id:85
16/11/06 16:00:37 INFO myLogger: [MapPartitionsRDD]StartAt:7945834860614,TaskAttempt ID:335,Partition Id:4,Stage Id:85
16/11/06 16:00:37 INFO myLogger: [ShuffledRDD]StartAt:7945835173883,TaskAttempt ID:335,Partition Id:4,Stage Id:85
16/11/06 16:00:37 INFO myLogger: [ShuffledRDD]EndAt:7945858162234,TaskAttempt ID:331,Partition Id:0,Stage Id:85
16/11/06 16:00:37 INFO myLogger: [MapPartitionsRDD]EndAt:7945859332398,TaskAttempt ID:331,Partition Id:0,Stage Id:85
16/11/06 16:00:37 INFO myLogger: [ShuffledRDD]EndAt:7945863254799,TaskAttempt ID:338,Partition Id:7,Stage Id:85
16/11/06 16:00:37 INFO myLogger: [MapPartitionsRDD]EndAt:7945863771964,TaskAttempt ID:338,Partition Id:7,Stage Id:85
16/11/06 16:00:37 INFO myLogger: [ShuffledRDD]EndAt:7945864218082,TaskAttempt ID:335,Partition Id:4,Stage Id:85
16/11/06 16:00:37 INFO myLogger: [MapPartitionsRDD]EndAt:7945887736413,TaskAttempt ID:335,Partition Id:4,Stage Id:85
16/11/06 16:01:00 INFO myLogger: [UnionRDD]StartAt:7968655922340,TaskAttempt ID:343,Partition Id:4,Stage Id:96
16/11/06 16:01:00 INFO myLogger: [MapPartitionsRDD]StartAt:7968656523259,TaskAttempt ID:343,Partition Id:4,Stage Id:96
16/11/06 16:01:00 INFO myLogger: [ShuffledRDD]StartAt:7968656727024,TaskAttempt ID:343,Partition Id:4,Stage Id:96
16/11/06 16:01:00 INFO myLogger: [UnionRDD]StartAt:7968658844873,TaskAttempt ID:354,Partition Id:15,Stage Id:96
16/11/06 16:01:00 INFO myLogger: [UnionRDD]StartAt:7968660726296,TaskAttempt ID:350,Partition Id:8,Stage Id:96
16/11/06 16:01:00 INFO myLogger: [UnionRDD]StartAt:7968661123795,TaskAttempt ID:353,Partition Id:12,Stage Id:96
16/11/06 16:01:00 INFO myLogger: [UnionRDD]StartAt:7968661267999,TaskAttempt ID:339,Partition Id:0,Stage Id:96
16/11/06 16:01:00 INFO myLogger: [UnionRDD]StartAt:7968661778518,TaskAttempt ID:347,Partition Id:7,Stage Id:96
16/11/06 16:01:00 INFO myLogger: [MapPartitionsRDD]StartAt:7968662167809,TaskAttempt ID:354,Partition Id:15,Stage Id:96
16/11/06 16:01:00 INFO myLogger: [ShuffledRDD]StartAt:7968663519115,TaskAttempt ID:354,Partition Id:15,Stage Id:96
16/11/06 16:01:00 INFO myLogger: [MapPartitionsRDD]StartAt:7968663906103,TaskAttempt ID:350,Partition Id:8,Stage Id:96
16/11/06 16:01:00 INFO myLogger: [MapPartitionsRDD]StartAt:7968664318998,TaskAttempt ID:353,Partition Id:12,Stage Id:96
16/11/06 16:01:00 INFO myLogger: [MapPartitionsRDD]StartAt:7968664529594,TaskAttempt ID:347,Partition Id:7,Stage Id:96
16/11/06 16:01:00 INFO myLogger: [ShuffledRDD]StartAt:7968664688310,TaskAttempt ID:350,Partition Id:8,Stage Id:96
16/11/06 16:01:00 INFO myLogger: [ShuffledRDD]StartAt:7968665446940,TaskAttempt ID:347,Partition Id:7,Stage Id:96
16/11/06 16:01:00 INFO myLogger: [ShuffledRDD]StartAt:7968665622901,TaskAttempt ID:353,Partition Id:12,Stage Id:96
16/11/06 16:01:00 INFO myLogger: [MapPartitionsRDD]StartAt:7968666047757,TaskAttempt ID:339,Partition Id:0,Stage Id:96
16/11/06 16:01:00 INFO myLogger: [ShuffledRDD]StartAt:7968666394243,TaskAttempt ID:339,Partition Id:0,Stage Id:96
16/11/06 16:01:00 INFO myLogger: [ShuffledRDD]EndAt:7968670841387,TaskAttempt ID:343,Partition Id:4,Stage Id:96
16/11/06 16:01:00 INFO myLogger: [MapPartitionsRDD]EndAt:7968671113963,TaskAttempt ID:343,Partition Id:4,Stage Id:96
16/11/06 16:01:00 INFO myLogger: [ShuffledRDD]EndAt:7968712424554,TaskAttempt ID:339,Partition Id:0,Stage Id:96
16/11/06 16:01:00 INFO myLogger: [ShuffledRDD]EndAt:7968712668955,TaskAttempt ID:347,Partition Id:7,Stage Id:96
16/11/06 16:01:00 INFO myLogger: [ShuffledRDD]EndAt:7968712998808,TaskAttempt ID:350,Partition Id:8,Stage Id:96
16/11/06 16:01:00 INFO myLogger: [MapPartitionsRDD]EndAt:7968713144341,TaskAttempt ID:339,Partition Id:0,Stage Id:96
16/11/06 16:01:00 INFO myLogger: [MapPartitionsRDD]EndAt:7968713180384,TaskAttempt ID:347,Partition Id:7,Stage Id:96
16/11/06 16:01:00 INFO myLogger: [MapPartitionsRDD]EndAt:7968713642152,TaskAttempt ID:350,Partition Id:8,Stage Id:96
16/11/06 16:01:00 INFO myLogger: [ShuffledRDD]EndAt:7968714264107,TaskAttempt ID:354,Partition Id:15,Stage Id:96
16/11/06 16:01:00 INFO myLogger: [ShuffledRDD]EndAt:7968714663333,TaskAttempt ID:353,Partition Id:12,Stage Id:96
16/11/06 16:01:00 INFO myLogger: [MapPartitionsRDD]EndAt:7968715013563,TaskAttempt ID:353,Partition Id:12,Stage Id:96
16/11/06 16:01:00 INFO myLogger: [MapPartitionsRDD]EndAt:7968715777163,TaskAttempt ID:354,Partition Id:15,Stage Id:96
16/11/06 16:01:04 INFO myLogger: [UnionRDD]EndAt:7972686840894,TaskAttempt ID:354,Partition Id:15,Stage Id:96
16/11/06 16:01:05 INFO myLogger: [UnionRDD]EndAt:7974061195756,TaskAttempt ID:353,Partition Id:12,Stage Id:96
16/11/06 16:01:10 INFO myLogger: [UnionRDD]EndAt:7978482295960,TaskAttempt ID:347,Partition Id:7,Stage Id:96
16/11/06 16:01:14 INFO myLogger: [UnionRDD]EndAt:7982746733941,TaskAttempt ID:350,Partition Id:8,Stage Id:96
16/11/06 16:01:19 INFO myLogger: [UnionRDD]EndAt:7988161833042,TaskAttempt ID:339,Partition Id:0,Stage Id:96
16/11/06 16:01:22 INFO myLogger: [UnionRDD]EndAt:7990631536182,TaskAttempt ID:343,Partition Id:4,Stage Id:96
16/11/06 16:02:31 INFO myLogger: [MapPartitionsRDD]StartAt:8060034737678,TaskAttempt ID:355,Partition Id:0,Stage Id:97
16/11/06 16:02:31 INFO myLogger: [ShuffledRDD]StartAt:8060034948986,TaskAttempt ID:355,Partition Id:0,Stage Id:97
16/11/06 16:02:31 INFO myLogger: [MapPartitionsRDD]StartAt:8060037144012,TaskAttempt ID:362,Partition Id:7,Stage Id:97
16/11/06 16:02:31 INFO myLogger: [MapPartitionsRDD]StartAt:8060037261947,TaskAttempt ID:359,Partition Id:4,Stage Id:97
16/11/06 16:02:31 INFO myLogger: [ShuffledRDD]StartAt:8060037558983,TaskAttempt ID:362,Partition Id:7,Stage Id:97
16/11/06 16:02:31 INFO myLogger: [ShuffledRDD]StartAt:8060037630436,TaskAttempt ID:359,Partition Id:4,Stage Id:97
16/11/06 16:02:31 INFO myLogger: [ShuffledRDD]EndAt:8060055697695,TaskAttempt ID:362,Partition Id:7,Stage Id:97
16/11/06 16:02:31 INFO myLogger: [MapPartitionsRDD]EndAt:8060056246525,TaskAttempt ID:362,Partition Id:7,Stage Id:97
16/11/06 16:02:31 INFO myLogger: [ShuffledRDD]EndAt:8060059962715,TaskAttempt ID:355,Partition Id:0,Stage Id:97
16/11/06 16:02:31 INFO myLogger: [MapPartitionsRDD]EndAt:8060060530174,TaskAttempt ID:355,Partition Id:0,Stage Id:97
16/11/06 16:02:31 INFO myLogger: [ShuffledRDD]EndAt:8060240915798,TaskAttempt ID:359,Partition Id:4,Stage Id:97
16/11/06 16:02:31 INFO myLogger: [MapPartitionsRDD]EndAt:8060241422278,TaskAttempt ID:359,Partition Id:4,Stage Id:97
