16/11/22 13:30:27 INFO serializeLogger: [CreationPYRE]StartAt:1479846627174,Parent RDD ID:1,Name:../shuffle_10M100k.dat,TaskAttempt ID:4,Partition Id:4,Stage Id:0
16/11/22 13:30:27 INFO serializeLogger: [CreationPYRE]StartAt:1479846627174,Parent RDD ID:1,Name:../shuffle_10M100k.dat,TaskAttempt ID:1,Partition Id:1,Stage Id:0
16/11/22 13:30:27 INFO serializeLogger: [CreationPYRE]StartAt:1479846627174,Parent RDD ID:1,Name:../shuffle_10M100k.dat,TaskAttempt ID:2,Partition Id:2,Stage Id:0
16/11/22 13:30:27 INFO serializeLogger: [CreationPYRE]StartAt:1479846627174,Parent RDD ID:1,Name:../shuffle_10M100k.dat,TaskAttempt ID:0,Partition Id:0,Stage Id:0
16/11/22 13:30:27 INFO serializeLogger: [CreationPYRE]StartAt:1479846627174,Parent RDD ID:1,Name:../shuffle_10M100k.dat,TaskAttempt ID:3,Partition Id:3,Stage Id:0
16/11/22 13:30:27 INFO serializeLogger: [CreationPYRE]EndAt:1479846627177,Parent RDD ID:1,Name:../shuffle_10M100k.dat,TaskAttempt ID:0,Partition Id:0,Stage Id:0
16/11/22 13:30:27 INFO serializeLogger: [CreationPYRE]EndAt:1479846627177,Parent RDD ID:1,Name:../shuffle_10M100k.dat,TaskAttempt ID:4,Partition Id:4,Stage Id:0
16/11/22 13:30:27 INFO serializeLogger: [CreationPYRE]EndAt:1479846627177,Parent RDD ID:1,Name:../shuffle_10M100k.dat,TaskAttempt ID:3,Partition Id:3,Stage Id:0
16/11/22 13:30:27 INFO serializeLogger: [CreationPYRE]EndAt:1479846627177,Parent RDD ID:1,Name:../shuffle_10M100k.dat,TaskAttempt ID:2,Partition Id:2,Stage Id:0
16/11/22 13:30:27 INFO serializeLogger: [RunnerCompute]StartAt:1479846627178,Parent RDD ID:1,Name:../shuffle_10M100k.dat,TaskAttempt ID:3,Partition Id:3,Stage Id:0
16/11/22 13:30:27 INFO serializeLogger: [CreationPYRE]EndAt:1479846627177,Parent RDD ID:1,Name:../shuffle_10M100k.dat,TaskAttempt ID:1,Partition Id:1,Stage Id:0
16/11/22 13:30:27 INFO serializeLogger: [RunnerCompute]StartAt:1479846627178,Parent RDD ID:1,Name:../shuffle_10M100k.dat,TaskAttempt ID:2,Partition Id:2,Stage Id:0
16/11/22 13:30:27 INFO serializeLogger: [RunnerCompute]StartAt:1479846627178,Parent RDD ID:1,Name:../shuffle_10M100k.dat,TaskAttempt ID:4,Partition Id:4,Stage Id:0
16/11/22 13:30:27 INFO serializeLogger: [RunnerCompute]StartAt:1479846627178,Parent RDD ID:1,Name:../shuffle_10M100k.dat,TaskAttempt ID:0,Partition Id:0,Stage Id:0
16/11/22 13:30:27 INFO serializeLogger: [RunnerCompute]StartAt:1479846627179,Parent RDD ID:1,Name:../shuffle_10M100k.dat,TaskAttempt ID:1,Partition Id:1,Stage Id:0
16/11/22 13:30:34 INFO serializeLogger: [writerThread]StartAt:1479846634009,Parent RDD ID:1,Name:../shuffle_10M100k.dat,TaskAttempt ID:3,Partition Id:3,Stage Id:0
16/11/22 13:30:34 INFO serializeLogger: [writerThread]StartAt:1479846634020,Parent RDD ID:1,Name:../shuffle_10M100k.dat,TaskAttempt ID:0,Partition Id:0,Stage Id:0
16/11/22 13:30:34 INFO serializeLogger: [writerThread]StartAt:1479846634125,Parent RDD ID:1,Name:../shuffle_10M100k.dat,TaskAttempt ID:4,Partition Id:4,Stage Id:0
16/11/22 13:30:34 INFO serializeLogger: [writerThread]StartAt:1479846634142,Parent RDD ID:1,Name:../shuffle_10M100k.dat,TaskAttempt ID:1,Partition Id:1,Stage Id:0
16/11/22 13:30:34 INFO serializeLogger: [writerThread]StartAt:1479846634159,Parent RDD ID:1,Name:../shuffle_10M100k.dat,TaskAttempt ID:2,Partition Id:2,Stage Id:0
16/11/22 13:30:37 INFO serializeLogger: [RunnerCompute]EndAt:1479846637923,Parent RDD ID:1,Name:../shuffle_10M100k.dat,TaskAttempt ID:4,Partition Id:4,Stage Id:0
16/11/22 13:30:37 INFO serializeLogger: [writerThread]EndAt:1479846637945,Parent RDD ID:1,Name:../shuffle_10M100k.dat,TaskAttempt ID:4,Partition Id:4,Stage Id:0
16/11/22 13:30:51 INFO serializeLogger: [RunnerCompute]EndAt:1479846651887,Parent RDD ID:1,Name:../shuffle_10M100k.dat,TaskAttempt ID:2,Partition Id:2,Stage Id:0
16/11/22 13:30:51 INFO serializeLogger: [writerThread]EndAt:1479846651893,Parent RDD ID:1,Name:../shuffle_10M100k.dat,TaskAttempt ID:2,Partition Id:2,Stage Id:0
16/11/22 13:30:51 INFO serializeLogger: [RunnerCompute]EndAt:1479846651899,Parent RDD ID:1,Name:../shuffle_10M100k.dat,TaskAttempt ID:1,Partition Id:1,Stage Id:0
16/11/22 13:30:51 INFO serializeLogger: [writerThread]EndAt:1479846651902,Parent RDD ID:1,Name:../shuffle_10M100k.dat,TaskAttempt ID:1,Partition Id:1,Stage Id:0
16/11/22 13:30:52 INFO serializeLogger: [RunnerCompute]EndAt:1479846652061,Parent RDD ID:1,Name:../shuffle_10M100k.dat,TaskAttempt ID:3,Partition Id:3,Stage Id:0
16/11/22 13:30:52 INFO serializeLogger: [writerThread]EndAt:1479846652063,Parent RDD ID:1,Name:../shuffle_10M100k.dat,TaskAttempt ID:3,Partition Id:3,Stage Id:0
16/11/22 13:30:52 INFO serializeLogger: [RunnerCompute]EndAt:1479846652240,Parent RDD ID:1,Name:../shuffle_10M100k.dat,TaskAttempt ID:0,Partition Id:0,Stage Id:0
16/11/22 13:30:52 INFO serializeLogger: [writerThread]EndAt:1479846652243,Parent RDD ID:1,Name:../shuffle_10M100k.dat,TaskAttempt ID:0,Partition Id:0,Stage Id:0
16/11/22 13:30:52 INFO serializeLogger: [CreationPYRE]StartAt:1479846652530,Parent RDD ID:1,Name:../shuffle_10M100k.dat,TaskAttempt ID:8,Partition Id:3,Stage Id:1
16/11/22 13:30:52 INFO serializeLogger: [CreationPYRE]EndAt:1479846652530,Parent RDD ID:1,Name:../shuffle_10M100k.dat,TaskAttempt ID:8,Partition Id:3,Stage Id:1
16/11/22 13:30:52 INFO serializeLogger: [RunnerCompute]StartAt:1479846652531,Parent RDD ID:1,Name:../shuffle_10M100k.dat,TaskAttempt ID:8,Partition Id:3,Stage Id:1
16/11/22 13:30:52 INFO serializeLogger: [writerThread]StartAt:1479846652540,Parent RDD ID:1,Name:../shuffle_10M100k.dat,TaskAttempt ID:8,Partition Id:3,Stage Id:1
16/11/22 13:31:10 INFO serializeLogger: [RunnerCompute]EndAt:1479846670125,Parent RDD ID:1,Name:../shuffle_10M100k.dat,TaskAttempt ID:8,Partition Id:3,Stage Id:1
16/11/22 13:31:10 INFO serializeLogger: [writerThread]EndAt:1479846670129,Parent RDD ID:1,Name:../shuffle_10M100k.dat,TaskAttempt ID:8,Partition Id:3,Stage Id:1
16/11/22 13:31:20 INFO serializeLogger: [CreationPYRE]StartAt:1479846680248,Parent RDD ID:1,Name:../shuffle_10M100k.dat,TaskAttempt ID:11,Partition Id:1,Stage Id:2
16/11/22 13:31:20 INFO serializeLogger: [CreationPYRE]EndAt:1479846680248,Parent RDD ID:1,Name:../shuffle_10M100k.dat,TaskAttempt ID:11,Partition Id:1,Stage Id:2
16/11/22 13:31:20 INFO serializeLogger: [RunnerCompute]StartAt:1479846680248,Parent RDD ID:1,Name:../shuffle_10M100k.dat,TaskAttempt ID:11,Partition Id:1,Stage Id:2
16/11/22 13:31:20 INFO serializeLogger: [writerThread]StartAt:1479846680257,Parent RDD ID:1,Name:../shuffle_10M100k.dat,TaskAttempt ID:11,Partition Id:1,Stage Id:2
16/11/22 13:31:20 INFO serializeLogger: [RunnerCompute]EndAt:1479846680330,Parent RDD ID:1,Name:../shuffle_10M100k.dat,TaskAttempt ID:11,Partition Id:1,Stage Id:2
16/11/22 13:32:02 INFO serializeLogger: [writerThread]EndAt:1479846722045,Parent RDD ID:1,Name:../shuffle_10M100k.dat,TaskAttempt ID:11,Partition Id:1,Stage Id:2
16/11/22 13:32:03 INFO serializeLogger: [CreationPYRE]StartAt:1479846723800,Parent RDD ID:11,Name:UnionRDD,TaskAttempt ID:18,Partition Id:3,Stage Id:3
16/11/22 13:32:03 INFO serializeLogger: [CreationPYRE]EndAt:1479846723800,Parent RDD ID:11,Name:UnionRDD,TaskAttempt ID:18,Partition Id:3,Stage Id:3
16/11/22 13:32:03 INFO serializeLogger: [RunnerCompute]StartAt:1479846723800,Parent RDD ID:11,Name:UnionRDD,TaskAttempt ID:18,Partition Id:3,Stage Id:3
16/11/22 13:32:03 INFO serializeLogger: [CreationPYRE]StartAt:1479846723801,Parent RDD ID:11,Name:UnionRDD,TaskAttempt ID:22,Partition Id:7,Stage Id:3
16/11/22 13:32:03 INFO serializeLogger: [CreationPYRE]EndAt:1479846723802,Parent RDD ID:11,Name:UnionRDD,TaskAttempt ID:22,Partition Id:7,Stage Id:3
16/11/22 13:32:03 INFO serializeLogger: [RunnerCompute]StartAt:1479846723802,Parent RDD ID:11,Name:UnionRDD,TaskAttempt ID:22,Partition Id:7,Stage Id:3
16/11/22 13:32:03 INFO serializeLogger: [CreationPYRE]StartAt:1479846723802,Parent RDD ID:7,Name:MapPartitionedRDD,TaskAttempt ID:18,Partition Id:3,Stage Id:3
16/11/22 13:32:03 INFO serializeLogger: [CreationPYRE]EndAt:1479846723802,Parent RDD ID:7,Name:MapPartitionedRDD,TaskAttempt ID:18,Partition Id:3,Stage Id:3
16/11/22 13:32:03 INFO serializeLogger: [RunnerCompute]StartAt:1479846723802,Parent RDD ID:7,Name:MapPartitionedRDD,TaskAttempt ID:18,Partition Id:3,Stage Id:3
16/11/22 13:32:03 INFO serializeLogger: [CreationPYRE]StartAt:1479846723803,Parent RDD ID:8,Name:ParallelCollectionRDD,TaskAttempt ID:22,Partition Id:7,Stage Id:3
16/11/22 13:32:03 INFO serializeLogger: [CreationPYRE]EndAt:1479846723803,Parent RDD ID:8,Name:ParallelCollectionRDD,TaskAttempt ID:22,Partition Id:7,Stage Id:3
16/11/22 13:32:03 INFO serializeLogger: [RunnerCompute]StartAt:1479846723804,Parent RDD ID:8,Name:ParallelCollectionRDD,TaskAttempt ID:22,Partition Id:7,Stage Id:3
16/11/22 13:32:03 INFO serializeLogger: [writerThread]StartAt:1479846723871,Parent RDD ID:8,Name:ParallelCollectionRDD,TaskAttempt ID:22,Partition Id:7,Stage Id:3
16/11/22 13:32:03 INFO serializeLogger: [writerThread]StartAt:1479846723932,Parent RDD ID:7,Name:MapPartitionedRDD,TaskAttempt ID:18,Partition Id:3,Stage Id:3
16/11/22 13:32:04 INFO serializeLogger: [RunnerCompute]EndAt:1479846724026,Parent RDD ID:8,Name:ParallelCollectionRDD,TaskAttempt ID:22,Partition Id:7,Stage Id:3
16/11/22 13:32:04 INFO serializeLogger: [writerThread]StartAt:1479846724027,Parent RDD ID:11,Name:UnionRDD,TaskAttempt ID:22,Partition Id:7,Stage Id:3
16/11/22 13:32:04 INFO serializeLogger: [RunnerCompute]EndAt:1479846724202,Parent RDD ID:11,Name:UnionRDD,TaskAttempt ID:22,Partition Id:7,Stage Id:3
16/11/22 13:32:04 INFO serializeLogger: [writerThread]EndAt:1479846724396,Parent RDD ID:11,Name:UnionRDD,TaskAttempt ID:22,Partition Id:7,Stage Id:3
16/11/22 13:32:04 INFO serializeLogger: [writerThread]EndAt:1479846724396,Parent RDD ID:8,Name:ParallelCollectionRDD,TaskAttempt ID:22,Partition Id:7,Stage Id:3
16/11/22 13:32:24 INFO serializeLogger: [RunnerCompute]EndAt:1479846744733,Parent RDD ID:7,Name:MapPartitionedRDD,TaskAttempt ID:18,Partition Id:3,Stage Id:3
16/11/22 13:32:24 INFO serializeLogger: [writerThread]StartAt:1479846744735,Parent RDD ID:11,Name:UnionRDD,TaskAttempt ID:18,Partition Id:3,Stage Id:3
16/11/22 13:32:42 INFO serializeLogger: [RunnerCompute]EndAt:1479846762942,Parent RDD ID:11,Name:UnionRDD,TaskAttempt ID:18,Partition Id:3,Stage Id:3
16/11/22 13:32:44 INFO serializeLogger: [writerThread]EndAt:1479846764224,Parent RDD ID:11,Name:UnionRDD,TaskAttempt ID:18,Partition Id:3,Stage Id:3
16/11/22 13:32:44 INFO serializeLogger: [writerThread]EndAt:1479846764224,Parent RDD ID:7,Name:MapPartitionedRDD,TaskAttempt ID:18,Partition Id:3,Stage Id:3
16/11/22 13:32:46 INFO serializeLogger: [CreationPYRE]StartAt:1479846766713,Parent RDD ID:18,Name:UnionRDD,TaskAttempt ID:27,Partition Id:3,Stage Id:4
16/11/22 13:32:46 INFO serializeLogger: [CreationPYRE]EndAt:1479846766713,Parent RDD ID:18,Name:UnionRDD,TaskAttempt ID:27,Partition Id:3,Stage Id:4
16/11/22 13:32:46 INFO serializeLogger: [RunnerCompute]StartAt:1479846766713,Parent RDD ID:18,Name:UnionRDD,TaskAttempt ID:27,Partition Id:3,Stage Id:4
16/11/22 13:32:46 INFO serializeLogger: [CreationPYRE]StartAt:1479846766714,Parent RDD ID:15,Name:MapPartitionedRDD,TaskAttempt ID:27,Partition Id:3,Stage Id:4
16/11/22 13:32:46 INFO serializeLogger: [CreationPYRE]EndAt:1479846766714,Parent RDD ID:15,Name:MapPartitionedRDD,TaskAttempt ID:27,Partition Id:3,Stage Id:4
16/11/22 13:32:46 INFO serializeLogger: [RunnerCompute]StartAt:1479846766714,Parent RDD ID:15,Name:MapPartitionedRDD,TaskAttempt ID:27,Partition Id:3,Stage Id:4
16/11/22 13:32:46 INFO serializeLogger: [CreationPYRE]StartAt:1479846766718,Parent RDD ID:18,Name:UnionRDD,TaskAttempt ID:23,Partition Id:7,Stage Id:4
16/11/22 13:32:46 INFO serializeLogger: [CreationPYRE]EndAt:1479846766718,Parent RDD ID:18,Name:UnionRDD,TaskAttempt ID:23,Partition Id:7,Stage Id:4
16/11/22 13:32:46 INFO serializeLogger: [RunnerCompute]StartAt:1479846766719,Parent RDD ID:18,Name:UnionRDD,TaskAttempt ID:23,Partition Id:7,Stage Id:4
16/11/22 13:32:46 INFO serializeLogger: [CreationPYRE]StartAt:1479846766719,Parent RDD ID:8,Name:ParallelCollectionRDD,TaskAttempt ID:23,Partition Id:7,Stage Id:4
16/11/22 13:32:46 INFO serializeLogger: [CreationPYRE]EndAt:1479846766720,Parent RDD ID:8,Name:ParallelCollectionRDD,TaskAttempt ID:23,Partition Id:7,Stage Id:4
16/11/22 13:32:46 INFO serializeLogger: [RunnerCompute]StartAt:1479846766720,Parent RDD ID:8,Name:ParallelCollectionRDD,TaskAttempt ID:23,Partition Id:7,Stage Id:4
16/11/22 13:32:46 INFO serializeLogger: [writerThread]StartAt:1479846766739,Parent RDD ID:8,Name:ParallelCollectionRDD,TaskAttempt ID:23,Partition Id:7,Stage Id:4
16/11/22 13:32:46 INFO serializeLogger: [writerThread]StartAt:1479846766759,Parent RDD ID:15,Name:MapPartitionedRDD,TaskAttempt ID:27,Partition Id:3,Stage Id:4
16/11/22 13:32:46 INFO serializeLogger: [RunnerCompute]EndAt:1479846766866,Parent RDD ID:8,Name:ParallelCollectionRDD,TaskAttempt ID:23,Partition Id:7,Stage Id:4
16/11/22 13:32:46 INFO serializeLogger: [writerThread]StartAt:1479846766868,Parent RDD ID:18,Name:UnionRDD,TaskAttempt ID:23,Partition Id:7,Stage Id:4
16/11/22 13:32:47 INFO serializeLogger: [RunnerCompute]EndAt:1479846767250,Parent RDD ID:18,Name:UnionRDD,TaskAttempt ID:23,Partition Id:7,Stage Id:4
16/11/22 13:32:47 INFO serializeLogger: [writerThread]EndAt:1479846767571,Parent RDD ID:18,Name:UnionRDD,TaskAttempt ID:23,Partition Id:7,Stage Id:4
16/11/22 13:32:47 INFO serializeLogger: [writerThread]EndAt:1479846767571,Parent RDD ID:8,Name:ParallelCollectionRDD,TaskAttempt ID:23,Partition Id:7,Stage Id:4
16/11/22 13:33:06 INFO serializeLogger: [RunnerCompute]EndAt:1479846786187,Parent RDD ID:15,Name:MapPartitionedRDD,TaskAttempt ID:27,Partition Id:3,Stage Id:4
16/11/22 13:33:06 INFO serializeLogger: [writerThread]StartAt:1479846786190,Parent RDD ID:18,Name:UnionRDD,TaskAttempt ID:27,Partition Id:3,Stage Id:4
16/11/22 13:33:26 INFO serializeLogger: [RunnerCompute]EndAt:1479846806480,Parent RDD ID:18,Name:UnionRDD,TaskAttempt ID:27,Partition Id:3,Stage Id:4
16/11/22 13:33:27 INFO serializeLogger: [writerThread]EndAt:1479846807818,Parent RDD ID:18,Name:UnionRDD,TaskAttempt ID:27,Partition Id:3,Stage Id:4
16/11/22 13:33:27 INFO serializeLogger: [writerThread]EndAt:1479846807818,Parent RDD ID:15,Name:MapPartitionedRDD,TaskAttempt ID:27,Partition Id:3,Stage Id:4
16/11/22 13:33:28 INFO serializeLogger: [CreationPYRE]StartAt:1479846808756,Parent RDD ID:25,Name:UnionRDD,TaskAttempt ID:34,Partition Id:3,Stage Id:5
16/11/22 13:33:28 INFO serializeLogger: [CreationPYRE]EndAt:1479846808756,Parent RDD ID:25,Name:UnionRDD,TaskAttempt ID:34,Partition Id:3,Stage Id:5
16/11/22 13:33:28 INFO serializeLogger: [RunnerCompute]StartAt:1479846808756,Parent RDD ID:25,Name:UnionRDD,TaskAttempt ID:34,Partition Id:3,Stage Id:5
16/11/22 13:33:28 INFO serializeLogger: [CreationPYRE]StartAt:1479846808757,Parent RDD ID:22,Name:MapPartitionedRDD,TaskAttempt ID:34,Partition Id:3,Stage Id:5
16/11/22 13:33:28 INFO serializeLogger: [CreationPYRE]EndAt:1479846808757,Parent RDD ID:22,Name:MapPartitionedRDD,TaskAttempt ID:34,Partition Id:3,Stage Id:5
16/11/22 13:33:28 INFO serializeLogger: [RunnerCompute]StartAt:1479846808757,Parent RDD ID:22,Name:MapPartitionedRDD,TaskAttempt ID:34,Partition Id:3,Stage Id:5
16/11/22 13:33:28 INFO serializeLogger: [CreationPYRE]StartAt:1479846808758,Parent RDD ID:25,Name:UnionRDD,TaskAttempt ID:38,Partition Id:7,Stage Id:5
16/11/22 13:33:28 INFO serializeLogger: [CreationPYRE]EndAt:1479846808758,Parent RDD ID:25,Name:UnionRDD,TaskAttempt ID:38,Partition Id:7,Stage Id:5
16/11/22 13:33:28 INFO serializeLogger: [RunnerCompute]StartAt:1479846808758,Parent RDD ID:25,Name:UnionRDD,TaskAttempt ID:38,Partition Id:7,Stage Id:5
16/11/22 13:33:28 INFO serializeLogger: [CreationPYRE]StartAt:1479846808759,Parent RDD ID:22,Name:MapPartitionedRDD,TaskAttempt ID:38,Partition Id:7,Stage Id:5
16/11/22 13:33:28 INFO serializeLogger: [CreationPYRE]EndAt:1479846808760,Parent RDD ID:22,Name:MapPartitionedRDD,TaskAttempt ID:38,Partition Id:7,Stage Id:5
16/11/22 13:33:28 INFO serializeLogger: [RunnerCompute]StartAt:1479846808760,Parent RDD ID:22,Name:MapPartitionedRDD,TaskAttempt ID:38,Partition Id:7,Stage Id:5
16/11/22 13:33:28 INFO serializeLogger: [writerThread]StartAt:1479846808804,Parent RDD ID:22,Name:MapPartitionedRDD,TaskAttempt ID:38,Partition Id:7,Stage Id:5
16/11/22 13:33:28 INFO serializeLogger: [writerThread]StartAt:1479846808858,Parent RDD ID:22,Name:MapPartitionedRDD,TaskAttempt ID:34,Partition Id:3,Stage Id:5
16/11/22 13:34:02 INFO serializeLogger: [RunnerCompute]EndAt:1479846842197,Parent RDD ID:22,Name:MapPartitionedRDD,TaskAttempt ID:38,Partition Id:7,Stage Id:5
16/11/22 13:34:02 INFO serializeLogger: [writerThread]StartAt:1479846842200,Parent RDD ID:25,Name:UnionRDD,TaskAttempt ID:38,Partition Id:7,Stage Id:5
16/11/22 13:34:02 INFO serializeLogger: [RunnerCompute]EndAt:1479846842306,Parent RDD ID:25,Name:UnionRDD,TaskAttempt ID:38,Partition Id:7,Stage Id:5
16/11/22 13:34:02 INFO serializeLogger: [writerThread]EndAt:1479846842468,Parent RDD ID:25,Name:UnionRDD,TaskAttempt ID:38,Partition Id:7,Stage Id:5
16/11/22 13:34:02 INFO serializeLogger: [writerThread]EndAt:1479846842468,Parent RDD ID:22,Name:MapPartitionedRDD,TaskAttempt ID:38,Partition Id:7,Stage Id:5
16/11/22 13:34:08 INFO serializeLogger: [RunnerCompute]EndAt:1479846848450,Parent RDD ID:22,Name:MapPartitionedRDD,TaskAttempt ID:34,Partition Id:3,Stage Id:5
16/11/22 13:34:08 INFO serializeLogger: [writerThread]StartAt:1479846848452,Parent RDD ID:25,Name:UnionRDD,TaskAttempt ID:34,Partition Id:3,Stage Id:5
16/11/22 13:34:27 INFO serializeLogger: [RunnerCompute]EndAt:1479846867401,Parent RDD ID:25,Name:UnionRDD,TaskAttempt ID:34,Partition Id:3,Stage Id:5
16/11/22 13:34:28 INFO serializeLogger: [writerThread]EndAt:1479846868772,Parent RDD ID:25,Name:UnionRDD,TaskAttempt ID:34,Partition Id:3,Stage Id:5
16/11/22 13:34:28 INFO serializeLogger: [writerThread]EndAt:1479846868772,Parent RDD ID:22,Name:MapPartitionedRDD,TaskAttempt ID:34,Partition Id:3,Stage Id:5
16/11/22 13:34:32 INFO serializeLogger: [CreationPYRE]StartAt:1479846872101,Parent RDD ID:32,Name:UnionRDD,TaskAttempt ID:42,Partition Id:2,Stage Id:6
16/11/22 13:34:32 INFO serializeLogger: [CreationPYRE]EndAt:1479846872101,Parent RDD ID:32,Name:UnionRDD,TaskAttempt ID:42,Partition Id:2,Stage Id:6
16/11/22 13:34:32 INFO serializeLogger: [RunnerCompute]StartAt:1479846872101,Parent RDD ID:32,Name:UnionRDD,TaskAttempt ID:42,Partition Id:2,Stage Id:6
16/11/22 13:34:32 INFO serializeLogger: [CreationPYRE]StartAt:1479846872102,Parent RDD ID:29,Name:MapPartitionedRDD,TaskAttempt ID:42,Partition Id:2,Stage Id:6
16/11/22 13:34:32 INFO serializeLogger: [CreationPYRE]EndAt:1479846872102,Parent RDD ID:29,Name:MapPartitionedRDD,TaskAttempt ID:42,Partition Id:2,Stage Id:6
16/11/22 13:34:32 INFO serializeLogger: [RunnerCompute]StartAt:1479846872102,Parent RDD ID:29,Name:MapPartitionedRDD,TaskAttempt ID:42,Partition Id:2,Stage Id:6
16/11/22 13:34:32 INFO serializeLogger: [CreationPYRE]StartAt:1479846872108,Parent RDD ID:32,Name:UnionRDD,TaskAttempt ID:45,Partition Id:6,Stage Id:6
16/11/22 13:34:32 INFO serializeLogger: [CreationPYRE]EndAt:1479846872108,Parent RDD ID:32,Name:UnionRDD,TaskAttempt ID:45,Partition Id:6,Stage Id:6
16/11/22 13:34:32 INFO serializeLogger: [RunnerCompute]StartAt:1479846872108,Parent RDD ID:32,Name:UnionRDD,TaskAttempt ID:45,Partition Id:6,Stage Id:6
16/11/22 13:34:32 INFO serializeLogger: [CreationPYRE]StartAt:1479846872110,Parent RDD ID:29,Name:MapPartitionedRDD,TaskAttempt ID:45,Partition Id:6,Stage Id:6
16/11/22 13:34:32 INFO serializeLogger: [CreationPYRE]EndAt:1479846872111,Parent RDD ID:29,Name:MapPartitionedRDD,TaskAttempt ID:45,Partition Id:6,Stage Id:6
16/11/22 13:34:32 INFO serializeLogger: [RunnerCompute]StartAt:1479846872111,Parent RDD ID:29,Name:MapPartitionedRDD,TaskAttempt ID:45,Partition Id:6,Stage Id:6
16/11/22 13:34:32 INFO serializeLogger: [writerThread]StartAt:1479846872151,Parent RDD ID:29,Name:MapPartitionedRDD,TaskAttempt ID:45,Partition Id:6,Stage Id:6
16/11/22 13:34:32 INFO serializeLogger: [writerThread]StartAt:1479846872154,Parent RDD ID:29,Name:MapPartitionedRDD,TaskAttempt ID:42,Partition Id:2,Stage Id:6
16/11/22 13:35:09 INFO serializeLogger: [RunnerCompute]EndAt:1479846909091,Parent RDD ID:29,Name:MapPartitionedRDD,TaskAttempt ID:45,Partition Id:6,Stage Id:6
16/11/22 13:35:09 INFO serializeLogger: [writerThread]StartAt:1479846909094,Parent RDD ID:32,Name:UnionRDD,TaskAttempt ID:45,Partition Id:6,Stage Id:6
16/11/22 13:35:09 INFO serializeLogger: [RunnerCompute]EndAt:1479846909405,Parent RDD ID:32,Name:UnionRDD,TaskAttempt ID:45,Partition Id:6,Stage Id:6
16/11/22 13:35:09 INFO serializeLogger: [writerThread]EndAt:1479846909561,Parent RDD ID:32,Name:UnionRDD,TaskAttempt ID:45,Partition Id:6,Stage Id:6
16/11/22 13:35:09 INFO serializeLogger: [writerThread]EndAt:1479846909561,Parent RDD ID:29,Name:MapPartitionedRDD,TaskAttempt ID:45,Partition Id:6,Stage Id:6
16/11/22 13:35:18 INFO serializeLogger: [RunnerCompute]EndAt:1479846918480,Parent RDD ID:29,Name:MapPartitionedRDD,TaskAttempt ID:42,Partition Id:2,Stage Id:6
16/11/22 13:35:18 INFO serializeLogger: [writerThread]StartAt:1479846918483,Parent RDD ID:32,Name:UnionRDD,TaskAttempt ID:42,Partition Id:2,Stage Id:6
16/11/22 13:35:37 INFO serializeLogger: [RunnerCompute]EndAt:1479846937587,Parent RDD ID:32,Name:UnionRDD,TaskAttempt ID:42,Partition Id:2,Stage Id:6
16/11/22 13:35:38 INFO serializeLogger: [writerThread]EndAt:1479846938929,Parent RDD ID:32,Name:UnionRDD,TaskAttempt ID:42,Partition Id:2,Stage Id:6
16/11/22 13:35:38 INFO serializeLogger: [writerThread]EndAt:1479846938929,Parent RDD ID:29,Name:MapPartitionedRDD,TaskAttempt ID:42,Partition Id:2,Stage Id:6
16/11/22 13:35:40 INFO serializeLogger: [CreationPYRE]StartAt:1479846940837,Parent RDD ID:39,Name:UnionRDD,TaskAttempt ID:50,Partition Id:2,Stage Id:7
16/11/22 13:35:40 INFO serializeLogger: [CreationPYRE]EndAt:1479846940837,Parent RDD ID:39,Name:UnionRDD,TaskAttempt ID:50,Partition Id:2,Stage Id:7
16/11/22 13:35:40 INFO serializeLogger: [RunnerCompute]StartAt:1479846940837,Parent RDD ID:39,Name:UnionRDD,TaskAttempt ID:50,Partition Id:2,Stage Id:7
16/11/22 13:35:40 INFO serializeLogger: [CreationPYRE]StartAt:1479846940838,Parent RDD ID:36,Name:MapPartitionedRDD,TaskAttempt ID:50,Partition Id:2,Stage Id:7
16/11/22 13:35:40 INFO serializeLogger: [CreationPYRE]EndAt:1479846940838,Parent RDD ID:36,Name:MapPartitionedRDD,TaskAttempt ID:50,Partition Id:2,Stage Id:7
16/11/22 13:35:40 INFO serializeLogger: [RunnerCompute]StartAt:1479846940839,Parent RDD ID:36,Name:MapPartitionedRDD,TaskAttempt ID:50,Partition Id:2,Stage Id:7
16/11/22 13:35:40 INFO serializeLogger: [CreationPYRE]StartAt:1479846940839,Parent RDD ID:39,Name:UnionRDD,TaskAttempt ID:54,Partition Id:6,Stage Id:7
16/11/22 13:35:40 INFO serializeLogger: [CreationPYRE]EndAt:1479846940839,Parent RDD ID:39,Name:UnionRDD,TaskAttempt ID:54,Partition Id:6,Stage Id:7
16/11/22 13:35:40 INFO serializeLogger: [RunnerCompute]StartAt:1479846940839,Parent RDD ID:39,Name:UnionRDD,TaskAttempt ID:54,Partition Id:6,Stage Id:7
16/11/22 13:35:40 INFO serializeLogger: [CreationPYRE]StartAt:1479846940840,Parent RDD ID:36,Name:MapPartitionedRDD,TaskAttempt ID:54,Partition Id:6,Stage Id:7
16/11/22 13:35:40 INFO serializeLogger: [CreationPYRE]EndAt:1479846940840,Parent RDD ID:36,Name:MapPartitionedRDD,TaskAttempt ID:54,Partition Id:6,Stage Id:7
16/11/22 13:35:40 INFO serializeLogger: [RunnerCompute]StartAt:1479846940841,Parent RDD ID:36,Name:MapPartitionedRDD,TaskAttempt ID:54,Partition Id:6,Stage Id:7
16/11/22 13:35:40 INFO serializeLogger: [writerThread]StartAt:1479846940880,Parent RDD ID:36,Name:MapPartitionedRDD,TaskAttempt ID:50,Partition Id:2,Stage Id:7
16/11/22 13:35:40 INFO serializeLogger: [writerThread]StartAt:1479846940881,Parent RDD ID:36,Name:MapPartitionedRDD,TaskAttempt ID:54,Partition Id:6,Stage Id:7
16/11/22 13:36:17 INFO serializeLogger: [RunnerCompute]EndAt:1479846977720,Parent RDD ID:36,Name:MapPartitionedRDD,TaskAttempt ID:54,Partition Id:6,Stage Id:7
16/11/22 13:36:17 INFO serializeLogger: [writerThread]StartAt:1479846977722,Parent RDD ID:39,Name:UnionRDD,TaskAttempt ID:54,Partition Id:6,Stage Id:7
16/11/22 13:36:18 INFO serializeLogger: [RunnerCompute]EndAt:1479846978035,Parent RDD ID:39,Name:UnionRDD,TaskAttempt ID:54,Partition Id:6,Stage Id:7
16/11/22 13:36:18 INFO serializeLogger: [writerThread]EndAt:1479846978192,Parent RDD ID:39,Name:UnionRDD,TaskAttempt ID:54,Partition Id:6,Stage Id:7
16/11/22 13:36:18 INFO serializeLogger: [writerThread]EndAt:1479846978192,Parent RDD ID:36,Name:MapPartitionedRDD,TaskAttempt ID:54,Partition Id:6,Stage Id:7
16/11/22 13:36:21 INFO serializeLogger: [RunnerCompute]EndAt:1479846981232,Parent RDD ID:36,Name:MapPartitionedRDD,TaskAttempt ID:50,Partition Id:2,Stage Id:7
16/11/22 13:36:21 INFO serializeLogger: [writerThread]StartAt:1479846981235,Parent RDD ID:39,Name:UnionRDD,TaskAttempt ID:50,Partition Id:2,Stage Id:7
16/11/22 13:36:43 INFO serializeLogger: [RunnerCompute]EndAt:1479847003129,Parent RDD ID:39,Name:UnionRDD,TaskAttempt ID:50,Partition Id:2,Stage Id:7
16/11/22 13:36:44 INFO serializeLogger: [writerThread]EndAt:1479847004570,Parent RDD ID:39,Name:UnionRDD,TaskAttempt ID:50,Partition Id:2,Stage Id:7
16/11/22 13:36:44 INFO serializeLogger: [writerThread]EndAt:1479847004570,Parent RDD ID:36,Name:MapPartitionedRDD,TaskAttempt ID:50,Partition Id:2,Stage Id:7
16/11/22 13:36:45 INFO serializeLogger: [CreationPYRE]StartAt:1479847005049,Parent RDD ID:46,Name:UnionRDD,TaskAttempt ID:56,Partition Id:1,Stage Id:8
16/11/22 13:36:45 INFO serializeLogger: [CreationPYRE]EndAt:1479847005049,Parent RDD ID:46,Name:UnionRDD,TaskAttempt ID:56,Partition Id:1,Stage Id:8
16/11/22 13:36:45 INFO serializeLogger: [RunnerCompute]StartAt:1479847005049,Parent RDD ID:46,Name:UnionRDD,TaskAttempt ID:56,Partition Id:1,Stage Id:8
16/11/22 13:36:45 INFO serializeLogger: [CreationPYRE]StartAt:1479847005050,Parent RDD ID:43,Name:MapPartitionedRDD,TaskAttempt ID:56,Partition Id:1,Stage Id:8
16/11/22 13:36:45 INFO serializeLogger: [CreationPYRE]EndAt:1479847005050,Parent RDD ID:43,Name:MapPartitionedRDD,TaskAttempt ID:56,Partition Id:1,Stage Id:8
16/11/22 13:36:45 INFO serializeLogger: [RunnerCompute]StartAt:1479847005050,Parent RDD ID:43,Name:MapPartitionedRDD,TaskAttempt ID:56,Partition Id:1,Stage Id:8
16/11/22 13:36:45 INFO serializeLogger: [CreationPYRE]StartAt:1479847005056,Parent RDD ID:46,Name:UnionRDD,TaskAttempt ID:60,Partition Id:5,Stage Id:8
16/11/22 13:36:45 INFO serializeLogger: [CreationPYRE]EndAt:1479847005057,Parent RDD ID:46,Name:UnionRDD,TaskAttempt ID:60,Partition Id:5,Stage Id:8
16/11/22 13:36:45 INFO serializeLogger: [RunnerCompute]StartAt:1479847005057,Parent RDD ID:46,Name:UnionRDD,TaskAttempt ID:60,Partition Id:5,Stage Id:8
16/11/22 13:36:45 INFO serializeLogger: [CreationPYRE]StartAt:1479847005058,Parent RDD ID:43,Name:MapPartitionedRDD,TaskAttempt ID:60,Partition Id:5,Stage Id:8
16/11/22 13:36:45 INFO serializeLogger: [CreationPYRE]EndAt:1479847005058,Parent RDD ID:43,Name:MapPartitionedRDD,TaskAttempt ID:60,Partition Id:5,Stage Id:8
16/11/22 13:36:45 INFO serializeLogger: [RunnerCompute]StartAt:1479847005058,Parent RDD ID:43,Name:MapPartitionedRDD,TaskAttempt ID:60,Partition Id:5,Stage Id:8
16/11/22 13:36:45 INFO serializeLogger: [writerThread]StartAt:1479847005093,Parent RDD ID:43,Name:MapPartitionedRDD,TaskAttempt ID:60,Partition Id:5,Stage Id:8
16/11/22 13:36:45 INFO serializeLogger: [writerThread]StartAt:1479847005093,Parent RDD ID:43,Name:MapPartitionedRDD,TaskAttempt ID:56,Partition Id:1,Stage Id:8
16/11/22 13:37:25 INFO serializeLogger: [RunnerCompute]EndAt:1479847045064,Parent RDD ID:43,Name:MapPartitionedRDD,TaskAttempt ID:60,Partition Id:5,Stage Id:8
16/11/22 13:37:25 INFO serializeLogger: [writerThread]StartAt:1479847045066,Parent RDD ID:46,Name:UnionRDD,TaskAttempt ID:60,Partition Id:5,Stage Id:8
16/11/22 13:37:25 INFO serializeLogger: [RunnerCompute]EndAt:1479847045384,Parent RDD ID:46,Name:UnionRDD,TaskAttempt ID:60,Partition Id:5,Stage Id:8
16/11/22 13:37:25 INFO serializeLogger: [writerThread]EndAt:1479847045532,Parent RDD ID:46,Name:UnionRDD,TaskAttempt ID:60,Partition Id:5,Stage Id:8
16/11/22 13:37:25 INFO serializeLogger: [writerThread]EndAt:1479847045532,Parent RDD ID:43,Name:MapPartitionedRDD,TaskAttempt ID:60,Partition Id:5,Stage Id:8
16/11/22 13:37:28 INFO serializeLogger: [RunnerCompute]EndAt:1479847048389,Parent RDD ID:43,Name:MapPartitionedRDD,TaskAttempt ID:56,Partition Id:1,Stage Id:8
16/11/22 13:37:28 INFO serializeLogger: [writerThread]StartAt:1479847048391,Parent RDD ID:46,Name:UnionRDD,TaskAttempt ID:56,Partition Id:1,Stage Id:8
16/11/22 13:37:47 INFO serializeLogger: [RunnerCompute]EndAt:1479847067948,Parent RDD ID:46,Name:UnionRDD,TaskAttempt ID:56,Partition Id:1,Stage Id:8
16/11/22 13:37:49 INFO serializeLogger: [writerThread]EndAt:1479847069292,Parent RDD ID:46,Name:UnionRDD,TaskAttempt ID:56,Partition Id:1,Stage Id:8
16/11/22 13:37:49 INFO serializeLogger: [writerThread]EndAt:1479847069292,Parent RDD ID:43,Name:MapPartitionedRDD,TaskAttempt ID:56,Partition Id:1,Stage Id:8
16/11/22 13:37:51 INFO serializeLogger: [CreationPYRE]StartAt:1479847071603,Parent RDD ID:50,Name:MapPartitionedRDD,TaskAttempt ID:65,Partition Id:0,Stage Id:9
16/11/22 13:37:51 INFO serializeLogger: [CreationPYRE]EndAt:1479847071603,Parent RDD ID:50,Name:MapPartitionedRDD,TaskAttempt ID:65,Partition Id:0,Stage Id:9
16/11/22 13:37:51 INFO serializeLogger: [RunnerCompute]StartAt:1479847071603,Parent RDD ID:50,Name:MapPartitionedRDD,TaskAttempt ID:65,Partition Id:0,Stage Id:9
16/11/22 13:37:51 INFO serializeLogger: [writerThread]StartAt:1479847071647,Parent RDD ID:50,Name:MapPartitionedRDD,TaskAttempt ID:65,Partition Id:0,Stage Id:9
16/11/22 13:38:14 INFO serializeLogger: [RunnerCompute]EndAt:1479847094142,Parent RDD ID:50,Name:MapPartitionedRDD,TaskAttempt ID:65,Partition Id:0,Stage Id:9
16/11/22 13:38:14 INFO serializeLogger: [writerThread]EndAt:1479847094145,Parent RDD ID:50,Name:MapPartitionedRDD,TaskAttempt ID:65,Partition Id:0,Stage Id:9
16/11/22 13:38:15 INFO serializeLogger: [CreationPYRE]StartAt:1479847095724,Parent RDD ID:54,Name:UnionRDD,TaskAttempt ID:68,Partition Id:1,Stage Id:16
16/11/22 13:38:15 INFO serializeLogger: [CreationPYRE]EndAt:1479847095724,Parent RDD ID:54,Name:UnionRDD,TaskAttempt ID:68,Partition Id:1,Stage Id:16
16/11/22 13:38:15 INFO serializeLogger: [RunnerCompute]StartAt:1479847095724,Parent RDD ID:54,Name:UnionRDD,TaskAttempt ID:68,Partition Id:1,Stage Id:16
16/11/22 13:38:15 INFO serializeLogger: [CreationPYRE]StartAt:1479847095725,Parent RDD ID:43,Name:MapPartitionedRDD,TaskAttempt ID:68,Partition Id:1,Stage Id:16
16/11/22 13:38:15 INFO serializeLogger: [CreationPYRE]EndAt:1479847095725,Parent RDD ID:43,Name:MapPartitionedRDD,TaskAttempt ID:68,Partition Id:1,Stage Id:16
16/11/22 13:38:15 INFO serializeLogger: [RunnerCompute]StartAt:1479847095725,Parent RDD ID:43,Name:MapPartitionedRDD,TaskAttempt ID:68,Partition Id:1,Stage Id:16
16/11/22 13:38:15 INFO serializeLogger: [CreationPYRE]StartAt:1479847095732,Parent RDD ID:54,Name:UnionRDD,TaskAttempt ID:72,Partition Id:5,Stage Id:16
16/11/22 13:38:15 INFO serializeLogger: [CreationPYRE]EndAt:1479847095732,Parent RDD ID:54,Name:UnionRDD,TaskAttempt ID:72,Partition Id:5,Stage Id:16
16/11/22 13:38:15 INFO serializeLogger: [RunnerCompute]StartAt:1479847095732,Parent RDD ID:54,Name:UnionRDD,TaskAttempt ID:72,Partition Id:5,Stage Id:16
16/11/22 13:38:15 INFO serializeLogger: [CreationPYRE]StartAt:1479847095734,Parent RDD ID:43,Name:MapPartitionedRDD,TaskAttempt ID:72,Partition Id:5,Stage Id:16
16/11/22 13:38:15 INFO serializeLogger: [CreationPYRE]EndAt:1479847095734,Parent RDD ID:43,Name:MapPartitionedRDD,TaskAttempt ID:72,Partition Id:5,Stage Id:16
16/11/22 13:38:15 INFO serializeLogger: [RunnerCompute]StartAt:1479847095734,Parent RDD ID:43,Name:MapPartitionedRDD,TaskAttempt ID:72,Partition Id:5,Stage Id:16
16/11/22 13:38:15 INFO serializeLogger: [writerThread]StartAt:1479847095762,Parent RDD ID:43,Name:MapPartitionedRDD,TaskAttempt ID:68,Partition Id:1,Stage Id:16
16/11/22 13:38:15 INFO serializeLogger: [writerThread]StartAt:1479847095773,Parent RDD ID:43,Name:MapPartitionedRDD,TaskAttempt ID:72,Partition Id:5,Stage Id:16
16/11/22 13:38:57 INFO serializeLogger: [RunnerCompute]EndAt:1479847137067,Parent RDD ID:43,Name:MapPartitionedRDD,TaskAttempt ID:72,Partition Id:5,Stage Id:16
16/11/22 13:38:57 INFO serializeLogger: [writerThread]StartAt:1479847137069,Parent RDD ID:54,Name:UnionRDD,TaskAttempt ID:72,Partition Id:5,Stage Id:16
16/11/22 13:38:57 INFO serializeLogger: [RunnerCompute]EndAt:1479847137154,Parent RDD ID:54,Name:UnionRDD,TaskAttempt ID:72,Partition Id:5,Stage Id:16
16/11/22 13:38:57 INFO serializeLogger: [writerThread]EndAt:1479847137323,Parent RDD ID:54,Name:UnionRDD,TaskAttempt ID:72,Partition Id:5,Stage Id:16
16/11/22 13:38:57 INFO serializeLogger: [writerThread]EndAt:1479847137323,Parent RDD ID:43,Name:MapPartitionedRDD,TaskAttempt ID:72,Partition Id:5,Stage Id:16
16/11/22 13:39:01 INFO serializeLogger: [RunnerCompute]EndAt:1479847141984,Parent RDD ID:43,Name:MapPartitionedRDD,TaskAttempt ID:68,Partition Id:1,Stage Id:16
16/11/22 13:39:01 INFO serializeLogger: [writerThread]StartAt:1479847141987,Parent RDD ID:54,Name:UnionRDD,TaskAttempt ID:68,Partition Id:1,Stage Id:16
16/11/22 13:39:22 INFO serializeLogger: [RunnerCompute]EndAt:1479847162949,Parent RDD ID:54,Name:UnionRDD,TaskAttempt ID:68,Partition Id:1,Stage Id:16
16/11/22 13:39:24 INFO serializeLogger: [writerThread]EndAt:1479847164268,Parent RDD ID:54,Name:UnionRDD,TaskAttempt ID:68,Partition Id:1,Stage Id:16
16/11/22 13:39:24 INFO serializeLogger: [writerThread]EndAt:1479847164268,Parent RDD ID:43,Name:MapPartitionedRDD,TaskAttempt ID:68,Partition Id:1,Stage Id:16
16/11/22 13:39:24 INFO serializeLogger: [CreationPYRE]StartAt:1479847164402,Parent RDD ID:58,Name:MapPartitionedRDD,TaskAttempt ID:77,Partition Id:1,Stage Id:17
16/11/22 13:39:24 INFO serializeLogger: [CreationPYRE]EndAt:1479847164402,Parent RDD ID:58,Name:MapPartitionedRDD,TaskAttempt ID:77,Partition Id:1,Stage Id:17
16/11/22 13:39:24 INFO serializeLogger: [RunnerCompute]StartAt:1479847164402,Parent RDD ID:58,Name:MapPartitionedRDD,TaskAttempt ID:77,Partition Id:1,Stage Id:17
16/11/22 13:39:24 INFO serializeLogger: [writerThread]StartAt:1479847164436,Parent RDD ID:58,Name:MapPartitionedRDD,TaskAttempt ID:77,Partition Id:1,Stage Id:17
16/11/22 13:39:42 INFO serializeLogger: [RunnerCompute]EndAt:1479847182416,Parent RDD ID:58,Name:MapPartitionedRDD,TaskAttempt ID:77,Partition Id:1,Stage Id:17
16/11/22 13:39:42 INFO serializeLogger: [writerThread]EndAt:1479847182420,Parent RDD ID:58,Name:MapPartitionedRDD,TaskAttempt ID:77,Partition Id:1,Stage Id:17
16/11/22 13:39:48 INFO serializeLogger: [CreationPYRE]StartAt:1479847188065,Parent RDD ID:62,Name:UnionRDD,TaskAttempt ID:79,Partition Id:1,Stage Id:24
16/11/22 13:39:48 INFO serializeLogger: [CreationPYRE]EndAt:1479847188065,Parent RDD ID:62,Name:UnionRDD,TaskAttempt ID:79,Partition Id:1,Stage Id:24
16/11/22 13:39:48 INFO serializeLogger: [RunnerCompute]StartAt:1479847188065,Parent RDD ID:62,Name:UnionRDD,TaskAttempt ID:79,Partition Id:1,Stage Id:24
16/11/22 13:39:48 INFO serializeLogger: [CreationPYRE]StartAt:1479847188066,Parent RDD ID:43,Name:MapPartitionedRDD,TaskAttempt ID:79,Partition Id:1,Stage Id:24
16/11/22 13:39:48 INFO serializeLogger: [CreationPYRE]EndAt:1479847188066,Parent RDD ID:43,Name:MapPartitionedRDD,TaskAttempt ID:79,Partition Id:1,Stage Id:24
16/11/22 13:39:48 INFO serializeLogger: [RunnerCompute]StartAt:1479847188066,Parent RDD ID:43,Name:MapPartitionedRDD,TaskAttempt ID:79,Partition Id:1,Stage Id:24
16/11/22 13:39:48 INFO serializeLogger: [CreationPYRE]StartAt:1479847188070,Parent RDD ID:62,Name:UnionRDD,TaskAttempt ID:83,Partition Id:5,Stage Id:24
16/11/22 13:39:48 INFO serializeLogger: [CreationPYRE]EndAt:1479847188070,Parent RDD ID:62,Name:UnionRDD,TaskAttempt ID:83,Partition Id:5,Stage Id:24
16/11/22 13:39:48 INFO serializeLogger: [RunnerCompute]StartAt:1479847188070,Parent RDD ID:62,Name:UnionRDD,TaskAttempt ID:83,Partition Id:5,Stage Id:24
16/11/22 13:39:48 INFO serializeLogger: [CreationPYRE]StartAt:1479847188071,Parent RDD ID:43,Name:MapPartitionedRDD,TaskAttempt ID:83,Partition Id:5,Stage Id:24
16/11/22 13:39:48 INFO serializeLogger: [CreationPYRE]EndAt:1479847188072,Parent RDD ID:43,Name:MapPartitionedRDD,TaskAttempt ID:83,Partition Id:5,Stage Id:24
16/11/22 13:39:48 INFO serializeLogger: [RunnerCompute]StartAt:1479847188072,Parent RDD ID:43,Name:MapPartitionedRDD,TaskAttempt ID:83,Partition Id:5,Stage Id:24
16/11/22 13:39:48 INFO serializeLogger: [writerThread]StartAt:1479847188105,Parent RDD ID:43,Name:MapPartitionedRDD,TaskAttempt ID:79,Partition Id:1,Stage Id:24
16/11/22 13:39:48 INFO serializeLogger: [writerThread]StartAt:1479847188111,Parent RDD ID:43,Name:MapPartitionedRDD,TaskAttempt ID:83,Partition Id:5,Stage Id:24
16/11/22 13:40:29 INFO serializeLogger: [RunnerCompute]EndAt:1479847229266,Parent RDD ID:43,Name:MapPartitionedRDD,TaskAttempt ID:83,Partition Id:5,Stage Id:24
16/11/22 13:40:29 INFO serializeLogger: [writerThread]StartAt:1479847229271,Parent RDD ID:62,Name:UnionRDD,TaskAttempt ID:83,Partition Id:5,Stage Id:24
16/11/22 13:40:29 INFO serializeLogger: [RunnerCompute]EndAt:1479847229349,Parent RDD ID:62,Name:UnionRDD,TaskAttempt ID:83,Partition Id:5,Stage Id:24
16/11/22 13:40:29 INFO serializeLogger: [writerThread]EndAt:1479847229498,Parent RDD ID:62,Name:UnionRDD,TaskAttempt ID:83,Partition Id:5,Stage Id:24
16/11/22 13:40:29 INFO serializeLogger: [writerThread]EndAt:1479847229498,Parent RDD ID:43,Name:MapPartitionedRDD,TaskAttempt ID:83,Partition Id:5,Stage Id:24
16/11/22 13:40:34 INFO serializeLogger: [RunnerCompute]EndAt:1479847234648,Parent RDD ID:43,Name:MapPartitionedRDD,TaskAttempt ID:79,Partition Id:1,Stage Id:24
16/11/22 13:40:34 INFO serializeLogger: [writerThread]StartAt:1479847234660,Parent RDD ID:62,Name:UnionRDD,TaskAttempt ID:79,Partition Id:1,Stage Id:24
16/11/22 13:40:54 INFO serializeLogger: [RunnerCompute]EndAt:1479847254526,Parent RDD ID:62,Name:UnionRDD,TaskAttempt ID:79,Partition Id:1,Stage Id:24
16/11/22 13:40:55 INFO serializeLogger: [writerThread]EndAt:1479847255862,Parent RDD ID:62,Name:UnionRDD,TaskAttempt ID:79,Partition Id:1,Stage Id:24
16/11/22 13:40:55 INFO serializeLogger: [writerThread]EndAt:1479847255862,Parent RDD ID:43,Name:MapPartitionedRDD,TaskAttempt ID:79,Partition Id:1,Stage Id:24
16/11/22 13:40:56 INFO serializeLogger: [CreationPYRE]StartAt:1479847256558,Parent RDD ID:66,Name:MapPartitionedRDD,TaskAttempt ID:89,Partition Id:1,Stage Id:25
16/11/22 13:40:56 INFO serializeLogger: [CreationPYRE]EndAt:1479847256559,Parent RDD ID:66,Name:MapPartitionedRDD,TaskAttempt ID:89,Partition Id:1,Stage Id:25
16/11/22 13:40:56 INFO serializeLogger: [RunnerCompute]StartAt:1479847256559,Parent RDD ID:66,Name:MapPartitionedRDD,TaskAttempt ID:89,Partition Id:1,Stage Id:25
16/11/22 13:40:56 INFO serializeLogger: [writerThread]StartAt:1479847256599,Parent RDD ID:66,Name:MapPartitionedRDD,TaskAttempt ID:89,Partition Id:1,Stage Id:25
16/11/22 13:41:16 INFO serializeLogger: [RunnerCompute]EndAt:1479847276260,Parent RDD ID:66,Name:MapPartitionedRDD,TaskAttempt ID:89,Partition Id:1,Stage Id:25
16/11/22 13:41:16 INFO serializeLogger: [writerThread]EndAt:1479847276263,Parent RDD ID:66,Name:MapPartitionedRDD,TaskAttempt ID:89,Partition Id:1,Stage Id:25
16/11/22 13:41:21 INFO serializeLogger: [CreationPYRE]StartAt:1479847281721,Parent RDD ID:70,Name:UnionRDD,TaskAttempt ID:91,Partition Id:1,Stage Id:32
16/11/22 13:41:21 INFO serializeLogger: [CreationPYRE]EndAt:1479847281722,Parent RDD ID:70,Name:UnionRDD,TaskAttempt ID:91,Partition Id:1,Stage Id:32
16/11/22 13:41:21 INFO serializeLogger: [RunnerCompute]StartAt:1479847281722,Parent RDD ID:70,Name:UnionRDD,TaskAttempt ID:91,Partition Id:1,Stage Id:32
16/11/22 13:41:21 INFO serializeLogger: [CreationPYRE]StartAt:1479847281722,Parent RDD ID:43,Name:MapPartitionedRDD,TaskAttempt ID:91,Partition Id:1,Stage Id:32
16/11/22 13:41:21 INFO serializeLogger: [CreationPYRE]EndAt:1479847281722,Parent RDD ID:43,Name:MapPartitionedRDD,TaskAttempt ID:91,Partition Id:1,Stage Id:32
16/11/22 13:41:21 INFO serializeLogger: [RunnerCompute]StartAt:1479847281722,Parent RDD ID:43,Name:MapPartitionedRDD,TaskAttempt ID:91,Partition Id:1,Stage Id:32
16/11/22 13:41:21 INFO serializeLogger: [CreationPYRE]StartAt:1479847281731,Parent RDD ID:70,Name:UnionRDD,TaskAttempt ID:95,Partition Id:5,Stage Id:32
16/11/22 13:41:21 INFO serializeLogger: [CreationPYRE]EndAt:1479847281731,Parent RDD ID:70,Name:UnionRDD,TaskAttempt ID:95,Partition Id:5,Stage Id:32
16/11/22 13:41:21 INFO serializeLogger: [RunnerCompute]StartAt:1479847281731,Parent RDD ID:70,Name:UnionRDD,TaskAttempt ID:95,Partition Id:5,Stage Id:32
16/11/22 13:41:21 INFO serializeLogger: [CreationPYRE]StartAt:1479847281733,Parent RDD ID:43,Name:MapPartitionedRDD,TaskAttempt ID:95,Partition Id:5,Stage Id:32
16/11/22 13:41:21 INFO serializeLogger: [CreationPYRE]EndAt:1479847281733,Parent RDD ID:43,Name:MapPartitionedRDD,TaskAttempt ID:95,Partition Id:5,Stage Id:32
16/11/22 13:41:21 INFO serializeLogger: [RunnerCompute]StartAt:1479847281733,Parent RDD ID:43,Name:MapPartitionedRDD,TaskAttempt ID:95,Partition Id:5,Stage Id:32
16/11/22 13:41:21 INFO serializeLogger: [writerThread]StartAt:1479847281759,Parent RDD ID:43,Name:MapPartitionedRDD,TaskAttempt ID:91,Partition Id:1,Stage Id:32
16/11/22 13:41:21 INFO serializeLogger: [writerThread]StartAt:1479847281760,Parent RDD ID:43,Name:MapPartitionedRDD,TaskAttempt ID:95,Partition Id:5,Stage Id:32
16/11/22 13:42:03 INFO serializeLogger: [RunnerCompute]EndAt:1479847323682,Parent RDD ID:43,Name:MapPartitionedRDD,TaskAttempt ID:95,Partition Id:5,Stage Id:32
16/11/22 13:42:03 INFO serializeLogger: [writerThread]StartAt:1479847323685,Parent RDD ID:70,Name:UnionRDD,TaskAttempt ID:95,Partition Id:5,Stage Id:32
16/11/22 13:42:03 INFO serializeLogger: [RunnerCompute]EndAt:1479847323788,Parent RDD ID:70,Name:UnionRDD,TaskAttempt ID:95,Partition Id:5,Stage Id:32
16/11/22 13:42:03 INFO serializeLogger: [writerThread]EndAt:1479847323945,Parent RDD ID:70,Name:UnionRDD,TaskAttempt ID:95,Partition Id:5,Stage Id:32
16/11/22 13:42:03 INFO serializeLogger: [writerThread]EndAt:1479847323945,Parent RDD ID:43,Name:MapPartitionedRDD,TaskAttempt ID:95,Partition Id:5,Stage Id:32
16/11/22 13:42:05 INFO serializeLogger: [RunnerCompute]EndAt:1479847325588,Parent RDD ID:43,Name:MapPartitionedRDD,TaskAttempt ID:91,Partition Id:1,Stage Id:32
16/11/22 13:42:05 INFO serializeLogger: [writerThread]StartAt:1479847325591,Parent RDD ID:70,Name:UnionRDD,TaskAttempt ID:91,Partition Id:1,Stage Id:32
16/11/22 13:42:24 INFO serializeLogger: [RunnerCompute]EndAt:1479847344812,Parent RDD ID:70,Name:UnionRDD,TaskAttempt ID:91,Partition Id:1,Stage Id:32
16/11/22 13:42:26 INFO serializeLogger: [writerThread]EndAt:1479847346112,Parent RDD ID:70,Name:UnionRDD,TaskAttempt ID:91,Partition Id:1,Stage Id:32
16/11/22 13:42:26 INFO serializeLogger: [writerThread]EndAt:1479847346112,Parent RDD ID:43,Name:MapPartitionedRDD,TaskAttempt ID:91,Partition Id:1,Stage Id:32
16/11/22 13:42:29 INFO serializeLogger: [CreationPYRE]StartAt:1479847349282,Parent RDD ID:74,Name:MapPartitionedRDD,TaskAttempt ID:100,Partition Id:1,Stage Id:33
16/11/22 13:42:29 INFO serializeLogger: [CreationPYRE]EndAt:1479847349282,Parent RDD ID:74,Name:MapPartitionedRDD,TaskAttempt ID:100,Partition Id:1,Stage Id:33
16/11/22 13:42:29 INFO serializeLogger: [RunnerCompute]StartAt:1479847349282,Parent RDD ID:74,Name:MapPartitionedRDD,TaskAttempt ID:100,Partition Id:1,Stage Id:33
16/11/22 13:42:29 INFO serializeLogger: [writerThread]StartAt:1479847349316,Parent RDD ID:74,Name:MapPartitionedRDD,TaskAttempt ID:100,Partition Id:1,Stage Id:33
16/11/22 13:42:47 INFO serializeLogger: [RunnerCompute]EndAt:1479847367475,Parent RDD ID:74,Name:MapPartitionedRDD,TaskAttempt ID:100,Partition Id:1,Stage Id:33
16/11/22 13:42:47 INFO serializeLogger: [writerThread]EndAt:1479847367478,Parent RDD ID:74,Name:MapPartitionedRDD,TaskAttempt ID:100,Partition Id:1,Stage Id:33
16/11/22 13:42:50 INFO serializeLogger: [CreationPYRE]StartAt:1479847370114,Parent RDD ID:78,Name:UnionRDD,TaskAttempt ID:109,Partition Id:6,Stage Id:40
16/11/22 13:42:50 INFO serializeLogger: [CreationPYRE]EndAt:1479847370114,Parent RDD ID:78,Name:UnionRDD,TaskAttempt ID:109,Partition Id:6,Stage Id:40
16/11/22 13:42:50 INFO serializeLogger: [RunnerCompute]StartAt:1479847370114,Parent RDD ID:78,Name:UnionRDD,TaskAttempt ID:109,Partition Id:6,Stage Id:40
16/11/22 13:42:50 INFO serializeLogger: [CreationPYRE]StartAt:1479847370115,Parent RDD ID:43,Name:MapPartitionedRDD,TaskAttempt ID:109,Partition Id:6,Stage Id:40
16/11/22 13:42:50 INFO serializeLogger: [CreationPYRE]EndAt:1479847370115,Parent RDD ID:43,Name:MapPartitionedRDD,TaskAttempt ID:109,Partition Id:6,Stage Id:40
16/11/22 13:42:50 INFO serializeLogger: [RunnerCompute]StartAt:1479847370116,Parent RDD ID:43,Name:MapPartitionedRDD,TaskAttempt ID:109,Partition Id:6,Stage Id:40
16/11/22 13:42:50 INFO serializeLogger: [CreationPYRE]StartAt:1479847370117,Parent RDD ID:78,Name:UnionRDD,TaskAttempt ID:106,Partition Id:5,Stage Id:40
16/11/22 13:42:50 INFO serializeLogger: [CreationPYRE]EndAt:1479847370117,Parent RDD ID:78,Name:UnionRDD,TaskAttempt ID:106,Partition Id:5,Stage Id:40
16/11/22 13:42:50 INFO serializeLogger: [RunnerCompute]StartAt:1479847370117,Parent RDD ID:78,Name:UnionRDD,TaskAttempt ID:106,Partition Id:5,Stage Id:40
16/11/22 13:42:50 INFO serializeLogger: [CreationPYRE]StartAt:1479847370118,Parent RDD ID:43,Name:MapPartitionedRDD,TaskAttempt ID:106,Partition Id:5,Stage Id:40
16/11/22 13:42:50 INFO serializeLogger: [CreationPYRE]EndAt:1479847370118,Parent RDD ID:43,Name:MapPartitionedRDD,TaskAttempt ID:106,Partition Id:5,Stage Id:40
16/11/22 13:42:50 INFO serializeLogger: [RunnerCompute]StartAt:1479847370118,Parent RDD ID:43,Name:MapPartitionedRDD,TaskAttempt ID:106,Partition Id:5,Stage Id:40
16/11/22 13:42:50 INFO serializeLogger: [writerThread]StartAt:1479847370142,Parent RDD ID:43,Name:MapPartitionedRDD,TaskAttempt ID:109,Partition Id:6,Stage Id:40
16/11/22 13:42:50 INFO serializeLogger: [writerThread]StartAt:1479847370183,Parent RDD ID:43,Name:MapPartitionedRDD,TaskAttempt ID:106,Partition Id:5,Stage Id:40
16/11/22 13:43:24 INFO serializeLogger: [RunnerCompute]EndAt:1479847404389,Parent RDD ID:43,Name:MapPartitionedRDD,TaskAttempt ID:109,Partition Id:6,Stage Id:40
16/11/22 13:43:24 INFO serializeLogger: [writerThread]StartAt:1479847404391,Parent RDD ID:78,Name:UnionRDD,TaskAttempt ID:109,Partition Id:6,Stage Id:40
16/11/22 13:43:24 INFO serializeLogger: [RunnerCompute]EndAt:1479847404504,Parent RDD ID:78,Name:UnionRDD,TaskAttempt ID:109,Partition Id:6,Stage Id:40
16/11/22 13:43:24 INFO serializeLogger: [writerThread]EndAt:1479847404660,Parent RDD ID:78,Name:UnionRDD,TaskAttempt ID:109,Partition Id:6,Stage Id:40
16/11/22 13:43:24 INFO serializeLogger: [writerThread]EndAt:1479847404660,Parent RDD ID:43,Name:MapPartitionedRDD,TaskAttempt ID:109,Partition Id:6,Stage Id:40
16/11/22 13:43:32 INFO serializeLogger: [RunnerCompute]EndAt:1479847412026,Parent RDD ID:43,Name:MapPartitionedRDD,TaskAttempt ID:106,Partition Id:5,Stage Id:40
16/11/22 13:43:32 INFO serializeLogger: [writerThread]StartAt:1479847412028,Parent RDD ID:78,Name:UnionRDD,TaskAttempt ID:106,Partition Id:5,Stage Id:40
16/11/22 13:43:32 INFO serializeLogger: [RunnerCompute]EndAt:1479847412105,Parent RDD ID:78,Name:UnionRDD,TaskAttempt ID:106,Partition Id:5,Stage Id:40
16/11/22 13:43:32 INFO serializeLogger: [writerThread]EndAt:1479847412251,Parent RDD ID:78,Name:UnionRDD,TaskAttempt ID:106,Partition Id:5,Stage Id:40
16/11/22 13:43:32 INFO serializeLogger: [writerThread]EndAt:1479847412251,Parent RDD ID:43,Name:MapPartitionedRDD,TaskAttempt ID:106,Partition Id:5,Stage Id:40
16/11/22 13:43:56 INFO serializeLogger: [CreationPYRE]StartAt:1479847436134,Parent RDD ID:85,Name:UnionRDD,TaskAttempt ID:117,Partition Id:4,Stage Id:41
16/11/22 13:43:56 INFO serializeLogger: [CreationPYRE]EndAt:1479847436134,Parent RDD ID:85,Name:UnionRDD,TaskAttempt ID:117,Partition Id:4,Stage Id:41
16/11/22 13:43:56 INFO serializeLogger: [RunnerCompute]StartAt:1479847436134,Parent RDD ID:85,Name:UnionRDD,TaskAttempt ID:117,Partition Id:4,Stage Id:41
16/11/22 13:43:56 INFO serializeLogger: [CreationPYRE]StartAt:1479847436135,Parent RDD ID:82,Name:MapPartitionedRDD,TaskAttempt ID:117,Partition Id:4,Stage Id:41
16/11/22 13:43:56 INFO serializeLogger: [CreationPYRE]EndAt:1479847436135,Parent RDD ID:82,Name:MapPartitionedRDD,TaskAttempt ID:117,Partition Id:4,Stage Id:41
16/11/22 13:43:56 INFO serializeLogger: [RunnerCompute]StartAt:1479847436135,Parent RDD ID:82,Name:MapPartitionedRDD,TaskAttempt ID:117,Partition Id:4,Stage Id:41
16/11/22 13:43:56 INFO serializeLogger: [CreationPYRE]StartAt:1479847436136,Parent RDD ID:85,Name:UnionRDD,TaskAttempt ID:113,Partition Id:0,Stage Id:41
16/11/22 13:43:56 INFO serializeLogger: [CreationPYRE]EndAt:1479847436136,Parent RDD ID:85,Name:UnionRDD,TaskAttempt ID:113,Partition Id:0,Stage Id:41
16/11/22 13:43:56 INFO serializeLogger: [RunnerCompute]StartAt:1479847436136,Parent RDD ID:85,Name:UnionRDD,TaskAttempt ID:113,Partition Id:0,Stage Id:41
16/11/22 13:43:56 INFO serializeLogger: [CreationPYRE]StartAt:1479847436137,Parent RDD ID:82,Name:MapPartitionedRDD,TaskAttempt ID:113,Partition Id:0,Stage Id:41
16/11/22 13:43:56 INFO serializeLogger: [CreationPYRE]EndAt:1479847436137,Parent RDD ID:82,Name:MapPartitionedRDD,TaskAttempt ID:113,Partition Id:0,Stage Id:41
16/11/22 13:43:56 INFO serializeLogger: [RunnerCompute]StartAt:1479847436138,Parent RDD ID:82,Name:MapPartitionedRDD,TaskAttempt ID:113,Partition Id:0,Stage Id:41
16/11/22 13:43:56 INFO serializeLogger: [writerThread]StartAt:1479847436177,Parent RDD ID:82,Name:MapPartitionedRDD,TaskAttempt ID:117,Partition Id:4,Stage Id:41
16/11/22 13:43:56 INFO serializeLogger: [writerThread]StartAt:1479847436180,Parent RDD ID:82,Name:MapPartitionedRDD,TaskAttempt ID:113,Partition Id:0,Stage Id:41
16/11/22 13:44:35 INFO serializeLogger: [RunnerCompute]EndAt:1479847475549,Parent RDD ID:82,Name:MapPartitionedRDD,TaskAttempt ID:117,Partition Id:4,Stage Id:41
16/11/22 13:44:35 INFO serializeLogger: [writerThread]StartAt:1479847475551,Parent RDD ID:85,Name:UnionRDD,TaskAttempt ID:117,Partition Id:4,Stage Id:41
16/11/22 13:44:35 INFO serializeLogger: [RunnerCompute]EndAt:1479847475644,Parent RDD ID:85,Name:UnionRDD,TaskAttempt ID:117,Partition Id:4,Stage Id:41
16/11/22 13:44:35 INFO serializeLogger: [writerThread]EndAt:1479847475795,Parent RDD ID:85,Name:UnionRDD,TaskAttempt ID:117,Partition Id:4,Stage Id:41
16/11/22 13:44:35 INFO serializeLogger: [writerThread]EndAt:1479847475795,Parent RDD ID:82,Name:MapPartitionedRDD,TaskAttempt ID:117,Partition Id:4,Stage Id:41
16/11/22 13:44:42 INFO serializeLogger: [RunnerCompute]EndAt:1479847482773,Parent RDD ID:82,Name:MapPartitionedRDD,TaskAttempt ID:113,Partition Id:0,Stage Id:41
16/11/22 13:44:42 INFO serializeLogger: [writerThread]StartAt:1479847482775,Parent RDD ID:85,Name:UnionRDD,TaskAttempt ID:113,Partition Id:0,Stage Id:41
16/11/22 13:45:01 INFO serializeLogger: [RunnerCompute]EndAt:1479847501140,Parent RDD ID:85,Name:UnionRDD,TaskAttempt ID:113,Partition Id:0,Stage Id:41
16/11/22 13:45:02 INFO serializeLogger: [writerThread]EndAt:1479847502453,Parent RDD ID:85,Name:UnionRDD,TaskAttempt ID:113,Partition Id:0,Stage Id:41
16/11/22 13:45:02 INFO serializeLogger: [writerThread]EndAt:1479847502453,Parent RDD ID:82,Name:MapPartitionedRDD,TaskAttempt ID:113,Partition Id:0,Stage Id:41
16/11/22 13:45:02 INFO serializeLogger: [CreationPYRE]StartAt:1479847502592,Parent RDD ID:92,Name:UnionRDD,TaskAttempt ID:124,Partition Id:3,Stage Id:42
16/11/22 13:45:02 INFO serializeLogger: [CreationPYRE]EndAt:1479847502592,Parent RDD ID:92,Name:UnionRDD,TaskAttempt ID:124,Partition Id:3,Stage Id:42
16/11/22 13:45:02 INFO serializeLogger: [RunnerCompute]StartAt:1479847502592,Parent RDD ID:92,Name:UnionRDD,TaskAttempt ID:124,Partition Id:3,Stage Id:42
16/11/22 13:45:02 INFO serializeLogger: [CreationPYRE]StartAt:1479847502593,Parent RDD ID:89,Name:MapPartitionedRDD,TaskAttempt ID:124,Partition Id:3,Stage Id:42
16/11/22 13:45:02 INFO serializeLogger: [CreationPYRE]EndAt:1479847502593,Parent RDD ID:89,Name:MapPartitionedRDD,TaskAttempt ID:124,Partition Id:3,Stage Id:42
16/11/22 13:45:02 INFO serializeLogger: [RunnerCompute]StartAt:1479847502593,Parent RDD ID:89,Name:MapPartitionedRDD,TaskAttempt ID:124,Partition Id:3,Stage Id:42
16/11/22 13:45:02 INFO serializeLogger: [CreationPYRE]StartAt:1479847502598,Parent RDD ID:92,Name:UnionRDD,TaskAttempt ID:126,Partition Id:7,Stage Id:42
16/11/22 13:45:02 INFO serializeLogger: [CreationPYRE]EndAt:1479847502598,Parent RDD ID:92,Name:UnionRDD,TaskAttempt ID:126,Partition Id:7,Stage Id:42
16/11/22 13:45:02 INFO serializeLogger: [RunnerCompute]StartAt:1479847502599,Parent RDD ID:92,Name:UnionRDD,TaskAttempt ID:126,Partition Id:7,Stage Id:42
16/11/22 13:45:02 INFO serializeLogger: [CreationPYRE]StartAt:1479847502600,Parent RDD ID:89,Name:MapPartitionedRDD,TaskAttempt ID:126,Partition Id:7,Stage Id:42
16/11/22 13:45:02 INFO serializeLogger: [CreationPYRE]EndAt:1479847502600,Parent RDD ID:89,Name:MapPartitionedRDD,TaskAttempt ID:126,Partition Id:7,Stage Id:42
16/11/22 13:45:02 INFO serializeLogger: [RunnerCompute]StartAt:1479847502600,Parent RDD ID:89,Name:MapPartitionedRDD,TaskAttempt ID:126,Partition Id:7,Stage Id:42
16/11/22 13:45:02 INFO serializeLogger: [CreationPYRE]StartAt:1479847502603,Parent RDD ID:92,Name:UnionRDD,TaskAttempt ID:120,Partition Id:0,Stage Id:42
16/11/22 13:45:02 INFO serializeLogger: [CreationPYRE]EndAt:1479847502605,Parent RDD ID:92,Name:UnionRDD,TaskAttempt ID:120,Partition Id:0,Stage Id:42
16/11/22 13:45:02 INFO serializeLogger: [RunnerCompute]StartAt:1479847502605,Parent RDD ID:92,Name:UnionRDD,TaskAttempt ID:120,Partition Id:0,Stage Id:42
16/11/22 13:45:02 INFO serializeLogger: [CreationPYRE]StartAt:1479847502606,Parent RDD ID:89,Name:MapPartitionedRDD,TaskAttempt ID:120,Partition Id:0,Stage Id:42
16/11/22 13:45:02 INFO serializeLogger: [CreationPYRE]EndAt:1479847502606,Parent RDD ID:89,Name:MapPartitionedRDD,TaskAttempt ID:120,Partition Id:0,Stage Id:42
16/11/22 13:45:02 INFO serializeLogger: [RunnerCompute]StartAt:1479847502606,Parent RDD ID:89,Name:MapPartitionedRDD,TaskAttempt ID:120,Partition Id:0,Stage Id:42
16/11/22 13:45:02 INFO serializeLogger: [writerThread]StartAt:1479847502629,Parent RDD ID:89,Name:MapPartitionedRDD,TaskAttempt ID:120,Partition Id:0,Stage Id:42
16/11/22 13:45:02 INFO serializeLogger: [writerThread]StartAt:1479847502633,Parent RDD ID:89,Name:MapPartitionedRDD,TaskAttempt ID:126,Partition Id:7,Stage Id:42
16/11/22 13:45:02 INFO serializeLogger: [writerThread]StartAt:1479847502633,Parent RDD ID:89,Name:MapPartitionedRDD,TaskAttempt ID:124,Partition Id:3,Stage Id:42
16/11/22 13:45:40 INFO serializeLogger: [RunnerCompute]EndAt:1479847540679,Parent RDD ID:89,Name:MapPartitionedRDD,TaskAttempt ID:126,Partition Id:7,Stage Id:42
16/11/22 13:45:40 INFO serializeLogger: [writerThread]StartAt:1479847540682,Parent RDD ID:92,Name:UnionRDD,TaskAttempt ID:126,Partition Id:7,Stage Id:42
16/11/22 13:45:40 INFO serializeLogger: [RunnerCompute]EndAt:1479847540769,Parent RDD ID:92,Name:UnionRDD,TaskAttempt ID:126,Partition Id:7,Stage Id:42
16/11/22 13:45:40 INFO serializeLogger: [writerThread]EndAt:1479847540919,Parent RDD ID:92,Name:UnionRDD,TaskAttempt ID:126,Partition Id:7,Stage Id:42
16/11/22 13:45:40 INFO serializeLogger: [writerThread]EndAt:1479847540919,Parent RDD ID:89,Name:MapPartitionedRDD,TaskAttempt ID:126,Partition Id:7,Stage Id:42
16/11/22 13:45:43 INFO serializeLogger: [RunnerCompute]EndAt:1479847543213,Parent RDD ID:89,Name:MapPartitionedRDD,TaskAttempt ID:120,Partition Id:0,Stage Id:42
16/11/22 13:45:43 INFO serializeLogger: [writerThread]StartAt:1479847543215,Parent RDD ID:92,Name:UnionRDD,TaskAttempt ID:120,Partition Id:0,Stage Id:42
16/11/22 13:45:50 INFO serializeLogger: [RunnerCompute]EndAt:1479847550232,Parent RDD ID:89,Name:MapPartitionedRDD,TaskAttempt ID:124,Partition Id:3,Stage Id:42
16/11/22 13:45:50 INFO serializeLogger: [writerThread]StartAt:1479847550235,Parent RDD ID:92,Name:UnionRDD,TaskAttempt ID:124,Partition Id:3,Stage Id:42
16/11/22 13:46:04 INFO serializeLogger: [RunnerCompute]EndAt:1479847564086,Parent RDD ID:92,Name:UnionRDD,TaskAttempt ID:120,Partition Id:0,Stage Id:42
16/11/22 13:46:05 INFO serializeLogger: [writerThread]EndAt:1479847565361,Parent RDD ID:92,Name:UnionRDD,TaskAttempt ID:120,Partition Id:0,Stage Id:42
16/11/22 13:46:05 INFO serializeLogger: [writerThread]EndAt:1479847565361,Parent RDD ID:89,Name:MapPartitionedRDD,TaskAttempt ID:120,Partition Id:0,Stage Id:42
16/11/22 13:46:10 INFO serializeLogger: [RunnerCompute]EndAt:1479847570076,Parent RDD ID:92,Name:UnionRDD,TaskAttempt ID:124,Partition Id:3,Stage Id:42
16/11/22 13:46:11 INFO serializeLogger: [writerThread]EndAt:1479847571417,Parent RDD ID:92,Name:UnionRDD,TaskAttempt ID:124,Partition Id:3,Stage Id:42
16/11/22 13:46:11 INFO serializeLogger: [writerThread]EndAt:1479847571417,Parent RDD ID:89,Name:MapPartitionedRDD,TaskAttempt ID:124,Partition Id:3,Stage Id:42
16/11/22 13:46:11 INFO serializeLogger: [CreationPYRE]StartAt:1479847571542,Parent RDD ID:99,Name:UnionRDD,TaskAttempt ID:130,Partition Id:2,Stage Id:43
16/11/22 13:46:11 INFO serializeLogger: [CreationPYRE]EndAt:1479847571542,Parent RDD ID:99,Name:UnionRDD,TaskAttempt ID:130,Partition Id:2,Stage Id:43
16/11/22 13:46:11 INFO serializeLogger: [RunnerCompute]StartAt:1479847571542,Parent RDD ID:99,Name:UnionRDD,TaskAttempt ID:130,Partition Id:2,Stage Id:43
16/11/22 13:46:11 INFO serializeLogger: [CreationPYRE]StartAt:1479847571542,Parent RDD ID:96,Name:MapPartitionedRDD,TaskAttempt ID:130,Partition Id:2,Stage Id:43
16/11/22 13:46:11 INFO serializeLogger: [CreationPYRE]EndAt:1479847571543,Parent RDD ID:96,Name:MapPartitionedRDD,TaskAttempt ID:130,Partition Id:2,Stage Id:43
16/11/22 13:46:11 INFO serializeLogger: [RunnerCompute]StartAt:1479847571543,Parent RDD ID:96,Name:MapPartitionedRDD,TaskAttempt ID:130,Partition Id:2,Stage Id:43
16/11/22 13:46:11 INFO serializeLogger: [CreationPYRE]StartAt:1479847571546,Parent RDD ID:99,Name:UnionRDD,TaskAttempt ID:134,Partition Id:6,Stage Id:43
16/11/22 13:46:11 INFO serializeLogger: [CreationPYRE]EndAt:1479847571547,Parent RDD ID:99,Name:UnionRDD,TaskAttempt ID:134,Partition Id:6,Stage Id:43
16/11/22 13:46:11 INFO serializeLogger: [RunnerCompute]StartAt:1479847571547,Parent RDD ID:99,Name:UnionRDD,TaskAttempt ID:134,Partition Id:6,Stage Id:43
16/11/22 13:46:11 INFO serializeLogger: [CreationPYRE]StartAt:1479847571548,Parent RDD ID:96,Name:MapPartitionedRDD,TaskAttempt ID:134,Partition Id:6,Stage Id:43
16/11/22 13:46:11 INFO serializeLogger: [CreationPYRE]EndAt:1479847571549,Parent RDD ID:96,Name:MapPartitionedRDD,TaskAttempt ID:134,Partition Id:6,Stage Id:43
16/11/22 13:46:11 INFO serializeLogger: [RunnerCompute]StartAt:1479847571549,Parent RDD ID:96,Name:MapPartitionedRDD,TaskAttempt ID:134,Partition Id:6,Stage Id:43
16/11/22 13:46:11 INFO serializeLogger: [writerThread]StartAt:1479847571579,Parent RDD ID:96,Name:MapPartitionedRDD,TaskAttempt ID:130,Partition Id:2,Stage Id:43
16/11/22 13:46:11 INFO serializeLogger: [writerThread]StartAt:1479847571584,Parent RDD ID:96,Name:MapPartitionedRDD,TaskAttempt ID:134,Partition Id:6,Stage Id:43
16/11/22 13:46:51 INFO serializeLogger: [RunnerCompute]EndAt:1479847611645,Parent RDD ID:96,Name:MapPartitionedRDD,TaskAttempt ID:134,Partition Id:6,Stage Id:43
16/11/22 13:46:51 INFO serializeLogger: [writerThread]StartAt:1479847611647,Parent RDD ID:99,Name:UnionRDD,TaskAttempt ID:134,Partition Id:6,Stage Id:43
16/11/22 13:46:51 INFO serializeLogger: [RunnerCompute]EndAt:1479847611740,Parent RDD ID:99,Name:UnionRDD,TaskAttempt ID:134,Partition Id:6,Stage Id:43
16/11/22 13:46:51 INFO serializeLogger: [writerThread]EndAt:1479847611886,Parent RDD ID:99,Name:UnionRDD,TaskAttempt ID:134,Partition Id:6,Stage Id:43
16/11/22 13:46:51 INFO serializeLogger: [writerThread]EndAt:1479847611886,Parent RDD ID:96,Name:MapPartitionedRDD,TaskAttempt ID:134,Partition Id:6,Stage Id:43
16/11/22 13:46:54 INFO serializeLogger: [RunnerCompute]EndAt:1479847614391,Parent RDD ID:96,Name:MapPartitionedRDD,TaskAttempt ID:130,Partition Id:2,Stage Id:43
16/11/22 13:46:54 INFO serializeLogger: [writerThread]StartAt:1479847614394,Parent RDD ID:99,Name:UnionRDD,TaskAttempt ID:130,Partition Id:2,Stage Id:43
16/11/22 13:47:14 INFO serializeLogger: [RunnerCompute]EndAt:1479847634611,Parent RDD ID:99,Name:UnionRDD,TaskAttempt ID:130,Partition Id:2,Stage Id:43
16/11/22 13:47:15 INFO serializeLogger: [writerThread]EndAt:1479847635931,Parent RDD ID:99,Name:UnionRDD,TaskAttempt ID:130,Partition Id:2,Stage Id:43
16/11/22 13:47:15 INFO serializeLogger: [writerThread]EndAt:1479847635931,Parent RDD ID:96,Name:MapPartitionedRDD,TaskAttempt ID:130,Partition Id:2,Stage Id:43
16/11/22 13:47:22 INFO serializeLogger: [CreationPYRE]StartAt:1479847642251,Parent RDD ID:106,Name:UnionRDD,TaskAttempt ID:138,Partition Id:5,Stage Id:44
16/11/22 13:47:22 INFO serializeLogger: [CreationPYRE]EndAt:1479847642251,Parent RDD ID:106,Name:UnionRDD,TaskAttempt ID:138,Partition Id:5,Stage Id:44
16/11/22 13:47:22 INFO serializeLogger: [RunnerCompute]StartAt:1479847642251,Parent RDD ID:106,Name:UnionRDD,TaskAttempt ID:138,Partition Id:5,Stage Id:44
16/11/22 13:47:22 INFO serializeLogger: [CreationPYRE]StartAt:1479847642252,Parent RDD ID:103,Name:MapPartitionedRDD,TaskAttempt ID:138,Partition Id:5,Stage Id:44
16/11/22 13:47:22 INFO serializeLogger: [CreationPYRE]EndAt:1479847642252,Parent RDD ID:103,Name:MapPartitionedRDD,TaskAttempt ID:138,Partition Id:5,Stage Id:44
16/11/22 13:47:22 INFO serializeLogger: [RunnerCompute]StartAt:1479847642253,Parent RDD ID:103,Name:MapPartitionedRDD,TaskAttempt ID:138,Partition Id:5,Stage Id:44
16/11/22 13:47:22 INFO serializeLogger: [writerThread]StartAt:1479847642289,Parent RDD ID:103,Name:MapPartitionedRDD,TaskAttempt ID:138,Partition Id:5,Stage Id:44
16/11/22 13:48:01 INFO serializeLogger: [RunnerCompute]EndAt:1479847681510,Parent RDD ID:103,Name:MapPartitionedRDD,TaskAttempt ID:138,Partition Id:5,Stage Id:44
16/11/22 13:48:01 INFO serializeLogger: [writerThread]StartAt:1479847681512,Parent RDD ID:106,Name:UnionRDD,TaskAttempt ID:138,Partition Id:5,Stage Id:44
16/11/22 13:48:01 INFO serializeLogger: [RunnerCompute]EndAt:1479847681597,Parent RDD ID:106,Name:UnionRDD,TaskAttempt ID:138,Partition Id:5,Stage Id:44
16/11/22 13:48:01 INFO serializeLogger: [writerThread]EndAt:1479847681744,Parent RDD ID:106,Name:UnionRDD,TaskAttempt ID:138,Partition Id:5,Stage Id:44
16/11/22 13:48:01 INFO serializeLogger: [writerThread]EndAt:1479847681744,Parent RDD ID:103,Name:MapPartitionedRDD,TaskAttempt ID:138,Partition Id:5,Stage Id:44
16/11/22 13:48:54 INFO serializeLogger: [CreationPYRE]StartAt:1479847734863,Parent RDD ID:114,Name:UnionRDD,TaskAttempt ID:148,Partition Id:1,Stage Id:56
16/11/22 13:48:54 INFO serializeLogger: [CreationPYRE]EndAt:1479847734863,Parent RDD ID:114,Name:UnionRDD,TaskAttempt ID:148,Partition Id:1,Stage Id:56
16/11/22 13:48:54 INFO serializeLogger: [RunnerCompute]StartAt:1479847734863,Parent RDD ID:114,Name:UnionRDD,TaskAttempt ID:148,Partition Id:1,Stage Id:56
16/11/22 13:48:54 INFO serializeLogger: [CreationPYRE]StartAt:1479847734864,Parent RDD ID:103,Name:MapPartitionedRDD,TaskAttempt ID:148,Partition Id:1,Stage Id:56
16/11/22 13:48:54 INFO serializeLogger: [CreationPYRE]EndAt:1479847734864,Parent RDD ID:103,Name:MapPartitionedRDD,TaskAttempt ID:148,Partition Id:1,Stage Id:56
16/11/22 13:48:54 INFO serializeLogger: [RunnerCompute]StartAt:1479847734864,Parent RDD ID:103,Name:MapPartitionedRDD,TaskAttempt ID:148,Partition Id:1,Stage Id:56
16/11/22 13:48:54 INFO serializeLogger: [CreationPYRE]StartAt:1479847734868,Parent RDD ID:114,Name:UnionRDD,TaskAttempt ID:152,Partition Id:5,Stage Id:56
16/11/22 13:48:54 INFO serializeLogger: [CreationPYRE]EndAt:1479847734868,Parent RDD ID:114,Name:UnionRDD,TaskAttempt ID:152,Partition Id:5,Stage Id:56
16/11/22 13:48:54 INFO serializeLogger: [RunnerCompute]StartAt:1479847734868,Parent RDD ID:114,Name:UnionRDD,TaskAttempt ID:152,Partition Id:5,Stage Id:56
16/11/22 13:48:54 INFO serializeLogger: [CreationPYRE]StartAt:1479847734869,Parent RDD ID:103,Name:MapPartitionedRDD,TaskAttempt ID:152,Partition Id:5,Stage Id:56
16/11/22 13:48:54 INFO serializeLogger: [CreationPYRE]EndAt:1479847734870,Parent RDD ID:103,Name:MapPartitionedRDD,TaskAttempt ID:152,Partition Id:5,Stage Id:56
16/11/22 13:48:54 INFO serializeLogger: [RunnerCompute]StartAt:1479847734870,Parent RDD ID:103,Name:MapPartitionedRDD,TaskAttempt ID:152,Partition Id:5,Stage Id:56
16/11/22 13:48:54 INFO serializeLogger: [writerThread]StartAt:1479847734895,Parent RDD ID:103,Name:MapPartitionedRDD,TaskAttempt ID:152,Partition Id:5,Stage Id:56
16/11/22 13:48:54 INFO serializeLogger: [writerThread]StartAt:1479847734898,Parent RDD ID:103,Name:MapPartitionedRDD,TaskAttempt ID:148,Partition Id:1,Stage Id:56
16/11/22 13:49:34 INFO serializeLogger: [RunnerCompute]EndAt:1479847774528,Parent RDD ID:103,Name:MapPartitionedRDD,TaskAttempt ID:152,Partition Id:5,Stage Id:56
16/11/22 13:49:34 INFO serializeLogger: [writerThread]StartAt:1479847774544,Parent RDD ID:114,Name:UnionRDD,TaskAttempt ID:152,Partition Id:5,Stage Id:56
16/11/22 13:49:34 INFO serializeLogger: [RunnerCompute]EndAt:1479847774931,Parent RDD ID:114,Name:UnionRDD,TaskAttempt ID:152,Partition Id:5,Stage Id:56
16/11/22 13:49:35 INFO serializeLogger: [writerThread]EndAt:1479847775075,Parent RDD ID:114,Name:UnionRDD,TaskAttempt ID:152,Partition Id:5,Stage Id:56
16/11/22 13:49:35 INFO serializeLogger: [writerThread]EndAt:1479847775075,Parent RDD ID:103,Name:MapPartitionedRDD,TaskAttempt ID:152,Partition Id:5,Stage Id:56
16/11/22 13:49:37 INFO serializeLogger: [RunnerCompute]EndAt:1479847777083,Parent RDD ID:103,Name:MapPartitionedRDD,TaskAttempt ID:148,Partition Id:1,Stage Id:56
16/11/22 13:49:37 INFO serializeLogger: [writerThread]StartAt:1479847777085,Parent RDD ID:114,Name:UnionRDD,TaskAttempt ID:148,Partition Id:1,Stage Id:56
16/11/22 13:49:58 INFO serializeLogger: [RunnerCompute]EndAt:1479847798772,Parent RDD ID:114,Name:UnionRDD,TaskAttempt ID:148,Partition Id:1,Stage Id:56
16/11/22 13:50:00 INFO serializeLogger: [writerThread]EndAt:1479847800179,Parent RDD ID:114,Name:UnionRDD,TaskAttempt ID:148,Partition Id:1,Stage Id:56
16/11/22 13:50:00 INFO serializeLogger: [writerThread]EndAt:1479847800179,Parent RDD ID:103,Name:MapPartitionedRDD,TaskAttempt ID:148,Partition Id:1,Stage Id:56
16/11/22 13:50:00 INFO serializeLogger: [CreationPYRE]StartAt:1479847800324,Parent RDD ID:118,Name:MapPartitionedRDD,TaskAttempt ID:157,Partition Id:1,Stage Id:57
16/11/22 13:50:00 INFO serializeLogger: [CreationPYRE]EndAt:1479847800324,Parent RDD ID:118,Name:MapPartitionedRDD,TaskAttempt ID:157,Partition Id:1,Stage Id:57
16/11/22 13:50:00 INFO serializeLogger: [RunnerCompute]StartAt:1479847800324,Parent RDD ID:118,Name:MapPartitionedRDD,TaskAttempt ID:157,Partition Id:1,Stage Id:57
16/11/22 13:50:00 INFO serializeLogger: [writerThread]StartAt:1479847800354,Parent RDD ID:118,Name:MapPartitionedRDD,TaskAttempt ID:157,Partition Id:1,Stage Id:57
16/11/22 13:50:19 INFO serializeLogger: [RunnerCompute]EndAt:1479847819506,Parent RDD ID:118,Name:MapPartitionedRDD,TaskAttempt ID:157,Partition Id:1,Stage Id:57
16/11/22 13:50:19 INFO serializeLogger: [writerThread]EndAt:1479847819509,Parent RDD ID:118,Name:MapPartitionedRDD,TaskAttempt ID:157,Partition Id:1,Stage Id:57
16/11/22 13:50:20 INFO serializeLogger: [CreationPYRE]StartAt:1479847820115,Parent RDD ID:122,Name:UnionRDD,TaskAttempt ID:160,Partition Id:1,Stage Id:68
16/11/22 13:50:20 INFO serializeLogger: [CreationPYRE]EndAt:1479847820115,Parent RDD ID:122,Name:UnionRDD,TaskAttempt ID:160,Partition Id:1,Stage Id:68
16/11/22 13:50:20 INFO serializeLogger: [RunnerCompute]StartAt:1479847820115,Parent RDD ID:122,Name:UnionRDD,TaskAttempt ID:160,Partition Id:1,Stage Id:68
16/11/22 13:50:20 INFO serializeLogger: [CreationPYRE]StartAt:1479847820116,Parent RDD ID:103,Name:MapPartitionedRDD,TaskAttempt ID:160,Partition Id:1,Stage Id:68
16/11/22 13:50:20 INFO serializeLogger: [CreationPYRE]EndAt:1479847820116,Parent RDD ID:103,Name:MapPartitionedRDD,TaskAttempt ID:160,Partition Id:1,Stage Id:68
16/11/22 13:50:20 INFO serializeLogger: [RunnerCompute]StartAt:1479847820117,Parent RDD ID:103,Name:MapPartitionedRDD,TaskAttempt ID:160,Partition Id:1,Stage Id:68
16/11/22 13:50:20 INFO serializeLogger: [CreationPYRE]StartAt:1479847820117,Parent RDD ID:122,Name:UnionRDD,TaskAttempt ID:164,Partition Id:5,Stage Id:68
16/11/22 13:50:20 INFO serializeLogger: [CreationPYRE]EndAt:1479847820117,Parent RDD ID:122,Name:UnionRDD,TaskAttempt ID:164,Partition Id:5,Stage Id:68
16/11/22 13:50:20 INFO serializeLogger: [RunnerCompute]StartAt:1479847820117,Parent RDD ID:122,Name:UnionRDD,TaskAttempt ID:164,Partition Id:5,Stage Id:68
16/11/22 13:50:20 INFO serializeLogger: [CreationPYRE]StartAt:1479847820118,Parent RDD ID:103,Name:MapPartitionedRDD,TaskAttempt ID:164,Partition Id:5,Stage Id:68
16/11/22 13:50:20 INFO serializeLogger: [CreationPYRE]EndAt:1479847820118,Parent RDD ID:103,Name:MapPartitionedRDD,TaskAttempt ID:164,Partition Id:5,Stage Id:68
16/11/22 13:50:20 INFO serializeLogger: [RunnerCompute]StartAt:1479847820118,Parent RDD ID:103,Name:MapPartitionedRDD,TaskAttempt ID:164,Partition Id:5,Stage Id:68
16/11/22 13:50:20 INFO serializeLogger: [writerThread]StartAt:1479847820134,Parent RDD ID:103,Name:MapPartitionedRDD,TaskAttempt ID:160,Partition Id:1,Stage Id:68
16/11/22 13:50:20 INFO serializeLogger: [writerThread]StartAt:1479847820141,Parent RDD ID:103,Name:MapPartitionedRDD,TaskAttempt ID:164,Partition Id:5,Stage Id:68
16/11/22 13:51:01 INFO serializeLogger: [RunnerCompute]EndAt:1479847861525,Parent RDD ID:103,Name:MapPartitionedRDD,TaskAttempt ID:164,Partition Id:5,Stage Id:68
16/11/22 13:51:01 INFO serializeLogger: [writerThread]StartAt:1479847861527,Parent RDD ID:122,Name:UnionRDD,TaskAttempt ID:164,Partition Id:5,Stage Id:68
16/11/22 13:51:01 INFO serializeLogger: [RunnerCompute]EndAt:1479847861624,Parent RDD ID:122,Name:UnionRDD,TaskAttempt ID:164,Partition Id:5,Stage Id:68
16/11/22 13:51:01 INFO serializeLogger: [writerThread]EndAt:1479847861766,Parent RDD ID:122,Name:UnionRDD,TaskAttempt ID:164,Partition Id:5,Stage Id:68
16/11/22 13:51:01 INFO serializeLogger: [writerThread]EndAt:1479847861766,Parent RDD ID:103,Name:MapPartitionedRDD,TaskAttempt ID:164,Partition Id:5,Stage Id:68
16/11/22 13:51:03 INFO serializeLogger: [RunnerCompute]EndAt:1479847863155,Parent RDD ID:103,Name:MapPartitionedRDD,TaskAttempt ID:160,Partition Id:1,Stage Id:68
16/11/22 13:51:03 INFO serializeLogger: [writerThread]StartAt:1479847863158,Parent RDD ID:122,Name:UnionRDD,TaskAttempt ID:160,Partition Id:1,Stage Id:68
16/11/22 13:51:22 INFO serializeLogger: [RunnerCompute]EndAt:1479847882896,Parent RDD ID:122,Name:UnionRDD,TaskAttempt ID:160,Partition Id:1,Stage Id:68
16/11/22 13:51:24 INFO serializeLogger: [writerThread]EndAt:1479847884217,Parent RDD ID:122,Name:UnionRDD,TaskAttempt ID:160,Partition Id:1,Stage Id:68
16/11/22 13:51:24 INFO serializeLogger: [writerThread]EndAt:1479847884217,Parent RDD ID:103,Name:MapPartitionedRDD,TaskAttempt ID:160,Partition Id:1,Stage Id:68
16/11/22 13:51:47 INFO serializeLogger: [CreationPYRE]StartAt:1479847907747,Parent RDD ID:130,Name:UnionRDD,TaskAttempt ID:174,Partition Id:5,Stage Id:80
16/11/22 13:51:47 INFO serializeLogger: [CreationPYRE]EndAt:1479847907747,Parent RDD ID:130,Name:UnionRDD,TaskAttempt ID:174,Partition Id:5,Stage Id:80
16/11/22 13:51:47 INFO serializeLogger: [RunnerCompute]StartAt:1479847907748,Parent RDD ID:130,Name:UnionRDD,TaskAttempt ID:174,Partition Id:5,Stage Id:80
16/11/22 13:51:47 INFO serializeLogger: [CreationPYRE]StartAt:1479847907748,Parent RDD ID:103,Name:MapPartitionedRDD,TaskAttempt ID:174,Partition Id:5,Stage Id:80
16/11/22 13:51:47 INFO serializeLogger: [CreationPYRE]EndAt:1479847907749,Parent RDD ID:103,Name:MapPartitionedRDD,TaskAttempt ID:174,Partition Id:5,Stage Id:80
16/11/22 13:51:47 INFO serializeLogger: [RunnerCompute]StartAt:1479847907749,Parent RDD ID:103,Name:MapPartitionedRDD,TaskAttempt ID:174,Partition Id:5,Stage Id:80
16/11/22 13:51:47 INFO serializeLogger: [writerThread]StartAt:1479847907791,Parent RDD ID:103,Name:MapPartitionedRDD,TaskAttempt ID:174,Partition Id:5,Stage Id:80
16/11/22 13:52:28 INFO serializeLogger: [RunnerCompute]EndAt:1479847948306,Parent RDD ID:103,Name:MapPartitionedRDD,TaskAttempt ID:174,Partition Id:5,Stage Id:80
16/11/22 13:52:28 INFO serializeLogger: [writerThread]StartAt:1479847948323,Parent RDD ID:130,Name:UnionRDD,TaskAttempt ID:174,Partition Id:5,Stage Id:80
16/11/22 13:52:28 INFO serializeLogger: [RunnerCompute]EndAt:1479847948457,Parent RDD ID:130,Name:UnionRDD,TaskAttempt ID:174,Partition Id:5,Stage Id:80
16/11/22 13:52:28 INFO serializeLogger: [writerThread]EndAt:1479847948602,Parent RDD ID:130,Name:UnionRDD,TaskAttempt ID:174,Partition Id:5,Stage Id:80
16/11/22 13:52:28 INFO serializeLogger: [writerThread]EndAt:1479847948602,Parent RDD ID:103,Name:MapPartitionedRDD,TaskAttempt ID:174,Partition Id:5,Stage Id:80
16/11/22 13:52:55 INFO serializeLogger: [CreationPYRE]StartAt:1479847975223,Parent RDD ID:134,Name:MapPartitionedRDD,TaskAttempt ID:179,Partition Id:1,Stage Id:81
16/11/22 13:52:55 INFO serializeLogger: [CreationPYRE]EndAt:1479847975223,Parent RDD ID:134,Name:MapPartitionedRDD,TaskAttempt ID:179,Partition Id:1,Stage Id:81
16/11/22 13:52:55 INFO serializeLogger: [RunnerCompute]StartAt:1479847975223,Parent RDD ID:134,Name:MapPartitionedRDD,TaskAttempt ID:179,Partition Id:1,Stage Id:81
16/11/22 13:52:55 INFO serializeLogger: [writerThread]StartAt:1479847975248,Parent RDD ID:134,Name:MapPartitionedRDD,TaskAttempt ID:179,Partition Id:1,Stage Id:81
16/11/22 13:53:17 INFO serializeLogger: [RunnerCompute]EndAt:1479847997410,Parent RDD ID:134,Name:MapPartitionedRDD,TaskAttempt ID:179,Partition Id:1,Stage Id:81
16/11/22 13:53:17 INFO serializeLogger: [writerThread]EndAt:1479847997413,Parent RDD ID:134,Name:MapPartitionedRDD,TaskAttempt ID:179,Partition Id:1,Stage Id:81
