16/11/22 13:30:27 INFO myLogger: [MapPartitionsRDD]StartAt:103655238550328,TaskAttempt ID:2,Partition Id:2,Stage Id:0
16/11/22 13:30:27 INFO myLogger: [MapPartitionsRDD]StartAt:103655238825330,TaskAttempt ID:3,Partition Id:3,Stage Id:0
16/11/22 13:30:27 INFO myLogger: [MapPartitionsRDD]StartAt:103655238991868,TaskAttempt ID:4,Partition Id:4,Stage Id:0
16/11/22 13:30:27 INFO myLogger: [MapPartitionsRDD]StartAt:103655239526699,TaskAttempt ID:1,Partition Id:1,Stage Id:0
16/11/22 13:30:27 INFO myLogger: [MapPartitionsRDD]StartAt:103655239741107,TaskAttempt ID:0,Partition Id:0,Stage Id:0
16/11/22 13:30:27 INFO myLogger: [MapPartitionsRDD]EndAt:103655755594633,TaskAttempt ID:3,Partition Id:3,Stage Id:0
16/11/22 13:30:27 INFO myLogger: [MapPartitionsRDD]EndAt:103655755919791,TaskAttempt ID:1,Partition Id:1,Stage Id:0
16/11/22 13:30:27 INFO myLogger: [MapPartitionsRDD]EndAt:103655756396221,TaskAttempt ID:2,Partition Id:2,Stage Id:0
16/11/22 13:30:27 INFO myLogger: [MapPartitionsRDD]EndAt:103655756884750,TaskAttempt ID:4,Partition Id:4,Stage Id:0
16/11/22 13:30:27 INFO myLogger: [MapPartitionsRDD]EndAt:103655757225585,TaskAttempt ID:0,Partition Id:0,Stage Id:0
16/11/22 13:30:52 INFO myLogger: [MapPartitionsRDD]StartAt:103680586655802,TaskAttempt ID:8,Partition Id:3,Stage Id:1
16/11/22 13:30:52 INFO myLogger: [MapPartitionsRDD]EndAt:103680594344171,TaskAttempt ID:8,Partition Id:3,Stage Id:1
16/11/22 13:31:20 INFO myLogger: [MapPartitionsRDD]StartAt:103708304479390,TaskAttempt ID:11,Partition Id:1,Stage Id:2
16/11/22 13:31:20 INFO myLogger: [MapPartitionsRDD]EndAt:103708310779467,TaskAttempt ID:11,Partition Id:1,Stage Id:2
16/11/22 13:32:03 INFO myLogger: [UnionRDD]StartAt:103751856804398,TaskAttempt ID:18,Partition Id:3,Stage Id:3
16/11/22 13:32:03 INFO myLogger: [UnionRDD]StartAt:103751858047091,TaskAttempt ID:22,Partition Id:7,Stage Id:3
16/11/22 13:32:03 INFO myLogger: [MapPartitionsRDD]StartAt:103751858806946,TaskAttempt ID:18,Partition Id:3,Stage Id:3
16/11/22 13:32:03 INFO myLogger: [ShuffledRDD]StartAt:103751859362190,TaskAttempt ID:18,Partition Id:3,Stage Id:3
16/11/22 13:32:03 INFO myLogger: [ParallelCollectionRDD]StartAt:103751876852582,TaskAttempt ID:22,Partition Id:7,Stage Id:3
16/11/22 13:32:03 INFO myLogger: [ParallelCollectionRDD]EndAt:103751877500525,TaskAttempt ID:22,Partition Id:7,Stage Id:3
16/11/22 13:32:03 INFO myLogger: [ShuffledRDD]EndAt:103751985671743,TaskAttempt ID:18,Partition Id:3,Stage Id:3
16/11/22 13:32:03 INFO myLogger: [MapPartitionsRDD]EndAt:103751986512673,TaskAttempt ID:18,Partition Id:3,Stage Id:3
16/11/22 13:32:04 INFO myLogger: [UnionRDD]EndAt:103752081951368,TaskAttempt ID:22,Partition Id:7,Stage Id:3
16/11/22 13:32:24 INFO myLogger: [UnionRDD]EndAt:103772789295286,TaskAttempt ID:18,Partition Id:3,Stage Id:3
16/11/22 13:32:46 INFO myLogger: [UnionRDD]StartAt:103794769035063,TaskAttempt ID:27,Partition Id:3,Stage Id:4
16/11/22 13:32:46 INFO myLogger: [MapPartitionsRDD]StartAt:103794770062514,TaskAttempt ID:27,Partition Id:3,Stage Id:4
16/11/22 13:32:46 INFO myLogger: [ShuffledRDD]StartAt:103794770455232,TaskAttempt ID:27,Partition Id:3,Stage Id:4
16/11/22 13:32:46 INFO myLogger: [UnionRDD]StartAt:103794774715208,TaskAttempt ID:23,Partition Id:7,Stage Id:4
16/11/22 13:32:46 INFO myLogger: [ShuffledRDD]EndAt:103794813820097,TaskAttempt ID:27,Partition Id:3,Stage Id:4
16/11/22 13:32:46 INFO myLogger: [MapPartitionsRDD]EndAt:103794814153976,TaskAttempt ID:27,Partition Id:3,Stage Id:4
16/11/22 13:32:46 INFO myLogger: [UnionRDD]EndAt:103794922287036,TaskAttempt ID:23,Partition Id:7,Stage Id:4
16/11/22 13:33:06 INFO myLogger: [UnionRDD]EndAt:103814244051753,TaskAttempt ID:27,Partition Id:3,Stage Id:4
16/11/22 13:33:28 INFO myLogger: [UnionRDD]StartAt:103836812127028,TaskAttempt ID:34,Partition Id:3,Stage Id:5
16/11/22 13:33:28 INFO myLogger: [MapPartitionsRDD]StartAt:103836813565445,TaskAttempt ID:34,Partition Id:3,Stage Id:5
16/11/22 13:33:28 INFO myLogger: [ShuffledRDD]StartAt:103836814041879,TaskAttempt ID:34,Partition Id:3,Stage Id:5
16/11/22 13:33:28 INFO myLogger: [UnionRDD]StartAt:103836814690369,TaskAttempt ID:38,Partition Id:7,Stage Id:5
16/11/22 13:33:28 INFO myLogger: [MapPartitionsRDD]StartAt:103836815798863,TaskAttempt ID:38,Partition Id:7,Stage Id:5
16/11/22 13:33:28 INFO myLogger: [ShuffledRDD]StartAt:103836817191949,TaskAttempt ID:38,Partition Id:7,Stage Id:5
16/11/22 13:33:28 INFO myLogger: [ShuffledRDD]EndAt:103836858127345,TaskAttempt ID:38,Partition Id:7,Stage Id:5
16/11/22 13:33:28 INFO myLogger: [MapPartitionsRDD]EndAt:103836858656761,TaskAttempt ID:38,Partition Id:7,Stage Id:5
16/11/22 13:33:28 INFO myLogger: [ShuffledRDD]EndAt:103836912726272,TaskAttempt ID:34,Partition Id:3,Stage Id:5
16/11/22 13:33:28 INFO myLogger: [MapPartitionsRDD]EndAt:103836913051711,TaskAttempt ID:34,Partition Id:3,Stage Id:5
16/11/22 13:34:02 INFO myLogger: [UnionRDD]EndAt:103870254011817,TaskAttempt ID:38,Partition Id:7,Stage Id:5
16/11/22 13:34:08 INFO myLogger: [UnionRDD]EndAt:103876506246787,TaskAttempt ID:34,Partition Id:3,Stage Id:5
16/11/22 13:34:32 INFO myLogger: [UnionRDD]StartAt:103900157381905,TaskAttempt ID:42,Partition Id:2,Stage Id:6
16/11/22 13:34:32 INFO myLogger: [MapPartitionsRDD]StartAt:103900158427042,TaskAttempt ID:42,Partition Id:2,Stage Id:6
16/11/22 13:34:32 INFO myLogger: [ShuffledRDD]StartAt:103900158784208,TaskAttempt ID:42,Partition Id:2,Stage Id:6
16/11/22 13:34:32 INFO myLogger: [UnionRDD]StartAt:103900164896750,TaskAttempt ID:45,Partition Id:6,Stage Id:6
16/11/22 13:34:32 INFO myLogger: [MapPartitionsRDD]StartAt:103900167468221,TaskAttempt ID:45,Partition Id:6,Stage Id:6
16/11/22 13:34:32 INFO myLogger: [ShuffledRDD]StartAt:103900168224652,TaskAttempt ID:45,Partition Id:6,Stage Id:6
16/11/22 13:34:32 INFO myLogger: [ShuffledRDD]EndAt:103900204330489,TaskAttempt ID:45,Partition Id:6,Stage Id:6
16/11/22 13:34:32 INFO myLogger: [MapPartitionsRDD]EndAt:103900205236744,TaskAttempt ID:45,Partition Id:6,Stage Id:6
16/11/22 13:34:32 INFO myLogger: [ShuffledRDD]EndAt:103900207161281,TaskAttempt ID:42,Partition Id:2,Stage Id:6
16/11/22 13:34:32 INFO myLogger: [MapPartitionsRDD]EndAt:103900207850442,TaskAttempt ID:42,Partition Id:2,Stage Id:6
16/11/22 13:35:09 INFO myLogger: [UnionRDD]EndAt:103937148262489,TaskAttempt ID:45,Partition Id:6,Stage Id:6
16/11/22 13:35:18 INFO myLogger: [UnionRDD]EndAt:103946536824663,TaskAttempt ID:42,Partition Id:2,Stage Id:6
16/11/22 13:35:40 INFO myLogger: [UnionRDD]StartAt:103968893437997,TaskAttempt ID:50,Partition Id:2,Stage Id:7
16/11/22 13:35:40 INFO myLogger: [MapPartitionsRDD]StartAt:103968894856869,TaskAttempt ID:50,Partition Id:2,Stage Id:7
16/11/22 13:35:40 INFO myLogger: [ShuffledRDD]StartAt:103968895277223,TaskAttempt ID:50,Partition Id:2,Stage Id:7
16/11/22 13:35:40 INFO myLogger: [UnionRDD]StartAt:103968895457228,TaskAttempt ID:54,Partition Id:6,Stage Id:7
16/11/22 13:35:40 INFO myLogger: [MapPartitionsRDD]StartAt:103968896562992,TaskAttempt ID:54,Partition Id:6,Stage Id:7
16/11/22 13:35:40 INFO myLogger: [ShuffledRDD]StartAt:103968896869600,TaskAttempt ID:54,Partition Id:6,Stage Id:7
16/11/22 13:35:40 INFO myLogger: [ShuffledRDD]EndAt:103968934375190,TaskAttempt ID:50,Partition Id:2,Stage Id:7
16/11/22 13:35:40 INFO myLogger: [ShuffledRDD]EndAt:103968934820680,TaskAttempt ID:54,Partition Id:6,Stage Id:7
16/11/22 13:35:40 INFO myLogger: [MapPartitionsRDD]EndAt:103968934944526,TaskAttempt ID:50,Partition Id:2,Stage Id:7
16/11/22 13:35:40 INFO myLogger: [MapPartitionsRDD]EndAt:103968935454837,TaskAttempt ID:54,Partition Id:6,Stage Id:7
16/11/22 13:36:17 INFO myLogger: [UnionRDD]EndAt:104005776641498,TaskAttempt ID:54,Partition Id:6,Stage Id:7
16/11/22 13:36:21 INFO myLogger: [UnionRDD]EndAt:104009288757490,TaskAttempt ID:50,Partition Id:2,Stage Id:7
16/11/22 13:36:45 INFO myLogger: [UnionRDD]StartAt:104033105046613,TaskAttempt ID:56,Partition Id:1,Stage Id:8
16/11/22 13:36:45 INFO myLogger: [MapPartitionsRDD]StartAt:104033105950533,TaskAttempt ID:56,Partition Id:1,Stage Id:8
16/11/22 13:36:45 INFO myLogger: [ShuffledRDD]StartAt:104033106264491,TaskAttempt ID:56,Partition Id:1,Stage Id:8
16/11/22 13:36:45 INFO myLogger: [UnionRDD]StartAt:104033112884805,TaskAttempt ID:60,Partition Id:5,Stage Id:8
16/11/22 13:36:45 INFO myLogger: [MapPartitionsRDD]StartAt:104033113835846,TaskAttempt ID:60,Partition Id:5,Stage Id:8
16/11/22 13:36:45 INFO myLogger: [ShuffledRDD]StartAt:104033114148702,TaskAttempt ID:60,Partition Id:5,Stage Id:8
16/11/22 13:36:45 INFO myLogger: [ShuffledRDD]EndAt:104033144629250,TaskAttempt ID:60,Partition Id:5,Stage Id:8
16/11/22 13:36:45 INFO myLogger: [ShuffledRDD]EndAt:104033144171266,TaskAttempt ID:56,Partition Id:1,Stage Id:8
16/11/22 13:36:45 INFO myLogger: [MapPartitionsRDD]EndAt:104033145152686,TaskAttempt ID:60,Partition Id:5,Stage Id:8
16/11/22 13:36:45 INFO myLogger: [MapPartitionsRDD]EndAt:104033145359220,TaskAttempt ID:56,Partition Id:1,Stage Id:8
16/11/22 13:37:25 INFO myLogger: [UnionRDD]EndAt:104073120285987,TaskAttempt ID:60,Partition Id:5,Stage Id:8
16/11/22 13:37:28 INFO myLogger: [UnionRDD]EndAt:104076445016406,TaskAttempt ID:56,Partition Id:1,Stage Id:8
16/11/22 13:37:51 INFO myLogger: [MapPartitionsRDD]StartAt:104099659308537,TaskAttempt ID:65,Partition Id:0,Stage Id:9
16/11/22 13:37:51 INFO myLogger: [ShuffledRDD]StartAt:104099659797602,TaskAttempt ID:65,Partition Id:0,Stage Id:9
16/11/22 13:37:51 INFO myLogger: [ShuffledRDD]EndAt:104099701311255,TaskAttempt ID:65,Partition Id:0,Stage Id:9
16/11/22 13:37:51 INFO myLogger: [MapPartitionsRDD]EndAt:104099701619847,TaskAttempt ID:65,Partition Id:0,Stage Id:9
16/11/22 13:38:15 INFO myLogger: [UnionRDD]StartAt:104123779962162,TaskAttempt ID:68,Partition Id:1,Stage Id:16
16/11/22 13:38:15 INFO myLogger: [MapPartitionsRDD]StartAt:104123780832176,TaskAttempt ID:68,Partition Id:1,Stage Id:16
16/11/22 13:38:15 INFO myLogger: [ShuffledRDD]StartAt:104123781111544,TaskAttempt ID:68,Partition Id:1,Stage Id:16
16/11/22 13:38:15 INFO myLogger: [UnionRDD]StartAt:104123788772169,TaskAttempt ID:72,Partition Id:5,Stage Id:16
16/11/22 13:38:15 INFO myLogger: [MapPartitionsRDD]StartAt:104123790597360,TaskAttempt ID:72,Partition Id:5,Stage Id:16
16/11/22 13:38:15 INFO myLogger: [ShuffledRDD]StartAt:104123794313104,TaskAttempt ID:72,Partition Id:5,Stage Id:16
16/11/22 13:38:15 INFO myLogger: [ShuffledRDD]EndAt:104123815348554,TaskAttempt ID:68,Partition Id:1,Stage Id:16
16/11/22 13:38:15 INFO myLogger: [MapPartitionsRDD]EndAt:104123816066103,TaskAttempt ID:68,Partition Id:1,Stage Id:16
16/11/22 13:38:15 INFO myLogger: [ShuffledRDD]EndAt:104123826896589,TaskAttempt ID:72,Partition Id:5,Stage Id:16
16/11/22 13:38:15 INFO myLogger: [MapPartitionsRDD]EndAt:104123827471007,TaskAttempt ID:72,Partition Id:5,Stage Id:16
16/11/22 13:38:57 INFO myLogger: [UnionRDD]EndAt:104165123363533,TaskAttempt ID:72,Partition Id:5,Stage Id:16
16/11/22 13:39:01 INFO myLogger: [UnionRDD]EndAt:104170040887064,TaskAttempt ID:68,Partition Id:1,Stage Id:16
16/11/22 13:39:24 INFO myLogger: [MapPartitionsRDD]StartAt:104192458019988,TaskAttempt ID:77,Partition Id:1,Stage Id:17
16/11/22 13:39:24 INFO myLogger: [ShuffledRDD]StartAt:104192458358885,TaskAttempt ID:77,Partition Id:1,Stage Id:17
16/11/22 13:39:24 INFO myLogger: [ShuffledRDD]EndAt:104192489813044,TaskAttempt ID:77,Partition Id:1,Stage Id:17
16/11/22 13:39:24 INFO myLogger: [MapPartitionsRDD]EndAt:104192490315594,TaskAttempt ID:77,Partition Id:1,Stage Id:17
16/11/22 13:39:48 INFO myLogger: [UnionRDD]StartAt:104216121117866,TaskAttempt ID:79,Partition Id:1,Stage Id:24
16/11/22 13:39:48 INFO myLogger: [MapPartitionsRDD]StartAt:104216121942593,TaskAttempt ID:79,Partition Id:1,Stage Id:24
16/11/22 13:39:48 INFO myLogger: [ShuffledRDD]StartAt:104216122214265,TaskAttempt ID:79,Partition Id:1,Stage Id:24
16/11/22 13:39:48 INFO myLogger: [UnionRDD]StartAt:104216126422441,TaskAttempt ID:83,Partition Id:5,Stage Id:24
16/11/22 13:39:48 INFO myLogger: [MapPartitionsRDD]StartAt:104216128131663,TaskAttempt ID:83,Partition Id:5,Stage Id:24
16/11/22 13:39:48 INFO myLogger: [ShuffledRDD]StartAt:104216128716652,TaskAttempt ID:83,Partition Id:5,Stage Id:24
16/11/22 13:39:48 INFO myLogger: [ShuffledRDD]EndAt:104216159479034,TaskAttempt ID:79,Partition Id:1,Stage Id:24
16/11/22 13:39:48 INFO myLogger: [MapPartitionsRDD]EndAt:104216159920171,TaskAttempt ID:79,Partition Id:1,Stage Id:24
16/11/22 13:39:48 INFO myLogger: [ShuffledRDD]EndAt:104216165371417,TaskAttempt ID:83,Partition Id:5,Stage Id:24
16/11/22 13:39:48 INFO myLogger: [MapPartitionsRDD]EndAt:104216165941449,TaskAttempt ID:83,Partition Id:5,Stage Id:24
16/11/22 13:40:29 INFO myLogger: [UnionRDD]EndAt:104257322289906,TaskAttempt ID:83,Partition Id:5,Stage Id:24
16/11/22 13:40:34 INFO myLogger: [UnionRDD]EndAt:104262713765177,TaskAttempt ID:79,Partition Id:1,Stage Id:24
16/11/22 13:40:56 INFO myLogger: [MapPartitionsRDD]StartAt:104284615708366,TaskAttempt ID:89,Partition Id:1,Stage Id:25
16/11/22 13:40:56 INFO myLogger: [ShuffledRDD]StartAt:104284616023612,TaskAttempt ID:89,Partition Id:1,Stage Id:25
16/11/22 13:40:56 INFO myLogger: [ShuffledRDD]EndAt:104284653840263,TaskAttempt ID:89,Partition Id:1,Stage Id:25
16/11/22 13:40:56 INFO myLogger: [MapPartitionsRDD]EndAt:104284654119967,TaskAttempt ID:89,Partition Id:1,Stage Id:25
16/11/22 13:41:21 INFO myLogger: [UnionRDD]StartAt:104309777681777,TaskAttempt ID:91,Partition Id:1,Stage Id:32
16/11/22 13:41:21 INFO myLogger: [MapPartitionsRDD]StartAt:104309778488725,TaskAttempt ID:91,Partition Id:1,Stage Id:32
16/11/22 13:41:21 INFO myLogger: [ShuffledRDD]StartAt:104309778763012,TaskAttempt ID:91,Partition Id:1,Stage Id:32
16/11/22 13:41:21 INFO myLogger: [UnionRDD]StartAt:104309787688551,TaskAttempt ID:95,Partition Id:5,Stage Id:32
16/11/22 13:41:21 INFO myLogger: [MapPartitionsRDD]StartAt:104309789390889,TaskAttempt ID:95,Partition Id:5,Stage Id:32
16/11/22 13:41:21 INFO myLogger: [ShuffledRDD]StartAt:104309790067051,TaskAttempt ID:95,Partition Id:5,Stage Id:32
16/11/22 13:41:21 INFO myLogger: [ShuffledRDD]EndAt:104309813695129,TaskAttempt ID:91,Partition Id:1,Stage Id:32
16/11/22 13:41:21 INFO myLogger: [MapPartitionsRDD]EndAt:104309813973807,TaskAttempt ID:91,Partition Id:1,Stage Id:32
16/11/22 13:41:21 INFO myLogger: [ShuffledRDD]EndAt:104309814366695,TaskAttempt ID:95,Partition Id:5,Stage Id:32
16/11/22 13:41:21 INFO myLogger: [MapPartitionsRDD]EndAt:104309814725153,TaskAttempt ID:95,Partition Id:5,Stage Id:32
16/11/22 13:42:03 INFO myLogger: [UnionRDD]EndAt:104351738842286,TaskAttempt ID:95,Partition Id:5,Stage Id:32
16/11/22 13:42:05 INFO myLogger: [UnionRDD]EndAt:104353644959377,TaskAttempt ID:91,Partition Id:1,Stage Id:32
16/11/22 13:42:29 INFO myLogger: [MapPartitionsRDD]StartAt:104377338098202,TaskAttempt ID:100,Partition Id:1,Stage Id:33
16/11/22 13:42:29 INFO myLogger: [ShuffledRDD]StartAt:104377338443573,TaskAttempt ID:100,Partition Id:1,Stage Id:33
16/11/22 13:42:29 INFO myLogger: [ShuffledRDD]EndAt:104377369752324,TaskAttempt ID:100,Partition Id:1,Stage Id:33
16/11/22 13:42:29 INFO myLogger: [MapPartitionsRDD]EndAt:104377370310675,TaskAttempt ID:100,Partition Id:1,Stage Id:33
16/11/22 13:42:50 INFO myLogger: [UnionRDD]StartAt:104398170342284,TaskAttempt ID:109,Partition Id:6,Stage Id:40
16/11/22 13:42:50 INFO myLogger: [MapPartitionsRDD]StartAt:104398171846370,TaskAttempt ID:109,Partition Id:6,Stage Id:40
16/11/22 13:42:50 INFO myLogger: [ShuffledRDD]StartAt:104398172353266,TaskAttempt ID:109,Partition Id:6,Stage Id:40
16/11/22 13:42:50 INFO myLogger: [UnionRDD]StartAt:104398173483146,TaskAttempt ID:106,Partition Id:5,Stage Id:40
16/11/22 13:42:50 INFO myLogger: [MapPartitionsRDD]StartAt:104398174985184,TaskAttempt ID:106,Partition Id:5,Stage Id:40
16/11/22 13:42:50 INFO myLogger: [ShuffledRDD]StartAt:104398175653785,TaskAttempt ID:106,Partition Id:5,Stage Id:40
16/11/22 13:42:50 INFO myLogger: [ShuffledRDD]EndAt:104398195958543,TaskAttempt ID:109,Partition Id:6,Stage Id:40
16/11/22 13:42:50 INFO myLogger: [MapPartitionsRDD]EndAt:104398196533904,TaskAttempt ID:109,Partition Id:6,Stage Id:40
16/11/22 13:42:50 INFO myLogger: [ShuffledRDD]EndAt:104398236777377,TaskAttempt ID:106,Partition Id:5,Stage Id:40
16/11/22 13:42:50 INFO myLogger: [MapPartitionsRDD]EndAt:104398237299919,TaskAttempt ID:106,Partition Id:5,Stage Id:40
16/11/22 13:43:24 INFO myLogger: [UnionRDD]EndAt:104432445726106,TaskAttempt ID:109,Partition Id:6,Stage Id:40
16/11/22 13:43:32 INFO myLogger: [UnionRDD]EndAt:104440081982101,TaskAttempt ID:106,Partition Id:5,Stage Id:40
16/11/22 13:43:56 INFO myLogger: [UnionRDD]StartAt:104464190237528,TaskAttempt ID:117,Partition Id:4,Stage Id:41
16/11/22 13:43:56 INFO myLogger: [MapPartitionsRDD]StartAt:104464191896632,TaskAttempt ID:117,Partition Id:4,Stage Id:41
16/11/22 13:43:56 INFO myLogger: [ShuffledRDD]StartAt:104464192501688,TaskAttempt ID:117,Partition Id:4,Stage Id:41
16/11/22 13:43:56 INFO myLogger: [UnionRDD]StartAt:104464192589608,TaskAttempt ID:113,Partition Id:0,Stage Id:41
16/11/22 13:43:56 INFO myLogger: [MapPartitionsRDD]StartAt:104464193594015,TaskAttempt ID:113,Partition Id:0,Stage Id:41
16/11/22 13:43:56 INFO myLogger: [ShuffledRDD]StartAt:104464193864733,TaskAttempt ID:113,Partition Id:0,Stage Id:41
16/11/22 13:43:56 INFO myLogger: [ShuffledRDD]EndAt:104464231440580,TaskAttempt ID:117,Partition Id:4,Stage Id:41
16/11/22 13:43:56 INFO myLogger: [MapPartitionsRDD]EndAt:104464231875773,TaskAttempt ID:117,Partition Id:4,Stage Id:41
16/11/22 13:43:56 INFO myLogger: [ShuffledRDD]EndAt:104464234725031,TaskAttempt ID:113,Partition Id:0,Stage Id:41
16/11/22 13:43:56 INFO myLogger: [MapPartitionsRDD]EndAt:104464234993500,TaskAttempt ID:113,Partition Id:0,Stage Id:41
16/11/22 13:44:35 INFO myLogger: [UnionRDD]EndAt:104503605274415,TaskAttempt ID:117,Partition Id:4,Stage Id:41
16/11/22 13:44:42 INFO myLogger: [UnionRDD]EndAt:104510829824291,TaskAttempt ID:113,Partition Id:0,Stage Id:41
16/11/22 13:45:02 INFO myLogger: [UnionRDD]StartAt:104530647962342,TaskAttempt ID:124,Partition Id:3,Stage Id:42
16/11/22 13:45:02 INFO myLogger: [MapPartitionsRDD]StartAt:104530649096645,TaskAttempt ID:124,Partition Id:3,Stage Id:42
16/11/22 13:45:02 INFO myLogger: [ShuffledRDD]StartAt:104530649477521,TaskAttempt ID:124,Partition Id:3,Stage Id:42
16/11/22 13:45:02 INFO myLogger: [UnionRDD]StartAt:104530654758297,TaskAttempt ID:126,Partition Id:7,Stage Id:42
16/11/22 13:45:02 INFO myLogger: [MapPartitionsRDD]StartAt:104530658861552,TaskAttempt ID:126,Partition Id:7,Stage Id:42
16/11/22 13:45:02 INFO myLogger: [ShuffledRDD]StartAt:104530659501887,TaskAttempt ID:126,Partition Id:7,Stage Id:42
16/11/22 13:45:02 INFO myLogger: [UnionRDD]StartAt:104530661058405,TaskAttempt ID:120,Partition Id:0,Stage Id:42
16/11/22 13:45:02 INFO myLogger: [MapPartitionsRDD]StartAt:104530662239093,TaskAttempt ID:120,Partition Id:0,Stage Id:42
16/11/22 13:45:02 INFO myLogger: [ShuffledRDD]StartAt:104530662850225,TaskAttempt ID:120,Partition Id:0,Stage Id:42
16/11/22 13:45:02 INFO myLogger: [ShuffledRDD]EndAt:104530683665431,TaskAttempt ID:120,Partition Id:0,Stage Id:42
16/11/22 13:45:02 INFO myLogger: [MapPartitionsRDD]EndAt:104530684075843,TaskAttempt ID:120,Partition Id:0,Stage Id:42
16/11/22 13:45:02 INFO myLogger: [ShuffledRDD]EndAt:104530685313824,TaskAttempt ID:124,Partition Id:3,Stage Id:42
16/11/22 13:45:02 INFO myLogger: [ShuffledRDD]EndAt:104530685425398,TaskAttempt ID:126,Partition Id:7,Stage Id:42
16/11/22 13:45:02 INFO myLogger: [MapPartitionsRDD]EndAt:104530685765188,TaskAttempt ID:124,Partition Id:3,Stage Id:42
16/11/22 13:45:02 INFO myLogger: [MapPartitionsRDD]EndAt:104530685843028,TaskAttempt ID:126,Partition Id:7,Stage Id:42
16/11/22 13:45:40 INFO myLogger: [UnionRDD]EndAt:104568735946278,TaskAttempt ID:126,Partition Id:7,Stage Id:42
16/11/22 13:45:43 INFO myLogger: [UnionRDD]EndAt:104571269786508,TaskAttempt ID:120,Partition Id:0,Stage Id:42
16/11/22 13:45:50 INFO myLogger: [UnionRDD]EndAt:104578288902718,TaskAttempt ID:124,Partition Id:3,Stage Id:42
16/11/22 13:46:11 INFO myLogger: [UnionRDD]StartAt:104599597819123,TaskAttempt ID:130,Partition Id:2,Stage Id:43
16/11/22 13:46:11 INFO myLogger: [MapPartitionsRDD]StartAt:104599598614033,TaskAttempt ID:130,Partition Id:2,Stage Id:43
16/11/22 13:46:11 INFO myLogger: [ShuffledRDD]StartAt:104599598885204,TaskAttempt ID:130,Partition Id:2,Stage Id:43
16/11/22 13:46:11 INFO myLogger: [UnionRDD]StartAt:104599603223293,TaskAttempt ID:134,Partition Id:6,Stage Id:43
16/11/22 13:46:11 INFO myLogger: [MapPartitionsRDD]StartAt:104599605154549,TaskAttempt ID:134,Partition Id:6,Stage Id:43
16/11/22 13:46:11 INFO myLogger: [ShuffledRDD]StartAt:104599605779911,TaskAttempt ID:134,Partition Id:6,Stage Id:43
16/11/22 13:46:11 INFO myLogger: [ShuffledRDD]EndAt:104599633487853,TaskAttempt ID:130,Partition Id:2,Stage Id:43
16/11/22 13:46:11 INFO myLogger: [MapPartitionsRDD]EndAt:104599633821800,TaskAttempt ID:130,Partition Id:2,Stage Id:43
16/11/22 13:46:11 INFO myLogger: [ShuffledRDD]EndAt:104599637959838,TaskAttempt ID:134,Partition Id:6,Stage Id:43
16/11/22 13:46:11 INFO myLogger: [MapPartitionsRDD]EndAt:104599638522557,TaskAttempt ID:134,Partition Id:6,Stage Id:43
16/11/22 13:46:51 INFO myLogger: [UnionRDD]EndAt:104639701334884,TaskAttempt ID:134,Partition Id:6,Stage Id:43
16/11/22 13:46:54 INFO myLogger: [UnionRDD]EndAt:104642447914563,TaskAttempt ID:130,Partition Id:2,Stage Id:43
16/11/22 13:47:22 INFO myLogger: [UnionRDD]StartAt:104670307520994,TaskAttempt ID:138,Partition Id:5,Stage Id:44
16/11/22 13:47:22 INFO myLogger: [MapPartitionsRDD]StartAt:104670308704370,TaskAttempt ID:138,Partition Id:5,Stage Id:44
16/11/22 13:47:22 INFO myLogger: [ShuffledRDD]StartAt:104670309090108,TaskAttempt ID:138,Partition Id:5,Stage Id:44
16/11/22 13:47:22 INFO myLogger: [ShuffledRDD]EndAt:104670343431642,TaskAttempt ID:138,Partition Id:5,Stage Id:44
16/11/22 13:47:22 INFO myLogger: [MapPartitionsRDD]EndAt:104670343913475,TaskAttempt ID:138,Partition Id:5,Stage Id:44
16/11/22 13:48:01 INFO myLogger: [UnionRDD]EndAt:104709566060640,TaskAttempt ID:138,Partition Id:5,Stage Id:44
16/11/22 13:48:54 INFO myLogger: [UnionRDD]StartAt:104762919400968,TaskAttempt ID:148,Partition Id:1,Stage Id:56
16/11/22 13:48:54 INFO myLogger: [MapPartitionsRDD]StartAt:104762920167059,TaskAttempt ID:148,Partition Id:1,Stage Id:56
16/11/22 13:48:54 INFO myLogger: [ShuffledRDD]StartAt:104762920447549,TaskAttempt ID:148,Partition Id:1,Stage Id:56
16/11/22 13:48:54 INFO myLogger: [UnionRDD]StartAt:104762924539755,TaskAttempt ID:152,Partition Id:5,Stage Id:56
16/11/22 13:48:54 INFO myLogger: [MapPartitionsRDD]StartAt:104762926170303,TaskAttempt ID:152,Partition Id:5,Stage Id:56
16/11/22 13:48:54 INFO myLogger: [ShuffledRDD]StartAt:104762926757159,TaskAttempt ID:152,Partition Id:5,Stage Id:56
16/11/22 13:48:54 INFO myLogger: [ShuffledRDD]EndAt:104762948770764,TaskAttempt ID:152,Partition Id:5,Stage Id:56
16/11/22 13:48:54 INFO myLogger: [MapPartitionsRDD]EndAt:104762949167651,TaskAttempt ID:152,Partition Id:5,Stage Id:56
16/11/22 13:48:54 INFO myLogger: [ShuffledRDD]EndAt:104762949543042,TaskAttempt ID:148,Partition Id:1,Stage Id:56
16/11/22 13:48:54 INFO myLogger: [MapPartitionsRDD]EndAt:104762953028576,TaskAttempt ID:148,Partition Id:1,Stage Id:56
16/11/22 13:49:34 INFO myLogger: [UnionRDD]EndAt:104802583989801,TaskAttempt ID:152,Partition Id:5,Stage Id:56
16/11/22 13:49:37 INFO myLogger: [UnionRDD]EndAt:104805138980583,TaskAttempt ID:148,Partition Id:1,Stage Id:56
16/11/22 13:50:00 INFO myLogger: [MapPartitionsRDD]StartAt:104828380338557,TaskAttempt ID:157,Partition Id:1,Stage Id:57
16/11/22 13:50:00 INFO myLogger: [ShuffledRDD]StartAt:104828380741251,TaskAttempt ID:157,Partition Id:1,Stage Id:57
16/11/22 13:50:00 INFO myLogger: [ShuffledRDD]EndAt:104828407581484,TaskAttempt ID:157,Partition Id:1,Stage Id:57
16/11/22 13:50:00 INFO myLogger: [MapPartitionsRDD]EndAt:104828408326229,TaskAttempt ID:157,Partition Id:1,Stage Id:57
16/11/22 13:50:20 INFO myLogger: [UnionRDD]StartAt:104848171136629,TaskAttempt ID:160,Partition Id:1,Stage Id:68
16/11/22 13:50:20 INFO myLogger: [MapPartitionsRDD]StartAt:104848172668996,TaskAttempt ID:160,Partition Id:1,Stage Id:68
16/11/22 13:50:20 INFO myLogger: [ShuffledRDD]StartAt:104848173087242,TaskAttempt ID:160,Partition Id:1,Stage Id:68
16/11/22 13:50:20 INFO myLogger: [UnionRDD]StartAt:104848173549691,TaskAttempt ID:164,Partition Id:5,Stage Id:68
16/11/22 13:50:20 INFO myLogger: [MapPartitionsRDD]StartAt:104848174434585,TaskAttempt ID:164,Partition Id:5,Stage Id:68
16/11/22 13:50:20 INFO myLogger: [ShuffledRDD]StartAt:104848174699457,TaskAttempt ID:164,Partition Id:5,Stage Id:68
16/11/22 13:50:20 INFO myLogger: [ShuffledRDD]EndAt:104848189058037,TaskAttempt ID:160,Partition Id:1,Stage Id:68
16/11/22 13:50:20 INFO myLogger: [MapPartitionsRDD]EndAt:104848189366298,TaskAttempt ID:160,Partition Id:1,Stage Id:68
16/11/22 13:50:20 INFO myLogger: [ShuffledRDD]EndAt:104848190122070,TaskAttempt ID:164,Partition Id:5,Stage Id:68
16/11/22 13:50:20 INFO myLogger: [MapPartitionsRDD]EndAt:104848195142429,TaskAttempt ID:164,Partition Id:5,Stage Id:68
16/11/22 13:51:01 INFO myLogger: [UnionRDD]EndAt:104889580989591,TaskAttempt ID:164,Partition Id:5,Stage Id:68
16/11/22 13:51:03 INFO myLogger: [UnionRDD]EndAt:104891211963874,TaskAttempt ID:160,Partition Id:1,Stage Id:68
16/11/22 13:51:47 INFO myLogger: [UnionRDD]StartAt:104935803701448,TaskAttempt ID:174,Partition Id:5,Stage Id:80
16/11/22 13:51:47 INFO myLogger: [MapPartitionsRDD]StartAt:104935804900902,TaskAttempt ID:174,Partition Id:5,Stage Id:80
16/11/22 13:51:47 INFO myLogger: [ShuffledRDD]StartAt:104935805345329,TaskAttempt ID:174,Partition Id:5,Stage Id:80
16/11/22 13:51:47 INFO myLogger: [ShuffledRDD]EndAt:104935841764930,TaskAttempt ID:174,Partition Id:5,Stage Id:80
16/11/22 13:51:47 INFO myLogger: [MapPartitionsRDD]EndAt:104935842323108,TaskAttempt ID:174,Partition Id:5,Stage Id:80
16/11/22 13:52:28 INFO myLogger: [UnionRDD]EndAt:104976361997596,TaskAttempt ID:174,Partition Id:5,Stage Id:80
16/11/22 13:52:55 INFO myLogger: [MapPartitionsRDD]StartAt:105003279484289,TaskAttempt ID:179,Partition Id:1,Stage Id:81
16/11/22 13:52:55 INFO myLogger: [ShuffledRDD]StartAt:105003279787124,TaskAttempt ID:179,Partition Id:1,Stage Id:81
16/11/22 13:52:55 INFO myLogger: [ShuffledRDD]EndAt:105003302358059,TaskAttempt ID:179,Partition Id:1,Stage Id:81
16/11/22 13:52:55 INFO myLogger: [MapPartitionsRDD]EndAt:105003302895657,TaskAttempt ID:179,Partition Id:1,Stage Id:81
