16/11/08 12:08:27 INFO serializeLogger: [CreationPYRE]StartAt:1478632107822,Parent RDD ID:1,Name:../ml-20m/clean.dat,TaskAttempt ID:11,Partition Id:2,Stage Id:1
16/11/08 12:08:27 INFO serializeLogger: [CreationPYRE]StartAt:1478632107822,Parent RDD ID:1,Name:../ml-20m/clean.dat,TaskAttempt ID:15,Partition Id:6,Stage Id:1
16/11/08 12:08:27 INFO serializeLogger: [CreationPYRE]EndAt:1478632107824,Parent RDD ID:1,Name:../ml-20m/clean.dat,TaskAttempt ID:11,Partition Id:2,Stage Id:1
16/11/08 12:08:27 INFO serializeLogger: [CreationPYRE]EndAt:1478632107824,Parent RDD ID:1,Name:../ml-20m/clean.dat,TaskAttempt ID:15,Partition Id:6,Stage Id:1
16/11/08 12:08:27 INFO serializeLogger: [RunnerCompute]StartAt:1478632107824,Parent RDD ID:1,Name:../ml-20m/clean.dat,TaskAttempt ID:11,Partition Id:2,Stage Id:1
16/11/08 12:08:27 INFO serializeLogger: [RunnerCompute]StartAt:1478632107825,Parent RDD ID:1,Name:../ml-20m/clean.dat,TaskAttempt ID:15,Partition Id:6,Stage Id:1
16/11/08 12:08:34 INFO serializeLogger: [writerThread]StartAt:1478632114713,Parent RDD ID:1,Name:../ml-20m/clean.dat,TaskAttempt ID:11,Partition Id:2,Stage Id:1
16/11/08 12:08:34 INFO serializeLogger: [writerThread]StartAt:1478632114728,Parent RDD ID:1,Name:../ml-20m/clean.dat,TaskAttempt ID:15,Partition Id:6,Stage Id:1
16/11/08 12:08:51 INFO serializeLogger: [RunnerCompute]EndAt:1478632131358,Parent RDD ID:1,Name:../ml-20m/clean.dat,TaskAttempt ID:15,Partition Id:6,Stage Id:1
16/11/08 12:08:51 INFO serializeLogger: [writerThread]EndAt:1478632131365,Parent RDD ID:1,Name:../ml-20m/clean.dat,TaskAttempt ID:15,Partition Id:6,Stage Id:1
16/11/08 12:08:51 INFO serializeLogger: [RunnerCompute]EndAt:1478632131951,Parent RDD ID:1,Name:../ml-20m/clean.dat,TaskAttempt ID:11,Partition Id:2,Stage Id:1
16/11/08 12:08:51 INFO serializeLogger: [writerThread]EndAt:1478632131956,Parent RDD ID:1,Name:../ml-20m/clean.dat,TaskAttempt ID:11,Partition Id:2,Stage Id:1
16/11/08 12:08:54 INFO serializeLogger: [CreationPYRE]StartAt:1478632134132,Parent RDD ID:1,Name:../ml-20m/clean.dat,TaskAttempt ID:21,Partition Id:3,Stage Id:2
16/11/08 12:08:54 INFO serializeLogger: [CreationPYRE]StartAt:1478632134132,Parent RDD ID:1,Name:../ml-20m/clean.dat,TaskAttempt ID:25,Partition Id:7,Stage Id:2
16/11/08 12:08:54 INFO serializeLogger: [CreationPYRE]EndAt:1478632134132,Parent RDD ID:1,Name:../ml-20m/clean.dat,TaskAttempt ID:21,Partition Id:3,Stage Id:2
16/11/08 12:08:54 INFO serializeLogger: [CreationPYRE]EndAt:1478632134132,Parent RDD ID:1,Name:../ml-20m/clean.dat,TaskAttempt ID:25,Partition Id:7,Stage Id:2
16/11/08 12:08:54 INFO serializeLogger: [RunnerCompute]StartAt:1478632134132,Parent RDD ID:1,Name:../ml-20m/clean.dat,TaskAttempt ID:21,Partition Id:3,Stage Id:2
16/11/08 12:08:54 INFO serializeLogger: [RunnerCompute]StartAt:1478632134132,Parent RDD ID:1,Name:../ml-20m/clean.dat,TaskAttempt ID:25,Partition Id:7,Stage Id:2
16/11/08 12:08:54 INFO serializeLogger: [writerThread]StartAt:1478632134143,Parent RDD ID:1,Name:../ml-20m/clean.dat,TaskAttempt ID:21,Partition Id:3,Stage Id:2
16/11/08 12:08:54 INFO serializeLogger: [writerThread]StartAt:1478632134145,Parent RDD ID:1,Name:../ml-20m/clean.dat,TaskAttempt ID:25,Partition Id:7,Stage Id:2
16/11/08 12:08:54 INFO serializeLogger: [RunnerCompute]EndAt:1478632134224,Parent RDD ID:1,Name:../ml-20m/clean.dat,TaskAttempt ID:21,Partition Id:3,Stage Id:2
16/11/08 12:08:54 INFO serializeLogger: [RunnerCompute]EndAt:1478632134229,Parent RDD ID:1,Name:../ml-20m/clean.dat,TaskAttempt ID:25,Partition Id:7,Stage Id:2
16/11/08 12:09:28 INFO serializeLogger: [writerThread]EndAt:1478632168271,Parent RDD ID:1,Name:../ml-20m/clean.dat,TaskAttempt ID:25,Partition Id:7,Stage Id:2
16/11/08 12:09:30 INFO serializeLogger: [writerThread]EndAt:1478632170587,Parent RDD ID:1,Name:../ml-20m/clean.dat,TaskAttempt ID:21,Partition Id:3,Stage Id:2
16/11/08 12:09:31 INFO serializeLogger: [CreationPYRE]StartAt:1478632171737,Parent RDD ID:11,Name:UnionRDD,TaskAttempt ID:46,Partition Id:19,Stage Id:3
16/11/08 12:09:31 INFO serializeLogger: [CreationPYRE]EndAt:1478632171737,Parent RDD ID:11,Name:UnionRDD,TaskAttempt ID:46,Partition Id:19,Stage Id:3
16/11/08 12:09:31 INFO serializeLogger: [RunnerCompute]StartAt:1478632171738,Parent RDD ID:11,Name:UnionRDD,TaskAttempt ID:46,Partition Id:19,Stage Id:3
16/11/08 12:09:31 INFO serializeLogger: [CreationPYRE]StartAt:1478632171739,Parent RDD ID:11,Name:UnionRDD,TaskAttempt ID:34,Partition Id:7,Stage Id:3
16/11/08 12:09:31 INFO serializeLogger: [CreationPYRE]EndAt:1478632171739,Parent RDD ID:11,Name:UnionRDD,TaskAttempt ID:34,Partition Id:7,Stage Id:3
16/11/08 12:09:31 INFO serializeLogger: [RunnerCompute]StartAt:1478632171739,Parent RDD ID:11,Name:UnionRDD,TaskAttempt ID:34,Partition Id:7,Stage Id:3
16/11/08 12:09:31 INFO serializeLogger: [CreationPYRE]StartAt:1478632171740,Parent RDD ID:11,Name:UnionRDD,TaskAttempt ID:54,Partition Id:27,Stage Id:3
16/11/08 12:09:31 INFO serializeLogger: [CreationPYRE]StartAt:1478632171740,Parent RDD ID:11,Name:UnionRDD,TaskAttempt ID:74,Partition Id:47,Stage Id:3
16/11/08 12:09:31 INFO serializeLogger: [CreationPYRE]EndAt:1478632171741,Parent RDD ID:11,Name:UnionRDD,TaskAttempt ID:74,Partition Id:47,Stage Id:3
16/11/08 12:09:31 INFO serializeLogger: [CreationPYRE]EndAt:1478632171741,Parent RDD ID:11,Name:UnionRDD,TaskAttempt ID:54,Partition Id:27,Stage Id:3
16/11/08 12:09:31 INFO serializeLogger: [RunnerCompute]StartAt:1478632171742,Parent RDD ID:11,Name:UnionRDD,TaskAttempt ID:54,Partition Id:27,Stage Id:3
16/11/08 12:09:31 INFO serializeLogger: [RunnerCompute]StartAt:1478632171742,Parent RDD ID:11,Name:UnionRDD,TaskAttempt ID:74,Partition Id:47,Stage Id:3
16/11/08 12:09:31 INFO serializeLogger: [CreationPYRE]StartAt:1478632171742,Parent RDD ID:11,Name:UnionRDD,TaskAttempt ID:58,Partition Id:31,Stage Id:3
16/11/08 12:09:31 INFO serializeLogger: [CreationPYRE]StartAt:1478632171742,Parent RDD ID:11,Name:UnionRDD,TaskAttempt ID:86,Partition Id:59,Stage Id:3
16/11/08 12:09:31 INFO serializeLogger: [CreationPYRE]EndAt:1478632171743,Parent RDD ID:11,Name:UnionRDD,TaskAttempt ID:86,Partition Id:59,Stage Id:3
16/11/08 12:09:31 INFO serializeLogger: [CreationPYRE]StartAt:1478632171743,Parent RDD ID:11,Name:UnionRDD,TaskAttempt ID:50,Partition Id:23,Stage Id:3
16/11/08 12:09:31 INFO serializeLogger: [CreationPYRE]EndAt:1478632171743,Parent RDD ID:11,Name:UnionRDD,TaskAttempt ID:58,Partition Id:31,Stage Id:3
16/11/08 12:09:31 INFO serializeLogger: [CreationPYRE]EndAt:1478632171744,Parent RDD ID:11,Name:UnionRDD,TaskAttempt ID:50,Partition Id:23,Stage Id:3
16/11/08 12:09:31 INFO serializeLogger: [RunnerCompute]StartAt:1478632171744,Parent RDD ID:11,Name:UnionRDD,TaskAttempt ID:58,Partition Id:31,Stage Id:3
16/11/08 12:09:31 INFO serializeLogger: [CreationPYRE]StartAt:1478632171744,Parent RDD ID:11,Name:UnionRDD,TaskAttempt ID:90,Partition Id:63,Stage Id:3
16/11/08 12:09:31 INFO serializeLogger: [CreationPYRE]StartAt:1478632171744,Parent RDD ID:11,Name:UnionRDD,TaskAttempt ID:66,Partition Id:39,Stage Id:3
16/11/08 12:09:31 INFO serializeLogger: [CreationPYRE]StartAt:1478632171745,Parent RDD ID:11,Name:UnionRDD,TaskAttempt ID:82,Partition Id:55,Stage Id:3
16/11/08 12:09:31 INFO serializeLogger: [CreationPYRE]StartAt:1478632171745,Parent RDD ID:11,Name:UnionRDD,TaskAttempt ID:70,Partition Id:43,Stage Id:3
16/11/08 12:09:31 INFO serializeLogger: [CreationPYRE]StartAt:1478632171745,Parent RDD ID:11,Name:UnionRDD,TaskAttempt ID:30,Partition Id:3,Stage Id:3
16/11/08 12:09:31 INFO serializeLogger: [CreationPYRE]EndAt:1478632171746,Parent RDD ID:11,Name:UnionRDD,TaskAttempt ID:66,Partition Id:39,Stage Id:3
16/11/08 12:09:31 INFO serializeLogger: [CreationPYRE]StartAt:1478632171746,Parent RDD ID:11,Name:UnionRDD,TaskAttempt ID:62,Partition Id:35,Stage Id:3
16/11/08 12:09:31 INFO serializeLogger: [CreationPYRE]EndAt:1478632171746,Parent RDD ID:11,Name:UnionRDD,TaskAttempt ID:90,Partition Id:63,Stage Id:3
16/11/08 12:09:31 INFO serializeLogger: [RunnerCompute]StartAt:1478632171746,Parent RDD ID:11,Name:UnionRDD,TaskAttempt ID:50,Partition Id:23,Stage Id:3
16/11/08 12:09:31 INFO serializeLogger: [RunnerCompute]StartAt:1478632171747,Parent RDD ID:11,Name:UnionRDD,TaskAttempt ID:86,Partition Id:59,Stage Id:3
16/11/08 12:09:31 INFO serializeLogger: [CreationPYRE]StartAt:1478632171747,Parent RDD ID:11,Name:UnionRDD,TaskAttempt ID:42,Partition Id:15,Stage Id:3
16/11/08 12:09:31 INFO serializeLogger: [CreationPYRE]StartAt:1478632171747,Parent RDD ID:11,Name:UnionRDD,TaskAttempt ID:78,Partition Id:51,Stage Id:3
16/11/08 12:09:31 INFO serializeLogger: [CreationPYRE]StartAt:1478632171747,Parent RDD ID:11,Name:UnionRDD,TaskAttempt ID:38,Partition Id:11,Stage Id:3
16/11/08 12:09:31 INFO serializeLogger: [CreationPYRE]EndAt:1478632171747,Parent RDD ID:11,Name:UnionRDD,TaskAttempt ID:78,Partition Id:51,Stage Id:3
16/11/08 12:09:31 INFO serializeLogger: [CreationPYRE]EndAt:1478632171747,Parent RDD ID:11,Name:UnionRDD,TaskAttempt ID:42,Partition Id:15,Stage Id:3
16/11/08 12:09:31 INFO serializeLogger: [CreationPYRE]StartAt:1478632171748,Parent RDD ID:8,Name:ParallelCollectionRDD,TaskAttempt ID:54,Partition Id:27,Stage Id:3
16/11/08 12:09:31 INFO serializeLogger: [CreationPYRE]StartAt:1478632171748,Parent RDD ID:8,Name:ParallelCollectionRDD,TaskAttempt ID:34,Partition Id:7,Stage Id:3
16/11/08 12:09:31 INFO serializeLogger: [CreationPYRE]EndAt:1478632171748,Parent RDD ID:8,Name:ParallelCollectionRDD,TaskAttempt ID:54,Partition Id:27,Stage Id:3
16/11/08 12:09:31 INFO serializeLogger: [RunnerCompute]StartAt:1478632171748,Parent RDD ID:11,Name:UnionRDD,TaskAttempt ID:90,Partition Id:63,Stage Id:3
16/11/08 12:09:31 INFO serializeLogger: [RunnerCompute]StartAt:1478632171748,Parent RDD ID:8,Name:ParallelCollectionRDD,TaskAttempt ID:54,Partition Id:27,Stage Id:3
16/11/08 12:09:31 INFO serializeLogger: [CreationPYRE]EndAt:1478632171749,Parent RDD ID:11,Name:UnionRDD,TaskAttempt ID:62,Partition Id:35,Stage Id:3
16/11/08 12:09:31 INFO serializeLogger: [RunnerCompute]StartAt:1478632171749,Parent RDD ID:11,Name:UnionRDD,TaskAttempt ID:66,Partition Id:39,Stage Id:3
16/11/08 12:09:31 INFO serializeLogger: [CreationPYRE]StartAt:1478632171749,Parent RDD ID:8,Name:ParallelCollectionRDD,TaskAttempt ID:46,Partition Id:19,Stage Id:3
16/11/08 12:09:31 INFO serializeLogger: [CreationPYRE]EndAt:1478632171749,Parent RDD ID:11,Name:UnionRDD,TaskAttempt ID:30,Partition Id:3,Stage Id:3
16/11/08 12:09:31 INFO serializeLogger: [CreationPYRE]EndAt:1478632171749,Parent RDD ID:11,Name:UnionRDD,TaskAttempt ID:70,Partition Id:43,Stage Id:3
16/11/08 12:09:31 INFO serializeLogger: [RunnerCompute]StartAt:1478632171749,Parent RDD ID:11,Name:UnionRDD,TaskAttempt ID:70,Partition Id:43,Stage Id:3
16/11/08 12:09:31 INFO serializeLogger: [CreationPYRE]EndAt:1478632171750,Parent RDD ID:11,Name:UnionRDD,TaskAttempt ID:82,Partition Id:55,Stage Id:3
16/11/08 12:09:31 INFO serializeLogger: [RunnerCompute]StartAt:1478632171750,Parent RDD ID:11,Name:UnionRDD,TaskAttempt ID:30,Partition Id:3,Stage Id:3
16/11/08 12:09:31 INFO serializeLogger: [CreationPYRE]EndAt:1478632171750,Parent RDD ID:8,Name:ParallelCollectionRDD,TaskAttempt ID:46,Partition Id:19,Stage Id:3
16/11/08 12:09:31 INFO serializeLogger: [RunnerCompute]StartAt:1478632171750,Parent RDD ID:11,Name:UnionRDD,TaskAttempt ID:62,Partition Id:35,Stage Id:3
16/11/08 12:09:31 INFO serializeLogger: [CreationPYRE]StartAt:1478632171751,Parent RDD ID:8,Name:ParallelCollectionRDD,TaskAttempt ID:58,Partition Id:31,Stage Id:3
16/11/08 12:09:31 INFO serializeLogger: [CreationPYRE]EndAt:1478632171751,Parent RDD ID:8,Name:ParallelCollectionRDD,TaskAttempt ID:34,Partition Id:7,Stage Id:3
16/11/08 12:09:31 INFO serializeLogger: [CreationPYRE]EndAt:1478632171751,Parent RDD ID:8,Name:ParallelCollectionRDD,TaskAttempt ID:58,Partition Id:31,Stage Id:3
16/11/08 12:09:31 INFO serializeLogger: [RunnerCompute]StartAt:1478632171752,Parent RDD ID:11,Name:UnionRDD,TaskAttempt ID:42,Partition Id:15,Stage Id:3
16/11/08 12:09:31 INFO serializeLogger: [RunnerCompute]StartAt:1478632171752,Parent RDD ID:11,Name:UnionRDD,TaskAttempt ID:78,Partition Id:51,Stage Id:3
16/11/08 12:09:31 INFO serializeLogger: [CreationPYRE]StartAt:1478632171752,Parent RDD ID:8,Name:ParallelCollectionRDD,TaskAttempt ID:50,Partition Id:23,Stage Id:3
16/11/08 12:09:31 INFO serializeLogger: [CreationPYRE]EndAt:1478632171752,Parent RDD ID:11,Name:UnionRDD,TaskAttempt ID:38,Partition Id:11,Stage Id:3
16/11/08 12:09:31 INFO serializeLogger: [RunnerCompute]StartAt:1478632171752,Parent RDD ID:11,Name:UnionRDD,TaskAttempt ID:38,Partition Id:11,Stage Id:3
16/11/08 12:09:31 INFO serializeLogger: [CreationPYRE]EndAt:1478632171753,Parent RDD ID:8,Name:ParallelCollectionRDD,TaskAttempt ID:50,Partition Id:23,Stage Id:3
16/11/08 12:09:31 INFO serializeLogger: [RunnerCompute]StartAt:1478632171753,Parent RDD ID:8,Name:ParallelCollectionRDD,TaskAttempt ID:58,Partition Id:31,Stage Id:3
16/11/08 12:09:31 INFO serializeLogger: [RunnerCompute]StartAt:1478632171753,Parent RDD ID:8,Name:ParallelCollectionRDD,TaskAttempt ID:34,Partition Id:7,Stage Id:3
16/11/08 12:09:31 INFO serializeLogger: [CreationPYRE]StartAt:1478632171754,Parent RDD ID:8,Name:ParallelCollectionRDD,TaskAttempt ID:86,Partition Id:59,Stage Id:3
16/11/08 12:09:31 INFO serializeLogger: [CreationPYRE]StartAt:1478632171754,Parent RDD ID:8,Name:ParallelCollectionRDD,TaskAttempt ID:70,Partition Id:43,Stage Id:3
16/11/08 12:09:31 INFO serializeLogger: [CreationPYRE]EndAt:1478632171754,Parent RDD ID:8,Name:ParallelCollectionRDD,TaskAttempt ID:70,Partition Id:43,Stage Id:3
16/11/08 12:09:31 INFO serializeLogger: [RunnerCompute]StartAt:1478632171754,Parent RDD ID:8,Name:ParallelCollectionRDD,TaskAttempt ID:46,Partition Id:19,Stage Id:3
16/11/08 12:09:31 INFO serializeLogger: [CreationPYRE]StartAt:1478632171755,Parent RDD ID:8,Name:ParallelCollectionRDD,TaskAttempt ID:66,Partition Id:39,Stage Id:3
16/11/08 12:09:31 INFO serializeLogger: [RunnerCompute]StartAt:1478632171755,Parent RDD ID:11,Name:UnionRDD,TaskAttempt ID:82,Partition Id:55,Stage Id:3
16/11/08 12:09:31 INFO serializeLogger: [RunnerCompute]StartAt:1478632171756,Parent RDD ID:8,Name:ParallelCollectionRDD,TaskAttempt ID:70,Partition Id:43,Stage Id:3
16/11/08 12:09:31 INFO serializeLogger: [CreationPYRE]EndAt:1478632171756,Parent RDD ID:8,Name:ParallelCollectionRDD,TaskAttempt ID:86,Partition Id:59,Stage Id:3
16/11/08 12:09:31 INFO serializeLogger: [RunnerCompute]StartAt:1478632171757,Parent RDD ID:8,Name:ParallelCollectionRDD,TaskAttempt ID:50,Partition Id:23,Stage Id:3
16/11/08 12:09:31 INFO serializeLogger: [CreationPYRE]StartAt:1478632171758,Parent RDD ID:8,Name:ParallelCollectionRDD,TaskAttempt ID:74,Partition Id:47,Stage Id:3
16/11/08 12:09:31 INFO serializeLogger: [CreationPYRE]EndAt:1478632171758,Parent RDD ID:8,Name:ParallelCollectionRDD,TaskAttempt ID:74,Partition Id:47,Stage Id:3
16/11/08 12:09:31 INFO serializeLogger: [RunnerCompute]StartAt:1478632171759,Parent RDD ID:8,Name:ParallelCollectionRDD,TaskAttempt ID:86,Partition Id:59,Stage Id:3
16/11/08 12:09:31 INFO serializeLogger: [CreationPYRE]StartAt:1478632171759,Parent RDD ID:8,Name:ParallelCollectionRDD,TaskAttempt ID:42,Partition Id:15,Stage Id:3
16/11/08 12:09:31 INFO serializeLogger: [CreationPYRE]StartAt:1478632171759,Parent RDD ID:8,Name:ParallelCollectionRDD,TaskAttempt ID:90,Partition Id:63,Stage Id:3
16/11/08 12:09:31 INFO serializeLogger: [CreationPYRE]EndAt:1478632171762,Parent RDD ID:8,Name:ParallelCollectionRDD,TaskAttempt ID:66,Partition Id:39,Stage Id:3
16/11/08 12:09:31 INFO serializeLogger: [CreationPYRE]StartAt:1478632171763,Parent RDD ID:8,Name:ParallelCollectionRDD,TaskAttempt ID:62,Partition Id:35,Stage Id:3
16/11/08 12:09:31 INFO serializeLogger: [RunnerCompute]StartAt:1478632171763,Parent RDD ID:8,Name:ParallelCollectionRDD,TaskAttempt ID:66,Partition Id:39,Stage Id:3
16/11/08 12:09:31 INFO serializeLogger: [CreationPYRE]EndAt:1478632171763,Parent RDD ID:8,Name:ParallelCollectionRDD,TaskAttempt ID:90,Partition Id:63,Stage Id:3
16/11/08 12:09:31 INFO serializeLogger: [CreationPYRE]EndAt:1478632171763,Parent RDD ID:8,Name:ParallelCollectionRDD,TaskAttempt ID:42,Partition Id:15,Stage Id:3
16/11/08 12:09:31 INFO serializeLogger: [RunnerCompute]StartAt:1478632171766,Parent RDD ID:8,Name:ParallelCollectionRDD,TaskAttempt ID:74,Partition Id:47,Stage Id:3
16/11/08 12:09:31 INFO serializeLogger: [CreationPYRE]StartAt:1478632171766,Parent RDD ID:8,Name:ParallelCollectionRDD,TaskAttempt ID:78,Partition Id:51,Stage Id:3
16/11/08 12:09:31 INFO serializeLogger: [CreationPYRE]StartAt:1478632171766,Parent RDD ID:8,Name:ParallelCollectionRDD,TaskAttempt ID:38,Partition Id:11,Stage Id:3
16/11/08 12:09:31 INFO serializeLogger: [CreationPYRE]EndAt:1478632171766,Parent RDD ID:8,Name:ParallelCollectionRDD,TaskAttempt ID:78,Partition Id:51,Stage Id:3
16/11/08 12:09:31 INFO serializeLogger: [RunnerCompute]StartAt:1478632171767,Parent RDD ID:8,Name:ParallelCollectionRDD,TaskAttempt ID:42,Partition Id:15,Stage Id:3
16/11/08 12:09:31 INFO serializeLogger: [RunnerCompute]StartAt:1478632171767,Parent RDD ID:8,Name:ParallelCollectionRDD,TaskAttempt ID:90,Partition Id:63,Stage Id:3
16/11/08 12:09:31 INFO serializeLogger: [CreationPYRE]StartAt:1478632171767,Parent RDD ID:8,Name:ParallelCollectionRDD,TaskAttempt ID:82,Partition Id:55,Stage Id:3
16/11/08 12:09:31 INFO serializeLogger: [CreationPYRE]EndAt:1478632171767,Parent RDD ID:8,Name:ParallelCollectionRDD,TaskAttempt ID:62,Partition Id:35,Stage Id:3
16/11/08 12:09:31 INFO serializeLogger: [CreationPYRE]StartAt:1478632171768,Parent RDD ID:7,Name:MapPartitionedRDD,TaskAttempt ID:30,Partition Id:3,Stage Id:3
16/11/08 12:09:31 INFO serializeLogger: [RunnerCompute]StartAt:1478632171768,Parent RDD ID:8,Name:ParallelCollectionRDD,TaskAttempt ID:62,Partition Id:35,Stage Id:3
16/11/08 12:09:31 INFO serializeLogger: [CreationPYRE]EndAt:1478632171769,Parent RDD ID:8,Name:ParallelCollectionRDD,TaskAttempt ID:82,Partition Id:55,Stage Id:3
16/11/08 12:09:31 INFO serializeLogger: [RunnerCompute]StartAt:1478632171769,Parent RDD ID:8,Name:ParallelCollectionRDD,TaskAttempt ID:78,Partition Id:51,Stage Id:3
16/11/08 12:09:31 INFO serializeLogger: [CreationPYRE]EndAt:1478632171770,Parent RDD ID:8,Name:ParallelCollectionRDD,TaskAttempt ID:38,Partition Id:11,Stage Id:3
16/11/08 12:09:31 INFO serializeLogger: [RunnerCompute]StartAt:1478632171771,Parent RDD ID:8,Name:ParallelCollectionRDD,TaskAttempt ID:82,Partition Id:55,Stage Id:3
16/11/08 12:09:31 INFO serializeLogger: [CreationPYRE]EndAt:1478632171771,Parent RDD ID:7,Name:MapPartitionedRDD,TaskAttempt ID:30,Partition Id:3,Stage Id:3
16/11/08 12:09:31 INFO serializeLogger: [RunnerCompute]StartAt:1478632171773,Parent RDD ID:8,Name:ParallelCollectionRDD,TaskAttempt ID:38,Partition Id:11,Stage Id:3
16/11/08 12:09:31 INFO serializeLogger: [RunnerCompute]StartAt:1478632171774,Parent RDD ID:7,Name:MapPartitionedRDD,TaskAttempt ID:30,Partition Id:3,Stage Id:3
16/11/08 12:09:31 INFO serializeLogger: [writerThread]StartAt:1478632171836,Parent RDD ID:8,Name:ParallelCollectionRDD,TaskAttempt ID:34,Partition Id:7,Stage Id:3
16/11/08 12:09:31 INFO serializeLogger: [writerThread]StartAt:1478632171842,Parent RDD ID:8,Name:ParallelCollectionRDD,TaskAttempt ID:54,Partition Id:27,Stage Id:3
16/11/08 12:09:31 INFO serializeLogger: [writerThread]StartAt:1478632171855,Parent RDD ID:8,Name:ParallelCollectionRDD,TaskAttempt ID:46,Partition Id:19,Stage Id:3
16/11/08 12:09:31 INFO serializeLogger: [writerThread]StartAt:1478632171868,Parent RDD ID:8,Name:ParallelCollectionRDD,TaskAttempt ID:58,Partition Id:31,Stage Id:3
16/11/08 12:09:31 INFO serializeLogger: [writerThread]StartAt:1478632171890,Parent RDD ID:8,Name:ParallelCollectionRDD,TaskAttempt ID:62,Partition Id:35,Stage Id:3
16/11/08 12:09:31 INFO serializeLogger: [RunnerCompute]EndAt:1478632171890,Parent RDD ID:8,Name:ParallelCollectionRDD,TaskAttempt ID:54,Partition Id:27,Stage Id:3
16/11/08 12:09:31 INFO serializeLogger: [RunnerCompute]EndAt:1478632171891,Parent RDD ID:8,Name:ParallelCollectionRDD,TaskAttempt ID:58,Partition Id:31,Stage Id:3
16/11/08 12:09:31 INFO serializeLogger: [RunnerCompute]EndAt:1478632171891,Parent RDD ID:8,Name:ParallelCollectionRDD,TaskAttempt ID:34,Partition Id:7,Stage Id:3
16/11/08 12:09:31 INFO serializeLogger: [writerThread]StartAt:1478632171898,Parent RDD ID:11,Name:UnionRDD,TaskAttempt ID:54,Partition Id:27,Stage Id:3
16/11/08 12:09:31 INFO serializeLogger: [writerThread]StartAt:1478632171898,Parent RDD ID:11,Name:UnionRDD,TaskAttempt ID:58,Partition Id:31,Stage Id:3
16/11/08 12:09:31 INFO serializeLogger: [writerThread]StartAt:1478632171900,Parent RDD ID:8,Name:ParallelCollectionRDD,TaskAttempt ID:38,Partition Id:11,Stage Id:3
16/11/08 12:09:31 INFO serializeLogger: [writerThread]StartAt:1478632171916,Parent RDD ID:8,Name:ParallelCollectionRDD,TaskAttempt ID:78,Partition Id:51,Stage Id:3
16/11/08 12:09:31 INFO serializeLogger: [writerThread]StartAt:1478632171939,Parent RDD ID:8,Name:ParallelCollectionRDD,TaskAttempt ID:82,Partition Id:55,Stage Id:3
16/11/08 12:09:31 INFO serializeLogger: [RunnerCompute]EndAt:1478632171955,Parent RDD ID:8,Name:ParallelCollectionRDD,TaskAttempt ID:46,Partition Id:19,Stage Id:3
16/11/08 12:09:31 INFO serializeLogger: [writerThread]StartAt:1478632171956,Parent RDD ID:8,Name:ParallelCollectionRDD,TaskAttempt ID:90,Partition Id:63,Stage Id:3
16/11/08 12:09:31 INFO serializeLogger: [RunnerCompute]EndAt:1478632171959,Parent RDD ID:8,Name:ParallelCollectionRDD,TaskAttempt ID:62,Partition Id:35,Stage Id:3
16/11/08 12:09:31 INFO serializeLogger: [writerThread]StartAt:1478632171975,Parent RDD ID:8,Name:ParallelCollectionRDD,TaskAttempt ID:42,Partition Id:15,Stage Id:3
16/11/08 12:09:31 INFO serializeLogger: [writerThread]StartAt:1478632171989,Parent RDD ID:8,Name:ParallelCollectionRDD,TaskAttempt ID:74,Partition Id:47,Stage Id:3
16/11/08 12:09:32 INFO serializeLogger: [RunnerCompute]EndAt:1478632172007,Parent RDD ID:8,Name:ParallelCollectionRDD,TaskAttempt ID:78,Partition Id:51,Stage Id:3
16/11/08 12:09:32 INFO serializeLogger: [writerThread]StartAt:1478632172007,Parent RDD ID:8,Name:ParallelCollectionRDD,TaskAttempt ID:70,Partition Id:43,Stage Id:3
16/11/08 12:09:32 INFO serializeLogger: [writerThread]StartAt:1478632172025,Parent RDD ID:8,Name:ParallelCollectionRDD,TaskAttempt ID:66,Partition Id:39,Stage Id:3
16/11/08 12:09:32 INFO serializeLogger: [writerThread]StartAt:1478632172044,Parent RDD ID:8,Name:ParallelCollectionRDD,TaskAttempt ID:86,Partition Id:59,Stage Id:3
16/11/08 12:09:32 INFO serializeLogger: [writerThread]StartAt:1478632172065,Parent RDD ID:8,Name:ParallelCollectionRDD,TaskAttempt ID:50,Partition Id:23,Stage Id:3
16/11/08 12:09:32 INFO serializeLogger: [RunnerCompute]EndAt:1478632172065,Parent RDD ID:8,Name:ParallelCollectionRDD,TaskAttempt ID:66,Partition Id:39,Stage Id:3
16/11/08 12:09:32 INFO serializeLogger: [RunnerCompute]EndAt:1478632172067,Parent RDD ID:8,Name:ParallelCollectionRDD,TaskAttempt ID:70,Partition Id:43,Stage Id:3
16/11/08 12:09:32 INFO serializeLogger: [RunnerCompute]EndAt:1478632172068,Parent RDD ID:8,Name:ParallelCollectionRDD,TaskAttempt ID:74,Partition Id:47,Stage Id:3
16/11/08 12:09:32 INFO serializeLogger: [RunnerCompute]EndAt:1478632172069,Parent RDD ID:8,Name:ParallelCollectionRDD,TaskAttempt ID:90,Partition Id:63,Stage Id:3
16/11/08 12:09:32 INFO serializeLogger: [RunnerCompute]EndAt:1478632172070,Parent RDD ID:8,Name:ParallelCollectionRDD,TaskAttempt ID:42,Partition Id:15,Stage Id:3
16/11/08 12:09:32 INFO serializeLogger: [RunnerCompute]EndAt:1478632172065,Parent RDD ID:8,Name:ParallelCollectionRDD,TaskAttempt ID:86,Partition Id:59,Stage Id:3
16/11/08 12:09:32 INFO serializeLogger: [RunnerCompute]EndAt:1478632172071,Parent RDD ID:11,Name:UnionRDD,TaskAttempt ID:58,Partition Id:31,Stage Id:3
16/11/08 12:09:32 INFO serializeLogger: [writerThread]StartAt:1478632172073,Parent RDD ID:11,Name:UnionRDD,TaskAttempt ID:62,Partition Id:35,Stage Id:3
16/11/08 12:09:32 INFO serializeLogger: [writerThread]StartAt:1478632172074,Parent RDD ID:11,Name:UnionRDD,TaskAttempt ID:90,Partition Id:63,Stage Id:3
16/11/08 12:09:32 INFO serializeLogger: [writerThread]StartAt:1478632172073,Parent RDD ID:7,Name:MapPartitionedRDD,TaskAttempt ID:30,Partition Id:3,Stage Id:3
16/11/08 12:09:32 INFO serializeLogger: [writerThread]StartAt:1478632172074,Parent RDD ID:11,Name:UnionRDD,TaskAttempt ID:74,Partition Id:47,Stage Id:3
16/11/08 12:09:32 INFO serializeLogger: [writerThread]StartAt:1478632172074,Parent RDD ID:11,Name:UnionRDD,TaskAttempt ID:78,Partition Id:51,Stage Id:3
16/11/08 12:09:32 INFO serializeLogger: [writerThread]EndAt:1478632172074,Parent RDD ID:11,Name:UnionRDD,TaskAttempt ID:58,Partition Id:31,Stage Id:3
16/11/08 12:09:32 INFO serializeLogger: [writerThread]StartAt:1478632172075,Parent RDD ID:11,Name:UnionRDD,TaskAttempt ID:66,Partition Id:39,Stage Id:3
16/11/08 12:09:32 INFO serializeLogger: [writerThread]StartAt:1478632172075,Parent RDD ID:11,Name:UnionRDD,TaskAttempt ID:70,Partition Id:43,Stage Id:3
16/11/08 12:09:32 INFO serializeLogger: [RunnerCompute]EndAt:1478632172106,Parent RDD ID:8,Name:ParallelCollectionRDD,TaskAttempt ID:82,Partition Id:55,Stage Id:3
16/11/08 12:09:32 INFO serializeLogger: [RunnerCompute]EndAt:1478632172108,Parent RDD ID:11,Name:UnionRDD,TaskAttempt ID:54,Partition Id:27,Stage Id:3
16/11/08 12:09:32 INFO serializeLogger: [writerThread]EndAt:1478632172111,Parent RDD ID:11,Name:UnionRDD,TaskAttempt ID:54,Partition Id:27,Stage Id:3
16/11/08 12:09:32 INFO serializeLogger: [writerThread]StartAt:1478632172125,Parent RDD ID:11,Name:UnionRDD,TaskAttempt ID:42,Partition Id:15,Stage Id:3
16/11/08 12:09:32 INFO serializeLogger: [writerThread]EndAt:1478632172128,Parent RDD ID:8,Name:ParallelCollectionRDD,TaskAttempt ID:58,Partition Id:31,Stage Id:3
16/11/08 12:09:32 INFO serializeLogger: [writerThread]StartAt:1478632172132,Parent RDD ID:11,Name:UnionRDD,TaskAttempt ID:86,Partition Id:59,Stage Id:3
16/11/08 12:09:32 INFO serializeLogger: [RunnerCompute]EndAt:1478632172140,Parent RDD ID:8,Name:ParallelCollectionRDD,TaskAttempt ID:50,Partition Id:23,Stage Id:3
16/11/08 12:09:32 INFO serializeLogger: [writerThread]EndAt:1478632172142,Parent RDD ID:8,Name:ParallelCollectionRDD,TaskAttempt ID:54,Partition Id:27,Stage Id:3
16/11/08 12:09:32 INFO serializeLogger: [writerThread]StartAt:1478632172143,Parent RDD ID:11,Name:UnionRDD,TaskAttempt ID:46,Partition Id:19,Stage Id:3
16/11/08 12:09:32 INFO serializeLogger: [writerThread]StartAt:1478632172142,Parent RDD ID:11,Name:UnionRDD,TaskAttempt ID:82,Partition Id:55,Stage Id:3
16/11/08 12:09:32 INFO serializeLogger: [writerThread]StartAt:1478632172143,Parent RDD ID:11,Name:UnionRDD,TaskAttempt ID:50,Partition Id:23,Stage Id:3
16/11/08 12:09:32 INFO serializeLogger: [writerThread]StartAt:1478632172142,Parent RDD ID:11,Name:UnionRDD,TaskAttempt ID:34,Partition Id:7,Stage Id:3
16/11/08 12:09:32 INFO serializeLogger: [RunnerCompute]EndAt:1478632172147,Parent RDD ID:8,Name:ParallelCollectionRDD,TaskAttempt ID:38,Partition Id:11,Stage Id:3
16/11/08 12:09:32 INFO serializeLogger: [writerThread]StartAt:1478632172154,Parent RDD ID:11,Name:UnionRDD,TaskAttempt ID:38,Partition Id:11,Stage Id:3
16/11/08 12:09:32 INFO serializeLogger: [RunnerCompute]EndAt:1478632172172,Parent RDD ID:11,Name:UnionRDD,TaskAttempt ID:50,Partition Id:23,Stage Id:3
16/11/08 12:09:32 INFO serializeLogger: [writerThread]EndAt:1478632172175,Parent RDD ID:11,Name:UnionRDD,TaskAttempt ID:50,Partition Id:23,Stage Id:3
16/11/08 12:09:32 INFO serializeLogger: [writerThread]EndAt:1478632172175,Parent RDD ID:8,Name:ParallelCollectionRDD,TaskAttempt ID:50,Partition Id:23,Stage Id:3
16/11/08 12:09:32 INFO serializeLogger: [RunnerCompute]EndAt:1478632172180,Parent RDD ID:11,Name:UnionRDD,TaskAttempt ID:62,Partition Id:35,Stage Id:3
16/11/08 12:09:32 INFO serializeLogger: [RunnerCompute]EndAt:1478632172194,Parent RDD ID:11,Name:UnionRDD,TaskAttempt ID:90,Partition Id:63,Stage Id:3
16/11/08 12:09:32 INFO serializeLogger: [RunnerCompute]EndAt:1478632172196,Parent RDD ID:11,Name:UnionRDD,TaskAttempt ID:82,Partition Id:55,Stage Id:3
16/11/08 12:09:32 INFO serializeLogger: [writerThread]EndAt:1478632172196,Parent RDD ID:11,Name:UnionRDD,TaskAttempt ID:90,Partition Id:63,Stage Id:3
16/11/08 12:09:32 INFO serializeLogger: [writerThread]EndAt:1478632172197,Parent RDD ID:8,Name:ParallelCollectionRDD,TaskAttempt ID:90,Partition Id:63,Stage Id:3
16/11/08 12:09:32 INFO serializeLogger: [writerThread]EndAt:1478632172200,Parent RDD ID:11,Name:UnionRDD,TaskAttempt ID:82,Partition Id:55,Stage Id:3
16/11/08 12:09:32 INFO serializeLogger: [writerThread]EndAt:1478632172201,Parent RDD ID:8,Name:ParallelCollectionRDD,TaskAttempt ID:82,Partition Id:55,Stage Id:3
16/11/08 12:09:32 INFO serializeLogger: [RunnerCompute]EndAt:1478632172203,Parent RDD ID:11,Name:UnionRDD,TaskAttempt ID:34,Partition Id:7,Stage Id:3
16/11/08 12:09:32 INFO serializeLogger: [RunnerCompute]EndAt:1478632172203,Parent RDD ID:11,Name:UnionRDD,TaskAttempt ID:42,Partition Id:15,Stage Id:3
16/11/08 12:09:32 INFO serializeLogger: [RunnerCompute]EndAt:1478632172206,Parent RDD ID:11,Name:UnionRDD,TaskAttempt ID:86,Partition Id:59,Stage Id:3
16/11/08 12:09:32 INFO serializeLogger: [writerThread]EndAt:1478632172208,Parent RDD ID:11,Name:UnionRDD,TaskAttempt ID:42,Partition Id:15,Stage Id:3
16/11/08 12:09:32 INFO serializeLogger: [writerThread]EndAt:1478632172208,Parent RDD ID:8,Name:ParallelCollectionRDD,TaskAttempt ID:42,Partition Id:15,Stage Id:3
16/11/08 12:09:32 INFO serializeLogger: [RunnerCompute]EndAt:1478632172218,Parent RDD ID:11,Name:UnionRDD,TaskAttempt ID:38,Partition Id:11,Stage Id:3
16/11/08 12:09:32 INFO serializeLogger: [writerThread]EndAt:1478632172219,Parent RDD ID:11,Name:UnionRDD,TaskAttempt ID:34,Partition Id:7,Stage Id:3
16/11/08 12:09:32 INFO serializeLogger: [writerThread]EndAt:1478632172219,Parent RDD ID:8,Name:ParallelCollectionRDD,TaskAttempt ID:34,Partition Id:7,Stage Id:3
16/11/08 12:09:32 INFO serializeLogger: [writerThread]EndAt:1478632172222,Parent RDD ID:11,Name:UnionRDD,TaskAttempt ID:86,Partition Id:59,Stage Id:3
16/11/08 12:09:32 INFO serializeLogger: [writerThread]EndAt:1478632172222,Parent RDD ID:8,Name:ParallelCollectionRDD,TaskAttempt ID:86,Partition Id:59,Stage Id:3
16/11/08 12:09:32 INFO serializeLogger: [RunnerCompute]EndAt:1478632172226,Parent RDD ID:11,Name:UnionRDD,TaskAttempt ID:74,Partition Id:47,Stage Id:3
16/11/08 12:09:32 INFO serializeLogger: [RunnerCompute]EndAt:1478632172227,Parent RDD ID:11,Name:UnionRDD,TaskAttempt ID:78,Partition Id:51,Stage Id:3
16/11/08 12:09:32 INFO serializeLogger: [RunnerCompute]EndAt:1478632172310,Parent RDD ID:11,Name:UnionRDD,TaskAttempt ID:70,Partition Id:43,Stage Id:3
16/11/08 12:09:32 INFO serializeLogger: [RunnerCompute]EndAt:1478632172314,Parent RDD ID:11,Name:UnionRDD,TaskAttempt ID:66,Partition Id:39,Stage Id:3
16/11/08 12:09:32 INFO serializeLogger: [writerThread]EndAt:1478632172318,Parent RDD ID:11,Name:UnionRDD,TaskAttempt ID:74,Partition Id:47,Stage Id:3
16/11/08 12:09:32 INFO serializeLogger: [writerThread]EndAt:1478632172318,Parent RDD ID:11,Name:UnionRDD,TaskAttempt ID:38,Partition Id:11,Stage Id:3
16/11/08 12:09:32 INFO serializeLogger: [writerThread]EndAt:1478632172318,Parent RDD ID:8,Name:ParallelCollectionRDD,TaskAttempt ID:74,Partition Id:47,Stage Id:3
16/11/08 12:09:32 INFO serializeLogger: [writerThread]EndAt:1478632172333,Parent RDD ID:11,Name:UnionRDD,TaskAttempt ID:66,Partition Id:39,Stage Id:3
16/11/08 12:09:32 INFO serializeLogger: [writerThread]EndAt:1478632172332,Parent RDD ID:8,Name:ParallelCollectionRDD,TaskAttempt ID:38,Partition Id:11,Stage Id:3
16/11/08 12:09:32 INFO serializeLogger: [writerThread]EndAt:1478632172338,Parent RDD ID:11,Name:UnionRDD,TaskAttempt ID:70,Partition Id:43,Stage Id:3
16/11/08 12:09:32 INFO serializeLogger: [writerThread]EndAt:1478632172338,Parent RDD ID:8,Name:ParallelCollectionRDD,TaskAttempt ID:66,Partition Id:39,Stage Id:3
16/11/08 12:09:32 INFO serializeLogger: [writerThread]EndAt:1478632172344,Parent RDD ID:8,Name:ParallelCollectionRDD,TaskAttempt ID:70,Partition Id:43,Stage Id:3
16/11/08 12:09:32 INFO serializeLogger: [RunnerCompute]EndAt:1478632172359,Parent RDD ID:11,Name:UnionRDD,TaskAttempt ID:46,Partition Id:19,Stage Id:3
16/11/08 12:09:32 INFO serializeLogger: [writerThread]EndAt:1478632172407,Parent RDD ID:11,Name:UnionRDD,TaskAttempt ID:62,Partition Id:35,Stage Id:3
16/11/08 12:09:32 INFO serializeLogger: [writerThread]EndAt:1478632172407,Parent RDD ID:8,Name:ParallelCollectionRDD,TaskAttempt ID:62,Partition Id:35,Stage Id:3
16/11/08 12:09:32 INFO serializeLogger: [writerThread]EndAt:1478632172420,Parent RDD ID:11,Name:UnionRDD,TaskAttempt ID:78,Partition Id:51,Stage Id:3
16/11/08 12:09:32 INFO serializeLogger: [writerThread]EndAt:1478632172420,Parent RDD ID:8,Name:ParallelCollectionRDD,TaskAttempt ID:78,Partition Id:51,Stage Id:3
16/11/08 12:09:32 INFO serializeLogger: [writerThread]EndAt:1478632172435,Parent RDD ID:11,Name:UnionRDD,TaskAttempt ID:46,Partition Id:19,Stage Id:3
16/11/08 12:09:32 INFO serializeLogger: [writerThread]EndAt:1478632172435,Parent RDD ID:8,Name:ParallelCollectionRDD,TaskAttempt ID:46,Partition Id:19,Stage Id:3
16/11/08 12:10:15 INFO serializeLogger: [RunnerCompute]EndAt:1478632215484,Parent RDD ID:7,Name:MapPartitionedRDD,TaskAttempt ID:30,Partition Id:3,Stage Id:3
16/11/08 12:10:15 INFO serializeLogger: [writerThread]StartAt:1478632215486,Parent RDD ID:11,Name:UnionRDD,TaskAttempt ID:30,Partition Id:3,Stage Id:3
16/11/08 12:10:54 INFO serializeLogger: [RunnerCompute]EndAt:1478632254631,Parent RDD ID:11,Name:UnionRDD,TaskAttempt ID:30,Partition Id:3,Stage Id:3
16/11/08 12:10:57 INFO serializeLogger: [writerThread]EndAt:1478632257072,Parent RDD ID:11,Name:UnionRDD,TaskAttempt ID:30,Partition Id:3,Stage Id:3
16/11/08 12:10:57 INFO serializeLogger: [writerThread]EndAt:1478632257073,Parent RDD ID:7,Name:MapPartitionedRDD,TaskAttempt ID:30,Partition Id:3,Stage Id:3
16/11/08 12:11:01 INFO serializeLogger: [CreationPYRE]StartAt:1478632261729,Parent RDD ID:18,Name:UnionRDD,TaskAttempt ID:106,Partition Id:15,Stage Id:4
16/11/08 12:11:01 INFO serializeLogger: [CreationPYRE]EndAt:1478632261729,Parent RDD ID:18,Name:UnionRDD,TaskAttempt ID:106,Partition Id:15,Stage Id:4
16/11/08 12:11:01 INFO serializeLogger: [RunnerCompute]StartAt:1478632261730,Parent RDD ID:18,Name:UnionRDD,TaskAttempt ID:106,Partition Id:15,Stage Id:4
16/11/08 12:11:01 INFO serializeLogger: [CreationPYRE]StartAt:1478632261731,Parent RDD ID:8,Name:ParallelCollectionRDD,TaskAttempt ID:106,Partition Id:15,Stage Id:4
16/11/08 12:11:01 INFO serializeLogger: [CreationPYRE]EndAt:1478632261731,Parent RDD ID:8,Name:ParallelCollectionRDD,TaskAttempt ID:106,Partition Id:15,Stage Id:4
16/11/08 12:11:01 INFO serializeLogger: [RunnerCompute]StartAt:1478632261732,Parent RDD ID:8,Name:ParallelCollectionRDD,TaskAttempt ID:106,Partition Id:15,Stage Id:4
16/11/08 12:11:01 INFO serializeLogger: [CreationPYRE]StartAt:1478632261734,Parent RDD ID:18,Name:UnionRDD,TaskAttempt ID:150,Partition Id:59,Stage Id:4
16/11/08 12:11:01 INFO serializeLogger: [CreationPYRE]EndAt:1478632261734,Parent RDD ID:18,Name:UnionRDD,TaskAttempt ID:150,Partition Id:59,Stage Id:4
16/11/08 12:11:01 INFO serializeLogger: [RunnerCompute]StartAt:1478632261734,Parent RDD ID:18,Name:UnionRDD,TaskAttempt ID:150,Partition Id:59,Stage Id:4
16/11/08 12:11:01 INFO serializeLogger: [CreationPYRE]StartAt:1478632261735,Parent RDD ID:18,Name:UnionRDD,TaskAttempt ID:154,Partition Id:63,Stage Id:4
16/11/08 12:11:01 INFO serializeLogger: [CreationPYRE]EndAt:1478632261736,Parent RDD ID:18,Name:UnionRDD,TaskAttempt ID:154,Partition Id:63,Stage Id:4
16/11/08 12:11:01 INFO serializeLogger: [CreationPYRE]StartAt:1478632261736,Parent RDD ID:18,Name:UnionRDD,TaskAttempt ID:142,Partition Id:51,Stage Id:4
16/11/08 12:11:01 INFO serializeLogger: [CreationPYRE]StartAt:1478632261737,Parent RDD ID:18,Name:UnionRDD,TaskAttempt ID:138,Partition Id:47,Stage Id:4
16/11/08 12:11:01 INFO serializeLogger: [CreationPYRE]EndAt:1478632261737,Parent RDD ID:18,Name:UnionRDD,TaskAttempt ID:138,Partition Id:47,Stage Id:4
16/11/08 12:11:01 INFO serializeLogger: [RunnerCompute]StartAt:1478632261737,Parent RDD ID:18,Name:UnionRDD,TaskAttempt ID:138,Partition Id:47,Stage Id:4
16/11/08 12:11:01 INFO serializeLogger: [CreationPYRE]EndAt:1478632261738,Parent RDD ID:18,Name:UnionRDD,TaskAttempt ID:142,Partition Id:51,Stage Id:4
16/11/08 12:11:01 INFO serializeLogger: [RunnerCompute]StartAt:1478632261738,Parent RDD ID:18,Name:UnionRDD,TaskAttempt ID:154,Partition Id:63,Stage Id:4
16/11/08 12:11:01 INFO serializeLogger: [RunnerCompute]StartAt:1478632261738,Parent RDD ID:18,Name:UnionRDD,TaskAttempt ID:142,Partition Id:51,Stage Id:4
16/11/08 12:11:01 INFO serializeLogger: [CreationPYRE]StartAt:1478632261738,Parent RDD ID:8,Name:ParallelCollectionRDD,TaskAttempt ID:150,Partition Id:59,Stage Id:4
16/11/08 12:11:01 INFO serializeLogger: [CreationPYRE]StartAt:1478632261739,Parent RDD ID:18,Name:UnionRDD,TaskAttempt ID:134,Partition Id:43,Stage Id:4
16/11/08 12:11:01 INFO serializeLogger: [CreationPYRE]EndAt:1478632261739,Parent RDD ID:18,Name:UnionRDD,TaskAttempt ID:134,Partition Id:43,Stage Id:4
16/11/08 12:11:01 INFO serializeLogger: [RunnerCompute]StartAt:1478632261740,Parent RDD ID:18,Name:UnionRDD,TaskAttempt ID:134,Partition Id:43,Stage Id:4
16/11/08 12:11:01 INFO serializeLogger: [CreationPYRE]EndAt:1478632261740,Parent RDD ID:8,Name:ParallelCollectionRDD,TaskAttempt ID:150,Partition Id:59,Stage Id:4
16/11/08 12:11:01 INFO serializeLogger: [CreationPYRE]StartAt:1478632261741,Parent RDD ID:8,Name:ParallelCollectionRDD,TaskAttempt ID:142,Partition Id:51,Stage Id:4
16/11/08 12:11:01 INFO serializeLogger: [CreationPYRE]StartAt:1478632261741,Parent RDD ID:8,Name:ParallelCollectionRDD,TaskAttempt ID:138,Partition Id:47,Stage Id:4
16/11/08 12:11:01 INFO serializeLogger: [CreationPYRE]EndAt:1478632261741,Parent RDD ID:8,Name:ParallelCollectionRDD,TaskAttempt ID:138,Partition Id:47,Stage Id:4
16/11/08 12:11:01 INFO serializeLogger: [CreationPYRE]StartAt:1478632261741,Parent RDD ID:8,Name:ParallelCollectionRDD,TaskAttempt ID:154,Partition Id:63,Stage Id:4
16/11/08 12:11:01 INFO serializeLogger: [RunnerCompute]StartAt:1478632261741,Parent RDD ID:8,Name:ParallelCollectionRDD,TaskAttempt ID:138,Partition Id:47,Stage Id:4
16/11/08 12:11:01 INFO serializeLogger: [CreationPYRE]EndAt:1478632261741,Parent RDD ID:8,Name:ParallelCollectionRDD,TaskAttempt ID:142,Partition Id:51,Stage Id:4
16/11/08 12:11:01 INFO serializeLogger: [RunnerCompute]StartAt:1478632261742,Parent RDD ID:8,Name:ParallelCollectionRDD,TaskAttempt ID:150,Partition Id:59,Stage Id:4
16/11/08 12:11:01 INFO serializeLogger: [RunnerCompute]StartAt:1478632261742,Parent RDD ID:8,Name:ParallelCollectionRDD,TaskAttempt ID:142,Partition Id:51,Stage Id:4
16/11/08 12:11:01 INFO serializeLogger: [CreationPYRE]StartAt:1478632261742,Parent RDD ID:18,Name:UnionRDD,TaskAttempt ID:114,Partition Id:23,Stage Id:4
16/11/08 12:11:01 INFO serializeLogger: [CreationPYRE]EndAt:1478632261743,Parent RDD ID:18,Name:UnionRDD,TaskAttempt ID:114,Partition Id:23,Stage Id:4
16/11/08 12:11:01 INFO serializeLogger: [CreationPYRE]EndAt:1478632261743,Parent RDD ID:8,Name:ParallelCollectionRDD,TaskAttempt ID:154,Partition Id:63,Stage Id:4
16/11/08 12:11:01 INFO serializeLogger: [CreationPYRE]StartAt:1478632261743,Parent RDD ID:18,Name:UnionRDD,TaskAttempt ID:126,Partition Id:35,Stage Id:4
16/11/08 12:11:01 INFO serializeLogger: [RunnerCompute]StartAt:1478632261743,Parent RDD ID:18,Name:UnionRDD,TaskAttempt ID:114,Partition Id:23,Stage Id:4
16/11/08 12:11:01 INFO serializeLogger: [CreationPYRE]StartAt:1478632261744,Parent RDD ID:8,Name:ParallelCollectionRDD,TaskAttempt ID:134,Partition Id:43,Stage Id:4
16/11/08 12:11:01 INFO serializeLogger: [CreationPYRE]EndAt:1478632261744,Parent RDD ID:8,Name:ParallelCollectionRDD,TaskAttempt ID:134,Partition Id:43,Stage Id:4
16/11/08 12:11:01 INFO serializeLogger: [RunnerCompute]StartAt:1478632261744,Parent RDD ID:8,Name:ParallelCollectionRDD,TaskAttempt ID:134,Partition Id:43,Stage Id:4
16/11/08 12:11:01 INFO serializeLogger: [CreationPYRE]StartAt:1478632261745,Parent RDD ID:18,Name:UnionRDD,TaskAttempt ID:118,Partition Id:27,Stage Id:4
16/11/08 12:11:01 INFO serializeLogger: [CreationPYRE]StartAt:1478632261746,Parent RDD ID:18,Name:UnionRDD,TaskAttempt ID:146,Partition Id:55,Stage Id:4
16/11/08 12:11:01 INFO serializeLogger: [RunnerCompute]StartAt:1478632261746,Parent RDD ID:8,Name:ParallelCollectionRDD,TaskAttempt ID:154,Partition Id:63,Stage Id:4
16/11/08 12:11:01 INFO serializeLogger: [CreationPYRE]EndAt:1478632261746,Parent RDD ID:18,Name:UnionRDD,TaskAttempt ID:126,Partition Id:35,Stage Id:4
16/11/08 12:11:01 INFO serializeLogger: [CreationPYRE]EndAt:1478632261747,Parent RDD ID:18,Name:UnionRDD,TaskAttempt ID:146,Partition Id:55,Stage Id:4
16/11/08 12:11:01 INFO serializeLogger: [CreationPYRE]StartAt:1478632261747,Parent RDD ID:18,Name:UnionRDD,TaskAttempt ID:130,Partition Id:39,Stage Id:4
16/11/08 12:11:01 INFO serializeLogger: [CreationPYRE]EndAt:1478632261747,Parent RDD ID:18,Name:UnionRDD,TaskAttempt ID:130,Partition Id:39,Stage Id:4
16/11/08 12:11:01 INFO serializeLogger: [CreationPYRE]EndAt:1478632261748,Parent RDD ID:18,Name:UnionRDD,TaskAttempt ID:118,Partition Id:27,Stage Id:4
16/11/08 12:11:01 INFO serializeLogger: [RunnerCompute]StartAt:1478632261748,Parent RDD ID:18,Name:UnionRDD,TaskAttempt ID:118,Partition Id:27,Stage Id:4
16/11/08 12:11:01 INFO serializeLogger: [CreationPYRE]StartAt:1478632261748,Parent RDD ID:18,Name:UnionRDD,TaskAttempt ID:102,Partition Id:11,Stage Id:4
16/11/08 12:11:01 INFO serializeLogger: [CreationPYRE]StartAt:1478632261749,Parent RDD ID:18,Name:UnionRDD,TaskAttempt ID:122,Partition Id:31,Stage Id:4
16/11/08 12:11:01 INFO serializeLogger: [CreationPYRE]EndAt:1478632261749,Parent RDD ID:18,Name:UnionRDD,TaskAttempt ID:102,Partition Id:11,Stage Id:4
16/11/08 12:11:01 INFO serializeLogger: [CreationPYRE]StartAt:1478632261749,Parent RDD ID:18,Name:UnionRDD,TaskAttempt ID:110,Partition Id:19,Stage Id:4
16/11/08 12:11:01 INFO serializeLogger: [RunnerCompute]StartAt:1478632261749,Parent RDD ID:18,Name:UnionRDD,TaskAttempt ID:130,Partition Id:39,Stage Id:4
16/11/08 12:11:01 INFO serializeLogger: [CreationPYRE]StartAt:1478632261750,Parent RDD ID:18,Name:UnionRDD,TaskAttempt ID:98,Partition Id:7,Stage Id:4
16/11/08 12:11:01 INFO serializeLogger: [RunnerCompute]StartAt:1478632261750,Parent RDD ID:18,Name:UnionRDD,TaskAttempt ID:146,Partition Id:55,Stage Id:4
16/11/08 12:11:01 INFO serializeLogger: [RunnerCompute]StartAt:1478632261750,Parent RDD ID:18,Name:UnionRDD,TaskAttempt ID:126,Partition Id:35,Stage Id:4
16/11/08 12:11:01 INFO serializeLogger: [CreationPYRE]EndAt:1478632261750,Parent RDD ID:18,Name:UnionRDD,TaskAttempt ID:98,Partition Id:7,Stage Id:4
16/11/08 12:11:01 INFO serializeLogger: [CreationPYRE]StartAt:1478632261751,Parent RDD ID:8,Name:ParallelCollectionRDD,TaskAttempt ID:146,Partition Id:55,Stage Id:4
16/11/08 12:11:01 INFO serializeLogger: [CreationPYRE]EndAt:1478632261751,Parent RDD ID:8,Name:ParallelCollectionRDD,TaskAttempt ID:146,Partition Id:55,Stage Id:4
16/11/08 12:11:01 INFO serializeLogger: [RunnerCompute]StartAt:1478632261751,Parent RDD ID:8,Name:ParallelCollectionRDD,TaskAttempt ID:146,Partition Id:55,Stage Id:4
16/11/08 12:11:01 INFO serializeLogger: [CreationPYRE]StartAt:1478632261752,Parent RDD ID:8,Name:ParallelCollectionRDD,TaskAttempt ID:114,Partition Id:23,Stage Id:4
16/11/08 12:11:01 INFO serializeLogger: [CreationPYRE]EndAt:1478632261752,Parent RDD ID:18,Name:UnionRDD,TaskAttempt ID:110,Partition Id:19,Stage Id:4
16/11/08 12:11:01 INFO serializeLogger: [CreationPYRE]EndAt:1478632261753,Parent RDD ID:18,Name:UnionRDD,TaskAttempt ID:122,Partition Id:31,Stage Id:4
16/11/08 12:11:01 INFO serializeLogger: [RunnerCompute]StartAt:1478632261753,Parent RDD ID:18,Name:UnionRDD,TaskAttempt ID:102,Partition Id:11,Stage Id:4
16/11/08 12:11:01 INFO serializeLogger: [RunnerCompute]StartAt:1478632261753,Parent RDD ID:18,Name:UnionRDD,TaskAttempt ID:110,Partition Id:19,Stage Id:4
16/11/08 12:11:01 INFO serializeLogger: [CreationPYRE]EndAt:1478632261758,Parent RDD ID:8,Name:ParallelCollectionRDD,TaskAttempt ID:114,Partition Id:23,Stage Id:4
16/11/08 12:11:01 INFO serializeLogger: [RunnerCompute]StartAt:1478632261758,Parent RDD ID:18,Name:UnionRDD,TaskAttempt ID:98,Partition Id:7,Stage Id:4
16/11/08 12:11:01 INFO serializeLogger: [RunnerCompute]StartAt:1478632261759,Parent RDD ID:8,Name:ParallelCollectionRDD,TaskAttempt ID:114,Partition Id:23,Stage Id:4
16/11/08 12:11:01 INFO serializeLogger: [writerThread]StartAt:1478632261759,Parent RDD ID:8,Name:ParallelCollectionRDD,TaskAttempt ID:106,Partition Id:15,Stage Id:4
16/11/08 12:11:01 INFO serializeLogger: [CreationPYRE]StartAt:1478632261759,Parent RDD ID:8,Name:ParallelCollectionRDD,TaskAttempt ID:118,Partition Id:27,Stage Id:4
16/11/08 12:11:01 INFO serializeLogger: [RunnerCompute]StartAt:1478632261760,Parent RDD ID:18,Name:UnionRDD,TaskAttempt ID:122,Partition Id:31,Stage Id:4
16/11/08 12:11:01 INFO serializeLogger: [CreationPYRE]StartAt:1478632261761,Parent RDD ID:8,Name:ParallelCollectionRDD,TaskAttempt ID:130,Partition Id:39,Stage Id:4
16/11/08 12:11:01 INFO serializeLogger: [writerThread]StartAt:1478632261761,Parent RDD ID:8,Name:ParallelCollectionRDD,TaskAttempt ID:142,Partition Id:51,Stage Id:4
16/11/08 12:11:01 INFO serializeLogger: [CreationPYRE]StartAt:1478632261762,Parent RDD ID:8,Name:ParallelCollectionRDD,TaskAttempt ID:98,Partition Id:7,Stage Id:4
16/11/08 12:11:01 INFO serializeLogger: [CreationPYRE]EndAt:1478632261762,Parent RDD ID:8,Name:ParallelCollectionRDD,TaskAttempt ID:118,Partition Id:27,Stage Id:4
16/11/08 12:11:01 INFO serializeLogger: [RunnerCompute]StartAt:1478632261764,Parent RDD ID:8,Name:ParallelCollectionRDD,TaskAttempt ID:118,Partition Id:27,Stage Id:4
16/11/08 12:11:01 INFO serializeLogger: [CreationPYRE]EndAt:1478632261765,Parent RDD ID:8,Name:ParallelCollectionRDD,TaskAttempt ID:98,Partition Id:7,Stage Id:4
16/11/08 12:11:01 INFO serializeLogger: [CreationPYRE]EndAt:1478632261766,Parent RDD ID:8,Name:ParallelCollectionRDD,TaskAttempt ID:130,Partition Id:39,Stage Id:4
16/11/08 12:11:01 INFO serializeLogger: [writerThread]StartAt:1478632261766,Parent RDD ID:8,Name:ParallelCollectionRDD,TaskAttempt ID:138,Partition Id:47,Stage Id:4
16/11/08 12:11:01 INFO serializeLogger: [writerThread]StartAt:1478632261766,Parent RDD ID:8,Name:ParallelCollectionRDD,TaskAttempt ID:134,Partition Id:43,Stage Id:4
16/11/08 12:11:01 INFO serializeLogger: [CreationPYRE]StartAt:1478632261766,Parent RDD ID:8,Name:ParallelCollectionRDD,TaskAttempt ID:110,Partition Id:19,Stage Id:4
16/11/08 12:11:01 INFO serializeLogger: [CreationPYRE]EndAt:1478632261767,Parent RDD ID:8,Name:ParallelCollectionRDD,TaskAttempt ID:110,Partition Id:19,Stage Id:4
16/11/08 12:11:01 INFO serializeLogger: [RunnerCompute]StartAt:1478632261767,Parent RDD ID:8,Name:ParallelCollectionRDD,TaskAttempt ID:110,Partition Id:19,Stage Id:4
16/11/08 12:11:01 INFO serializeLogger: [RunnerCompute]StartAt:1478632261768,Parent RDD ID:8,Name:ParallelCollectionRDD,TaskAttempt ID:130,Partition Id:39,Stage Id:4
16/11/08 12:11:01 INFO serializeLogger: [RunnerCompute]EndAt:1478632261768,Parent RDD ID:8,Name:ParallelCollectionRDD,TaskAttempt ID:106,Partition Id:15,Stage Id:4
16/11/08 12:11:01 INFO serializeLogger: [RunnerCompute]StartAt:1478632261769,Parent RDD ID:8,Name:ParallelCollectionRDD,TaskAttempt ID:98,Partition Id:7,Stage Id:4
16/11/08 12:11:01 INFO serializeLogger: [writerThread]StartAt:1478632261769,Parent RDD ID:8,Name:ParallelCollectionRDD,TaskAttempt ID:150,Partition Id:59,Stage Id:4
16/11/08 12:11:01 INFO serializeLogger: [CreationPYRE]StartAt:1478632261770,Parent RDD ID:8,Name:ParallelCollectionRDD,TaskAttempt ID:126,Partition Id:35,Stage Id:4
16/11/08 12:11:01 INFO serializeLogger: [CreationPYRE]EndAt:1478632261770,Parent RDD ID:8,Name:ParallelCollectionRDD,TaskAttempt ID:126,Partition Id:35,Stage Id:4
16/11/08 12:11:01 INFO serializeLogger: [RunnerCompute]StartAt:1478632261770,Parent RDD ID:8,Name:ParallelCollectionRDD,TaskAttempt ID:126,Partition Id:35,Stage Id:4
16/11/08 12:11:01 INFO serializeLogger: [RunnerCompute]EndAt:1478632261771,Parent RDD ID:8,Name:ParallelCollectionRDD,TaskAttempt ID:134,Partition Id:43,Stage Id:4
16/11/08 12:11:01 INFO serializeLogger: [writerThread]StartAt:1478632261772,Parent RDD ID:18,Name:UnionRDD,TaskAttempt ID:134,Partition Id:43,Stage Id:4
16/11/08 12:11:01 INFO serializeLogger: [CreationPYRE]StartAt:1478632261790,Parent RDD ID:8,Name:ParallelCollectionRDD,TaskAttempt ID:122,Partition Id:31,Stage Id:4
16/11/08 12:11:01 INFO serializeLogger: [writerThread]StartAt:1478632261790,Parent RDD ID:8,Name:ParallelCollectionRDD,TaskAttempt ID:154,Partition Id:63,Stage Id:4
16/11/08 12:11:01 INFO serializeLogger: [CreationPYRE]EndAt:1478632261790,Parent RDD ID:8,Name:ParallelCollectionRDD,TaskAttempt ID:122,Partition Id:31,Stage Id:4
16/11/08 12:11:01 INFO serializeLogger: [writerThread]StartAt:1478632261793,Parent RDD ID:8,Name:ParallelCollectionRDD,TaskAttempt ID:146,Partition Id:55,Stage Id:4
16/11/08 12:11:01 INFO serializeLogger: [writerThread]StartAt:1478632261794,Parent RDD ID:18,Name:UnionRDD,TaskAttempt ID:106,Partition Id:15,Stage Id:4
16/11/08 12:11:01 INFO serializeLogger: [writerThread]StartAt:1478632261796,Parent RDD ID:8,Name:ParallelCollectionRDD,TaskAttempt ID:126,Partition Id:35,Stage Id:4
16/11/08 12:11:01 INFO serializeLogger: [writerThread]StartAt:1478632261796,Parent RDD ID:8,Name:ParallelCollectionRDD,TaskAttempt ID:114,Partition Id:23,Stage Id:4
16/11/08 12:11:01 INFO serializeLogger: [CreationPYRE]StartAt:1478632261796,Parent RDD ID:8,Name:ParallelCollectionRDD,TaskAttempt ID:102,Partition Id:11,Stage Id:4
16/11/08 12:11:01 INFO serializeLogger: [RunnerCompute]StartAt:1478632261796,Parent RDD ID:8,Name:ParallelCollectionRDD,TaskAttempt ID:122,Partition Id:31,Stage Id:4
16/11/08 12:11:01 INFO serializeLogger: [writerThread]StartAt:1478632261796,Parent RDD ID:8,Name:ParallelCollectionRDD,TaskAttempt ID:118,Partition Id:27,Stage Id:4
16/11/08 12:11:01 INFO serializeLogger: [writerThread]StartAt:1478632261798,Parent RDD ID:8,Name:ParallelCollectionRDD,TaskAttempt ID:98,Partition Id:7,Stage Id:4
16/11/08 12:11:01 INFO serializeLogger: [CreationPYRE]EndAt:1478632261800,Parent RDD ID:8,Name:ParallelCollectionRDD,TaskAttempt ID:102,Partition Id:11,Stage Id:4
16/11/08 12:11:01 INFO serializeLogger: [RunnerCompute]StartAt:1478632261801,Parent RDD ID:8,Name:ParallelCollectionRDD,TaskAttempt ID:102,Partition Id:11,Stage Id:4
16/11/08 12:11:01 INFO serializeLogger: [writerThread]StartAt:1478632261803,Parent RDD ID:8,Name:ParallelCollectionRDD,TaskAttempt ID:130,Partition Id:39,Stage Id:4
16/11/08 12:11:01 INFO serializeLogger: [RunnerCompute]EndAt:1478632261804,Parent RDD ID:8,Name:ParallelCollectionRDD,TaskAttempt ID:146,Partition Id:55,Stage Id:4
16/11/08 12:11:01 INFO serializeLogger: [writerThread]StartAt:1478632261805,Parent RDD ID:8,Name:ParallelCollectionRDD,TaskAttempt ID:110,Partition Id:19,Stage Id:4
16/11/08 12:11:01 INFO serializeLogger: [writerThread]StartAt:1478632261806,Parent RDD ID:18,Name:UnionRDD,TaskAttempt ID:146,Partition Id:55,Stage Id:4
16/11/08 12:11:01 INFO serializeLogger: [RunnerCompute]EndAt:1478632261810,Parent RDD ID:8,Name:ParallelCollectionRDD,TaskAttempt ID:114,Partition Id:23,Stage Id:4
16/11/08 12:11:01 INFO serializeLogger: [RunnerCompute]EndAt:1478632261811,Parent RDD ID:8,Name:ParallelCollectionRDD,TaskAttempt ID:98,Partition Id:7,Stage Id:4
16/11/08 12:11:01 INFO serializeLogger: [RunnerCompute]EndAt:1478632261812,Parent RDD ID:18,Name:UnionRDD,TaskAttempt ID:134,Partition Id:43,Stage Id:4
16/11/08 12:11:01 INFO serializeLogger: [writerThread]StartAt:1478632261813,Parent RDD ID:18,Name:UnionRDD,TaskAttempt ID:98,Partition Id:7,Stage Id:4
16/11/08 12:11:01 INFO serializeLogger: [writerThread]StartAt:1478632261814,Parent RDD ID:18,Name:UnionRDD,TaskAttempt ID:114,Partition Id:23,Stage Id:4
16/11/08 12:11:01 INFO serializeLogger: [RunnerCompute]EndAt:1478632261814,Parent RDD ID:8,Name:ParallelCollectionRDD,TaskAttempt ID:138,Partition Id:47,Stage Id:4
16/11/08 12:11:01 INFO serializeLogger: [writerThread]EndAt:1478632261815,Parent RDD ID:18,Name:UnionRDD,TaskAttempt ID:134,Partition Id:43,Stage Id:4
16/11/08 12:11:01 INFO serializeLogger: [writerThread]EndAt:1478632261826,Parent RDD ID:8,Name:ParallelCollectionRDD,TaskAttempt ID:134,Partition Id:43,Stage Id:4
16/11/08 12:11:01 INFO serializeLogger: [writerThread]StartAt:1478632261825,Parent RDD ID:18,Name:UnionRDD,TaskAttempt ID:138,Partition Id:47,Stage Id:4
16/11/08 12:11:01 INFO serializeLogger: [RunnerCompute]EndAt:1478632261836,Parent RDD ID:8,Name:ParallelCollectionRDD,TaskAttempt ID:118,Partition Id:27,Stage Id:4
16/11/08 12:11:01 INFO serializeLogger: [RunnerCompute]EndAt:1478632261839,Parent RDD ID:8,Name:ParallelCollectionRDD,TaskAttempt ID:150,Partition Id:59,Stage Id:4
16/11/08 12:11:01 INFO serializeLogger: [RunnerCompute]EndAt:1478632261839,Parent RDD ID:8,Name:ParallelCollectionRDD,TaskAttempt ID:142,Partition Id:51,Stage Id:4
16/11/08 12:11:01 INFO serializeLogger: [RunnerCompute]EndAt:1478632261842,Parent RDD ID:8,Name:ParallelCollectionRDD,TaskAttempt ID:154,Partition Id:63,Stage Id:4
16/11/08 12:11:01 INFO serializeLogger: [RunnerCompute]EndAt:1478632261843,Parent RDD ID:18,Name:UnionRDD,TaskAttempt ID:106,Partition Id:15,Stage Id:4
16/11/08 12:11:01 INFO serializeLogger: [writerThread]EndAt:1478632261845,Parent RDD ID:18,Name:UnionRDD,TaskAttempt ID:106,Partition Id:15,Stage Id:4
16/11/08 12:11:01 INFO serializeLogger: [RunnerCompute]EndAt:1478632261870,Parent RDD ID:8,Name:ParallelCollectionRDD,TaskAttempt ID:110,Partition Id:19,Stage Id:4
16/11/08 12:11:01 INFO serializeLogger: [writerThread]StartAt:1478632261871,Parent RDD ID:18,Name:UnionRDD,TaskAttempt ID:110,Partition Id:19,Stage Id:4
16/11/08 12:11:01 INFO serializeLogger: [writerThread]StartAt:1478632261872,Parent RDD ID:18,Name:UnionRDD,TaskAttempt ID:154,Partition Id:63,Stage Id:4
16/11/08 12:11:01 INFO serializeLogger: [RunnerCompute]EndAt:1478632261873,Parent RDD ID:8,Name:ParallelCollectionRDD,TaskAttempt ID:130,Partition Id:39,Stage Id:4
16/11/08 12:11:01 INFO serializeLogger: [RunnerCompute]EndAt:1478632261874,Parent RDD ID:18,Name:UnionRDD,TaskAttempt ID:98,Partition Id:7,Stage Id:4
16/11/08 12:11:01 INFO serializeLogger: [writerThread]StartAt:1478632261874,Parent RDD ID:8,Name:ParallelCollectionRDD,TaskAttempt ID:122,Partition Id:31,Stage Id:4
16/11/08 12:11:01 INFO serializeLogger: [writerThread]EndAt:1478632261878,Parent RDD ID:18,Name:UnionRDD,TaskAttempt ID:98,Partition Id:7,Stage Id:4
16/11/08 12:11:01 INFO serializeLogger: [RunnerCompute]EndAt:1478632261879,Parent RDD ID:18,Name:UnionRDD,TaskAttempt ID:138,Partition Id:47,Stage Id:4
16/11/08 12:11:01 INFO serializeLogger: [writerThread]EndAt:1478632261880,Parent RDD ID:8,Name:ParallelCollectionRDD,TaskAttempt ID:106,Partition Id:15,Stage Id:4
16/11/08 12:11:01 INFO serializeLogger: [writerThread]StartAt:1478632261881,Parent RDD ID:18,Name:UnionRDD,TaskAttempt ID:150,Partition Id:59,Stage Id:4
16/11/08 12:11:01 INFO serializeLogger: [writerThread]StartAt:1478632261880,Parent RDD ID:18,Name:UnionRDD,TaskAttempt ID:142,Partition Id:51,Stage Id:4
16/11/08 12:11:01 INFO serializeLogger: [writerThread]EndAt:1478632261882,Parent RDD ID:18,Name:UnionRDD,TaskAttempt ID:138,Partition Id:47,Stage Id:4
16/11/08 12:11:01 INFO serializeLogger: [RunnerCompute]EndAt:1478632261884,Parent RDD ID:8,Name:ParallelCollectionRDD,TaskAttempt ID:126,Partition Id:35,Stage Id:4
16/11/08 12:11:01 INFO serializeLogger: [writerThread]StartAt:1478632261887,Parent RDD ID:18,Name:UnionRDD,TaskAttempt ID:118,Partition Id:27,Stage Id:4
16/11/08 12:11:01 INFO serializeLogger: [writerThread]StartAt:1478632261887,Parent RDD ID:8,Name:ParallelCollectionRDD,TaskAttempt ID:102,Partition Id:11,Stage Id:4
16/11/08 12:11:01 INFO serializeLogger: [writerThread]StartAt:1478632261887,Parent RDD ID:18,Name:UnionRDD,TaskAttempt ID:126,Partition Id:35,Stage Id:4
16/11/08 12:11:01 INFO serializeLogger: [writerThread]EndAt:1478632261887,Parent RDD ID:8,Name:ParallelCollectionRDD,TaskAttempt ID:138,Partition Id:47,Stage Id:4
16/11/08 12:11:01 INFO serializeLogger: [writerThread]EndAt:1478632261888,Parent RDD ID:8,Name:ParallelCollectionRDD,TaskAttempt ID:98,Partition Id:7,Stage Id:4
16/11/08 12:11:01 INFO serializeLogger: [writerThread]StartAt:1478632261888,Parent RDD ID:18,Name:UnionRDD,TaskAttempt ID:130,Partition Id:39,Stage Id:4
16/11/08 12:11:01 INFO serializeLogger: [CreationPYRE]StartAt:1478632261908,Parent RDD ID:18,Name:UnionRDD,TaskAttempt ID:162,Partition Id:3,Stage Id:4
16/11/08 12:11:01 INFO serializeLogger: [CreationPYRE]EndAt:1478632261908,Parent RDD ID:18,Name:UnionRDD,TaskAttempt ID:162,Partition Id:3,Stage Id:4
16/11/08 12:11:01 INFO serializeLogger: [RunnerCompute]StartAt:1478632261908,Parent RDD ID:18,Name:UnionRDD,TaskAttempt ID:162,Partition Id:3,Stage Id:4
16/11/08 12:11:01 INFO serializeLogger: [CreationPYRE]StartAt:1478632261909,Parent RDD ID:15,Name:MapPartitionedRDD,TaskAttempt ID:162,Partition Id:3,Stage Id:4
16/11/08 12:11:01 INFO serializeLogger: [CreationPYRE]EndAt:1478632261909,Parent RDD ID:15,Name:MapPartitionedRDD,TaskAttempt ID:162,Partition Id:3,Stage Id:4
16/11/08 12:11:01 INFO serializeLogger: [RunnerCompute]StartAt:1478632261910,Parent RDD ID:15,Name:MapPartitionedRDD,TaskAttempt ID:162,Partition Id:3,Stage Id:4
16/11/08 12:11:01 INFO serializeLogger: [RunnerCompute]EndAt:1478632261918,Parent RDD ID:18,Name:UnionRDD,TaskAttempt ID:146,Partition Id:55,Stage Id:4
16/11/08 12:11:01 INFO serializeLogger: [writerThread]EndAt:1478632261920,Parent RDD ID:18,Name:UnionRDD,TaskAttempt ID:146,Partition Id:55,Stage Id:4
16/11/08 12:11:01 INFO serializeLogger: [writerThread]EndAt:1478632261920,Parent RDD ID:8,Name:ParallelCollectionRDD,TaskAttempt ID:146,Partition Id:55,Stage Id:4
16/11/08 12:11:01 INFO serializeLogger: [RunnerCompute]EndAt:1478632261928,Parent RDD ID:18,Name:UnionRDD,TaskAttempt ID:150,Partition Id:59,Stage Id:4
16/11/08 12:11:01 INFO serializeLogger: [RunnerCompute]EndAt:1478632261935,Parent RDD ID:8,Name:ParallelCollectionRDD,TaskAttempt ID:122,Partition Id:31,Stage Id:4
16/11/08 12:11:01 INFO serializeLogger: [RunnerCompute]EndAt:1478632261934,Parent RDD ID:18,Name:UnionRDD,TaskAttempt ID:110,Partition Id:19,Stage Id:4
16/11/08 12:11:01 INFO serializeLogger: [RunnerCompute]EndAt:1478632261952,Parent RDD ID:18,Name:UnionRDD,TaskAttempt ID:118,Partition Id:27,Stage Id:4
16/11/08 12:11:01 INFO serializeLogger: [RunnerCompute]EndAt:1478632261951,Parent RDD ID:18,Name:UnionRDD,TaskAttempt ID:114,Partition Id:23,Stage Id:4
16/11/08 12:11:01 INFO serializeLogger: [RunnerCompute]EndAt:1478632261952,Parent RDD ID:8,Name:ParallelCollectionRDD,TaskAttempt ID:102,Partition Id:11,Stage Id:4
16/11/08 12:11:01 INFO serializeLogger: [RunnerCompute]EndAt:1478632261951,Parent RDD ID:18,Name:UnionRDD,TaskAttempt ID:130,Partition Id:39,Stage Id:4
16/11/08 12:11:01 INFO serializeLogger: [RunnerCompute]EndAt:1478632261951,Parent RDD ID:18,Name:UnionRDD,TaskAttempt ID:154,Partition Id:63,Stage Id:4
16/11/08 12:11:01 INFO serializeLogger: [RunnerCompute]EndAt:1478632261949,Parent RDD ID:18,Name:UnionRDD,TaskAttempt ID:126,Partition Id:35,Stage Id:4
16/11/08 12:11:01 INFO serializeLogger: [writerThread]EndAt:1478632261957,Parent RDD ID:18,Name:UnionRDD,TaskAttempt ID:118,Partition Id:27,Stage Id:4
16/11/08 12:11:01 INFO serializeLogger: [writerThread]EndAt:1478632261957,Parent RDD ID:8,Name:ParallelCollectionRDD,TaskAttempt ID:118,Partition Id:27,Stage Id:4
16/11/08 12:11:01 INFO serializeLogger: [writerThread]EndAt:1478632261969,Parent RDD ID:18,Name:UnionRDD,TaskAttempt ID:130,Partition Id:39,Stage Id:4
16/11/08 12:11:01 INFO serializeLogger: [writerThread]EndAt:1478632261969,Parent RDD ID:8,Name:ParallelCollectionRDD,TaskAttempt ID:130,Partition Id:39,Stage Id:4
16/11/08 12:11:01 INFO serializeLogger: [writerThread]EndAt:1478632261978,Parent RDD ID:18,Name:UnionRDD,TaskAttempt ID:150,Partition Id:59,Stage Id:4
16/11/08 12:11:01 INFO serializeLogger: [writerThread]EndAt:1478632261978,Parent RDD ID:8,Name:ParallelCollectionRDD,TaskAttempt ID:150,Partition Id:59,Stage Id:4
16/11/08 12:11:01 INFO serializeLogger: [writerThread]StartAt:1478632261981,Parent RDD ID:18,Name:UnionRDD,TaskAttempt ID:102,Partition Id:11,Stage Id:4
16/11/08 12:11:01 INFO serializeLogger: [writerThread]StartAt:1478632261993,Parent RDD ID:18,Name:UnionRDD,TaskAttempt ID:122,Partition Id:31,Stage Id:4
16/11/08 12:11:01 INFO serializeLogger: [writerThread]StartAt:1478632261994,Parent RDD ID:15,Name:MapPartitionedRDD,TaskAttempt ID:162,Partition Id:3,Stage Id:4
16/11/08 12:11:01 INFO serializeLogger: [RunnerCompute]EndAt:1478632261997,Parent RDD ID:18,Name:UnionRDD,TaskAttempt ID:142,Partition Id:51,Stage Id:4
16/11/08 12:11:02 INFO serializeLogger: [writerThread]EndAt:1478632262000,Parent RDD ID:18,Name:UnionRDD,TaskAttempt ID:114,Partition Id:23,Stage Id:4
16/11/08 12:11:02 INFO serializeLogger: [writerThread]EndAt:1478632262000,Parent RDD ID:18,Name:UnionRDD,TaskAttempt ID:154,Partition Id:63,Stage Id:4
16/11/08 12:11:02 INFO serializeLogger: [RunnerCompute]EndAt:1478632262052,Parent RDD ID:18,Name:UnionRDD,TaskAttempt ID:122,Partition Id:31,Stage Id:4
16/11/08 12:11:02 INFO serializeLogger: [RunnerCompute]EndAt:1478632262054,Parent RDD ID:18,Name:UnionRDD,TaskAttempt ID:102,Partition Id:11,Stage Id:4
16/11/08 12:11:02 INFO serializeLogger: [writerThread]EndAt:1478632262057,Parent RDD ID:18,Name:UnionRDD,TaskAttempt ID:102,Partition Id:11,Stage Id:4
16/11/08 12:11:02 INFO serializeLogger: [writerThread]EndAt:1478632262057,Parent RDD ID:8,Name:ParallelCollectionRDD,TaskAttempt ID:102,Partition Id:11,Stage Id:4
16/11/08 12:11:02 INFO serializeLogger: [writerThread]EndAt:1478632262057,Parent RDD ID:8,Name:ParallelCollectionRDD,TaskAttempt ID:154,Partition Id:63,Stage Id:4
16/11/08 12:11:02 INFO serializeLogger: [writerThread]EndAt:1478632262057,Parent RDD ID:8,Name:ParallelCollectionRDD,TaskAttempt ID:114,Partition Id:23,Stage Id:4
16/11/08 12:11:02 INFO serializeLogger: [writerThread]EndAt:1478632262062,Parent RDD ID:18,Name:UnionRDD,TaskAttempt ID:122,Partition Id:31,Stage Id:4
16/11/08 12:11:02 INFO serializeLogger: [writerThread]EndAt:1478632262062,Parent RDD ID:8,Name:ParallelCollectionRDD,TaskAttempt ID:122,Partition Id:31,Stage Id:4
16/11/08 12:11:02 INFO serializeLogger: [writerThread]EndAt:1478632262112,Parent RDD ID:18,Name:UnionRDD,TaskAttempt ID:126,Partition Id:35,Stage Id:4
16/11/08 12:11:02 INFO serializeLogger: [writerThread]EndAt:1478632262112,Parent RDD ID:8,Name:ParallelCollectionRDD,TaskAttempt ID:126,Partition Id:35,Stage Id:4
16/11/08 12:11:02 INFO serializeLogger: [writerThread]EndAt:1478632262123,Parent RDD ID:18,Name:UnionRDD,TaskAttempt ID:110,Partition Id:19,Stage Id:4
16/11/08 12:11:02 INFO serializeLogger: [writerThread]EndAt:1478632262123,Parent RDD ID:8,Name:ParallelCollectionRDD,TaskAttempt ID:110,Partition Id:19,Stage Id:4
16/11/08 12:11:02 INFO serializeLogger: [writerThread]EndAt:1478632262125,Parent RDD ID:18,Name:UnionRDD,TaskAttempt ID:142,Partition Id:51,Stage Id:4
16/11/08 12:11:02 INFO serializeLogger: [writerThread]EndAt:1478632262125,Parent RDD ID:8,Name:ParallelCollectionRDD,TaskAttempt ID:142,Partition Id:51,Stage Id:4
16/11/08 12:11:39 INFO serializeLogger: [RunnerCompute]EndAt:1478632299253,Parent RDD ID:15,Name:MapPartitionedRDD,TaskAttempt ID:162,Partition Id:3,Stage Id:4
16/11/08 12:11:39 INFO serializeLogger: [writerThread]StartAt:1478632299255,Parent RDD ID:18,Name:UnionRDD,TaskAttempt ID:162,Partition Id:3,Stage Id:4
16/11/08 12:12:16 INFO serializeLogger: [RunnerCompute]EndAt:1478632336682,Parent RDD ID:18,Name:UnionRDD,TaskAttempt ID:162,Partition Id:3,Stage Id:4
16/11/08 12:12:18 INFO serializeLogger: [writerThread]EndAt:1478632338986,Parent RDD ID:18,Name:UnionRDD,TaskAttempt ID:162,Partition Id:3,Stage Id:4
16/11/08 12:12:18 INFO serializeLogger: [writerThread]EndAt:1478632338986,Parent RDD ID:15,Name:MapPartitionedRDD,TaskAttempt ID:162,Partition Id:3,Stage Id:4
16/11/08 12:12:25 INFO serializeLogger: [CreationPYRE]StartAt:1478632345558,Parent RDD ID:25,Name:UnionRDD,TaskAttempt ID:163,Partition Id:3,Stage Id:5
16/11/08 12:12:25 INFO serializeLogger: [CreationPYRE]StartAt:1478632345558,Parent RDD ID:25,Name:UnionRDD,TaskAttempt ID:167,Partition Id:7,Stage Id:5
16/11/08 12:12:25 INFO serializeLogger: [CreationPYRE]EndAt:1478632345558,Parent RDD ID:25,Name:UnionRDD,TaskAttempt ID:163,Partition Id:3,Stage Id:5
16/11/08 12:12:25 INFO serializeLogger: [CreationPYRE]EndAt:1478632345558,Parent RDD ID:25,Name:UnionRDD,TaskAttempt ID:167,Partition Id:7,Stage Id:5
16/11/08 12:12:25 INFO serializeLogger: [RunnerCompute]StartAt:1478632345558,Parent RDD ID:25,Name:UnionRDD,TaskAttempt ID:163,Partition Id:3,Stage Id:5
16/11/08 12:12:25 INFO serializeLogger: [RunnerCompute]StartAt:1478632345558,Parent RDD ID:25,Name:UnionRDD,TaskAttempt ID:167,Partition Id:7,Stage Id:5
16/11/08 12:12:25 INFO serializeLogger: [CreationPYRE]StartAt:1478632345559,Parent RDD ID:22,Name:MapPartitionedRDD,TaskAttempt ID:163,Partition Id:3,Stage Id:5
16/11/08 12:12:25 INFO serializeLogger: [CreationPYRE]StartAt:1478632345559,Parent RDD ID:22,Name:MapPartitionedRDD,TaskAttempt ID:167,Partition Id:7,Stage Id:5
16/11/08 12:12:25 INFO serializeLogger: [CreationPYRE]EndAt:1478632345559,Parent RDD ID:22,Name:MapPartitionedRDD,TaskAttempt ID:163,Partition Id:3,Stage Id:5
16/11/08 12:12:25 INFO serializeLogger: [CreationPYRE]EndAt:1478632345559,Parent RDD ID:22,Name:MapPartitionedRDD,TaskAttempt ID:167,Partition Id:7,Stage Id:5
16/11/08 12:12:25 INFO serializeLogger: [RunnerCompute]StartAt:1478632345559,Parent RDD ID:22,Name:MapPartitionedRDD,TaskAttempt ID:163,Partition Id:3,Stage Id:5
16/11/08 12:12:25 INFO serializeLogger: [RunnerCompute]StartAt:1478632345559,Parent RDD ID:22,Name:MapPartitionedRDD,TaskAttempt ID:167,Partition Id:7,Stage Id:5
16/11/08 12:12:25 INFO serializeLogger: [writerThread]StartAt:1478632345599,Parent RDD ID:22,Name:MapPartitionedRDD,TaskAttempt ID:167,Partition Id:7,Stage Id:5
16/11/08 12:12:25 INFO serializeLogger: [writerThread]StartAt:1478632345599,Parent RDD ID:22,Name:MapPartitionedRDD,TaskAttempt ID:163,Partition Id:3,Stage Id:5
16/11/08 12:12:52 INFO serializeLogger: [RunnerCompute]EndAt:1478632372881,Parent RDD ID:22,Name:MapPartitionedRDD,TaskAttempt ID:167,Partition Id:7,Stage Id:5
16/11/08 12:12:52 INFO serializeLogger: [writerThread]StartAt:1478632372883,Parent RDD ID:25,Name:UnionRDD,TaskAttempt ID:167,Partition Id:7,Stage Id:5
16/11/08 12:12:53 INFO serializeLogger: [RunnerCompute]EndAt:1478632373177,Parent RDD ID:25,Name:UnionRDD,TaskAttempt ID:167,Partition Id:7,Stage Id:5
16/11/08 12:12:53 INFO serializeLogger: [writerThread]EndAt:1478632373243,Parent RDD ID:25,Name:UnionRDD,TaskAttempt ID:167,Partition Id:7,Stage Id:5
16/11/08 12:12:53 INFO serializeLogger: [writerThread]EndAt:1478632373243,Parent RDD ID:22,Name:MapPartitionedRDD,TaskAttempt ID:167,Partition Id:7,Stage Id:5
16/11/08 12:13:07 INFO serializeLogger: [RunnerCompute]EndAt:1478632387413,Parent RDD ID:22,Name:MapPartitionedRDD,TaskAttempt ID:163,Partition Id:3,Stage Id:5
16/11/08 12:13:07 INFO serializeLogger: [writerThread]StartAt:1478632387415,Parent RDD ID:25,Name:UnionRDD,TaskAttempt ID:163,Partition Id:3,Stage Id:5
16/11/08 12:13:47 INFO serializeLogger: [RunnerCompute]EndAt:1478632427646,Parent RDD ID:25,Name:UnionRDD,TaskAttempt ID:163,Partition Id:3,Stage Id:5
16/11/08 12:13:49 INFO serializeLogger: [writerThread]EndAt:1478632429963,Parent RDD ID:25,Name:UnionRDD,TaskAttempt ID:163,Partition Id:3,Stage Id:5
16/11/08 12:13:49 INFO serializeLogger: [writerThread]EndAt:1478632429963,Parent RDD ID:22,Name:MapPartitionedRDD,TaskAttempt ID:163,Partition Id:3,Stage Id:5
16/11/08 12:16:12 INFO serializeLogger: [CreationPYRE]StartAt:1478632572622,Parent RDD ID:32,Name:UnionRDD,TaskAttempt ID:174,Partition Id:3,Stage Id:6
16/11/08 12:16:12 INFO serializeLogger: [CreationPYRE]EndAt:1478632572622,Parent RDD ID:32,Name:UnionRDD,TaskAttempt ID:174,Partition Id:3,Stage Id:6
16/11/08 12:16:12 INFO serializeLogger: [RunnerCompute]StartAt:1478632572622,Parent RDD ID:32,Name:UnionRDD,TaskAttempt ID:174,Partition Id:3,Stage Id:6
16/11/08 12:16:12 INFO serializeLogger: [CreationPYRE]StartAt:1478632572622,Parent RDD ID:29,Name:MapPartitionedRDD,TaskAttempt ID:174,Partition Id:3,Stage Id:6
16/11/08 12:16:12 INFO serializeLogger: [CreationPYRE]EndAt:1478632572622,Parent RDD ID:29,Name:MapPartitionedRDD,TaskAttempt ID:174,Partition Id:3,Stage Id:6
16/11/08 12:16:12 INFO serializeLogger: [RunnerCompute]StartAt:1478632572622,Parent RDD ID:29,Name:MapPartitionedRDD,TaskAttempt ID:174,Partition Id:3,Stage Id:6
16/11/08 12:16:12 INFO serializeLogger: [CreationPYRE]StartAt:1478632572627,Parent RDD ID:32,Name:UnionRDD,TaskAttempt ID:178,Partition Id:7,Stage Id:6
16/11/08 12:16:12 INFO serializeLogger: [CreationPYRE]EndAt:1478632572627,Parent RDD ID:32,Name:UnionRDD,TaskAttempt ID:178,Partition Id:7,Stage Id:6
16/11/08 12:16:12 INFO serializeLogger: [RunnerCompute]StartAt:1478632572627,Parent RDD ID:32,Name:UnionRDD,TaskAttempt ID:178,Partition Id:7,Stage Id:6
16/11/08 12:16:12 INFO serializeLogger: [CreationPYRE]StartAt:1478632572628,Parent RDD ID:29,Name:MapPartitionedRDD,TaskAttempt ID:178,Partition Id:7,Stage Id:6
16/11/08 12:16:12 INFO serializeLogger: [CreationPYRE]EndAt:1478632572628,Parent RDD ID:29,Name:MapPartitionedRDD,TaskAttempt ID:178,Partition Id:7,Stage Id:6
16/11/08 12:16:12 INFO serializeLogger: [RunnerCompute]StartAt:1478632572628,Parent RDD ID:29,Name:MapPartitionedRDD,TaskAttempt ID:178,Partition Id:7,Stage Id:6
16/11/08 12:16:12 INFO serializeLogger: [writerThread]StartAt:1478632572656,Parent RDD ID:29,Name:MapPartitionedRDD,TaskAttempt ID:178,Partition Id:7,Stage Id:6
16/11/08 12:16:12 INFO serializeLogger: [writerThread]StartAt:1478632572668,Parent RDD ID:29,Name:MapPartitionedRDD,TaskAttempt ID:174,Partition Id:3,Stage Id:6
16/11/08 12:18:55 INFO serializeLogger: [RunnerCompute]EndAt:1478632735230,Parent RDD ID:29,Name:MapPartitionedRDD,TaskAttempt ID:178,Partition Id:7,Stage Id:6
16/11/08 12:18:55 INFO serializeLogger: [writerThread]StartAt:1478632735247,Parent RDD ID:32,Name:UnionRDD,TaskAttempt ID:178,Partition Id:7,Stage Id:6
16/11/08 12:18:55 INFO serializeLogger: [RunnerCompute]EndAt:1478632735305,Parent RDD ID:32,Name:UnionRDD,TaskAttempt ID:178,Partition Id:7,Stage Id:6
16/11/08 12:18:55 INFO serializeLogger: [writerThread]EndAt:1478632735367,Parent RDD ID:32,Name:UnionRDD,TaskAttempt ID:178,Partition Id:7,Stage Id:6
16/11/08 12:18:55 INFO serializeLogger: [writerThread]EndAt:1478632735367,Parent RDD ID:29,Name:MapPartitionedRDD,TaskAttempt ID:178,Partition Id:7,Stage Id:6
16/11/08 12:19:05 INFO serializeLogger: [RunnerCompute]EndAt:1478632745486,Parent RDD ID:29,Name:MapPartitionedRDD,TaskAttempt ID:174,Partition Id:3,Stage Id:6
16/11/08 12:19:05 INFO serializeLogger: [writerThread]StartAt:1478632745488,Parent RDD ID:32,Name:UnionRDD,TaskAttempt ID:174,Partition Id:3,Stage Id:6
16/11/08 12:19:41 INFO serializeLogger: [RunnerCompute]EndAt:1478632781268,Parent RDD ID:32,Name:UnionRDD,TaskAttempt ID:174,Partition Id:3,Stage Id:6
16/11/08 12:19:43 INFO serializeLogger: [writerThread]EndAt:1478632783657,Parent RDD ID:32,Name:UnionRDD,TaskAttempt ID:174,Partition Id:3,Stage Id:6
16/11/08 12:19:43 INFO serializeLogger: [writerThread]EndAt:1478632783657,Parent RDD ID:29,Name:MapPartitionedRDD,TaskAttempt ID:174,Partition Id:3,Stage Id:6
16/11/08 12:19:43 INFO serializeLogger: [CreationPYRE]StartAt:1478632783776,Parent RDD ID:39,Name:UnionRDD,TaskAttempt ID:185,Partition Id:7,Stage Id:7
16/11/08 12:19:43 INFO serializeLogger: [CreationPYRE]EndAt:1478632783776,Parent RDD ID:39,Name:UnionRDD,TaskAttempt ID:185,Partition Id:7,Stage Id:7
16/11/08 12:19:43 INFO serializeLogger: [RunnerCompute]StartAt:1478632783776,Parent RDD ID:39,Name:UnionRDD,TaskAttempt ID:185,Partition Id:7,Stage Id:7
16/11/08 12:19:43 INFO serializeLogger: [CreationPYRE]StartAt:1478632783777,Parent RDD ID:39,Name:UnionRDD,TaskAttempt ID:181,Partition Id:3,Stage Id:7
16/11/08 12:19:43 INFO serializeLogger: [CreationPYRE]EndAt:1478632783777,Parent RDD ID:39,Name:UnionRDD,TaskAttempt ID:181,Partition Id:3,Stage Id:7
16/11/08 12:19:43 INFO serializeLogger: [CreationPYRE]StartAt:1478632783777,Parent RDD ID:36,Name:MapPartitionedRDD,TaskAttempt ID:185,Partition Id:7,Stage Id:7
16/11/08 12:19:43 INFO serializeLogger: [RunnerCompute]StartAt:1478632783777,Parent RDD ID:39,Name:UnionRDD,TaskAttempt ID:181,Partition Id:3,Stage Id:7
16/11/08 12:19:43 INFO serializeLogger: [CreationPYRE]EndAt:1478632783777,Parent RDD ID:36,Name:MapPartitionedRDD,TaskAttempt ID:185,Partition Id:7,Stage Id:7
16/11/08 12:19:43 INFO serializeLogger: [RunnerCompute]StartAt:1478632783777,Parent RDD ID:36,Name:MapPartitionedRDD,TaskAttempt ID:185,Partition Id:7,Stage Id:7
16/11/08 12:19:43 INFO serializeLogger: [CreationPYRE]StartAt:1478632783778,Parent RDD ID:36,Name:MapPartitionedRDD,TaskAttempt ID:181,Partition Id:3,Stage Id:7
16/11/08 12:19:43 INFO serializeLogger: [CreationPYRE]EndAt:1478632783778,Parent RDD ID:36,Name:MapPartitionedRDD,TaskAttempt ID:181,Partition Id:3,Stage Id:7
16/11/08 12:19:43 INFO serializeLogger: [RunnerCompute]StartAt:1478632783778,Parent RDD ID:36,Name:MapPartitionedRDD,TaskAttempt ID:181,Partition Id:3,Stage Id:7
16/11/08 12:19:43 INFO serializeLogger: [writerThread]StartAt:1478632783816,Parent RDD ID:36,Name:MapPartitionedRDD,TaskAttempt ID:185,Partition Id:7,Stage Id:7
16/11/08 12:19:43 INFO serializeLogger: [writerThread]StartAt:1478632783819,Parent RDD ID:36,Name:MapPartitionedRDD,TaskAttempt ID:181,Partition Id:3,Stage Id:7
16/11/08 12:20:21 INFO serializeLogger: [RunnerCompute]EndAt:1478632821503,Parent RDD ID:36,Name:MapPartitionedRDD,TaskAttempt ID:185,Partition Id:7,Stage Id:7
16/11/08 12:20:21 INFO serializeLogger: [writerThread]StartAt:1478632821505,Parent RDD ID:39,Name:UnionRDD,TaskAttempt ID:185,Partition Id:7,Stage Id:7
16/11/08 12:20:21 INFO serializeLogger: [RunnerCompute]EndAt:1478632821801,Parent RDD ID:39,Name:UnionRDD,TaskAttempt ID:185,Partition Id:7,Stage Id:7
16/11/08 12:20:21 INFO serializeLogger: [writerThread]EndAt:1478632821851,Parent RDD ID:39,Name:UnionRDD,TaskAttempt ID:185,Partition Id:7,Stage Id:7
16/11/08 12:20:21 INFO serializeLogger: [writerThread]EndAt:1478632821851,Parent RDD ID:36,Name:MapPartitionedRDD,TaskAttempt ID:185,Partition Id:7,Stage Id:7
16/11/08 12:20:33 INFO serializeLogger: [RunnerCompute]EndAt:1478632833866,Parent RDD ID:36,Name:MapPartitionedRDD,TaskAttempt ID:181,Partition Id:3,Stage Id:7
16/11/08 12:20:33 INFO serializeLogger: [writerThread]StartAt:1478632833867,Parent RDD ID:39,Name:UnionRDD,TaskAttempt ID:181,Partition Id:3,Stage Id:7
16/11/08 12:21:13 INFO serializeLogger: [RunnerCompute]EndAt:1478632873276,Parent RDD ID:39,Name:UnionRDD,TaskAttempt ID:181,Partition Id:3,Stage Id:7
16/11/08 12:21:16 INFO serializeLogger: [writerThread]EndAt:1478632876222,Parent RDD ID:39,Name:UnionRDD,TaskAttempt ID:181,Partition Id:3,Stage Id:7
16/11/08 12:21:16 INFO serializeLogger: [writerThread]EndAt:1478632876222,Parent RDD ID:36,Name:MapPartitionedRDD,TaskAttempt ID:181,Partition Id:3,Stage Id:7
16/11/08 12:23:21 INFO serializeLogger: [CreationPYRE]StartAt:1478633001060,Parent RDD ID:46,Name:UnionRDD,TaskAttempt ID:190,Partition Id:3,Stage Id:8
16/11/08 12:23:21 INFO serializeLogger: [CreationPYRE]EndAt:1478633001060,Parent RDD ID:46,Name:UnionRDD,TaskAttempt ID:190,Partition Id:3,Stage Id:8
16/11/08 12:23:21 INFO serializeLogger: [RunnerCompute]StartAt:1478633001060,Parent RDD ID:46,Name:UnionRDD,TaskAttempt ID:190,Partition Id:3,Stage Id:8
16/11/08 12:23:21 INFO serializeLogger: [CreationPYRE]StartAt:1478633001061,Parent RDD ID:43,Name:MapPartitionedRDD,TaskAttempt ID:190,Partition Id:3,Stage Id:8
16/11/08 12:23:21 INFO serializeLogger: [CreationPYRE]EndAt:1478633001061,Parent RDD ID:43,Name:MapPartitionedRDD,TaskAttempt ID:190,Partition Id:3,Stage Id:8
16/11/08 12:23:21 INFO serializeLogger: [RunnerCompute]StartAt:1478633001061,Parent RDD ID:43,Name:MapPartitionedRDD,TaskAttempt ID:190,Partition Id:3,Stage Id:8
16/11/08 12:23:21 INFO serializeLogger: [CreationPYRE]StartAt:1478633001064,Parent RDD ID:46,Name:UnionRDD,TaskAttempt ID:194,Partition Id:7,Stage Id:8
16/11/08 12:23:21 INFO serializeLogger: [CreationPYRE]EndAt:1478633001064,Parent RDD ID:46,Name:UnionRDD,TaskAttempt ID:194,Partition Id:7,Stage Id:8
16/11/08 12:23:21 INFO serializeLogger: [RunnerCompute]StartAt:1478633001064,Parent RDD ID:46,Name:UnionRDD,TaskAttempt ID:194,Partition Id:7,Stage Id:8
16/11/08 12:23:21 INFO serializeLogger: [CreationPYRE]StartAt:1478633001065,Parent RDD ID:43,Name:MapPartitionedRDD,TaskAttempt ID:194,Partition Id:7,Stage Id:8
16/11/08 12:23:21 INFO serializeLogger: [CreationPYRE]EndAt:1478633001065,Parent RDD ID:43,Name:MapPartitionedRDD,TaskAttempt ID:194,Partition Id:7,Stage Id:8
16/11/08 12:23:21 INFO serializeLogger: [RunnerCompute]StartAt:1478633001065,Parent RDD ID:43,Name:MapPartitionedRDD,TaskAttempt ID:194,Partition Id:7,Stage Id:8
16/11/08 12:23:21 INFO serializeLogger: [writerThread]StartAt:1478633001109,Parent RDD ID:43,Name:MapPartitionedRDD,TaskAttempt ID:194,Partition Id:7,Stage Id:8
16/11/08 12:23:21 INFO serializeLogger: [writerThread]StartAt:1478633001123,Parent RDD ID:43,Name:MapPartitionedRDD,TaskAttempt ID:190,Partition Id:3,Stage Id:8
16/11/08 12:23:51 INFO serializeLogger: [RunnerCompute]EndAt:1478633031897,Parent RDD ID:43,Name:MapPartitionedRDD,TaskAttempt ID:194,Partition Id:7,Stage Id:8
16/11/08 12:23:51 INFO serializeLogger: [writerThread]StartAt:1478633031915,Parent RDD ID:46,Name:UnionRDD,TaskAttempt ID:194,Partition Id:7,Stage Id:8
16/11/08 12:23:51 INFO serializeLogger: [RunnerCompute]EndAt:1478633031968,Parent RDD ID:46,Name:UnionRDD,TaskAttempt ID:194,Partition Id:7,Stage Id:8
16/11/08 12:23:52 INFO serializeLogger: [writerThread]EndAt:1478633032021,Parent RDD ID:46,Name:UnionRDD,TaskAttempt ID:194,Partition Id:7,Stage Id:8
16/11/08 12:23:52 INFO serializeLogger: [writerThread]EndAt:1478633032021,Parent RDD ID:43,Name:MapPartitionedRDD,TaskAttempt ID:194,Partition Id:7,Stage Id:8
16/11/08 12:24:06 INFO serializeLogger: [RunnerCompute]EndAt:1478633046066,Parent RDD ID:43,Name:MapPartitionedRDD,TaskAttempt ID:190,Partition Id:3,Stage Id:8
16/11/08 12:24:06 INFO serializeLogger: [writerThread]StartAt:1478633046068,Parent RDD ID:46,Name:UnionRDD,TaskAttempt ID:190,Partition Id:3,Stage Id:8
16/11/08 12:24:42 INFO serializeLogger: [RunnerCompute]EndAt:1478633082935,Parent RDD ID:46,Name:UnionRDD,TaskAttempt ID:190,Partition Id:3,Stage Id:8
16/11/08 12:24:45 INFO serializeLogger: [writerThread]EndAt:1478633085250,Parent RDD ID:46,Name:UnionRDD,TaskAttempt ID:190,Partition Id:3,Stage Id:8
16/11/08 12:24:45 INFO serializeLogger: [writerThread]EndAt:1478633085250,Parent RDD ID:43,Name:MapPartitionedRDD,TaskAttempt ID:190,Partition Id:3,Stage Id:8
16/11/08 12:26:48 INFO serializeLogger: [CreationPYRE]StartAt:1478633208318,Parent RDD ID:50,Name:MapPartitionedRDD,TaskAttempt ID:195,Partition Id:3,Stage Id:9
16/11/08 12:26:48 INFO serializeLogger: [CreationPYRE]EndAt:1478633208318,Parent RDD ID:50,Name:MapPartitionedRDD,TaskAttempt ID:195,Partition Id:3,Stage Id:9
16/11/08 12:26:48 INFO serializeLogger: [RunnerCompute]StartAt:1478633208318,Parent RDD ID:50,Name:MapPartitionedRDD,TaskAttempt ID:195,Partition Id:3,Stage Id:9
16/11/08 12:26:48 INFO serializeLogger: [writerThread]StartAt:1478633208359,Parent RDD ID:50,Name:MapPartitionedRDD,TaskAttempt ID:195,Partition Id:3,Stage Id:9
16/11/08 12:27:14 INFO serializeLogger: [RunnerCompute]EndAt:1478633234549,Parent RDD ID:50,Name:MapPartitionedRDD,TaskAttempt ID:195,Partition Id:3,Stage Id:9
16/11/08 12:27:14 INFO serializeLogger: [writerThread]EndAt:1478633234551,Parent RDD ID:50,Name:MapPartitionedRDD,TaskAttempt ID:195,Partition Id:3,Stage Id:9
16/11/08 12:27:45 INFO serializeLogger: [CreationPYRE]StartAt:1478633265053,Parent RDD ID:54,Name:UnionRDD,TaskAttempt ID:204,Partition Id:7,Stage Id:16
16/11/08 12:27:45 INFO serializeLogger: [CreationPYRE]EndAt:1478633265053,Parent RDD ID:54,Name:UnionRDD,TaskAttempt ID:204,Partition Id:7,Stage Id:16
16/11/08 12:27:45 INFO serializeLogger: [RunnerCompute]StartAt:1478633265053,Parent RDD ID:54,Name:UnionRDD,TaskAttempt ID:204,Partition Id:7,Stage Id:16
16/11/08 12:27:45 INFO serializeLogger: [CreationPYRE]StartAt:1478633265054,Parent RDD ID:54,Name:UnionRDD,TaskAttempt ID:200,Partition Id:3,Stage Id:16
16/11/08 12:27:45 INFO serializeLogger: [CreationPYRE]EndAt:1478633265054,Parent RDD ID:54,Name:UnionRDD,TaskAttempt ID:200,Partition Id:3,Stage Id:16
16/11/08 12:27:45 INFO serializeLogger: [CreationPYRE]StartAt:1478633265054,Parent RDD ID:43,Name:MapPartitionedRDD,TaskAttempt ID:204,Partition Id:7,Stage Id:16
16/11/08 12:27:45 INFO serializeLogger: [RunnerCompute]StartAt:1478633265054,Parent RDD ID:54,Name:UnionRDD,TaskAttempt ID:200,Partition Id:3,Stage Id:16
16/11/08 12:27:45 INFO serializeLogger: [CreationPYRE]EndAt:1478633265054,Parent RDD ID:43,Name:MapPartitionedRDD,TaskAttempt ID:204,Partition Id:7,Stage Id:16
16/11/08 12:27:45 INFO serializeLogger: [RunnerCompute]StartAt:1478633265054,Parent RDD ID:43,Name:MapPartitionedRDD,TaskAttempt ID:204,Partition Id:7,Stage Id:16
16/11/08 12:27:45 INFO serializeLogger: [CreationPYRE]StartAt:1478633265055,Parent RDD ID:43,Name:MapPartitionedRDD,TaskAttempt ID:200,Partition Id:3,Stage Id:16
16/11/08 12:27:45 INFO serializeLogger: [CreationPYRE]EndAt:1478633265055,Parent RDD ID:43,Name:MapPartitionedRDD,TaskAttempt ID:200,Partition Id:3,Stage Id:16
16/11/08 12:27:45 INFO serializeLogger: [RunnerCompute]StartAt:1478633265055,Parent RDD ID:43,Name:MapPartitionedRDD,TaskAttempt ID:200,Partition Id:3,Stage Id:16
16/11/08 12:27:45 INFO serializeLogger: [writerThread]StartAt:1478633265076,Parent RDD ID:43,Name:MapPartitionedRDD,TaskAttempt ID:204,Partition Id:7,Stage Id:16
16/11/08 12:27:45 INFO serializeLogger: [writerThread]StartAt:1478633265258,Parent RDD ID:43,Name:MapPartitionedRDD,TaskAttempt ID:200,Partition Id:3,Stage Id:16
16/11/08 12:28:13 INFO serializeLogger: [RunnerCompute]EndAt:1478633293528,Parent RDD ID:43,Name:MapPartitionedRDD,TaskAttempt ID:204,Partition Id:7,Stage Id:16
16/11/08 12:28:13 INFO serializeLogger: [writerThread]StartAt:1478633293545,Parent RDD ID:54,Name:UnionRDD,TaskAttempt ID:204,Partition Id:7,Stage Id:16
16/11/08 12:28:13 INFO serializeLogger: [RunnerCompute]EndAt:1478633293594,Parent RDD ID:54,Name:UnionRDD,TaskAttempt ID:204,Partition Id:7,Stage Id:16
16/11/08 12:28:13 INFO serializeLogger: [writerThread]EndAt:1478633293649,Parent RDD ID:54,Name:UnionRDD,TaskAttempt ID:204,Partition Id:7,Stage Id:16
16/11/08 12:28:13 INFO serializeLogger: [writerThread]EndAt:1478633293649,Parent RDD ID:43,Name:MapPartitionedRDD,TaskAttempt ID:204,Partition Id:7,Stage Id:16
16/11/08 12:28:31 INFO serializeLogger: [RunnerCompute]EndAt:1478633311011,Parent RDD ID:43,Name:MapPartitionedRDD,TaskAttempt ID:200,Partition Id:3,Stage Id:16
16/11/08 12:28:31 INFO serializeLogger: [writerThread]StartAt:1478633311013,Parent RDD ID:54,Name:UnionRDD,TaskAttempt ID:200,Partition Id:3,Stage Id:16
16/11/08 12:29:10 INFO serializeLogger: [RunnerCompute]EndAt:1478633350918,Parent RDD ID:54,Name:UnionRDD,TaskAttempt ID:200,Partition Id:3,Stage Id:16
16/11/08 12:29:13 INFO serializeLogger: [writerThread]EndAt:1478633353343,Parent RDD ID:54,Name:UnionRDD,TaskAttempt ID:200,Partition Id:3,Stage Id:16
16/11/08 12:29:13 INFO serializeLogger: [writerThread]EndAt:1478633353343,Parent RDD ID:43,Name:MapPartitionedRDD,TaskAttempt ID:200,Partition Id:3,Stage Id:16
16/11/08 12:31:11 INFO serializeLogger: [CreationPYRE]StartAt:1478633471536,Parent RDD ID:58,Name:MapPartitionedRDD,TaskAttempt ID:208,Partition Id:3,Stage Id:17
16/11/08 12:31:11 INFO serializeLogger: [CreationPYRE]EndAt:1478633471536,Parent RDD ID:58,Name:MapPartitionedRDD,TaskAttempt ID:208,Partition Id:3,Stage Id:17
16/11/08 12:31:11 INFO serializeLogger: [RunnerCompute]StartAt:1478633471536,Parent RDD ID:58,Name:MapPartitionedRDD,TaskAttempt ID:208,Partition Id:3,Stage Id:17
16/11/08 12:31:11 INFO serializeLogger: [writerThread]StartAt:1478633471582,Parent RDD ID:58,Name:MapPartitionedRDD,TaskAttempt ID:208,Partition Id:3,Stage Id:17
16/11/08 12:31:59 INFO serializeLogger: [RunnerCompute]EndAt:1478633519427,Parent RDD ID:58,Name:MapPartitionedRDD,TaskAttempt ID:208,Partition Id:3,Stage Id:17
16/11/08 12:31:59 INFO serializeLogger: [writerThread]EndAt:1478633519430,Parent RDD ID:58,Name:MapPartitionedRDD,TaskAttempt ID:208,Partition Id:3,Stage Id:17
16/11/08 12:31:59 INFO serializeLogger: [CreationPYRE]StartAt:1478633519702,Parent RDD ID:62,Name:UnionRDD,TaskAttempt ID:212,Partition Id:3,Stage Id:24
16/11/08 12:31:59 INFO serializeLogger: [CreationPYRE]EndAt:1478633519703,Parent RDD ID:62,Name:UnionRDD,TaskAttempt ID:212,Partition Id:3,Stage Id:24
16/11/08 12:31:59 INFO serializeLogger: [RunnerCompute]StartAt:1478633519703,Parent RDD ID:62,Name:UnionRDD,TaskAttempt ID:212,Partition Id:3,Stage Id:24
16/11/08 12:31:59 INFO serializeLogger: [CreationPYRE]StartAt:1478633519703,Parent RDD ID:43,Name:MapPartitionedRDD,TaskAttempt ID:212,Partition Id:3,Stage Id:24
16/11/08 12:31:59 INFO serializeLogger: [CreationPYRE]EndAt:1478633519703,Parent RDD ID:43,Name:MapPartitionedRDD,TaskAttempt ID:212,Partition Id:3,Stage Id:24
16/11/08 12:31:59 INFO serializeLogger: [RunnerCompute]StartAt:1478633519703,Parent RDD ID:43,Name:MapPartitionedRDD,TaskAttempt ID:212,Partition Id:3,Stage Id:24
16/11/08 12:31:59 INFO serializeLogger: [CreationPYRE]StartAt:1478633519706,Parent RDD ID:62,Name:UnionRDD,TaskAttempt ID:216,Partition Id:7,Stage Id:24
16/11/08 12:31:59 INFO serializeLogger: [CreationPYRE]EndAt:1478633519706,Parent RDD ID:62,Name:UnionRDD,TaskAttempt ID:216,Partition Id:7,Stage Id:24
16/11/08 12:31:59 INFO serializeLogger: [RunnerCompute]StartAt:1478633519706,Parent RDD ID:62,Name:UnionRDD,TaskAttempt ID:216,Partition Id:7,Stage Id:24
16/11/08 12:31:59 INFO serializeLogger: [CreationPYRE]StartAt:1478633519707,Parent RDD ID:43,Name:MapPartitionedRDD,TaskAttempt ID:216,Partition Id:7,Stage Id:24
16/11/08 12:31:59 INFO serializeLogger: [CreationPYRE]EndAt:1478633519707,Parent RDD ID:43,Name:MapPartitionedRDD,TaskAttempt ID:216,Partition Id:7,Stage Id:24
16/11/08 12:31:59 INFO serializeLogger: [RunnerCompute]StartAt:1478633519707,Parent RDD ID:43,Name:MapPartitionedRDD,TaskAttempt ID:216,Partition Id:7,Stage Id:24
16/11/08 12:31:59 INFO serializeLogger: [writerThread]StartAt:1478633519737,Parent RDD ID:43,Name:MapPartitionedRDD,TaskAttempt ID:212,Partition Id:3,Stage Id:24
16/11/08 12:31:59 INFO serializeLogger: [writerThread]StartAt:1478633519979,Parent RDD ID:43,Name:MapPartitionedRDD,TaskAttempt ID:216,Partition Id:7,Stage Id:24
16/11/08 12:32:32 INFO serializeLogger: [RunnerCompute]EndAt:1478633552791,Parent RDD ID:43,Name:MapPartitionedRDD,TaskAttempt ID:216,Partition Id:7,Stage Id:24
16/11/08 12:32:32 INFO serializeLogger: [writerThread]StartAt:1478633552809,Parent RDD ID:62,Name:UnionRDD,TaskAttempt ID:216,Partition Id:7,Stage Id:24
16/11/08 12:32:32 INFO serializeLogger: [RunnerCompute]EndAt:1478633552860,Parent RDD ID:62,Name:UnionRDD,TaskAttempt ID:216,Partition Id:7,Stage Id:24
16/11/08 12:32:32 INFO serializeLogger: [writerThread]EndAt:1478633552912,Parent RDD ID:62,Name:UnionRDD,TaskAttempt ID:216,Partition Id:7,Stage Id:24
16/11/08 12:32:32 INFO serializeLogger: [writerThread]EndAt:1478633552913,Parent RDD ID:43,Name:MapPartitionedRDD,TaskAttempt ID:216,Partition Id:7,Stage Id:24
16/11/08 12:32:39 INFO serializeLogger: [RunnerCompute]EndAt:1478633559167,Parent RDD ID:43,Name:MapPartitionedRDD,TaskAttempt ID:212,Partition Id:3,Stage Id:24
16/11/08 12:32:39 INFO serializeLogger: [writerThread]StartAt:1478633559169,Parent RDD ID:62,Name:UnionRDD,TaskAttempt ID:212,Partition Id:3,Stage Id:24
16/11/08 12:33:16 INFO serializeLogger: [RunnerCompute]EndAt:1478633596553,Parent RDD ID:62,Name:UnionRDD,TaskAttempt ID:212,Partition Id:3,Stage Id:24
16/11/08 12:33:19 INFO serializeLogger: [writerThread]EndAt:1478633599000,Parent RDD ID:62,Name:UnionRDD,TaskAttempt ID:212,Partition Id:3,Stage Id:24
16/11/08 12:33:19 INFO serializeLogger: [writerThread]EndAt:1478633599001,Parent RDD ID:43,Name:MapPartitionedRDD,TaskAttempt ID:212,Partition Id:3,Stage Id:24
16/11/08 12:35:30 INFO serializeLogger: [CreationPYRE]StartAt:1478633730095,Parent RDD ID:66,Name:MapPartitionedRDD,TaskAttempt ID:222,Partition Id:3,Stage Id:25
16/11/08 12:35:30 INFO serializeLogger: [CreationPYRE]EndAt:1478633730095,Parent RDD ID:66,Name:MapPartitionedRDD,TaskAttempt ID:222,Partition Id:3,Stage Id:25
16/11/08 12:35:30 INFO serializeLogger: [RunnerCompute]StartAt:1478633730095,Parent RDD ID:66,Name:MapPartitionedRDD,TaskAttempt ID:222,Partition Id:3,Stage Id:25
16/11/08 12:35:30 INFO serializeLogger: [writerThread]StartAt:1478633730134,Parent RDD ID:66,Name:MapPartitionedRDD,TaskAttempt ID:222,Partition Id:3,Stage Id:25
16/11/08 12:35:57 INFO serializeLogger: [RunnerCompute]EndAt:1478633757476,Parent RDD ID:66,Name:MapPartitionedRDD,TaskAttempt ID:222,Partition Id:3,Stage Id:25
16/11/08 12:35:57 INFO serializeLogger: [writerThread]EndAt:1478633757478,Parent RDD ID:66,Name:MapPartitionedRDD,TaskAttempt ID:222,Partition Id:3,Stage Id:25
16/11/08 12:36:18 INFO serializeLogger: [CreationPYRE]StartAt:1478633778815,Parent RDD ID:70,Name:UnionRDD,TaskAttempt ID:224,Partition Id:3,Stage Id:32
16/11/08 12:36:18 INFO serializeLogger: [CreationPYRE]EndAt:1478633778816,Parent RDD ID:70,Name:UnionRDD,TaskAttempt ID:224,Partition Id:3,Stage Id:32
16/11/08 12:36:18 INFO serializeLogger: [RunnerCompute]StartAt:1478633778816,Parent RDD ID:70,Name:UnionRDD,TaskAttempt ID:224,Partition Id:3,Stage Id:32
16/11/08 12:36:18 INFO serializeLogger: [CreationPYRE]StartAt:1478633778816,Parent RDD ID:70,Name:UnionRDD,TaskAttempt ID:228,Partition Id:7,Stage Id:32
16/11/08 12:36:18 INFO serializeLogger: [CreationPYRE]StartAt:1478633778816,Parent RDD ID:43,Name:MapPartitionedRDD,TaskAttempt ID:224,Partition Id:3,Stage Id:32
16/11/08 12:36:18 INFO serializeLogger: [CreationPYRE]EndAt:1478633778816,Parent RDD ID:70,Name:UnionRDD,TaskAttempt ID:228,Partition Id:7,Stage Id:32
16/11/08 12:36:18 INFO serializeLogger: [CreationPYRE]EndAt:1478633778817,Parent RDD ID:43,Name:MapPartitionedRDD,TaskAttempt ID:224,Partition Id:3,Stage Id:32
16/11/08 12:36:18 INFO serializeLogger: [RunnerCompute]StartAt:1478633778817,Parent RDD ID:70,Name:UnionRDD,TaskAttempt ID:228,Partition Id:7,Stage Id:32
16/11/08 12:36:18 INFO serializeLogger: [RunnerCompute]StartAt:1478633778817,Parent RDD ID:43,Name:MapPartitionedRDD,TaskAttempt ID:224,Partition Id:3,Stage Id:32
16/11/08 12:36:18 INFO serializeLogger: [CreationPYRE]StartAt:1478633778817,Parent RDD ID:43,Name:MapPartitionedRDD,TaskAttempt ID:228,Partition Id:7,Stage Id:32
16/11/08 12:36:18 INFO serializeLogger: [CreationPYRE]EndAt:1478633778817,Parent RDD ID:43,Name:MapPartitionedRDD,TaskAttempt ID:228,Partition Id:7,Stage Id:32
16/11/08 12:36:18 INFO serializeLogger: [RunnerCompute]StartAt:1478633778818,Parent RDD ID:43,Name:MapPartitionedRDD,TaskAttempt ID:228,Partition Id:7,Stage Id:32
16/11/08 12:36:18 INFO serializeLogger: [writerThread]StartAt:1478633778845,Parent RDD ID:43,Name:MapPartitionedRDD,TaskAttempt ID:228,Partition Id:7,Stage Id:32
16/11/08 12:36:18 INFO serializeLogger: [writerThread]StartAt:1478633778994,Parent RDD ID:43,Name:MapPartitionedRDD,TaskAttempt ID:224,Partition Id:3,Stage Id:32
16/11/08 12:36:48 INFO serializeLogger: [RunnerCompute]EndAt:1478633808772,Parent RDD ID:43,Name:MapPartitionedRDD,TaskAttempt ID:228,Partition Id:7,Stage Id:32
16/11/08 12:36:48 INFO serializeLogger: [writerThread]StartAt:1478633808789,Parent RDD ID:70,Name:UnionRDD,TaskAttempt ID:228,Partition Id:7,Stage Id:32
16/11/08 12:36:48 INFO serializeLogger: [RunnerCompute]EndAt:1478633808842,Parent RDD ID:70,Name:UnionRDD,TaskAttempt ID:228,Partition Id:7,Stage Id:32
16/11/08 12:36:48 INFO serializeLogger: [writerThread]EndAt:1478633808895,Parent RDD ID:70,Name:UnionRDD,TaskAttempt ID:228,Partition Id:7,Stage Id:32
16/11/08 12:36:48 INFO serializeLogger: [writerThread]EndAt:1478633808895,Parent RDD ID:43,Name:MapPartitionedRDD,TaskAttempt ID:228,Partition Id:7,Stage Id:32
16/11/08 12:37:01 INFO serializeLogger: [RunnerCompute]EndAt:1478633821276,Parent RDD ID:43,Name:MapPartitionedRDD,TaskAttempt ID:224,Partition Id:3,Stage Id:32
16/11/08 12:37:01 INFO serializeLogger: [writerThread]StartAt:1478633821278,Parent RDD ID:70,Name:UnionRDD,TaskAttempt ID:224,Partition Id:3,Stage Id:32
16/11/08 12:37:38 INFO serializeLogger: [RunnerCompute]EndAt:1478633858366,Parent RDD ID:70,Name:UnionRDD,TaskAttempt ID:224,Partition Id:3,Stage Id:32
16/11/08 12:37:40 INFO serializeLogger: [writerThread]EndAt:1478633860732,Parent RDD ID:70,Name:UnionRDD,TaskAttempt ID:224,Partition Id:3,Stage Id:32
16/11/08 12:37:40 INFO serializeLogger: [writerThread]EndAt:1478633860732,Parent RDD ID:43,Name:MapPartitionedRDD,TaskAttempt ID:224,Partition Id:3,Stage Id:32
16/11/08 12:39:52 INFO serializeLogger: [CreationPYRE]StartAt:1478633992016,Parent RDD ID:74,Name:MapPartitionedRDD,TaskAttempt ID:234,Partition Id:3,Stage Id:33
16/11/08 12:39:52 INFO serializeLogger: [CreationPYRE]EndAt:1478633992016,Parent RDD ID:74,Name:MapPartitionedRDD,TaskAttempt ID:234,Partition Id:3,Stage Id:33
16/11/08 12:39:52 INFO serializeLogger: [RunnerCompute]StartAt:1478633992016,Parent RDD ID:74,Name:MapPartitionedRDD,TaskAttempt ID:234,Partition Id:3,Stage Id:33
16/11/08 12:39:52 INFO serializeLogger: [writerThread]StartAt:1478633992057,Parent RDD ID:74,Name:MapPartitionedRDD,TaskAttempt ID:234,Partition Id:3,Stage Id:33
16/11/08 12:40:19 INFO serializeLogger: [RunnerCompute]EndAt:1478634019686,Parent RDD ID:74,Name:MapPartitionedRDD,TaskAttempt ID:234,Partition Id:3,Stage Id:33
16/11/08 12:40:19 INFO serializeLogger: [writerThread]EndAt:1478634019688,Parent RDD ID:74,Name:MapPartitionedRDD,TaskAttempt ID:234,Partition Id:3,Stage Id:33
