16/11/08 12:08:27 INFO myLogger: [MapPartitionsRDD]StartAt:12089386227531,TaskAttempt ID:11,Partition Id:2,Stage Id:1
16/11/08 12:08:27 INFO myLogger: [MapPartitionsRDD]StartAt:12089386451762,TaskAttempt ID:15,Partition Id:6,Stage Id:1
16/11/08 12:08:28 INFO myLogger: [MapPartitionsRDD]EndAt:12089920773781,TaskAttempt ID:11,Partition Id:2,Stage Id:1
16/11/08 12:08:28 INFO myLogger: [MapPartitionsRDD]EndAt:12089921032669,TaskAttempt ID:15,Partition Id:6,Stage Id:1
16/11/08 12:08:54 INFO myLogger: [MapPartitionsRDD]StartAt:12115691650759,TaskAttempt ID:21,Partition Id:3,Stage Id:2
16/11/08 12:08:54 INFO myLogger: [MapPartitionsRDD]StartAt:12115691739597,TaskAttempt ID:25,Partition Id:7,Stage Id:2
16/11/08 12:08:54 INFO myLogger: [MapPartitionsRDD]EndAt:12115700620693,TaskAttempt ID:21,Partition Id:3,Stage Id:2
16/11/08 12:08:54 INFO myLogger: [MapPartitionsRDD]EndAt:12115702254539,TaskAttempt ID:25,Partition Id:7,Stage Id:2
16/11/08 12:09:31 INFO myLogger: [UnionRDD]StartAt:12153302412588,TaskAttempt ID:54,Partition Id:27,Stage Id:3
16/11/08 12:09:31 INFO myLogger: [UnionRDD]StartAt:12153302920763,TaskAttempt ID:34,Partition Id:7,Stage Id:3
16/11/08 12:09:31 INFO myLogger: [UnionRDD]StartAt:12153303787208,TaskAttempt ID:46,Partition Id:19,Stage Id:3
16/11/08 12:09:31 INFO myLogger: [UnionRDD]StartAt:12153305057996,TaskAttempt ID:58,Partition Id:31,Stage Id:3
16/11/08 12:09:31 INFO myLogger: [UnionRDD]StartAt:12153306214328,TaskAttempt ID:74,Partition Id:47,Stage Id:3
16/11/08 12:09:31 INFO myLogger: [UnionRDD]StartAt:12153306744710,TaskAttempt ID:50,Partition Id:23,Stage Id:3
16/11/08 12:09:31 INFO myLogger: [UnionRDD]StartAt:12153308433293,TaskAttempt ID:66,Partition Id:39,Stage Id:3
16/11/08 12:09:31 INFO myLogger: [UnionRDD]StartAt:12153309329487,TaskAttempt ID:70,Partition Id:43,Stage Id:3
16/11/08 12:09:31 INFO myLogger: [UnionRDD]StartAt:12153310216049,TaskAttempt ID:86,Partition Id:59,Stage Id:3
16/11/08 12:09:31 INFO myLogger: [UnionRDD]StartAt:12153311396671,TaskAttempt ID:78,Partition Id:51,Stage Id:3
16/11/08 12:09:31 INFO myLogger: [UnionRDD]StartAt:12153312810220,TaskAttempt ID:90,Partition Id:63,Stage Id:3
16/11/08 12:09:31 INFO myLogger: [UnionRDD]StartAt:12153314112632,TaskAttempt ID:30,Partition Id:3,Stage Id:3
16/11/08 12:09:31 INFO myLogger: [UnionRDD]StartAt:12153314622413,TaskAttempt ID:62,Partition Id:35,Stage Id:3
16/11/08 12:09:31 INFO myLogger: [UnionRDD]StartAt:12153315584032,TaskAttempt ID:42,Partition Id:15,Stage Id:3
16/11/08 12:09:31 INFO myLogger: [UnionRDD]StartAt:12153316844597,TaskAttempt ID:38,Partition Id:11,Stage Id:3
16/11/08 12:09:31 INFO myLogger: [UnionRDD]StartAt:12153319277854,TaskAttempt ID:82,Partition Id:55,Stage Id:3
16/11/08 12:09:31 INFO myLogger: [ParallelCollectionRDD]StartAt:12153331511519,TaskAttempt ID:54,Partition Id:27,Stage Id:3
16/11/08 12:09:31 INFO myLogger: [ParallelCollectionRDD]StartAt:12153334069222,TaskAttempt ID:34,Partition Id:7,Stage Id:3
16/11/08 12:09:31 INFO myLogger: [ParallelCollectionRDD]EndAt:12153335335444,TaskAttempt ID:54,Partition Id:27,Stage Id:3
16/11/08 12:09:31 INFO myLogger: [MapPartitionsRDD]StartAt:12153335443452,TaskAttempt ID:30,Partition Id:3,Stage Id:3
16/11/08 12:09:31 INFO myLogger: [ParallelCollectionRDD]StartAt:12153335758119,TaskAttempt ID:58,Partition Id:31,Stage Id:3
16/11/08 12:09:31 INFO myLogger: [ParallelCollectionRDD]EndAt:12153336610488,TaskAttempt ID:34,Partition Id:7,Stage Id:3
16/11/08 12:09:31 INFO myLogger: [ParallelCollectionRDD]EndAt:12153337309672,TaskAttempt ID:58,Partition Id:31,Stage Id:3
16/11/08 12:09:31 INFO myLogger: [ShuffledRDD]StartAt:12153338950424,TaskAttempt ID:30,Partition Id:3,Stage Id:3
16/11/08 12:09:31 INFO myLogger: [ParallelCollectionRDD]StartAt:12153340842178,TaskAttempt ID:70,Partition Id:43,Stage Id:3
16/11/08 12:09:31 INFO myLogger: [ParallelCollectionRDD]EndAt:12153341163073,TaskAttempt ID:70,Partition Id:43,Stage Id:3
16/11/08 12:09:31 INFO myLogger: [ParallelCollectionRDD]StartAt:12153348229570,TaskAttempt ID:46,Partition Id:19,Stage Id:3
16/11/08 12:09:31 INFO myLogger: [ParallelCollectionRDD]EndAt:12153348564604,TaskAttempt ID:46,Partition Id:19,Stage Id:3
16/11/08 12:09:31 INFO myLogger: [ParallelCollectionRDD]StartAt:12153349128454,TaskAttempt ID:50,Partition Id:23,Stage Id:3
16/11/08 12:09:31 INFO myLogger: [ParallelCollectionRDD]EndAt:12153349312005,TaskAttempt ID:50,Partition Id:23,Stage Id:3
16/11/08 12:09:31 INFO myLogger: [ParallelCollectionRDD]StartAt:12153350339275,TaskAttempt ID:86,Partition Id:59,Stage Id:3
16/11/08 12:09:31 INFO myLogger: [ParallelCollectionRDD]EndAt:12153350670628,TaskAttempt ID:86,Partition Id:59,Stage Id:3
16/11/08 12:09:31 INFO myLogger: [ParallelCollectionRDD]StartAt:12153352084692,TaskAttempt ID:66,Partition Id:39,Stage Id:3
16/11/08 12:09:31 INFO myLogger: [ParallelCollectionRDD]EndAt:12153352490959,TaskAttempt ID:66,Partition Id:39,Stage Id:3
16/11/08 12:09:31 INFO myLogger: [ParallelCollectionRDD]StartAt:12153353424699,TaskAttempt ID:90,Partition Id:63,Stage Id:3
16/11/08 12:09:31 INFO myLogger: [ParallelCollectionRDD]EndAt:12153353771436,TaskAttempt ID:90,Partition Id:63,Stage Id:3
16/11/08 12:09:31 INFO myLogger: [ParallelCollectionRDD]StartAt:12153354219134,TaskAttempt ID:74,Partition Id:47,Stage Id:3
16/11/08 12:09:31 INFO myLogger: [ParallelCollectionRDD]EndAt:12153354564320,TaskAttempt ID:74,Partition Id:47,Stage Id:3
16/11/08 12:09:31 INFO myLogger: [ParallelCollectionRDD]StartAt:12153355248010,TaskAttempt ID:42,Partition Id:15,Stage Id:3
16/11/08 12:09:31 INFO myLogger: [ParallelCollectionRDD]EndAt:12153355600787,TaskAttempt ID:42,Partition Id:15,Stage Id:3
16/11/08 12:09:31 INFO myLogger: [ParallelCollectionRDD]StartAt:12153356195503,TaskAttempt ID:62,Partition Id:35,Stage Id:3
16/11/08 12:09:31 INFO myLogger: [ParallelCollectionRDD]EndAt:12153356489458,TaskAttempt ID:62,Partition Id:35,Stage Id:3
16/11/08 12:09:31 INFO myLogger: [ParallelCollectionRDD]StartAt:12153371179781,TaskAttempt ID:78,Partition Id:51,Stage Id:3
16/11/08 12:09:31 INFO myLogger: [ParallelCollectionRDD]EndAt:12153371592367,TaskAttempt ID:78,Partition Id:51,Stage Id:3
16/11/08 12:09:31 INFO myLogger: [ParallelCollectionRDD]StartAt:12153374155914,TaskAttempt ID:82,Partition Id:55,Stage Id:3
16/11/08 12:09:31 INFO myLogger: [ParallelCollectionRDD]EndAt:12153374426381,TaskAttempt ID:82,Partition Id:55,Stage Id:3
16/11/08 12:09:31 INFO myLogger: [ParallelCollectionRDD]StartAt:12153384880854,TaskAttempt ID:38,Partition Id:11,Stage Id:3
16/11/08 12:09:31 INFO myLogger: [ParallelCollectionRDD]EndAt:12153385172849,TaskAttempt ID:38,Partition Id:11,Stage Id:3
16/11/08 12:09:31 INFO myLogger: [UnionRDD]EndAt:12153450382645,TaskAttempt ID:54,Partition Id:27,Stage Id:3
16/11/08 12:09:31 INFO myLogger: [UnionRDD]EndAt:12153450484365,TaskAttempt ID:58,Partition Id:31,Stage Id:3
16/11/08 12:09:31 INFO myLogger: [UnionRDD]EndAt:12153452304459,TaskAttempt ID:34,Partition Id:7,Stage Id:3
16/11/08 12:09:31 INFO myLogger: [UnionRDD]EndAt:12153516515055,TaskAttempt ID:46,Partition Id:19,Stage Id:3
16/11/08 12:09:31 INFO myLogger: [UnionRDD]EndAt:12153518988316,TaskAttempt ID:62,Partition Id:35,Stage Id:3
16/11/08 12:09:31 INFO myLogger: [ShuffledRDD]EndAt:12153546005985,TaskAttempt ID:30,Partition Id:3,Stage Id:3
16/11/08 12:09:32 INFO myLogger: [MapPartitionsRDD]EndAt:12153559009120,TaskAttempt ID:30,Partition Id:3,Stage Id:3
16/11/08 12:09:32 INFO myLogger: [UnionRDD]EndAt:12153568233018,TaskAttempt ID:78,Partition Id:51,Stage Id:3
16/11/08 12:09:32 INFO myLogger: [UnionRDD]EndAt:12153624868143,TaskAttempt ID:66,Partition Id:39,Stage Id:3
16/11/08 12:09:32 INFO myLogger: [UnionRDD]EndAt:12153626379908,TaskAttempt ID:70,Partition Id:43,Stage Id:3
16/11/08 12:09:32 INFO myLogger: [UnionRDD]EndAt:12153627540264,TaskAttempt ID:74,Partition Id:47,Stage Id:3
16/11/08 12:09:32 INFO myLogger: [UnionRDD]EndAt:12153628853680,TaskAttempt ID:90,Partition Id:63,Stage Id:3
16/11/08 12:09:32 INFO myLogger: [UnionRDD]EndAt:12153629988192,TaskAttempt ID:42,Partition Id:15,Stage Id:3
16/11/08 12:09:32 INFO myLogger: [UnionRDD]EndAt:12153630422876,TaskAttempt ID:86,Partition Id:59,Stage Id:3
16/11/08 12:09:32 INFO myLogger: [UnionRDD]EndAt:12153665241216,TaskAttempt ID:82,Partition Id:55,Stage Id:3
16/11/08 12:09:32 INFO myLogger: [UnionRDD]EndAt:12153699984580,TaskAttempt ID:50,Partition Id:23,Stage Id:3
16/11/08 12:09:32 INFO myLogger: [UnionRDD]EndAt:12153711070297,TaskAttempt ID:38,Partition Id:11,Stage Id:3
16/11/08 12:10:15 INFO myLogger: [UnionRDD]EndAt:12197043480614,TaskAttempt ID:30,Partition Id:3,Stage Id:3
16/11/08 12:11:01 INFO myLogger: [UnionRDD]StartAt:12243289423575,TaskAttempt ID:106,Partition Id:15,Stage Id:4
16/11/08 12:11:01 INFO myLogger: [UnionRDD]StartAt:12243294140839,TaskAttempt ID:150,Partition Id:59,Stage Id:4
16/11/08 12:11:01 INFO myLogger: [UnionRDD]StartAt:12243297587235,TaskAttempt ID:142,Partition Id:51,Stage Id:4
16/11/08 12:11:01 INFO myLogger: [UnionRDD]StartAt:12243298005802,TaskAttempt ID:138,Partition Id:47,Stage Id:4
16/11/08 12:11:01 INFO myLogger: [UnionRDD]StartAt:12243298842844,TaskAttempt ID:154,Partition Id:63,Stage Id:4
16/11/08 12:11:01 INFO myLogger: [UnionRDD]StartAt:12243300504748,TaskAttempt ID:134,Partition Id:43,Stage Id:4
16/11/08 12:11:01 INFO myLogger: [UnionRDD]StartAt:12243306174021,TaskAttempt ID:114,Partition Id:23,Stage Id:4
16/11/08 12:11:01 INFO myLogger: [UnionRDD]StartAt:12243309314688,TaskAttempt ID:146,Partition Id:55,Stage Id:4
16/11/08 12:11:01 INFO myLogger: [UnionRDD]StartAt:12243310844637,TaskAttempt ID:118,Partition Id:27,Stage Id:4
16/11/08 12:11:01 INFO myLogger: [UnionRDD]StartAt:12243316761643,TaskAttempt ID:130,Partition Id:39,Stage Id:4
16/11/08 12:11:01 INFO myLogger: [UnionRDD]StartAt:12243318529861,TaskAttempt ID:98,Partition Id:7,Stage Id:4
16/11/08 12:11:01 INFO myLogger: [UnionRDD]StartAt:12243319754768,TaskAttempt ID:110,Partition Id:19,Stage Id:4
16/11/08 12:11:01 INFO myLogger: [UnionRDD]StartAt:12243321293820,TaskAttempt ID:126,Partition Id:35,Stage Id:4
16/11/08 12:11:01 INFO myLogger: [UnionRDD]StartAt:12243325707727,TaskAttempt ID:102,Partition Id:11,Stage Id:4
16/11/08 12:11:01 INFO myLogger: [UnionRDD]StartAt:12243326178445,TaskAttempt ID:122,Partition Id:31,Stage Id:4
16/11/08 12:11:01 INFO myLogger: [UnionRDD]EndAt:12243330211769,TaskAttempt ID:134,Partition Id:43,Stage Id:4
16/11/08 12:11:01 INFO myLogger: [UnionRDD]EndAt:12243349780697,TaskAttempt ID:106,Partition Id:15,Stage Id:4
16/11/08 12:11:01 INFO myLogger: [UnionRDD]EndAt:12243364097011,TaskAttempt ID:146,Partition Id:55,Stage Id:4
16/11/08 12:11:01 INFO myLogger: [UnionRDD]EndAt:12243369861825,TaskAttempt ID:114,Partition Id:23,Stage Id:4
16/11/08 12:11:01 INFO myLogger: [UnionRDD]EndAt:12243370790138,TaskAttempt ID:98,Partition Id:7,Stage Id:4
16/11/08 12:11:01 INFO myLogger: [UnionRDD]EndAt:12243382764913,TaskAttempt ID:138,Partition Id:47,Stage Id:4
16/11/08 12:11:01 INFO myLogger: [UnionRDD]EndAt:12243396176044,TaskAttempt ID:118,Partition Id:27,Stage Id:4
16/11/08 12:11:01 INFO myLogger: [UnionRDD]EndAt:12243398691154,TaskAttempt ID:150,Partition Id:59,Stage Id:4
16/11/08 12:11:01 INFO myLogger: [UnionRDD]EndAt:12243399405335,TaskAttempt ID:142,Partition Id:51,Stage Id:4
16/11/08 12:11:01 INFO myLogger: [UnionRDD]EndAt:12243404954904,TaskAttempt ID:154,Partition Id:63,Stage Id:4
16/11/08 12:11:01 INFO myLogger: [UnionRDD]EndAt:12243429222644,TaskAttempt ID:110,Partition Id:19,Stage Id:4
16/11/08 12:11:01 INFO myLogger: [UnionRDD]EndAt:12243433408793,TaskAttempt ID:130,Partition Id:39,Stage Id:4
16/11/08 12:11:01 INFO myLogger: [UnionRDD]EndAt:12243443998633,TaskAttempt ID:126,Partition Id:35,Stage Id:4
16/11/08 12:11:01 INFO myLogger: [UnionRDD]StartAt:12243467630623,TaskAttempt ID:162,Partition Id:3,Stage Id:4
16/11/08 12:11:01 INFO myLogger: [MapPartitionsRDD]StartAt:12243468926847,TaskAttempt ID:162,Partition Id:3,Stage Id:4
16/11/08 12:11:01 INFO myLogger: [ShuffledRDD]StartAt:12243469276163,TaskAttempt ID:162,Partition Id:3,Stage Id:4
16/11/08 12:11:01 INFO myLogger: [UnionRDD]EndAt:12243513174242,TaskAttempt ID:122,Partition Id:31,Stage Id:4
16/11/08 12:11:01 INFO myLogger: [ShuffledRDD]EndAt:12243537347929,TaskAttempt ID:162,Partition Id:3,Stage Id:4
16/11/08 12:11:01 INFO myLogger: [UnionRDD]EndAt:12243538207389,TaskAttempt ID:102,Partition Id:11,Stage Id:4
16/11/08 12:11:01 INFO myLogger: [MapPartitionsRDD]EndAt:12243540837341,TaskAttempt ID:162,Partition Id:3,Stage Id:4
16/11/08 12:11:39 INFO myLogger: [UnionRDD]EndAt:12280812652311,TaskAttempt ID:162,Partition Id:3,Stage Id:4
16/11/08 12:12:25 INFO myLogger: [UnionRDD]StartAt:12327117594521,TaskAttempt ID:163,Partition Id:3,Stage Id:5
16/11/08 12:12:25 INFO myLogger: [UnionRDD]StartAt:12327117660090,TaskAttempt ID:167,Partition Id:7,Stage Id:5
16/11/08 12:12:25 INFO myLogger: [MapPartitionsRDD]StartAt:12327118640665,TaskAttempt ID:163,Partition Id:3,Stage Id:5
16/11/08 12:12:25 INFO myLogger: [MapPartitionsRDD]StartAt:12327118773280,TaskAttempt ID:167,Partition Id:7,Stage Id:5
16/11/08 12:12:25 INFO myLogger: [ShuffledRDD]StartAt:12327118998394,TaskAttempt ID:163,Partition Id:3,Stage Id:5
16/11/08 12:12:25 INFO myLogger: [ShuffledRDD]StartAt:12327119074779,TaskAttempt ID:167,Partition Id:7,Stage Id:5
16/11/08 12:12:25 INFO myLogger: [ShuffledRDD]EndAt:12327155633623,TaskAttempt ID:167,Partition Id:7,Stage Id:5
16/11/08 12:12:25 INFO myLogger: [MapPartitionsRDD]EndAt:12327156295541,TaskAttempt ID:167,Partition Id:7,Stage Id:5
16/11/08 12:12:25 INFO myLogger: [ShuffledRDD]EndAt:12327156457729,TaskAttempt ID:163,Partition Id:3,Stage Id:5
16/11/08 12:12:25 INFO myLogger: [MapPartitionsRDD]EndAt:12327156912686,TaskAttempt ID:163,Partition Id:3,Stage Id:5
16/11/08 12:12:52 INFO myLogger: [UnionRDD]EndAt:12354441157127,TaskAttempt ID:167,Partition Id:7,Stage Id:5
16/11/08 12:13:07 INFO myLogger: [UnionRDD]EndAt:12368973080583,TaskAttempt ID:163,Partition Id:3,Stage Id:5
16/11/08 12:16:12 INFO myLogger: [UnionRDD]StartAt:12554181118674,TaskAttempt ID:174,Partition Id:3,Stage Id:6
16/11/08 12:16:12 INFO myLogger: [MapPartitionsRDD]StartAt:12554181686962,TaskAttempt ID:174,Partition Id:3,Stage Id:6
16/11/08 12:16:12 INFO myLogger: [ShuffledRDD]StartAt:12554181886349,TaskAttempt ID:174,Partition Id:3,Stage Id:6
16/11/08 12:16:12 INFO myLogger: [UnionRDD]StartAt:12554186342150,TaskAttempt ID:178,Partition Id:7,Stage Id:6
16/11/08 12:16:12 INFO myLogger: [MapPartitionsRDD]StartAt:12554187458348,TaskAttempt ID:178,Partition Id:7,Stage Id:6
16/11/08 12:16:12 INFO myLogger: [ShuffledRDD]StartAt:12554187879889,TaskAttempt ID:178,Partition Id:7,Stage Id:6
16/11/08 12:16:12 INFO myLogger: [ShuffledRDD]EndAt:12554201854654,TaskAttempt ID:178,Partition Id:7,Stage Id:6
16/11/08 12:16:12 INFO myLogger: [MapPartitionsRDD]EndAt:12554202327014,TaskAttempt ID:178,Partition Id:7,Stage Id:6
16/11/08 12:16:12 INFO myLogger: [ShuffledRDD]EndAt:12554203489099,TaskAttempt ID:174,Partition Id:3,Stage Id:6
16/11/08 12:16:12 INFO myLogger: [MapPartitionsRDD]EndAt:12554208460522,TaskAttempt ID:174,Partition Id:3,Stage Id:6
16/11/08 12:18:55 INFO myLogger: [UnionRDD]EndAt:12716789309085,TaskAttempt ID:178,Partition Id:7,Stage Id:6
16/11/08 12:19:05 INFO myLogger: [UnionRDD]EndAt:12727046072389,TaskAttempt ID:174,Partition Id:3,Stage Id:6
16/11/08 12:19:43 INFO myLogger: [UnionRDD]StartAt:12765335452763,TaskAttempt ID:185,Partition Id:7,Stage Id:7
16/11/08 12:19:43 INFO myLogger: [UnionRDD]StartAt:12765336207061,TaskAttempt ID:181,Partition Id:3,Stage Id:7
16/11/08 12:19:43 INFO myLogger: [MapPartitionsRDD]StartAt:12765336517689,TaskAttempt ID:185,Partition Id:7,Stage Id:7
16/11/08 12:19:43 INFO myLogger: [ShuffledRDD]StartAt:12765336845573,TaskAttempt ID:185,Partition Id:7,Stage Id:7
16/11/08 12:19:43 INFO myLogger: [MapPartitionsRDD]StartAt:12765337214129,TaskAttempt ID:181,Partition Id:3,Stage Id:7
16/11/08 12:19:43 INFO myLogger: [ShuffledRDD]StartAt:12765337480649,TaskAttempt ID:181,Partition Id:3,Stage Id:7
16/11/08 12:19:43 INFO myLogger: [ShuffledRDD]EndAt:12765373675413,TaskAttempt ID:185,Partition Id:7,Stage Id:7
16/11/08 12:19:43 INFO myLogger: [MapPartitionsRDD]EndAt:12765374275577,TaskAttempt ID:185,Partition Id:7,Stage Id:7
16/11/08 12:19:43 INFO myLogger: [ShuffledRDD]EndAt:12765374996617,TaskAttempt ID:181,Partition Id:3,Stage Id:7
16/11/08 12:19:43 INFO myLogger: [MapPartitionsRDD]EndAt:12765375598103,TaskAttempt ID:181,Partition Id:3,Stage Id:7
16/11/08 12:20:21 INFO myLogger: [UnionRDD]EndAt:12803062503704,TaskAttempt ID:185,Partition Id:7,Stage Id:7
16/11/08 12:20:33 INFO myLogger: [UnionRDD]EndAt:12815425201169,TaskAttempt ID:181,Partition Id:3,Stage Id:7
16/11/08 12:23:21 INFO myLogger: [UnionRDD]StartAt:12982619365669,TaskAttempt ID:190,Partition Id:3,Stage Id:8
16/11/08 12:23:21 INFO myLogger: [MapPartitionsRDD]StartAt:12982619944882,TaskAttempt ID:190,Partition Id:3,Stage Id:8
16/11/08 12:23:21 INFO myLogger: [ShuffledRDD]StartAt:12982620166810,TaskAttempt ID:190,Partition Id:3,Stage Id:8
16/11/08 12:23:21 INFO myLogger: [UnionRDD]StartAt:12982623219875,TaskAttempt ID:194,Partition Id:7,Stage Id:8
16/11/08 12:23:21 INFO myLogger: [MapPartitionsRDD]StartAt:12982624271482,TaskAttempt ID:194,Partition Id:7,Stage Id:8
16/11/08 12:23:21 INFO myLogger: [ShuffledRDD]StartAt:12982624636764,TaskAttempt ID:194,Partition Id:7,Stage Id:8
16/11/08 12:23:21 INFO myLogger: [ShuffledRDD]EndAt:12982650213981,TaskAttempt ID:194,Partition Id:7,Stage Id:8
16/11/08 12:23:21 INFO myLogger: [MapPartitionsRDD]EndAt:12982650680419,TaskAttempt ID:194,Partition Id:7,Stage Id:8
16/11/08 12:23:21 INFO myLogger: [ShuffledRDD]EndAt:12982651799880,TaskAttempt ID:190,Partition Id:3,Stage Id:8
16/11/08 12:23:21 INFO myLogger: [MapPartitionsRDD]EndAt:12982652523186,TaskAttempt ID:190,Partition Id:3,Stage Id:8
16/11/08 12:23:51 INFO myLogger: [UnionRDD]EndAt:13013456774010,TaskAttempt ID:194,Partition Id:7,Stage Id:8
16/11/08 12:24:06 INFO myLogger: [UnionRDD]EndAt:13027625793732,TaskAttempt ID:190,Partition Id:3,Stage Id:8
16/11/08 12:26:48 INFO myLogger: [MapPartitionsRDD]StartAt:13189877476240,TaskAttempt ID:195,Partition Id:3,Stage Id:9
16/11/08 12:26:48 INFO myLogger: [ShuffledRDD]StartAt:13189877696079,TaskAttempt ID:195,Partition Id:3,Stage Id:9
16/11/08 12:26:48 INFO myLogger: [ShuffledRDD]EndAt:13189899581101,TaskAttempt ID:195,Partition Id:3,Stage Id:9
16/11/08 12:26:48 INFO myLogger: [MapPartitionsRDD]EndAt:13189900135825,TaskAttempt ID:195,Partition Id:3,Stage Id:9
16/11/08 12:27:45 INFO myLogger: [UnionRDD]StartAt:13246612654504,TaskAttempt ID:204,Partition Id:7,Stage Id:16
16/11/08 12:27:45 INFO myLogger: [UnionRDD]StartAt:13246613530303,TaskAttempt ID:200,Partition Id:3,Stage Id:16
16/11/08 12:27:45 INFO myLogger: [MapPartitionsRDD]StartAt:13246613838845,TaskAttempt ID:204,Partition Id:7,Stage Id:16
16/11/08 12:27:45 INFO myLogger: [ShuffledRDD]StartAt:13246614180392,TaskAttempt ID:204,Partition Id:7,Stage Id:16
16/11/08 12:27:45 INFO myLogger: [MapPartitionsRDD]StartAt:13246614550906,TaskAttempt ID:200,Partition Id:3,Stage Id:16
16/11/08 12:27:45 INFO myLogger: [ShuffledRDD]StartAt:13246614878378,TaskAttempt ID:200,Partition Id:3,Stage Id:16
16/11/08 12:27:45 INFO myLogger: [ShuffledRDD]EndAt:13246634040761,TaskAttempt ID:204,Partition Id:7,Stage Id:16
16/11/08 12:27:45 INFO myLogger: [MapPartitionsRDD]EndAt:13246634630810,TaskAttempt ID:204,Partition Id:7,Stage Id:16
16/11/08 12:27:45 INFO myLogger: [ShuffledRDD]EndAt:13246634947835,TaskAttempt ID:200,Partition Id:3,Stage Id:16
16/11/08 12:27:45 INFO myLogger: [MapPartitionsRDD]EndAt:13246635325714,TaskAttempt ID:200,Partition Id:3,Stage Id:16
16/11/08 12:28:13 INFO myLogger: [UnionRDD]EndAt:13275087370093,TaskAttempt ID:204,Partition Id:7,Stage Id:16
16/11/08 12:28:31 INFO myLogger: [UnionRDD]EndAt:13292570728622,TaskAttempt ID:200,Partition Id:3,Stage Id:16
16/11/08 12:31:11 INFO myLogger: [MapPartitionsRDD]StartAt:13453095733656,TaskAttempt ID:208,Partition Id:3,Stage Id:17
16/11/08 12:31:11 INFO myLogger: [ShuffledRDD]StartAt:13453095945363,TaskAttempt ID:208,Partition Id:3,Stage Id:17
16/11/08 12:31:11 INFO myLogger: [ShuffledRDD]EndAt:13453123974841,TaskAttempt ID:208,Partition Id:3,Stage Id:17
16/11/08 12:31:11 INFO myLogger: [MapPartitionsRDD]EndAt:13453124727687,TaskAttempt ID:208,Partition Id:3,Stage Id:17
16/11/08 12:31:59 INFO myLogger: [UnionRDD]StartAt:13501261922006,TaskAttempt ID:212,Partition Id:3,Stage Id:24
16/11/08 12:31:59 INFO myLogger: [MapPartitionsRDD]StartAt:13501262560655,TaskAttempt ID:212,Partition Id:3,Stage Id:24
16/11/08 12:31:59 INFO myLogger: [ShuffledRDD]StartAt:13501262863700,TaskAttempt ID:212,Partition Id:3,Stage Id:24
16/11/08 12:31:59 INFO myLogger: [UnionRDD]StartAt:13501265409874,TaskAttempt ID:216,Partition Id:7,Stage Id:24
16/11/08 12:31:59 INFO myLogger: [MapPartitionsRDD]StartAt:13501266458565,TaskAttempt ID:216,Partition Id:7,Stage Id:24
16/11/08 12:31:59 INFO myLogger: [ShuffledRDD]StartAt:13501266858305,TaskAttempt ID:216,Partition Id:7,Stage Id:24
16/11/08 12:31:59 INFO myLogger: [ShuffledRDD]EndAt:13501295081899,TaskAttempt ID:212,Partition Id:3,Stage Id:24
16/11/08 12:31:59 INFO myLogger: [MapPartitionsRDD]EndAt:13501295504534,TaskAttempt ID:212,Partition Id:3,Stage Id:24
16/11/08 12:31:59 INFO myLogger: [ShuffledRDD]EndAt:13501521960855,TaskAttempt ID:216,Partition Id:7,Stage Id:24
16/11/08 12:31:59 INFO myLogger: [MapPartitionsRDD]EndAt:13501522387898,TaskAttempt ID:216,Partition Id:7,Stage Id:24
16/11/08 12:32:32 INFO myLogger: [UnionRDD]EndAt:13534350573662,TaskAttempt ID:216,Partition Id:7,Stage Id:24
16/11/08 12:32:39 INFO myLogger: [UnionRDD]EndAt:13540727091475,TaskAttempt ID:212,Partition Id:3,Stage Id:24
16/11/08 12:35:30 INFO myLogger: [MapPartitionsRDD]StartAt:13711654165920,TaskAttempt ID:222,Partition Id:3,Stage Id:25
16/11/08 12:35:30 INFO myLogger: [ShuffledRDD]StartAt:13711654366851,TaskAttempt ID:222,Partition Id:3,Stage Id:25
16/11/08 12:35:30 INFO myLogger: [ShuffledRDD]EndAt:13711678235759,TaskAttempt ID:222,Partition Id:3,Stage Id:25
16/11/08 12:35:30 INFO myLogger: [MapPartitionsRDD]EndAt:13711678620513,TaskAttempt ID:222,Partition Id:3,Stage Id:25
16/11/08 12:36:18 INFO myLogger: [UnionRDD]StartAt:13760375129179,TaskAttempt ID:224,Partition Id:3,Stage Id:32
16/11/08 12:36:18 INFO myLogger: [UnionRDD]StartAt:13760376033609,TaskAttempt ID:228,Partition Id:7,Stage Id:32
16/11/08 12:36:18 INFO myLogger: [MapPartitionsRDD]StartAt:13760376082376,TaskAttempt ID:224,Partition Id:3,Stage Id:32
16/11/08 12:36:18 INFO myLogger: [ShuffledRDD]StartAt:13760376459493,TaskAttempt ID:224,Partition Id:3,Stage Id:32
16/11/08 12:36:18 INFO myLogger: [MapPartitionsRDD]StartAt:13760377017098,TaskAttempt ID:228,Partition Id:7,Stage Id:32
16/11/08 12:36:18 INFO myLogger: [ShuffledRDD]StartAt:13760377210430,TaskAttempt ID:228,Partition Id:7,Stage Id:32
16/11/08 12:36:18 INFO myLogger: [ShuffledRDD]EndAt:13760402116414,TaskAttempt ID:228,Partition Id:7,Stage Id:32
16/11/08 12:36:18 INFO myLogger: [MapPartitionsRDD]EndAt:13760402668436,TaskAttempt ID:228,Partition Id:7,Stage Id:32
16/11/08 12:36:18 INFO myLogger: [ShuffledRDD]EndAt:13760403684290,TaskAttempt ID:224,Partition Id:3,Stage Id:32
16/11/08 12:36:18 INFO myLogger: [MapPartitionsRDD]EndAt:13760404255542,TaskAttempt ID:224,Partition Id:3,Stage Id:32
16/11/08 12:36:48 INFO myLogger: [UnionRDD]EndAt:13790331775464,TaskAttempt ID:228,Partition Id:7,Stage Id:32
16/11/08 12:37:01 INFO myLogger: [UnionRDD]EndAt:13802835666760,TaskAttempt ID:224,Partition Id:3,Stage Id:32
16/11/08 12:39:52 INFO myLogger: [MapPartitionsRDD]StartAt:13973575511488,TaskAttempt ID:234,Partition Id:3,Stage Id:33
16/11/08 12:39:52 INFO myLogger: [ShuffledRDD]StartAt:13973575816403,TaskAttempt ID:234,Partition Id:3,Stage Id:33
16/11/08 12:39:52 INFO myLogger: [ShuffledRDD]EndAt:13973598616993,TaskAttempt ID:234,Partition Id:3,Stage Id:33
16/11/08 12:39:52 INFO myLogger: [MapPartitionsRDD]EndAt:13973599496010,TaskAttempt ID:234,Partition Id:3,Stage Id:33
