16/11/07 12:25:08 INFO myLogger: [MapPartitionsRDD]StartAt:6810361547134,TaskAttempt ID:16,Partition Id:7,Stage Id:1
16/11/07 12:25:08 INFO myLogger: [MapPartitionsRDD]StartAt:6810361694714,TaskAttempt ID:12,Partition Id:3,Stage Id:1
16/11/07 12:25:08 INFO myLogger: [MapPartitionsRDD]EndAt:6810941726077,TaskAttempt ID:16,Partition Id:7,Stage Id:1
16/11/07 12:25:08 INFO myLogger: [MapPartitionsRDD]EndAt:6810941950482,TaskAttempt ID:12,Partition Id:3,Stage Id:1
16/11/07 12:25:34 INFO myLogger: [MapPartitionsRDD]StartAt:6836204389052,TaskAttempt ID:26,Partition Id:8,Stage Id:2
16/11/07 12:25:34 INFO myLogger: [MapPartitionsRDD]StartAt:6836204489964,TaskAttempt ID:22,Partition Id:4,Stage Id:2
16/11/07 12:25:34 INFO myLogger: [MapPartitionsRDD]StartAt:6836205207427,TaskAttempt ID:18,Partition Id:0,Stage Id:2
16/11/07 12:25:34 INFO myLogger: [MapPartitionsRDD]EndAt:6836216674831,TaskAttempt ID:22,Partition Id:4,Stage Id:16/11/07 12:26:11 INFO myLogger: [UnionRDD]StartAt:6873704992653,TaskAttempt ID:71,Partition Id:44,Stage Id:3
16/11/07 12:26:11 INFO myLogger: [UnionRDD]StartAt:6873713568402,TaskAttempt ID:55,Partition Id:28,Stage Id:3
16/11/07 12:26:11 INFO myLogger: [UnionRDD]StartAt:6873713961241,TaskAttempt ID:51,Partition Id:24,Stage Id:3
16/11/07 12:26:11 INFO myLogger: [UnionRDD]StartAt:6873714300269,TaskAttempt ID:59,Partition Id:32,Stage Id:3
16/11/07 12:26:11 INFO myLogger: [UnionRDD]StartAt:6873716823197,TaskAttempt ID:43,Partition Id:16,Stage Id:3
16/11/07 12:26:11 INFO myLogger: [UnionRDD]StartAt:6873717663679,TaskAttempt ID:39,Partition Id:12,Stage Id:3
16/11/07 12:26:11 INFO myLogger: [UnionRDD]StartAt:6873720128106,TaskAttempt ID:47,Partition Id:20,Stage Id:3
16/11/07 12:26:11 INFO myLogger: [UnionRDD]StartAt:6873721830681,TaskAttempt ID:83,Partition Id:56,Stage Id:3
16/11/07 12:26:11 INFO myLogger: [UnionRDD]StartAt:6873722382123,TaskAttempt ID:87,Partition Id:60,Stage Id:3
16/11/07 12:26:11 INFO myLogger: [UnionRDD]StartAt:6873724760211,TaskAttempt ID:35,Partition Id:8,Stage Id:3
16/11/07 12:26:11 INFO myLogger: [UnionRDD]StartAt:6873725382535,TaskAttempt ID:75,Partition Id:48,Stage Id:3
16/11/07 12:26:11 INFO myLogger: [UnionRDD]StartAt:6873725501787,TaskAttempt ID:31,Partition Id:4,Stage Id:3
16/11/07 12:26:11 INFO myLogger: [UnionRDD]StartAt:6873725939524,TaskAttempt ID:63,Partition Id:36,Stage Id:3
16/11/07 12:26:11 INFO myLogger: [UnionRDD]StartAt:6873741630474,TaskAttempt ID:67,Partition Id:40,Stage Id:3
16/11/07 12:26:11 INFO myLogger: [ParallelCollectionRDD]StartAt:6873742862668,TaskAttempt ID:71,Partition Id:44,Stage Id:3
16/11/07 12:26:11 INFO myLogger: [ParallelCollectionRDD]EndAt:6873743240673,TaskAttempt ID:71,Partition Id:44,Stage Id:3
16/11/07 12:26:11 INFO myLogger: [ParallelCollectionRDD]StartAt:6873744387664,TaskAttempt ID:59,Partition Id:32,Stage Id:3
16/11/07 12:26:11 INFO myLogger: [UnionRDD]StartAt:6873747947799,TaskAttempt ID:27,Partition Id:0,Stage Id:3
16/11/07 12:26:11 INFO myLogger: [ParallelCollectionRDD]EndAt:6873750137676,TaskAttempt ID:59,Partition Id:32,Stage Id:3
16/11/07 12:26:11 INFO myLogger: [ParallelCollectionRDD]StartAt:6873751014369,TaskAttempt ID:55,Partition Id:28,Stage Id:3
16/11/07 12:26:11 INFO myLogger: [ParallelCollectionRDD]StartAt:6873758146558,TaskAttempt ID:87,Partition Id:60,Stage Id:3
16/11/07 12:26:11 INFO myLogger: [UnionRDD]StartAt:6873758395453,TaskAttempt ID:79,Partition Id:52,Stage Id:3
16/11/07 12:26:11 INFO myLogger: [ParallelCollectionRDD]StartAt:6873758820725,TaskAttempt ID:51,Partition Id:24,Stage Id:3
16/11/07 12:26:11 INFO myLogger: [ParallelCollectionRDD]EndAt:6873758945070,TaskAttempt ID:55,Partition Id:28,Stage Id:3
16/11/07 12:26:11 INFO myLogger: [ParallelCollectionRDD]StartAt:6873759810402,TaskAttempt ID:39,Partition Id:12,Stage Id:3
16/11/07 12:26:11 INFO myLogger: [ParallelCollectionRDD]EndAt:6873760548777,TaskAttempt ID:87,Partition Id:60,Stage Id:3
16/11/07 12:26:11 INFO myLogger: [ParallelCollectionRDD]EndAt:6873763646629,TaskAttempt ID:39,Partition Id:12,Stage Id:3
16/11/07 12:26:11 INFO myLogger: [ParallelCollectionRDD]StartAt:6873764227636,TaskAttempt ID:43,Partition Id:16,Stage Id:3
16/11/07 12:26:11 INFO myLogger: [ParallelCollectionRDD]EndAt:6873764581739,TaskAttempt ID:43,Partition Id:16,Stage Id:3
16/11/07 12:26:11 INFO myLogger: [ParallelCollectionRDD]EndAt:6873764886421,TaskAttempt ID:51,Partition Id:24,Stage Id:3
16/11/07 12:26:11 INFO myLogger: [ParallelCollectionRDD]StartAt:6873765950493,TaskAttempt ID:83,Partition Id:56,Stage Id:3
16/11/07 12:26:11 INFO myLogger: [MapPartitionsRDD]StartAt:6873766420034,TaskAttempt ID:27,Partition Id:0,Stage Id:3
16/11/07 12:26:11 INFO myLogger: [ParallelCollectionRDD]EndAt:6873766797996,TaskAttempt ID:83,Partition Id:56,Stage Id:3
16/11/07 12:26:11 INFO myLogger: [ParallelCollectionRDD]StartAt:6873767181649,TaskAttempt ID:35,Partition Id:8,Stage Id:3
16/11/07 12:26:11 INFO myLogger: [ParallelCollectionRDD]StartAt:6873768444246,TaskAttempt ID:63,Partition Id:36,Stage Id:3
16/11/07 12:26:11 INFO myLogger: [ParallelCollectionRDD]EndAt:6873768787088,TaskAttempt ID:35,Partition Id:8,Stage Id:3
16/11/07 12:26:11 INFO myLogger: [ParallelCollectionRDD]EndAt:6873768949831,TaskAttempt ID:63,Partition Id:36,Stage Id:3
16/11/07 12:26:11 INFO myLogger: [ShuffledRDD]StartAt:6873769395949,TaskAttempt ID:27,Partition Id:0,Stage Id:3
16/11/07 12:26:11 INFO myLogger: [ParallelCollectionRDD]StartAt:6873771874176,TaskAttempt ID:31,Partition Id:4,Stage Id:3
16/11/07 12:26:11 INFO myLogger: [ParallelCollectionRDD]EndAt:6873773371631,TaskAttempt ID:31,Partition Id:4,Stage Id:3
16/11/07 12:26:11 INFO myLogger: [ParallelCollectionRDD]StartAt:6873775870484,TaskAttempt ID:75,Partition Id:48,Stage Id:3
16/11/07 12:26:11 INFO myLogger: [ParallelCollectionRDD]EndAt:6873776260656,TaskAttempt ID:75,Partition Id:48,Stage Id:3
16/11/07 12:26:11 INFO myLogger: [ParallelCollectionRDD]StartAt:6873777206809,TaskAttempt ID:67,Partition Id:40,Stage Id:3
16/11/07 12:26:11 INFO myLogger: [ParallelCollectionRDD]EndAt:6873777537538,TaskAttempt ID:67,Partition Id:40,Stage Id:3
16/11/07 12:26:11 INFO myLogger: [ParallelCollectionRDD]StartAt:6873778640631,TaskAttempt ID:47,Partition Id:20,Stage Id:3
16/11/07 12:26:11 INFO myLogger: [ParallelCollectionRDD]EndAt:6873779005229,TaskAttempt ID:47,Partition Id:20,Stage Id:3
16/11/07 12:26:11 INFO myLogger: [ParallelCollectionRDD]StartAt:6873792350407,TaskAttempt ID:79,Partition Id:52,Stage Id:3
16/11/07 12:26:11 INFO myLogger: [ParallelCollectionRDD]EndAt:6873796154911,TaskAttempt ID:79,Partition Id:52,Stage Id:3
16/11/07 12:26:11 INFO myLogger: [UnionRDD]EndAt:6873814839752,TaskAttempt ID:59,Partition Id:32,Stage Id:3
16/11/07 12:26:11 INFO myLogger: [UnionRDD]EndAt:6873890489266,TaskAttempt ID:87,Partition Id:60,Stage Id:3
16/11/07 12:26:11 INFO myLogger: [UnionRDD]EndAt:6873890720067,TaskAttempt ID:35,Partition Id:8,Stage Id:3
16/11/07 12:26:11 INFO myLogger: [UnionRDD]EndAt:6873898095833,TaskAttempt ID:83,Partition Id:56,Stage Id:3
16/11/07 12:26:11 INFO myLogger: [UnionRDD]EndAt:6873900815283,TaskAttempt ID:39,Partition Id:12,Stage Id:3
16/11/07 12:26:11 INFO myLogger: [UnionRDD]EndAt:6873904480167,TaskAttempt ID:55,Partition Id:28,Stage Id:3
16/11/07 12:26:11 INFO myLogger: [ShuffledRDD]EndAt:6873930158693,TaskAttempt ID:27,Partition Id:0,Stage Id:3
16/11/07 12:26:11 INFO myLogger: [MapPartitionsRDD]EndAt:6873932895423,TaskAttempt ID:27,Partition Id:0,Stage Id:3
16/11/07 12:26:11 INFO myLogger: [UnionRDD]EndAt:6873984455330,TaskAttempt ID:71,Partition Id:44,Stage Id:3
16/11/07 12:26:12 INFO myLogger: [UnionRDD]EndAt:6874090937165,TaskAttempt ID:51,Partition Id:24,Stage Id:3
16/11/07 12:26:12 INFO myLogger: [UnionRDD]EndAt:6874091355737,TaskAttempt ID:75,Partition Id:48,Stage Id:3
16/11/07 12:26:12 INFO myLogger: [UnionRDD]EndAt:6874095434343,TaskAttempt ID:47,Partition Id:20,Stage Id:3
16/11/07 12:26:12 INFO myLogger: [UnionRDD]EndAt:6874096364561,TaskAttempt ID:31,Partition Id:4,Stage Id:3
16/11/07 12:26:12 INFO myLogger: [UnionRDD]EndAt:6874097278339,TaskAttempt ID:43,Partition Id:16,Stage Id:3
16/11/07 12:26:12 INFO myLogger: [UnionRDD]EndAt:6874097440540,TaskAttempt ID:67,Partition Id:40,Stage Id:3
16/11/07 12:26:12 INFO myLogger: [UnionRDD]EndAt:6874117704384,TaskAttempt ID:79,Partition Id:52,Stage Id:3
16/11/07 12:26:12 INFO myLogger: [UnionRDD]EndAt:6874118050299,TaskAttempt ID:63,Partition Id:36,Stage Id:3
16/11/07 12:26:12 INFO myLogger: [UnionRDD]StartAt:6874129535047,TaskAttempt ID:94,Partition Id:67,Stage Id:3
16/11/07 12:26:12 INFO 16/11/07 12:27:37 INFO myLogger: [UnionRDD]StartAt:6966935303901,TaskAttempt ID:95,Partition Id:7,Stage Id:4
16/11/07 12:27:37 INFO myLogger: [UnionRDD]StartAt:6966935938533,TaskAttempt ID:151,Partition Id:62,Stage Id:4
16/11/07 12:27:37 INFO myLogger: [UnionRDD]StartAt:6966938879508,TaskAttempt ID:143,Partition Id:55,Stage Id:4
16/11/07 12:27:37 INFO myLogger: [UnionRDD]StartAt:6966942313867,TaskAttempt ID:155,Partition Id:63,Stage Id:4
16/11/07 12:27:37 INFO myLogger: [UnionRDD]StartAt:6966944642998,TaskAttempt ID:147,Partition Id:59,Stage Id:4
16/11/07 12:27:37 INFO myLogger: [UnionRDD]StartAt:6966946149958,TaskAttempt ID:123,Partition Id:35,Stage Id:4
16/11/07 12:27:37 INFO myLogger: [UnionRDD]StartAt:6966950098348,TaskAttempt ID:127,Partition Id:39,Stage Id:4
16/11/07 12:27:37 INFO myLogger: [UnionRDD]StartAt:6966957257224,TaskAttempt ID:135,Partition Id:47,Stage Id:4
16/11/07 12:27:37 INFO myLogger: [UnionRDD]StartAt:6966958786995,TaskAttempt ID:119,Partition Id:31,Stage Id:4
16/11/07 12:27:37 INFO myLogger: [UnionRDD]StartAt:6966958884166,TaskAttempt ID:131,Partition Id:43,Stage Id:4
16/11/07 12:27:37 INFO myLogger: [UnionRDD]StartAt:6966959700602,TaskAttempt ID:139,Partition Id:51,Stage Id:4
16/11/07 12:27:37 INFO myLogger: [UnionRDD]StartAt:6966963256277,TaskAttempt ID:111,Partition Id:23,Stage Id:4
16/11/07 12:27:37 INFO myLogger: [UnionRDD]StartAt:6966965281160,TaskAttempt ID:107,Partition Id:19,Stage Id:4
16/11/07 12:27:37 INFO myLogger: [UnionRDD]StartAt:6966966406651,TaskAttempt ID:103,Partition Id:15,Stage Id:4
16/11/07 12:27:37 INFO myLogger: [UnionRDD]StartAt:6966973041455,TaskAttempt ID:99,Partition Id:11,Stage Id:4
16/11/07 12:27:37 INFO myLogger: [UnionRDD]StartAt:6966980437254,TaskAttempt ID:115,Partition Id:27,Stage Id:4
16/11/07 12:27:37 INFO myLogger: [UnionRDD]EndAt:6967023908809,TaskAttempt ID:95,Partition Id:7,Stage Id:4
16/11/07 12:27:37 INFO myLogger: [UnionRDD]EndAt:6967024595260,TaskAttempt ID:147,Partition Id:59,Stage Id:4
16/11/07 12:27:38 INFO myLogger: [UnionRDD]EndAt:6967048639042,TaskAttempt ID:123,Partition Id:35,Stage Id:4
16/11/07 12:27:38 INFO myLogger: [UnionRDD]EndAt:6967140339435,TaskAttempt ID:143,Partition Id:55,Stage Id:4
16/11/07 12:27:38 INFO myLogger: [UnionRDD]EndAt:6967161271922,TaskAttempt ID:131,Partition Id:43,Stage Id:4
16/11/07 12:27:38 INFO myLogger: [UnionRDD]EndAt:6967183035188,TaskAttempt ID:111,Partition Id:23,Stage Id:4
16/11/07 12:27:38 INFO myLogger: [UnionRDD]EndAt:6967183693687,TaskAttempt ID:103,Partition Id:15,Stage Id:4
16/11/07 12:27:38 INFO myLogger: [UnionRDD]EndAt:6967185455256,TaskAttempt ID:99,Partition Id:11,Stage Id:4
16/11/07 12:27:38 INFO myLogger: [UnionRDD]EndAt:6967186371011,TaskAttempt ID:135,Partition Id:47,Stage Id:4
16/11/07 12:27:38 INFO myLogger: [UnionRDD]EndAt:6967187453997,TaskAttempt ID:115,Partition Id:27,Stage Id:4
16/11/07 12:27:38 INFO myLogger: [UnionRDD]EndAt:6967187683926,TaskAttempt ID:107,Partition Id:19,Stage Id:4
16/11/07 12:27:38 INFO myLogger: [UnionRDD]EndAt:6967188924320,TaskAttempt ID:151,Partition Id:62,Stage Id:4
16/11/07 12:27:38 INFO myLogger: [UnionRDD]EndAt:6967216837214,TaskAttempt ID:119,Partition Id:31,Stage Id:4
16/11/07 12:27:38 INFO myLogger: [UnionRDD]EndAt:6967217485719,TaskAttempt ID:155,Partition Id:63,Stage Id:4
16/11/07 12:27:38 INFO myLogger: [UnionRDD]EndAt:6967218978449,TaskAttempt ID:127,Partition Id:39,Stage Id:4
16/11/07 12:27:38 INFO myLogger: [UnionRDD]EndAt:6967222694796,TaskAttempt ID:139,Partition Id:51,Stage Id:4
4
16/11/07 12:27:38 INFO myLogger: [UnionRDD]EndAt:6960127094957,TaskAttempt ID:149,Partition Id:56,Stage Id:4
16/11/07 12:27:38 INFO myLogger: [UnionRDD]EndAt:6960128086478,TaskAttempt ID:113,Partition Id:20,Stage Id:4
16/11/07 12:27:38 INFO myLogger: [UnionRDD]EndAt:6960130946788,TaskAttempt ID:109,Partition Id:16,Stage Id:4
16/11/07 12:27:38 INFO myLogger: [UnionRDD]EndAt:6960184370145,TaskAttempt ID:97,Partition Id:4,Stage Id:4
16/11/07 12:27:38 INFO myLogger: [UnionRDD]StartAt:6960313455590,TaskAttempt ID:162,Partition Id:0,Stage Id:4
16/11/07 12:27:38 INFO myLogger: [MapPartitionsRDD]StartAt:6960314517369,TaskAttempt ID:162,Partition Id:0,Stage Id:4
16/11/07 12:27:38 INFO myLogger: [ShuffledRDD]StartAt:6960314877932,TaskAttempt ID:162,Partition Id:0,Stage Id:4
16/11/07 12:27:38 INFO myLogger: [ShuffledRDD]EndAt:6960355453722,TaskAttempt ID:162,Partition Id:0,Stage Id:4
16/11/07 12:27:38 INFO myLogger: [MapPartitionsRDD]EndAt:6960355849227,TaskAttempt ID:162,Partition Id:0,Stage Id:4
16/11/07 12:28:16 INFO myLogger: [UnionRDD]EndAt:6998112843647,TaskAttempt ID:162,Partition Id:0,Stage Id:4
16/11/07 12:29:00 INFO myLogger: [UnionRDD]StartAt:7042085811744,TaskAttempt ID:164,Partition Id:0,Stage Id:5
16/11/07 12:29:00 INFO myLogger: [MapPartitionsRDD]StartAt:7042086495161,TaskAttempt ID:164,Partition Id:0,Stage Id:5
16/11/07 12:29:00 INFO myLogger: [ShuffledRDD]StartAt:7042086766151,TaskAttempt ID:164,Partition Id:0,Stage Id:5
16/11/07 12:29:00 INFO myLogger: [UnionRDD]StartAt:7042089249240,TaskAttempt ID:167,Partition Id:4,Stage Id:5
16/11/07 12:29:00 INFO myLogger: [MapPartitionsRDD]StartAt:7042090474208,TaskAttempt ID:167,Partition Id:4,Stage Id:5
16/11/07 12:29:00 INFO myLogger: [ShuffledRDD]StartAt:7042090941175,TaskAttempt ID:167,Partition Id:4,Stage Id:5
16/11/07 12:29:00 INFO myLogger: [ShuffledRDD]EndAt:7042119996886,TaskAttempt ID:167,Partition Id:4,Stage Id:5
16/11/07 12:29:00 INFO myLogger: [MapPartitionsRDD]EndAt:7042120302444,TaskAttempt ID:167,Partition Id:4,Stage Id:5
16/11/07 12:29:00 INFO myLogger: [ShuffledRDD]EndAt:7042125597539,TaskAttempt ID:164,Partition Id:0,Stage Id:5
16/11/07 12:29:00 INFO myLogger: [MapPartitionsRDD]EndAt:7042126212264,TaskAttempt ID:164,Partition Id:0,Stage Id:5
16/11/07 12:31:40 INFO myLogger: [UnionRDD]EndAt:7202994569849,TaskAttempt ID:167,Partition Id:4,Stage Id:5
16/11/07 12:31:46 INFO myLogger: [UnionRDD]EndAt:7208957183569,TaskAttempt ID:164,Partition Id:0,Stage Id:5
16/11/07 12:32:27 INFO myLogger: [UnionRDD]StartAt:7249659862463,TaskAttempt ID:172,Partition Id:0,Stage Id:6
16/11/07 12:32:27 INFO myLogger: [MapPartitionsRDD]StartAt:7249660400750,TaskAttempt ID:172,Partition Id:0,Stage Id:6
16/11/07 12:32:27 INFO myLogger: [ShuffledRDD]StartAt:7249660693210,TaskAttempt ID:172,Partition Id:0,Stage Id:6
16/11/07 12:32:27 INFO myLogger: [UnionRDD]StartAt:7249663403400,TaskAttempt ID:175,Partition Id:4,Stage Id:6
16/11/07 12:32:27 INFO myLogger: [MapPartitionsRDD]StartAt:7249664529241,TaskAttempt ID:175,Partition Id:4,Stage Id:6
16/11/07 12:32:27 INFO myLogger: [ShuffledRDD]StartAt:7249664946415,TaskAttempt ID:175,Partition Id:4,Stage Id:6
16/11/07 12:32:27 INFO myLogger: [ShuffledRDD]EndAt:7249687422083,TaskAttempt ID:175,Partition Id:4,Stage Id:6
16/11/07 12:32:27 INFO myLogger: [MapPartitionsRDD]EndAt:7249688039444,TaskAttempt ID:175,Partition Id:4,Stage Id:6
16/11/07 12:32:27 INFO myLogger: [ShuffledRDD]EndAt:7249688054055,TaskAttempt ID:172,Partition Id:0,Stage Id:6
16/11/07 12:32:27 INFO myLogger: [MapPartitionsRDD]EndAt:7249688629193,TaskAttempt ID:172,Partition Id:0,Stage Id:6
16/11/07 12:33:03 INFO myLogger: [UnionRDD]EndAt:7286030898852,TaskAttempt ID:175,Partition Id:4,Stage Id:6
16/11/07 12:33:15 INFO myLogger: [UnionRDD]EndAt:7297324479991,TaskAttempt ID:172,Partition Id:0,Stage Id:6
16/11/07 12:35:36 INFO myLogger: [UnionRDD]StartAt:7438726855786,TaskAttempt ID:179,Partition Id:0,Stage Id:7
16/11/07 12:35:36 INFO myLogger: [MapPartitionsRDD]StartAt:7438727508601,TaskAttempt ID:179,Partition Id:0,Stage Id:7
16/11/07 12:35:36 INFO myLogger: [ShuffledRDD]StartAt:7438727787751,TaskAttempt ID:179,Partition Id:0,Stage Id:7
16/11/07 12:35:36 INFO myLogger: [UnionRDD]StartAt:7438730291522,TaskAttempt ID:182,Partition Id:4,Stage Id:7
16/11/07 12:35:36 INFO myLogger: [MapPartitionsRDD]StartAt:7438731494285,TaskAttempt ID:182,Partition Id:4,Stage Id:7
16/11/07 12:35:36 INFO myLogger: [ShuffledRDD]StartAt:7438731928996,TaskAttempt ID:182,Partition Id:4,Stage Id:7
16/11/07 12:35:36 INFO myLogger: [ShuffledRDD]EndAt:7438755043300,TaskAttempt ID:182,Partition Id:4,Stage Id:7
16/11/07 12:35:36 INFO myLogger: [ShuffledRDD]EndAt:7438760602825,TaskAttempt ID:179,Partition Id:0,Stage Id:7
16/11/07 12:35:36 INFO myLogger: [MapPartitionsRDD]EndAt:7438760773692,TaskAttempt ID:182,Partition Id:4,Stage Id:7
16/11/07 12:35:36 INFO myLogger: [MapPartitionsRDD]EndAt:7438761253573,TaskAttempt ID:179,Partition Id:0,Stage Id:7
16/11/07 12:36:08 INFO myLogger: [UnionRDD]EndAt:7470717869196,TaskAttempt ID:182,Partition Id:4,Stage Id:7
16/11/07 12:36:20 INFO myLogger: [UnionRDD]EndAt:7482621100801,TaskAttempt ID:179,Partition Id:0,Stage Id:7
16/11/07 12:38:47 INFO myLogger: [UnionRDD]StartAt:7629977179920,TaskAttempt ID:187,Partition Id:0,Stage Id:8
16/11/07 12:38:47 INFO myLogger: [UnionRDD]StartAt:7629977232899,TaskAttempt ID:190,Partition Id:4,Stage Id:8
16/11/07 12:38:47 INFO myLogger: [MapPartitionsRDD]StartAt:7629978133500,TaskAttempt ID:187,Partition Id:0,Stage Id:8
16/11/07 12:38:47 INFO myLogger: [MapPartitionsRDD]StartAt:7629978194733,TaskAttempt ID:190,Partition Id:4,Stage Id:8
16/11/07 12:38:47 INFO myLogger: [ShuffledRDD]StartAt:7629978438797,TaskAttempt ID:187,Partition Id:0,Stage Id:8
16/11/07 12:38:47 INFO myLogger: [ShuffledRDD]StartAt:7629978498947,TaskAttempt ID:190,Partition Id:4,Stage Id:8
16/11/07 12:38:47 INFO myLogger: [ShuffledRDD]EndAt:7629998256933,TaskAttempt ID:190,Partition Id:4,Stage Id:8
16/11/07 12:38:47 INFO myLogger: [MapPartitionsRDD]EndAt:7629998756470,TaskAttempt ID:190,Partition Id:4,Stage Id:8
16/11/07 12:38:47 INFO myLogger: [ShuffledRDD]EndAt:7629999574754,TaskAttempt ID:187,Partition Id:0,Stage Id:8
16/11/07 12:38:47 INFO myLogger: [MapPartitionsRDD]EndAt:7630000285382,TaskAttempt ID:187,Partition Id:0,Stage Id:8
16/11/07 12:39:16 INFO myLogger: [UnionRDD]EndAt:7658176559852,TaskAttempt ID:190,Partition Id:4,Stage Id:8
16/11/07 12:39:26 INFO myLogger: [UnionRDD]EndAt:7668973231657,TaskAttempt ID:187,Partition Id:0,Stage Id:8
16/11/07 12:42:22 INFO myLogger: [MapPartitionsRDD]StartAt:7844813163142,TaskAttempt ID:196,Partition Id:0,Stage Id:9
16/11/07 12:42:22 INFO myLogger: [ShuffledRDD]StartAt:7844813354149,TaskAttempt ID:196,Partition Id:0,Stage Id:9
16/11/07 12:42:22 INFO myLogger: [ShuffledRDD]EndAt:7844830300396,TaskAttempt ID:196,Partition Id:0,Stage Id:9
16/11/07 12:42:22 INFO myLogger: [MapPartitionsRDD]EndAt:7844830809026,TaskAttempt ID:196,Partition Id:0,Stage Id:9
16/11/07 12:43:11 INFO myLogger: [UnionRDD]StartAt:7893935104929,TaskAttempt ID:200,Partition Id:0,Stage Id:16
16/11/07 12:43:11 INFO myLogger: [UnionRDD]StartAt:7893935170696,TaskAttempt ID:203,Partition Id:4,Stage Id:16
16/11/07 12:43:11 INFO myLogger: [MapPartitionsRDD]StartAt:7893935935942,TaskAttempt ID:200,Partition Id:0,Stage Id:16
16/11/07 12:43:11 INFO myLogger: [MapPartitionsRDD]StartAt:7893935994630,TaskAttempt ID:203,Partition Id:4,Stage Id:16
16/11/07 12:43:11 INFO myLogger: [ShuffledRDD]StartAt:7893936240393,TaskAttempt ID:200,Partition Id:0,Stage Id:16
16/11/07 12:43:11 INFO myLogger: [ShuffledRDD]StartAt:7893936289865,TaskAttempt ID:203,Partition Id:4,Stage Id:16
16/11/07 12:43:11 INFO myLogger: [ShuffledRDD]EndAt:7893953361272,TaskAttempt ID:203,Partition Id:4,Stage Id:16
16/11/07 12:43:11 INFO myLogger: [ShuffledRDD]EndAt:7893953603904,TaskAttempt ID:200,Partition Id:0,Stage Id:16
16/11/07 12:43:11 INFO myLogger: [MapPartitionsRDD]EndAt:7893953735963,TaskAttempt ID:203,Partition Id:4,Stage Id:16
16/11/07 12:43:11 INFO myLogger: [MapPartitionsRDD]EndAt:7893954549386,TaskAttempt ID:200,Partition Id:0,Stage Id:16
16/11/07 12:43:37 INFO myLogger: [UnionRDD]EndAt:7919904630398,TaskAttempt ID:203,Partition Id:4,Stage Id:16
16/11/07 12:43:50 INFO myLogger: [UnionRDD]EndAt:7932719659678,TaskAttempt ID:200,Partition Id:0,Stage Id:16
16/11/07 12:46:39 INFO myLogger: [MapPartitionsRDD]StartAt:8101477996260,TaskAttempt ID:207,Partition Id:0,Stage Id:17
16/11/07 12:46:39 INFO myLogger: [ShuffledRDD]StartAt:8101478256919,TaskAttempt ID:207,Partition Id:0,Stage Id:17
16/11/07 12:46:39 INFO myLogger: [ShuffledRDD]EndAt:8101497864590,TaskAttempt ID:207,Partition Id:0,Stage Id:17
16/11/07 12:46:39 INFO myLogger: [MapPartitionsRDD]EndAt:8101498204023,TaskAttempt ID:207,Partition Id:0,Stage Id:17
16/11/07 12:47:28 INFO myLogger: [UnionRDD]StartAt:8150375570629,TaskAttempt ID:211,Partition Id:0,Stage Id:24
16/11/07 12:47:28 INFO myLogger: [UnionRDD]StartAt:8150375947807,TaskAttempt ID:214,Partition Id:4,Stage Id:24
16/11/07 12:47:28 INFO myLogger: [MapPartitionsRDD]StartAt:8150376465280,TaskAttempt ID:211,Partition Id:0,Stage Id:24
16/11/07 12:47:28 INFO myLogger: [ShuffledRDD]StartAt:8150376722843,TaskAttempt ID:211,Partition Id:0,Stage Id:24
16/11/07 12:47:28 INFO myLogger: [MapPartitionsRDD]StartAt:8150376792147,TaskAttempt ID:214,Partition Id:4,Stage Id:24
16/11/07 12:47:28 INFO myLogger: [ShuffledRDD]StartAt:8150377029150,TaskAttempt ID:214,Partition Id:4,Stage Id:24
16/11/07 12:47:28 INFO myLogger: [ShuffledRDD]EndAt:8150396408586,TaskAttempt ID:211,Partition Id:0,Stage Id:24
16/11/07 12:47:28 INFO myLogger: [ShuffledRDD]EndAt:8150396528062,TaskAttempt ID:214,Partition Id:4,Stage Id:24
16/11/07 12:47:28 INFO myLogger: [MapPartitionsRDD]EndAt:8150397254565,TaskAttempt ID:211,Partition Id:0,Stage Id:24
16/11/07 12:47:28 INFO myLogger: [MapPartitionsRDD]EndAt:8150399924942,TaskAttempt ID:214,Partition Id:4,Stage Id:24
16/11/07 12:47:56 INFO myLogger: [UnionRDD]EndAt:8178340552847,TaskAttempt ID:214,Partition Id:4,Stage Id:24
16/11/07 12:48:05 INFO myLogger: [UnionRDD]EndAt:8187410593521,TaskAttempt ID:211,Partition Id:0,Stage Id:24
16/11/07 12:50:59 INFO myLogger: [MapPartitionsRDD]StartAt:8361425743556,TaskAttempt ID:220,Partition Id:0,Stage Id:25
16/11/07 12:50:59 INFO myLogger: [ShuffledRDD]StartAt:8361426144059,TaskAttempt ID:220,Partition Id:0,Stage Id:25
16/11/07 12:50:59 INFO myLogger: [ShuffledRDD]EndAt:8361448231853,TaskAttempt ID:220,Partition Id:0,Stage Id:25
16/11/07 12:50:59 INFO myLogger: [MapPartitionsRDD]EndAt:8361448790539,TaskAttempt ID:220,Partition Id:0,Stage Id:25
16/11/07 12:51:46 INFO myLogger: [UnionRDD]StartAt:8408864844237,TaskAttempt ID:223,Partition Id:0,Stage Id:32
16/11/07 12:51:46 INFO myLogger: [MapPartitionsRDD]StartAt:8408865480411,TaskAttempt ID:223,Partition Id:0,Stage Id:32
16/11/07 12:51:46 INFO myLogger: [ShuffledRDD]StartAt:8408865728543,TaskAttempt ID:223,Partition Id:0,Stage Id:32
16/11/07 12:51:46 INFO myLogger: [UnionRDD]StartAt:8408867992944,TaskAttempt ID:226,Partition Id:4,Stage Id:32
16/11/07 12:51:46 INFO myLogger: [MapPartitionsRDD]StartAt:8408869138537,TaskAttempt ID:226,Partition Id:4,Stage Id:32
16/11/07 12:51:46 INFO myLogger: [ShuffledRDD]StartAt:8408869488625,TaskAttempt ID:226,Partition Id:4,Stage Id:32
16/11/07 12:51:46 INFO myLogger: [ShuffledRDD]EndAt:8408886189759,TaskAttempt ID:226,Partition Id:4,Stage Id:32
16/11/07 12:51:46 INFO myLogger: [MapPartitionsRDD]EndAt:8408886934041,TaskAttempt ID:226,Partition Id:4,Stage Id:32
16/11/07 12:51:46 INFO myLogger: [ShuffledRDD]EndAt:8408898312557,TaskAttempt ID:223,Partition Id:0,Stage Id:32
16/11/07 12:51:46 INFO myLogger: [MapPartitionsRDD]EndAt:8408898967035,TaskAttempt ID:223,Partition Id:0,Stage Id:32
16/11/07 12:52:12 INFO myLogger: [UnionRDD]EndAt:8434435990734,TaskAttempt ID:226,Partition Id:4,Stage Id:32
16/11/07 12:52:25 INFO myLogger: [UnionRDD]EndAt:8447499504270,TaskAttempt ID:223,Partition Id:0,Stage Id:32
16/11/07 12:55:17 INFO myLogger: [MapPartitionsRDD]StartAt:8619909547984,TaskAttempt ID:233,Partition Id:0,Stage Id:33
16/11/07 12:55:17 INFO myLogger: [ShuffledRDD]StartAt:8619909955846,TaskAttempt ID:233,Partition Id:0,Stage Id:33
16/11/07 12:55:17 INFO myLogger: [ShuffledRDD]EndAt:8619934706548,TaskAttempt ID:233,Partition Id:0,Stage Id:33
16/11/07 12:55:17 INFO myLogger: [MapPartitionsRDD]EndAt:8619935183854,TaskAttempt ID:233,Partition Id:0,Stage Id:33
ition Id:5,Stage Id:24
16/11/07 12:47:28 INFO myLogger: [ShuffledRDD]EndAt:8157075979500,TaskAttempt ID:212,Partition Id:1,Stage Id:24
16/11/07 12:47:28 INFO myLogger: [MapPartitionsRDD]EndAt:8157076739576,TaskAttempt ID:212,Partition Id:1,Stage Id:24
16/11/07 12:50:06 INFO myLogger: [UnionRDD]EndAt:8315598695020,TaskAttempt ID:215,Partition Id:5,Stage Id:24
16/11/07 12:50:19 INFO myLogger: [UnionRDD]EndAt:8328283487686,TaskAttempt ID:212,Partition Id:1,Stage Id:24
16/11/07 12:50:59 INFO myLogger: [MapPartitionsRDD]StartAt:8368092980043,TaskAttempt ID:219,Partition Id:1,Stage Id:25
16/11/07 12:50:59 INFO myLogger: [ShuffledRDD]StartAt:8368093205520,TaskAttempt ID:219,Partition Id:1,Stage Id:25
16/11/07 12:50:59 INFO myLogger: [ShuffledRDD]EndAt:8368114775816,TaskAttempt ID:219,Partition Id:1,Stage Id:25
16/11/07 12:50:59 INFO myLogger: [MapPartitionsRDD]EndAt:8368115154212,TaskAttempt ID:219,Partition Id:1,Stage Id:25
16/11/07 12:51:46 INFO myLogger: [UnionRDD]StartAt:8415537412104,TaskAttempt ID:225,Partition Id:1,Stage Id:32
16/11/07 12:51:46 INFO myLogger: [MapPartitionsRDD]StartAt:8415537947861,TaskAttempt ID:225,Partition Id:1,Stage Id:32
16/11/07 12:51:46 INFO myLogger: [ShuffledRDD]StartAt:8415538174693,TaskAttempt ID:225,Partition Id:1,Stage Id:32
16/11/07 12:51:46 INFO myLogger: [UnionRDD]StartAt:8415540597159,TaskAttempt ID:228,Partition Id:5,Stage Id:32
16/11/07 12:51:46 INFO myLogger: [MapPartitionsRDD]StartAt:8415541682045,TaskAttempt ID:228,Partition Id:5,Stage Id:32
16/11/07 12:51:46 INFO myLogger: [ShuffledRDD]StartAt:8415542024581,TaskAttempt ID:228,Partition Id:5,Stage Id:32
16/11/07 12:51:46 INFO myLogger: [ShuffledRDD]EndAt:8415557154236,TaskAttempt ID:228,Partition Id:5,Stage Id:32
16/11/07 12:51:46 INFO myLogger: [MapPartitionsRDD]EndAt:8415557460029,TaskAttempt ID:228,Partition Id:5,Stage Id:32
16/11/07 12:51:46 INFO myLogger: [ShuffledRDD]EndAt:8415557643321,TaskAttempt ID:225,Partition Id:1,Stage Id:32
16/11/07 12:51:46 INFO myLogger: [MapPartitionsRDD]EndAt:8415558060206,TaskAttempt ID:225,Partition Id:1,Stage Id:32
16/11/07 12:54:24 INFO myLogger: [UnionRDD]EndAt:8573703219944,TaskAttempt ID:228,Partition Id:5,Stage Id:32
16/11/07 12:54:38 INFO myLogger: [UnionRDD]EndAt:8587076381972,TaskAttempt ID:225,Partition Id:1,Stage Id:32
16/11/07 12:55:17 INFO myLogger: [MapPartitionsRDD]StartAt:8626577994189,TaskAttempt ID:231,Partition Id:1,Stage Id:33
16/11/07 12:55:17 INFO myLogger: [ShuffledRDD]StartAt:8626578288613,TaskAttempt ID:231,Partition Id:1,Stage Id:33
16/11/07 12:55:17 INFO myLogger: [ShuffledRDD]EndAt:8626605234381,TaskAttempt ID:231,Partition Id:1,Stage Id:33
16/11/07 12:55:17 INFO myLogger: [MapPartitionsRDD]EndAt:8626606016316,TaskAttempt ID:231,Partition Id:1,Stage Id:33
3,Stage Id:16
16/11/07 12:43:11 INFO myLogger: [ShuffledRDD]EndAt:7893923785031,TaskAttempt ID:205,Partition Id:6,Stage Id:16
16/11/07 12:43:11 INFO myLogger: [MapPartitionsRDD]EndAt:7893923910796,TaskAttempt ID:204,Partition Id:3,Stage Id:16
16/11/07 12:43:11 INFO myLogger: [MapPartitionsRDD]EndAt:7893924177417,TaskAttempt ID:205,Partition Id:6,Stage Id:16
16/11/07 12:43:12 INFO myLogger: [ShuffledRDD]EndAt:7894122038791,TaskAttempt ID:201,Partition Id:2,Stage Id:16
16/11/07 12:43:12 INFO myLogger: [MapPartitionsRDD]EndAt:7894124441072,TaskAttempt ID:201,Partition Id:2,Stage Id:16
16/11/07 12:43:12 INFO myLogger: [ShuffledRDD]EndAt:7894125056752,TaskAttempt ID:206,Partition Id:7,Stage Id:16
16/11/07 12:43:12 INFO myLogger: [MapPartitionsRDD]EndAt:7894125435062,TaskAttempt ID:206,Partition Id:7,Stage Id:16
16/11/07 12:43:42 INFO myLogger: [UnionRDD]EndAt:7924586092703,TaskAttempt ID:206,Partition Id:7,Stage Id:16
16/11/07 12:43:47 INFO myLogger: [UnionRDD]EndAt:7929747790910,TaskAttempt ID:205,Partition Id:6,Stage Id:16
16/11/07 12:43:54 INFO myLogger: [UnionRDD]EndAt:7936998067493,TaskAttempt ID:204,Partition Id:3,Stage Id:16
16/11/07 12:43:59 INFO myLogger: [UnionRDD]EndAt:7941143592189,TaskAttempt ID:201,Partition Id:2,Stage Id:16
16/11/07 12:46:39 INFO myLogger: [MapPartitionsRDD]StartAt:8101441331053,TaskAttempt ID:208,Partition Id:2,Stage Id:17
16/11/07 12:46:39 INFO myLogger: [ShuffledRDD]StartAt:8101441571637,TaskAttempt ID:208,Partition Id:2,Stage Id:17
16/11/07 12:46:39 INFO myLogger: [MapPartitionsRDD]StartAt:8101443359296,TaskAttempt ID:210,Partition Id:3,Stage Id:17
16/11/07 12:46:39 INFO myLogger: [ShuffledRDD]StartAt:8101443781617,TaskAttempt ID:210,Partition Id:3,Stage Id:17
16/11/07 12:46:39 INFO myLogger: [ShuffledRDD]EndAt:8101469585812,TaskAttempt ID:210,Partition Id:3,Stage Id:17
16/11/07 12:46:39 INFO myLogger: [MapPartitionsRDD]EndAt:8101470057089,TaskAttempt ID:210,Partition Id:3,Stage Id:17
16/11/07 12:46:39 INFO myLogger: [ShuffledRDD]EndAt:8101473892323,TaskAttempt ID:208,Partition Id:2,Stage Id:17
16/11/07 12:46:39 INFO myLogger: [MapPartitionsRDD]EndAt:8101475461523,TaskAttempt ID:208,Partition Id:2,Stage Id:17
16/11/07 12:47:28 INFO myLogger: [UnionRDD]StartAt:8150341984790,TaskAttempt ID:213,Partition Id:2,Stage Id:24
16/11/07 12:47:28 INFO myLogger: [MapPartitionsRDD]StartAt:8150342602775,TaskAttempt ID:213,Partition Id:2,Stage Id:24
16/11/07 12:47:28 INFO myLogger: [ShuffledRDD]StartAt:8150342868587,TaskAttempt ID:213,Partition Id:2,Stage Id:24
16/11/07 12:47:28 INFO myLogger: [UnionRDD]StartAt:8150346010795,TaskAttempt ID:218,Partition Id:7,Stage Id:24
16/11/07 12:47:28 INFO myLogger: [UnionRDD]StartAt:8150347522417,TaskAttempt ID:217,Partition Id:6,Stage Id:24
16/11/07 12:47:28 INFO myLogger: [MapPartitionsRDD]StartAt:8150347628510,TaskAttempt ID:218,Partition Id:7,Stage Id:24
16/11/07 12:47:28 INFO myLogger: [ShuffledRDD]StartAt:8150348550687,TaskAttempt ID:218,Partition Id:7,Stage Id:24
16/11/07 12:47:28 INFO myLogger: [UnionRDD]StartAt:8150349075198,TaskAttempt ID:216,Partition Id:3,Stage Id:24
16/11/07 12:47:28 INFO myLogger: [MapPartitionsRDD]StartAt:8150349422954,TaskAttempt ID:217,Partition Id:6,Stage Id:24
16/11/07 12:47:28 INFO myLogger: [ShuffledRDD]StartAt:8150350236465,TaskAttempt ID:217,Partition Id:6,Stage Id:24
16/11/07 12:47:28 INFO myLogger: [MapPartitionsRDD]StartAt:8150350596089,TaskAttempt ID:216,Partition Id:3,Stage Id:24
16/11/07 12:47:28 INFO myLogger: [ShuffledRDD]StartAt:8150351158335,TaskAttempt ID:216,Partition Id:3,Stage Id:24
16/11/07 12:47:28 INFO myLogger: [ShuffledRDD]EndAt:8150360521173,TaskAttempt ID:218,Partition Id:7,Stage Id:24
16/11/07 12:47:28 INFO myLogger: [ShuffledRDD]EndAt:8150360525276,TaskAttempt ID:213,Partition Id:2,Stage Id:24
16/11/07 12:47:28 INFO myLogger: [MapPartitionsRDD]EndAt:8150361010443,TaskAttempt ID:218,Partition Id:7,Stage Id:24
16/11/07 12:47:28 INFO myLogger: [MapPartitionsRDD]EndAt:8150361052265,TaskAttempt ID:213,Partition Id:2,Stage Id:24
16/11/07 12:47:28 INFO myLogger: [ShuffledRDD]EndAt:8150362617356,TaskAttempt ID:216,Partition Id:3,Stage Id:24
16/11/07 12:47:28 INFO myLogger: [MapPartitionsRDD]EndAt:8150362946058,TaskAttempt ID:216,Partition Id:3,Stage Id:24
16/11/07 12:47:28 INFO myLogger: [ShuffledRDD]EndAt:8150363115380,TaskAttempt ID:217,Partition Id:6,Stage Id:24
16/11/07 12:47:28 INFO myLogger: [MapPartitionsRDD]EndAt:8150363427221,TaskAttempt ID:217,Partition Id:6,Stage Id:24
16/11/07 12:47:58 INFO myLogger: [UnionRDD]EndAt:8180435141301,TaskAttempt ID:218,Partition Id:7,Stage Id:24
16/11/07 12:48:02 INFO myLogger: [UnionRDD]EndAt:8184233374123,TaskAttempt ID:217,Partition Id:6,Stage Id:24
16/11/07 12:48:10 INFO myLogger: [UnionRDD]EndAt:8192603510355,TaskAttempt ID:216,Partition Id:3,Stage Id:24
16/11/07 12:48:13 INFO myLogger: [UnionRDD]EndAt:8195098122269,TaskAttempt ID:213,Partition Id:2,Stage Id:24
16/11/07 12:50:59 INFO myLogger: [MapPartitionsRDD]StartAt:8361393180009,TaskAttempt ID:221,Partition Id:2,Stage Id:25
16/11/07 12:50:59 INFO myLogger: [MapPartitionsRDD]StartAt:8361393381606,TaskAttempt ID:222,Partition Id:3,Stage Id:25
16/11/07 12:50:59 INFO myLogger: [ShuffledRDD]StartAt:8361393448292,TaskAttempt ID:221,Partition Id:2,Stage Id:25
16/11/07 12:50:59 INFO myLogger: [ShuffledRDD]StartAt:8361393665447,TaskAttempt ID:222,Partition Id:3,Stage Id:25
16/11/07 12:50:59 INFO myLogger: [ShuffledRDD]EndAt:8361416344036,TaskAttempt ID:222,Partition Id:3,Stage Id:25
16/11/07 12:50:59 INFO myLogger: [MapPartitionsRDD]EndAt:8361416740810,TaskAttempt ID:222,Partition Id:3,Stage Id:25
16/11/07 12:50:59 INFO myLogger: [ShuffledRDD]EndAt:8361417182192,TaskAttempt ID:221,Partition Id:2,Stage Id:25
16/11/07 12:50:59 INFO myLogger: [MapPartitionsRDD]EndAt:8361417562203,TaskAttempt ID:221,Partition Id:2,Stage Id:25
16/11/07 12:51:46 INFO myLogger: [UnionRDD]StartAt:8408835927668,TaskAttempt ID:224,Partition Id:2,Stage Id:32
16/11/07 12:51:46 INFO myLogger: [MapPartitionsRDD]StartAt:8408836474478,TaskAttempt ID:224,Partition Id:2,Stage Id:32
16/11/07 12:51:46 INFO myLogger: [ShuffledRDD]StartAt:8408836782733,TaskAttempt ID:224,Partition Id:2,Stage Id:32
16/11/07 12:51:46 INFO myLogger: [UnionRDD]StartAt:8408838442915,TaskAttempt ID:230,Partition Id:7,Stage Id:32
16/11/07 12:51:46 INFO myLogger: [UnionRDD]StartAt:8408840340047,TaskAttempt ID:229,Partition Id:6,Stage Id:32
16/11/07 12:51:46 INFO myLogger: [UnionRDD]StartAt:8408840562198,TaskAttempt ID:227,Partition Id:3,Stage Id:32
16/11/07 12:51:46 INFO myLogger: [MapPartitionsRDD]StartAt:8408840785228,TaskAttempt ID:230,Partition Id:7,Stage Id:32
16/11/07 12:51:46 INFO myLogger: [ShuffledRDD]StartAt:8408841298378,TaskAttempt ID:230,Partition Id:7,Stage Id:32
16/11/07 12:51:46 INFO myLogger: [MapPartitionsRDD]StartAt:8408842436453,TaskAttempt ID:229,Partition Id:6,Stage Id:32
16/11/07 12:51:46 INFO myLogger: [MapPartitionsRDD]StartAt:8408842577112,TaskAttempt ID:227,Partition Id:3,Stage Id:32
16/11/07 12:51:46 INFO myLogger: [ShuffledRDD]StartAt:8408842938809,TaskAttempt ID:229,Partition Id:6,Stage Id:32
16/11/07 12:51:46 INFO myLogger: [ShuffledRDD]StartAt:8408843112497,TaskAttempt ID:227,Partition Id:3,Stage Id:32
16/11/07 12:51:46 INFO myLogger: [ShuffledRDD]EndAt:8408857795838,TaskAttempt ID:224,Partition Id:2,Stage Id:32
16/11/07 12:51:46 INFO myLogger: [ShuffledRDD]EndAt:8408858091719,TaskAttempt ID:230,Partition Id:7,Stage Id:32
16/11/07 12:51:46 INFO myLogger: [MapPartitionsRDD]EndAt:8408858164684,TaskAttempt ID:224,Partition Id:2,Stage Id:32
16/11/07 12:51:46 INFO myLogger: [MapPartitionsRDD]EndAt:8408858470525,TaskAttempt ID:230,Partition Id:7,Stage Id:32
16/11/07 12:51:46 INFO myLogger: [ShuffledRDD]EndAt:8408859280577,TaskAttempt ID:229,Partition Id:6,Stage Id:32
16/11/07 12:51:46 INFO myLogger: [ShuffledRDD]EndAt:8408859365249,TaskAttempt ID:227,Partition Id:3,Stage Id:32
16/11/07 12:51:46 INFO myLogger: [MapPartitionsRDD]EndAt:8408859676089,TaskAttempt ID:229,Partition Id:6,Stage Id:32
16/11/07 12:51:46 INFO myLogger: [MapPartitionsRDD]EndAt:8408860177911,TaskAttempt ID:227,Partition Id:3,Stage Id:32
16/11/07 12:52:18 INFO myLogger: [UnionRDD]EndAt:8440888315497,TaskAttempt ID:230,Partition Id:7,Stage Id:32
16/11/07 12:52:20 INFO myLogger: [UnionRDD]EndAt:8442754092061,TaskAttempt ID:229,Partition Id:6,Stage Id:32
16/11/07 12:52:28 INFO myLogger: [UnionRDD]EndAt:8450905002150,TaskAttempt ID:227,Partition Id:3,Stage Id:32
16/11/07 12:52:38 INFO myLogger: [UnionRDD]EndAt:8460418464482,TaskAttempt ID:224,Partition Id:2,Stage Id:32
16/11/07 12:55:17 INFO myLogger: [MapPartitionsRDD]StartAt:8619876813100,TaskAttempt ID:232,Partition Id:2,Stage Id:33
16/11/07 12:55:17 INFO myLogger: [ShuffledRDD]StartAt:8619877004123,TaskAttempt ID:232,Partition Id:2,Stage Id:33
16/11/07 12:55:17 INFO myLogger: [MapPartitionsRDD]StartAt:8619879390123,TaskAttempt ID:234,Partition Id:3,Stage Id:33
16/11/07 12:55:17 INFO myLogger: [ShuffledRDD]StartAt:8619879829609,TaskAttempt ID:234,Partition Id:3,Stage Id:33
16/11/07 12:55:17 INFO myLogger: [ShuffledRDD]EndAt:8619896986146,TaskAttempt ID:234,Partition Id:3,Stage Id:33
16/11/07 12:55:17 INFO myLogger: [MapPartitionsRDD]EndAt:8619897456492,TaskAttempt ID:234,Partition Id:3,Stage Id:33
16/11/07 12:55:17 INFO myLogger: [ShuffledRDD]EndAt:8619903721248,TaskAttempt ID:232,Partition Id:2,Stage Id:33
16/11/07 12:55:17 INFO myLogger: [MapPartitionsRDD]EndAt:8619905014458,TaskAttempt ID:232,Partition Id:2,Stage Id:33
