16/11/22 13:30:53 INFO serializeLogger: [CreationPYRE]StartAt:1479846653633,Parent RDD ID:1,Name:../shuffle_10M100k.dat,TaskAttempt ID:9,Partition Id:4,Stage Id:1
16/11/22 13:30:53 INFO serializeLogger: [CreationPYRE]StartAt:1479846653633,Parent RDD ID:1,Name:../shuffle_10M100k.dat,TaskAttempt ID:5,Partition Id:0,Stage Id:1
16/11/22 13:30:53 INFO serializeLogger: [CreationPYRE]EndAt:1479846653634,Parent RDD ID:1,Name:../shuffle_10M100k.dat,TaskAttempt ID:9,Partition Id:4,Stage Id:1
16/11/22 13:30:53 INFO serializeLogger: [CreationPYRE]EndAt:1479846653634,Parent RDD ID:1,Name:../shuffle_10M100k.dat,TaskAttempt ID:5,Partition Id:0,Stage Id:1
16/11/22 13:30:53 INFO serializeLogger: [RunnerCompute]StartAt:1479846653635,Parent RDD ID:1,Name:../shuffle_10M100k.dat,TaskAttempt ID:9,Partition Id:4,Stage Id:1
16/11/22 13:30:53 INFO serializeLogger: [RunnerCompute]StartAt:1479846653635,Parent RDD ID:1,Name:../shuffle_10M100k.dat,TaskAttempt ID:5,Partition Id:0,Stage Id:1
16/11/22 13:31:00 INFO serializeLogger: [writerThread]StartAt:1479846660717,Parent RDD ID:1,Name:../shuffle_10M100k.dat,TaskAttempt ID:9,Partition Id:4,Stage Id:1
16/11/22 13:31:00 INFO serializeLogger: [writerThread]StartAt:1479846660729,Parent RDD ID:1,Name:../shuffle_10M100k.dat,TaskAttempt ID:5,Partition Id:0,Stage Id:1
16/11/22 13:31:04 INFO serializeLogger: [RunnerCompute]EndAt:1479846664684,Parent RDD ID:1,Name:../shuffle_10M100k.dat,TaskAttempt ID:9,Partition Id:4,Stage Id:1
16/11/22 13:31:04 INFO serializeLogger: [writerThread]EndAt:1479846664694,Parent RDD ID:1,Name:../shuffle_10M100k.dat,TaskAttempt ID:9,Partition Id:4,Stage Id:1
16/11/22 13:31:19 INFO serializeLogger: [RunnerCompute]EndAt:1479846679443,Parent RDD ID:1,Name:../shuffle_10M100k.dat,TaskAttempt ID:5,Partition Id:0,Stage Id:1
16/11/22 13:31:19 INFO serializeLogger: [writerThread]EndAt:1479846679447,Parent RDD ID:1,Name:../shuffle_10M100k.dat,TaskAttempt ID:5,Partition Id:0,Stage Id:1
16/11/22 13:31:20 INFO serializeLogger: [CreationPYRE]StartAt:1479846680326,Parent RDD ID:1,Name:../shuffle_10M100k.dat,TaskAttempt ID:10,Partition Id:0,Stage Id:2
16/11/22 13:31:20 INFO serializeLogger: [CreationPYRE]StartAt:1479846680326,Parent RDD ID:1,Name:../shuffle_10M100k.dat,TaskAttempt ID:14,Partition Id:4,Stage Id:2
16/11/22 13:31:20 INFO serializeLogger: [CreationPYRE]EndAt:1479846680326,Parent RDD ID:1,Name:../shuffle_10M100k.dat,TaskAttempt ID:10,Partition Id:0,Stage Id:2
16/11/22 13:31:20 INFO serializeLogger: [CreationPYRE]EndAt:1479846680327,Parent RDD ID:1,Name:../shuffle_10M100k.dat,TaskAttempt ID:14,Partition Id:4,Stage Id:2
16/11/22 13:31:20 INFO serializeLogger: [RunnerCompute]StartAt:1479846680327,Parent RDD ID:1,Name:../shuffle_10M100k.dat,TaskAttempt ID:10,Partition Id:0,Stage Id:2
16/11/22 13:31:20 INFO serializeLogger: [RunnerCompute]StartAt:1479846680327,Parent RDD ID:1,Name:../shuffle_10M100k.dat,TaskAttempt ID:14,Partition Id:4,Stage Id:2
16/11/22 13:31:20 INFO serializeLogger: [writerThread]StartAt:1479846680338,Parent RDD ID:1,Name:../shuffle_10M100k.dat,TaskAttempt ID:10,Partition Id:0,Stage Id:2
16/11/22 13:31:20 INFO serializeLogger: [writerThread]StartAt:1479846680341,Parent RDD ID:1,Name:../shuffle_10M100k.dat,TaskAttempt ID:14,Partition Id:4,Stage Id:2
16/11/22 13:31:20 INFO serializeLogger: [RunnerCompute]EndAt:1479846680412,Parent RDD ID:1,Name:../shuffle_10M100k.dat,TaskAttempt ID:14,Partition Id:4,Stage Id:2
16/11/22 13:31:20 INFO serializeLogger: [RunnerCompute]EndAt:1479846680414,Parent RDD ID:1,Name:../shuffle_10M100k.dat,TaskAttempt ID:10,Partition Id:0,Stage Id:2
16/11/22 13:31:27 INFO serializeLogger: [writerThread]EndAt:1479846687294,Parent RDD ID:1,Name:../shuffle_10M100k.dat,TaskAttempt ID:14,Partition Id:4,Stage Id:2
16/11/22 13:32:00 INFO serializeLogger: [writerThread]EndAt:1479846720004,Parent RDD ID:1,Name:../shuffle_10M100k.dat,TaskAttempt ID:10,Partition Id:0,Stage Id:2
16/11/22 13:32:03 INFO serializeLogger: [CreationPYRE]StartAt:1479846723626,Parent RDD ID:11,Name:UnionRDD,TaskAttempt ID:16,Partition Id:1,Stage Id:3
16/11/22 13:32:03 INFO serializeLogger: [CreationPYRE]EndAt:1479846723626,Parent RDD ID:11,Name:UnionRDD,TaskAttempt ID:16,Partition Id:1,Stage Id:3
16/11/22 13:32:03 INFO serializeLogger: [RunnerCompute]StartAt:1479846723627,Parent RDD ID:11,Name:UnionRDD,TaskAttempt ID:16,Partition Id:1,Stage Id:3
16/11/22 13:32:03 INFO serializeLogger: [CreationPYRE]StartAt:1479846723627,Parent RDD ID:11,Name:UnionRDD,TaskAttempt ID:20,Partition Id:5,Stage Id:3
16/11/22 13:32:03 INFO serializeLogger: [CreationPYRE]EndAt:1479846723627,Parent RDD ID:11,Name:UnionRDD,TaskAttempt ID:20,Partition Id:5,Stage Id:3
16/11/22 13:32:03 INFO serializeLogger: [RunnerCompute]StartAt:1479846723628,Parent RDD ID:11,Name:UnionRDD,TaskAttempt ID:20,Partition Id:5,Stage Id:3
16/11/22 13:32:03 INFO serializeLogger: [CreationPYRE]StartAt:1479846723628,Parent RDD ID:7,Name:MapPartitionedRDD,TaskAttempt ID:16,Partition Id:1,Stage Id:3
16/11/22 13:32:03 INFO serializeLogger: [CreationPYRE]EndAt:1479846723628,Parent RDD ID:7,Name:MapPartitionedRDD,TaskAttempt ID:16,Partition Id:1,Stage Id:3
16/11/22 13:32:03 INFO serializeLogger: [RunnerCompute]StartAt:1479846723629,Parent RDD ID:7,Name:MapPartitionedRDD,TaskAttempt ID:16,Partition Id:1,Stage Id:3
16/11/22 13:32:03 INFO serializeLogger: [CreationPYRE]StartAt:1479846723629,Parent RDD ID:8,Name:ParallelCollectionRDD,TaskAttempt ID:20,Partition Id:5,Stage Id:3
16/11/22 13:32:03 INFO serializeLogger: [CreationPYRE]EndAt:1479846723629,Parent RDD ID:8,Name:ParallelCollectionRDD,TaskAttempt ID:20,Partition Id:5,Stage Id:3
16/11/22 13:32:03 INFO serializeLogger: [RunnerCompute]StartAt:1479846723630,Parent RDD ID:8,Name:ParallelCollectionRDD,TaskAttempt ID:20,Partition Id:5,Stage Id:3
16/11/22 13:32:03 INFO serializeLogger: [writerThread]StartAt:1479846723677,Parent RDD ID:8,Name:ParallelCollectionRDD,TaskAttempt ID:20,Partition Id:5,Stage Id:3
16/11/22 13:32:03 INFO serializeLogger: [writerThread]StartAt:1479846723743,Parent RDD ID:7,Name:MapPartitionedRDD,TaskAttempt ID:16,Partition Id:1,Stage Id:3
16/11/22 13:32:03 INFO serializeLogger: [RunnerCompute]EndAt:1479846723829,Parent RDD ID:8,Name:ParallelCollectionRDD,TaskAttempt ID:20,Partition Id:5,Stage Id:3
16/11/22 13:32:03 INFO serializeLogger: [writerThread]StartAt:1479846723844,Parent RDD ID:11,Name:UnionRDD,TaskAttempt ID:20,Partition Id:5,Stage Id:3
16/11/22 13:32:04 INFO serializeLogger: [RunnerCompute]EndAt:1479846724012,Parent RDD ID:11,Name:UnionRDD,TaskAttempt ID:20,Partition Id:5,Stage Id:3
16/11/22 13:32:04 INFO serializeLogger: [writerThread]EndAt:1479846724207,Parent RDD ID:11,Name:UnionRDD,TaskAttempt ID:20,Partition Id:5,Stage Id:3
16/11/22 13:32:04 INFO serializeLogger: [writerThread]EndAt:1479846724207,Parent RDD ID:8,Name:ParallelCollectionRDD,TaskAttempt ID:20,Partition Id:5,Stage Id:3
16/11/22 13:32:24 INFO serializeLogger: [RunnerCompute]EndAt:1479846744665,Parent RDD ID:7,Name:MapPartitionedRDD,TaskAttempt ID:16,Partition Id:1,Stage Id:3
16/11/22 13:32:24 INFO serializeLogger: [writerThread]StartAt:1479846744669,Parent RDD ID:11,Name:UnionRDD,TaskAttempt ID:16,Partition Id:1,Stage Id:3
16/11/22 13:32:45 INFO serializeLogger: [RunnerCompute]EndAt:1479846765238,Parent RDD ID:11,Name:UnionRDD,TaskAttempt ID:16,Partition Id:1,Stage Id:3
16/11/22 13:32:46 INFO serializeLogger: [writerThread]EndAt:1479846766468,Parent RDD ID:11,Name:UnionRDD,TaskAttempt ID:16,Partition Id:1,Stage Id:3
16/11/22 13:32:46 INFO serializeLogger: [writerThread]EndAt:1479846766468,Parent RDD ID:7,Name:MapPartitionedRDD,TaskAttempt ID:16,Partition Id:1,Stage Id:3
16/11/22 13:32:46 INFO serializeLogger: [CreationPYRE]StartAt:1479846766714,Parent RDD ID:18,Name:UnionRDD,TaskAttempt ID:30,Partition Id:1,Stage Id:4
16/11/22 13:32:46 INFO serializeLogger: [CreationPYRE]EndAt:1479846766714,Parent RDD ID:18,Name:UnionRDD,TaskAttempt ID:30,Partition Id:1,Stage Id:4
16/11/22 13:32:46 INFO serializeLogger: [RunnerCompute]StartAt:1479846766714,Parent RDD ID:18,Name:UnionRDD,TaskAttempt ID:30,Partition Id:1,Stage Id:4
16/11/22 13:32:46 INFO serializeLogger: [CreationPYRE]StartAt:1479846766715,Parent RDD ID:15,Name:MapPartitionedRDD,TaskAttempt ID:30,Partition Id:1,Stage Id:4
16/11/22 13:32:46 INFO serializeLogger: [CreationPYRE]EndAt:1479846766715,Parent RDD ID:15,Name:MapPartitionedRDD,TaskAttempt ID:30,Partition Id:1,Stage Id:4
16/11/22 13:32:46 INFO serializeLogger: [RunnerCompute]StartAt:1479846766715,Parent RDD ID:15,Name:MapPartitionedRDD,TaskAttempt ID:30,Partition Id:1,Stage Id:4
16/11/22 13:32:46 INFO serializeLogger: [CreationPYRE]StartAt:1479846766721,Parent RDD ID:18,Name:UnionRDD,TaskAttempt ID:26,Partition Id:5,Stage Id:4
16/11/22 13:32:46 INFO serializeLogger: [CreationPYRE]EndAt:1479846766722,Parent RDD ID:18,Name:UnionRDD,TaskAttempt ID:26,Partition Id:5,Stage Id:4
16/11/22 13:32:46 INFO serializeLogger: [RunnerCompute]StartAt:1479846766722,Parent RDD ID:18,Name:UnionRDD,TaskAttempt ID:26,Partition Id:5,Stage Id:4
16/11/22 13:32:46 INFO serializeLogger: [CreationPYRE]StartAt:1479846766723,Parent RDD ID:8,Name:ParallelCollectionRDD,TaskAttempt ID:26,Partition Id:5,Stage Id:4
16/11/22 13:32:46 INFO serializeLogger: [CreationPYRE]EndAt:1479846766723,Parent RDD ID:8,Name:ParallelCollectionRDD,TaskAttempt ID:26,Partition Id:5,Stage Id:4
16/11/22 13:32:46 INFO serializeLogger: [RunnerCompute]StartAt:1479846766723,Parent RDD ID:8,Name:ParallelCollectionRDD,TaskAttempt ID:26,Partition Id:5,Stage Id:4
16/11/22 13:32:46 INFO serializeLogger: [writerThread]StartAt:1479846766746,Parent RDD ID:8,Name:ParallelCollectionRDD,TaskAttempt ID:26,Partition Id:5,Stage Id:4
16/11/22 13:32:46 INFO serializeLogger: [writerThread]StartAt:1479846766764,Parent RDD ID:15,Name:MapPartitionedRDD,TaskAttempt ID:30,Partition Id:1,Stage Id:4
16/11/22 13:32:46 INFO serializeLogger: [RunnerCompute]EndAt:1479846766875,Parent RDD ID:8,Name:ParallelCollectionRDD,TaskAttempt ID:26,Partition Id:5,Stage Id:4
16/11/22 13:32:46 INFO serializeLogger: [writerThread]StartAt:1479846766876,Parent RDD ID:18,Name:UnionRDD,TaskAttempt ID:26,Partition Id:5,Stage Id:4
16/11/22 13:32:46 INFO serializeLogger: [RunnerCompute]EndAt:1479846766976,Parent RDD ID:18,Name:UnionRDD,TaskAttempt ID:26,Partition Id:5,Stage Id:4
16/11/22 13:32:47 INFO serializeLogger: [writerThread]EndAt:1479846767158,Parent RDD ID:18,Name:UnionRDD,TaskAttempt ID:26,Partition Id:5,Stage Id:4
16/11/22 13:32:47 INFO serializeLogger: [writerThread]EndAt:1479846767158,Parent RDD ID:8,Name:ParallelCollectionRDD,TaskAttempt ID:26,Partition Id:5,Stage Id:4
16/11/22 13:33:06 INFO serializeLogger: [RunnerCompute]EndAt:1479846786101,Parent RDD ID:15,Name:MapPartitionedRDD,TaskAttempt ID:30,Partition Id:1,Stage Id:4
16/11/22 13:33:06 INFO serializeLogger: [writerThread]StartAt:1479846786103,Parent RDD ID:18,Name:UnionRDD,TaskAttempt ID:30,Partition Id:1,Stage Id:4
16/11/22 13:33:26 INFO serializeLogger: [RunnerCompute]EndAt:1479846806144,Parent RDD ID:18,Name:UnionRDD,TaskAttempt ID:30,Partition Id:1,Stage Id:4
16/11/22 13:33:27 INFO serializeLogger: [writerThread]EndAt:1479846807544,Parent RDD ID:18,Name:UnionRDD,TaskAttempt ID:30,Partition Id:1,Stage Id:4
16/11/22 13:33:27 INFO serializeLogger: [writerThread]EndAt:1479846807545,Parent RDD ID:15,Name:MapPartitionedRDD,TaskAttempt ID:30,Partition Id:1,Stage Id:4
16/11/22 13:33:28 INFO serializeLogger: [CreationPYRE]StartAt:1479846808760,Parent RDD ID:25,Name:UnionRDD,TaskAttempt ID:32,Partition Id:1,Stage Id:5
16/11/22 13:33:28 INFO serializeLogger: [CreationPYRE]EndAt:1479846808761,Parent RDD ID:25,Name:UnionRDD,TaskAttempt ID:32,Partition Id:1,Stage Id:5
16/11/22 13:33:28 INFO serializeLogger: [RunnerCompute]StartAt:1479846808761,Parent RDD ID:25,Name:UnionRDD,TaskAttempt ID:32,Partition Id:1,Stage Id:5
16/11/22 13:33:28 INFO serializeLogger: [CreationPYRE]StartAt:1479846808761,Parent RDD ID:25,Name:UnionRDD,TaskAttempt ID:36,Partition Id:5,Stage Id:5
16/11/22 13:33:28 INFO serializeLogger: [CreationPYRE]EndAt:1479846808762,Parent RDD ID:25,Name:UnionRDD,TaskAttempt ID:36,Partition Id:5,Stage Id:5
16/11/22 13:33:28 INFO serializeLogger: [CreationPYRE]StartAt:1479846808762,Parent RDD ID:22,Name:MapPartitionedRDD,TaskAttempt ID:32,Partition Id:1,Stage Id:5
16/11/22 13:33:28 INFO serializeLogger: [RunnerCompute]StartAt:1479846808762,Parent RDD ID:25,Name:UnionRDD,TaskAttempt ID:36,Partition Id:5,Stage Id:5
16/11/22 13:33:28 INFO serializeLogger: [CreationPYRE]EndAt:1479846808762,Parent RDD ID:22,Name:MapPartitionedRDD,TaskAttempt ID:32,Partition Id:1,Stage Id:5
16/11/22 13:33:28 INFO serializeLogger: [RunnerCompute]StartAt:1479846808762,Parent RDD ID:22,Name:MapPartitionedRDD,TaskAttempt ID:32,Partition Id:1,Stage Id:5
16/11/22 13:33:28 INFO serializeLogger: [CreationPYRE]StartAt:1479846808763,Parent RDD ID:22,Name:MapPartitionedRDD,TaskAttempt ID:36,Partition Id:5,Stage Id:5
16/11/22 13:33:28 INFO serializeLogger: [CreationPYRE]EndAt:1479846808763,Parent RDD ID:22,Name:MapPartitionedRDD,TaskAttempt ID:36,Partition Id:5,Stage Id:5
16/11/22 13:33:28 INFO serializeLogger: [RunnerCompute]StartAt:1479846808764,Parent RDD ID:22,Name:MapPartitionedRDD,TaskAttempt ID:36,Partition Id:5,Stage Id:5
16/11/22 13:33:28 INFO serializeLogger: [writerThread]StartAt:1479846808808,Parent RDD ID:22,Name:MapPartitionedRDD,TaskAttempt ID:32,Partition Id:1,Stage Id:5
16/11/22 13:33:28 INFO serializeLogger: [writerThread]StartAt:1479846808809,Parent RDD ID:22,Name:MapPartitionedRDD,TaskAttempt ID:36,Partition Id:5,Stage Id:5
16/11/22 13:34:02 INFO serializeLogger: [RunnerCompute]EndAt:1479846842170,Parent RDD ID:22,Name:MapPartitionedRDD,TaskAttempt ID:36,Partition Id:5,Stage Id:5
16/11/22 13:34:02 INFO serializeLogger: [writerThread]StartAt:1479846842176,Parent RDD ID:25,Name:UnionRDD,TaskAttempt ID:36,Partition Id:5,Stage Id:5
16/11/22 13:34:02 INFO serializeLogger: [RunnerCompute]EndAt:1479846842257,Parent RDD ID:25,Name:UnionRDD,TaskAttempt ID:36,Partition Id:5,Stage Id:5
16/11/22 13:34:02 INFO serializeLogger: [writerThread]EndAt:1479846842426,Parent RDD ID:25,Name:UnionRDD,TaskAttempt ID:36,Partition Id:5,Stage Id:5
16/11/22 13:34:02 INFO serializeLogger: [writerThread]EndAt:1479846842426,Parent RDD ID:22,Name:MapPartitionedRDD,TaskAttempt ID:36,Partition Id:5,Stage Id:5
16/11/22 13:34:09 INFO serializeLogger: [RunnerCompute]EndAt:1479846849721,Parent RDD ID:22,Name:MapPartitionedRDD,TaskAttempt ID:32,Partition Id:1,Stage Id:5
16/11/22 13:34:09 INFO serializeLogger: [writerThread]StartAt:1479846849723,Parent RDD ID:25,Name:UnionRDD,TaskAttempt ID:32,Partition Id:1,Stage Id:5
16/11/22 13:34:30 INFO serializeLogger: [RunnerCompute]EndAt:1479846870580,Parent RDD ID:25,Name:UnionRDD,TaskAttempt ID:32,Partition Id:1,Stage Id:5
16/11/22 13:34:31 INFO serializeLogger: [writerThread]EndAt:1479846871928,Parent RDD ID:25,Name:UnionRDD,TaskAttempt ID:32,Partition Id:1,Stage Id:5
16/11/22 13:34:31 INFO serializeLogger: [writerThread]EndAt:1479846871929,Parent RDD ID:22,Name:MapPartitionedRDD,TaskAttempt ID:32,Partition Id:1,Stage Id:5
16/11/22 13:34:32 INFO serializeLogger: [CreationPYRE]StartAt:1479846872100,Parent RDD ID:32,Name:UnionRDD,TaskAttempt ID:41,Partition Id:4,Stage Id:6
16/11/22 13:34:32 INFO serializeLogger: [CreationPYRE]EndAt:1479846872100,Parent RDD ID:32,Name:UnionRDD,TaskAttempt ID:41,Partition Id:4,Stage Id:6
16/11/22 13:34:32 INFO serializeLogger: [RunnerCompute]StartAt:1479846872101,Parent RDD ID:32,Name:UnionRDD,TaskAttempt ID:41,Partition Id:4,Stage Id:6
16/11/22 13:34:32 INFO serializeLogger: [CreationPYRE]StartAt:1479846872101,Parent RDD ID:29,Name:MapPartitionedRDD,TaskAttempt ID:41,Partition Id:4,Stage Id:6
16/11/22 13:34:32 INFO serializeLogger: [CreationPYRE]EndAt:1479846872102,Parent RDD ID:29,Name:MapPartitionedRDD,TaskAttempt ID:41,Partition Id:4,Stage Id:6
16/11/22 13:34:32 INFO serializeLogger: [RunnerCompute]StartAt:1479846872102,Parent RDD ID:29,Name:MapPartitionedRDD,TaskAttempt ID:41,Partition Id:4,Stage Id:6
16/11/22 13:34:32 INFO serializeLogger: [writerThread]StartAt:1479846872151,Parent RDD ID:29,Name:MapPartitionedRDD,TaskAttempt ID:41,Partition Id:4,Stage Id:6
16/11/22 13:35:08 INFO serializeLogger: [RunnerCompute]EndAt:1479846908810,Parent RDD ID:29,Name:MapPartitionedRDD,TaskAttempt ID:41,Partition Id:4,Stage Id:6
16/11/22 13:35:08 INFO serializeLogger: [writerThread]StartAt:1479846908813,Parent RDD ID:32,Name:UnionRDD,TaskAttempt ID:41,Partition Id:4,Stage Id:6
16/11/22 13:35:08 INFO serializeLogger: [RunnerCompute]EndAt:1479846908902,Parent RDD ID:32,Name:UnionRDD,TaskAttempt ID:41,Partition Id:4,Stage Id:6
16/11/22 13:35:09 INFO serializeLogger: [writerThread]EndAt:1479846909061,Parent RDD ID:32,Name:UnionRDD,TaskAttempt ID:41,Partition Id:4,Stage Id:6
16/11/22 13:35:09 INFO serializeLogger: [writerThread]EndAt:1479846909062,Parent RDD ID:29,Name:MapPartitionedRDD,TaskAttempt ID:41,Partition Id:4,Stage Id:6
16/11/22 13:35:40 INFO serializeLogger: [CreationPYRE]StartAt:1479846940841,Parent RDD ID:39,Name:UnionRDD,TaskAttempt ID:49,Partition Id:3,Stage Id:7
16/11/22 13:35:40 INFO serializeLogger: [CreationPYRE]EndAt:1479846940841,Parent RDD ID:39,Name:UnionRDD,TaskAttempt ID:49,Partition Id:3,Stage Id:7
16/11/22 13:35:40 INFO serializeLogger: [RunnerCompute]StartAt:1479846940841,Parent RDD ID:39,Name:UnionRDD,TaskAttempt ID:49,Partition Id:3,Stage Id:7
16/11/22 13:35:40 INFO serializeLogger: [CreationPYRE]StartAt:1479846940842,Parent RDD ID:36,Name:MapPartitionedRDD,TaskAttempt ID:49,Partition Id:3,Stage Id:7
16/11/22 13:35:40 INFO serializeLogger: [CreationPYRE]EndAt:1479846940842,Parent RDD ID:36,Name:MapPartitionedRDD,TaskAttempt ID:49,Partition Id:3,Stage Id:7
16/11/22 13:35:40 INFO serializeLogger: [CreationPYRE]StartAt:1479846940842,Parent RDD ID:39,Name:UnionRDD,TaskAttempt ID:53,Partition Id:7,Stage Id:7
16/11/22 13:35:40 INFO serializeLogger: [RunnerCompute]StartAt:1479846940842,Parent RDD ID:36,Name:MapPartitionedRDD,TaskAttempt ID:49,Partition Id:3,Stage Id:7
16/11/22 13:35:40 INFO serializeLogger: [CreationPYRE]EndAt:1479846940843,Parent RDD ID:39,Name:UnionRDD,TaskAttempt ID:53,Partition Id:7,Stage Id:7
16/11/22 13:35:40 INFO serializeLogger: [RunnerCompute]StartAt:1479846940843,Parent RDD ID:39,Name:UnionRDD,TaskAttempt ID:53,Partition Id:7,Stage Id:7
16/11/22 13:35:40 INFO serializeLogger: [CreationPYRE]StartAt:1479846940844,Parent RDD ID:36,Name:MapPartitionedRDD,TaskAttempt ID:53,Partition Id:7,Stage Id:7
16/11/22 13:35:40 INFO serializeLogger: [CreationPYRE]EndAt:1479846940844,Parent RDD ID:36,Name:MapPartitionedRDD,TaskAttempt ID:53,Partition Id:7,Stage Id:7
16/11/22 13:35:40 INFO serializeLogger: [RunnerCompute]StartAt:1479846940844,Parent RDD ID:36,Name:MapPartitionedRDD,TaskAttempt ID:53,Partition Id:7,Stage Id:7
16/11/22 13:35:40 INFO serializeLogger: [writerThread]StartAt:1479846940881,Parent RDD ID:36,Name:MapPartitionedRDD,TaskAttempt ID:49,Partition Id:3,Stage Id:7
16/11/22 13:35:40 INFO serializeLogger: [writerThread]StartAt:1479846940882,Parent RDD ID:36,Name:MapPartitionedRDD,TaskAttempt ID:53,Partition Id:7,Stage Id:7
16/11/22 13:36:19 INFO serializeLogger: [RunnerCompute]EndAt:1479846979840,Parent RDD ID:36,Name:MapPartitionedRDD,TaskAttempt ID:53,Partition Id:7,Stage Id:7
16/11/22 13:36:19 INFO serializeLogger: [writerThread]StartAt:1479846979855,Parent RDD ID:39,Name:UnionRDD,TaskAttempt ID:53,Partition Id:7,Stage Id:7
16/11/22 13:36:20 INFO serializeLogger: [RunnerCompute]EndAt:1479846980002,Parent RDD ID:39,Name:UnionRDD,TaskAttempt ID:53,Partition Id:7,Stage Id:7
16/11/22 13:36:20 INFO serializeLogger: [writerThread]EndAt:1479846980165,Parent RDD ID:39,Name:UnionRDD,TaskAttempt ID:53,Partition Id:7,Stage Id:7
16/11/22 13:36:20 INFO serializeLogger: [writerThread]EndAt:1479846980165,Parent RDD ID:36,Name:MapPartitionedRDD,TaskAttempt ID:53,Partition Id:7,Stage Id:7
16/11/22 13:36:22 INFO serializeLogger: [RunnerCompute]EndAt:1479846982872,Parent RDD ID:36,Name:MapPartitionedRDD,TaskAttempt ID:49,Partition Id:3,Stage Id:7
16/11/22 13:36:22 INFO serializeLogger: [writerThread]StartAt:1479846982875,Parent RDD ID:39,Name:UnionRDD,TaskAttempt ID:49,Partition Id:3,Stage Id:7
16/11/22 13:36:43 INFO serializeLogger: [RunnerCompute]EndAt:1479847003540,Parent RDD ID:39,Name:UnionRDD,TaskAttempt ID:49,Partition Id:3,Stage Id:7
16/11/22 13:36:44 INFO serializeLogger: [writerThread]EndAt:1479847004887,Parent RDD ID:39,Name:UnionRDD,TaskAttempt ID:49,Partition Id:3,Stage Id:7
16/11/22 13:36:44 INFO serializeLogger: [writerThread]EndAt:1479847004887,Parent RDD ID:36,Name:MapPartitionedRDD,TaskAttempt ID:49,Partition Id:3,Stage Id:7
16/11/22 13:36:45 INFO serializeLogger: [CreationPYRE]StartAt:1479847005054,Parent RDD ID:46,Name:UnionRDD,TaskAttempt ID:57,Partition Id:2,Stage Id:8
16/11/22 13:36:45 INFO serializeLogger: [CreationPYRE]EndAt:1479847005054,Parent RDD ID:46,Name:UnionRDD,TaskAttempt ID:57,Partition Id:2,Stage Id:8
16/11/22 13:36:45 INFO serializeLogger: [RunnerCompute]StartAt:1479847005055,Parent RDD ID:46,Name:UnionRDD,TaskAttempt ID:57,Partition Id:2,Stage Id:8
16/11/22 13:36:45 INFO serializeLogger: [CreationPYRE]StartAt:1479847005055,Parent RDD ID:43,Name:MapPartitionedRDD,TaskAttempt ID:57,Partition Id:2,Stage Id:8
16/11/22 13:36:45 INFO serializeLogger: [CreationPYRE]EndAt:1479847005055,Parent RDD ID:43,Name:MapPartitionedRDD,TaskAttempt ID:57,Partition Id:2,Stage Id:8
16/11/22 13:36:45 INFO serializeLogger: [RunnerCompute]StartAt:1479847005056,Parent RDD ID:43,Name:MapPartitionedRDD,TaskAttempt ID:57,Partition Id:2,Stage Id:8
16/11/22 13:36:45 INFO serializeLogger: [CreationPYRE]StartAt:1479847005061,Parent RDD ID:46,Name:UnionRDD,TaskAttempt ID:61,Partition Id:6,Stage Id:8
16/11/22 13:36:45 INFO serializeLogger: [CreationPYRE]EndAt:1479847005061,Parent RDD ID:46,Name:UnionRDD,TaskAttempt ID:61,Partition Id:6,Stage Id:8
16/11/22 13:36:45 INFO serializeLogger: [RunnerCompute]StartAt:1479847005062,Parent RDD ID:46,Name:UnionRDD,TaskAttempt ID:61,Partition Id:6,Stage Id:8
16/11/22 13:36:45 INFO serializeLogger: [CreationPYRE]StartAt:1479847005063,Parent RDD ID:43,Name:MapPartitionedRDD,TaskAttempt ID:61,Partition Id:6,Stage Id:8
16/11/22 13:36:45 INFO serializeLogger: [CreationPYRE]EndAt:1479847005063,Parent RDD ID:43,Name:MapPartitionedRDD,TaskAttempt ID:61,Partition Id:6,Stage Id:8
16/11/22 13:36:45 INFO serializeLogger: [RunnerCompute]StartAt:1479847005063,Parent RDD ID:43,Name:MapPartitionedRDD,TaskAttempt ID:61,Partition Id:6,Stage Id:8
16/11/22 13:36:45 INFO serializeLogger: [writerThread]StartAt:1479847005100,Parent RDD ID:43,Name:MapPartitionedRDD,TaskAttempt ID:57,Partition Id:2,Stage Id:8
16/11/22 13:36:45 INFO serializeLogger: [writerThread]StartAt:1479847005102,Parent RDD ID:43,Name:MapPartitionedRDD,TaskAttempt ID:61,Partition Id:6,Stage Id:8
16/11/22 13:37:24 INFO serializeLogger: [RunnerCompute]EndAt:1479847044447,Parent RDD ID:43,Name:MapPartitionedRDD,TaskAttempt ID:61,Partition Id:6,Stage Id:8
16/11/22 13:37:24 INFO serializeLogger: [writerThread]StartAt:1479847044450,Parent RDD ID:46,Name:UnionRDD,TaskAttempt ID:61,Partition Id:6,Stage Id:8
16/11/22 13:37:24 INFO serializeLogger: [RunnerCompute]EndAt:1479847044541,Parent RDD ID:46,Name:UnionRDD,TaskAttempt ID:61,Partition Id:6,Stage Id:8
16/11/22 13:37:24 INFO serializeLogger: [writerThread]EndAt:1479847044703,Parent RDD ID:46,Name:UnionRDD,TaskAttempt ID:61,Partition Id:6,Stage Id:8
16/11/22 13:37:24 INFO serializeLogger: [writerThread]EndAt:1479847044703,Parent RDD ID:43,Name:MapPartitionedRDD,TaskAttempt ID:61,Partition Id:6,Stage Id:8
16/11/22 13:37:30 INFO serializeLogger: [RunnerCompute]EndAt:1479847050897,Parent RDD ID:43,Name:MapPartitionedRDD,TaskAttempt ID:57,Partition Id:2,Stage Id:8
16/11/22 13:37:30 INFO serializeLogger: [writerThread]StartAt:1479847050900,Parent RDD ID:46,Name:UnionRDD,TaskAttempt ID:57,Partition Id:2,Stage Id:8
16/11/22 13:37:50 INFO serializeLogger: [RunnerCompute]EndAt:1479847070147,Parent RDD ID:46,Name:UnionRDD,TaskAttempt ID:57,Partition Id:2,Stage Id:8
16/11/22 13:37:51 INFO serializeLogger: [writerThread]EndAt:1479847071472,Parent RDD ID:46,Name:UnionRDD,TaskAttempt ID:57,Partition Id:2,Stage Id:8
16/11/22 13:37:51 INFO serializeLogger: [writerThread]EndAt:1479847071472,Parent RDD ID:43,Name:MapPartitionedRDD,TaskAttempt ID:57,Partition Id:2,Stage Id:8
16/11/22 13:37:51 INFO serializeLogger: [CreationPYRE]StartAt:1479847071606,Parent RDD ID:50,Name:MapPartitionedRDD,TaskAttempt ID:63,Partition Id:1,Stage Id:9
16/11/22 13:37:51 INFO serializeLogger: [CreationPYRE]EndAt:1479847071606,Parent RDD ID:50,Name:MapPartitionedRDD,TaskAttempt ID:63,Partition Id:1,Stage Id:9
16/11/22 13:37:51 INFO serializeLogger: [RunnerCompute]StartAt:1479847071606,Parent RDD ID:50,Name:MapPartitionedRDD,TaskAttempt ID:63,Partition Id:1,Stage Id:9
16/11/22 13:37:51 INFO serializeLogger: [writerThread]StartAt:1479847071644,Parent RDD ID:50,Name:MapPartitionedRDD,TaskAttempt ID:63,Partition Id:1,Stage Id:9
16/11/22 13:38:15 INFO serializeLogger: [RunnerCompute]EndAt:1479847095216,Parent RDD ID:50,Name:MapPartitionedRDD,TaskAttempt ID:63,Partition Id:1,Stage Id:9
16/11/22 13:38:15 INFO serializeLogger: [writerThread]EndAt:1479847095219,Parent RDD ID:50,Name:MapPartitionedRDD,TaskAttempt ID:63,Partition Id:1,Stage Id:9
16/11/22 13:38:15 INFO serializeLogger: [CreationPYRE]StartAt:1479847095729,Parent RDD ID:54,Name:UnionRDD,TaskAttempt ID:69,Partition Id:2,Stage Id:16
16/11/22 13:38:15 INFO serializeLogger: [CreationPYRE]EndAt:1479847095729,Parent RDD ID:54,Name:UnionRDD,TaskAttempt ID:69,Partition Id:2,Stage Id:16
16/11/22 13:38:15 INFO serializeLogger: [RunnerCompute]StartAt:1479847095729,Parent RDD ID:54,Name:UnionRDD,TaskAttempt ID:69,Partition Id:2,Stage Id:16
16/11/22 13:38:15 INFO serializeLogger: [CreationPYRE]StartAt:1479847095730,Parent RDD ID:43,Name:MapPartitionedRDD,TaskAttempt ID:69,Partition Id:2,Stage Id:16
16/11/22 13:38:15 INFO serializeLogger: [CreationPYRE]EndAt:1479847095730,Parent RDD ID:43,Name:MapPartitionedRDD,TaskAttempt ID:69,Partition Id:2,Stage Id:16
16/11/22 13:38:15 INFO serializeLogger: [RunnerCompute]StartAt:1479847095730,Parent RDD ID:43,Name:MapPartitionedRDD,TaskAttempt ID:69,Partition Id:2,Stage Id:16
16/11/22 13:38:15 INFO serializeLogger: [CreationPYRE]StartAt:1479847095736,Parent RDD ID:54,Name:UnionRDD,TaskAttempt ID:73,Partition Id:6,Stage Id:16
16/11/22 13:38:15 INFO serializeLogger: [CreationPYRE]EndAt:1479847095736,Parent RDD ID:54,Name:UnionRDD,TaskAttempt ID:73,Partition Id:6,Stage Id:16
16/11/22 13:38:15 INFO serializeLogger: [RunnerCompute]StartAt:1479847095736,Parent RDD ID:54,Name:UnionRDD,TaskAttempt ID:73,Partition Id:6,Stage Id:16
16/11/22 13:38:15 INFO serializeLogger: [CreationPYRE]StartAt:1479847095737,Parent RDD ID:43,Name:MapPartitionedRDD,TaskAttempt ID:73,Partition Id:6,Stage Id:16
16/11/22 13:38:15 INFO serializeLogger: [CreationPYRE]EndAt:1479847095737,Parent RDD ID:43,Name:MapPartitionedRDD,TaskAttempt ID:73,Partition Id:6,Stage Id:16
16/11/22 13:38:15 INFO serializeLogger: [RunnerCompute]StartAt:1479847095737,Parent RDD ID:43,Name:MapPartitionedRDD,TaskAttempt ID:73,Partition Id:6,Stage Id:16
16/11/22 13:38:15 INFO serializeLogger: [writerThread]StartAt:1479847095770,Parent RDD ID:43,Name:MapPartitionedRDD,TaskAttempt ID:69,Partition Id:2,Stage Id:16
16/11/22 13:38:15 INFO serializeLogger: [writerThread]StartAt:1479847095772,Parent RDD ID:43,Name:MapPartitionedRDD,TaskAttempt ID:73,Partition Id:6,Stage Id:16
16/11/22 13:38:54 INFO serializeLogger: [RunnerCompute]EndAt:1479847134999,Parent RDD ID:43,Name:MapPartitionedRDD,TaskAttempt ID:73,Partition Id:6,Stage Id:16
16/11/22 13:38:55 INFO serializeLogger: [writerThread]StartAt:1479847135001,Parent RDD ID:54,Name:UnionRDD,TaskAttempt ID:73,Partition Id:6,Stage Id:16
16/11/22 13:38:55 INFO serializeLogger: [RunnerCompute]EndAt:1479847135105,Parent RDD ID:54,Name:UnionRDD,TaskAttempt ID:73,Partition Id:6,Stage Id:16
16/11/22 13:38:55 INFO serializeLogger: [writerThread]EndAt:1479847135259,Parent RDD ID:54,Name:UnionRDD,TaskAttempt ID:73,Partition Id:6,Stage Id:16
16/11/22 13:38:55 INFO serializeLogger: [writerThread]EndAt:1479847135259,Parent RDD ID:43,Name:MapPartitionedRDD,TaskAttempt ID:73,Partition Id:6,Stage Id:16
16/11/22 13:38:57 INFO serializeLogger: [RunnerCompute]EndAt:1479847137343,Parent RDD ID:43,Name:MapPartitionedRDD,TaskAttempt ID:69,Partition Id:2,Stage Id:16
16/11/22 13:38:57 INFO serializeLogger: [writerThread]StartAt:1479847137345,Parent RDD ID:54,Name:UnionRDD,TaskAttempt ID:69,Partition Id:2,Stage Id:16
16/11/22 13:39:18 INFO serializeLogger: [RunnerCompute]EndAt:1479847158718,Parent RDD ID:54,Name:UnionRDD,TaskAttempt ID:69,Partition Id:2,Stage Id:16
16/11/22 13:39:20 INFO serializeLogger: [writerThread]EndAt:1479847160019,Parent RDD ID:54,Name:UnionRDD,TaskAttempt ID:69,Partition Id:2,Stage Id:16
16/11/22 13:39:20 INFO serializeLogger: [writerThread]EndAt:1479847160019,Parent RDD ID:43,Name:MapPartitionedRDD,TaskAttempt ID:69,Partition Id:2,Stage Id:16
16/11/22 13:39:48 INFO serializeLogger: [CreationPYRE]StartAt:1479847188070,Parent RDD ID:62,Name:UnionRDD,TaskAttempt ID:82,Partition Id:2,Stage Id:24
16/11/22 13:39:48 INFO serializeLogger: [CreationPYRE]EndAt:1479847188070,Parent RDD ID:62,Name:UnionRDD,TaskAttempt ID:82,Partition Id:2,Stage Id:24
16/11/22 13:39:48 INFO serializeLogger: [RunnerCompute]StartAt:1479847188070,Parent RDD ID:62,Name:UnionRDD,TaskAttempt ID:82,Partition Id:2,Stage Id:24
16/11/22 13:39:48 INFO serializeLogger: [CreationPYRE]StartAt:1479847188070,Parent RDD ID:43,Name:MapPartitionedRDD,TaskAttempt ID:82,Partition Id:2,Stage Id:24
16/11/22 13:39:48 INFO serializeLogger: [CreationPYRE]EndAt:1479847188071,Parent RDD ID:43,Name:MapPartitionedRDD,TaskAttempt ID:82,Partition Id:2,Stage Id:24
16/11/22 13:39:48 INFO serializeLogger: [RunnerCompute]StartAt:1479847188071,Parent RDD ID:43,Name:MapPartitionedRDD,TaskAttempt ID:82,Partition Id:2,Stage Id:24
16/11/22 13:39:48 INFO serializeLogger: [CreationPYRE]StartAt:1479847188076,Parent RDD ID:62,Name:UnionRDD,TaskAttempt ID:86,Partition Id:6,Stage Id:24
16/11/22 13:39:48 INFO serializeLogger: [CreationPYRE]EndAt:1479847188076,Parent RDD ID:62,Name:UnionRDD,TaskAttempt ID:86,Partition Id:6,Stage Id:24
16/11/22 13:39:48 INFO serializeLogger: [RunnerCompute]StartAt:1479847188076,Parent RDD ID:62,Name:UnionRDD,TaskAttempt ID:86,Partition Id:6,Stage Id:24
16/11/22 13:39:48 INFO serializeLogger: [CreationPYRE]StartAt:1479847188078,Parent RDD ID:43,Name:MapPartitionedRDD,TaskAttempt ID:86,Partition Id:6,Stage Id:24
16/11/22 13:39:48 INFO serializeLogger: [CreationPYRE]EndAt:1479847188078,Parent RDD ID:43,Name:MapPartitionedRDD,TaskAttempt ID:86,Partition Id:6,Stage Id:24
16/11/22 13:39:48 INFO serializeLogger: [RunnerCompute]StartAt:1479847188078,Parent RDD ID:43,Name:MapPartitionedRDD,TaskAttempt ID:86,Partition Id:6,Stage Id:24
16/11/22 13:39:48 INFO serializeLogger: [writerThread]StartAt:1479847188108,Parent RDD ID:43,Name:MapPartitionedRDD,TaskAttempt ID:86,Partition Id:6,Stage Id:24
16/11/22 13:39:48 INFO serializeLogger: [writerThread]StartAt:1479847188113,Parent RDD ID:43,Name:MapPartitionedRDD,TaskAttempt ID:82,Partition Id:2,Stage Id:24
16/11/22 13:40:26 INFO serializeLogger: [RunnerCompute]EndAt:1479847226729,Parent RDD ID:43,Name:MapPartitionedRDD,TaskAttempt ID:86,Partition Id:6,Stage Id:24
16/11/22 13:40:26 INFO serializeLogger: [writerThread]StartAt:1479847226747,Parent RDD ID:62,Name:UnionRDD,TaskAttempt ID:86,Partition Id:6,Stage Id:24
16/11/22 13:40:26 INFO serializeLogger: [RunnerCompute]EndAt:1479847226885,Parent RDD ID:62,Name:UnionRDD,TaskAttempt ID:86,Partition Id:6,Stage Id:24
16/11/22 13:40:27 INFO serializeLogger: [writerThread]EndAt:1479847227039,Parent RDD ID:62,Name:UnionRDD,TaskAttempt ID:86,Partition Id:6,Stage Id:24
16/11/22 13:40:27 INFO serializeLogger: [writerThread]EndAt:1479847227039,Parent RDD ID:43,Name:MapPartitionedRDD,TaskAttempt ID:86,Partition Id:6,Stage Id:24
16/11/22 13:40:33 INFO serializeLogger: [RunnerCompute]EndAt:1479847233762,Parent RDD ID:43,Name:MapPartitionedRDD,TaskAttempt ID:82,Partition Id:2,Stage Id:24
16/11/22 13:40:33 INFO serializeLogger: [writerThread]StartAt:1479847233764,Parent RDD ID:62,Name:UnionRDD,TaskAttempt ID:82,Partition Id:2,Stage Id:24
16/11/22 13:40:53 INFO serializeLogger: [RunnerCompute]EndAt:1479847253475,Parent RDD ID:62,Name:UnionRDD,TaskAttempt ID:82,Partition Id:2,Stage Id:24
16/11/22 13:40:54 INFO serializeLogger: [writerThread]EndAt:1479847254806,Parent RDD ID:62,Name:UnionRDD,TaskAttempt ID:82,Partition Id:2,Stage Id:24
16/11/22 13:40:54 INFO serializeLogger: [writerThread]EndAt:1479847254806,Parent RDD ID:43,Name:MapPartitionedRDD,TaskAttempt ID:82,Partition Id:2,Stage Id:24
16/11/22 13:40:56 INFO serializeLogger: [CreationPYRE]StartAt:1479847256556,Parent RDD ID:66,Name:MapPartitionedRDD,TaskAttempt ID:88,Partition Id:2,Stage Id:25
16/11/22 13:40:56 INFO serializeLogger: [CreationPYRE]EndAt:1479847256556,Parent RDD ID:66,Name:MapPartitionedRDD,TaskAttempt ID:88,Partition Id:2,Stage Id:25
16/11/22 13:40:56 INFO serializeLogger: [RunnerCompute]StartAt:1479847256557,Parent RDD ID:66,Name:MapPartitionedRDD,TaskAttempt ID:88,Partition Id:2,Stage Id:25
16/11/22 13:40:56 INFO serializeLogger: [writerThread]StartAt:1479847256591,Parent RDD ID:66,Name:MapPartitionedRDD,TaskAttempt ID:88,Partition Id:2,Stage Id:25
16/11/22 13:41:17 INFO serializeLogger: [RunnerCompute]EndAt:1479847277423,Parent RDD ID:66,Name:MapPartitionedRDD,TaskAttempt ID:88,Partition Id:2,Stage Id:25
16/11/22 13:41:17 INFO serializeLogger: [writerThread]EndAt:1479847277425,Parent RDD ID:66,Name:MapPartitionedRDD,TaskAttempt ID:88,Partition Id:2,Stage Id:25
16/11/22 13:41:21 INFO serializeLogger: [CreationPYRE]StartAt:1479847281729,Parent RDD ID:70,Name:UnionRDD,TaskAttempt ID:94,Partition Id:2,Stage Id:32
16/11/22 13:41:21 INFO serializeLogger: [CreationPYRE]EndAt:1479847281729,Parent RDD ID:70,Name:UnionRDD,TaskAttempt ID:94,Partition Id:2,Stage Id:32
16/11/22 13:41:21 INFO serializeLogger: [RunnerCompute]StartAt:1479847281729,Parent RDD ID:70,Name:UnionRDD,TaskAttempt ID:94,Partition Id:2,Stage Id:32
16/11/22 13:41:21 INFO serializeLogger: [CreationPYRE]StartAt:1479847281729,Parent RDD ID:43,Name:MapPartitionedRDD,TaskAttempt ID:94,Partition Id:2,Stage Id:32
16/11/22 13:41:21 INFO serializeLogger: [CreationPYRE]EndAt:1479847281730,Parent RDD ID:43,Name:MapPartitionedRDD,TaskAttempt ID:94,Partition Id:2,Stage Id:32
16/11/22 13:41:21 INFO serializeLogger: [RunnerCompute]StartAt:1479847281730,Parent RDD ID:43,Name:MapPartitionedRDD,TaskAttempt ID:94,Partition Id:2,Stage Id:32
16/11/22 13:41:21 INFO serializeLogger: [CreationPYRE]StartAt:1479847281734,Parent RDD ID:70,Name:UnionRDD,TaskAttempt ID:97,Partition Id:6,Stage Id:32
16/11/22 13:41:21 INFO serializeLogger: [CreationPYRE]EndAt:1479847281735,Parent RDD ID:70,Name:UnionRDD,TaskAttempt ID:97,Partition Id:6,Stage Id:32
16/11/22 13:41:21 INFO serializeLogger: [RunnerCompute]StartAt:1479847281735,Parent RDD ID:70,Name:UnionRDD,TaskAttempt ID:97,Partition Id:6,Stage Id:32
16/11/22 13:41:21 INFO serializeLogger: [CreationPYRE]StartAt:1479847281736,Parent RDD ID:43,Name:MapPartitionedRDD,TaskAttempt ID:97,Partition Id:6,Stage Id:32
16/11/22 13:41:21 INFO serializeLogger: [CreationPYRE]EndAt:1479847281737,Parent RDD ID:43,Name:MapPartitionedRDD,TaskAttempt ID:97,Partition Id:6,Stage Id:32
16/11/22 13:41:21 INFO serializeLogger: [RunnerCompute]StartAt:1479847281737,Parent RDD ID:43,Name:MapPartitionedRDD,TaskAttempt ID:97,Partition Id:6,Stage Id:32
16/11/22 13:41:21 INFO serializeLogger: [writerThread]StartAt:1479847281767,Parent RDD ID:43,Name:MapPartitionedRDD,TaskAttempt ID:94,Partition Id:2,Stage Id:32
16/11/22 13:41:21 INFO serializeLogger: [writerThread]StartAt:1479847281770,Parent RDD ID:43,Name:MapPartitionedRDD,TaskAttempt ID:97,Partition Id:6,Stage Id:32
16/11/22 13:42:00 INFO serializeLogger: [RunnerCompute]EndAt:1479847320026,Parent RDD ID:43,Name:MapPartitionedRDD,TaskAttempt ID:97,Partition Id:6,Stage Id:32
16/11/22 13:42:00 INFO serializeLogger: [writerThread]StartAt:1479847320028,Parent RDD ID:70,Name:UnionRDD,TaskAttempt ID:97,Partition Id:6,Stage Id:32
16/11/22 13:42:00 INFO serializeLogger: [RunnerCompute]EndAt:1479847320113,Parent RDD ID:70,Name:UnionRDD,TaskAttempt ID:97,Partition Id:6,Stage Id:32
16/11/22 13:42:00 INFO serializeLogger: [writerThread]EndAt:1479847320274,Parent RDD ID:70,Name:UnionRDD,TaskAttempt ID:97,Partition Id:6,Stage Id:32
16/11/22 13:42:00 INFO serializeLogger: [writerThread]EndAt:1479847320274,Parent RDD ID:43,Name:MapPartitionedRDD,TaskAttempt ID:97,Partition Id:6,Stage Id:32
16/11/22 13:42:03 INFO serializeLogger: [RunnerCompute]EndAt:1479847323749,Parent RDD ID:43,Name:MapPartitionedRDD,TaskAttempt ID:94,Partition Id:2,Stage Id:32
16/11/22 13:42:03 INFO serializeLogger: [writerThread]StartAt:1479847323751,Parent RDD ID:70,Name:UnionRDD,TaskAttempt ID:94,Partition Id:2,Stage Id:32
16/11/22 13:42:22 INFO serializeLogger: [RunnerCompute]EndAt:1479847342565,Parent RDD ID:70,Name:UnionRDD,TaskAttempt ID:94,Partition Id:2,Stage Id:32
16/11/22 13:42:23 INFO serializeLogger: [writerThread]EndAt:1479847343880,Parent RDD ID:70,Name:UnionRDD,TaskAttempt ID:94,Partition Id:2,Stage Id:32
16/11/22 13:42:23 INFO serializeLogger: [writerThread]EndAt:1479847343880,Parent RDD ID:43,Name:MapPartitionedRDD,TaskAttempt ID:94,Partition Id:2,Stage Id:32
16/11/22 13:42:29 INFO serializeLogger: [CreationPYRE]StartAt:1479847349275,Parent RDD ID:74,Name:MapPartitionedRDD,TaskAttempt ID:99,Partition Id:2,Stage Id:33
16/11/22 13:42:29 INFO serializeLogger: [CreationPYRE]EndAt:1479847349275,Parent RDD ID:74,Name:MapPartitionedRDD,TaskAttempt ID:99,Partition Id:2,Stage Id:33
16/11/22 13:42:29 INFO serializeLogger: [RunnerCompute]StartAt:1479847349275,Parent RDD ID:74,Name:MapPartitionedRDD,TaskAttempt ID:99,Partition Id:2,Stage Id:33
16/11/22 13:42:29 INFO serializeLogger: [writerThread]StartAt:1479847349307,Parent RDD ID:74,Name:MapPartitionedRDD,TaskAttempt ID:99,Partition Id:2,Stage Id:33
16/11/22 13:42:47 INFO serializeLogger: [RunnerCompute]EndAt:1479847367561,Parent RDD ID:74,Name:MapPartitionedRDD,TaskAttempt ID:99,Partition Id:2,Stage Id:33
16/11/22 13:42:47 INFO serializeLogger: [writerThread]EndAt:1479847367564,Parent RDD ID:74,Name:MapPartitionedRDD,TaskAttempt ID:99,Partition Id:2,Stage Id:33
16/11/22 13:42:50 INFO serializeLogger: [CreationPYRE]StartAt:1479847370109,Parent RDD ID:78,Name:UnionRDD,TaskAttempt ID:103,Partition Id:2,Stage Id:40
16/11/22 13:42:50 INFO serializeLogger: [CreationPYRE]EndAt:1479847370109,Parent RDD ID:78,Name:UnionRDD,TaskAttempt ID:103,Partition Id:2,Stage Id:40
16/11/22 13:42:50 INFO serializeLogger: [RunnerCompute]StartAt:1479847370109,Parent RDD ID:78,Name:UnionRDD,TaskAttempt ID:103,Partition Id:2,Stage Id:40
16/11/22 13:42:50 INFO serializeLogger: [CreationPYRE]StartAt:1479847370109,Parent RDD ID:43,Name:MapPartitionedRDD,TaskAttempt ID:103,Partition Id:2,Stage Id:40
16/11/22 13:42:50 INFO serializeLogger: [CreationPYRE]EndAt:1479847370110,Parent RDD ID:43,Name:MapPartitionedRDD,TaskAttempt ID:103,Partition Id:2,Stage Id:40
16/11/22 13:42:50 INFO serializeLogger: [RunnerCompute]StartAt:1479847370110,Parent RDD ID:43,Name:MapPartitionedRDD,TaskAttempt ID:103,Partition Id:2,Stage Id:40
16/11/22 13:42:50 INFO serializeLogger: [CreationPYRE]StartAt:1479847370118,Parent RDD ID:78,Name:UnionRDD,TaskAttempt ID:110,Partition Id:7,Stage Id:40
16/11/22 13:42:50 INFO serializeLogger: [CreationPYRE]EndAt:1479847370119,Parent RDD ID:78,Name:UnionRDD,TaskAttempt ID:110,Partition Id:7,Stage Id:40
16/11/22 13:42:50 INFO serializeLogger: [CreationPYRE]StartAt:1479847370119,Parent RDD ID:78,Name:UnionRDD,TaskAttempt ID:107,Partition Id:3,Stage Id:40
16/11/22 13:42:50 INFO serializeLogger: [RunnerCompute]StartAt:1479847370119,Parent RDD ID:78,Name:UnionRDD,TaskAttempt ID:110,Partition Id:7,Stage Id:40
16/11/22 13:42:50 INFO serializeLogger: [CreationPYRE]EndAt:1479847370119,Parent RDD ID:78,Name:UnionRDD,TaskAttempt ID:107,Partition Id:3,Stage Id:40
16/11/22 13:42:50 INFO serializeLogger: [RunnerCompute]StartAt:1479847370119,Parent RDD ID:78,Name:UnionRDD,TaskAttempt ID:107,Partition Id:3,Stage Id:40
16/11/22 13:42:50 INFO serializeLogger: [CreationPYRE]StartAt:1479847370120,Parent RDD ID:43,Name:MapPartitionedRDD,TaskAttempt ID:110,Partition Id:7,Stage Id:40
16/11/22 13:42:50 INFO serializeLogger: [CreationPYRE]EndAt:1479847370120,Parent RDD ID:43,Name:MapPartitionedRDD,TaskAttempt ID:110,Partition Id:7,Stage Id:40
16/11/22 13:42:50 INFO serializeLogger: [RunnerCompute]StartAt:1479847370120,Parent RDD ID:43,Name:MapPartitionedRDD,TaskAttempt ID:110,Partition Id:7,Stage Id:40
16/11/22 13:42:50 INFO serializeLogger: [CreationPYRE]StartAt:1479847370121,Parent RDD ID:43,Name:MapPartitionedRDD,TaskAttempt ID:107,Partition Id:3,Stage Id:40
16/11/22 13:42:50 INFO serializeLogger: [CreationPYRE]EndAt:1479847370121,Parent RDD ID:43,Name:MapPartitionedRDD,TaskAttempt ID:107,Partition Id:3,Stage Id:40
16/11/22 13:42:50 INFO serializeLogger: [RunnerCompute]StartAt:1479847370121,Parent RDD ID:43,Name:MapPartitionedRDD,TaskAttempt ID:107,Partition Id:3,Stage Id:40
16/11/22 13:42:50 INFO serializeLogger: [writerThread]StartAt:1479847370150,Parent RDD ID:43,Name:MapPartitionedRDD,TaskAttempt ID:107,Partition Id:3,Stage Id:40
16/11/22 13:42:50 INFO serializeLogger: [writerThread]StartAt:1479847370202,Parent RDD ID:43,Name:MapPartitionedRDD,TaskAttempt ID:110,Partition Id:7,Stage Id:40
16/11/22 13:42:50 INFO serializeLogger: [writerThread]StartAt:1479847370204,Parent RDD ID:43,Name:MapPartitionedRDD,TaskAttempt ID:103,Partition Id:2,Stage Id:40
16/11/22 13:43:24 INFO serializeLogger: [RunnerCompute]EndAt:1479847404402,Parent RDD ID:43,Name:MapPartitionedRDD,TaskAttempt ID:110,Partition Id:7,Stage Id:40
16/11/22 13:43:24 INFO serializeLogger: [writerThread]StartAt:1479847404421,Parent RDD ID:78,Name:UnionRDD,TaskAttempt ID:110,Partition Id:7,Stage Id:40
16/11/22 13:43:24 INFO serializeLogger: [RunnerCompute]EndAt:1479847404555,Parent RDD ID:78,Name:UnionRDD,TaskAttempt ID:110,Partition Id:7,Stage Id:40
16/11/22 13:43:24 INFO serializeLogger: [writerThread]EndAt:1479847404709,Parent RDD ID:78,Name:UnionRDD,TaskAttempt ID:110,Partition Id:7,Stage Id:40
16/11/22 13:43:24 INFO serializeLogger: [writerThread]EndAt:1479847404709,Parent RDD ID:43,Name:MapPartitionedRDD,TaskAttempt ID:110,Partition Id:7,Stage Id:40
16/11/22 13:43:29 INFO serializeLogger: [RunnerCompute]EndAt:1479847409918,Parent RDD ID:43,Name:MapPartitionedRDD,TaskAttempt ID:107,Partition Id:3,Stage Id:40
16/11/22 13:43:29 INFO serializeLogger: [writerThread]StartAt:1479847409920,Parent RDD ID:78,Name:UnionRDD,TaskAttempt ID:107,Partition Id:3,Stage Id:40
16/11/22 13:43:33 INFO serializeLogger: [RunnerCompute]EndAt:1479847413351,Parent RDD ID:43,Name:MapPartitionedRDD,TaskAttempt ID:103,Partition Id:2,Stage Id:40
16/11/22 13:43:33 INFO serializeLogger: [writerThread]StartAt:1479847413354,Parent RDD ID:78,Name:UnionRDD,TaskAttempt ID:103,Partition Id:2,Stage Id:40
16/11/22 13:43:53 INFO serializeLogger: [RunnerCompute]EndAt:1479847433416,Parent RDD ID:78,Name:UnionRDD,TaskAttempt ID:103,Partition Id:2,Stage Id:40
16/11/22 13:43:54 INFO serializeLogger: [RunnerCompute]EndAt:1479847434367,Parent RDD ID:78,Name:UnionRDD,TaskAttempt ID:107,Partition Id:3,Stage Id:40
16/11/22 13:43:54 INFO serializeLogger: [writerThread]EndAt:1479847434723,Parent RDD ID:78,Name:UnionRDD,TaskAttempt ID:103,Partition Id:2,Stage Id:40
16/11/22 13:43:54 INFO serializeLogger: [writerThread]EndAt:1479847434723,Parent RDD ID:43,Name:MapPartitionedRDD,TaskAttempt ID:103,Partition Id:2,Stage Id:40
16/11/22 13:43:55 INFO serializeLogger: [writerThread]EndAt:1479847435995,Parent RDD ID:78,Name:UnionRDD,TaskAttempt ID:107,Partition Id:3,Stage Id:40
16/11/22 13:43:55 INFO serializeLogger: [writerThread]EndAt:1479847435995,Parent RDD ID:43,Name:MapPartitionedRDD,TaskAttempt ID:107,Partition Id:3,Stage Id:40
16/11/22 13:43:56 INFO serializeLogger: [CreationPYRE]StartAt:1479847436124,Parent RDD ID:85,Name:UnionRDD,TaskAttempt ID:111,Partition Id:2,Stage Id:41
16/11/22 13:43:56 INFO serializeLogger: [CreationPYRE]EndAt:1479847436125,Parent RDD ID:85,Name:UnionRDD,TaskAttempt ID:111,Partition Id:2,Stage Id:41
16/11/22 13:43:56 INFO serializeLogger: [RunnerCompute]StartAt:1479847436125,Parent RDD ID:85,Name:UnionRDD,TaskAttempt ID:111,Partition Id:2,Stage Id:41
16/11/22 13:43:56 INFO serializeLogger: [CreationPYRE]StartAt:1479847436125,Parent RDD ID:82,Name:MapPartitionedRDD,TaskAttempt ID:111,Partition Id:2,Stage Id:41
16/11/22 13:43:56 INFO serializeLogger: [CreationPYRE]EndAt:1479847436125,Parent RDD ID:82,Name:MapPartitionedRDD,TaskAttempt ID:111,Partition Id:2,Stage Id:41
16/11/22 13:43:56 INFO serializeLogger: [RunnerCompute]StartAt:1479847436126,Parent RDD ID:82,Name:MapPartitionedRDD,TaskAttempt ID:111,Partition Id:2,Stage Id:41
16/11/22 13:43:56 INFO serializeLogger: [CreationPYRE]StartAt:1479847436130,Parent RDD ID:85,Name:UnionRDD,TaskAttempt ID:115,Partition Id:6,Stage Id:41
16/11/22 13:43:56 INFO serializeLogger: [CreationPYRE]EndAt:1479847436130,Parent RDD ID:85,Name:UnionRDD,TaskAttempt ID:115,Partition Id:6,Stage Id:41
16/11/22 13:43:56 INFO serializeLogger: [RunnerCompute]StartAt:1479847436131,Parent RDD ID:85,Name:UnionRDD,TaskAttempt ID:115,Partition Id:6,Stage Id:41
16/11/22 13:43:56 INFO serializeLogger: [CreationPYRE]StartAt:1479847436132,Parent RDD ID:82,Name:MapPartitionedRDD,TaskAttempt ID:115,Partition Id:6,Stage Id:41
16/11/22 13:43:56 INFO serializeLogger: [CreationPYRE]EndAt:1479847436132,Parent RDD ID:82,Name:MapPartitionedRDD,TaskAttempt ID:115,Partition Id:6,Stage Id:41
16/11/22 13:43:56 INFO serializeLogger: [RunnerCompute]StartAt:1479847436132,Parent RDD ID:82,Name:MapPartitionedRDD,TaskAttempt ID:115,Partition Id:6,Stage Id:41
16/11/22 13:43:56 INFO serializeLogger: [writerThread]StartAt:1479847436160,Parent RDD ID:82,Name:MapPartitionedRDD,TaskAttempt ID:115,Partition Id:6,Stage Id:41
16/11/22 13:43:56 INFO serializeLogger: [writerThread]StartAt:1479847436166,Parent RDD ID:82,Name:MapPartitionedRDD,TaskAttempt ID:111,Partition Id:2,Stage Id:41
16/11/22 13:44:31 INFO serializeLogger: [RunnerCompute]EndAt:1479847471737,Parent RDD ID:82,Name:MapPartitionedRDD,TaskAttempt ID:115,Partition Id:6,Stage Id:41
16/11/22 13:44:31 INFO serializeLogger: [writerThread]StartAt:1479847471739,Parent RDD ID:85,Name:UnionRDD,TaskAttempt ID:115,Partition Id:6,Stage Id:41
16/11/22 13:44:31 INFO serializeLogger: [RunnerCompute]EndAt:1479847471826,Parent RDD ID:85,Name:UnionRDD,TaskAttempt ID:115,Partition Id:6,Stage Id:41
16/11/22 13:44:31 INFO serializeLogger: [writerThread]EndAt:1479847471975,Parent RDD ID:85,Name:UnionRDD,TaskAttempt ID:115,Partition Id:6,Stage Id:41
16/11/22 13:44:31 INFO serializeLogger: [writerThread]EndAt:1479847471975,Parent RDD ID:82,Name:MapPartitionedRDD,TaskAttempt ID:115,Partition Id:6,Stage Id:41
16/11/22 13:44:37 INFO serializeLogger: [RunnerCompute]EndAt:1479847477793,Parent RDD ID:82,Name:MapPartitionedRDD,TaskAttempt ID:111,Partition Id:2,Stage Id:41
16/11/22 13:44:37 INFO serializeLogger: [writerThread]StartAt:1479847477799,Parent RDD ID:85,Name:UnionRDD,TaskAttempt ID:111,Partition Id:2,Stage Id:41
16/11/22 13:44:57 INFO serializeLogger: [RunnerCompute]EndAt:1479847497934,Parent RDD ID:85,Name:UnionRDD,TaskAttempt ID:111,Partition Id:2,Stage Id:41
16/11/22 13:44:59 INFO serializeLogger: [writerThread]EndAt:1479847499281,Parent RDD ID:85,Name:UnionRDD,TaskAttempt ID:111,Partition Id:2,Stage Id:41
16/11/22 13:44:59 INFO serializeLogger: [writerThread]EndAt:1479847499281,Parent RDD ID:82,Name:MapPartitionedRDD,TaskAttempt ID:111,Partition Id:2,Stage Id:41
16/11/22 13:45:02 INFO serializeLogger: [CreationPYRE]StartAt:1479847502586,Parent RDD ID:92,Name:UnionRDD,TaskAttempt ID:119,Partition Id:1,Stage Id:42
16/11/22 13:45:02 INFO serializeLogger: [CreationPYRE]EndAt:1479847502586,Parent RDD ID:92,Name:UnionRDD,TaskAttempt ID:119,Partition Id:1,Stage Id:42
16/11/22 13:45:02 INFO serializeLogger: [RunnerCompute]StartAt:1479847502586,Parent RDD ID:92,Name:UnionRDD,TaskAttempt ID:119,Partition Id:1,Stage Id:42
16/11/22 13:45:02 INFO serializeLogger: [CreationPYRE]StartAt:1479847502587,Parent RDD ID:89,Name:MapPartitionedRDD,TaskAttempt ID:119,Partition Id:1,Stage Id:42
16/11/22 13:45:02 INFO serializeLogger: [CreationPYRE]EndAt:1479847502587,Parent RDD ID:89,Name:MapPartitionedRDD,TaskAttempt ID:119,Partition Id:1,Stage Id:42
16/11/22 13:45:02 INFO serializeLogger: [RunnerCompute]StartAt:1479847502587,Parent RDD ID:89,Name:MapPartitionedRDD,TaskAttempt ID:119,Partition Id:1,Stage Id:42
16/11/22 13:45:02 INFO serializeLogger: [CreationPYRE]StartAt:1479847502592,Parent RDD ID:92,Name:UnionRDD,TaskAttempt ID:123,Partition Id:5,Stage Id:42
16/11/22 13:45:02 INFO serializeLogger: [CreationPYRE]EndAt:1479847502592,Parent RDD ID:92,Name:UnionRDD,TaskAttempt ID:123,Partition Id:5,Stage Id:42
16/11/22 13:45:02 INFO serializeLogger: [RunnerCompute]StartAt:1479847502592,Parent RDD ID:92,Name:UnionRDD,TaskAttempt ID:123,Partition Id:5,Stage Id:42
16/11/22 13:45:02 INFO serializeLogger: [CreationPYRE]StartAt:1479847502593,Parent RDD ID:89,Name:MapPartitionedRDD,TaskAttempt ID:123,Partition Id:5,Stage Id:42
16/11/22 13:45:02 INFO serializeLogger: [CreationPYRE]EndAt:1479847502594,Parent RDD ID:89,Name:MapPartitionedRDD,TaskAttempt ID:123,Partition Id:5,Stage Id:42
16/11/22 13:45:02 INFO serializeLogger: [RunnerCompute]StartAt:1479847502594,Parent RDD ID:89,Name:MapPartitionedRDD,TaskAttempt ID:123,Partition Id:5,Stage Id:42
16/11/22 13:45:02 INFO serializeLogger: [writerThread]StartAt:1479847502613,Parent RDD ID:89,Name:MapPartitionedRDD,TaskAttempt ID:119,Partition Id:1,Stage Id:42
16/11/22 13:45:02 INFO serializeLogger: [writerThread]StartAt:1479847502632,Parent RDD ID:89,Name:MapPartitionedRDD,TaskAttempt ID:123,Partition Id:5,Stage Id:42
16/11/22 13:45:43 INFO serializeLogger: [RunnerCompute]EndAt:1479847543355,Parent RDD ID:89,Name:MapPartitionedRDD,TaskAttempt ID:123,Partition Id:5,Stage Id:42
16/11/22 13:45:43 INFO serializeLogger: [writerThread]StartAt:1479847543357,Parent RDD ID:92,Name:UnionRDD,TaskAttempt ID:123,Partition Id:5,Stage Id:42
16/11/22 13:45:43 INFO serializeLogger: [RunnerCompute]EndAt:1479847543472,Parent RDD ID:92,Name:UnionRDD,TaskAttempt ID:123,Partition Id:5,Stage Id:42
16/11/22 13:45:43 INFO serializeLogger: [writerThread]EndAt:1479847543628,Parent RDD ID:92,Name:UnionRDD,TaskAttempt ID:123,Partition Id:5,Stage Id:42
16/11/22 13:45:43 INFO serializeLogger: [writerThread]EndAt:1479847543628,Parent RDD ID:89,Name:MapPartitionedRDD,TaskAttempt ID:123,Partition Id:5,Stage Id:42
16/11/22 13:45:45 INFO serializeLogger: [RunnerCompute]EndAt:1479847545647,Parent RDD ID:89,Name:MapPartitionedRDD,TaskAttempt ID:119,Partition Id:1,Stage Id:42
16/11/22 13:45:45 INFO serializeLogger: [writerThread]StartAt:1479847545649,Parent RDD ID:92,Name:UnionRDD,TaskAttempt ID:119,Partition Id:1,Stage Id:42
16/11/22 13:46:05 INFO serializeLogger: [RunnerCompute]EndAt:1479847565300,Parent RDD ID:92,Name:UnionRDD,TaskAttempt ID:119,Partition Id:1,Stage Id:42
16/11/22 13:46:06 INFO serializeLogger: [writerThread]EndAt:1479847566617,Parent RDD ID:92,Name:UnionRDD,TaskAttempt ID:119,Partition Id:1,Stage Id:42
16/11/22 13:46:06 INFO serializeLogger: [writerThread]EndAt:1479847566617,Parent RDD ID:89,Name:MapPartitionedRDD,TaskAttempt ID:119,Partition Id:1,Stage Id:42
16/11/22 13:46:11 INFO serializeLogger: [CreationPYRE]StartAt:1479847571546,Parent RDD ID:99,Name:UnionRDD,TaskAttempt ID:128,Partition Id:0,Stage Id:43
16/11/22 13:46:11 INFO serializeLogger: [CreationPYRE]EndAt:1479847571546,Parent RDD ID:99,Name:UnionRDD,TaskAttempt ID:128,Partition Id:0,Stage Id:43
16/11/22 13:46:11 INFO serializeLogger: [RunnerCompute]StartAt:1479847571546,Parent RDD ID:99,Name:UnionRDD,TaskAttempt ID:128,Partition Id:0,Stage Id:43
16/11/22 13:46:11 INFO serializeLogger: [CreationPYRE]StartAt:1479847571546,Parent RDD ID:96,Name:MapPartitionedRDD,TaskAttempt ID:128,Partition Id:0,Stage Id:43
16/11/22 13:46:11 INFO serializeLogger: [CreationPYRE]EndAt:1479847571546,Parent RDD ID:96,Name:MapPartitionedRDD,TaskAttempt ID:128,Partition Id:0,Stage Id:43
16/11/22 13:46:11 INFO serializeLogger: [RunnerCompute]StartAt:1479847571547,Parent RDD ID:96,Name:MapPartitionedRDD,TaskAttempt ID:128,Partition Id:0,Stage Id:43
16/11/22 13:46:11 INFO serializeLogger: [CreationPYRE]StartAt:1479847571550,Parent RDD ID:99,Name:UnionRDD,TaskAttempt ID:132,Partition Id:4,Stage Id:43
16/11/22 13:46:11 INFO serializeLogger: [CreationPYRE]EndAt:1479847571550,Parent RDD ID:99,Name:UnionRDD,TaskAttempt ID:132,Partition Id:4,Stage Id:43
16/11/22 13:46:11 INFO serializeLogger: [RunnerCompute]StartAt:1479847571550,Parent RDD ID:99,Name:UnionRDD,TaskAttempt ID:132,Partition Id:4,Stage Id:43
16/11/22 13:46:11 INFO serializeLogger: [CreationPYRE]StartAt:1479847571551,Parent RDD ID:96,Name:MapPartitionedRDD,TaskAttempt ID:132,Partition Id:4,Stage Id:43
16/11/22 13:46:11 INFO serializeLogger: [CreationPYRE]EndAt:1479847571552,Parent RDD ID:96,Name:MapPartitionedRDD,TaskAttempt ID:132,Partition Id:4,Stage Id:43
16/11/22 13:46:11 INFO serializeLogger: [RunnerCompute]StartAt:1479847571552,Parent RDD ID:96,Name:MapPartitionedRDD,TaskAttempt ID:132,Partition Id:4,Stage Id:43
16/11/22 13:46:11 INFO serializeLogger: [writerThread]StartAt:1479847571632,Parent RDD ID:96,Name:MapPartitionedRDD,TaskAttempt ID:128,Partition Id:0,Stage Id:43
16/11/22 13:46:11 INFO serializeLogger: [writerThread]StartAt:1479847571636,Parent RDD ID:96,Name:MapPartitionedRDD,TaskAttempt ID:132,Partition Id:4,Stage Id:43
16/11/22 13:46:56 INFO serializeLogger: [RunnerCompute]EndAt:1479847616053,Parent RDD ID:96,Name:MapPartitionedRDD,TaskAttempt ID:132,Partition Id:4,Stage Id:43
16/11/22 13:46:56 INFO serializeLogger: [writerThread]StartAt:1479847616055,Parent RDD ID:99,Name:UnionRDD,TaskAttempt ID:132,Partition Id:4,Stage Id:43
16/11/22 13:46:56 INFO serializeLogger: [RunnerCompute]EndAt:1479847616159,Parent RDD ID:99,Name:UnionRDD,TaskAttempt ID:132,Partition Id:4,Stage Id:43
16/11/22 13:46:56 INFO serializeLogger: [writerThread]EndAt:1479847616320,Parent RDD ID:99,Name:UnionRDD,TaskAttempt ID:132,Partition Id:4,Stage Id:43
16/11/22 13:46:56 INFO serializeLogger: [writerThread]EndAt:1479847616320,Parent RDD ID:96,Name:MapPartitionedRDD,TaskAttempt ID:132,Partition Id:4,Stage Id:43
16/11/22 13:46:59 INFO serializeLogger: [RunnerCompute]EndAt:1479847619172,Parent RDD ID:96,Name:MapPartitionedRDD,TaskAttempt ID:128,Partition Id:0,Stage Id:43
16/11/22 13:46:59 INFO serializeLogger: [writerThread]StartAt:1479847619175,Parent RDD ID:99,Name:UnionRDD,TaskAttempt ID:128,Partition Id:0,Stage Id:43
16/11/22 13:47:17 INFO serializeLogger: [RunnerCompute]EndAt:1479847637759,Parent RDD ID:99,Name:UnionRDD,TaskAttempt ID:128,Partition Id:0,Stage Id:43
16/11/22 13:47:19 INFO serializeLogger: [writerThread]EndAt:1479847639054,Parent RDD ID:99,Name:UnionRDD,TaskAttempt ID:128,Partition Id:0,Stage Id:43
16/11/22 13:47:19 INFO serializeLogger: [writerThread]EndAt:1479847639055,Parent RDD ID:96,Name:MapPartitionedRDD,TaskAttempt ID:128,Partition Id:0,Stage Id:43
16/11/22 13:47:22 INFO serializeLogger: [CreationPYRE]StartAt:1479847642250,Parent RDD ID:106,Name:UnionRDD,TaskAttempt ID:139,Partition Id:3,Stage Id:44
16/11/22 13:47:22 INFO serializeLogger: [CreationPYRE]EndAt:1479847642250,Parent RDD ID:106,Name:UnionRDD,TaskAttempt ID:139,Partition Id:3,Stage Id:44
16/11/22 13:47:22 INFO serializeLogger: [RunnerCompute]StartAt:1479847642250,Parent RDD ID:106,Name:UnionRDD,TaskAttempt ID:139,Partition Id:3,Stage Id:44
16/11/22 13:47:22 INFO serializeLogger: [CreationPYRE]StartAt:1479847642251,Parent RDD ID:103,Name:MapPartitionedRDD,TaskAttempt ID:139,Partition Id:3,Stage Id:44
16/11/22 13:47:22 INFO serializeLogger: [CreationPYRE]EndAt:1479847642251,Parent RDD ID:103,Name:MapPartitionedRDD,TaskAttempt ID:139,Partition Id:3,Stage Id:44
16/11/22 13:47:22 INFO serializeLogger: [RunnerCompute]StartAt:1479847642251,Parent RDD ID:103,Name:MapPartitionedRDD,TaskAttempt ID:139,Partition Id:3,Stage Id:44
16/11/22 13:47:22 INFO serializeLogger: [CreationPYRE]StartAt:1479847642257,Parent RDD ID:106,Name:UnionRDD,TaskAttempt ID:142,Partition Id:7,Stage Id:44
16/11/22 13:47:22 INFO serializeLogger: [CreationPYRE]EndAt:1479847642258,Parent RDD ID:106,Name:UnionRDD,TaskAttempt ID:142,Partition Id:7,Stage Id:44
16/11/22 13:47:22 INFO serializeLogger: [CreationPYRE]StartAt:1479847642258,Parent RDD ID:106,Name:UnionRDD,TaskAttempt ID:135,Partition Id:0,Stage Id:44
16/11/22 13:47:22 INFO serializeLogger: [RunnerCompute]StartAt:1479847642258,Parent RDD ID:106,Name:UnionRDD,TaskAttempt ID:142,Partition Id:7,Stage Id:44
16/11/22 13:47:22 INFO serializeLogger: [CreationPYRE]EndAt:1479847642259,Parent RDD ID:106,Name:UnionRDD,TaskAttempt ID:135,Partition Id:0,Stage Id:44
16/11/22 13:47:22 INFO serializeLogger: [RunnerCompute]StartAt:1479847642259,Parent RDD ID:106,Name:UnionRDD,TaskAttempt ID:135,Partition Id:0,Stage Id:44
16/11/22 13:47:22 INFO serializeLogger: [CreationPYRE]StartAt:1479847642259,Parent RDD ID:103,Name:MapPartitionedRDD,TaskAttempt ID:142,Partition Id:7,Stage Id:44
16/11/22 13:47:22 INFO serializeLogger: [CreationPYRE]EndAt:1479847642260,Parent RDD ID:103,Name:MapPartitionedRDD,TaskAttempt ID:142,Partition Id:7,Stage Id:44
16/11/22 13:47:22 INFO serializeLogger: [CreationPYRE]StartAt:1479847642260,Parent RDD ID:103,Name:MapPartitionedRDD,TaskAttempt ID:135,Partition Id:0,Stage Id:44
16/11/22 13:47:22 INFO serializeLogger: [RunnerCompute]StartAt:1479847642260,Parent RDD ID:103,Name:MapPartitionedRDD,TaskAttempt ID:142,Partition Id:7,Stage Id:44
16/11/22 13:47:22 INFO serializeLogger: [CreationPYRE]EndAt:1479847642260,Parent RDD ID:103,Name:MapPartitionedRDD,TaskAttempt ID:135,Partition Id:0,Stage Id:44
16/11/22 13:47:22 INFO serializeLogger: [RunnerCompute]StartAt:1479847642260,Parent RDD ID:103,Name:MapPartitionedRDD,TaskAttempt ID:135,Partition Id:0,Stage Id:44
16/11/22 13:47:22 INFO serializeLogger: [writerThread]StartAt:1479847642284,Parent RDD ID:103,Name:MapPartitionedRDD,TaskAttempt ID:142,Partition Id:7,Stage Id:44
16/11/22 13:47:22 INFO serializeLogger: [writerThread]StartAt:1479847642293,Parent RDD ID:103,Name:MapPartitionedRDD,TaskAttempt ID:139,Partition Id:3,Stage Id:44
16/11/22 13:47:22 INFO serializeLogger: [writerThread]StartAt:1479847642301,Parent RDD ID:103,Name:MapPartitionedRDD,TaskAttempt ID:135,Partition Id:0,Stage Id:44
16/11/22 13:47:58 INFO serializeLogger: [RunnerCompute]EndAt:1479847678514,Parent RDD ID:103,Name:MapPartitionedRDD,TaskAttempt ID:142,Partition Id:7,Stage Id:44
16/11/22 13:47:58 INFO serializeLogger: [writerThread]StartAt:1479847678517,Parent RDD ID:106,Name:UnionRDD,TaskAttempt ID:142,Partition Id:7,Stage Id:44
16/11/22 13:47:58 INFO serializeLogger: [RunnerCompute]EndAt:1479847678622,Parent RDD ID:106,Name:UnionRDD,TaskAttempt ID:142,Partition Id:7,Stage Id:44
16/11/22 13:47:58 INFO serializeLogger: [writerThread]EndAt:1479847678771,Parent RDD ID:106,Name:UnionRDD,TaskAttempt ID:142,Partition Id:7,Stage Id:44
16/11/22 13:47:58 INFO serializeLogger: [writerThread]EndAt:1479847678771,Parent RDD ID:103,Name:MapPartitionedRDD,TaskAttempt ID:142,Partition Id:7,Stage Id:44
16/11/22 13:48:04 INFO serializeLogger: [RunnerCompute]EndAt:1479847684801,Parent RDD ID:103,Name:MapPartitionedRDD,TaskAttempt ID:135,Partition Id:0,Stage Id:44
16/11/22 13:48:04 INFO serializeLogger: [writerThread]StartAt:1479847684803,Parent RDD ID:106,Name:UnionRDD,TaskAttempt ID:135,Partition Id:0,Stage Id:44
16/11/22 13:48:09 INFO serializeLogger: [RunnerCompute]EndAt:1479847689480,Parent RDD ID:103,Name:MapPartitionedRDD,TaskAttempt ID:139,Partition Id:3,Stage Id:44
16/11/22 13:48:09 INFO serializeLogger: [writerThread]StartAt:1479847689482,Parent RDD ID:106,Name:UnionRDD,TaskAttempt ID:139,Partition Id:3,Stage Id:44
16/11/22 13:48:23 INFO serializeLogger: [RunnerCompute]EndAt:1479847703747,Parent RDD ID:106,Name:UnionRDD,TaskAttempt ID:135,Partition Id:0,Stage Id:44
16/11/22 13:48:25 INFO serializeLogger: [writerThread]EndAt:1479847705001,Parent RDD ID:106,Name:UnionRDD,TaskAttempt ID:135,Partition Id:0,Stage Id:44
16/11/22 13:48:25 INFO serializeLogger: [writerThread]EndAt:1479847705001,Parent RDD ID:103,Name:MapPartitionedRDD,TaskAttempt ID:135,Partition Id:0,Stage Id:44
16/11/22 13:48:30 INFO serializeLogger: [RunnerCompute]EndAt:1479847710050,Parent RDD ID:106,Name:UnionRDD,TaskAttempt ID:139,Partition Id:3,Stage Id:44
16/11/22 13:48:31 INFO serializeLogger: [writerThread]EndAt:1479847711351,Parent RDD ID:106,Name:UnionRDD,TaskAttempt ID:139,Partition Id:3,Stage Id:44
16/11/22 13:48:31 INFO serializeLogger: [writerThread]EndAt:1479847711352,Parent RDD ID:103,Name:MapPartitionedRDD,TaskAttempt ID:139,Partition Id:3,Stage Id:44
16/11/22 13:48:31 INFO serializeLogger: [CreationPYRE]StartAt:1479847711458,Parent RDD ID:110,Name:MapPartitionedRDD,TaskAttempt ID:144,Partition Id:0,Stage Id:45
16/11/22 13:48:31 INFO serializeLogger: [CreationPYRE]EndAt:1479847711458,Parent RDD ID:110,Name:MapPartitionedRDD,TaskAttempt ID:144,Partition Id:0,Stage Id:45
16/11/22 13:48:31 INFO serializeLogger: [RunnerCompute]StartAt:1479847711458,Parent RDD ID:110,Name:MapPartitionedRDD,TaskAttempt ID:144,Partition Id:0,Stage Id:45
16/11/22 13:48:31 INFO serializeLogger: [writerThread]StartAt:1479847711491,Parent RDD ID:110,Name:MapPartitionedRDD,TaskAttempt ID:144,Partition Id:0,Stage Id:45
16/11/22 13:48:49 INFO serializeLogger: [RunnerCompute]EndAt:1479847729638,Parent RDD ID:110,Name:MapPartitionedRDD,TaskAttempt ID:144,Partition Id:0,Stage Id:45
16/11/22 13:48:49 INFO serializeLogger: [writerThread]EndAt:1479847729641,Parent RDD ID:110,Name:MapPartitionedRDD,TaskAttempt ID:144,Partition Id:0,Stage Id:45
16/11/22 13:48:54 INFO serializeLogger: [CreationPYRE]StartAt:1479847734860,Parent RDD ID:114,Name:UnionRDD,TaskAttempt ID:150,Partition Id:3,Stage Id:56
16/11/22 13:48:54 INFO serializeLogger: [CreationPYRE]EndAt:1479847734860,Parent RDD ID:114,Name:UnionRDD,TaskAttempt ID:150,Partition Id:3,Stage Id:56
16/11/22 13:48:54 INFO serializeLogger: [RunnerCompute]StartAt:1479847734860,Parent RDD ID:114,Name:UnionRDD,TaskAttempt ID:150,Partition Id:3,Stage Id:56
16/11/22 13:48:54 INFO serializeLogger: [CreationPYRE]StartAt:1479847734860,Parent RDD ID:114,Name:UnionRDD,TaskAttempt ID:154,Partition Id:7,Stage Id:56
16/11/22 13:48:54 INFO serializeLogger: [CreationPYRE]EndAt:1479847734860,Parent RDD ID:114,Name:UnionRDD,TaskAttempt ID:154,Partition Id:7,Stage Id:56
16/11/22 13:48:54 INFO serializeLogger: [RunnerCompute]StartAt:1479847734860,Parent RDD ID:114,Name:UnionRDD,TaskAttempt ID:154,Partition Id:7,Stage Id:56
16/11/22 13:48:54 INFO serializeLogger: [CreationPYRE]StartAt:1479847734861,Parent RDD ID:103,Name:MapPartitionedRDD,TaskAttempt ID:150,Partition Id:3,Stage Id:56
16/11/22 13:48:54 INFO serializeLogger: [CreationPYRE]EndAt:1479847734861,Parent RDD ID:103,Name:MapPartitionedRDD,TaskAttempt ID:150,Partition Id:3,Stage Id:56
16/11/22 13:48:54 INFO serializeLogger: [RunnerCompute]StartAt:1479847734861,Parent RDD ID:103,Name:MapPartitionedRDD,TaskAttempt ID:150,Partition Id:3,Stage Id:56
16/11/22 13:48:54 INFO serializeLogger: [CreationPYRE]StartAt:1479847734861,Parent RDD ID:103,Name:MapPartitionedRDD,TaskAttempt ID:154,Partition Id:7,Stage Id:56
16/11/22 13:48:54 INFO serializeLogger: [CreationPYRE]EndAt:1479847734861,Parent RDD ID:103,Name:MapPartitionedRDD,TaskAttempt ID:154,Partition Id:7,Stage Id:56
16/11/22 13:48:54 INFO serializeLogger: [RunnerCompute]StartAt:1479847734862,Parent RDD ID:103,Name:MapPartitionedRDD,TaskAttempt ID:154,Partition Id:7,Stage Id:56
16/11/22 13:48:54 INFO serializeLogger: [writerThread]StartAt:1479847734879,Parent RDD ID:103,Name:MapPartitionedRDD,TaskAttempt ID:150,Partition Id:3,Stage Id:56
16/11/22 13:48:54 INFO serializeLogger: [writerThread]StartAt:1479847734884,Parent RDD ID:103,Name:MapPartitionedRDD,TaskAttempt ID:154,Partition Id:7,Stage Id:56
16/11/22 13:49:35 INFO serializeLogger: [RunnerCompute]EndAt:1479847775991,Parent RDD ID:103,Name:MapPartitionedRDD,TaskAttempt ID:154,Partition Id:7,Stage Id:56
16/11/22 13:49:35 INFO serializeLogger: [writerThread]StartAt:1479847775994,Parent RDD ID:114,Name:UnionRDD,TaskAttempt ID:154,Partition Id:7,Stage Id:56
16/11/22 13:49:36 INFO serializeLogger: [RunnerCompute]EndAt:1479847776107,Parent RDD ID:114,Name:UnionRDD,TaskAttempt ID:154,Partition Id:7,Stage Id:56
16/11/22 13:49:36 INFO serializeLogger: [writerThread]EndAt:1479847776262,Parent RDD ID:114,Name:UnionRDD,TaskAttempt ID:154,Partition Id:7,Stage Id:56
16/11/22 13:49:36 INFO serializeLogger: [writerThread]EndAt:1479847776263,Parent RDD ID:103,Name:MapPartitionedRDD,TaskAttempt ID:154,Partition Id:7,Stage Id:56
16/11/22 13:49:39 INFO serializeLogger: [RunnerCompute]EndAt:1479847779459,Parent RDD ID:103,Name:MapPartitionedRDD,TaskAttempt ID:150,Partition Id:3,Stage Id:56
16/11/22 13:49:39 INFO serializeLogger: [writerThread]StartAt:1479847779461,Parent RDD ID:114,Name:UnionRDD,TaskAttempt ID:150,Partition Id:3,Stage Id:56
16/11/22 13:49:58 INFO serializeLogger: [RunnerCompute]EndAt:1479847798873,Parent RDD ID:114,Name:UnionRDD,TaskAttempt ID:150,Partition Id:3,Stage Id:56
16/11/22 13:50:00 INFO serializeLogger: [writerThread]EndAt:1479847800211,Parent RDD ID:114,Name:UnionRDD,TaskAttempt ID:150,Partition Id:3,Stage Id:56
16/11/22 13:50:00 INFO serializeLogger: [writerThread]EndAt:1479847800212,Parent RDD ID:103,Name:MapPartitionedRDD,TaskAttempt ID:150,Partition Id:3,Stage Id:56
16/11/22 13:50:00 INFO serializeLogger: [CreationPYRE]StartAt:1479847800321,Parent RDD ID:118,Name:MapPartitionedRDD,TaskAttempt ID:158,Partition Id:3,Stage Id:57
16/11/22 13:50:00 INFO serializeLogger: [CreationPYRE]EndAt:1479847800322,Parent RDD ID:118,Name:MapPartitionedRDD,TaskAttempt ID:158,Partition Id:3,Stage Id:57
16/11/22 13:50:00 INFO serializeLogger: [RunnerCompute]StartAt:1479847800322,Parent RDD ID:118,Name:MapPartitionedRDD,TaskAttempt ID:158,Partition Id:3,Stage Id:57
16/11/22 13:50:00 INFO serializeLogger: [writerThread]StartAt:1479847800359,Parent RDD ID:118,Name:MapPartitionedRDD,TaskAttempt ID:158,Partition Id:3,Stage Id:57
16/11/22 13:50:18 INFO serializeLogger: [RunnerCompute]EndAt:1479847818252,Parent RDD ID:118,Name:MapPartitionedRDD,TaskAttempt ID:158,Partition Id:3,Stage Id:57
16/11/22 13:50:18 INFO serializeLogger: [writerThread]EndAt:1479847818255,Parent RDD ID:118,Name:MapPartitionedRDD,TaskAttempt ID:158,Partition Id:3,Stage Id:57
16/11/22 13:50:20 INFO serializeLogger: [CreationPYRE]StartAt:1479847820117,Parent RDD ID:122,Name:UnionRDD,TaskAttempt ID:161,Partition Id:0,Stage Id:68
16/11/22 13:50:20 INFO serializeLogger: [CreationPYRE]EndAt:1479847820117,Parent RDD ID:122,Name:UnionRDD,TaskAttempt ID:161,Partition Id:0,Stage Id:68
16/11/22 13:50:20 INFO serializeLogger: [RunnerCompute]StartAt:1479847820117,Parent RDD ID:122,Name:UnionRDD,TaskAttempt ID:161,Partition Id:0,Stage Id:68
16/11/22 13:50:20 INFO serializeLogger: [CreationPYRE]StartAt:1479847820118,Parent RDD ID:103,Name:MapPartitionedRDD,TaskAttempt ID:161,Partition Id:0,Stage Id:68
16/11/22 13:50:20 INFO serializeLogger: [CreationPYRE]EndAt:1479847820118,Parent RDD ID:103,Name:MapPartitionedRDD,TaskAttempt ID:161,Partition Id:0,Stage Id:68
16/11/22 13:50:20 INFO serializeLogger: [RunnerCompute]StartAt:1479847820118,Parent RDD ID:103,Name:MapPartitionedRDD,TaskAttempt ID:161,Partition Id:0,Stage Id:68
16/11/22 13:50:20 INFO serializeLogger: [CreationPYRE]StartAt:1479847820121,Parent RDD ID:122,Name:UnionRDD,TaskAttempt ID:165,Partition Id:7,Stage Id:68
16/11/22 13:50:20 INFO serializeLogger: [CreationPYRE]EndAt:1479847820121,Parent RDD ID:122,Name:UnionRDD,TaskAttempt ID:165,Partition Id:7,Stage Id:68
16/11/22 13:50:20 INFO serializeLogger: [RunnerCompute]StartAt:1479847820121,Parent RDD ID:122,Name:UnionRDD,TaskAttempt ID:165,Partition Id:7,Stage Id:68
16/11/22 13:50:20 INFO serializeLogger: [CreationPYRE]StartAt:1479847820122,Parent RDD ID:103,Name:MapPartitionedRDD,TaskAttempt ID:165,Partition Id:7,Stage Id:68
16/11/22 13:50:20 INFO serializeLogger: [CreationPYRE]EndAt:1479847820122,Parent RDD ID:103,Name:MapPartitionedRDD,TaskAttempt ID:165,Partition Id:7,Stage Id:68
16/11/22 13:50:20 INFO serializeLogger: [RunnerCompute]StartAt:1479847820122,Parent RDD ID:103,Name:MapPartitionedRDD,TaskAttempt ID:165,Partition Id:7,Stage Id:68
16/11/22 13:50:20 INFO serializeLogger: [writerThread]StartAt:1479847820140,Parent RDD ID:103,Name:MapPartitionedRDD,TaskAttempt ID:161,Partition Id:0,Stage Id:68
16/11/22 13:50:20 INFO serializeLogger: [writerThread]StartAt:1479847820144,Parent RDD ID:103,Name:MapPartitionedRDD,TaskAttempt ID:165,Partition Id:7,Stage Id:68
16/11/22 13:50:57 INFO serializeLogger: [RunnerCompute]EndAt:1479847857613,Parent RDD ID:103,Name:MapPartitionedRDD,TaskAttempt ID:165,Partition Id:7,Stage Id:68
16/11/22 13:50:57 INFO serializeLogger: [writerThread]StartAt:1479847857615,Parent RDD ID:122,Name:UnionRDD,TaskAttempt ID:165,Partition Id:7,Stage Id:68
16/11/22 13:50:57 INFO serializeLogger: [RunnerCompute]EndAt:1479847857706,Parent RDD ID:122,Name:UnionRDD,TaskAttempt ID:165,Partition Id:7,Stage Id:68
16/11/22 13:50:57 INFO serializeLogger: [writerThread]EndAt:1479847857846,Parent RDD ID:122,Name:UnionRDD,TaskAttempt ID:165,Partition Id:7,Stage Id:68
16/11/22 13:50:57 INFO serializeLogger: [writerThread]EndAt:1479847857846,Parent RDD ID:103,Name:MapPartitionedRDD,TaskAttempt ID:165,Partition Id:7,Stage Id:68
16/11/22 13:50:58 INFO serializeLogger: [RunnerCompute]EndAt:1479847858477,Parent RDD ID:103,Name:MapPartitionedRDD,TaskAttempt ID:161,Partition Id:0,Stage Id:68
16/11/22 13:50:58 INFO serializeLogger: [writerThread]StartAt:1479847858479,Parent RDD ID:122,Name:UnionRDD,TaskAttempt ID:161,Partition Id:0,Stage Id:68
16/11/22 13:51:16 INFO serializeLogger: [RunnerCompute]EndAt:1479847876931,Parent RDD ID:122,Name:UnionRDD,TaskAttempt ID:161,Partition Id:0,Stage Id:68
16/11/22 13:51:18 INFO serializeLogger: [writerThread]EndAt:1479847878197,Parent RDD ID:122,Name:UnionRDD,TaskAttempt ID:161,Partition Id:0,Stage Id:68
16/11/22 13:51:18 INFO serializeLogger: [writerThread]EndAt:1479847878197,Parent RDD ID:103,Name:MapPartitionedRDD,TaskAttempt ID:161,Partition Id:0,Stage Id:68
16/11/22 13:51:25 INFO serializeLogger: [CreationPYRE]StartAt:1479847885968,Parent RDD ID:126,Name:MapPartitionedRDD,TaskAttempt ID:168,Partition Id:0,Stage Id:69
16/11/22 13:51:25 INFO serializeLogger: [CreationPYRE]EndAt:1479847885968,Parent RDD ID:126,Name:MapPartitionedRDD,TaskAttempt ID:168,Partition Id:0,Stage Id:69
16/11/22 13:51:25 INFO serializeLogger: [RunnerCompute]StartAt:1479847885968,Parent RDD ID:126,Name:MapPartitionedRDD,TaskAttempt ID:168,Partition Id:0,Stage Id:69
16/11/22 13:51:25 INFO serializeLogger: [writerThread]StartAt:1479847885998,Parent RDD ID:126,Name:MapPartitionedRDD,TaskAttempt ID:168,Partition Id:0,Stage Id:69
16/11/22 13:51:43 INFO serializeLogger: [RunnerCompute]EndAt:1479847903105,Parent RDD ID:126,Name:MapPartitionedRDD,TaskAttempt ID:168,Partition Id:0,Stage Id:69
16/11/22 13:51:43 INFO serializeLogger: [writerThread]EndAt:1479847903108,Parent RDD ID:126,Name:MapPartitionedRDD,TaskAttempt ID:168,Partition Id:0,Stage Id:69
16/11/22 13:51:47 INFO serializeLogger: [CreationPYRE]StartAt:1479847907752,Parent RDD ID:130,Name:UnionRDD,TaskAttempt ID:171,Partition Id:0,Stage Id:80
16/11/22 13:51:47 INFO serializeLogger: [CreationPYRE]EndAt:1479847907752,Parent RDD ID:130,Name:UnionRDD,TaskAttempt ID:171,Partition Id:0,Stage Id:80
16/11/22 13:51:47 INFO serializeLogger: [RunnerCompute]StartAt:1479847907752,Parent RDD ID:130,Name:UnionRDD,TaskAttempt ID:171,Partition Id:0,Stage Id:80
16/11/22 13:51:47 INFO serializeLogger: [CreationPYRE]StartAt:1479847907753,Parent RDD ID:103,Name:MapPartitionedRDD,TaskAttempt ID:171,Partition Id:0,Stage Id:80
16/11/22 13:51:47 INFO serializeLogger: [CreationPYRE]EndAt:1479847907753,Parent RDD ID:103,Name:MapPartitionedRDD,TaskAttempt ID:171,Partition Id:0,Stage Id:80
16/11/22 13:51:47 INFO serializeLogger: [RunnerCompute]StartAt:1479847907753,Parent RDD ID:103,Name:MapPartitionedRDD,TaskAttempt ID:171,Partition Id:0,Stage Id:80
16/11/22 13:51:47 INFO serializeLogger: [CreationPYRE]StartAt:1479847907757,Parent RDD ID:130,Name:UnionRDD,TaskAttempt ID:178,Partition Id:7,Stage Id:80
16/11/22 13:51:47 INFO serializeLogger: [CreationPYRE]StartAt:1479847907757,Parent RDD ID:130,Name:UnionRDD,TaskAttempt ID:175,Partition Id:3,Stage Id:80
16/11/22 13:51:47 INFO serializeLogger: [CreationPYRE]EndAt:1479847907757,Parent RDD ID:130,Name:UnionRDD,TaskAttempt ID:178,Partition Id:7,Stage Id:80
16/11/22 13:51:47 INFO serializeLogger: [CreationPYRE]EndAt:1479847907757,Parent RDD ID:130,Name:UnionRDD,TaskAttempt ID:175,Partition Id:3,Stage Id:80
16/11/22 13:51:47 INFO serializeLogger: [RunnerCompute]StartAt:1479847907758,Parent RDD ID:130,Name:UnionRDD,TaskAttempt ID:178,Partition Id:7,Stage Id:80
16/11/22 13:51:47 INFO serializeLogger: [RunnerCompute]StartAt:1479847907758,Parent RDD ID:130,Name:UnionRDD,TaskAttempt ID:175,Partition Id:3,Stage Id:80
16/11/22 13:51:47 INFO serializeLogger: [CreationPYRE]StartAt:1479847907759,Parent RDD ID:103,Name:MapPartitionedRDD,TaskAttempt ID:178,Partition Id:7,Stage Id:80
16/11/22 13:51:47 INFO serializeLogger: [CreationPYRE]StartAt:1479847907759,Parent RDD ID:103,Name:MapPartitionedRDD,TaskAttempt ID:175,Partition Id:3,Stage Id:80
16/11/22 13:51:47 INFO serializeLogger: [CreationPYRE]EndAt:1479847907759,Parent RDD ID:103,Name:MapPartitionedRDD,TaskAttempt ID:178,Partition Id:7,Stage Id:80
16/11/22 13:51:47 INFO serializeLogger: [CreationPYRE]EndAt:1479847907759,Parent RDD ID:103,Name:MapPartitionedRDD,TaskAttempt ID:175,Partition Id:3,Stage Id:80
16/11/22 13:51:47 INFO serializeLogger: [RunnerCompute]StartAt:1479847907759,Parent RDD ID:103,Name:MapPartitionedRDD,TaskAttempt ID:178,Partition Id:7,Stage Id:80
16/11/22 13:51:47 INFO serializeLogger: [RunnerCompute]StartAt:1479847907759,Parent RDD ID:103,Name:MapPartitionedRDD,TaskAttempt ID:175,Partition Id:3,Stage Id:80
16/11/22 13:51:47 INFO serializeLogger: [writerThread]StartAt:1479847907776,Parent RDD ID:103,Name:MapPartitionedRDD,TaskAttempt ID:171,Partition Id:0,Stage Id:80
16/11/22 13:51:47 INFO serializeLogger: [writerThread]StartAt:1479847907779,Parent RDD ID:103,Name:MapPartitionedRDD,TaskAttempt ID:178,Partition Id:7,Stage Id:80
16/11/22 13:51:47 INFO serializeLogger: [writerThread]StartAt:1479847907810,Parent RDD ID:103,Name:MapPartitionedRDD,TaskAttempt ID:175,Partition Id:3,Stage Id:80
16/11/22 13:52:27 INFO serializeLogger: [RunnerCompute]EndAt:1479847947648,Parent RDD ID:103,Name:MapPartitionedRDD,TaskAttempt ID:171,Partition Id:0,Stage Id:80
16/11/22 13:52:27 INFO serializeLogger: [writerThread]StartAt:1479847947650,Parent RDD ID:130,Name:UnionRDD,TaskAttempt ID:171,Partition Id:0,Stage Id:80
16/11/22 13:52:31 INFO serializeLogger: [RunnerCompute]EndAt:1479847951049,Parent RDD ID:103,Name:MapPartitionedRDD,TaskAttempt ID:178,Partition Id:7,Stage Id:80
16/11/22 13:52:31 INFO serializeLogger: [writerThread]StartAt:1479847951051,Parent RDD ID:130,Name:UnionRDD,TaskAttempt ID:178,Partition Id:7,Stage Id:80
16/11/22 13:52:31 INFO serializeLogger: [RunnerCompute]EndAt:1479847951131,Parent RDD ID:130,Name:UnionRDD,TaskAttempt ID:178,Partition Id:7,Stage Id:80
16/11/22 13:52:31 INFO serializeLogger: [writerThread]EndAt:1479847951278,Parent RDD ID:130,Name:UnionRDD,TaskAttempt ID:178,Partition Id:7,Stage Id:80
16/11/22 13:52:31 INFO serializeLogger: [writerThread]EndAt:1479847951278,Parent RDD ID:103,Name:MapPartitionedRDD,TaskAttempt ID:178,Partition Id:7,Stage Id:80
16/11/22 13:52:32 INFO serializeLogger: [RunnerCompute]EndAt:1479847952012,Parent RDD ID:103,Name:MapPartitionedRDD,TaskAttempt ID:175,Partition Id:3,Stage Id:80
16/11/22 13:52:32 INFO serializeLogger: [writerThread]StartAt:1479847952014,Parent RDD ID:130,Name:UnionRDD,TaskAttempt ID:175,Partition Id:3,Stage Id:80
16/11/22 13:52:46 INFO serializeLogger: [RunnerCompute]EndAt:1479847966755,Parent RDD ID:130,Name:UnionRDD,TaskAttempt ID:171,Partition Id:0,Stage Id:80
16/11/22 13:52:48 INFO serializeLogger: [writerThread]EndAt:1479847968007,Parent RDD ID:130,Name:UnionRDD,TaskAttempt ID:171,Partition Id:0,Stage Id:80
16/11/22 13:52:48 INFO serializeLogger: [writerThread]EndAt:1479847968007,Parent RDD ID:103,Name:MapPartitionedRDD,TaskAttempt ID:171,Partition Id:0,Stage Id:80
16/11/22 13:52:53 INFO serializeLogger: [RunnerCompute]EndAt:1479847973734,Parent RDD ID:130,Name:UnionRDD,TaskAttempt ID:175,Partition Id:3,Stage Id:80
16/11/22 13:52:55 INFO serializeLogger: [writerThread]EndAt:1479847975117,Parent RDD ID:130,Name:UnionRDD,TaskAttempt ID:175,Partition Id:3,Stage Id:80
16/11/22 13:52:55 INFO serializeLogger: [writerThread]EndAt:1479847975118,Parent RDD ID:103,Name:MapPartitionedRDD,TaskAttempt ID:175,Partition Id:3,Stage Id:80
16/11/22 13:52:55 INFO serializeLogger: [CreationPYRE]StartAt:1479847975219,Parent RDD ID:134,Name:MapPartitionedRDD,TaskAttempt ID:182,Partition Id:3,Stage Id:81
16/11/22 13:52:55 INFO serializeLogger: [CreationPYRE]EndAt:1479847975220,Parent RDD ID:134,Name:MapPartitionedRDD,TaskAttempt ID:182,Partition Id:3,Stage Id:81
16/11/22 13:52:55 INFO serializeLogger: [RunnerCompute]StartAt:1479847975220,Parent RDD ID:134,Name:MapPartitionedRDD,TaskAttempt ID:182,Partition Id:3,Stage Id:81
16/11/22 13:52:55 INFO serializeLogger: [writerThread]StartAt:1479847975251,Parent RDD ID:134,Name:MapPartitionedRDD,TaskAttempt ID:182,Partition Id:3,Stage Id:81
16/11/22 13:53:15 INFO serializeLogger: [RunnerCompute]EndAt:1479847995296,Parent RDD ID:134,Name:MapPartitionedRDD,TaskAttempt ID:182,Partition Id:3,Stage Id:81
16/11/22 13:53:15 INFO serializeLogger: [writerThread]EndAt:1479847995299,Parent RDD ID:134,Name:MapPartitionedRDD,TaskAttempt ID:182,Partition Id:3,Stage Id:81
