16/11/22 13:30:53 INFO myLogger: [MapPartitionsRDD]StartAt:129242831361070,TaskAttempt ID:9,Partition Id:4,Stage Id:1
16/11/22 13:30:53 INFO myLogger: [MapPartitionsRDD]StartAt:129242831585391,TaskAttempt ID:5,Partition Id:0,Stage Id:1
16/11/22 13:30:54 INFO myLogger: [MapPartitionsRDD]EndAt:129243438430889,TaskAttempt ID:5,Partition Id:0,Stage Id:1
16/11/22 13:30:54 INFO myLogger: [MapPartitionsRDD]EndAt:129243438649833,TaskAttempt ID:9,Partition Id:4,Stage Id:1
16/11/22 13:31:20 INFO myLogger: [MapPartitionsRDD]StartAt:129269522111290,TaskAttempt ID:10,Partition Id:0,Stage Id:2
16/11/22 13:31:20 INFO myLogger: [MapPartitionsRDD]StartAt:129269522208697,TaskAttempt ID:14,Partition Id:4,Stage Id:2
16/11/22 13:31:20 INFO myLogger: [MapPartitionsRDD]EndAt:129269530965013,TaskAttempt ID:10,Partition Id:0,Stage Id:2
16/11/22 13:31:20 INFO myLogger: [MapPartitionsRDD]EndAt:129269532715032,TaskAttempt ID:14,Partition Id:4,Stage Id:2
16/11/22 13:32:03 INFO myLogger: [UnionRDD]StartAt:129312820974461,TaskAttempt ID:16,Partition Id:1,Stage Id:3
16/11/22 13:32:03 INFO myLogger: [UnionRDD]StartAt:129312822064934,TaskAttempt ID:20,Partition Id:5,Stage Id:3
16/11/22 13:32:03 INFO myLogger: [MapPartitionsRDD]StartAt:129312822921521,TaskAttempt ID:16,Partition Id:1,Stage Id:3
16/11/22 13:32:03 INFO myLogger: [ShuffledRDD]StartAt:129312823565348,TaskAttempt ID:16,Partition Id:1,Stage Id:3
16/11/22 13:32:03 INFO myLogger: [ParallelCollectionRDD]StartAt:129312840777099,TaskAttempt ID:20,Partition Id:5,Stage Id:3
16/11/22 13:32:03 INFO myLogger: [ParallelCollectionRDD]EndAt:129312841219000,TaskAttempt ID:20,Partition Id:5,Stage Id:3
16/11/22 13:32:03 INFO myLogger: [ShuffledRDD]EndAt:129312934762240,TaskAttempt ID:16,Partition Id:1,Stage Id:3
16/11/22 13:32:03 INFO myLogger: [MapPartitionsRDD]EndAt:129312935667335,TaskAttempt ID:16,Partition Id:1,Stage Id:3
16/11/22 13:32:03 INFO myLogger: [UnionRDD]EndAt:129313023639641,TaskAttempt ID:20,Partition Id:5,Stage Id:3
16/11/22 13:32:24 INFO myLogger: [UnionRDD]EndAt:129333859424316,TaskAttempt ID:16,Partition Id:1,Stage Id:3
16/11/22 13:32:46 INFO myLogger: [UnionRDD]StartAt:129355907957658,TaskAttempt ID:30,Partition Id:1,Stage Id:4
16/11/22 13:32:46 INFO myLogger: [MapPartitionsRDD]StartAt:129355909019111,TaskAttempt ID:30,Partition Id:1,Stage Id:4
16/11/22 13:32:46 INFO myLogger: [ShuffledRDD]StartAt:129355909364840,TaskAttempt ID:30,Partition Id:1,Stage Id:4
16/11/22 13:32:46 INFO myLogger: [UnionRDD]StartAt:129355915952802,TaskAttempt ID:26,Partition Id:5,Stage Id:4
16/11/22 13:32:46 INFO myLogger: [ShuffledRDD]EndAt:129355957036309,TaskAttempt ID:30,Partition Id:1,Stage Id:4
16/11/22 13:32:46 INFO myLogger: [MapPartitionsRDD]EndAt:129355957371871,TaskAttempt ID:30,Partition Id:1,Stage Id:4
16/11/22 13:32:46 INFO myLogger: [UnionRDD]EndAt:129356069094057,TaskAttempt ID:26,Partition Id:5,Stage Id:4
16/11/22 13:33:06 INFO myLogger: [UnionRDD]EndAt:129375295641194,TaskAttempt ID:30,Partition Id:1,Stage Id:4
16/11/22 13:33:28 INFO myLogger: [UnionRDD]StartAt:129397955050723,TaskAttempt ID:32,Partition Id:1,Stage Id:5
16/11/22 13:33:28 INFO myLogger: [UnionRDD]StartAt:129397956339385,TaskAttempt ID:36,Partition Id:5,Stage Id:5
16/11/22 13:33:28 INFO myLogger: [MapPartitionsRDD]StartAt:129397956743431,TaskAttempt ID:32,Partition Id:1,Stage Id:5
16/11/22 13:33:28 INFO myLogger: [ShuffledRDD]StartAt:129397957264624,TaskAttempt ID:32,Partition Id:1,Stage Id:5
16/11/22 13:33:28 INFO myLogger: [MapPartitionsRDD]StartAt:129397957983838,TaskAttempt ID:36,Partition Id:5,Stage Id:5
16/11/22 13:33:28 INFO myLogger: [ShuffledRDD]StartAt:129397958395987,TaskAttempt ID:36,Partition Id:5,Stage Id:5
16/11/22 13:33:28 INFO myLogger: [ShuffledRDD]EndAt:129398000707651,TaskAttempt ID:32,Partition Id:1,Stage Id:5
16/11/22 13:33:28 INFO myLogger: [MapPartitionsRDD]EndAt:129398001070929,TaskAttempt ID:32,Partition Id:1,Stage Id:5
16/11/22 13:33:28 INFO myLogger: [ShuffledRDD]EndAt:129398001455769,TaskAttempt ID:36,Partition Id:5,Stage Id:5
16/11/22 13:33:28 INFO myLogger: [MapPartitionsRDD]EndAt:129398001947705,TaskAttempt ID:36,Partition Id:5,Stage Id:5
16/11/22 13:34:02 INFO myLogger: [UnionRDD]EndAt:129431364764784,TaskAttempt ID:36,Partition Id:5,Stage Id:5
16/11/22 13:34:09 INFO myLogger: [UnionRDD]EndAt:129438915535003,TaskAttempt ID:32,Partition Id:1,Stage Id:5
16/11/22 13:34:32 INFO myLogger: [UnionRDD]StartAt:129461294796748,TaskAttempt ID:41,Partition Id:4,Stage Id:6
16/11/22 13:34:32 INFO myLogger: [MapPartitionsRDD]StartAt:129461295903812,TaskAttempt ID:41,Partition Id:4,Stage Id:6
16/11/22 13:34:32 INFO myLogger: [ShuffledRDD]StartAt:129461296307094,TaskAttempt ID:41,Partition Id:4,Stage Id:6
16/11/22 13:34:32 INFO myLogger: [ShuffledRDD]EndAt:129461343235365,TaskAttempt ID:41,Partition Id:4,Stage Id:6
16/11/22 13:34:32 INFO myLogger: [MapPartitionsRDD]EndAt:129461343649739,TaskAttempt ID:41,Partition Id:4,Stage Id:6
16/11/22 13:35:08 INFO myLogger: [UnionRDD]EndAt:129498005101402,TaskAttempt ID:41,Partition Id:4,Stage Id:6
16/11/22 13:35:40 INFO myLogger: [UnionRDD]StartAt:129530035316170,TaskAttempt ID:49,Partition Id:3,Stage Id:7
16/11/22 13:35:40 INFO myLogger: [MapPartitionsRDD]StartAt:129530036611394,TaskAttempt ID:49,Partition Id:3,Stage Id:7
16/11/22 13:35:40 INFO myLogger: [UnionRDD]StartAt:129530036915271,TaskAttempt ID:53,Partition Id:7,Stage Id:7
16/11/22 13:35:40 INFO myLogger: [ShuffledRDD]StartAt:129530037084069,TaskAttempt ID:49,Partition Id:3,Stage Id:7
16/11/22 13:35:40 INFO myLogger: [MapPartitionsRDD]StartAt:129530038309042,TaskAttempt ID:53,Partition Id:7,Stage Id:7
16/11/22 13:35:40 INFO myLogger: [ShuffledRDD]StartAt:129530038691345,TaskAttempt ID:53,Partition Id:7,Stage Id:7
16/11/22 13:35:40 INFO myLogger: [ShuffledRDD]EndAt:129530073166372,TaskAttempt ID:49,Partition Id:3,Stage Id:7
16/11/22 13:35:40 INFO myLogger: [MapPartitionsRDD]EndAt:129530073554835,TaskAttempt ID:49,Partition Id:3,Stage Id:7
16/11/22 13:35:40 INFO myLogger: [ShuffledRDD]EndAt:129530074206842,TaskAttempt ID:53,Partition Id:7,Stage Id:7
16/11/22 13:35:40 INFO myLogger: [MapPartitionsRDD]EndAt:129530074638535,TaskAttempt ID:53,Partition Id:7,Stage Id:7
16/11/22 13:36:19 INFO myLogger: [UnionRDD]EndAt:129569034755460,TaskAttempt ID:53,Partition Id:7,Stage Id:7
16/11/22 13:36:22 INFO myLogger: [UnionRDD]EndAt:129572066980298,TaskAttempt ID:49,Partition Id:3,Stage Id:7
16/11/22 13:36:45 INFO myLogger: [UnionRDD]StartAt:129594248705506,TaskAttempt ID:57,Partition Id:2,Stage Id:8
16/11/22 13:36:45 INFO myLogger: [MapPartitionsRDD]StartAt:129594249726628,TaskAttempt ID:57,Partition Id:2,Stage Id:8
16/11/22 13:36:45 INFO myLogger: [ShuffledRDD]StartAt:129594250068186,TaskAttempt ID:57,Partition Id:2,Stage Id:8
16/11/22 13:36:45 INFO myLogger: [UnionRDD]StartAt:129594256086216,TaskAttempt ID:61,Partition Id:6,Stage Id:8
16/11/22 13:36:45 INFO myLogger: [MapPartitionsRDD]StartAt:129594257032116,TaskAttempt ID:61,Partition Id:6,Stage Id:8
16/11/22 13:36:45 INFO myLogger: [ShuffledRDD]StartAt:129594257530617,TaskAttempt ID:61,Partition Id:6,Stage Id:8
16/11/22 13:36:45 INFO myLogger: [ShuffledRDD]EndAt:129594291939789,TaskAttempt ID:57,Partition Id:2,Stage Id:8
16/11/22 13:36:45 INFO myLogger: [MapPartitionsRDD]EndAt:129594292850336,TaskAttempt ID:57,Partition Id:2,Stage Id:8
16/11/22 13:36:45 INFO myLogger: [ShuffledRDD]EndAt:129594293294550,TaskAttempt ID:61,Partition Id:6,Stage Id:8
16/11/22 13:36:45 INFO myLogger: [MapPartitionsRDD]EndAt:129594293914496,TaskAttempt ID:61,Partition Id:6,Stage Id:8
16/11/22 13:37:24 INFO myLogger: [UnionRDD]EndAt:129633642041757,TaskAttempt ID:61,Partition Id:6,Stage Id:8
16/11/22 13:37:30 INFO myLogger: [UnionRDD]EndAt:129640092092462,TaskAttempt ID:57,Partition Id:2,Stage Id:8
16/11/22 13:37:51 INFO myLogger: [MapPartitionsRDD]StartAt:129660800560403,TaskAttempt ID:63,Partition Id:1,Stage Id:9
16/11/22 13:37:51 INFO myLogger: [ShuffledRDD]StartAt:129660800893985,TaskAttempt ID:63,Partition Id:1,Stage Id:9
16/11/22 13:37:51 INFO myLogger: [ShuffledRDD]EndAt:129660836239604,TaskAttempt ID:63,Partition Id:1,Stage Id:9
16/11/22 13:37:51 INFO myLogger: [MapPartitionsRDD]EndAt:129660836572666,TaskAttempt ID:63,Partition Id:1,Stage Id:9
16/11/22 13:38:15 INFO myLogger: [UnionRDD]StartAt:129684923264650,TaskAttempt ID:69,Partition Id:2,Stage Id:16
16/11/22 13:38:15 INFO myLogger: [MapPartitionsRDD]StartAt:129684924348229,TaskAttempt ID:69,Partition Id:2,Stage Id:16
16/11/22 13:38:15 INFO myLogger: [ShuffledRDD]StartAt:129684924742499,TaskAttempt ID:69,Partition Id:2,Stage Id:16
16/11/22 13:38:15 INFO myLogger: [UnionRDD]StartAt:129684930227524,TaskAttempt ID:73,Partition Id:6,Stage Id:16
16/11/22 13:38:15 INFO myLogger: [MapPartitionsRDD]StartAt:129684931250526,TaskAttempt ID:73,Partition Id:6,Stage Id:16
16/11/22 13:38:15 INFO myLogger: [ShuffledRDD]StartAt:129684931616633,TaskAttempt ID:73,Partition Id:6,Stage Id:16
16/11/22 13:38:15 INFO myLogger: [ShuffledRDD]EndAt:129684961439862,TaskAttempt ID:69,Partition Id:2,Stage Id:16
16/11/22 13:38:15 INFO myLogger: [MapPartitionsRDD]EndAt:129684962044888,TaskAttempt ID:69,Partition Id:2,Stage Id:16
16/11/22 13:38:15 INFO myLogger: [ShuffledRDD]EndAt:129684964053434,TaskAttempt ID:73,Partition Id:6,Stage Id:16
16/11/22 13:38:15 INFO myLogger: [MapPartitionsRDD]EndAt:129684964664321,TaskAttempt ID:73,Partition Id:6,Stage Id:16
16/11/22 13:38:55 INFO myLogger: [UnionRDD]EndAt:129724193813818,TaskAttempt ID:73,Partition Id:6,Stage Id:16
16/11/22 13:38:57 INFO myLogger: [UnionRDD]EndAt:129726537397796,TaskAttempt ID:69,Partition Id:2,Stage Id:16
16/11/22 13:39:48 INFO myLogger: [UnionRDD]StartAt:129777263823736,TaskAttempt ID:82,Partition Id:2,Stage Id:24
16/11/22 13:39:48 INFO myLogger: [MapPartitionsRDD]StartAt:129777264705445,TaskAttempt ID:82,Partition Id:2,Stage Id:24
16/11/22 13:39:48 INFO myLogger: [ShuffledRDD]StartAt:129777265001449,TaskAttempt ID:82,Partition Id:2,Stage Id:24
16/11/22 13:39:48 INFO myLogger: [UnionRDD]StartAt:129777270731039,TaskAttempt ID:86,Partition Id:6,Stage Id:24
16/11/22 13:39:48 INFO myLogger: [MapPartitionsRDD]StartAt:129777272385138,TaskAttempt ID:86,Partition Id:6,Stage Id:24
16/11/22 13:39:48 INFO myLogger: [ShuffledRDD]StartAt:129777272724770,TaskAttempt ID:86,Partition Id:6,Stage Id:24
16/11/22 13:39:48 INFO myLogger: [ShuffledRDD]EndAt:129777300829796,TaskAttempt ID:86,Partition Id:6,Stage Id:24
16/11/22 13:39:48 INFO myLogger: [MapPartitionsRDD]EndAt:129777301144517,TaskAttempt ID:86,Partition Id:6,Stage Id:24
16/11/22 13:39:48 INFO myLogger: [ShuffledRDD]EndAt:129777304228701,TaskAttempt ID:82,Partition Id:2,Stage Id:24
16/11/22 13:39:48 INFO myLogger: [MapPartitionsRDD]EndAt:129777305086567,TaskAttempt ID:82,Partition Id:2,Stage Id:24
16/11/22 13:40:26 INFO myLogger: [UnionRDD]EndAt:129815923990388,TaskAttempt ID:86,Partition Id:6,Stage Id:24
16/11/22 13:40:33 INFO myLogger: [UnionRDD]EndAt:129822956646279,TaskAttempt ID:82,Partition Id:2,Stage Id:24
16/11/22 13:40:56 INFO myLogger: [MapPartitionsRDD]StartAt:129845750833817,TaskAttempt ID:88,Partition Id:2,Stage Id:25
16/11/22 13:40:56 INFO myLogger: [ShuffledRDD]StartAt:129845751342057,TaskAttempt ID:88,Partition Id:2,Stage Id:25
16/11/22 13:40:56 INFO myLogger: [ShuffledRDD]EndAt:129845783047971,TaskAttempt ID:88,Partition Id:2,Stage Id:25
16/11/22 13:40:56 INFO myLogger: [MapPartitionsRDD]EndAt:129845783666913,TaskAttempt ID:88,Partition Id:2,Stage Id:25
16/11/22 13:41:21 INFO myLogger: [UnionRDD]StartAt:129870922900685,TaskAttempt ID:94,Partition Id:2,Stage Id:32
16/11/22 13:41:21 INFO myLogger: [MapPartitionsRDD]StartAt:129870923739311,TaskAttempt ID:94,Partition Id:2,Stage Id:32
16/11/22 13:41:21 INFO myLogger: [ShuffledRDD]StartAt:129870924037035,TaskAttempt ID:94,Partition Id:2,Stage Id:32
16/11/22 13:41:21 INFO myLogger: [UnionRDD]StartAt:129870929408690,TaskAttempt ID:97,Partition Id:6,Stage Id:32
16/11/22 13:41:21 INFO myLogger: [MapPartitionsRDD]StartAt:129870931127036,TaskAttempt ID:97,Partition Id:6,Stage Id:32
16/11/22 13:41:21 INFO myLogger: [ShuffledRDD]StartAt:129870931789273,TaskAttempt ID:97,Partition Id:6,Stage Id:32
16/11/22 13:41:21 INFO myLogger: [ShuffledRDD]EndAt:129870958752759,TaskAttempt ID:94,Partition Id:2,Stage Id:32
16/11/22 13:41:21 INFO myLogger: [MapPartitionsRDD]EndAt:129870959269772,TaskAttempt ID:94,Partition Id:2,Stage Id:32
16/11/22 13:41:21 INFO myLogger: [ShuffledRDD]EndAt:129870962096184,TaskAttempt ID:97,Partition Id:6,Stage Id:32
16/11/22 13:41:21 INFO myLogger: [MapPartitionsRDD]EndAt:129870962660362,TaskAttempt ID:97,Partition Id:6,Stage Id:32
16/11/22 13:42:00 INFO myLogger: [UnionRDD]EndAt:129909220856885,TaskAttempt ID:97,Partition Id:6,Stage Id:32
16/11/22 13:42:03 INFO myLogger: [UnionRDD]EndAt:129912943344916,TaskAttempt ID:94,Partition Id:2,Stage Id:32
16/11/22 13:42:29 INFO myLogger: [MapPartitionsRDD]StartAt:129938469361563,TaskAttempt ID:99,Partition Id:2,Stage Id:33
16/11/22 13:42:29 INFO myLogger: [ShuffledRDD]StartAt:129938469881212,TaskAttempt ID:99,Partition Id:2,Stage Id:33
16/11/22 13:42:29 INFO myLogger: [ShuffledRDD]EndAt:129938499440290,TaskAttempt ID:99,Partition Id:2,Stage Id:33
16/11/22 13:42:29 INFO myLogger: [MapPartitionsRDD]EndAt:129938499783911,TaskAttempt ID:99,Partition Id:2,Stage Id:33
16/11/22 13:42:50 INFO myLogger: [UnionRDD]StartAt:129959302872631,TaskAttempt ID:103,Partition Id:2,Stage Id:40
16/11/22 13:42:50 INFO myLogger: [MapPartitionsRDD]StartAt:129959303784715,TaskAttempt ID:103,Partition Id:2,Stage Id:40
16/11/22 13:42:50 INFO myLogger: [ShuffledRDD]StartAt:129959304090942,TaskAttempt ID:103,Partition Id:2,Stage Id:40
16/11/22 13:42:50 INFO myLogger: [UnionRDD]StartAt:129959313224152,TaskAttempt ID:110,Partition Id:7,Stage Id:40
16/11/22 13:42:50 INFO myLogger: [UnionRDD]StartAt:129959313826007,TaskAttempt ID:107,Partition Id:3,Stage Id:40
16/11/22 13:42:50 INFO myLogger: [MapPartitionsRDD]StartAt:129959315032986,TaskAttempt ID:110,Partition Id:7,Stage Id:40
16/11/22 13:42:50 INFO myLogger: [ShuffledRDD]StartAt:129959315546517,TaskAttempt ID:110,Partition Id:7,Stage Id:40
16/11/22 13:42:50 INFO myLogger: [MapPartitionsRDD]StartAt:129959315642858,TaskAttempt ID:107,Partition Id:3,Stage Id:40
16/11/22 13:42:50 INFO myLogger: [ShuffledRDD]StartAt:129959316103783,TaskAttempt ID:107,Partition Id:3,Stage Id:40
16/11/22 13:42:50 INFO myLogger: [ShuffledRDD]EndAt:129959342219875,TaskAttempt ID:107,Partition Id:3,Stage Id:40
16/11/22 13:42:50 INFO myLogger: [MapPartitionsRDD]EndAt:129959342572744,TaskAttempt ID:107,Partition Id:3,Stage Id:40
16/11/22 13:42:50 INFO myLogger: [ShuffledRDD]EndAt:129959345922628,TaskAttempt ID:110,Partition Id:7,Stage Id:40
16/11/22 13:42:50 INFO myLogger: [MapPartitionsRDD]EndAt:129959394329797,TaskAttempt ID:110,Partition Id:7,Stage Id:40
16/11/22 13:42:50 INFO myLogger: [ShuffledRDD]EndAt:129959395328688,TaskAttempt ID:103,Partition Id:2,Stage Id:40
16/11/22 13:42:50 INFO myLogger: [MapPartitionsRDD]EndAt:129959396071727,TaskAttempt ID:103,Partition Id:2,Stage Id:40
16/11/22 13:43:24 INFO myLogger: [UnionRDD]EndAt:129993596538984,TaskAttempt ID:110,Partition Id:7,Stage Id:40
16/11/22 13:43:29 INFO myLogger: [UnionRDD]EndAt:129999112375539,TaskAttempt ID:107,Partition Id:3,Stage Id:40
16/11/22 13:43:33 INFO myLogger: [UnionRDD]EndAt:130002545890306,TaskAttempt ID:103,Partition Id:2,Stage Id:40
16/11/22 13:43:56 INFO myLogger: [UnionRDD]StartAt:130025318736341,TaskAttempt ID:111,Partition Id:2,Stage Id:41
16/11/22 13:43:56 INFO myLogger: [MapPartitionsRDD]StartAt:130025319644734,TaskAttempt ID:111,Partition Id:2,Stage Id:41
16/11/22 13:43:56 INFO myLogger: [ShuffledRDD]StartAt:130025319940361,TaskAttempt ID:111,Partition Id:2,Stage Id:41
16/11/22 13:43:56 INFO myLogger: [UnionRDD]StartAt:130025325066904,TaskAttempt ID:115,Partition Id:6,Stage Id:41
16/11/22 13:43:56 INFO myLogger: [MapPartitionsRDD]StartAt:130025326794819,TaskAttempt ID:115,Partition Id:6,Stage Id:41
16/11/22 13:43:56 INFO myLogger: [ShuffledRDD]StartAt:130025327330688,TaskAttempt ID:115,Partition Id:6,Stage Id:41
16/11/22 13:43:56 INFO myLogger: [ShuffledRDD]EndAt:130025351964317,TaskAttempt ID:115,Partition Id:6,Stage Id:41
16/11/22 13:43:56 INFO myLogger: [MapPartitionsRDD]EndAt:130025352672816,TaskAttempt ID:115,Partition Id:6,Stage Id:41
16/11/22 13:43:56 INFO myLogger: [ShuffledRDD]EndAt:130025354789088,TaskAttempt ID:111,Partition Id:2,Stage Id:41
16/11/22 13:43:56 INFO myLogger: [MapPartitionsRDD]EndAt:130025355177202,TaskAttempt ID:111,Partition Id:2,Stage Id:41
16/11/22 13:44:31 INFO myLogger: [UnionRDD]EndAt:130060931436274,TaskAttempt ID:115,Partition Id:6,Stage Id:41
16/11/22 13:44:37 INFO myLogger: [UnionRDD]EndAt:130066987434516,TaskAttempt ID:111,Partition Id:2,Stage Id:41
16/11/22 13:45:02 INFO myLogger: [UnionRDD]StartAt:130091780125232,TaskAttempt ID:119,Partition Id:1,Stage Id:42
16/11/22 13:45:02 INFO myLogger: [MapPartitionsRDD]StartAt:130091780956474,TaskAttempt ID:119,Partition Id:1,Stage Id:42
16/11/22 13:45:02 INFO myLogger: [ShuffledRDD]StartAt:130091781253808,TaskAttempt ID:119,Partition Id:1,Stage Id:42
16/11/22 13:45:02 INFO myLogger: [UnionRDD]StartAt:130091786551120,TaskAttempt ID:123,Partition Id:5,Stage Id:42
16/11/22 13:45:02 INFO myLogger: [MapPartitionsRDD]StartAt:130091788390855,TaskAttempt ID:123,Partition Id:5,Stage Id:42
16/11/22 13:45:02 INFO myLogger: [ShuffledRDD]StartAt:130091789022588,TaskAttempt ID:123,Partition Id:5,Stage Id:42
16/11/22 13:45:02 INFO myLogger: [ShuffledRDD]EndAt:130091805729115,TaskAttempt ID:119,Partition Id:1,Stage Id:42
16/11/22 13:45:02 INFO myLogger: [MapPartitionsRDD]EndAt:130091806038883,TaskAttempt ID:119,Partition Id:1,Stage Id:42
16/11/22 13:45:02 INFO myLogger: [ShuffledRDD]EndAt:130091821444074,TaskAttempt ID:123,Partition Id:5,Stage Id:42
16/11/22 13:45:02 INFO myLogger: [MapPartitionsRDD]EndAt:130091821780326,TaskAttempt ID:123,Partition Id:5,Stage Id:42
16/11/22 13:45:43 INFO myLogger: [UnionRDD]EndAt:130132549538330,TaskAttempt ID:123,Partition Id:5,Stage Id:42
16/11/22 13:45:45 INFO myLogger: [UnionRDD]EndAt:130134841753629,TaskAttempt ID:119,Partition Id:1,Stage Id:42
16/11/22 13:46:11 INFO myLogger: [UnionRDD]StartAt:130160739845752,TaskAttempt ID:128,Partition Id:0,Stage Id:43
16/11/22 13:46:11 INFO myLogger: [MapPartitionsRDD]StartAt:130160740617672,TaskAttempt ID:128,Partition Id:0,Stage Id:43
16/11/22 13:46:11 INFO myLogger: [ShuffledRDD]StartAt:130160740875045,TaskAttempt ID:128,Partition Id:0,Stage Id:43
16/11/22 13:46:11 INFO myLogger: [UnionRDD]StartAt:130160744501424,TaskAttempt ID:132,Partition Id:4,Stage Id:43
16/11/22 13:46:11 INFO myLogger: [MapPartitionsRDD]StartAt:130160746427301,TaskAttempt ID:132,Partition Id:4,Stage Id:43
16/11/22 13:46:11 INFO myLogger: [ShuffledRDD]StartAt:130160747091972,TaskAttempt ID:132,Partition Id:4,Stage Id:43
16/11/22 13:46:11 INFO myLogger: [ShuffledRDD]EndAt:130160823845075,TaskAttempt ID:128,Partition Id:0,Stage Id:43
16/11/22 13:46:11 INFO myLogger: [MapPartitionsRDD]EndAt:130160824347520,TaskAttempt ID:128,Partition Id:0,Stage Id:43
16/11/22 13:46:11 INFO myLogger: [ShuffledRDD]EndAt:130160826358903,TaskAttempt ID:132,Partition Id:4,Stage Id:43
16/11/22 13:46:11 INFO myLogger: [MapPartitionsRDD]EndAt:130160827624984,TaskAttempt ID:132,Partition Id:4,Stage Id:43
16/11/22 13:46:56 INFO myLogger: [UnionRDD]EndAt:130205247641461,TaskAttempt ID:132,Partition Id:4,Stage Id:43
16/11/22 13:46:59 INFO myLogger: [UnionRDD]EndAt:130208367005479,TaskAttempt ID:128,Partition Id:0,Stage Id:43
16/11/22 13:47:22 INFO myLogger: [UnionRDD]StartAt:130231444617008,TaskAttempt ID:139,Partition Id:3,Stage Id:44
16/11/22 13:47:22 INFO myLogger: [MapPartitionsRDD]StartAt:130231445546665,TaskAttempt ID:139,Partition Id:3,Stage Id:44
16/11/22 13:47:22 INFO myLogger: [ShuffledRDD]StartAt:130231445865461,TaskAttempt ID:139,Partition Id:3,Stage Id:44
16/11/22 13:47:22 INFO myLogger: [UnionRDD]StartAt:130231452710751,TaskAttempt ID:142,Partition Id:7,Stage Id:44
16/11/22 13:47:22 INFO myLogger: [UnionRDD]StartAt:130231453051252,TaskAttempt ID:135,Partition Id:0,Stage Id:44
16/11/22 13:47:22 INFO myLogger: [MapPartitionsRDD]StartAt:130231454083950,TaskAttempt ID:142,Partition Id:7,Stage Id:44
16/11/22 13:47:22 INFO myLogger: [ShuffledRDD]StartAt:130231454589242,TaskAttempt ID:142,Partition Id:7,Stage Id:44
16/11/22 13:47:22 INFO myLogger: [MapPartitionsRDD]StartAt:130231454784876,TaskAttempt ID:135,Partition Id:0,Stage Id:44
16/11/22 13:47:22 INFO myLogger: [ShuffledRDD]StartAt:130231455210511,TaskAttempt ID:135,Partition Id:0,Stage Id:44
16/11/22 13:47:22 INFO myLogger: [ShuffledRDD]EndAt:130231476380726,TaskAttempt ID:142,Partition Id:7,Stage Id:44
16/11/22 13:47:22 INFO myLogger: [MapPartitionsRDD]EndAt:130231476745614,TaskAttempt ID:142,Partition Id:7,Stage Id:44
16/11/22 13:47:22 INFO myLogger: [ShuffledRDD]EndAt:130231484598152,TaskAttempt ID:139,Partition Id:3,Stage Id:44
16/11/22 13:47:22 INFO myLogger: [MapPartitionsRDD]EndAt:130231485141024,TaskAttempt ID:139,Partition Id:3,Stage Id:44
16/11/22 13:47:22 INFO myLogger: [ShuffledRDD]EndAt:130231493053023,TaskAttempt ID:135,Partition Id:0,Stage Id:44
16/11/22 13:47:22 INFO myLogger: [MapPartitionsRDD]EndAt:130231493366161,TaskAttempt ID:135,Partition Id:0,Stage Id:44
16/11/22 13:47:58 INFO myLogger: [UnionRDD]EndAt:130267708956818,TaskAttempt ID:142,Partition Id:7,Stage Id:44
16/11/22 13:48:04 INFO myLogger: [UnionRDD]EndAt:130273995811701,TaskAttempt ID:135,Partition Id:0,Stage Id:44
16/11/22 13:48:09 INFO myLogger: [UnionRDD]EndAt:130278674787058,TaskAttempt ID:139,Partition Id:3,Stage Id:44
16/11/22 13:48:31 INFO myLogger: [MapPartitionsRDD]StartAt:130300652113738,TaskAttempt ID:144,Partition Id:0,Stage Id:45
16/11/22 13:48:31 INFO myLogger: [ShuffledRDD]StartAt:130300652510427,TaskAttempt ID:144,Partition Id:0,Stage Id:45
16/11/22 13:48:31 INFO myLogger: [ShuffledRDD]EndAt:130300683058382,TaskAttempt ID:144,Partition Id:0,Stage Id:45
16/11/22 13:48:31 INFO myLogger: [MapPartitionsRDD]EndAt:130300683581173,TaskAttempt ID:144,Partition Id:0,Stage Id:45
16/11/22 13:48:54 INFO myLogger: [UnionRDD]StartAt:130324054137523,TaskAttempt ID:150,Partition Id:3,Stage Id:56
16/11/22 13:48:54 INFO myLogger: [UnionRDD]StartAt:130324054598084,TaskAttempt ID:154,Partition Id:7,Stage Id:56
16/11/22 13:48:54 INFO myLogger: [MapPartitionsRDD]StartAt:130324055261433,TaskAttempt ID:150,Partition Id:3,Stage Id:56
16/11/22 13:48:54 INFO myLogger: [ShuffledRDD]StartAt:130324055644827,TaskAttempt ID:150,Partition Id:3,Stage Id:56
16/11/22 13:48:54 INFO myLogger: [MapPartitionsRDD]StartAt:130324055717471,TaskAttempt ID:154,Partition Id:7,Stage Id:56
16/11/22 13:48:54 INFO myLogger: [ShuffledRDD]StartAt:130324056060078,TaskAttempt ID:154,Partition Id:7,Stage Id:56
16/11/22 13:48:54 INFO myLogger: [ShuffledRDD]EndAt:130324071427839,TaskAttempt ID:150,Partition Id:3,Stage Id:56
16/11/22 13:48:54 INFO myLogger: [MapPartitionsRDD]EndAt:130324071722730,TaskAttempt ID:150,Partition Id:3,Stage Id:56
16/11/22 13:48:54 INFO myLogger: [ShuffledRDD]EndAt:130324076458691,TaskAttempt ID:154,Partition Id:7,Stage Id:56
16/11/22 13:48:54 INFO myLogger: [MapPartitionsRDD]EndAt:130324076787917,TaskAttempt ID:154,Partition Id:7,Stage Id:56
16/11/22 13:49:35 INFO myLogger: [UnionRDD]EndAt:130365185980696,TaskAttempt ID:154,Partition Id:7,Stage Id:56
16/11/22 13:49:39 INFO myLogger: [UnionRDD]EndAt:130368653858698,TaskAttempt ID:150,Partition Id:3,Stage Id:56
16/11/22 13:50:00 INFO myLogger: [MapPartitionsRDD]StartAt:130389515761576,TaskAttempt ID:158,Partition Id:3,Stage Id:57
16/11/22 13:50:00 INFO myLogger: [ShuffledRDD]StartAt:130389516080637,TaskAttempt ID:158,Partition Id:3,Stage Id:57
16/11/22 13:50:00 INFO myLogger: [ShuffledRDD]EndAt:130389550576069,TaskAttempt ID:158,Partition Id:3,Stage Id:57
16/11/22 13:50:00 INFO myLogger: [MapPartitionsRDD]EndAt:130389551107502,TaskAttempt ID:158,Partition Id:3,Stage Id:57
16/11/22 13:50:20 INFO myLogger: [UnionRDD]StartAt:130409311523625,TaskAttempt ID:161,Partition Id:0,Stage Id:68
16/11/22 13:50:20 INFO myLogger: [MapPartitionsRDD]StartAt:130409312357305,TaskAttempt ID:161,Partition Id:0,Stage Id:68
16/11/22 13:50:20 INFO myLogger: [ShuffledRDD]StartAt:130409312690643,TaskAttempt ID:161,Partition Id:0,Stage Id:68
16/11/22 13:50:20 INFO myLogger: [UnionRDD]StartAt:130409315097569,TaskAttempt ID:165,Partition Id:7,Stage Id:68
16/11/22 13:50:20 INFO myLogger: [MapPartitionsRDD]StartAt:130409315915577,TaskAttempt ID:165,Partition Id:7,Stage Id:68
16/11/22 13:50:20 INFO myLogger: [ShuffledRDD]StartAt:130409316182096,TaskAttempt ID:165,Partition Id:7,Stage Id:68
16/11/22 13:50:20 INFO myLogger: [ShuffledRDD]EndAt:130409328392217,TaskAttempt ID:161,Partition Id:0,Stage Id:68
16/11/22 13:50:20 INFO myLogger: [MapPartitionsRDD]EndAt:130409328711511,TaskAttempt ID:161,Partition Id:0,Stage Id:68
16/11/22 13:50:20 INFO myLogger: [ShuffledRDD]EndAt:130409336596455,TaskAttempt ID:165,Partition Id:7,Stage Id:68
16/11/22 13:50:20 INFO myLogger: [MapPartitionsRDD]EndAt:130409336920790,TaskAttempt ID:165,Partition Id:7,Stage Id:68
16/11/22 13:50:57 INFO myLogger: [UnionRDD]EndAt:130446807558229,TaskAttempt ID:165,Partition Id:7,Stage Id:68
16/11/22 13:50:58 INFO myLogger: [UnionRDD]EndAt:130447671511397,TaskAttempt ID:161,Partition Id:0,Stage Id:68
16/11/22 13:51:25 INFO myLogger: [MapPartitionsRDD]StartAt:130475162531122,TaskAttempt ID:168,Partition Id:0,Stage Id:69
16/11/22 13:51:25 INFO myLogger: [ShuffledRDD]StartAt:130475162890327,TaskAttempt ID:168,Partition Id:0,Stage Id:69
16/11/22 13:51:25 INFO myLogger: [ShuffledRDD]EndAt:130475189885186,TaskAttempt ID:168,Partition Id:0,Stage Id:69
16/11/22 13:51:25 INFO myLogger: [MapPartitionsRDD]EndAt:130475190348127,TaskAttempt ID:168,Partition Id:0,Stage Id:69
16/11/22 13:51:47 INFO myLogger: [UnionRDD]StartAt:130496946382730,TaskAttempt ID:171,Partition Id:0,Stage Id:80
16/11/22 13:51:47 INFO myLogger: [MapPartitionsRDD]StartAt:130496947469028,TaskAttempt ID:171,Partition Id:0,Stage Id:80
16/11/22 13:51:47 INFO myLogger: [ShuffledRDD]StartAt:130496947794042,TaskAttempt ID:171,Partition Id:0,Stage Id:80
16/11/22 13:51:47 INFO myLogger: [UnionRDD]StartAt:130496952190314,TaskAttempt ID:178,Partition Id:7,Stage Id:80
16/11/22 13:51:47 INFO myLogger: [UnionRDD]StartAt:130496952323208,TaskAttempt ID:175,Partition Id:3,Stage Id:80
16/11/22 13:51:47 INFO myLogger: [MapPartitionsRDD]StartAt:130496953493700,TaskAttempt ID:178,Partition Id:7,Stage Id:80
16/11/22 13:51:47 INFO myLogger: [MapPartitionsRDD]StartAt:130496953552921,TaskAttempt ID:175,Partition Id:3,Stage Id:80
16/11/22 13:51:47 INFO myLogger: [ShuffledRDD]StartAt:130496953961852,TaskAttempt ID:175,Partition Id:3,Stage Id:80
16/11/22 13:51:47 INFO myLogger: [ShuffledRDD]StartAt:130496954042123,TaskAttempt ID:178,Partition Id:7,Stage Id:80
16/11/22 13:51:47 INFO myLogger: [ShuffledRDD]EndAt:130496964688467,TaskAttempt ID:171,Partition Id:0,Stage Id:80
16/11/22 13:51:47 INFO myLogger: [MapPartitionsRDD]EndAt:130496965061087,TaskAttempt ID:171,Partition Id:0,Stage Id:80
16/11/22 13:51:47 INFO myLogger: [ShuffledRDD]EndAt:130496965563155,TaskAttempt ID:175,Partition Id:3,Stage Id:80
16/11/22 13:51:47 INFO myLogger: [ShuffledRDD]EndAt:130496965952978,TaskAttempt ID:178,Partition Id:7,Stage Id:80
16/11/22 13:51:47 INFO myLogger: [MapPartitionsRDD]EndAt:130496966070644,TaskAttempt ID:175,Partition Id:3,Stage Id:80
16/11/22 13:51:47 INFO myLogger: [MapPartitionsRDD]EndAt:130496967681647,TaskAttempt ID:178,Partition Id:7,Stage Id:80
16/11/22 13:52:27 INFO myLogger: [UnionRDD]EndAt:130536842365779,TaskAttempt ID:171,Partition Id:0,Stage Id:80
16/11/22 13:52:31 INFO myLogger: [UnionRDD]EndAt:130540243383596,TaskAttempt ID:178,Partition Id:7,Stage Id:80
16/11/22 13:52:32 INFO myLogger: [UnionRDD]EndAt:130541206538298,TaskAttempt ID:175,Partition Id:3,Stage Id:80
16/11/22 13:52:55 INFO myLogger: [MapPartitionsRDD]StartAt:130564413741027,TaskAttempt ID:182,Partition Id:3,Stage Id:81
16/11/22 13:52:55 INFO myLogger: [ShuffledRDD]StartAt:130564414036515,TaskAttempt ID:182,Partition Id:3,Stage Id:81
16/11/22 13:52:55 INFO myLogger: [ShuffledRDD]EndAt:130564443346228,TaskAttempt ID:182,Partition Id:3,Stage Id:81
16/11/22 13:52:55 INFO myLogger: [MapPartitionsRDD]EndAt:130564443858857,TaskAttempt ID:182,Partition Id:3,Stage Id:81
