16/11/14 17:17:18 INFO myLogger: [MapPartitionsRDD]StartAt:8260086970948,TaskAttempt ID:12,Partition Id:3,Stage Id:1
16/11/14 17:17:18 INFO myLogger: [MapPartitionsRDD]StartAt:8260087184584,TaskAttempt ID:16,Partition Id:7,Stage Id:1
16/11/14 17:17:18 INFO myLogger: [MapPartitionsRDD]EndAt:8260687999058,TaskAttempt ID:12,Partition Id:3,Stage Id:1
16/11/14 17:17:18 INFO myLogger: [MapPartitionsRDD]EndAt:8260688195918,TaskAttempt ID:16,Partition Id:7,Stage Id:1
16/11/14 17:17:44 INFO myLogger: [MapPartitionsRDD]StartAt:8286214029805,TaskAttempt ID:26,Partition Id:8,Stage Id:2
16/11/14 17:17:44 INFO myLogger: [MapPartitionsRDD]StartAt:8286214119545,TaskAttempt ID:18,Partition Id:0,Stage Id:2
16/11/14 17:17:44 INFO myLogger: [MapPartitionsRDD]StartAt:8286214274839,TaskAttempt ID:22,Partition Id:4,Stage Id:2
16/11/14 17:17:44 INFO myLogger: [MapPartitionsRDD]EndAt:8286223814068,TaskAttempt ID:22,Partition Id:4,Stage Id:2
16/11/14 17:17:44 INFO myLogger: [MapPartitionsRDD]EndAt:8286223975096,TaskAttempt ID:26,Partition Id:8,Stage Id:2
16/11/14 17:17:44 INFO myLogger: [MapPartitionsRDD]EndAt:8286224459636,TaskAttempt ID:18,Partition Id:0,Stage Id:2
16/11/14 17:18:21 INFO myLogger: [UnionRDD]StartAt:8323727569893,TaskAttempt ID:39,Partition Id:12,Stage Id:3
16/11/14 17:18:21 INFO myLogger: [UnionRDD]StartAt:8323727759670,TaskAttempt ID:31,Partition Id:3,Stage Id:3
16/11/14 17:18:21 INFO myLogger: [UnionRDD]StartAt:8323729404710,TaskAttempt ID:27,Partition Id:0,Stage Id:3
16/11/14 17:18:21 INFO myLogger: [UnionRDD]StartAt:8323729719038,TaskAttempt ID:34,Partition Id:7,Stage Id:3
16/11/14 17:18:21 INFO myLogger: [UnionRDD]StartAt:8323730388814,TaskAttempt ID:35,Partition Id:8,Stage Id:3
16/11/14 17:18:21 INFO myLogger: [MapPartitionsRDD]StartAt:8323731311447,TaskAttempt ID:31,Partition Id:3,Stage Id:3
16/11/14 17:18:21 INFO myLogger: [ShuffledRDD]StartAt:8323732547687,TaskAttempt ID:31,Partition Id:3,Stage Id:3
16/11/14 17:18:21 INFO myLogger: [MapPartitionsRDD]StartAt:8323733368203,TaskAttempt ID:27,Partition Id:0,Stage Id:3
16/11/14 17:18:21 INFO myLogger: [MapPartitionsRDD]StartAt:8323734329791,TaskAttempt ID:34,Partition Id:7,Stage Id:3
16/11/14 17:18:21 INFO myLogger: [ShuffledRDD]StartAt:8323734966651,TaskAttempt ID:27,Partition Id:0,Stage Id:3
16/11/14 17:18:21 INFO myLogger: [ShuffledRDD]StartAt:8323735264268,TaskAttempt ID:34,Partition Id:7,Stage Id:3
16/11/14 17:18:21 INFO myLogger: [ParallelCollectionRDD]StartAt:8323746162744,TaskAttempt ID:39,Partition Id:12,Stage Id:3
16/11/14 17:18:21 INFO myLogger: [ParallelCollectionRDD]StartAt:8323746314598,TaskAttempt ID:35,Partition Id:8,Stage Id:3
16/11/14 17:18:21 INFO myLogger: [ParallelCollectionRDD]EndAt:8323746550625,TaskAttempt ID:39,Partition Id:12,Stage Id:3
16/11/14 17:18:21 INFO myLogger: [ParallelCollectionRDD]EndAt:8323746821192,TaskAttempt ID:35,Partition Id:8,Stage Id:3
16/11/14 17:18:21 INFO myLogger: [UnionRDD]EndAt:8323818520543,TaskAttempt ID:39,Partition Id:12,Stage Id:3
16/11/14 17:18:21 INFO myLogger: [UnionRDD]EndAt:8323833827071,TaskAttempt ID:35,Partition Id:8,Stage Id:3
16/11/14 17:18:22 INFO myLogger: [ShuffledRDD]EndAt:8324105531590,TaskAttempt ID:34,Partition Id:7,Stage Id:3
16/11/14 17:18:22 INFO myLogger: [ShuffledRDD]EndAt:8324105923986,TaskAttempt ID:31,Partition Id:3,Stage Id:3
16/11/14 17:18:22 INFO myLogger: [MapPartitionsRDD]EndAt:8324108535211,TaskAttempt ID:31,Partition Id:3,Stage Id:3
16/11/14 17:18:22 INFO myLogger: [MapPartitionsRDD]EndAt:8324108761705,TaskAttempt ID:34,Partition Id:7,Stage Id:3
16/11/14 17:18:22 INFO myLogger: [ShuffledRDD]EndAt:8324110051575,TaskAttempt ID:27,Partition Id:0,Stage Id:3
16/11/14 17:18:22 INFO myLogger: [MapPartitionsRDD]EndAt:8324110920645,TaskAttempt ID:27,Partition Id:0,Stage Id:3
16/11/14 17:18:39 INFO myLogger: [UnionRDD]EndAt:8341465137674,TaskAttempt ID:34,Partition Id:7,Stage Id:3
16/11/14 17:18:39 INFO myLogger: [UnionRDD]EndAt:8341472840797,TaskAttempt ID:31,Partition Id:3,Stage Id:3
16/11/14 17:18:40 INFO myLogger: [UnionRDD]EndAt:8342449245203,TaskAttempt ID:27,Partition Id:0,Stage Id:3
16/11/14 17:19:01 INFO myLogger: [UnionRDD]StartAt:8363528813925,TaskAttempt ID:52,Partition Id:0,Stage Id:4
16/11/14 17:19:01 INFO myLogger: [MapPartitionsRDD]StartAt:8363529801125,TaskAttempt ID:52,Partition Id:0,Stage Id:4
16/11/14 17:19:01 INFO myLogger: [ShuffledRDD]StartAt:8363530128252,TaskAttempt ID:52,Partition Id:0,Stage Id:4
16/11/14 17:19:01 INFO myLogger: [UnionRDD]StartAt:8363536716127,TaskAttempt ID:44,Partition Id:8,Stage Id:4
16/11/14 17:19:01 INFO myLogger: [UnionRDD]StartAt:8363538599290,TaskAttempt ID:58,Partition Id:7,Stage Id:4
16/11/14 17:19:01 INFO myLogger: [UnionRDD]StartAt:8363540908155,TaskAttempt ID:48,Partition Id:12,Stage Id:4
16/11/14 17:19:01 INFO myLogger: [UnionRDD]StartAt:8363541229282,TaskAttempt ID:56,Partition Id:3,Stage Id:4
16/11/14 17:19:01 INFO myLogger: [MapPartitionsRDD]StartAt:8363541414487,TaskAttempt ID:58,Partition Id:7,Stage Id:4
16/11/14 17:19:01 INFO myLogger: [ShuffledRDD]StartAt:8363542286107,TaskAttempt ID:58,Partition Id:7,Stage Id:4
16/11/14 17:19:01 INFO myLogger: [MapPartitionsRDD]StartAt:8363544429747,TaskAttempt ID:56,Partition Id:3,Stage Id:4
16/11/14 17:19:01 INFO myLogger: [ShuffledRDD]StartAt:8363545190868,TaskAttempt ID:56,Partition Id:3,Stage Id:4
16/11/14 17:19:01 INFO myLogger: [ShuffledRDD]EndAt:8363578525860,TaskAttempt ID:58,Partition Id:7,Stage Id:4
16/11/14 17:19:01 INFO myLogger: [ShuffledRDD]EndAt:8363579186741,TaskAttempt ID:52,Partition Id:0,Stage Id:4
16/11/14 17:19:01 INFO myLogger: [MapPartitionsRDD]EndAt:8363579324266,TaskAttempt ID:58,Partition Id:7,Stage Id:4
16/11/14 17:19:01 INFO myLogger: [MapPartitionsRDD]EndAt:8363579881863,TaskAttempt ID:52,Partition Id:0,Stage Id:4
16/11/14 17:19:01 INFO myLogger: [ShuffledRDD]EndAt:8363580556305,TaskAttempt ID:56,Partition Id:3,Stage Id:4
16/11/14 17:19:01 INFO myLogger: [MapPartitionsRDD]EndAt:8363581178774,TaskAttempt ID:56,Partition Id:3,Stage Id:4
16/11/14 17:19:01 INFO myLogger: [UnionRDD]EndAt:8363590002027,TaskAttempt ID:44,Partition Id:8,Stage Id:4
16/11/14 17:19:01 INFO myLogger: [UnionRDD]EndAt:8363590109241,TaskAttempt ID:48,Partition Id:12,Stage Id:4
16/11/14 17:19:10 INFO myLogger: [UnionRDD]EndAt:8372559863443,TaskAttempt ID:56,Partition Id:3,Stage Id:4
16/11/14 17:19:19 INFO myLogger: [UnionRDD]EndAt:8381570371190,TaskAttempt ID:52,Partition Id:0,Stage Id:4
16/11/14 17:19:19 INFO myLogger: [UnionRDD]EndAt:8381768108191,TaskAttempt ID:58,Partition Id:7,Stage Id:4
16/11/14 17:19:41 INFO myLogger: [UnionRDD]StartAt:8403155306384,TaskAttempt ID:60,Partition Id:0,Stage Id:5
16/11/14 17:19:41 INFO myLogger: [MapPartitionsRDD]StartAt:8403156565776,TaskAttempt ID:60,Partition Id:0,Stage Id:5
16/11/14 17:19:41 INFO myLogger: [ShuffledRDD]StartAt:8403157498207,TaskAttempt ID:60,Partition Id:0,Stage Id:5
16/11/14 17:19:41 INFO myLogger: [UnionRDD]StartAt:8403158156048,TaskAttempt ID:74,Partition Id:15,Stage Id:5
16/11/14 17:19:41 INFO myLogger: [MapPartitionsRDD]StartAt:8403160284490,TaskAttempt ID:74,Partition Id:15,Stage Id:5
16/11/14 17:19:41 INFO myLogger: [UnionRDD]StartAt:8403160867426,TaskAttempt ID:71,Partition Id:8,Stage Id:5
16/11/14 17:19:41 INFO myLogger: [UnionRDD]StartAt:8403161521588,TaskAttempt ID:64,Partition Id:3,Stage Id:5
16/11/14 17:19:41 INFO myLogger: [ShuffledRDD]StartAt:8403163023066,TaskAttempt ID:74,Partition Id:15,Stage Id:5
16/11/14 17:19:41 INFO myLogger: [UnionRDD]StartAt:8403163251799,TaskAttempt ID:68,Partition Id:7,Stage Id:5
16/11/14 17:19:41 INFO myLogger: [MapPartitionsRDD]StartAt:8403163607440,TaskAttempt ID:71,Partition Id:8,Stage Id:5
16/11/14 17:19:41 INFO myLogger: [UnionRDD]StartAt:8403164284425,TaskAttempt ID:73,Partition Id:11,Stage Id:5
16/11/14 17:19:41 INFO myLogger: [ShuffledRDD]StartAt:8403165778340,TaskAttempt ID:71,Partition Id:8,Stage Id:5
16/11/14 17:19:41 INFO myLogger: [MapPartitionsRDD]StartAt:8403165886904,TaskAttempt ID:64,Partition Id:3,Stage Id:5
16/11/14 17:19:41 INFO myLogger: [MapPartitionsRDD]StartAt:8403167320616,TaskAttempt ID:68,Partition Id:7,Stage Id:5
16/11/14 17:19:41 INFO myLogger: [ShuffledRDD]StartAt:8403167454927,TaskAttempt ID:64,Partition Id:3,Stage Id:5
16/11/14 17:19:41 INFO myLogger: [MapPartitionsRDD]StartAt:8403168062130,TaskAttempt ID:73,Partition Id:11,Stage Id:5
16/11/14 17:19:41 INFO myLogger: [ShuffledRDD]StartAt:8403168343459,TaskAttempt ID:68,Partition Id:7,Stage Id:5
16/11/14 17:19:41 INFO myLogger: [ShuffledRDD]StartAt:8403168979742,TaskAttempt ID:73,Partition Id:11,Stage Id:5
16/11/14 17:19:41 INFO myLogger: [ShuffledRDD]EndAt:8403212446187,TaskAttempt ID:64,Partition Id:3,Stage Id:5
16/11/14 17:19:41 INFO myLogger: [ShuffledRDD]EndAt:8403214999525,TaskAttempt ID:73,Partition Id:11,Stage Id:5
16/11/14 17:19:41 INFO myLogger: [ShuffledRDD]EndAt:8403215224323,TaskAttempt ID:71,Partition Id:8,Stage Id:5
16/11/14 17:19:41 INFO myLogger: [ShuffledRDD]EndAt:8403215938677,TaskAttempt ID:74,Partition Id:15,Stage Id:5
16/11/14 17:19:41 INFO myLogger: [MapPartitionsRDD]EndAt:8403216148700,TaskAttempt ID:73,Partition Id:11,Stage Id:5
16/11/14 17:19:41 INFO myLogger: [MapPartitionsRDD]EndAt:8403218130334,TaskAttempt ID:64,Partition Id:3,Stage Id:5
16/11/14 17:19:41 INFO myLogger: [ShuffledRDD]EndAt:8403219243758,TaskAttempt ID:68,Partition Id:7,Stage Id:5
16/11/14 17:19:41 INFO myLogger: [MapPartitionsRDD]EndAt:8403219844103,TaskAttempt ID:68,Partition Id:7,Stage Id:5
16/11/14 17:19:41 INFO myLogger: [MapPartitionsRDD]EndAt:8403220340100,TaskAttempt ID:71,Partition Id:8,Stage Id:5
16/11/14 17:19:41 INFO myLogger: [ShuffledRDD]EndAt:8403220435402,TaskAttempt ID:60,Partition Id:0,Stage Id:5
16/11/14 17:19:41 INFO myLogger: [MapPartitionsRDD]EndAt:8403220709581,TaskAttempt ID:74,Partition Id:15,Stage Id:5
16/11/14 17:19:41 INFO myLogger: [MapPartitionsRDD]EndAt:8403221429358,TaskAttempt ID:60,Partition Id:0,Stage Id:5
16/11/14 17:19:46 INFO myLogger: [UnionRDD]EndAt:8408204300497,TaskAttempt ID:73,Partition Id:11,Stage Id:5
16/11/14 17:19:56 INFO myLogger: [UnionRDD]EndAt:8418396842093,TaskAttempt ID:74,Partition Id:15,Stage Id:5
16/11/14 17:19:59 INFO myLogger: [UnionRDD]EndAt:8421431676345,TaskAttempt ID:68,Partition Id:7,Stage Id:5
16/11/14 17:20:01 INFO myLogger: [UnionRDD]EndAt:8423933691170,TaskAttempt ID:64,Partition Id:3,Stage Id:5
16/11/14 17:20:52 INFO myLogger: [UnionRDD]EndAt:8474721324887,TaskAttempt ID:71,Partition Id:8,Stage Id:5
16/11/14 17:20:56 INFO myLogger: [UnionRDD]EndAt:8478860671021,TaskAttempt ID:60,Partition Id:0,Stage Id:5
16/11/14 17:21:16 INFO myLogger: [UnionRDD]StartAt:8498319778179,TaskAttempt ID:75,Partition Id:0,Stage Id:6
16/11/14 17:21:16 INFO myLogger: [MapPartitionsRDD]StartAt:8498321069585,TaskAttempt ID:75,Partition Id:0,Stage Id:6
16/11/14 17:21:16 INFO myLogger: [ShuffledRDD]StartAt:8498321744860,TaskAttempt ID:75,Partition Id:0,Stage Id:6
16/11/14 17:21:16 INFO myLogger: [UnionRDD]StartAt:8498322177006,TaskAttempt ID:90,Partition Id:15,Stage Id:6
16/11/14 17:21:16 INFO myLogger: [UnionRDD]StartAt:8498322360605,TaskAttempt ID:86,Partition Id:8,Stage Id:6
16/11/14 17:21:16 INFO myLogger: [MapPartitionsRDD]StartAt:8498323754553,TaskAttempt ID:90,Partition Id:15,Stage Id:6
16/11/14 17:21:16 INFO myLogger: [MapPartitionsRDD]StartAt:8498323836952,TaskAttempt ID:86,Partition Id:8,Stage Id:6
16/11/14 17:21:16 INFO myLogger: [ShuffledRDD]StartAt:8498324160345,TaskAttempt ID:90,Partition Id:15,Stage Id:6
16/11/14 17:21:16 INFO myLogger: [ShuffledRDD]StartAt:8498324234134,TaskAttempt ID:86,Partition Id:8,Stage Id:6
16/11/14 17:21:16 INFO myLogger: [UnionRDD]StartAt:8498329242370,TaskAttempt ID:83,Partition Id:7,Stage Id:6
16/11/14 17:21:16 INFO myLogger: [UnionRDD]StartAt:8498329382845,TaskAttempt ID:79,Partition Id:3,Stage Id:6
16/11/14 17:21:16 INFO myLogger: [UnionRDD]StartAt:8498329533720,TaskAttempt ID:89,Partition Id:11,Stage Id:6
16/11/14 17:21:16 INFO myLogger: [MapPartitionsRDD]StartAt:8498331823301,TaskAttempt ID:89,Partition Id:11,Stage Id:6
16/11/14 17:21:16 INFO myLogger: [MapPartitionsRDD]StartAt:8498332149889,TaskAttempt ID:83,Partition Id:7,Stage Id:6
16/11/14 17:21:16 INFO myLogger: [MapPartitionsRDD]StartAt:8498332506936,TaskAttempt ID:79,Partition Id:3,Stage Id:6
16/11/14 17:21:16 INFO myLogger: [ShuffledRDD]StartAt:8498332651330,TaskAttempt ID:89,Partition Id:11,Stage Id:6
16/11/14 17:21:16 INFO myLogger: [ShuffledRDD]StartAt:8498332921013,TaskAttempt ID:83,Partition Id:7,Stage Id:6
16/11/14 17:21:16 INFO myLogger: [ShuffledRDD]StartAt:8498332973916,TaskAttempt ID:79,Partition Id:3,Stage Id:6
16/11/14 17:21:16 INFO myLogger: [ShuffledRDD]EndAt:8498348264282,TaskAttempt ID:89,Partition Id:11,Stage Id:6
16/11/14 17:21:16 INFO myLogger: [MapPartitionsRDD]EndAt:8498348637111,TaskAttempt ID:89,Partition Id:11,Stage Id:6
16/11/14 17:21:16 INFO myLogger: [ShuffledRDD]EndAt:8498349239839,TaskAttempt ID:79,Partition Id:3,Stage Id:6
16/11/14 17:21:16 INFO myLogger: [MapPartitionsRDD]EndAt:8498349553769,TaskAttempt ID:79,Partition Id:3,Stage Id:6
16/11/14 17:21:16 INFO myLogger: [ShuffledRDD]EndAt:8498353748229,TaskAttempt ID:90,Partition Id:15,Stage Id:6
16/11/14 17:21:16 INFO myLogger: [MapPartitionsRDD]EndAt:8498354146045,TaskAttempt ID:90,Partition Id:15,Stage Id:6
16/11/14 17:21:16 INFO myLogger: [ShuffledRDD]EndAt:8498355519964,TaskAttempt ID:86,Partition Id:8,Stage Id:6
16/11/14 17:21:16 INFO myLogger: [ShuffledRDD]EndAt:8498355653784,TaskAttempt ID:83,Partition Id:7,Stage Id:6
16/11/14 17:21:16 INFO myLogger: [MapPartitionsRDD]EndAt:8498356165549,TaskAttempt ID:86,Partition Id:8,Stage Id:6
16/11/14 17:21:16 INFO myLogger: [MapPartitionsRDD]EndAt:8498356278595,TaskAttempt ID:83,Partition Id:7,Stage Id:6
16/11/14 17:21:16 INFO myLogger: [ShuffledRDD]EndAt:8498357297141,TaskAttempt ID:75,Partition Id:0,Stage Id:6
16/11/14 17:21:16 INFO myLogger: [MapPartitionsRDD]EndAt:8498357899350,TaskAttempt ID:75,Partition Id:0,Stage Id:6
16/11/14 17:21:30 INFO myLogger: [UnionRDD]EndAt:8512222895406,TaskAttempt ID:86,Partition Id:8,Stage Id:6
16/11/14 17:21:30 INFO myLogger: [UnionRDD]EndAt:8512453078351,TaskAttempt ID:89,Partition Id:11,Stage Id:6
16/11/14 17:21:36 INFO myLogger: [UnionRDD]EndAt:8518232462320,TaskAttempt ID:75,Partition Id:0,Stage Id:6
16/11/14 17:21:39 INFO myLogger: [UnionRDD]EndAt:8521829363710,TaskAttempt ID:79,Partition Id:3,Stage Id:6
16/11/14 17:22:24 INFO myLogger: [UnionRDD]EndAt:8566173035304,TaskAttempt ID:90,Partition Id:15,Stage Id:6
16/11/14 17:22:29 INFO myLogger: [UnionRDD]EndAt:8571573556602,TaskAttempt ID:83,Partition Id:7,Stage Id:6
16/11/14 17:22:50 INFO myLogger: [UnionRDD]StartAt:8592140731300,TaskAttempt ID:92,Partition Id:0,Stage Id:7
16/11/14 17:22:50 INFO myLogger: [MapPartitionsRDD]StartAt:8592141588759,TaskAttempt ID:92,Partition Id:0,Stage Id:7
16/11/14 17:22:50 INFO myLogger: [ShuffledRDD]StartAt:8592141877063,TaskAttempt ID:92,Partition Id:0,Stage Id:7
16/11/14 17:22:50 INFO myLogger: [UnionRDD]StartAt:8592146941871,TaskAttempt ID:106,Partition Id:15,Stage Id:7
16/11/14 17:22:50 INFO myLogger: [UnionRDD]StartAt:8592148466933,TaskAttempt ID:105,Partition Id:11,Stage Id:7
16/11/14 17:22:50 INFO myLogger: [MapPartitionsRDD]StartAt:8592152370843,TaskAttempt ID:106,Partition Id:15,Stage Id:7
16/11/14 17:22:50 INFO myLogger: [UnionRDD]StartAt:8592153022365,TaskAttempt ID:96,Partition Id:3,Stage Id:7
16/11/14 17:22:50 INFO myLogger: [UnionRDD]StartAt:8592153601085,TaskAttempt ID:103,Partition Id:8,Stage Id:7
16/11/14 17:22:50 INFO myLogger: [UnionRDD]StartAt:8592153883139,TaskAttempt ID:100,Partition Id:7,Stage Id:7
16/11/14 17:22:50 INFO myLogger: [ShuffledRDD]StartAt:8592154356390,TaskAttempt ID:106,Partition Id:15,Stage Id:7
16/11/14 17:22:50 INFO myLogger: [MapPartitionsRDD]StartAt:8592155985523,TaskAttempt ID:105,Partition Id:11,Stage Id:7
16/11/14 17:22:50 INFO myLogger: [MapPartitionsRDD]StartAt:8592156402929,TaskAttempt ID:96,Partition Id:3,Stage Id:7
16/11/14 17:22:50 INFO myLogger: [ShuffledRDD]StartAt:8592157096757,TaskAttempt ID:105,Partition Id:11,Stage Id:7
16/11/14 17:22:50 INFO myLogger: [MapPartitionsRDD]StartAt:8592157741176,TaskAttempt ID:103,Partition Id:8,Stage Id:7
16/11/14 17:22:50 INFO myLogger: [ShuffledRDD]StartAt:8592158560355,TaskAttempt ID:96,Partition Id:3,Stage Id:7
16/11/14 17:22:50 INFO myLogger: [MapPartitionsRDD]StartAt:8592158720582,TaskAttempt ID:100,Partition Id:7,Stage Id:7
16/11/14 17:22:50 INFO myLogger: [ShuffledRDD]StartAt:8592159297577,TaskAttempt ID:103,Partition Id:8,Stage Id:7
16/11/14 17:22:50 INFO myLogger: [ShuffledRDD]StartAt:8592159935002,TaskAttempt ID:100,Partition Id:7,Stage Id:7
16/11/14 17:22:50 INFO myLogger: [ShuffledRDD]EndAt:8592172300803,TaskAttempt ID:92,Partition Id:0,Stage Id:7
16/11/14 17:22:50 INFO myLogger: [MapPartitionsRDD]EndAt:8592172869110,TaskAttempt ID:92,Partition Id:0,Stage Id:7
16/11/14 17:22:50 INFO myLogger: [ShuffledRDD]EndAt:8592173287165,TaskAttempt ID:106,Partition Id:15,Stage Id:7
16/11/14 17:22:50 INFO myLogger: [MapPartitionsRDD]EndAt:8592174279630,TaskAttempt ID:106,Partition Id:15,Stage Id:7
16/11/14 17:22:50 INFO myLogger: [ShuffledRDD]EndAt:8592177134777,TaskAttempt ID:105,Partition Id:11,Stage Id:7
16/11/14 17:22:50 INFO myLogger: [MapPartitionsRDD]EndAt:8592177641306,TaskAttempt ID:105,Partition Id:11,Stage Id:7
16/11/14 17:22:50 INFO myLogger: [ShuffledRDD]EndAt:8592178669135,TaskAttempt ID:103,Partition Id:8,Stage Id:7
16/11/14 17:22:50 INFO myLogger: [MapPartitionsRDD]EndAt:8592179006098,TaskAttempt ID:103,Partition Id:8,Stage Id:7
16/11/14 17:22:50 INFO myLogger: [ShuffledRDD]EndAt:8592181167106,TaskAttempt ID:100,Partition Id:7,Stage Id:7
16/11/14 17:22:50 INFO myLogger: [ShuffledRDD]EndAt:8592181287507,TaskAttempt ID:96,Partition Id:3,Stage Id:7
16/11/14 17:22:50 INFO myLogger: [MapPartitionsRDD]EndAt:8592181860096,TaskAttempt ID:100,Partition Id:7,Stage Id:7
16/11/14 17:22:50 INFO myLogger: [MapPartitionsRDD]EndAt:8592181967342,TaskAttempt ID:96,Partition Id:3,Stage Id:7
16/11/14 17:22:59 INFO myLogger: [UnionRDD]EndAt:8601533514235,TaskAttempt ID:96,Partition Id:3,Stage Id:7
16/11/14 17:23:03 INFO myLogger: [UnionRDD]EndAt:8605904455087,TaskAttempt ID:105,Partition Id:11,Stage Id:7
16/11/14 17:23:04 INFO myLogger: [UnionRDD]EndAt:8606370430524,TaskAttempt ID:106,Partition Id:15,Stage Id:7
16/11/14 17:23:07 INFO myLogger: [UnionRDD]EndAt:8609864994687,TaskAttempt ID:103,Partition Id:8,Stage Id:7
16/11/14 17:23:09 INFO myLogger: [UnionRDD]EndAt:8611571536339,TaskAttempt ID:100,Partition Id:7,Stage Id:7
16/11/14 17:23:11 INFO myLogger: [UnionRDD]EndAt:8613663650307,TaskAttempt ID:92,Partition Id:0,Stage Id:7
16/11/14 17:24:23 INFO myLogger: [UnionRDD]StartAt:8685203180017,TaskAttempt ID:109,Partition Id:0,Stage Id:8
16/11/14 17:24:23 INFO myLogger: [MapPartitionsRDD]StartAt:8685203931357,TaskAttempt ID:109,Partition Id:0,Stage Id:8
16/11/14 17:24:23 INFO myLogger: [ShuffledRDD]StartAt:8685204209273,TaskAttempt ID:109,Partition Id:0,Stage Id:8
16/11/14 17:24:23 INFO myLogger: [UnionRDD]StartAt:8685210001775,TaskAttempt ID:122,Partition Id:15,Stage Id:8
16/11/14 17:24:23 INFO myLogger: [UnionRDD]StartAt:8685213175639,TaskAttempt ID:121,Partition Id:11,Stage Id:8
16/11/14 17:24:23 INFO myLogger: [MapPartitionsRDD]StartAt:8685213519660,TaskAttempt ID:122,Partition Id:15,Stage Id:8
16/11/14 17:24:23 INFO myLogger: [UnionRDD]StartAt:8685214361773,TaskAttempt ID:119,Partition Id:8,Stage Id:8
16/11/14 17:24:23 INFO myLogger: [MapPartitionsRDD]StartAt:8685215532980,TaskAttempt ID:121,Partition Id:11,Stage Id:8
16/11/14 17:24:23 INFO myLogger: [ShuffledRDD]StartAt:8685215724632,TaskAttempt ID:122,Partition Id:15,Stage Id:8
16/11/14 17:24:23 INFO myLogger: [UnionRDD]StartAt:8685216551399,TaskAttempt ID:116,Partition Id:7,Stage Id:8
16/11/14 17:24:23 INFO myLogger: [ShuffledRDD]StartAt:8685216761420,TaskAttempt ID:121,Partition Id:11,Stage Id:8
16/11/14 17:24:23 INFO myLogger: [UnionRDD]StartAt:8685217176761,TaskAttempt ID:113,Partition Id:3,Stage Id:8
16/11/14 17:24:23 INFO myLogger: [MapPartitionsRDD]StartAt:8685218311148,TaskAttempt ID:119,Partition Id:8,Stage Id:8
16/11/14 17:24:23 INFO myLogger: [ShuffledRDD]StartAt:8685219066998,TaskAttempt ID:119,Partition Id:8,Stage Id:8
16/11/14 17:24:23 INFO myLogger: [MapPartitionsRDD]StartAt:8685219194228,TaskAttempt ID:116,Partition Id:7,Stage Id:8
16/11/14 17:24:23 INFO myLogger: [ShuffledRDD]StartAt:8685219973110,TaskAttempt ID:116,Partition Id:7,Stage Id:8
16/11/14 17:24:23 INFO myLogger: [MapPartitionsRDD]StartAt:8685220436217,TaskAttempt ID:113,Partition Id:3,Stage Id:8
16/11/14 17:24:23 INFO myLogger: [ShuffledRDD]StartAt:8685220991639,TaskAttempt ID:113,Partition Id:3,Stage Id:8
16/11/14 17:24:23 INFO myLogger: [ShuffledRDD]EndAt:8685223777530,TaskAttempt ID:109,Partition Id:0,Stage Id:8
16/11/14 17:24:23 INFO myLogger: [MapPartitionsRDD]EndAt:8685224110707,TaskAttempt ID:109,Partition Id:0,Stage Id:8
16/11/14 17:24:23 INFO myLogger: [ShuffledRDD]EndAt:8685230100127,TaskAttempt ID:121,Partition Id:11,Stage Id:8
16/11/14 17:24:23 INFO myLogger: [MapPartitionsRDD]EndAt:8685230483022,TaskAttempt ID:121,Partition Id:11,Stage Id:8
16/11/14 17:24:23 INFO myLogger: [ShuffledRDD]EndAt:8685236990712,TaskAttempt ID:122,Partition Id:15,Stage Id:8
16/11/14 17:24:23 INFO myLogger: [MapPartitionsRDD]EndAt:8685237385112,TaskAttempt ID:122,Partition Id:15,Stage Id:8
16/11/14 17:24:23 INFO myLogger: [ShuffledRDD]EndAt:8685241053635,TaskAttempt ID:113,Partition Id:3,Stage Id:8
16/11/14 17:24:23 INFO myLogger: [ShuffledRDD]EndAt:8685241270130,TaskAttempt ID:116,Partition Id:7,Stage Id:8
16/11/14 17:24:23 INFO myLogger: [MapPartitionsRDD]EndAt:8685241669831,TaskAttempt ID:113,Partition Id:3,Stage Id:8
16/11/14 17:24:23 INFO myLogger: [MapPartitionsRDD]EndAt:8685241771628,TaskAttempt ID:116,Partition Id:7,Stage Id:8
16/11/14 17:24:23 INFO myLogger: [ShuffledRDD]EndAt:8685243402411,TaskAttempt ID:119,Partition Id:8,Stage Id:8
16/11/14 17:24:23 INFO myLogger: [MapPartitionsRDD]EndAt:8685243731084,TaskAttempt ID:119,Partition Id:8,Stage Id:8
16/11/14 17:24:26 INFO myLogger: [UnionRDD]EndAt:8688957109403,TaskAttempt ID:121,Partition Id:11,Stage Id:8
16/11/14 17:24:38 INFO myLogger: [UnionRDD]EndAt:8700645496689,TaskAttempt ID:122,Partition Id:15,Stage Id:8
16/11/14 17:24:38 INFO myLogger: [UnionRDD]EndAt:8700976175790,TaskAttempt ID:119,Partition Id:8,Stage Id:8
16/11/14 17:24:41 INFO myLogger: [UnionRDD]EndAt:8703877695366,TaskAttempt ID:113,Partition Id:3,Stage Id:8
16/11/14 17:24:44 INFO myLogger: [UnionRDD]EndAt:8706274015094,TaskAttempt ID:116,Partition Id:7,Stage Id:8
16/11/14 17:24:44 INFO myLogger: [UnionRDD]EndAt:8706369479233,TaskAttempt ID:109,Partition Id:0,Stage Id:8
16/11/14 17:26:08 INFO myLogger: [UnionRDD]StartAt:8790177134754,TaskAttempt ID:123,Partition Id:0,Stage Id:9
16/11/14 17:26:08 INFO myLogger: [UnionRDD]StartAt:8790179347190,TaskAttempt ID:138,Partition Id:15,Stage Id:9
16/11/14 17:26:08 INFO myLogger: [MapPartitionsRDD]StartAt:8790179807486,TaskAttempt ID:123,Partition Id:0,Stage Id:9
16/11/14 17:26:08 INFO myLogger: [UnionRDD]StartAt:8790179906020,TaskAttempt ID:137,Partition Id:11,Stage Id:9
16/11/14 17:26:08 INFO myLogger: [UnionRDD]StartAt:8790180700041,TaskAttempt ID:127,Partition Id:3,Stage Id:9
16/11/14 17:26:08 INFO myLogger: [ShuffledRDD]StartAt:8790180882897,TaskAttempt ID:123,Partition Id:0,Stage Id:9
16/11/14 17:26:08 INFO myLogger: [UnionRDD]StartAt:8790181308989,TaskAttempt ID:134,Partition Id:8,Stage Id:9
16/11/14 17:26:08 INFO myLogger: [MapPartitionsRDD]StartAt:8790181733965,TaskAttempt ID:138,Partition Id:15,Stage Id:9
16/11/14 17:26:08 INFO myLogger: [UnionRDD]StartAt:8790182109843,TaskAttempt ID:131,Partition Id:7,Stage Id:9
16/11/14 17:26:08 INFO myLogger: [ShuffledRDD]StartAt:8790182615998,TaskAttempt ID:138,Partition Id:15,Stage Id:9
16/11/14 17:26:08 INFO myLogger: [MapPartitionsRDD]StartAt:8790183988487,TaskAttempt ID:127,Partition Id:3,Stage Id:9
16/11/14 17:26:08 INFO myLogger: [MapPartitionsRDD]StartAt:8790184332974,TaskAttempt ID:134,Partition Id:8,Stage Id:9
16/11/14 17:26:08 INFO myLogger: [ShuffledRDD]StartAt:8790185028906,TaskAttempt ID:134,Partition Id:8,Stage Id:9
16/11/14 17:26:08 INFO myLogger: [MapPartitionsRDD]StartAt:8790185097323,TaskAttempt ID:137,Partition Id:11,Stage Id:9
16/11/14 17:26:08 INFO myLogger: [ShuffledRDD]StartAt:8790185240141,TaskAttempt ID:127,Partition Id:3,Stage Id:9
16/11/14 17:26:08 INFO myLogger: [MapPartitionsRDD]StartAt:8790185522431,TaskAttempt ID:131,Partition Id:7,Stage Id:9
16/11/14 17:26:08 INFO myLogger: [ShuffledRDD]StartAt:8790185811963,TaskAttempt ID:137,Partition Id:11,Stage Id:9
16/11/14 17:26:08 INFO myLogger: [ShuffledRDD]StartAt:8790186359086,TaskAttempt ID:131,Partition Id:7,Stage Id:9
16/11/14 17:26:08 INFO myLogger: [ShuffledRDD]EndAt:8790211030139,TaskAttempt ID:123,Partition Id:0,Stage Id:9
16/11/14 17:26:08 INFO myLogger: [MapPartitionsRDD]EndAt:8790211521888,TaskAttempt ID:123,Partition Id:0,Stage Id:9
16/11/14 17:26:08 INFO myLogger: [ShuffledRDD]EndAt:8790211985727,TaskAttempt ID:134,Partition Id:8,Stage Id:9
16/11/14 17:26:08 INFO myLogger: [ShuffledRDD]EndAt:8790212440058,TaskAttempt ID:131,Partition Id:7,Stage Id:9
16/11/14 17:26:08 INFO myLogger: [MapPartitionsRDD]EndAt:8790212773725,TaskAttempt ID:134,Partition Id:8,Stage Id:9
16/11/14 17:26:08 INFO myLogger: [ShuffledRDD]EndAt:8790212901553,TaskAttempt ID:137,Partition Id:11,Stage Id:9
16/11/14 17:26:08 INFO myLogger: [MapPartitionsRDD]EndAt:8790212994940,TaskAttempt ID:131,Partition Id:7,Stage Id:9
16/11/14 17:26:08 INFO myLogger: [MapPartitionsRDD]EndAt:8790213884153,TaskAttempt ID:137,Partition Id:11,Stage Id:9
16/11/14 17:26:08 INFO myLogger: [ShuffledRDD]EndAt:8790216752923,TaskAttempt ID:127,Partition Id:3,Stage Id:9
16/11/14 17:26:08 INFO myLogger: [ShuffledRDD]EndAt:8790216842873,TaskAttempt ID:138,Partition Id:15,Stage Id:9
16/11/14 17:26:08 INFO myLogger: [MapPartitionsRDD]EndAt:8790217182655,TaskAttempt ID:127,Partition Id:3,Stage Id:9
16/11/14 17:26:08 INFO myLogger: [MapPartitionsRDD]EndAt:8790217243457,TaskAttempt ID:138,Partition Id:15,Stage Id:9
16/11/14 17:26:21 INFO myLogger: [UnionRDD]EndAt:8803107788761,TaskAttempt ID:137,Partition Id:11,Stage Id:9
16/11/14 17:26:23 INFO myLogger: [UnionRDD]EndAt:8805794070290,TaskAttempt ID:138,Partition Id:15,Stage Id:9
16/11/14 17:26:23 INFO myLogger: [UnionRDD]EndAt:8805857232520,TaskAttempt ID:134,Partition Id:8,Stage Id:9
16/11/14 17:26:29 INFO myLogger: [UnionRDD]EndAt:8811344785732,TaskAttempt ID:131,Partition Id:7,Stage Id:9
16/11/14 17:26:30 INFO myLogger: [UnionRDD]EndAt:8812568734265,TaskAttempt ID:127,Partition Id:3,Stage Id:9
16/11/14 17:26:31 INFO myLogger: [UnionRDD]EndAt:8813738284333,TaskAttempt ID:123,Partition Id:0,Stage Id:9
16/11/14 17:27:44 INFO myLogger: [UnionRDD]StartAt:8886427640697,TaskAttempt ID:142,Partition Id:0,Stage Id:10
16/11/14 17:27:44 INFO myLogger: [MapPartitionsRDD]StartAt:8886428474331,TaskAttempt ID:142,Partition Id:0,Stage Id:10
16/11/14 17:27:44 INFO myLogger: [ShuffledRDD]StartAt:8886428756890,TaskAttempt ID:142,Partition Id:0,Stage Id:10
16/11/14 17:27:44 INFO myLogger: [UnionRDD]StartAt:8886433439499,TaskAttempt ID:154,Partition Id:15,Stage Id:10
16/11/14 17:27:44 INFO myLogger: [UnionRDD]StartAt:8886434156519,TaskAttempt ID:153,Partition Id:11,Stage Id:10
16/11/14 17:27:44 INFO myLogger: [UnionRDD]StartAt:8886436153328,TaskAttempt ID:146,Partition Id:3,Stage Id:10
16/11/14 17:27:44 INFO myLogger: [UnionRDD]StartAt:8886436243576,TaskAttempt ID:152,Partition Id:8,Stage Id:10
16/11/14 17:27:44 INFO myLogger: [UnionRDD]StartAt:8886436753144,TaskAttempt ID:149,Partition Id:7,Stage Id:10
16/11/14 17:27:44 INFO myLogger: [MapPartitionsRDD]StartAt:8886437290785,TaskAttempt ID:154,Partition Id:15,Stage Id:10
16/11/14 17:27:44 INFO myLogger: [MapPartitionsRDD]StartAt:8886438046754,TaskAttempt ID:152,Partition Id:8,Stage Id:10
16/11/14 17:27:44 INFO myLogger: [MapPartitionsRDD]StartAt:8886438462068,TaskAttempt ID:153,Partition Id:11,Stage Id:10
16/11/14 17:27:44 INFO myLogger: [ShuffledRDD]StartAt:8886439323847,TaskAttempt ID:153,Partition Id:11,Stage Id:10
16/11/14 17:27:44 INFO myLogger: [ShuffledRDD]StartAt:8886439585342,TaskAttempt ID:154,Partition Id:15,Stage Id:10
16/11/14 17:27:44 INFO myLogger: [MapPartitionsRDD]StartAt:8886439850569,TaskAttempt ID:149,Partition Id:7,Stage Id:10
16/11/14 17:27:44 INFO myLogger: [ShuffledRDD]StartAt:8886439963743,TaskAttempt ID:152,Partition Id:8,Stage Id:10
16/11/14 17:27:44 INFO myLogger: [MapPartitionsRDD]StartAt:8886440060778,TaskAttempt ID:146,Partition Id:3,Stage Id:10
16/11/14 17:27:44 INFO myLogger: [ShuffledRDD]StartAt:8886440735873,TaskAttempt ID:146,Partition Id:3,Stage Id:10
16/11/14 17:27:44 INFO myLogger: [ShuffledRDD]StartAt:8886440984226,TaskAttempt ID:149,Partition Id:7,Stage Id:10
16/11/14 17:27:44 INFO myLogger: [ShuffledRDD]EndAt:8886449170472,TaskAttempt ID:142,Partition Id:0,Stage Id:10
16/11/14 17:27:44 INFO myLogger: [MapPartitionsRDD]EndAt:8886449692983,TaskAttempt ID:142,Partition Id:0,Stage Id:10
16/11/14 17:27:44 INFO myLogger: [ShuffledRDD]EndAt:8886450555090,TaskAttempt ID:153,Partition Id:11,Stage Id:10
16/11/14 17:27:44 INFO myLogger: [MapPartitionsRDD]EndAt:8886450859486,TaskAttempt ID:153,Partition Id:11,Stage Id:10
16/11/14 17:27:44 INFO myLogger: [ShuffledRDD]EndAt:8886491560184,TaskAttempt ID:146,Partition Id:3,Stage Id:10
16/11/14 17:27:44 INFO myLogger: [MapPartitionsRDD]EndAt:8886566610776,TaskAttempt ID:146,Partition Id:3,Stage Id:10
16/11/14 17:27:44 INFO myLogger: [ShuffledRDD]EndAt:8886567663786,TaskAttempt ID:154,Partition Id:15,Stage Id:10
16/11/14 17:27:44 INFO myLogger: [MapPartitionsRDD]EndAt:8886567902049,TaskAttempt ID:154,Partition Id:15,Stage Id:10
16/11/14 17:27:44 INFO myLogger: [ShuffledRDD]EndAt:8886572696995,TaskAttempt ID:152,Partition Id:8,Stage Id:10
16/11/14 17:27:44 INFO myLogger: [MapPartitionsRDD]EndAt:8886573844864,TaskAttempt ID:152,Partition Id:8,Stage Id:10
16/11/14 17:27:44 INFO myLogger: [ShuffledRDD]EndAt:8886575048317,TaskAttempt ID:149,Partition Id:7,Stage Id:10
16/11/14 17:27:44 INFO myLogger: [MapPartitionsRDD]EndAt:8886575436737,TaskAttempt ID:149,Partition Id:7,Stage Id:10
16/11/14 17:27:55 INFO myLogger: [UnionRDD]EndAt:8897840968492,TaskAttempt ID:142,Partition Id:0,Stage Id:10
16/11/14 17:27:57 INFO myLogger: [UnionRDD]EndAt:8899871083565,TaskAttempt ID:152,Partition Id:8,Stage Id:10
16/11/14 17:27:59 INFO myLogger: [UnionRDD]EndAt:8901325394394,TaskAttempt ID:154,Partition Id:15,Stage Id:10
16/11/14 17:28:04 INFO myLogger: [UnionRDD]EndAt:8906585738037,TaskAttempt ID:149,Partition Id:7,Stage Id:10
16/11/14 17:28:53 INFO myLogger: [UnionRDD]EndAt:8955242133391,TaskAttempt ID:153,Partition Id:11,Stage Id:10
16/11/14 17:28:59 INFO myLogger: [UnionRDD]EndAt:8961527234738,TaskAttempt ID:146,Partition Id:3,Stage Id:10
16/11/14 17:29:18 INFO myLogger: [UnionRDD]StartAt:8980520338086,TaskAttempt ID:155,Partition Id:0,Stage Id:11
16/11/14 17:29:18 INFO myLogger: [MapPartitionsRDD]StartAt:8980521337480,TaskAttempt ID:155,Partition Id:0,Stage Id:11
16/11/14 17:29:18 INFO myLogger: [ShuffledRDD]StartAt:8980521707149,TaskAttempt ID:155,Partition Id:0,Stage Id:11
16/11/14 17:29:18 INFO myLogger: [UnionRDD]StartAt:8980525735326,TaskAttempt ID:170,Partition Id:15,Stage Id:11
16/11/14 17:29:18 INFO myLogger: [UnionRDD]StartAt:8980526750092,TaskAttempt ID:169,Partition Id:11,Stage Id:11
16/11/14 17:29:18 INFO myLogger: [UnionRDD]StartAt:8980527736077,TaskAttempt ID:163,Partition Id:7,Stage Id:11
16/11/14 17:29:18 INFO myLogger: [UnionRDD]StartAt:8980528356404,TaskAttempt ID:166,Partition Id:8,Stage Id:11
16/11/14 17:29:18 INFO myLogger: [UnionRDD]StartAt:8980529731040,TaskAttempt ID:159,Partition Id:3,Stage Id:11
16/11/14 17:29:18 INFO myLogger: [MapPartitionsRDD]StartAt:8980530924330,TaskAttempt ID:163,Partition Id:7,Stage Id:11
16/11/14 17:29:18 INFO myLogger: [MapPartitionsRDD]StartAt:8980531532901,TaskAttempt ID:169,Partition Id:11,Stage Id:11
16/11/14 17:29:18 INFO myLogger: [MapPartitionsRDD]StartAt:8980531678503,TaskAttempt ID:170,Partition Id:15,Stage Id:11
16/11/14 17:29:18 INFO myLogger: [ShuffledRDD]StartAt:8980531843492,TaskAttempt ID:163,Partition Id:7,Stage Id:11
16/11/14 17:29:18 INFO myLogger: [ShuffledRDD]StartAt:8980532431288,TaskAttempt ID:170,Partition Id:15,Stage Id:11
16/11/14 17:29:18 INFO myLogger: [ShuffledRDD]StartAt:8980533886428,TaskAttempt ID:169,Partition Id:11,Stage Id:11
16/11/14 17:29:18 INFO myLogger: [MapPartitionsRDD]StartAt:8980534010968,TaskAttempt ID:166,Partition Id:8,Stage Id:11
16/11/14 17:29:18 INFO myLogger: [MapPartitionsRDD]StartAt:8980534647402,TaskAttempt ID:159,Partition Id:3,Stage Id:11
16/11/14 17:29:18 INFO myLogger: [ShuffledRDD]StartAt:8980534906754,TaskAttempt ID:159,Partition Id:3,Stage Id:11
16/11/14 17:29:18 INFO myLogger: [ShuffledRDD]StartAt:8980536928418,TaskAttempt ID:166,Partition Id:8,Stage Id:11
16/11/14 17:29:18 INFO myLogger: [ShuffledRDD]EndAt:8980548754978,TaskAttempt ID:159,Partition Id:3,Stage Id:11
16/11/14 17:29:18 INFO myLogger: [MapPartitionsRDD]EndAt:8980549060195,TaskAttempt ID:159,Partition Id:3,Stage Id:11
16/11/14 17:29:18 INFO myLogger: [ShuffledRDD]EndAt:8980550534852,TaskAttempt ID:155,Partition Id:0,Stage Id:11
16/11/14 17:29:18 INFO myLogger: [MapPartitionsRDD]EndAt:8980551028403,TaskAttempt ID:155,Partition Id:0,Stage Id:11
16/11/14 17:29:18 INFO myLogger: [ShuffledRDD]EndAt:8980554847276,TaskAttempt ID:170,Partition Id:15,Stage Id:11
16/11/14 17:29:18 INFO myLogger: [MapPartitionsRDD]EndAt:8980555100289,TaskAttempt ID:170,Partition Id:15,Stage Id:11
16/11/14 17:29:18 INFO myLogger: [ShuffledRDD]EndAt:8980556257206,TaskAttempt ID:163,Partition Id:7,Stage Id:11
16/11/14 17:29:18 INFO myLogger: [MapPartitionsRDD]EndAt:8980556900137,TaskAttempt ID:163,Partition Id:7,Stage Id:11
16/11/14 17:29:18 INFO myLogger: [ShuffledRDD]EndAt:8980560352642,TaskAttempt ID:169,Partition Id:11,Stage Id:11
16/11/14 17:29:18 INFO myLogger: [MapPartitionsRDD]EndAt:8980560764302,TaskAttempt ID:169,Partition Id:11,Stage Id:11
16/11/14 17:29:18 INFO myLogger: [ShuffledRDD]EndAt:8980561760833,TaskAttempt ID:166,Partition Id:8,Stage Id:11
16/11/14 17:29:18 INFO myLogger: [MapPartitionsRDD]EndAt:8980562585167,TaskAttempt ID:166,Partition Id:8,Stage Id:11
16/11/14 17:29:22 INFO myLogger: [UnionRDD]EndAt:8984085878654,TaskAttempt ID:166,Partition Id:8,Stage Id:11
16/11/14 17:29:32 INFO myLogger: [UnionRDD]EndAt:8994549985400,TaskAttempt ID:170,Partition Id:15,Stage Id:11
16/11/14 17:29:35 INFO myLogger: [UnionRDD]EndAt:8997406600168,TaskAttempt ID:169,Partition Id:11,Stage Id:11
16/11/14 17:29:37 INFO myLogger: [UnionRDD]EndAt:9000011989879,TaskAttempt ID:163,Partition Id:7,Stage Id:11
16/11/14 17:29:38 INFO myLogger: [UnionRDD]EndAt:9000214546944,TaskAttempt ID:155,Partition Id:0,Stage Id:11
16/11/14 17:29:38 INFO myLogger: [UnionRDD]EndAt:9000797188447,TaskAttempt ID:159,Partition Id:3,Stage Id:11
16/11/14 17:30:50 INFO myLogger: [UnionRDD]StartAt:9072877028649,TaskAttempt ID:172,Partition Id:0,Stage Id:12
16/11/14 17:30:50 INFO myLogger: [UnionRDD]StartAt:9072877227345,TaskAttempt ID:186,Partition Id:15,Stage Id:12
16/11/14 17:30:50 INFO myLogger: [UnionRDD]StartAt:9072878768693,TaskAttempt ID:185,Partition Id:11,Stage Id:12
16/11/14 17:30:50 INFO myLogger: [UnionRDD]StartAt:9072879726072,TaskAttempt ID:180,Partition Id:7,Stage Id:12
16/11/14 17:30:50 INFO myLogger: [UnionRDD]StartAt:9072879805657,TaskAttempt ID:176,Partition Id:3,Stage Id:12
16/11/14 17:30:50 INFO myLogger: [MapPartitionsRDD]StartAt:9072880641103,TaskAttempt ID:186,Partition Id:15,Stage Id:12
16/11/14 17:30:50 INFO myLogger: [UnionRDD]StartAt:9072881034718,TaskAttempt ID:183,Partition Id:8,Stage Id:12
16/11/14 17:30:50 INFO myLogger: [MapPartitionsRDD]StartAt:9072881180286,TaskAttempt ID:172,Partition Id:0,Stage Id:12
16/11/14 17:30:50 INFO myLogger: [ShuffledRDD]StartAt:9072881516958,TaskAttempt ID:186,Partition Id:15,Stage Id:12
16/11/14 17:30:50 INFO myLogger: [MapPartitionsRDD]StartAt:9072882043192,TaskAttempt ID:185,Partition Id:11,Stage Id:12
16/11/14 17:30:50 INFO myLogger: [ShuffledRDD]StartAt:9072883276125,TaskAttempt ID:185,Partition Id:11,Stage Id:12
16/11/14 17:30:50 INFO myLogger: [ShuffledRDD]StartAt:9072883394243,TaskAttempt ID:172,Partition Id:0,Stage Id:12
16/11/14 17:30:50 INFO myLogger: [MapPartitionsRDD]StartAt:9072883594358,TaskAttempt ID:183,Partition Id:8,Stage Id:12
16/11/14 17:30:50 INFO myLogger: [MapPartitionsRDD]StartAt:9072883854466,TaskAttempt ID:176,Partition Id:3,Stage Id:12
16/11/14 17:30:50 INFO myLogger: [MapPartitionsRDD]StartAt:9072884125054,TaskAttempt ID:180,Partition Id:7,Stage Id:12
16/11/14 17:30:50 INFO myLogger: [ShuffledRDD]StartAt:9072884785016,TaskAttempt ID:176,Partition Id:3,Stage Id:12
16/11/14 17:30:50 INFO myLogger: [ShuffledRDD]StartAt:9072884900039,TaskAttempt ID:183,Partition Id:8,Stage Id:12
16/11/14 17:30:50 INFO myLogger: [ShuffledRDD]StartAt:9072885157230,TaskAttempt ID:180,Partition Id:7,Stage Id:12
16/11/14 17:30:50 INFO myLogger: [ShuffledRDD]EndAt:9072906764572,TaskAttempt ID:172,Partition Id:0,Stage Id:12
16/11/14 17:30:50 INFO myLogger: [ShuffledRDD]EndAt:9072907023764,TaskAttempt ID:180,Partition Id:7,Stage Id:12
16/11/14 17:30:50 INFO myLogger: [ShuffledRDD]EndAt:9072907156583,TaskAttempt ID:176,Partition Id:3,Stage Id:12
16/11/14 17:30:50 INFO myLogger: [MapPartitionsRDD]EndAt:9072907834669,TaskAttempt ID:176,Partition Id:3,Stage Id:12
16/11/14 17:30:50 INFO myLogger: [ShuffledRDD]EndAt:9072908147252,TaskAttempt ID:186,Partition Id:15,Stage Id:12
16/11/14 17:30:50 INFO myLogger: [ShuffledRDD]EndAt:9072908343319,TaskAttempt ID:183,Partition Id:8,Stage Id:12
16/11/14 17:30:50 INFO myLogger: [MapPartitionsRDD]EndAt:9072908742067,TaskAttempt ID:180,Partition Id:7,Stage Id:12
16/11/14 17:30:50 INFO myLogger: [ShuffledRDD]EndAt:9072908895366,TaskAttempt ID:185,Partition Id:11,Stage Id:12
16/11/14 17:30:50 INFO myLogger: [MapPartitionsRDD]EndAt:9072909233189,TaskAttempt ID:172,Partition Id:0,Stage Id:12
16/11/14 17:30:50 INFO myLogger: [MapPartitionsRDD]EndAt:9072910106130,TaskAttempt ID:186,Partition Id:15,Stage Id:12
16/11/14 17:30:50 INFO myLogger: [MapPartitionsRDD]EndAt:9072910639430,TaskAttempt ID:185,Partition Id:11,Stage Id:12
16/11/14 17:30:50 INFO myLogger: [MapPartitionsRDD]EndAt:9072910966411,TaskAttempt ID:183,Partition Id:8,Stage Id:12
16/11/14 17:31:04 INFO myLogger: [UnionRDD]EndAt:9086588092781,TaskAttempt ID:183,Partition Id:8,Stage Id:12
16/11/14 17:31:04 INFO myLogger: [UnionRDD]EndAt:9086605921405,TaskAttempt ID:186,Partition Id:15,Stage Id:12
16/11/14 17:31:06 INFO myLogger: [UnionRDD]EndAt:9088587333457,TaskAttempt ID:185,Partition Id:11,Stage Id:12
16/11/14 17:31:10 INFO myLogger: [UnionRDD]EndAt:9092196938228,TaskAttempt ID:180,Partition Id:7,Stage Id:12
16/11/14 17:31:11 INFO myLogger: [UnionRDD]EndAt:9093639316777,TaskAttempt ID:176,Partition Id:3,Stage Id:12
16/11/14 17:31:13 INFO myLogger: [UnionRDD]EndAt:9095772572267,TaskAttempt ID:172,Partition Id:0,Stage Id:12
16/11/14 17:32:23 INFO myLogger: [MapPartitionsRDD]StartAt:9165083048417,TaskAttempt ID:190,Partition Id:0,Stage Id:13
16/11/14 17:32:23 INFO myLogger: [MapPartitionsRDD]StartAt:9165083544467,TaskAttempt ID:193,Partition Id:3,Stage Id:13
16/11/14 17:32:23 INFO myLogger: [MapPartitionsRDD]StartAt:9165083686347,TaskAttempt ID:194,Partition Id:7,Stage Id:13
16/11/14 17:32:23 INFO myLogger: [ShuffledRDD]StartAt:9165083779398,TaskAttempt ID:190,Partition Id:0,Stage Id:13
16/11/14 17:32:23 INFO myLogger: [ShuffledRDD]StartAt:9165084241805,TaskAttempt ID:193,Partition Id:3,Stage Id:13
16/11/14 17:32:23 INFO myLogger: [ShuffledRDD]StartAt:9165084851983,TaskAttempt ID:194,Partition Id:7,Stage Id:13
16/11/14 17:32:23 INFO myLogger: [ShuffledRDD]EndAt:9165110995396,TaskAttempt ID:190,Partition Id:0,Stage Id:13
16/11/14 17:32:23 INFO myLogger: [ShuffledRDD]EndAt:9165111545891,TaskAttempt ID:194,Partition Id:7,Stage Id:13
16/11/14 17:32:23 INFO myLogger: [MapPartitionsRDD]EndAt:9165111748683,TaskAttempt ID:190,Partition Id:0,Stage Id:13
16/11/14 17:32:23 INFO myLogger: [ShuffledRDD]EndAt:9165112500919,TaskAttempt ID:193,Partition Id:3,Stage Id:13
16/11/14 17:32:23 INFO myLogger: [MapPartitionsRDD]EndAt:9165112721607,TaskAttempt ID:194,Partition Id:7,Stage Id:13
16/11/14 17:32:23 INFO myLogger: [MapPartitionsRDD]EndAt:9165116665984,TaskAttempt ID:193,Partition Id:3,Stage Id:13
16/11/14 17:32:38 INFO myLogger: [UnionRDD]StartAt:9180472958687,TaskAttempt ID:197,Partition Id:0,Stage Id:24
16/11/14 17:32:38 INFO myLogger: [UnionRDD]StartAt:9180474743396,TaskAttempt ID:210,Partition Id:15,Stage Id:24
16/11/14 17:32:38 INFO myLogger: [UnionRDD]StartAt:9180475495667,TaskAttempt ID:209,Partition Id:11,Stage Id:24
16/11/14 17:32:38 INFO myLogger: [UnionRDD]StartAt:9180476430748,TaskAttempt ID:208,Partition Id:8,Stage Id:24
16/11/14 17:32:38 INFO myLogger: [MapPartitionsRDD]StartAt:9180476981328,TaskAttempt ID:197,Partition Id:0,Stage Id:24
16/11/14 17:32:38 INFO myLogger: [UnionRDD]StartAt:9180477456720,TaskAttempt ID:205,Partition Id:7,Stage Id:24
16/11/14 17:32:38 INFO myLogger: [ShuffledRDD]StartAt:9180478483455,TaskAttempt ID:197,Partition Id:0,Stage Id:24
16/11/14 17:32:38 INFO myLogger: [MapPartitionsRDD]StartAt:9180478635331,TaskAttempt ID:210,Partition Id:15,Stage Id:24
16/11/14 17:32:38 INFO myLogger: [ShuffledRDD]StartAt:9180479476080,TaskAttempt ID:210,Partition Id:15,Stage Id:24
16/11/14 17:32:38 INFO myLogger: [MapPartitionsRDD]StartAt:9180479671719,TaskAttempt ID:208,Partition Id:8,Stage Id:24
16/11/14 17:32:38 INFO myLogger: [UnionRDD]StartAt:9180480244970,TaskAttempt ID:201,Partition Id:3,Stage Id:24
16/11/14 17:32:38 INFO myLogger: [ShuffledRDD]StartAt:9180480361606,TaskAttempt ID:208,Partition Id:8,Stage Id:24
16/11/14 17:32:38 INFO myLogger: [MapPartitionsRDD]StartAt:9180481328567,TaskAttempt ID:205,Partition Id:7,Stage Id:24
16/11/14 17:32:38 INFO myLogger: [ShuffledRDD]StartAt:9180481647110,TaskAttempt ID:205,Partition Id:7,Stage Id:24
16/11/14 17:32:38 INFO myLogger: [MapPartitionsRDD]StartAt:9180481763103,TaskAttempt ID:209,Partition Id:11,Stage Id:24
16/11/14 17:32:38 INFO myLogger: [ShuffledRDD]StartAt:9180482395692,TaskAttempt ID:209,Partition Id:11,Stage Id:24
16/11/14 17:32:38 INFO myLogger: [MapPartitionsRDD]StartAt:9180482575405,TaskAttempt ID:201,Partition Id:3,Stage Id:24
16/11/14 17:32:38 INFO myLogger: [ShuffledRDD]StartAt:9180482956671,TaskAttempt ID:201,Partition Id:3,Stage Id:24
16/11/14 17:32:38 INFO myLogger: [ShuffledRDD]EndAt:9180501343497,TaskAttempt ID:208,Partition Id:8,Stage Id:24
16/11/14 17:32:38 INFO myLogger: [MapPartitionsRDD]EndAt:9180501863256,TaskAttempt ID:208,Partition Id:8,Stage Id:24
16/11/14 17:32:38 INFO myLogger: [ShuffledRDD]EndAt:9180507094246,TaskAttempt ID:210,Partition Id:15,Stage Id:24
16/11/14 17:32:38 INFO myLogger: [MapPartitionsRDD]EndAt:9180507567383,TaskAttempt ID:210,Partition Id:15,Stage Id:24
16/11/14 17:32:38 INFO myLogger: [ShuffledRDD]EndAt:9180507724692,TaskAttempt ID:205,Partition Id:7,Stage Id:24
16/11/14 17:32:38 INFO myLogger: [MapPartitionsRDD]EndAt:9180508203646,TaskAttempt ID:205,Partition Id:7,Stage Id:24
16/11/14 17:32:38 INFO myLogger: [ShuffledRDD]EndAt:9180510426687,TaskAttempt ID:201,Partition Id:3,Stage Id:24
16/11/14 17:32:38 INFO myLogger: [ShuffledRDD]EndAt:9180510757138,TaskAttempt ID:209,Partition Id:11,Stage Id:24
16/11/14 17:32:38 INFO myLogger: [MapPartitionsRDD]EndAt:9180511104543,TaskAttempt ID:201,Partition Id:3,Stage Id:24
16/11/14 17:32:38 INFO myLogger: [MapPartitionsRDD]EndAt:9180511196723,TaskAttempt ID:209,Partition Id:11,Stage Id:24
16/11/14 17:32:38 INFO myLogger: [ShuffledRDD]EndAt:9180511938181,TaskAttempt ID:197,Partition Id:0,Stage Id:24
16/11/14 17:32:38 INFO myLogger: [MapPartitionsRDD]EndAt:9180512940553,TaskAttempt ID:197,Partition Id:0,Stage Id:24
16/11/14 17:32:52 INFO myLogger: [UnionRDD]EndAt:9194500457798,TaskAttempt ID:208,Partition Id:8,Stage Id:24
16/11/14 17:32:54 INFO myLogger: [UnionRDD]EndAt:9196249478615,TaskAttempt ID:210,Partition Id:15,Stage Id:24
16/11/14 17:32:54 INFO myLogger: [UnionRDD]EndAt:9196520710762,TaskAttempt ID:209,Partition Id:11,Stage Id:24
16/11/14 17:32:58 INFO myLogger: [UnionRDD]EndAt:9200169955557,TaskAttempt ID:205,Partition Id:7,Stage Id:24
16/11/14 17:32:58 INFO myLogger: [UnionRDD]EndAt:9200605208859,TaskAttempt ID:197,Partition Id:0,Stage Id:24
16/11/14 17:32:58 INFO myLogger: [UnionRDD]EndAt:9201046613259,TaskAttempt ID:201,Partition Id:3,Stage Id:24
16/11/14 17:33:58 INFO myLogger: [MapPartitionsRDD]StartAt:9260289511586,TaskAttempt ID:215,Partition Id:3,Stage Id:25
16/11/14 17:33:58 INFO myLogger: [ShuffledRDD]StartAt:9260290201839,TaskAttempt ID:215,Partition Id:3,Stage Id:25
16/11/14 17:33:58 INFO myLogger: [MapPartitionsRDD]StartAt:9260290652048,TaskAttempt ID:211,Partition Id:0,Stage Id:25
16/11/14 17:33:58 INFO myLogger: [ShuffledRDD]StartAt:9260291445089,TaskAttempt ID:211,Partition Id:0,Stage Id:25
16/11/14 17:33:58 INFO myLogger: [MapPartitionsRDD]StartAt:9260291554424,TaskAttempt ID:218,Partition Id:7,Stage Id:25
16/11/14 17:33:58 INFO myLogger: [ShuffledRDD]StartAt:9260292107789,TaskAttempt ID:218,Partition Id:7,Stage Id:25
16/11/14 17:33:58 INFO myLogger: [ShuffledRDD]EndAt:9260309564313,TaskAttempt ID:218,Partition Id:7,Stage Id:25
16/11/14 17:33:58 INFO myLogger: [MapPartitionsRDD]EndAt:9260309753694,TaskAttempt ID:218,Partition Id:7,Stage Id:25
16/11/14 17:33:58 INFO myLogger: [ShuffledRDD]EndAt:9260313328446,TaskAttempt ID:215,Partition Id:3,Stage Id:25
16/11/14 17:33:58 INFO myLogger: [MapPartitionsRDD]EndAt:9260313596501,TaskAttempt ID:215,Partition Id:3,Stage Id:25
16/11/14 17:33:58 INFO myLogger: [ShuffledRDD]EndAt:9260346216136,TaskAttempt ID:211,Partition Id:0,Stage Id:25
16/11/14 17:33:58 INFO myLogger: [MapPartitionsRDD]EndAt:9260347014082,TaskAttempt ID:211,Partition Id:0,Stage Id:25
16/11/14 17:34:23 INFO myLogger: [UnionRDD]StartAt:9285084064456,TaskAttempt ID:222,Partition Id:0,Stage Id:36
16/11/14 17:34:23 INFO myLogger: [MapPartitionsRDD]StartAt:9285085751337,TaskAttempt ID:222,Partition Id:0,Stage Id:36
16/11/14 17:34:23 INFO myLogger: [ShuffledRDD]StartAt:9285087307599,TaskAttempt ID:222,Partition Id:0,Stage Id:36
16/11/14 17:34:23 INFO myLogger: [UnionRDD]StartAt:9285087765167,TaskAttempt ID:234,Partition Id:15,Stage Id:36
16/11/14 17:34:23 INFO myLogger: [UnionRDD]StartAt:9285088870605,TaskAttempt ID:233,Partition Id:11,Stage Id:36
16/11/14 17:34:23 INFO myLogger: [UnionRDD]StartAt:9285089397087,TaskAttempt ID:232,Partition Id:8,Stage Id:36
16/11/14 17:34:23 INFO myLogger: [UnionRDD]StartAt:9285089965750,TaskAttempt ID:226,Partition Id:3,Stage Id:36
16/11/14 17:34:23 INFO myLogger: [UnionRDD]StartAt:9285090770514,TaskAttempt ID:229,Partition Id:7,Stage Id:36
16/11/14 17:34:23 INFO myLogger: [MapPartitionsRDD]StartAt:9285090840766,TaskAttempt ID:234,Partition Id:15,Stage Id:36
16/11/14 17:34:23 INFO myLogger: [MapPartitionsRDD]StartAt:9285091389053,TaskAttempt ID:233,Partition Id:11,Stage Id:36
16/11/14 17:34:23 INFO myLogger: [ShuffledRDD]StartAt:9285092264278,TaskAttempt ID:233,Partition Id:11,Stage Id:36
16/11/14 17:34:23 INFO myLogger: [ShuffledRDD]StartAt:9285092555498,TaskAttempt ID:234,Partition Id:15,Stage Id:36
16/11/14 17:34:23 INFO myLogger: [MapPartitionsRDD]StartAt:9285093221417,TaskAttempt ID:232,Partition Id:8,Stage Id:36
16/11/14 17:34:23 INFO myLogger: [MapPartitionsRDD]StartAt:9285094055693,TaskAttempt ID:229,Partition Id:7,Stage Id:36
16/11/14 17:34:23 INFO myLogger: [ShuffledRDD]StartAt:9285094134612,TaskAttempt ID:232,Partition Id:8,Stage Id:36
16/11/14 17:34:23 INFO myLogger: [MapPartitionsRDD]StartAt:9285094454880,TaskAttempt ID:226,Partition Id:3,Stage Id:36
16/11/14 17:34:23 INFO myLogger: [ShuffledRDD]StartAt:9285094944900,TaskAttempt ID:229,Partition Id:7,Stage Id:36
16/11/14 17:34:23 INFO myLogger: [ShuffledRDD]StartAt:9285095141425,TaskAttempt ID:226,Partition Id:3,Stage Id:36
16/11/14 17:34:23 INFO myLogger: [ShuffledRDD]EndAt:9285110146682,TaskAttempt ID:222,Partition Id:0,Stage Id:36
16/11/14 17:34:23 INFO myLogger: [ShuffledRDD]EndAt:9285110482122,TaskAttempt ID:233,Partition Id:11,Stage Id:36
16/11/14 17:34:23 INFO myLogger: [MapPartitionsRDD]EndAt:9285110644438,TaskAttempt ID:222,Partition Id:0,Stage Id:36
16/11/14 17:34:23 INFO myLogger: [MapPartitionsRDD]EndAt:9285110953870,TaskAttempt ID:233,Partition Id:11,Stage Id:36
16/11/14 17:34:23 INFO myLogger: [ShuffledRDD]EndAt:9285112254354,TaskAttempt ID:232,Partition Id:8,Stage Id:36
16/11/14 17:34:23 INFO myLogger: [MapPartitionsRDD]EndAt:9285112635198,TaskAttempt ID:232,Partition Id:8,Stage Id:36
16/11/14 17:34:23 INFO myLogger: [ShuffledRDD]EndAt:9285114285957,TaskAttempt ID:229,Partition Id:7,Stage Id:36
16/11/14 17:34:23 INFO myLogger: [MapPartitionsRDD]EndAt:9285114524942,TaskAttempt ID:229,Partition Id:7,Stage Id:36
16/11/14 17:34:23 INFO myLogger: [ShuffledRDD]EndAt:9285114864695,TaskAttempt ID:234,Partition Id:15,Stage Id:36
16/11/14 17:34:23 INFO myLogger: [MapPartitionsRDD]EndAt:9285115155192,TaskAttempt ID:234,Partition Id:15,Stage Id:36
16/11/14 17:34:23 INFO myLogger: [ShuffledRDD]EndAt:9285115605432,TaskAttempt ID:226,Partition Id:3,Stage Id:36
16/11/14 17:34:23 INFO myLogger: [MapPartitionsRDD]EndAt:9285115804664,TaskAttempt ID:226,Partition Id:3,Stage Id:36
16/11/14 17:34:36 INFO myLogger: [UnionRDD]EndAt:9298835470801,TaskAttempt ID:232,Partition Id:8,Stage Id:36
16/11/14 17:34:37 INFO myLogger: [UnionRDD]EndAt:9299249047748,TaskAttempt ID:234,Partition Id:15,Stage Id:36
16/11/14 17:34:38 INFO myLogger: [UnionRDD]EndAt:9300333429142,TaskAttempt ID:233,Partition Id:11,Stage Id:36
16/11/14 17:34:41 INFO myLogger: [UnionRDD]EndAt:9303758842090,TaskAttempt ID:222,Partition Id:0,Stage Id:36
16/11/14 17:34:42 INFO myLogger: [UnionRDD]EndAt:9304920188337,TaskAttempt ID:229,Partition Id:7,Stage Id:36
16/11/14 17:34:43 INFO myLogger: [UnionRDD]EndAt:9305085443440,TaskAttempt ID:226,Partition Id:3,Stage Id:36
16/11/14 17:35:59 INFO myLogger: [MapPartitionsRDD]StartAt:9381394349152,TaskAttempt ID:235,Partition Id:0,Stage Id:37
16/11/14 17:35:59 INFO myLogger: [ShuffledRDD]StartAt:9381394675434,TaskAttempt ID:235,Partition Id:0,Stage Id:37
16/11/14 17:35:59 INFO myLogger: [MapPartitionsRDD]StartAt:9381395965450,TaskAttempt ID:242,Partition Id:7,Stage Id:37
16/11/14 17:35:59 INFO myLogger: [ShuffledRDD]StartAt:9381396487303,TaskAttempt ID:242,Partition Id:7,Stage Id:37
16/11/14 17:35:59 INFO myLogger: [MapPartitionsRDD]StartAt:9381396577882,TaskAttempt ID:239,Partition Id:3,Stage Id:37
16/11/14 17:35:59 INFO myLogger: [ShuffledRDD]StartAt:9381397107288,TaskAttempt ID:239,Partition Id:3,Stage Id:37
16/11/14 17:35:59 INFO myLogger: [ShuffledRDD]EndAt:9381425252603,TaskAttempt ID:242,Partition Id:7,Stage Id:37
16/11/14 17:35:59 INFO myLogger: [MapPartitionsRDD]EndAt:9381425644661,TaskAttempt ID:242,Partition Id:7,Stage Id:37
16/11/14 17:35:59 INFO myLogger: [ShuffledRDD]EndAt:9381426653090,TaskAttempt ID:239,Partition Id:3,Stage Id:37
16/11/14 17:35:59 INFO myLogger: [ShuffledRDD]EndAt:9381426802959,TaskAttempt ID:235,Partition Id:0,Stage Id:37
16/11/14 17:35:59 INFO myLogger: [MapPartitionsRDD]EndAt:9381427182105,TaskAttempt ID:235,Partition Id:0,Stage Id:37
16/11/14 17:35:59 INFO myLogger: [MapPartitionsRDD]EndAt:9381427285500,TaskAttempt ID:239,Partition Id:3,Stage Id:37
16/11/14 17:36:22 INFO myLogger: [UnionRDD]StartAt:9404338137085,TaskAttempt ID:245,Partition Id:0,Stage Id:48
16/11/14 17:36:22 INFO myLogger: [MapPartitionsRDD]StartAt:9404338928199,TaskAttempt ID:245,Partition Id:0,Stage Id:48
16/11/14 17:36:22 INFO myLogger: [ShuffledRDD]StartAt:9404339362182,TaskAttempt ID:245,Partition Id:0,Stage Id:48
16/11/14 17:36:22 INFO myLogger: [UnionRDD]StartAt:9404341260673,TaskAttempt ID:258,Partition Id:15,Stage Id:48
16/11/14 17:36:22 INFO myLogger: [UnionRDD]StartAt:9404343487897,TaskAttempt ID:257,Partition Id:11,Stage Id:48
16/11/14 17:36:22 INFO myLogger: [MapPartitionsRDD]StartAt:9404343592891,TaskAttempt ID:258,Partition Id:15,Stage Id:48
16/11/14 17:36:22 INFO myLogger: [UnionRDD]StartAt:9404344025506,TaskAttempt ID:249,Partition Id:3,Stage Id:48
16/11/14 17:36:22 INFO myLogger: [UnionRDD]StartAt:9404344258698,TaskAttempt ID:256,Partition Id:8,Stage Id:48
16/11/14 17:36:22 INFO myLogger: [UnionRDD]StartAt:9404345004765,TaskAttempt ID:253,Partition Id:7,Stage Id:48
16/11/14 17:36:22 INFO myLogger: [ShuffledRDD]StartAt:9404345314420,TaskAttempt ID:258,Partition Id:15,Stage Id:48
16/11/14 17:36:22 INFO myLogger: [MapPartitionsRDD]StartAt:9404346995354,TaskAttempt ID:257,Partition Id:11,Stage Id:48
16/11/14 17:36:22 INFO myLogger: [MapPartitionsRDD]StartAt:9404347103553,TaskAttempt ID:249,Partition Id:3,Stage Id:48
16/11/14 17:36:22 INFO myLogger: [MapPartitionsRDD]StartAt:9404347253664,TaskAttempt ID:256,Partition Id:8,Stage Id:48
16/11/14 17:36:22 INFO myLogger: [ShuffledRDD]StartAt:9404348036849,TaskAttempt ID:256,Partition Id:8,Stage Id:48
16/11/14 17:36:22 INFO myLogger: [ShuffledRDD]StartAt:9404348122865,TaskAttempt ID:257,Partition Id:11,Stage Id:48
16/11/14 17:36:22 INFO myLogger: [MapPartitionsRDD]StartAt:9404348231083,TaskAttempt ID:253,Partition Id:7,Stage Id:48
16/11/14 17:36:22 INFO myLogger: [ShuffledRDD]StartAt:9404348451056,TaskAttempt ID:249,Partition Id:3,Stage Id:48
16/11/14 17:36:22 INFO myLogger: [ShuffledRDD]StartAt:9404349141753,TaskAttempt ID:253,Partition Id:7,Stage Id:48
16/11/14 17:36:22 INFO myLogger: [ShuffledRDD]EndAt:9404356855883,TaskAttempt ID:245,Partition Id:0,Stage Id:48
16/11/14 17:36:22 INFO myLogger: [MapPartitionsRDD]EndAt:9404357076156,TaskAttempt ID:245,Partition Id:0,Stage Id:48
16/11/14 17:36:22 INFO myLogger: [ShuffledRDD]EndAt:9404358610444,TaskAttempt ID:258,Partition Id:15,Stage Id:48
16/11/14 17:36:22 INFO myLogger: [MapPartitionsRDD]EndAt:9404358819642,TaskAttempt ID:258,Partition Id:15,Stage Id:48
16/11/14 17:36:22 INFO myLogger: [ShuffledRDD]EndAt:9404362844777,TaskAttempt ID:253,Partition Id:7,Stage Id:48
16/11/14 17:36:22 INFO myLogger: [MapPartitionsRDD]EndAt:9404363265541,TaskAttempt ID:253,Partition Id:7,Stage Id:48
16/11/14 17:36:22 INFO myLogger: [ShuffledRDD]EndAt:9404676326257,TaskAttempt ID:249,Partition Id:3,Stage Id:48
16/11/14 17:36:22 INFO myLogger: [MapPartitionsRDD]EndAt:9404676652112,TaskAttempt ID:249,Partition Id:3,Stage Id:48
16/11/14 17:36:22 INFO myLogger: [ShuffledRDD]EndAt:9404682419483,TaskAttempt ID:256,Partition Id:8,Stage Id:48
16/11/14 17:36:22 INFO myLogger: [MapPartitionsRDD]EndAt:9404706003174,TaskAttempt ID:256,Partition Id:8,Stage Id:48
16/11/14 17:36:22 INFO myLogger: [ShuffledRDD]EndAt:9404706457640,TaskAttempt ID:257,Partition Id:11,Stage Id:48
16/11/14 17:36:22 INFO myLogger: [MapPartitionsRDD]EndAt:9404707062708,TaskAttempt ID:257,Partition Id:11,Stage Id:48
16/11/14 17:36:27 INFO myLogger: [UnionRDD]EndAt:9409344084405,TaskAttempt ID:257,Partition Id:11,Stage Id:48
16/11/14 17:36:35 INFO myLogger: [UnionRDD]EndAt:9417874152954,TaskAttempt ID:256,Partition Id:8,Stage Id:48
16/11/14 17:36:36 INFO myLogger: [UnionRDD]EndAt:9418095374439,TaskAttempt ID:258,Partition Id:15,Stage Id:48
16/11/14 17:36:41 INFO myLogger: [UnionRDD]EndAt:9423832199569,TaskAttempt ID:253,Partition Id:7,Stage Id:48
16/11/14 17:36:42 INFO myLogger: [UnionRDD]EndAt:9424630105589,TaskAttempt ID:245,Partition Id:0,Stage Id:48
16/11/14 17:36:45 INFO myLogger: [UnionRDD]EndAt:9428040135238,TaskAttempt ID:249,Partition Id:3,Stage Id:48
16/11/14 17:37:54 INFO myLogger: [MapPartitionsRDD]StartAt:9496312910240,TaskAttempt ID:266,Partition Id:7,Stage Id:49
16/11/14 17:37:54 INFO myLogger: [MapPartitionsRDD]StartAt:9496312988068,TaskAttempt ID:259,Partition Id:0,Stage Id:49
16/11/14 17:37:54 INFO myLogger: [ShuffledRDD]StartAt:9496313348444,TaskAttempt ID:266,Partition Id:7,Stage Id:49
16/11/14 17:37:54 INFO myLogger: [ShuffledRDD]StartAt:9496313409265,TaskAttempt ID:259,Partition Id:0,Stage Id:49
16/11/14 17:37:54 INFO myLogger: [MapPartitionsRDD]StartAt:9496314536903,TaskAttempt ID:263,Partition Id:3,Stage Id:49
16/11/14 17:37:54 INFO myLogger: [ShuffledRDD]StartAt:9496314901744,TaskAttempt ID:263,Partition Id:3,Stage Id:49
16/11/14 17:37:54 INFO myLogger: [ShuffledRDD]EndAt:9496334173283,TaskAttempt ID:259,Partition Id:0,Stage Id:49
16/11/14 17:37:54 INFO myLogger: [ShuffledRDD]EndAt:9496334330744,TaskAttempt ID:263,Partition Id:3,Stage Id:49
16/11/14 17:37:54 INFO myLogger: [MapPartitionsRDD]EndAt:9496334595595,TaskAttempt ID:259,Partition Id:0,Stage Id:49
16/11/14 17:37:54 INFO myLogger: [MapPartitionsRDD]EndAt:9496334784393,TaskAttempt ID:263,Partition Id:3,Stage Id:49
16/11/14 17:37:54 INFO myLogger: [ShuffledRDD]EndAt:9496335009619,TaskAttempt ID:266,Partition Id:7,Stage Id:49
16/11/14 17:37:54 INFO myLogger: [MapPartitionsRDD]EndAt:9496335347155,TaskAttempt ID:266,Partition Id:7,Stage Id:49
16/11/14 17:38:08 INFO myLogger: [UnionRDD]StartAt:9510758492120,TaskAttempt ID:274,Partition Id:3,Stage Id:60
16/11/14 17:38:08 INFO myLogger: [MapPartitionsRDD]StartAt:9510759131043,TaskAttempt ID:274,Partition Id:3,Stage Id:60
16/11/14 17:38:08 INFO myLogger: [ShuffledRDD]StartAt:9510759377258,TaskAttempt ID:274,Partition Id:3,Stage Id:60
16/11/14 17:38:08 INFO myLogger: [UnionRDD]StartAt:9510761745151,TaskAttempt ID:282,Partition Id:15,Stage Id:60
16/11/14 17:38:08 INFO myLogger: [UnionRDD]StartAt:9510762880717,TaskAttempt ID:281,Partition Id:11,Stage Id:60
16/11/14 17:38:08 INFO myLogger: [MapPartitionsRDD]StartAt:9510764146824,TaskAttempt ID:282,Partition Id:15,Stage Id:60
16/11/14 17:38:08 INFO myLogger: [ShuffledRDD]StartAt:9510764973150,TaskAttempt ID:282,Partition Id:15,Stage Id:60
16/11/14 17:38:08 INFO myLogger: [UnionRDD]StartAt:9510765480509,TaskAttempt ID:277,Partition Id:7,Stage Id:60
16/11/14 17:38:08 INFO myLogger: [UnionRDD]StartAt:9510765620768,TaskAttempt ID:280,Partition Id:8,Stage Id:60
16/11/14 17:38:08 INFO myLogger: [MapPartitionsRDD]StartAt:9510766815280,TaskAttempt ID:281,Partition Id:11,Stage Id:60
16/11/14 17:38:08 INFO myLogger: [ShuffledRDD]StartAt:9510767996948,TaskAttempt ID:281,Partition Id:11,Stage Id:60
16/11/14 17:38:08 INFO myLogger: [UnionRDD]StartAt:9510768134579,TaskAttempt ID:270,Partition Id:0,Stage Id:60
16/11/14 17:38:08 INFO myLogger: [MapPartitionsRDD]StartAt:9510768346527,TaskAttempt ID:280,Partition Id:8,Stage Id:60
16/11/14 17:38:08 INFO myLogger: [MapPartitionsRDD]StartAt:9510768466528,TaskAttempt ID:277,Partition Id:7,Stage Id:60
16/11/14 17:38:08 INFO myLogger: [ShuffledRDD]StartAt:9510769270220,TaskAttempt ID:280,Partition Id:8,Stage Id:60
16/11/14 17:38:08 INFO myLogger: [ShuffledRDD]StartAt:9510772126576,TaskAttempt ID:277,Partition Id:7,Stage Id:60
16/11/14 17:38:08 INFO myLogger: [MapPartitionsRDD]StartAt:9510773891113,TaskAttempt ID:270,Partition Id:0,Stage Id:60
16/11/14 17:38:08 INFO myLogger: [ShuffledRDD]StartAt:9510774245613,TaskAttempt ID:270,Partition Id:0,Stage Id:60
16/11/14 17:38:08 INFO myLogger: [ShuffledRDD]EndAt:9510781991080,TaskAttempt ID:274,Partition Id:3,Stage Id:60
16/11/14 17:38:08 INFO myLogger: [MapPartitionsRDD]EndAt:9510782287708,TaskAttempt ID:274,Partition Id:3,Stage Id:60
16/11/14 17:38:08 INFO myLogger: [ShuffledRDD]EndAt:9510783150122,TaskAttempt ID:282,Partition Id:15,Stage Id:60
16/11/14 17:38:08 INFO myLogger: [MapPartitionsRDD]EndAt:9510783507581,TaskAttempt ID:282,Partition Id:15,Stage Id:60
16/11/14 17:38:08 INFO myLogger: [ShuffledRDD]EndAt:9510786104781,TaskAttempt ID:281,Partition Id:11,Stage Id:60
16/11/14 17:38:08 INFO myLogger: [MapPartitionsRDD]EndAt:9510786332058,TaskAttempt ID:281,Partition Id:11,Stage Id:60
16/11/14 17:38:08 INFO myLogger: [ShuffledRDD]EndAt:9510786702737,TaskAttempt ID:280,Partition Id:8,Stage Id:60
16/11/14 17:38:08 INFO myLogger: [MapPartitionsRDD]EndAt:9510787010471,TaskAttempt ID:280,Partition Id:8,Stage Id:60
16/11/14 17:38:08 INFO myLogger: [ShuffledRDD]EndAt:9510787626265,TaskAttempt ID:270,Partition Id:0,Stage Id:60
16/11/14 17:38:08 INFO myLogger: [MapPartitionsRDD]EndAt:9510787884219,TaskAttempt ID:270,Partition Id:0,Stage Id:60
16/11/14 17:38:08 INFO myLogger: [ShuffledRDD]EndAt:9510818236686,TaskAttempt ID:277,Partition Id:7,Stage Id:60
16/11/14 17:38:08 INFO myLogger: [MapPartitionsRDD]EndAt:9510818648224,TaskAttempt ID:277,Partition Id:7,Stage Id:60
16/11/14 17:38:23 INFO myLogger: [UnionRDD]EndAt:9525587988278,TaskAttempt ID:280,Partition Id:8,Stage Id:60
16/11/14 17:38:23 INFO myLogger: [UnionRDD]EndAt:9525682758090,TaskAttempt ID:281,Partition Id:11,Stage Id:60
16/11/14 17:38:23 INFO myLogger: [UnionRDD]EndAt:9525930011959,TaskAttempt ID:282,Partition Id:15,Stage Id:60
16/11/14 17:38:28 INFO myLogger: [UnionRDD]EndAt:9530430621433,TaskAttempt ID:270,Partition Id:0,Stage Id:60
16/11/14 17:38:29 INFO myLogger: [UnionRDD]EndAt:9531871751876,TaskAttempt ID:274,Partition Id:3,Stage Id:60
16/11/14 17:38:30 INFO myLogger: [UnionRDD]EndAt:9532543773669,TaskAttempt ID:277,Partition Id:7,Stage Id:60
16/11/14 17:39:40 INFO myLogger: [MapPartitionsRDD]StartAt:9603018404830,TaskAttempt ID:285,Partition Id:0,Stage Id:61
16/11/14 17:39:40 INFO myLogger: [ShuffledRDD]StartAt:9603018621137,TaskAttempt ID:285,Partition Id:0,Stage Id:61
16/11/14 17:39:40 INFO myLogger: [MapPartitionsRDD]StartAt:9603021052443,TaskAttempt ID:290,Partition Id:7,Stage Id:61
16/11/14 17:39:40 INFO myLogger: [MapPartitionsRDD]StartAt:9603021365088,TaskAttempt ID:289,Partition Id:3,Stage Id:61
16/11/14 17:39:40 INFO myLogger: [ShuffledRDD]StartAt:9603021562691,TaskAttempt ID:290,Partition Id:7,Stage Id:61
16/11/14 17:39:40 INFO myLogger: [ShuffledRDD]StartAt:9603021852843,TaskAttempt ID:289,Partition Id:3,Stage Id:61
16/11/14 17:39:40 INFO myLogger: [ShuffledRDD]EndAt:9603041979780,TaskAttempt ID:290,Partition Id:7,Stage Id:61
16/11/14 17:39:40 INFO myLogger: [MapPartitionsRDD]EndAt:9603042231178,TaskAttempt ID:290,Partition Id:7,Stage Id:61
16/11/14 17:39:40 INFO myLogger: [ShuffledRDD]EndAt:9603045458145,TaskAttempt ID:289,Partition Id:3,Stage Id:61
16/11/14 17:39:40 INFO myLogger: [ShuffledRDD]EndAt:9603045905038,TaskAttempt ID:285,Partition Id:0,Stage Id:61
16/11/14 17:39:40 INFO myLogger: [MapPartitionsRDD]EndAt:9603045992353,TaskAttempt ID:289,Partition Id:3,Stage Id:61
16/11/14 17:39:40 INFO myLogger: [MapPartitionsRDD]EndAt:9603046363353,TaskAttempt ID:285,Partition Id:0,Stage Id:61
16/11/14 17:40:04 INFO myLogger: [UnionRDD]StartAt:9626317824586,TaskAttempt ID:293,Partition Id:0,Stage Id:72
16/11/14 17:40:04 INFO myLogger: [MapPartitionsRDD]StartAt:9626318413568,TaskAttempt ID:293,Partition Id:0,Stage Id:72
16/11/14 17:40:04 INFO myLogger: [ShuffledRDD]StartAt:9626318615862,TaskAttempt ID:293,Partition Id:0,Stage Id:72
16/11/14 17:40:04 INFO myLogger: [UnionRDD]StartAt:9626321943496,TaskAttempt ID:306,Partition Id:15,Stage Id:72
16/11/14 17:40:04 INFO myLogger: [UnionRDD]StartAt:9626323105359,TaskAttempt ID:305,Partition Id:11,Stage Id:72
16/11/14 17:40:04 INFO myLogger: [UnionRDD]StartAt:9626324379432,TaskAttempt ID:300,Partition Id:7,Stage Id:72
16/11/14 17:40:04 INFO myLogger: [UnionRDD]StartAt:9626324471374,TaskAttempt ID:303,Partition Id:8,Stage Id:72
16/11/14 17:40:04 INFO myLogger: [UnionRDD]StartAt:9626324589606,TaskAttempt ID:297,Partition Id:3,Stage Id:72
16/11/14 17:40:04 INFO myLogger: [MapPartitionsRDD]StartAt:9626325315734,TaskAttempt ID:306,Partition Id:15,Stage Id:72
16/11/14 17:40:04 INFO myLogger: [MapPartitionsRDD]StartAt:9626326835610,TaskAttempt ID:300,Partition Id:7,Stage Id:72
16/11/14 17:40:04 INFO myLogger: [MapPartitionsRDD]StartAt:9626327019784,TaskAttempt ID:297,Partition Id:3,Stage Id:72
16/11/14 17:40:04 INFO myLogger: [ShuffledRDD]StartAt:9626327238949,TaskAttempt ID:306,Partition Id:15,Stage Id:72
16/11/14 17:40:04 INFO myLogger: [MapPartitionsRDD]StartAt:9626327348000,TaskAttempt ID:303,Partition Id:8,Stage Id:72
16/11/14 17:40:04 INFO myLogger: [ShuffledRDD]StartAt:9626327754111,TaskAttempt ID:297,Partition Id:3,Stage Id:72
16/11/14 17:40:04 INFO myLogger: [MapPartitionsRDD]StartAt:9626328160407,TaskAttempt ID:305,Partition Id:11,Stage Id:72
16/11/14 17:40:04 INFO myLogger: [ShuffledRDD]StartAt:9626328291278,TaskAttempt ID:300,Partition Id:7,Stage Id:72
16/11/14 17:40:04 INFO myLogger: [ShuffledRDD]StartAt:9626328856741,TaskAttempt ID:303,Partition Id:8,Stage Id:72
16/11/14 17:40:04 INFO myLogger: [ShuffledRDD]StartAt:9626328966923,TaskAttempt ID:305,Partition Id:11,Stage Id:72
16/11/14 17:40:04 INFO myLogger: [ShuffledRDD]EndAt:9626335185139,TaskAttempt ID:293,Partition Id:0,Stage Id:72
16/11/14 17:40:04 INFO myLogger: [MapPartitionsRDD]EndAt:9626335479792,TaskAttempt ID:293,Partition Id:0,Stage Id:72
16/11/14 17:40:04 INFO myLogger: [ShuffledRDD]EndAt:9626349572414,TaskAttempt ID:297,Partition Id:3,Stage Id:72
16/11/14 17:40:04 INFO myLogger: [MapPartitionsRDD]EndAt:9626349917647,TaskAttempt ID:297,Partition Id:3,Stage Id:72
16/11/14 17:40:04 INFO myLogger: [ShuffledRDD]EndAt:9626352231769,TaskAttempt ID:305,Partition Id:11,Stage Id:72
16/11/14 17:40:04 INFO myLogger: [MapPartitionsRDD]EndAt:9626352723443,TaskAttempt ID:305,Partition Id:11,Stage Id:72
16/11/14 17:40:04 INFO myLogger: [ShuffledRDD]EndAt:9626353414719,TaskAttempt ID:300,Partition Id:7,Stage Id:72
16/11/14 17:40:04 INFO myLogger: [MapPartitionsRDD]EndAt:9626353830645,TaskAttempt ID:300,Partition Id:7,Stage Id:72
16/11/14 17:40:04 INFO myLogger: [ShuffledRDD]EndAt:9626389150002,TaskAttempt ID:303,Partition Id:8,Stage Id:72
16/11/14 17:40:04 INFO myLogger: [MapPartitionsRDD]EndAt:9626389625400,TaskAttempt ID:303,Partition Id:8,Stage Id:72
16/11/14 17:40:04 INFO myLogger: [ShuffledRDD]EndAt:9626391546033,TaskAttempt ID:306,Partition Id:15,Stage Id:72
16/11/14 17:40:04 INFO myLogger: [MapPartitionsRDD]EndAt:9626418284953,TaskAttempt ID:306,Partition Id:15,Stage Id:72
16/11/14 17:40:17 INFO myLogger: [UnionRDD]EndAt:9639867034202,TaskAttempt ID:306,Partition Id:15,Stage Id:72
16/11/14 17:40:17 INFO myLogger: [UnionRDD]EndAt:9639890911551,TaskAttempt ID:303,Partition Id:8,Stage Id:72
16/11/14 17:40:19 INFO myLogger: [UnionRDD]EndAt:9641074982038,TaskAttempt ID:305,Partition Id:11,Stage Id:72
16/11/14 17:40:22 INFO myLogger: [UnionRDD]EndAt:9644907743568,TaskAttempt ID:300,Partition Id:7,Stage Id:72
16/11/14 17:40:23 INFO myLogger: [UnionRDD]EndAt:9645257776535,TaskAttempt ID:293,Partition Id:0,Stage Id:72
16/11/14 17:40:24 INFO myLogger: [UnionRDD]EndAt:9646564994126,TaskAttempt ID:297,Partition Id:3,Stage Id:72
16/11/14 17:41:36 INFO myLogger: [MapPartitionsRDD]StartAt:9718438858008,TaskAttempt ID:309,Partition Id:0,Stage Id:73
16/11/14 17:41:36 INFO myLogger: [ShuffledRDD]StartAt:9718439071551,TaskAttempt ID:309,Partition Id:0,Stage Id:73
16/11/14 17:41:36 INFO myLogger: [MapPartitionsRDD]StartAt:9718440952366,TaskAttempt ID:314,Partition Id:7,Stage Id:73
16/11/14 17:41:36 INFO myLogger: [MapPartitionsRDD]StartAt:9718441052776,TaskAttempt ID:313,Partition Id:3,Stage Id:73
16/11/14 17:41:36 INFO myLogger: [ShuffledRDD]StartAt:9718441359401,TaskAttempt ID:314,Partition Id:7,Stage Id:73
16/11/14 17:41:36 INFO myLogger: [ShuffledRDD]StartAt:9718441511983,TaskAttempt ID:313,Partition Id:3,Stage Id:73
16/11/14 17:41:36 INFO myLogger: [ShuffledRDD]EndAt:9718463965198,TaskAttempt ID:313,Partition Id:3,Stage Id:73
16/11/14 17:41:36 INFO myLogger: [ShuffledRDD]EndAt:9718464377918,TaskAttempt ID:309,Partition Id:0,Stage Id:73
16/11/14 17:41:36 INFO myLogger: [ShuffledRDD]EndAt:9718464539171,TaskAttempt ID:314,Partition Id:7,Stage Id:73
16/11/14 17:41:36 INFO myLogger: [MapPartitionsRDD]EndAt:9718466070046,TaskAttempt ID:313,Partition Id:3,Stage Id:73
16/11/14 17:41:36 INFO myLogger: [MapPartitionsRDD]EndAt:9718466222304,TaskAttempt ID:309,Partition Id:0,Stage Id:73
16/11/14 17:41:36 INFO myLogger: [MapPartitionsRDD]EndAt:9718466565562,TaskAttempt ID:314,Partition Id:7,Stage Id:73
16/11/14 17:42:01 INFO myLogger: [UnionRDD]StartAt:9743497646375,TaskAttempt ID:315,Partition Id:0,Stage Id:84
16/11/14 17:42:01 INFO myLogger: [MapPartitionsRDD]StartAt:9743498183219,TaskAttempt ID:315,Partition Id:0,Stage Id:84
16/11/14 17:42:01 INFO myLogger: [ShuffledRDD]StartAt:9743498376743,TaskAttempt ID:315,Partition Id:0,Stage Id:84
16/11/14 17:42:01 INFO myLogger: [UnionRDD]StartAt:9743503648189,TaskAttempt ID:329,Partition Id:11,Stage Id:84
16/11/14 17:42:01 INFO myLogger: [UnionRDD]StartAt:9743504330577,TaskAttempt ID:323,Partition Id:7,Stage Id:84
16/11/14 17:42:01 INFO myLogger: [UnionRDD]StartAt:9743504730156,TaskAttempt ID:326,Partition Id:8,Stage Id:84
16/11/14 17:42:01 INFO myLogger: [UnionRDD]StartAt:9743506055769,TaskAttempt ID:330,Partition Id:15,Stage Id:84
16/11/14 17:42:01 INFO myLogger: [UnionRDD]StartAt:9743506686318,TaskAttempt ID:319,Partition Id:3,Stage Id:84
16/11/14 17:42:01 INFO myLogger: [MapPartitionsRDD]StartAt:9743506941318,TaskAttempt ID:323,Partition Id:7,Stage Id:84
16/11/14 17:42:01 INFO myLogger: [ShuffledRDD]StartAt:9743507568325,TaskAttempt ID:323,Partition Id:7,Stage Id:84
16/11/14 17:42:01 INFO myLogger: [MapPartitionsRDD]StartAt:9743508771583,TaskAttempt ID:329,Partition Id:11,Stage Id:84
16/11/14 17:42:01 INFO myLogger: [ShuffledRDD]StartAt:9743509122036,TaskAttempt ID:329,Partition Id:11,Stage Id:84
16/11/14 17:42:01 INFO myLogger: [MapPartitionsRDD]StartAt:9743513398463,TaskAttempt ID:326,Partition Id:8,Stage Id:84
16/11/14 17:42:01 INFO myLogger: [MapPartitionsRDD]StartAt:9743513585889,TaskAttempt ID:330,Partition Id:15,Stage Id:84
16/11/14 17:42:01 INFO myLogger: [ShuffledRDD]StartAt:9743514073709,TaskAttempt ID:330,Partition Id:15,Stage Id:84
16/11/14 17:42:01 INFO myLogger: [MapPartitionsRDD]StartAt:9743515653869,TaskAttempt ID:319,Partition Id:3,Stage Id:84
16/11/14 17:42:01 INFO myLogger: [ShuffledRDD]StartAt:9743516445946,TaskAttempt ID:319,Partition Id:3,Stage Id:84
16/11/14 17:42:01 INFO myLogger: [ShuffledRDD]StartAt:9743516630587,TaskAttempt ID:326,Partition Id:8,Stage Id:84
16/11/14 17:42:01 INFO myLogger: [ShuffledRDD]EndAt:9743520552072,TaskAttempt ID:315,Partition Id:0,Stage Id:84
16/11/14 17:42:01 INFO myLogger: [MapPartitionsRDD]EndAt:9743520808543,TaskAttempt ID:315,Partition Id:0,Stage Id:84
16/11/14 17:42:01 INFO myLogger: [ShuffledRDD]EndAt:9743521515402,TaskAttempt ID:329,Partition Id:11,Stage Id:84
16/11/14 17:42:01 INFO myLogger: [MapPartitionsRDD]EndAt:9743521774646,TaskAttempt ID:329,Partition Id:11,Stage Id:84
16/11/14 17:42:01 INFO myLogger: [ShuffledRDD]EndAt:9743817475501,TaskAttempt ID:319,Partition Id:3,Stage Id:84
16/11/14 17:42:01 INFO myLogger: [MapPartitionsRDD]EndAt:9743817729385,TaskAttempt ID:319,Partition Id:3,Stage Id:84
16/11/14 17:42:01 INFO myLogger: [ShuffledRDD]EndAt:9743822469689,TaskAttempt ID:323,Partition Id:7,Stage Id:84
16/11/14 17:42:01 INFO myLogger: [MapPartitionsRDD]EndAt:9743849416904,TaskAttempt ID:323,Partition Id:7,Stage Id:84
16/11/14 17:42:01 INFO myLogger: [ShuffledRDD]EndAt:9743849685522,TaskAttempt ID:326,Partition Id:8,Stage Id:84
16/11/14 17:42:01 INFO myLogger: [MapPartitionsRDD]EndAt:9743851211037,TaskAttempt ID:326,Partition Id:8,Stage Id:84
16/11/14 17:42:01 INFO myLogger: [ShuffledRDD]EndAt:9743853779832,TaskAttempt ID:330,Partition Id:15,Stage Id:84
16/11/14 17:42:01 INFO myLogger: [MapPartitionsRDD]EndAt:9743854116422,TaskAttempt ID:330,Partition Id:15,Stage Id:84
16/11/14 17:42:04 INFO myLogger: [UnionRDD]EndAt:9747047553473,TaskAttempt ID:326,Partition Id:8,Stage Id:84
16/11/14 17:42:05 INFO myLogger: [UnionRDD]EndAt:9747271767452,TaskAttempt ID:330,Partition Id:15,Stage Id:84
16/11/14 17:42:11 INFO myLogger: [UnionRDD]EndAt:9753158120958,TaskAttempt ID:323,Partition Id:7,Stage Id:84
16/11/14 17:42:16 INFO myLogger: [UnionRDD]EndAt:9758391564675,TaskAttempt ID:329,Partition Id:11,Stage Id:84
16/11/14 17:42:21 INFO myLogger: [UnionRDD]EndAt:9763133841510,TaskAttempt ID:315,Partition Id:0,Stage Id:84
16/11/14 17:42:21 INFO myLogger: [UnionRDD]EndAt:9763526890026,TaskAttempt ID:319,Partition Id:3,Stage Id:84
16/11/14 17:43:35 INFO myLogger: [MapPartitionsRDD]StartAt:9837336592294,TaskAttempt ID:333,Partition Id:0,Stage Id:85
16/11/14 17:43:35 INFO myLogger: [ShuffledRDD]StartAt:9837336765191,TaskAttempt ID:333,Partition Id:0,Stage Id:85
16/11/14 17:43:35 INFO myLogger: [MapPartitionsRDD]StartAt:9837339927281,TaskAttempt ID:338,Partition Id:7,Stage Id:85
16/11/14 17:43:35 INFO myLogger: [MapPartitionsRDD]StartAt:9837340053091,TaskAttempt ID:336,Partition Id:3,Stage Id:85
16/11/14 17:43:35 INFO myLogger: [ShuffledRDD]StartAt:9837340373843,TaskAttempt ID:338,Partition Id:7,Stage Id:85
16/11/14 17:43:35 INFO myLogger: [ShuffledRDD]StartAt:9837340571224,TaskAttempt ID:336,Partition Id:3,Stage Id:85
16/11/14 17:43:35 INFO myLogger: [ShuffledRDD]EndAt:9837357346078,TaskAttempt ID:336,Partition Id:3,Stage Id:85
16/11/14 17:43:35 INFO myLogger: [MapPartitionsRDD]EndAt:9837357603623,TaskAttempt ID:336,Partition Id:3,Stage Id:85
16/11/14 17:43:35 INFO myLogger: [ShuffledRDD]EndAt:9837360741079,TaskAttempt ID:333,Partition Id:0,Stage Id:85
16/11/14 17:43:35 INFO myLogger: [MapPartitionsRDD]EndAt:9837361080912,TaskAttempt ID:333,Partition Id:0,Stage Id:85
16/11/14 17:43:35 INFO myLogger: [ShuffledRDD]EndAt:9837362117385,TaskAttempt ID:338,Partition Id:7,Stage Id:85
16/11/14 17:43:35 INFO myLogger: [MapPartitionsRDD]EndAt:9837362566294,TaskAttempt ID:338,Partition Id:7,Stage Id:85
16/11/14 17:43:58 INFO myLogger: [UnionRDD]StartAt:9860509590600,TaskAttempt ID:342,Partition Id:0,Stage Id:96
16/11/14 17:43:58 INFO myLogger: [MapPartitionsRDD]StartAt:9860511409532,TaskAttempt ID:342,Partition Id:0,Stage Id:96
16/11/14 17:43:58 INFO myLogger: [UnionRDD]StartAt:9860511598036,TaskAttempt ID:354,Partition Id:15,Stage Id:96
16/11/14 17:43:58 INFO myLogger: [ShuffledRDD]StartAt:9860512715023,TaskAttempt ID:342,Partition Id:0,Stage Id:96
16/11/14 17:43:58 INFO myLogger: [UnionRDD]StartAt:9860513289433,TaskAttempt ID:352,Partition Id:8,Stage Id:96
16/11/14 17:43:58 INFO myLogger: [UnionRDD]StartAt:9860514347313,TaskAttempt ID:349,Partition Id:7,Stage Id:96
16/11/14 17:43:58 INFO myLogger: [UnionRDD]StartAt:9860514508421,TaskAttempt ID:353,Partition Id:11,Stage Id:96
16/11/14 17:43:58 INFO myLogger: [MapPartitionsRDD]StartAt:9860514717022,TaskAttempt ID:354,Partition Id:15,Stage Id:96
16/11/14 17:43:58 INFO myLogger: [UnionRDD]StartAt:9860515875574,TaskAttempt ID:346,Partition Id:3,Stage Id:96
16/11/14 17:43:58 INFO myLogger: [ShuffledRDD]StartAt:9860516489154,TaskAttempt ID:354,Partition Id:15,Stage Id:96
16/11/14 17:43:58 INFO myLogger: [MapPartitionsRDD]StartAt:9860516968692,TaskAttempt ID:353,Partition Id:11,Stage Id:96
16/11/14 17:43:58 INFO myLogger: [MapPartitionsRDD]StartAt:9860517214414,TaskAttempt ID:352,Partition Id:8,Stage Id:96
16/11/14 17:43:58 INFO myLogger: [MapPartitionsRDD]StartAt:9860517676798,TaskAttempt ID:346,Partition Id:3,Stage Id:96
16/11/14 17:43:58 INFO myLogger: [ShuffledRDD]StartAt:9860517994590,TaskAttempt ID:346,Partition Id:3,Stage Id:96
16/11/14 17:43:58 INFO myLogger: [ShuffledRDD]StartAt:9860518220835,TaskAttempt ID:353,Partition Id:11,Stage Id:96
16/11/14 17:43:58 INFO myLogger: [ShuffledRDD]StartAt:9860518680480,TaskAttempt ID:352,Partition Id:8,Stage Id:96
16/11/14 17:43:58 INFO myLogger: [MapPartitionsRDD]StartAt:9860518800655,TaskAttempt ID:349,Partition Id:7,Stage Id:96
16/11/14 17:43:58 INFO myLogger: [ShuffledRDD]StartAt:9860520144186,TaskAttempt ID:349,Partition Id:7,Stage Id:96
16/11/14 17:43:58 INFO myLogger: [ShuffledRDD]EndAt:9860529649063,TaskAttempt ID:342,Partition Id:0,Stage Id:96
16/11/14 17:43:58 INFO myLogger: [MapPartitionsRDD]EndAt:9860536707066,TaskAttempt ID:342,Partition Id:0,Stage Id:96
16/11/14 17:43:58 INFO myLogger: [ShuffledRDD]EndAt:9860536774931,TaskAttempt ID:353,Partition Id:11,Stage Id:96
16/11/14 17:43:58 INFO myLogger: [ShuffledRDD]EndAt:9860537107867,TaskAttempt ID:346,Partition Id:3,Stage Id:96
16/11/14 17:43:58 INFO myLogger: [ShuffledRDD]EndAt:9860537267443,TaskAttempt ID:354,Partition Id:15,Stage Id:96
16/11/14 17:43:58 INFO myLogger: [MapPartitionsRDD]EndAt:9860537726389,TaskAttempt ID:353,Partition Id:11,Stage Id:96
16/11/14 17:43:58 INFO myLogger: [MapPartitionsRDD]EndAt:9860537798298,TaskAttempt ID:346,Partition Id:3,Stage Id:96
16/11/14 17:43:58 INFO myLogger: [MapPartitionsRDD]EndAt:9860538008158,TaskAttempt ID:354,Partition Id:15,Stage Id:96
16/11/14 17:43:58 INFO myLogger: [ShuffledRDD]EndAt:9860539183991,TaskAttempt ID:352,Partition Id:8,Stage Id:96
16/11/14 17:43:58 INFO myLogger: [MapPartitionsRDD]EndAt:9860539444237,TaskAttempt ID:352,Partition Id:8,Stage Id:96
16/11/14 17:43:58 INFO myLogger: [ShuffledRDD]EndAt:9860540644326,TaskAttempt ID:349,Partition Id:7,Stage Id:96
16/11/14 17:43:58 INFO myLogger: [MapPartitionsRDD]EndAt:9860565411849,TaskAttempt ID:349,Partition Id:7,Stage Id:96
16/11/14 17:44:10 INFO myLogger: [UnionRDD]EndAt:9872249651026,TaskAttempt ID:346,Partition Id:3,Stage Id:96
16/11/14 17:44:11 INFO myLogger: [UnionRDD]EndAt:9873566640843,TaskAttempt ID:354,Partition Id:15,Stage Id:96
16/11/14 17:44:12 INFO myLogger: [UnionRDD]EndAt:9874939731776,TaskAttempt ID:352,Partition Id:8,Stage Id:96
16/11/14 17:44:14 INFO myLogger: [UnionRDD]EndAt:9876739256776,TaskAttempt ID:353,Partition Id:11,Stage Id:96
16/11/14 17:44:17 INFO myLogger: [UnionRDD]EndAt:9879948431606,TaskAttempt ID:349,Partition Id:7,Stage Id:96
16/11/14 17:44:18 INFO myLogger: [UnionRDD]EndAt:9880256993021,TaskAttempt ID:342,Partition Id:0,Stage Id:96
16/11/14 17:45:19 INFO myLogger: [MapPartitionsRDD]StartAt:9941526922707,TaskAttempt ID:358,Partition Id:0,Stage Id:97
16/11/14 17:45:19 INFO myLogger: [ShuffledRDD]StartAt:9941527187611,TaskAttempt ID:358,Partition Id:0,Stage Id:97
16/11/14 17:45:19 INFO myLogger: [MapPartitionsRDD]StartAt:9941528630049,TaskAttempt ID:362,Partition Id:7,Stage Id:97
16/11/14 17:45:19 INFO myLogger: [ShuffledRDD]StartAt:9941529149395,TaskAttempt ID:362,Partition Id:7,Stage Id:97
16/11/14 17:45:19 INFO myLogger: [MapPartitionsRDD]StartAt:9941529642560,TaskAttempt ID:361,Partition Id:3,Stage Id:97
16/11/14 17:45:19 INFO myLogger: [ShuffledRDD]StartAt:9941530164661,TaskAttempt ID:361,Partition Id:3,Stage Id:97
16/11/14 17:45:19 INFO myLogger: [ShuffledRDD]EndAt:9941550123896,TaskAttempt ID:362,Partition Id:7,Stage Id:97
16/11/14 17:45:19 INFO myLogger: [MapPartitionsRDD]EndAt:9941551202913,TaskAttempt ID:362,Partition Id:7,Stage Id:97
16/11/14 17:45:19 INFO myLogger: [ShuffledRDD]EndAt:9941552314191,TaskAttempt ID:358,Partition Id:0,Stage Id:97
16/11/14 17:45:19 INFO myLogger: [ShuffledRDD]EndAt:9941552819440,TaskAttempt ID:361,Partition Id:3,Stage Id:97
16/11/14 17:45:19 INFO myLogger: [MapPartitionsRDD]EndAt:9941552883543,TaskAttempt ID:358,Partition Id:0,Stage Id:97
16/11/14 17:45:19 INFO myLogger: [MapPartitionsRDD]EndAt:9941553452814,TaskAttempt ID:361,Partition Id:3,Stage Id:97
