16/11/03 18:00:26 INFO myLogger: [MapPartitionsRDD]StartAt:16797164835756,TaskAttempt ID:14,Partition Id:5,Stage Id:1
16/11/03 18:00:26 INFO myLogger: [MapPartitionsRDD]StartAt:16797165043904,TaskAttempt ID:10,Partition Id:1,Stage Id:1
16/11/03 18:00:27 INFO myLogger: [MapPartitionsRDD]EndAt:16797758726701,TaskAttempt ID:10,Partition Id:1,Stage Id:1
16/11/03 18:00:27 INFO myLogger: [MapPartitionsRDD]EndAt:16797759006118,TaskAttempt ID:14,Partition Id:5,Stage Id:1
16/11/03 18:00:52 INFO myLogger: [MapPartitionsRDD]StartAt:17275002153236,TaskAttempt ID:20,Partition Id:2,Stage Id:2
16/11/03 18:00:52 INFO myLogger: [MapPartitionsRDD]StartAt:17275002398191,TaskAttempt ID:24,Partition Id:6,Stage Id:2
16/11/03 18:00:52 INFO myLogger: [MapPartitionsRDD]EndAt:17275011150365,TaskAttempt ID:20,Partition Id:2,Stage Id:2
16/11/03 18:00:52 INFO myLogger: [MapPartitionsRDD]EndAt:17275011252469,TaskAttempt ID:24,Partition Id:6,Stage Id:2
16/11/03 18:01:30 INFO myLogger: [UnionRDD]StartAt:17318907044190,TaskAttempt ID:78,Partition Id:51,Stage Id:3
16/11/03 18:01:30 INFO myLogger: [UnionRDD]StartAt:17318909147761,TaskAttempt ID:50,Partition Id:23,Stage Id:3
16/11/03 18:01:30 INFO myLogger: [UnionRDD]StartAt:17318911394425,TaskAttempt ID:34,Partition Id:7,Stage Id:3
16/11/03 18:01:30 INFO myLogger: [UnionRDD]StartAt:17318913041524,TaskAttempt ID:86,Partition Id:59,Stage Id:3
16/11/03 18:01:30 INFO myLogger: [UnionRDD]StartAt:17318913871658,TaskAttempt ID:70,Partition Id:43,Stage Id:3
16/11/03 18:01:30 INFO myLogger: [UnionRDD]StartAt:17318914033750,TaskAttempt ID:62,Partition Id:35,Stage Id:3
16/11/03 18:01:30 INFO myLogger: [UnionRDD]StartAt:17318915508639,TaskAttempt ID:58,Partition Id:31,Stage Id:3
16/11/03 18:01:30 INFO myLogger: [UnionRDD]StartAt:17318916833011,TaskAttempt ID:30,Partition Id:3,Stage Id:3
16/11/03 18:01:30 INFO myLogger: [UnionRDD]StartAt:17318919222643,TaskAttempt ID:42,Partition Id:15,Stage Id:3
16/11/03 18:01:30 INFO myLogger: [UnionRDD]StartAt:17318919896171,TaskAttempt ID:82,Partition Id:55,Stage Id:3
16/11/03 18:01:30 INFO myLogger: [UnionRDD]StartAt:17318922591275,TaskAttempt ID:66,Partition Id:39,Stage Id:3
16/11/03 18:01:30 INFO myLogger: [UnionRDD]StartAt:17318922811395,TaskAttempt ID:38,Partition Id:11,Stage Id:3
16/11/03 18:01:30 INFO myLogger: [UnionRDD]StartAt:17318923604596,TaskAttempt ID:46,Partition Id:19,Stage Id:3
16/11/03 18:01:30 INFO myLogger: [UnionRDD]StartAt:17318925701485,TaskAttempt ID:54,Partition Id:27,Stage Id:3
16/11/03 18:01:30 INFO myLogger: [UnionRDD]StartAt:17318934582131,TaskAttempt ID:74,Partition Id:47,Stage Id:3
16/11/03 18:01:30 INFO myLogger: [MapPartitionsRDD]StartAt:17318934796906,TaskAttempt ID:30,Partition Id:3,Stage Id:3
16/11/03 18:01:30 INFO myLogger: [UnionRDD]StartAt:17318935068780,TaskAttempt ID:90,Partition Id:63,Stage Id:3
16/11/03 18:01:30 INFO myLogger: [ShuffledRDD]StartAt:17318940525162,TaskAttempt ID:30,Partition Id:3,Stage Id:3
16/11/03 18:01:30 INFO myLogger: [ParallelCollectionRDD]StartAt:17318942383304,TaskAttempt ID:78,Partition Id:51,Stage Id:3
16/11/03 18:01:30 INFO myLogger: [ParallelCollectionRDD]EndAt:17318946768053,TaskAttempt ID:78,Partition Id:51,Stage Id:3
16/11/03 18:01:30 INFO myLogger: [ParallelCollectionRDD]StartAt:1731816/11/03 18:01:30 INFO myLogger: [UnionRDD]StartAt:17311315945867,TaskAttempt ID:61,Partition Id:34,Stage Id:3
16/11/03 18:01:30 INFO myLogger: [UnionRDD]StartAt:17311322793233,TaskAttempt ID:53,Partition Id:26,Stage Id:3
16/11/03 18:01:30 INFO myLogger: [UnionRDD]StartAt:17311323374096,TaskAttempt ID:85,Partition Id:58,Stage Id:3
16/11/03 18:01:30 INFO myLogger: [UnionRDD]StartAt:17311324999704,TaskAttempt ID:29,Partition Id:2,Stage Id:3
16/11/03 18:01:30 INFO myLogger: [UnionRDD]StartAt:17311325164619,TaskAttempt ID:37,Partition Id:10,Stage Id:3
16/11/03 18:01:30 INFO myLogger: [MapPartitionsRDD]StartAt:17311326903994,TaskAttempt ID:29,Partition Id:2,Stage Id:3
16/11/03 18:01:30 INFO myLogger: [ShuffledRDD]StartAt:17311327476934,TaskAttempt ID:29,Partition Id:2,Stage Id:3
16/11/03 18:01:30 INFO myLogger: [UnionRDD]StartAt:17311328725289,TaskAttempt ID:65,Partition Id:38,Stage Id:3
16/11/03 18:01:30 INFO myLogger: [UnionRDD]StartAt:17311328849211,TaskAttempt ID:77,Partition Id:50,Stage Id:3
16/11/03 18:01:30 INFO myLogger: [UnionRDD]StartAt:17311329731900,TaskAttempt ID:49,Partition Id:22,Stage Id:3
16/11/03 18:01:30 INFO myLogger: [UnionRDD]StartAt:17311331128763,TaskAttempt ID:69,Partition Id:42,Stage Id:3
16/11/03 18:01:30 INFO myLogger: [UnionRDD]StartAt:17311331476311,TaskAttempt ID:57,Partition Id:30,Stage Id:3
16/11/03 18:01:30 INFO myLogger: [UnionRDD]StartAt:17311334126202,TaskAttempt ID:45,Partition Id:18,Stage Id:3
16/11/03 18:01:30 INFO myLogger: [UnionRDD]StartAt:17311334306150,TaskAttempt ID:33,Partition Id:6,Stage Id:3
16/11/03 18:01:30 INFO myLogger: [UnionRDD]StartAt:17311336472282,TaskAttempt ID:81,Partition Id:54,Stage Id:3
16/11/03 18:01:30 INFO myLogger: [UnionRDD]StartAt:17311337747693,TaskAttempt ID:89,Partition Id:62,Stage Id:3
16/11/03 18:01:30 INFO myLogger: [UnionRDD]StartAt:17311341380131,TaskAttempt ID:41,Partition Id:14,Stage Id:3
16/11/03 18:01:30 INFO myLogger: [ParallelCollectionRDD]StartAt:17311343234128,TaskAttempt ID:37,Partition Id:10,Stage Id:3
16/11/03 18:01:30 INFO myLogger: [ParallelCollectionRDD]StartAt:17311346642702,TaskAttempt ID:53,Partition Id:26,Stage Id:3
16/11/03 18:01:30 INFO myLogger: [ParallelCollectionRDD]EndAt:17311347236883,TaskAttempt ID:37,Partition Id:10,Stage Id:3
16/11/03 18:01:30 INFO myLogger: [ParallelCollectionRDD]EndAt:17311347590225,TaskAttempt ID:53,Partition Id:26,Stage Id:3
16/11/03 18:01:30 INFO myLogger: [UnionRDD]StartAt:17311347850549,TaskAttempt ID:73,Partition Id:46,Stage Id:3
16/11/03 18:01:30 INFO myLogger: [ParallelCollectionRDD]StartAt:17311348207368,TaskAttempt ID:61,Partition Id:34,Stage Id:3
16/11/03 18:01:30 INFO myLogger: [ParallelCollectionRDD]EndAt:17311349783419,TaskAttempt ID:61,Partition Id:34,Stage Id:3
16/11/03 18:01:30 INFO myLogger: [ParallelCollectionRDD]StartAt:17311352800569,TaskAttempt ID:69,Partition Id:42,Stage Id:3
16/11/03 18:01:30 INFO myLogger: [ParallelCollectionRDD]EndAt:17311354106627,TaskAttempt ID:69,Partition Id:42,Stage Id:3
16/11/03 18:01:30 INFO myLogger: [ParallelCollectionRDD]StartAt:17311359714589,TaskAttempt ID:65,Partition Id:38,Stage Id:3
16/11/03 18:01:30 INFO myLogger: [ParallelCollectionRDD]StartAt:17311361395344,TaskAttempt ID:45,Partition Id:18,Stage Id:3
16/11/03 18:01:30 INFO myLogger: [ParallelCollectionRDD]EndAt:17311362067533,TaskAttempt ID:65,Partition Id:38,Stage Id:3
16/11/03 18:01:30 INFO myLogger: [ParallelCollectionRDD]StartAt:17311364617311,TaskAttempt ID:49,Partition Id:22,Stage Id:3
16/11/03 18:01:30 INFO myLogger: [ParallelCollectionRDD]EndAt:17311364943459,TaskAttempt ID:49,Partition Id:22,Stage Id:3
16/11/03 18:01:30 INFO myLogger: [ParallelCollectionRDD]EndAt:17311365619118,TaskAttempt ID:45,Partition Id:18,Stage Id:3
16/11/03 18:01:30 INFO myLogger: [ParallelCollectionRDD]StartAt:17311367069207,TaskAttempt ID:33,Partition Id:6,Stage Id:3
16/11/03 18:01:30 INFO myLogger: [ParallelCollectionRDD]EndAt:17311368286067,TaskAttempt ID:33,Partition Id:6,Stage Id:3
16/11/03 18:01:30 INFO myLogger: [ParallelCollectionRDD]StartAt:17311371652218,TaskAttempt ID:89,Partition Id:62,Stage Id:3
16/11/03 18:01:30 INFO myLogger: [ParallelCollectionRDD]EndAt:17311372434906,TaskAttempt ID:89,Partition Id:62,Stage Id:3
16/11/03 18:01:30 INFO myLogger: [ParallelCollectionRDD]StartAt:17311374200603,TaskAttempt ID:57,Partition Id:30,Stage Id:3
16/11/03 18:01:30 INFO myLogger: [ParallelCollectionRDD]EndAt:17311374504484,TaskAttempt ID:57,Partition Id:30,Stage Id:3
16/11/03 18:01:30 INFO myLogger: [ParallelCollectionRDD]StartAt:17311402052300,TaskAttempt ID:77,Partition Id:50,Stage Id:3
16/11/03 18:01:30 INFO myLogger: [ParallelCollectionRDD]EndAt:17311402227605,TaskAttempt ID:77,Partition Id:50,Stage Id:3
16/11/03 18:01:30 INFO myLogger: [ParallelCollectionRDD]StartAt:17311404086691,TaskAttempt ID:81,Partition Id:54,Stage Id:3
16/11/03 18:01:30 INFO myLogger: [ParallelCollectionRDD]EndAt:17311404402229,TaskAttempt ID:81,Partition Id:54,Stage Id:3
16/11/03 18:01:30 INFO myLogger: [ParallelCollectionRDD]StartAt:17311405339433,TaskAttempt ID:73,Partition Id:46,Stage Id:3
16/11/03 18:01:30 INFO myLogger: [ParallelCollectionRDD]EndAt:17311405707191,TaskAttempt ID:73,Partition Id:46,Stage Id:3
16/11/03 18:01:30 INFO myLogg16/116/11/03 18:02:15 INFO myLogger: [UnionRDD]EndAt:17363999173571,TaskAttempt ID:30,Partition Id:3,Stage I16/11/03 18:03:01 INFO myLogger: [UnionRDD]StartAt:17404489194926,TaskAttempt ID:96,Partition Id:5,Stage Id:4
16/11/03 18:03:01 INFO myLogger: [UnionRDD]StartAt:17404493734181,TaskAttempt ID:152,Partition Id:61,Stage Id:4
16/11/03 18:03:01 INFO myLogger: [UnionRDD]StartAt:17404494908646,TaskAttempt ID:144,Partition Id:53,Stage Id:4
16/11/03 18:03:01 INFO myLogger: [UnionRDD]StartAt:17404496740675,TaskAttempt ID:148,Partition Id:57,Stage Id:4
16/11/03 18:03:01 INFO myLogger: [UnionRDD]StartAt:17404498595255,TaskAttempt ID:132,Partition Id:41,Stage Id:4
16/11/03 18:03:01 INFO myLogger: [UnionRDD]StartAt:17404499529618,TaskAttempt ID:136,Partition Id:45,Stage Id:4
16/11/03 18:03:01 INFO myLogger: [UnionRDD]StartAt:17404502068366,TaskAttempt ID:116,Partition Id:25,Stage Id:4
16/11/03 18:03:01 INFO myLogger: [UnionRDD]StartAt:17404503963488,TaskAttempt ID:124,Partition Id:33,Stage Id:4
16/11/03 18:03:01 INFO myLogger: [UnionRDD]StartAt:17404504802881,TaskAttempt ID:140,Partition Id:49,Stage Id:4
16/11/03 18:03:01 INFO myLogger: [UnionRDD]StartAt:17404505643534,TaskAttempt ID:112,Partition Id:21,Stage Id:4
16/11/03 18:03:01 INFO myLogger: [UnionRDD]StartAt:17404509102344,TaskAttempt ID:128,Partition Id:37,Stage Id:4
16/11/03 18:03:01 INFO myLogger: [UnionRDD]StartAt:17404514124272,TaskAttempt ID:120,Partition Id:29,Stage Id:4
16/11/03 18:03:01 INFO myLogger: [UnionRDD]StartAt:17404518156379,TaskAttempt ID:104,Partition Id:13,Stage Id:4
16/11/03 18:03:01 INFO myLogger: [UnionRDD]StartAt:17404519613414,TaskAttempt ID:108,Partition Id:17,Stage Id:4
16/11/03 18:03:01 INFO myLogger: [UnionRDD]StartAt:17404520182702,TaskAttempt ID:100,Partition Id:9,Stage Id:4
16/11/03 18:03:01 INFO myLogger: [UnionRDD]EndAt:17404533381088,TaskAttempt ID:140,Partition Id:49,Stage Id:4
16/11/03 18:03:01 INFO myLogger: [UnionRDD]EndAt:17404536108919,TaskAttempt ID:116,Partition Id:25,Stage Id:4
16/11/03 18:03:01 INFO myLogger: [UnionRDD]EndAt:17404546857475,TaskAttempt ID:120,Partition Id:29,Stage Id:4
16/11/03 18:03:01 INFO myLogger: [UnionRDD]EndAt:17404548407853,TaskAttempt ID:108,Partition Id:17,Stage Id:4
16/11/03 18:03:01 INFO myLogger: [UnionRDD]EndAt:17404549394224,TaskAttempt ID:152,Partition Id:61,Stage Id:4
16/11/03 18:03:01 INFO myLogger: [UnionRDD]EndAt:17404549505746,TaskAttempt ID:96,Partition Id:5,Stage Id:4
16/11/03 18:03:01 INFO myLogger: [UnionRDD]EndAt:17404563596617,TaskAttempt ID:148,Partition Id:57,Stage Id:4
16/11/03 18:03:01 INFO myLogger: [UnionRDD]EndAt:17404567209610,TaskAttempt ID:136,Partition Id:45,Stage Id:4
16/11/03 18:03:01 INFO myLogger: [UnionRDD]EndAt:17404567519428,TaskAttempt ID:144,Partition Id:53,Stage Id:4
16/11/03 18:03:01 INFO myLogger: [UnionRDD]EndAt:17404568918358,TaskAttempt ID:124,Partition Id:33,Stage Id:4
16/11/03 18:03:01 INFO myLogger: [UnionRDD]EndAt:17404571656547,TaskAttempt ID:104,Partition Id:13,Stage Id:4
16/11/03 18:03:01 INFO myLogger: [UnionRDD]EndAt:17404573450541,TaskAttempt ID:128,Partition Id:37,Stage Id:4
16/11/03 18:03:01 INFO myLogger: [UnionRDD]EndAt:17404575646697,TaskAttempt ID:112,Partition Id:21,Stage Id:4
16/11/03 18:03:01 INFO myLogger: [UnionRDD]EndAt:17404578099398,TaskAttempt ID:132,Partition Id:41,Stage Id:4
16/11/03 18:03:01 INFO myLogger: [UnionRDD]EndAt:17404600239457,TaskAttempt ID:100,Partition Id:9,Stage Id:4
16/11/03 18:03:01 INFO myLogger: [UnionRDD]StartAt:17404767196734,TaskAttempt ID:162,Partition Id:1,Stage Id:4
16/11/03 18:03:01 INFO myLogger: [MapPartitionsRDD]StartAt:17404768527592,TaskAttempt ID:162,Partition Id:1,Stage Id:4
16/11/03 18:03:01 INFO myLogger: [ShuffledRDD]StartAt:17404769033352,TaskAttempt ID:162,Partition Id:1,Stage Id:4
16/11/03 18:03:01 INFO myLogger: [ShuffledRDD]EndAt:17404793882851,TaskAttempt ID:162,Partition Id:1,Stage Id:4
16/11/03 18:03:01 INFO myLogger: [MapPartitionsRDD]EndAt:17404794398818,TaskAttempt ID:162,Partition Id:1,Stage Id:4
16/11/16/11/03 18:03:39 INFO myLogger: [UnionRDD]EndAt:17447735362971,TaskAttempt ID:161,Partition Id:3,Stage16/11/16/11/03 18:04:20 INFO myLogger: [UnionRDD]StartAt:17489292313048,TaskAttempt ID:164,Partition Id:3,Stage Id:5
16/11/03 18:04:20 INFO myLogger: [UnionRDD]StartAt:17489292413874,TaskAttempt ID:168,Partition Id:7,Stage Id:5
16/116/11/03 18:04:20 INFO myLogger: [UnionRDD]StartAt:17030898723383,TaskAttempt ID:169,Partition Id:4,Stage Id:5
16/11/03 18:04:20 INFO myLogger: [UnionRDD]StartAt:17030899736091,TaskAttempt ID:165,Partition Id:0,Stage Id:5
16/11/03 18:04:20 INFO myLogger: [MapPartitionsRDD]StartAt:17030899835347,TaskAttempt ID:169,Partition Id:4,Stage Id:5
16/11/03 18:04:20 INFO myLogger: [ShuffledRDD]StartAt:17030900283840,TaskAttempt ID:169,Partition Id:4,Stage Id:5
16/11/03 18:04:20 INFO myLogger: [MapPartitionsRDD]StartAt:17030901030059,TaskAttempt ID:165,Partition Id:0,Stage Id:5
16/11/03 18:04:20 INFO myLogger: [ShuffledRDD]StartAt:17030901304847,TaskAttempt ID:165,Partition Id:0,Stage Id:5
16/11/03 18:04:20 INFO myLogger: [ShuffledRDD]EndAt:17030923155472,TaskAttempt ID:169,Partition Id:4,Stage Id:5
16/11/03 18:04:20 INFO myLogger: [MapPartitionsRDD]EndAt:17030923632377,TaskAttempt ID:169,Partition Id:4,Stage Id16/11/03 18:04:56 INFO myLogger: [UnionRDD]EndAt:17519125244936,TaskAttempt ID:167,Partition Id:5,Stage Id:5
16/11/16/11/03 18:05:02 INFO myLogger: [UnionRDD]EndAt:17531074659301,TaskAttempt ID:164,Partition Id:3,Stage16/11/03 18:07:57 INFO myLogger: [UnionRDD]StartAt:17700015913359,TaskAttempt ID:177,Partition Id:5,Stage Id:6
16/11/03 18:07:57 INFO myLogger: [UnionRDD]StartAt:17700016905716,TaskAttempt ID:173,Partition Id:1,Stage Id:6
16/11/03 116/11/03 18:07:57 INFO myLogger: [UnionRDD]StartAt:17247480748381,TaskAttempt ID:174,Partition Id:0,Stage Id:6
16/11/03 18:07:57 INFO myLogger: [MapPartitionsRDD]StartAt:17247481555662,TaskAttempt ID:174,Partition Id:0,Stage Id:6
16/11/03 18:07:57 INFO myLogger: [ShuffledRDD]StartAt:17247481822314,TaskAttempt ID:174,Partition Id:0,Stage Id:6
16/11/03 18:07:57 INFO myLogger: [UnionRDD]StartAt:17247483742682,TaskAttempt ID:178,Partition Id:4,Stage Id:6
16/11/03 18:07:57 INFO myLogger: [MapPartitionsRDD]StartAt:17247485180894,TaskAttempt ID:178,Partition Id:4,Stage Id:6
16/11/03 18:07:57 INFO myLogger: [ShuffledRDD]StartAt:17247485658989,TaskAttempt ID:178,Partition Id:4,Stage Id:6
16/11/03 18:07:57 INFO myLogger: [ShuffledRDD]EndAt:17247495588818,TaskAttempt ID:174,Partition Id:0,Stage Id:6
16/11/03 18:07:57 INFO myLogger: [MapPartitionsRDD]EndAt:17247496126085,TaskAttempt ID:174,Partition Id:0,Stage Id16/11/16/11/03 18:10:42 INFO myLogger: [UnionRDD]EndAt:17870764368602,TaskAttempt ID:175,Partition Id:7,Stage Id:6
16/11/03 18:10:53 INFO myLogger: [UnionRDD]EndAt:17882254106393,TaskAttempt ID:171,Partition Id:3,Stage16/11/16/11/03 18:11:31 INFO myLogger: [UnionRDD]StartAt:17920528712860,TaskAttempt ID:180,Partition Id:3,Stage Id:7
16/11/03 18:11:31 INFO myLogger: [UnionRDD]StartAt:17920529482052,TaskAttempt ID:184,Partition Id:7,Stage Id:7
16/11/03 18:11:31 INFO myLogger: [MapPartitionsRDD]StartAt:17920530532003,TaskAttempt ID:180,Partition Id:3,Stage Id:7
16/11/03 18:11:31 INFO myLogger: [ShuffledRDD]StartAt:17920531065133,TaskAttempt ID:180,Partition Id:3,Stage Id:7
16/11/03 18:11:31 INFO myLogger: [MapPartitionsRDD]StartAt:17920531187917,TaskAttempt ID:184,Partition Id:7,Stage Id:7
16/11/03 18:11:31 INFO myLogger: [ShuffledRDD]StartAt:17920531757282,TaskAttempt ID:184,Partition Id:7,Stage Id:7
16/11/03 18:11:31 INFO myLogger: [ShuffledRDD]EndAt:17920549019475,TaskAttempt ID:180,Partition Id:3,Stage Id:7
16/11/03 18:11:31 INFO myLogger: [MapPartitionsRDD]EndAt:17920550062635,TaskAttempt ID:180,Partition Id:3,Stage Id:7
16/11/03 18:11:31 INFO myLogger: [ShuffledRDD]EndAt:17920550117829,TaskAttempt ID:184,Partition Id:7,Stage Id:7
16/11/03 18:11:31 INFO myLogger: [MapPartitionsRDD]EndAt:17920550729764,TaskAttempt ID:184,Partition Id:7,Stage Id:7
16/11/03 18:12:05 INFO myLogger: [UnionRDD]EndAt:17954453308806,TaskAttempt ID:184,Partition Id:7,Stage16/11/03 18:12:10 INFO myLogger: [UnionRDD]EndAt:17953373591773,TaskAttempt ID:182,Partition Id:1,Stage Id:7
16/11/03 18:15:08 INFO myLogger: [UnionRDD]StartAt:18131217467364,TaskAttempt ID:191,Partition Id:5,Stage Id:8
16/11/03 18:15:08 INFO myLogger: [UnionRDD]StartAt:18131217794302,TaskAttempt ID:187,Partition Id:1,Stage Id:8
16/11/03 116/11/03 18:15:08 INFO myLogger: [UnionRDD]StartAt:17678695387473,TaskAttempt ID:190,Partition Id:0,Stage Id:8
16/11/03 18:15:08 INFO myLogger: [UnionRDD]StartAt:17678695634415,TaskAttempt ID:194,Partition Id:4,Stage Id:8
16/11/03 18:15:08 INFO myLogger: [MapPartitionsRDD]StartAt:17678696501385,TaskAttempt ID:190,Partition Id:0,Stage Id:8
16/11/03 18:15:08 INFO myLogger: [MapPartitionsRDD]StartAt:17678696732638,TaskAttempt ID:194,Partition Id:4,Stage Id:8
16/11/03 18:15:08 INFO myLogger: [ShuffledRDD]StartAt:17678696834046,TaskAttempt ID:190,Partition Id:0,Stage Id:8
16/11/03 18:15:08 INFO myLogger: [ShuffledRDD]StartAt:17678697094555,TaskAttempt ID:194,Partition Id:4,Stage Id:8
16/11/03 18:15:08 INFO myLogger: [ShuffledRDD]EndAt:17678710907935,TaskAttempt ID:194,Partition Id:4,Stage Id:8
16/11/03 18:15:08 INFO myLogger: [MapPartitionsRDD]EndAt:17678711178804,TaskAttempt ID:194,Partition Id:4,Stage Id16/11/03 18:17:50 INFO myLogger: [UnionRDD]EndAt:18293732973140,TaskAttempt ID:191,Partition Id:5,Stage Id:8
16/11/03 18:17:59 INFO myLogger: [UnionRDD]EndAt:18302434292930,TaskAttempt ID:187,Partition Id:1,Stage Id:8
16/11/03 18:18:38 INFO myLogger: [MapPartitionsRDD]StartAt:18341715756278,TaskAttempt ID:197,Partition Id:1,Stage Id:9
16/11/03 18:18:38 INFO myLogger: [ShuffledRDD]StartAt:18341715998547,TaskAttempt ID:197,Partition Id:1,Stage Id:9
16/11/03 18:18:38 INFO myLogger: [ShuffledRDD]EndAt:18341729680976,TaskAttempt ID:197,Partition Id:1,Stage Id:9
16/11/03 18:18:38 INFO myLogger: [MapPartitionsRDD]EndAt:18341730139789,TaskAttempt ID:197,Partition Id:1,Stage Id:9
16/11/03 18:19:28 INFO myLogger: [UnionRDD]StartAt:18390889053816,TaskAttempt ID:202,Partition Id:1,Stage Id:16
16/11/03 18:19:28 INFO myLogger: [UnionRDD]StartAt:18390889691394,TaskAttempt ID:206,Partition Id:5,Stage Id:16
16/11/0316/11/03 18:19:28 INFO myLogger: [UnionRDD]StartAt:17938355438680,TaskAttempt ID:200,Partition Id:0,Stage Id:16
16/11/03 18:19:28 INFO myLogger: [UnionRDD]StartAt:17938355742911,TaskAttempt ID:204,Partition Id:4,Stage Id:16
16/11/03 18:19:28 INFO myLogger: [MapPartitionsRDD]StartAt:17938356784968,TaskAttempt ID:200,Partition Id:0,Stage Id:16
16/11/03 18:19:28 INFO myLogger: [MapPartitionsRDD]StartAt:17938356835097,TaskAttempt ID:204,Partition Id:4,Stage Id:16
16/11/03 18:19:28 INFO myLogger: [ShuffledRDD]StartAt:17938357252776,TaskAttempt ID:200,Partition Id:0,Stage Id:16
16/11/03 18:19:28 INFO myLogger: [ShuffledRDD]StartAt:17938357296538,TaskAttempt ID:204,Partition Id:4,Stage Id:16
16/11/03 18:19:28 INFO myLogger: [ShuffledRDD]EndAt:17938373210510,TaskAttempt ID:204,Partition Id:4,Stage Id:16
16/11/03 18:19:28 INFO myLogger: [MapPartitionsRDD]EndAt:17938373753050,TaskAttempt ID:204,Partition Id:4,Stage Id:1616/11/03 18:22:06 INFO myLogger: [UnionRDD]EndAt:18549234375787,TaskAttempt ID:206,Partition Id:5,Stage Id:16
16/11/03 18:22:16 INFO myLogger: [UnionRDD]EndAt:18559259154787,TaskAttempt ID:202,Partition Id:1,Stage Id:16
16/11/03 18:22:57 INFO myLogger: [MapPartitionsRDD]StartAt:18600315981965,TaskAttempt ID:210,Partition Id:1,Stage Id:17
16/11/03 18:22:57 INFO myLogger: [ShuffledRDD]StartAt:18600316346921,TaskAttempt ID:210,Partition Id:1,Stage Id:17
16/11/03 18:22:57 INFO myLogger: [ShuffledRDD]EndAt:18600335483310,TaskAttempt ID:210,Partition Id:1,Stage Id:17
16/11/03 18:22:57 INFO myLogger: [MapPartitionsRDD]EndAt:18600335804688,TaskAttempt ID:210,Partition Id:1,Stage Id:17
16/11/16/11/03 18:23:45 INFO myLogger: [UnionRDD]StartAt:18654372072235,TaskAttempt ID:211,Partition Id:3,Stage Id:24
16/11/03 18:23:45 INFO myLogger: [UnionRDD]StartAt:18654372233133,TaskAttempt ID:215,Partition Id:7,Stage Id:24
16/11/03 18:23:45 INFO myLogger: [MapPartitionsRDD]StartAt:18654373095590,TaskAttempt ID:211,Partition Id:3,Stage Id:24
16/11/03 18:23:45 INFO myLogger: [MapPartitionsRDD]StartAt:18654373152807,TaskAttempt ID:215,Partition Id:7,Stage Id:24
16/11/03 18:23:45 INFO myLogger: [ShuffledRDD]StartAt:18654373465132,TaskAttempt ID:211,Partition Id:3,Stage Id:24
16/11/03 18:23:45 INFO myLogger: [ShuffledRDD]StartAt:18654373519221,TaskAttempt ID:215,Partition Id:7,Stage Id:24
16/11/03 18:23:45 INFO myLogger: [ShuffledRDD]EndAt:18654386013171,TaskAttempt ID:211,Partition Id:3,Stage Id:24
16/11/03 18:23:45 INFO myLogger: [MapPartitionsRDD]EndAt:18654386470981,TaskAttempt ID:211,Partition Id:3,Stage Id:24
16/11/03 18:23:45 INFO myLogger: [ShuffledRDD]EndAt:18654388903552,TaskAttempt ID:215,Partition Id:7,Stage Id:24
16/11/03 18:23:46 INFO myLogger: [MapPartitionsRDD]EndAt:18654688174321,TaskAttempt ID:215,Partition Id:7,Stage 16/11/03 18:26:25 INFO myLogger: [UnionRDD]EndAt:18808617596171,TaskAttempt ID:216,Partition Id:5,Stage Id:24
16/11/03 18:26:37 INFO myLogger: [UnionRDD]EndAt:18820733272172,TaskAttempt ID:212,Partition Id:1,Stage Id:24
16/11/03 18:27:16 INFO myLogger: [MapPartitionsRDD]StartAt:18859201674786,TaskAttempt ID:222,Partition Id:1,Stage Id:25
16/11/03 18:27:16 INFO myLogger: [ShuffledRDD]StartAt:18859202135767,TaskAttempt ID:222,Partition Id:1,Stage Id:25
16/11/03 18:27:16 INFO myLogger: [ShuffledRDD]EndAt:18859216130645,TaskAttempt ID:222,Partition Id:1,Stage Id:25
16/11/03 18:27:16 INFO myLogger: [MapPartitionsRDD]EndAt:18859216382798,TaskAttempt ID:222,Partition Id:1,Stage Id:25
16/11/03 18:28:11 INFO myLogger: [UnionRDD]StartAt:18914216472251,TaskAttempt ID:226,Partition Id:1,Stage Id:32
16/11/03 18:28:11 INFO myLogger: [UnionRDD]StartAt:18914216620900,TaskAttempt ID:230,Partition Id:5,Stage Id:32
16/11/03 18:28:11 INFO myLogger: [MapPartitionsRDD]StartAt:18914217426360,TaskAttempt ID:226,Partition Id:1,Stage Id:32
16/11/03 18:28:11 INFO myLogger: [MapPartitionsRDD]StartAt:18914217522433,TaskAttempt ID:230,Partition Id:5,Stage Id:32
16/11/03 18:28:11 INFO myLogger: [ShuffledRDD]StartAt:18914217752906,TaskAttempt ID:226,Partition Id:1,Stage Id:32
16/11/03 18:28:11 INFO myLogger: [ShuffledRDD]StartAt:18914217830925,TaskAttempt ID:230,Partition Id:5,Stage Id:32
16/11/03 18:28:11 INFO myLogger: [ShuffledRDD]EndAt:18914229553572,TaskAttempt ID:226,Partition Id:1,Stage Id:32
16/11/03 18:28:11 INFO myLogger: [ShuffledRDD]EndAt:18914230575152,TaskAttempt ID:230,Partition Id:5,Stage Id:32
16/11/03 18:28:11 INFO myLogger: [MapPartitionsRDD]EndAt:18914231139218,TaskAttempt ID:230,Partition Id:5,Stage Id:32
16/11/03 18:28:11 INFO myLogger: [MapPartitionsRDD]EndAt:18914232547847,TaskAttempt ID:226,Partition Id:1,Stage Id:32
16/11/03 18:30:51 INFO myLogger: [UnionRDD]EndAt:19074005892268,TaskAttempt ID:230,Partition Id:5,Stage Id:32
16/11/03 18:30:59 INFO myLogger: [UnionRDD]EndAt:19082263094829,TaskAttempt ID:226,Partition Id:1,Stage Id:32
16/11/03 18:31:42 INFO myLogger: [MapPartitionsRDD]StartAt:19124938357970,TaskAttempt ID:234,Partition Id:1,Stage Id:33
16/11/03 18:31:42 INFO myLogger: [ShuffledRDD]StartAt:19124938807155,TaskAttempt ID:234,Partition Id:1,Stage Id:33
16/11/03 18:31:42 INFO myLogger: [ShuffledRDD]EndAt:19124956316094,TaskAttempt ID:234,Partition Id:1,Stage Id:33
16/11/03 18:31:42 INFO myLogger: [MapPartitionsRDD]EndAt:19124956787540,TaskAttempt ID:234,Partition Id:1,Stage Id:33

16/11/03 18:31:42 INFO myLogger: [ShuffledRDD]EndAt:18672424293552,TaskAttempt ID:232,Partition Id:0,Stage Id:33
16/11/03 18:31:42 INFO myLogger: [MapPartitionsRDD]EndAt:18672424752247,TaskAttempt ID:232,Partition Id:0,Stage Id:33
6,Stage Id:16
16/11/03 18:19:28 INFO myLogger: [ShuffledRDD]EndAt:18389204309601,TaskAttempt ID:205,Partition Id:6,Stage Id:16
16/11/03 18:19:28 INFO myLogger: [ShuffledRDD]EndAt:18389204680206,TaskAttempt ID:201,Partition Id:2,Stage Id:16
16/11/03 18:19:28 INFO myLogger: [MapPartitionsRDD]EndAt:18389205385102,TaskAttempt ID:205,Partition Id:6,Stage Id:16
16/11/03 18:19:28 INFO myLogger: [MapPartitionsRDD]EndAt:18389205546331,TaskAttempt ID:201,Partition Id:2,Stage Id:16
16/11/03 18:20:02 INFO myLogger: [UnionRDD]EndAt:18423789249962,TaskAttempt ID:205,Partition Id:6,Stage Id:16
16/11/03 18:20:16 INFO myLogger: [UnionRDD]EndAt:18437302419994,TaskAttempt ID:201,Partition Id:2,Stage Id:16
16/11/03 18:22:57 INFO myLogger: [MapPartitionsRDD]StartAt:18598618934852,TaskAttempt ID:208,Partition Id:2,Stage Id:17
16/11/03 18:22:57 INFO myLogger: [ShuffledRDD]StartAt:18598619367595,TaskAttempt ID:208,Partition Id:2,Stage Id:17
16/11/03 18:22:57 INFO myLogger: [ShuffledRDD]EndAt:18598637731625,TaskAttempt ID:208,Partition Id:2,Stage Id:17
16/11/03 18:22:57 INFO myLogger: [MapPartitionsRDD]EndAt:18598638183430,TaskAttempt ID:208,Partition Id:2,Stage Id:17
16/11/03 18:23:45 INFO myLogger: [UnionRDD]StartAt:18646808180356,TaskAttempt ID:213,Partition Id:2,Stage Id:24
16/11/03 18:23:45 INFO myLogger: [UnionRDD]StartAt:18646809175986,TaskAttempt ID:217,Partition Id:6,Stage Id:24
16/11/03 18:23:45 INFO myLogger: [MapPartitionsRDD]StartAt:18646809919199,TaskAttempt ID:213,Partition Id:2,Stage Id:24
16/11/03 18:23:45 INFO myLogger: [ShuffledRDD]StartAt:18646810451021,TaskAttempt ID:213,Partition Id:2,Stage Id:24
16/11/03 18:23:45 INFO myLogger: [MapPartitionsRDD]StartAt:18646810891623,TaskAttempt ID:217,Partition Id:6,Stage Id:24
16/11/03 18:23:45 INFO myLogger: [ShuffledRDD]StartAt:18646811352944,TaskAttempt ID:217,Partition Id:6,Stage Id:24
16/11/03 18:23:45 INFO myLogger: [ShuffledRDD]EndAt:18646824279173,TaskAttempt ID:213,Partition Id:2,Stage Id:24
16/11/03 18:23:45 INFO myLogger: [ShuffledRDD]EndAt:18646824677245,TaskAttempt ID:217,Partition Id:6,Stage Id:24
16/11/03 18:23:45 INFO myLogger: [MapPartitionsRDD]EndAt:18646824997334,TaskAttempt ID:213,Partition Id:2,Stage Id:24
16/11/03 18:23:45 INFO myLogger: [MapPartitionsRDD]EndAt:18646825584711,TaskAttempt ID:217,Partition Id:6,Stage Id:24
16/11/03 18:24:21 INFO myLogger: [UnionRDD]EndAt:18682293026987,TaskAttempt ID:217,Partition Id:6,Stage Id:24
16/11/03 18:24:31 INFO myLogger: [UnionRDD]EndAt:18692142465247,TaskAttempt ID:213,Partition Id:2,Stage Id:24
16/11/03 18:27:16 INFO myLogger: [MapPartitionsRDD]StartAt:18857500379361,TaskAttempt ID:221,Partition Id:2,Stage Id:25
16/11/03 18:27:16 INFO myLogger: [ShuffledRDD]StartAt:18857500840961,TaskAttempt ID:221,Partition Id:2,Stage Id:25
16/11/03 18:27:16 INFO myLogger: [ShuffledRDD]EndAt:18857519091866,TaskAttempt ID:221,Partition Id:2,Stage Id:25
16/11/03 18:27:16 INFO myLogger: [MapPartitionsRDD]EndAt:18857519775840,TaskAttempt ID:221,Partition Id:2,Stage Id:25
16/11/03 18:28:11 INFO myLogger: [UnionRDD]StartAt:18912511411554,TaskAttempt ID:228,Partition Id:6,Stage Id:32
16/11/03 18:28:11 INFO myLogger: [UnionRDD]StartAt:18912511487640,TaskAttempt ID:224,Partition Id:2,Stage Id:32
16/11/03 18:28:11 INFO myLogger: [MapPartitionsRDD]StartAt:18912512729267,TaskAttempt ID:228,Partition Id:6,Stage Id:32
16/11/03 18:28:11 INFO myLogger: [MapPartitionsRDD]StartAt:18912512887771,TaskAttempt ID:224,Partition Id:2,Stage Id:32
16/11/03 18:28:11 INFO myLogger: [ShuffledRDD]StartAt:18912513107589,TaskAttempt ID:228,Partition Id:6,Stage Id:32
16/11/03 18:28:11 INFO myLogger: [ShuffledRDD]StartAt:18912513189303,TaskAttempt ID:224,Partition Id:2,Stage Id:32
16/11/03 18:28:11 INFO myLogger: [ShuffledRDD]EndAt:18912524556666,TaskAttempt ID:228,Partition Id:6,Stage Id:32
16/11/03 18:28:11 INFO myLogger: [ShuffledRDD]EndAt:18912525181022,TaskAttempt ID:224,Partition Id:2,Stage Id:32
16/11/03 18:28:11 INFO myLogger: [MapPartitionsRDD]EndAt:18912525301078,TaskAttempt ID:228,Partition Id:6,Stage Id:32
16/11/03 18:28:11 INFO myLogger: [MapPartitionsRDD]EndAt:18912525964701,TaskAttempt ID:224,Partition Id:2,Stage Id:32
16/11/03 18:28:48 INFO myLogger: [UnionRDD]EndAt:18949326452695,TaskAttempt ID:228,Partition Id:6,Stage Id:32
16/11/03 18:29:00 INFO myLogger: [UnionRDD]EndAt:18961520726965,TaskAttempt ID:224,Partition Id:2,Stage Id:32
16/11/03 18:31:42 INFO myLogger: [MapPartitionsRDD]StartAt:19123237411717,TaskAttempt ID:233,Partition Id:2,Stage Id:33
16/11/03 18:31:42 INFO myLogger: [ShuffledRDD]StartAt:19123237673537,TaskAttempt ID:233,Partition Id:2,Stage Id:33
16/11/03 18:31:42 INFO myLogger: [ShuffledRDD]EndAt:19123255046694,TaskAttempt ID:233,Partition Id:2,Stage Id:33
16/11/03 18:31:42 INFO myLogger: [MapPartitionsRDD]EndAt:19123255584045,TaskAttempt ID:233,Partition Id:2,Stage Id:33
