16/11/08 12:08:27 INFO myLogger: [MapPartitionsRDD]StartAt:12089310669061,TaskAttempt ID:12,Partition Id:3,Stage Id:1
16/11/08 12:08:27 INFO myLogger: [MapPartitionsRDD]StartAt:12089310888520,TaskAttempt ID:16,Partition Id:7,Stage Id:1
16/11/08 12:08:28 INFO myLogger: [MapPartitionsRDD]EndAt:12089903909209,TaskAttempt ID:12,Partition Id:3,Stage Id:1
16/11/08 12:08:28 INFO myLogger: [MapPartitionsRDD]EndAt:12089904240037,TaskAttempt ID:16,Partition Id:7,Stage Id:1
16/11/08 12:08:54 INFO myLogger: [MapPartitionsRDD]StartAt:12115636402084,TaskAttempt ID:20,Partition Id:2,Stage Id:2
16/11/08 12:08:54 INFO myLogger: [MapPartitionsRDD]StartAt:12115636486312,TaskAttempt ID:24,Partition Id:6,Stage Id:2
16/11/08 12:08:54 INFO myLogger: [MapPartitionsRDD]EndAt:12115644294346,TaskAttempt ID:24,Partition Id:6,Stage Id:2
16/11/08 12:08:54 INFO myLogger: [MapPartitionsRDD]EndAt:12115644661459,TaskAttempt ID:20,Partition Id:2,Stage Id:2
16/11/08 12:09:31 INFO myLogger: [UnionRDD]StartAt:12153069881989,TaskAttempt ID:80,Partition Id:53,Stage Id:3
16/11/08 12:09:31 INFO myLogger: [UnionRDD]StartAt:12153070542342,TaskAttempt ID:76,Partition Id:49,Stage Id:3
16/11/08 12:09:31 INFO myLogger: [UnionRDD]StartAt:12153071956613,TaskAttempt ID:40,Partition Id:13,Stage Id:3
16/11/08 12:09:31 INFO myLogger: [UnionRDD]StartAt:12153074685713,TaskAttempt ID:48,Partition Id:21,Stage Id:3
16/11/08 12:09:31 INFO myLogger: [UnionRDD]StartAt:12153076946467,TaskAttempt ID:84,Partition Id:57,Stage Id:3
16/11/08 12:09:31 INFO myLogger: [UnionRDD]StartAt:12153077710319,TaskAttempt ID:88,Partition Id:61,Stage Id:3
16/11/08 12:09:31 INFO myLogger: [UnionRDD]StartAt:12153077856254,TaskAttempt ID:60,Partition Id:33,Stage Id:3
16/11/08 12:09:31 INFO myLogger: [UnionRDD]StartAt:12153078391041,TaskAttempt ID:52,Partition Id:25,Stage Id:3
16/11/08 12:09:31 INFO myLogger: [UnionRDD]StartAt:12153079783696,TaskAttempt ID:36,Partition Id:9,Stage Id:3
16/11/08 12:09:31 INFO myLogger: [UnionRDD]StartAt:12153081061710,TaskAttempt ID:56,Partition Id:29,Stage Id:3
16/11/08 12:09:31 INFO myLogger: [UnionRDD]StartAt:12153081168666,TaskAttempt ID:68,Partition Id:41,Stage Id:3
16/11/08 12:09:31 INFO myLogger: [UnionRDD]StartAt:12153081779636,TaskAttempt ID:64,Partition Id:37,Stage Id:3
16/11/08 12:09:31 INFO myLogger: [UnionRDD]StartAt:12153083384512,TaskAttempt ID:32,Partition Id:5,Stage Id:3
16/11/08 12:09:31 INFO myLogger: [UnionRDD]StartAt:12153084389300,TaskAttempt ID:44,Partition Id:17,Stage Id:3
16/11/08 12:09:31 INFO myLogger: [UnionRDD]StartAt:12153086346899,TaskAttempt ID:28,Partition Id:1,Stage Id:3
16/11/08 12:09:31 INFO myLogger: [UnionRDD]StartAt:12153093149541,TaskAttempt ID:72,Partition Id:45,Stage Id:3
16/11/08 12:09:31 INFO myLogger: [ParallelCollectionRDD]StartAt:12153098663053,TaskAttempt ID:76,Partition Id:49,Stage Id:3
16/11/08 12:09:31 INFO myLogger: [ParallelCollectionRDD]EndAt:12153101311039,TaskAttempt ID:76,Partition Id:49,Stage Id:3
16/11/08 12:09:31 INFO myLogger: [MapPartitionsRDD]StartAt:12153103108890,TaskAttempt ID:28,Partition Id:1,Stage Id:3
16/11/08 12:09:31 INFO myLogger: [ParallelCollectionRDD]StartAt:12153104288753,TaskAttempt ID:60,Partition Id:33,Stage Id:3
16/11/08 12:09:31 INFO myLogger: [ParallelCollectionRDD]StartAt:12153104462909,TaskAttempt ID:80,Partition Id:53,Stage Id:3
16/11/08 12:09:31 INFO myLogger: [ParallelCollectionRDD]EndAt:12153105318640,TaskAttempt ID:80,Partition Id:53,Stage Id:3
16/11/08 12:09:31 INFO myLogger: [ParallelCollectionRDD]StartAt:12153106038624,TaskAttempt ID:36,Partition Id:9,Stage Id:3
16/11/08 12:09:31 INFO myLogger: [ParallelCollectionRDD]EndAt:12153106893232,TaskAttempt ID:36,Partition Id:9,Stage Id:3
16/11/08 12:09:31 INFO myLogger: [ShuffledRDD]StartAt:12153107999999,TaskAttempt ID:28,Partition Id:1,Stage Id:3
16/11/08 12:09:31 INFO myLogger: [ParallelCollectionRDD]EndAt:12153108390879,TaskAttempt ID:60,Partition Id:33,Stage Id:3
16/11/08 12:09:31 INFO myLogger: [ParallelCollectionRDD]StartAt:12153110009308,TaskAttempt ID:48,Partition Id:21,Stage Id:3
16/11/08 12:09:31 INFO myLogger: [ParallelCollectionRDD]StartAt:12153110370155,TaskAttempt ID:40,Partition Id:13,Stage Id:3
16/11/08 12:09:31 INFO myLogger: [ParallelCollectionRDD]EndAt:12153113430548,TaskAttempt ID:40,Partition Id:13,Stage Id:3
16/11/08 12:09:31 INFO myLogger: [ParallelCollectionRDD]EndAt:12153113731408,TaskAttempt ID:48,Partition Id:21,Stage Id:3
16/11/08 12:09:31 INFO myLogger: [ParallelCollectionRDD]StartAt:12153115090643,TaskAttempt ID:88,Partition Id:61,Stage Id:3
16/11/08 12:09:31 INFO myLogger: [ParallelCollectionRDD]EndAt:12153115306238,TaskAttempt ID:88,Partition Id:61,Stage Id:3
16/11/08 12:09:31 INFO myLogger: [ParallelCollectionRDD]StartAt:12153116850912,TaskAttempt ID:52,Partition Id:25,Stage Id:3
16/11/08 12:09:31 INFO myLogger: [ParallelCollectionRDD]EndAt:12153117475851,TaskAttempt ID:52,Partition Id:25,Stage Id:3
16/11/08 12:09:31 INFO myLogger: [ParallelCollectionRDD]StartAt:12153125600698,TaskAttempt ID:64,Partition Id:37,Stage Id:3
16/11/08 12:09:31 INFO myLogger: [ParallelCollectionRDD]EndAt:12153125921052,TaskAttempt ID:64,Partition Id:37,Stage Id:3
16/11/08 12:09:31 INFO myLogger: [ParallelCollectionRDD]StartAt:12153127072488,TaskAttempt ID:56,Partition Id:29,Stage Id:3
16/11/08 12:09:31 INFO myLogger: [ParallelCollectionRDD]EndAt:12153127443832,TaskAttempt ID:56,Partition Id:29,Stage Id:3
16/11/08 12:09:31 INFO myLogger: [ParallelCollectionRDD]StartAt:12153128070109,TaskAttempt ID:44,Partition Id:17,Stage Id:3
16/11/08 12:09:31 INFO myLogger: [ParallelCollectionRDD]EndAt:12153128334195,TaskAttempt ID:44,Partition Id:17,Stage Id:3
16/11/08 12:09:31 INFO myLogger: [ParallelCollectionRDD]StartAt:12153130209493,TaskAttempt ID:32,Partition Id:5,Stage Id:3
16/11/08 12:09:31 INFO myLogger: [ParallelCollectionRDD]EndAt:12153136933201,TaskAttempt ID:32,Partition Id:5,Stage Id:3
16/11/08 12:09:31 INFO myLogger: [ParallelCollectionRDD]StartAt:12153137991244,TaskAttempt ID:84,Partition Id:57,Stage Id:3
16/11/08 12:09:31 INFO myLogger: [ParallelCollectionRDD]EndAt:12153138354889,TaskAttempt ID:84,Partition Id:57,Stage Id:3
16/11/08 12:09:31 INFO myLogger: [ParallelCollectionRDD]StartAt:12153139317696,TaskAttempt ID:68,Partition Id:41,Stage Id:3
16/11/08 12:09:31 INFO myLogger: [ParallelCollectionRDD]StartAt:12153139483654,TaskAttempt ID:72,Partition Id:45,Stage Id:3
16/11/08 12:09:31 INFO myLogger: [ParallelCollectionRDD]EndAt:12153139770144,TaskAttempt ID:68,Partition Id:41,Stage Id:3
16/11/08 12:09:31 INFO myLogger: [ParallelCollectionRDD]EndAt:12153139911312,TaskAttempt ID:72,Partition Id:45,Stage Id:3
16/11/08 12:09:31 INFO myLogger: [UnionRDD]EndAt:12153235631832,TaskAttempt ID:40,Partition Id:13,Stage Id:3
16/11/08 12:09:31 INFO myLogger: [UnionRDD]EndAt:12153235747918,TaskAttempt ID:76,Partition Id:49,Stage Id:3
16/11/08 12:09:31 INFO myLogger: [UnionRDD]EndAt:12153238743530,TaskAttempt ID:80,Partition Id:53,Stage Id:3
16/11/08 12:09:31 INFO myLogger: [UnionRDD]EndAt:12153239904631,TaskAttempt ID:84,Partition Id:57,Stage Id:3
16/11/08 12:09:31 INFO myLogger: [UnionRDD]EndAt:12153318039522,TaskAttempt ID:36,Partition Id:9,Stage Id:3
16/11/08 12:09:31 INFO myLogger: [ShuffledRDD]EndAt:12153318497391,TaskAttempt ID:28,Partition Id:1,Stage Id:3
16/11/08 12:09:31 INFO myLogger: [MapPartitionsRDD]EndAt:12153330732658,TaskAttempt ID:28,Partition Id:1,Stage Id:3
16/11/08 12:09:31 INFO myLogger: [UnionRDD]EndAt:12153353003131,TaskAttempt ID:32,Partition Id:5,Stage Id:3
16/11/08 12:09:31 INFO myLogger: [UnionRDD]EndAt:12153354530780,TaskAttempt ID:68,Partition Id:41,Stage Id:3
16/11/08 12:09:31 INFO myLogger: [UnionRDD]EndAt:12153355283935,TaskAttempt ID:72,Partition Id:45,Stage Id:3
16/11/08 12:09:31 INFO myLogger: [UnionRDD]EndAt:12153356262480,TaskAttempt ID:52,Partition Id:25,Stage Id:3
16/11/08 12:09:31 INFO myLogger: [UnionRDD]EndAt:12153357608872,TaskAttempt ID:48,Partition Id:21,Stage Id:3
16/11/08 12:09:31 INFO myLogger: [UnionRDD]EndAt:12153361183151,TaskAttempt ID:60,Partition Id:33,Stage Id:3
16/11/08 12:09:31 INFO myLogger: [UnionRDD]EndAt:12153413737826,TaskAttempt ID:88,Partition Id:61,Stage Id:3
16/11/08 12:09:31 INFO myLogger: [UnionRDD]EndAt:12153414472523,TaskAttempt ID:64,Partition Id:37,Stage Id:3
16/11/08 12:09:32 INFO myLogger: [UnionRDD]EndAt:12153512766307,TaskAttempt ID:56,Partition Id:29,Stage Id:3
16/11/08 12:09:32 INFO myLogger: [UnionRDD]EndAt:12153569279770,TaskAttempt ID:44,Partition Id:17,Stage Id:3
16/11/08 12:09:32 INFO myLogger: [UnionRDD]StartAt:12153577177144,TaskAttempt ID:91,Partition Id:64,Stage Id:3
16/11/08 12:09:32 INFO myLogger: [ParallelCollectionRDD]StartAt:12153598951173,TaskAttempt ID:91,Partition Id:64,Stage Id:3
16/11/08 12:09:32 INFO myLogger: [ParallelCollectionRDD]EndAt:12153599720023,TaskAttempt ID:91,Partition Id:64,Stage Id:3
16/11/08 12:09:32 INFO myLogger: [UnionRDD]StartAt:12153634496095,TaskAttempt ID:92,Partition Id:65,Stage Id:3
16/11/08 12:09:32 INFO myLogger: [UnionRDD]StartAt:12153647298871,TaskAttempt ID:94,Partition Id:67,Stage Id:3
16/11/08 12:09:32 INFO myLogger: [ParallelCollectionRDD]StartAt:12153648799054,TaskAttempt ID:92,Partition Id:65,Stage Id:3
16/11/08 12:09:32 INFO myLogger: [ParallelCollectionRDD]EndAt:12153649128624,TaskAttempt ID:92,Partition Id:65,Stage Id:3
16/11/08 12:09:32 INFO myLogger: [ParallelCollectionRDD]StartAt:12153655666023,TaskAttempt ID:94,Partition Id:67,Stage Id:3
16/11/08 12:09:32 INFO myLogger: [ParallelCollectionRDD]EndAt:12153655899952,TaskAttempt ID:94,Partition Id:67,Stage Id:3
16/11/08 12:09:32 INFO myLogger: [UnionRDD]EndAt:12153679221824,TaskAttempt ID:91,Partition Id:64,Stage Id:3
16/11/08 12:09:32 INFO myLogger: [UnionRDD]EndAt:12153719025774,TaskAttempt ID:92,Partition Id:65,Stage Id:3
16/11/08 12:09:32 INFO myLogger: [UnionRDD]EndAt:12153799819493,TaskAttempt ID:94,Partition Id:67,Stage Id:3
16/11/08 12:10:15 INFO myLogger: [UnionRDD]EndAt:12196858147754,TaskAttempt ID:28,Partition Id:1,Stage Id:3
16/11/08 12:11:01 INFO myLogger: [UnionRDD]StartAt:12242822821918,TaskAttempt ID:155,Partition Id:64,Stage Id:4
16/11/08 12:11:01 INFO myLogger: [UnionRDD]StartAt:12242824190169,TaskAttempt ID:100,Partition Id:9,Stage Id:4
16/11/08 12:11:01 INFO myLogger: [UnionRDD]StartAt:12242829370368,TaskAttempt ID:144,Partition Id:53,Stage Id:4
16/11/08 12:11:01 INFO myLogger: [UnionRDD]StartAt:12242837440086,TaskAttempt ID:120,Partition Id:29,Stage Id:4
16/11/08 12:11:01 INFO myLogger: [UnionRDD]StartAt:12242839003415,TaskAttempt ID:152,Partition Id:61,Stage Id:4
16/11/08 12:11:01 INFO myLogger: [UnionRDD]StartAt:12242840069052,TaskAttempt ID:132,Partition Id:41,Stage Id:4
16/11/08 12:11:01 INFO myLogger: [UnionRDD]StartAt:12242845190863,TaskAttempt ID:112,Partition Id:21,Stage Id:4
16/11/08 12:11:01 INFO myLogger: [UnionRDD]StartAt:12242845665310,TaskAttempt ID:124,Partition Id:33,Stage Id:4
16/11/08 12:11:01 INFO myLogger: [UnionRDD]StartAt:12242846825256,TaskAttempt ID:108,Partition Id:17,Stage Id:4
16/11/08 12:11:01 INFO myLogger: [UnionRDD]EndAt:12242846912250,TaskAttempt ID:155,Partition Id:64,Stage Id:4
16/11/08 12:11:01 INFO myLogger: [UnionRDD]StartAt:12242848986203,TaskAttempt ID:140,Partition Id:49,Stage Id:4
16/11/08 12:11:01 INFO myLogger: [UnionRDD]StartAt:12242852271980,TaskAttempt ID:96,Partition Id:5,Stage Id:4
16/11/08 12:11:01 INFO myLogger: [UnionRDD]StartAt:12242852607033,TaskAttempt ID:104,Partition Id:13,Stage Id:4
16/11/08 12:11:01 INFO myLogger: [UnionRDD]StartAt:12242853052070,TaskAttempt ID:148,Partition Id:57,Stage Id:4
16/11/08 12:11:01 INFO myLogger: [UnionRDD]EndAt:12242854364795,TaskAttempt ID:144,Partition Id:53,Stage Id:4
16/11/08 12:11:01 INFO myLogger: [UnionRDD]StartAt:12242860364811,TaskAttempt ID:136,Partition Id:45,Stage Id:4
16/11/08 12:11:01 INFO myLogger: [UnionRDD]EndAt:12242896626549,TaskAttempt ID:100,Partition Id:9,Stage Id:4
16/11/08 12:11:01 INFO myLogger: [UnionRDD]StartAt:12242903052378,TaskAttempt ID:128,Partition Id:37,Stage Id:4
16/11/08 12:11:01 INFO myLogger: [UnionRDD]StartAt:12242905092089,TaskAttempt ID:116,Partition Id:25,Stage Id:4
16/11/08 12:11:01 INFO myLogger: [UnionRDD]EndAt:12242906434718,TaskAttempt ID:112,Partition Id:21,Stage Id:4
16/11/08 12:11:01 INFO myLogger: [UnionRDD]EndAt:12242908913154,TaskAttempt ID:132,Partition Id:41,Stage Id:4
16/11/08 12:11:01 INFO myLogger: [UnionRDD]EndAt:12242919768961,TaskAttempt ID:108,Partition Id:17,Stage Id:4
16/11/08 12:11:01 INFO myLogger: [UnionRDD]EndAt:12242924701998,TaskAttempt ID:140,Partition Id:49,Stage Id:4
16/11/08 12:11:01 INFO myLogger: [UnionRDD]EndAt:12242933351664,TaskAttempt ID:152,Partition Id:61,Stage Id:4
16/11/08 12:11:01 INFO myLogger: [UnionRDD]EndAt:12242951799223,TaskAttempt ID:120,Partition Id:29,Stage Id:4
16/11/08 12:11:01 INFO myLogger: [UnionRDD]EndAt:12242954648453,TaskAttempt ID:124,Partition Id:33,Stage Id:4
16/11/08 12:11:01 INFO myLogger: [UnionRDD]EndAt:12242958500593,TaskAttempt ID:148,Partition Id:57,Stage Id:4
16/11/08 12:11:01 INFO myLogger: [UnionRDD]EndAt:12242963234202,TaskAttempt ID:104,Partition Id:13,Stage Id:4
16/11/08 12:11:01 INFO myLogger: [UnionRDD]EndAt:12242965836718,TaskAttempt ID:136,Partition Id:45,Stage Id:4
16/11/08 12:11:01 INFO myLogger: [UnionRDD]EndAt:12242969447111,TaskAttempt ID:96,Partition Id:5,Stage Id:4
16/11/08 12:11:01 INFO myLogger: [UnionRDD]EndAt:12243019385914,TaskAttempt ID:116,Partition Id:25,Stage Id:4
16/11/08 12:11:01 INFO myLogger: [UnionRDD]EndAt:12243023501904,TaskAttempt ID:128,Partition Id:37,Stage Id:4
16/11/08 12:11:01 INFO myLogger: [UnionRDD]StartAt:12243054437420,TaskAttempt ID:160,Partition Id:1,Stage Id:4
16/11/08 12:11:01 INFO myLogger: [MapPartitionsRDD]StartAt:12243055603276,TaskAttempt ID:160,Partition Id:1,Stage Id:4
16/11/08 12:11:01 INFO myLogger: [ShuffledRDD]StartAt:12243055943993,TaskAttempt ID:160,Partition Id:1,Stage Id:4
16/11/08 12:11:01 INFO myLogger: [UnionRDD]StartAt:12243083948549,TaskAttempt ID:158,Partition Id:67,Stage Id:4
16/11/08 12:11:01 INFO myLogger: [UnionRDD]StartAt:12243097581658,TaskAttempt ID:157,Partition Id:65,Stage Id:4
16/11/08 12:11:01 INFO myLogger: [ShuffledRDD]EndAt:12243127103011,TaskAttempt ID:160,Partition Id:1,Stage Id:4
16/11/08 12:11:01 INFO myLogger: [MapPartitionsRDD]EndAt:12243127592486,TaskAttempt ID:160,Partition Id:1,Stage Id:4
16/11/08 12:11:01 INFO myLogger: [UnionRDD]EndAt:12243209673708,TaskAttempt ID:157,Partition Id:65,Stage Id:4
16/11/08 12:11:01 INFO myLogger: [UnionRDD]EndAt:12243211304441,TaskAttempt ID:158,Partition Id:67,Stage Id:4
16/11/08 12:11:39 INFO myLogger: [UnionRDD]EndAt:12280846576566,TaskAttempt ID:160,Partition Id:1,Stage Id:4
16/11/08 12:12:25 INFO myLogger: [UnionRDD]StartAt:12326994333976,TaskAttempt ID:168,Partition Id:5,Stage Id:5
16/11/08 12:12:25 INFO myLogger: [UnionRDD]StartAt:12326994400744,TaskAttempt ID:164,Partition Id:1,Stage Id:5
16/11/08 12:12:25 INFO myLogger: [MapPartitionsRDD]StartAt:12326995323537,TaskAttempt ID:168,Partition Id:5,Stage Id:5
16/11/08 12:12:25 INFO myLogger: [MapPartitionsRDD]StartAt:12326995392902,TaskAttempt ID:164,Partition Id:1,Stage Id:5
16/11/08 12:12:25 INFO myLogger: [ShuffledRDD]StartAt:12326995694468,TaskAttempt ID:168,Partition Id:5,Stage Id:5
16/11/08 12:12:25 INFO myLogger: [ShuffledRDD]StartAt:12326995753466,TaskAttempt ID:164,Partition Id:1,Stage Id:5
16/11/08 12:12:25 INFO myLogger: [ShuffledRDD]EndAt:12327033821389,TaskAttempt ID:168,Partition Id:5,Stage Id:5
16/11/08 12:12:25 INFO myLogger: [MapPartitionsRDD]EndAt:12327034327845,TaskAttempt ID:168,Partition Id:5,Stage Id:5
16/11/08 12:12:25 INFO myLogger: [ShuffledRDD]EndAt:12327348151483,TaskAttempt ID:164,Partition Id:1,Stage Id:5
16/11/08 12:12:25 INFO myLogger: [MapPartitionsRDD]EndAt:12327348802804,TaskAttempt ID:164,Partition Id:1,Stage Id:5
16/11/08 12:13:00 INFO myLogger: [UnionRDD]EndAt:12361872988985,TaskAttempt ID:168,Partition Id:5,Stage Id:5
16/11/08 12:13:11 INFO myLogger: [UnionRDD]EndAt:12372554528899,TaskAttempt ID:164,Partition Id:1,Stage Id:5
16/11/08 12:16:12 INFO myLogger: [UnionRDD]StartAt:12554056183905,TaskAttempt ID:171,Partition Id:1,Stage Id:6
16/11/08 12:16:12 INFO myLogger: [MapPartitionsRDD]StartAt:12554056727088,TaskAttempt ID:171,Partition Id:1,Stage Id:6
16/11/08 12:16:12 INFO myLogger: [ShuffledRDD]StartAt:12554056917465,TaskAttempt ID:171,Partition Id:1,Stage Id:6
16/11/08 12:16:12 INFO myLogger: [UnionRDD]StartAt:12554059656619,TaskAttempt ID:175,Partition Id:5,Stage Id:6
16/11/08 12:16:12 INFO myLogger: [MapPartitionsRDD]StartAt:12554060986836,TaskAttempt ID:175,Partition Id:5,Stage Id:6
16/11/08 12:16:12 INFO myLogger: [ShuffledRDD]StartAt:12554061554332,TaskAttempt ID:175,Partition Id:5,Stage Id:6
16/11/08 12:16:12 INFO myLogger: [ShuffledRDD]EndAt:12554080650673,TaskAttempt ID:175,Partition Id:5,Stage Id:6
16/11/08 12:16:12 INFO myLogger: [MapPartitionsRDD]EndAt:12554081307435,TaskAttempt ID:175,Partition Id:5,Stage Id:6
16/11/08 12:16:12 INFO myLogger: [ShuffledRDD]EndAt:12554083677642,TaskAttempt ID:171,Partition Id:1,Stage Id:6
16/11/08 12:16:12 INFO myLogger: [MapPartitionsRDD]EndAt:12554084160329,TaskAttempt ID:171,Partition Id:1,Stage Id:6
16/11/08 12:16:43 INFO myLogger: [UnionRDD]EndAt:12584760392122,TaskAttempt ID:175,Partition Id:5,Stage Id:6
16/11/08 12:16:55 INFO myLogger: [UnionRDD]EndAt:12597333962717,TaskAttempt ID:171,Partition Id:1,Stage Id:6
16/11/08 12:19:43 INFO myLogger: [UnionRDD]StartAt:12765218856572,TaskAttempt ID:182,Partition Id:1,Stage Id:7
16/11/08 12:19:43 INFO myLogger: [MapPartitionsRDD]StartAt:12765219412554,TaskAttempt ID:182,Partition Id:1,Stage Id:7
16/11/08 12:19:43 INFO myLogger: [ShuffledRDD]StartAt:12765219610633,TaskAttempt ID:182,Partition Id:1,Stage Id:7
16/11/08 12:19:43 INFO myLogger: [UnionRDD]StartAt:12765223147635,TaskAttempt ID:186,Partition Id:5,Stage Id:7
16/11/08 12:19:43 INFO myLogger: [MapPartitionsRDD]StartAt:12765224223308,TaskAttempt ID:186,Partition Id:5,Stage Id:7
16/11/08 12:19:43 INFO myLogger: [ShuffledRDD]StartAt:12765224625689,TaskAttempt ID:186,Partition Id:5,Stage Id:7
16/11/08 12:19:43 INFO myLogger: [ShuffledRDD]EndAt:12765239906071,TaskAttempt ID:186,Partition Id:5,Stage Id:7
16/11/08 12:19:43 INFO myLogger: [MapPartitionsRDD]EndAt:12765240447335,TaskAttempt ID:186,Partition Id:5,Stage Id:7
16/11/08 12:19:43 INFO myLogger: [ShuffledRDD]EndAt:12765250913938,TaskAttempt ID:182,Partition Id:1,Stage Id:7
16/11/08 12:19:43 INFO myLogger: [MapPartitionsRDD]EndAt:12765251664535,TaskAttempt ID:182,Partition Id:1,Stage Id:7
16/11/08 12:20:12 INFO myLogger: [UnionRDD]EndAt:12793699591953,TaskAttempt ID:186,Partition Id:5,Stage Id:7
16/11/08 12:20:22 INFO myLogger: [UnionRDD]EndAt:12804017607769,TaskAttempt ID:182,Partition Id:1,Stage Id:7
16/11/08 12:23:21 INFO myLogger: [UnionRDD]StartAt:12982495138493,TaskAttempt ID:188,Partition Id:1,Stage Id:8
16/11/08 12:23:21 INFO myLogger: [UnionRDD]StartAt:12982495549903,TaskAttempt ID:192,Partition Id:5,Stage Id:8
16/11/08 12:23:21 INFO myLogger: [MapPartitionsRDD]StartAt:12982496050089,TaskAttempt ID:188,Partition Id:1,Stage Id:8
16/11/08 12:23:21 INFO myLogger: [ShuffledRDD]StartAt:12982496347345,TaskAttempt ID:188,Partition Id:1,Stage Id:8
16/11/08 12:23:21 INFO myLogger: [MapPartitionsRDD]StartAt:12982496587055,TaskAttempt ID:192,Partition Id:5,Stage Id:8
16/11/08 12:23:21 INFO myLogger: [ShuffledRDD]StartAt:12982496839774,TaskAttempt ID:192,Partition Id:5,Stage Id:8
16/11/08 12:23:21 INFO myLogger: [ShuffledRDD]EndAt:12982517160056,TaskAttempt ID:188,Partition Id:1,Stage Id:8
16/11/08 12:23:21 INFO myLogger: [MapPartitionsRDD]EndAt:12982517697719,TaskAttempt ID:188,Partition Id:1,Stage Id:8
16/11/08 12:23:21 INFO myLogger: [ShuffledRDD]EndAt:12982517710020,TaskAttempt ID:192,Partition Id:5,Stage Id:8
16/11/08 12:23:21 INFO myLogger: [MapPartitionsRDD]EndAt:12982518181265,TaskAttempt ID:192,Partition Id:5,Stage Id:8
16/11/08 12:25:59 INFO myLogger: [UnionRDD]EndAt:13141070380489,TaskAttempt ID:192,Partition Id:5,Stage Id:8
16/11/08 12:26:09 INFO myLogger: [UnionRDD]EndAt:13150936674960,TaskAttempt ID:188,Partition Id:1,Stage Id:8
16/11/08 12:26:48 INFO myLogger: [MapPartitionsRDD]StartAt:13189753408791,TaskAttempt ID:198,Partition Id:1,Stage Id:9
16/11/08 12:26:48 INFO myLogger: [ShuffledRDD]StartAt:13189753604057,TaskAttempt ID:198,Partition Id:1,Stage Id:9
16/11/08 12:26:48 INFO myLogger: [ShuffledRDD]EndAt:13189778732405,TaskAttempt ID:198,Partition Id:1,Stage Id:9
16/11/08 12:26:48 INFO myLogger: [MapPartitionsRDD]EndAt:13189779130848,TaskAttempt ID:198,Partition Id:1,Stage Id:9
16/11/08 12:27:45 INFO myLogger: [UnionRDD]StartAt:13246492402218,TaskAttempt ID:202,Partition Id:1,Stage Id:16
16/11/08 12:27:45 INFO myLogger: [UnionRDD]StartAt:13246493274745,TaskAttempt ID:206,Partition Id:5,Stage Id:16
16/11/08 12:27:45 INFO myLogger: [MapPartitionsRDD]StartAt:13246493621963,TaskAttempt ID:202,Partition Id:1,Stage Id:16
16/11/08 12:27:45 INFO myLogger: [ShuffledRDD]StartAt:13246493902570,TaskAttempt ID:202,Partition Id:1,Stage Id:16
16/11/08 12:27:45 INFO myLogger: [MapPartitionsRDD]StartAt:13246494705025,TaskAttempt ID:206,Partition Id:5,Stage Id:16
16/11/08 12:27:45 INFO myLogger: [ShuffledRDD]StartAt:13246495062383,TaskAttempt ID:206,Partition Id:5,Stage Id:16
16/11/08 12:27:45 INFO myLogger: [ShuffledRDD]EndAt:13246511884306,TaskAttempt ID:206,Partition Id:5,Stage Id:16
16/11/08 12:27:45 INFO myLogger: [MapPartitionsRDD]EndAt:13246512599866,TaskAttempt ID:206,Partition Id:5,Stage Id:16
16/11/08 12:27:45 INFO myLogger: [ShuffledRDD]EndAt:13246743789463,TaskAttempt ID:202,Partition Id:1,Stage Id:16
16/11/08 12:27:45 INFO myLogger: [MapPartitionsRDD]EndAt:13246744593280,TaskAttempt ID:202,Partition Id:1,Stage Id:16
16/11/08 12:30:22 INFO myLogger: [UnionRDD]EndAt:13404436214766,TaskAttempt ID:206,Partition Id:5,Stage Id:16
16/11/08 12:30:32 INFO myLogger: [UnionRDD]EndAt:13414092870107,TaskAttempt ID:202,Partition Id:1,Stage Id:16
16/11/08 12:31:11 INFO myLogger: [MapPartitionsRDD]StartAt:13452968937458,TaskAttempt ID:207,Partition Id:1,Stage Id:17
16/11/08 12:31:11 INFO myLogger: [ShuffledRDD]StartAt:13452969324202,TaskAttempt ID:207,Partition Id:1,Stage Id:17
16/11/08 12:31:11 INFO myLogger: [ShuffledRDD]EndAt:13452994984274,TaskAttempt ID:207,Partition Id:1,Stage Id:17
16/11/08 12:31:11 INFO myLogger: [MapPartitionsRDD]EndAt:13452995365440,TaskAttempt ID:207,Partition Id:1,Stage Id:17
16/11/08 12:31:59 INFO myLogger: [UnionRDD]StartAt:13501144506425,TaskAttempt ID:214,Partition Id:1,Stage Id:24
16/11/08 12:31:59 INFO myLogger: [MapPartitionsRDD]StartAt:13501145477135,TaskAttempt ID:214,Partition Id:1,Stage Id:24
16/11/08 12:31:59 INFO myLogger: [ShuffledRDD]StartAt:13501145936274,TaskAttempt ID:214,Partition Id:1,Stage Id:24
16/11/08 12:31:59 INFO myLogger: [UnionRDD]StartAt:13501147027880,TaskAttempt ID:218,Partition Id:5,Stage Id:24
16/11/08 12:31:59 INFO myLogger: [MapPartitionsRDD]StartAt:13501148073451,TaskAttempt ID:218,Partition Id:5,Stage Id:24
16/11/08 12:31:59 INFO myLogger: [ShuffledRDD]StartAt:13501148513475,TaskAttempt ID:218,Partition Id:5,Stage Id:24
16/11/08 12:31:59 INFO myLogger: [ShuffledRDD]EndAt:13501166387291,TaskAttempt ID:218,Partition Id:5,Stage Id:24
16/11/08 12:31:59 INFO myLogger: [MapPartitionsRDD]EndAt:13501166704018,TaskAttempt ID:218,Partition Id:5,Stage Id:24
16/11/08 12:31:59 INFO myLogger: [ShuffledRDD]EndAt:13501166972087,TaskAttempt ID:214,Partition Id:1,Stage Id:24
16/11/08 12:31:59 INFO myLogger: [MapPartitionsRDD]EndAt:13501167601790,TaskAttempt ID:214,Partition Id:1,Stage Id:24
16/11/08 12:34:38 INFO myLogger: [UnionRDD]EndAt:13660389820281,TaskAttempt ID:218,Partition Id:5,Stage Id:24
16/11/08 12:34:46 INFO myLogger: [UnionRDD]EndAt:13668418779386,TaskAttempt ID:214,Partition Id:1,Stage Id:24
16/11/08 12:35:30 INFO myLogger: [MapPartitionsRDD]StartAt:13711519479400,TaskAttempt ID:220,Partition Id:1,Stage Id:25
16/11/08 12:35:30 INFO myLogger: [ShuffledRDD]StartAt:13711519779273,TaskAttempt ID:220,Partition Id:1,Stage Id:25
16/11/08 12:35:30 INFO myLogger: [ShuffledRDD]EndAt:13711552471228,TaskAttempt ID:220,Partition Id:1,Stage Id:25
16/11/08 12:35:30 INFO myLogger: [MapPartitionsRDD]EndAt:13711552834555,TaskAttempt ID:220,Partition Id:1,Stage Id:25
16/11/08 12:36:18 INFO myLogger: [UnionRDD]StartAt:13760254100677,TaskAttempt ID:223,Partition Id:1,Stage Id:32
16/11/08 12:36:18 INFO myLogger: [UnionRDD]StartAt:13760254687420,TaskAttempt ID:227,Partition Id:5,Stage Id:32
16/11/08 12:36:18 INFO myLogger: [MapPartitionsRDD]StartAt:13760255096326,TaskAttempt ID:223,Partition Id:1,Stage Id:32
16/11/08 12:36:18 INFO myLogger: [ShuffledRDD]StartAt:13760255454766,TaskAttempt ID:223,Partition Id:1,Stage Id:32
16/11/08 12:36:18 INFO myLogger: [MapPartitionsRDD]StartAt:13760255672974,TaskAttempt ID:227,Partition Id:5,Stage Id:32
16/11/08 12:36:18 INFO myLogger: [ShuffledRDD]StartAt:13760255924016,TaskAttempt ID:227,Partition Id:5,Stage Id:32
16/11/08 12:36:18 INFO myLogger: [ShuffledRDD]EndAt:13760274870655,TaskAttempt ID:223,Partition Id:1,Stage Id:32
16/11/08 12:36:18 INFO myLogger: [ShuffledRDD]EndAt:13760274908382,TaskAttempt ID:227,Partition Id:5,Stage Id:32
16/11/08 12:36:18 INFO myLogger: [MapPartitionsRDD]EndAt:13760280246719,TaskAttempt ID:223,Partition Id:1,Stage Id:32
16/11/08 12:36:18 INFO myLogger: [MapPartitionsRDD]EndAt:13760282069931,TaskAttempt ID:227,Partition Id:5,Stage Id:32
16/11/08 12:38:57 INFO myLogger: [UnionRDD]EndAt:13918974651486,TaskAttempt ID:227,Partition Id:5,Stage Id:32
16/11/08 12:39:11 INFO myLogger: [UnionRDD]EndAt:13933422481573,TaskAttempt ID:223,Partition Id:1,Stage Id:32
16/11/08 12:39:51 INFO myLogger: [MapPartitionsRDD]StartAt:13973444141122,TaskAttempt ID:233,Partition Id:1,Stage Id:33
16/11/08 12:39:51 INFO myLogger: [ShuffledRDD]StartAt:13973444593839,TaskAttempt ID:233,Partition Id:1,Stage Id:33
16/11/08 12:39:52 INFO myLogger: [ShuffledRDD]EndAt:13973471954334,TaskAttempt ID:233,Partition Id:1,Stage Id:33
16/11/08 12:39:52 INFO myLogger: [MapPartitionsRDD]EndAt:13973472590935,TaskAttempt ID:233,Partition Id:1,Stage Id:33
