16/11/22 13:30:53 INFO serializeLogger: [CreationPYRE]StartAt:1479846653620,Parent RDD ID:1,Name:../shuffle_10M100k.dat,TaskAttempt ID:7,Partition Id:2,Stage Id:1
16/11/22 13:30:53 INFO serializeLogger: [CreationPYRE]EndAt:1479846653621,Parent RDD ID:1,Name:../shuffle_10M100k.dat,TaskAttempt ID:7,Partition Id:2,Stage Id:1
16/11/22 13:30:53 INFO serializeLogger: [RunnerCompute]StartAt:1479846653622,Parent RDD ID:1,Name:../shuffle_10M100k.dat,TaskAttempt ID:7,Partition Id:2,Stage Id:1
16/11/22 13:31:00 INFO serializeLogger: [writerThread]StartAt:1479846660412,Parent RDD ID:1,Name:../shuffle_10M100k.dat,TaskAttempt ID:7,Partition Id:2,Stage Id:1
16/11/22 13:31:18 INFO serializeLogger: [RunnerCompute]EndAt:1479846678379,Parent RDD ID:1,Name:../shuffle_10M100k.dat,TaskAttempt ID:7,Partition Id:2,Stage Id:1
16/11/22 13:31:18 INFO serializeLogger: [writerThread]EndAt:1479846678391,Parent RDD ID:1,Name:../shuffle_10M100k.dat,TaskAttempt ID:7,Partition Id:2,Stage Id:1
16/11/22 13:31:20 INFO serializeLogger: [CreationPYRE]StartAt:1479846680327,Parent RDD ID:1,Name:../shuffle_10M100k.dat,TaskAttempt ID:12,Partition Id:2,Stage Id:2
16/11/22 13:31:20 INFO serializeLogger: [CreationPYRE]EndAt:1479846680327,Parent RDD ID:1,Name:../shuffle_10M100k.dat,TaskAttempt ID:12,Partition Id:2,Stage Id:2
16/11/22 13:31:20 INFO serializeLogger: [RunnerCompute]StartAt:1479846680327,Parent RDD ID:1,Name:../shuffle_10M100k.dat,TaskAttempt ID:12,Partition Id:2,Stage Id:2
16/11/22 13:31:20 INFO serializeLogger: [writerThread]StartAt:1479846680340,Parent RDD ID:1,Name:../shuffle_10M100k.dat,TaskAttempt ID:12,Partition Id:2,Stage Id:2
16/11/22 13:31:20 INFO serializeLogger: [RunnerCompute]EndAt:1479846680417,Parent RDD ID:1,Name:../shuffle_10M100k.dat,TaskAttempt ID:12,Partition Id:2,Stage Id:2
16/11/22 13:32:02 INFO serializeLogger: [writerThread]EndAt:1479846722462,Parent RDD ID:1,Name:../shuffle_10M100k.dat,TaskAttempt ID:12,Partition Id:2,Stage Id:2
16/11/22 13:32:03 INFO serializeLogger: [CreationPYRE]StartAt:1479846723641,Parent RDD ID:11,Name:UnionRDD,TaskAttempt ID:17,Partition Id:2,Stage Id:3
16/11/22 13:32:03 INFO serializeLogger: [CreationPYRE]StartAt:1479846723641,Parent RDD ID:11,Name:UnionRDD,TaskAttempt ID:21,Partition Id:6,Stage Id:3
16/11/22 13:32:03 INFO serializeLogger: [CreationPYRE]EndAt:1479846723641,Parent RDD ID:11,Name:UnionRDD,TaskAttempt ID:17,Partition Id:2,Stage Id:3
16/11/22 13:32:03 INFO serializeLogger: [CreationPYRE]EndAt:1479846723641,Parent RDD ID:11,Name:UnionRDD,TaskAttempt ID:21,Partition Id:6,Stage Id:3
16/11/22 13:32:03 INFO serializeLogger: [RunnerCompute]StartAt:1479846723642,Parent RDD ID:11,Name:UnionRDD,TaskAttempt ID:17,Partition Id:2,Stage Id:3
16/11/22 13:32:03 INFO serializeLogger: [RunnerCompute]StartAt:1479846723642,Parent RDD ID:11,Name:UnionRDD,TaskAttempt ID:21,Partition Id:6,Stage Id:3
16/11/22 13:32:03 INFO serializeLogger: [CreationPYRE]StartAt:1479846723643,Parent RDD ID:7,Name:MapPartitionedRDD,TaskAttempt ID:17,Partition Id:2,Stage Id:3
16/11/22 13:32:03 INFO serializeLogger: [CreationPYRE]StartAt:1479846723643,Parent RDD ID:8,Name:ParallelCollectionRDD,TaskAttempt ID:21,Partition Id:6,Stage Id:3
16/11/22 13:32:03 INFO serializeLogger: [CreationPYRE]EndAt:1479846723643,Parent RDD ID:7,Name:MapPartitionedRDD,TaskAttempt ID:17,Partition Id:2,Stage Id:3
16/11/22 13:32:03 INFO serializeLogger: [CreationPYRE]EndAt:1479846723643,Parent RDD ID:8,Name:ParallelCollectionRDD,TaskAttempt ID:21,Partition Id:6,Stage Id:3
16/11/22 13:32:03 INFO serializeLogger: [RunnerCompute]StartAt:1479846723643,Parent RDD ID:7,Name:MapPartitionedRDD,TaskAttempt ID:17,Partition Id:2,Stage Id:3
16/11/22 13:32:03 INFO serializeLogger: [RunnerCompute]StartAt:1479846723643,Parent RDD ID:8,Name:ParallelCollectionRDD,TaskAttempt ID:21,Partition Id:6,Stage Id:3
16/11/22 13:32:03 INFO serializeLogger: [writerThread]StartAt:1479846723692,Parent RDD ID:8,Name:ParallelCollectionRDD,TaskAttempt ID:21,Partition Id:6,Stage Id:3
16/11/22 13:32:03 INFO serializeLogger: [writerThread]StartAt:1479846723819,Parent RDD ID:7,Name:MapPartitionedRDD,TaskAttempt ID:17,Partition Id:2,Stage Id:3
16/11/22 13:32:03 INFO serializeLogger: [RunnerCompute]EndAt:1479846723906,Parent RDD ID:8,Name:ParallelCollectionRDD,TaskAttempt ID:21,Partition Id:6,Stage Id:3
16/11/22 13:32:03 INFO serializeLogger: [writerThread]StartAt:1479846723932,Parent RDD ID:11,Name:UnionRDD,TaskAttempt ID:21,Partition Id:6,Stage Id:3
16/11/22 13:32:04 INFO serializeLogger: [RunnerCompute]EndAt:1479846724305,Parent RDD ID:11,Name:UnionRDD,TaskAttempt ID:21,Partition Id:6,Stage Id:3
16/11/22 13:32:04 INFO serializeLogger: [writerThread]EndAt:1479846724501,Parent RDD ID:11,Name:UnionRDD,TaskAttempt ID:21,Partition Id:6,Stage Id:3
16/11/22 13:32:04 INFO serializeLogger: [writerThread]EndAt:1479846724501,Parent RDD ID:8,Name:ParallelCollectionRDD,TaskAttempt ID:21,Partition Id:6,Stage Id:3
16/11/22 13:32:25 INFO serializeLogger: [RunnerCompute]EndAt:1479846745090,Parent RDD ID:7,Name:MapPartitionedRDD,TaskAttempt ID:17,Partition Id:2,Stage Id:3
16/11/22 13:32:25 INFO serializeLogger: [writerThread]StartAt:1479846745093,Parent RDD ID:11,Name:UnionRDD,TaskAttempt ID:17,Partition Id:2,Stage Id:3
16/11/22 13:32:43 INFO serializeLogger: [RunnerCompute]EndAt:1479846763171,Parent RDD ID:11,Name:UnionRDD,TaskAttempt ID:17,Partition Id:2,Stage Id:3
16/11/22 13:32:44 INFO serializeLogger: [writerThread]EndAt:1479846764400,Parent RDD ID:11,Name:UnionRDD,TaskAttempt ID:17,Partition Id:2,Stage Id:3
16/11/22 13:32:44 INFO serializeLogger: [writerThread]EndAt:1479846764400,Parent RDD ID:7,Name:MapPartitionedRDD,TaskAttempt ID:17,Partition Id:2,Stage Id:3
16/11/22 13:32:46 INFO serializeLogger: [CreationPYRE]StartAt:1479846766731,Parent RDD ID:18,Name:UnionRDD,TaskAttempt ID:29,Partition Id:2,Stage Id:4
16/11/22 13:32:46 INFO serializeLogger: [CreationPYRE]EndAt:1479846766731,Parent RDD ID:18,Name:UnionRDD,TaskAttempt ID:29,Partition Id:2,Stage Id:4
16/11/22 13:32:46 INFO serializeLogger: [RunnerCompute]StartAt:1479846766731,Parent RDD ID:18,Name:UnionRDD,TaskAttempt ID:29,Partition Id:2,Stage Id:4
16/11/22 13:32:46 INFO serializeLogger: [CreationPYRE]StartAt:1479846766732,Parent RDD ID:15,Name:MapPartitionedRDD,TaskAttempt ID:29,Partition Id:2,Stage Id:4
16/11/22 13:32:46 INFO serializeLogger: [CreationPYRE]EndAt:1479846766732,Parent RDD ID:15,Name:MapPartitionedRDD,TaskAttempt ID:29,Partition Id:2,Stage Id:4
16/11/22 13:32:46 INFO serializeLogger: [RunnerCompute]StartAt:1479846766732,Parent RDD ID:15,Name:MapPartitionedRDD,TaskAttempt ID:29,Partition Id:2,Stage Id:4
16/11/22 13:32:46 INFO serializeLogger: [CreationPYRE]StartAt:1479846766737,Parent RDD ID:18,Name:UnionRDD,TaskAttempt ID:25,Partition Id:6,Stage Id:4
16/11/22 13:32:46 INFO serializeLogger: [CreationPYRE]EndAt:1479846766738,Parent RDD ID:18,Name:UnionRDD,TaskAttempt ID:25,Partition Id:6,Stage Id:4
16/11/22 13:32:46 INFO serializeLogger: [RunnerCompute]StartAt:1479846766738,Parent RDD ID:18,Name:UnionRDD,TaskAttempt ID:25,Partition Id:6,Stage Id:4
16/11/22 13:32:46 INFO serializeLogger: [CreationPYRE]StartAt:1479846766738,Parent RDD ID:8,Name:ParallelCollectionRDD,TaskAttempt ID:25,Partition Id:6,Stage Id:4
16/11/22 13:32:46 INFO serializeLogger: [CreationPYRE]EndAt:1479846766739,Parent RDD ID:8,Name:ParallelCollectionRDD,TaskAttempt ID:25,Partition Id:6,Stage Id:4
16/11/22 13:32:46 INFO serializeLogger: [RunnerCompute]StartAt:1479846766739,Parent RDD ID:8,Name:ParallelCollectionRDD,TaskAttempt ID:25,Partition Id:6,Stage Id:4
16/11/22 13:32:46 INFO serializeLogger: [writerThread]StartAt:1479846766771,Parent RDD ID:8,Name:ParallelCollectionRDD,TaskAttempt ID:25,Partition Id:6,Stage Id:4
16/11/22 13:32:46 INFO serializeLogger: [writerThread]StartAt:1479846766772,Parent RDD ID:15,Name:MapPartitionedRDD,TaskAttempt ID:29,Partition Id:2,Stage Id:4
16/11/22 13:32:46 INFO serializeLogger: [RunnerCompute]EndAt:1479846766904,Parent RDD ID:8,Name:ParallelCollectionRDD,TaskAttempt ID:25,Partition Id:6,Stage Id:4
16/11/22 13:32:46 INFO serializeLogger: [writerThread]StartAt:1479846766905,Parent RDD ID:18,Name:UnionRDD,TaskAttempt ID:25,Partition Id:6,Stage Id:4
16/11/22 13:32:47 INFO serializeLogger: [RunnerCompute]EndAt:1479846767017,Parent RDD ID:18,Name:UnionRDD,TaskAttempt ID:25,Partition Id:6,Stage Id:4
16/11/22 13:32:47 INFO serializeLogger: [writerThread]EndAt:1479846767198,Parent RDD ID:18,Name:UnionRDD,TaskAttempt ID:25,Partition Id:6,Stage Id:4
16/11/22 13:32:47 INFO serializeLogger: [writerThread]EndAt:1479846767199,Parent RDD ID:8,Name:ParallelCollectionRDD,TaskAttempt ID:25,Partition Id:6,Stage Id:4
16/11/22 13:33:05 INFO serializeLogger: [RunnerCompute]EndAt:1479846785443,Parent RDD ID:15,Name:MapPartitionedRDD,TaskAttempt ID:29,Partition Id:2,Stage Id:4
16/11/22 13:33:05 INFO serializeLogger: [writerThread]StartAt:1479846785445,Parent RDD ID:18,Name:UnionRDD,TaskAttempt ID:29,Partition Id:2,Stage Id:4
16/11/22 13:33:24 INFO serializeLogger: [RunnerCompute]EndAt:1479846804872,Parent RDD ID:18,Name:UnionRDD,TaskAttempt ID:29,Partition Id:2,Stage Id:4
16/11/22 13:33:26 INFO serializeLogger: [writerThread]EndAt:1479846806225,Parent RDD ID:18,Name:UnionRDD,TaskAttempt ID:29,Partition Id:2,Stage Id:4
16/11/22 13:33:26 INFO serializeLogger: [writerThread]EndAt:1479846806226,Parent RDD ID:15,Name:MapPartitionedRDD,TaskAttempt ID:29,Partition Id:2,Stage Id:4
16/11/22 13:33:28 INFO serializeLogger: [CreationPYRE]StartAt:1479846808763,Parent RDD ID:25,Name:UnionRDD,TaskAttempt ID:31,Partition Id:2,Stage Id:5
16/11/22 13:33:28 INFO serializeLogger: [CreationPYRE]EndAt:1479846808764,Parent RDD ID:25,Name:UnionRDD,TaskAttempt ID:31,Partition Id:2,Stage Id:5
16/11/22 13:33:28 INFO serializeLogger: [RunnerCompute]StartAt:1479846808764,Parent RDD ID:25,Name:UnionRDD,TaskAttempt ID:31,Partition Id:2,Stage Id:5
16/11/22 13:33:28 INFO serializeLogger: [CreationPYRE]StartAt:1479846808764,Parent RDD ID:22,Name:MapPartitionedRDD,TaskAttempt ID:31,Partition Id:2,Stage Id:5
16/11/22 13:33:28 INFO serializeLogger: [CreationPYRE]EndAt:1479846808765,Parent RDD ID:22,Name:MapPartitionedRDD,TaskAttempt ID:31,Partition Id:2,Stage Id:5
16/11/22 13:33:28 INFO serializeLogger: [RunnerCompute]StartAt:1479846808765,Parent RDD ID:22,Name:MapPartitionedRDD,TaskAttempt ID:31,Partition Id:2,Stage Id:5
16/11/22 13:33:28 INFO serializeLogger: [CreationPYRE]StartAt:1479846808773,Parent RDD ID:25,Name:UnionRDD,TaskAttempt ID:35,Partition Id:6,Stage Id:5
16/11/22 13:33:28 INFO serializeLogger: [CreationPYRE]EndAt:1479846808773,Parent RDD ID:25,Name:UnionRDD,TaskAttempt ID:35,Partition Id:6,Stage Id:5
16/11/22 13:33:28 INFO serializeLogger: [RunnerCompute]StartAt:1479846808773,Parent RDD ID:25,Name:UnionRDD,TaskAttempt ID:35,Partition Id:6,Stage Id:5
16/11/22 13:33:28 INFO serializeLogger: [CreationPYRE]StartAt:1479846808774,Parent RDD ID:22,Name:MapPartitionedRDD,TaskAttempt ID:35,Partition Id:6,Stage Id:5
16/11/22 13:33:28 INFO serializeLogger: [CreationPYRE]EndAt:1479846808774,Parent RDD ID:22,Name:MapPartitionedRDD,TaskAttempt ID:35,Partition Id:6,Stage Id:5
16/11/22 13:33:28 INFO serializeLogger: [RunnerCompute]StartAt:1479846808774,Parent RDD ID:22,Name:MapPartitionedRDD,TaskAttempt ID:35,Partition Id:6,Stage Id:5
16/11/22 13:33:28 INFO serializeLogger: [writerThread]StartAt:1479846808811,Parent RDD ID:22,Name:MapPartitionedRDD,TaskAttempt ID:31,Partition Id:2,Stage Id:5
16/11/22 13:33:28 INFO serializeLogger: [writerThread]StartAt:1479846808815,Parent RDD ID:22,Name:MapPartitionedRDD,TaskAttempt ID:35,Partition Id:6,Stage Id:5
16/11/22 13:34:01 INFO serializeLogger: [RunnerCompute]EndAt:1479846841929,Parent RDD ID:22,Name:MapPartitionedRDD,TaskAttempt ID:35,Partition Id:6,Stage Id:5
16/11/22 13:34:01 INFO serializeLogger: [writerThread]StartAt:1479846841931,Parent RDD ID:25,Name:UnionRDD,TaskAttempt ID:35,Partition Id:6,Stage Id:5
16/11/22 13:34:02 INFO serializeLogger: [RunnerCompute]EndAt:1479846842031,Parent RDD ID:25,Name:UnionRDD,TaskAttempt ID:35,Partition Id:6,Stage Id:5
16/11/22 13:34:02 INFO serializeLogger: [writerThread]EndAt:1479846842191,Parent RDD ID:25,Name:UnionRDD,TaskAttempt ID:35,Partition Id:6,Stage Id:5
16/11/22 13:34:02 INFO serializeLogger: [writerThread]EndAt:1479846842191,Parent RDD ID:22,Name:MapPartitionedRDD,TaskAttempt ID:35,Partition Id:6,Stage Id:5
16/11/22 13:34:09 INFO serializeLogger: [RunnerCompute]EndAt:1479846849276,Parent RDD ID:22,Name:MapPartitionedRDD,TaskAttempt ID:31,Partition Id:2,Stage Id:5
16/11/22 13:34:09 INFO serializeLogger: [writerThread]StartAt:1479846849279,Parent RDD ID:25,Name:UnionRDD,TaskAttempt ID:31,Partition Id:2,Stage Id:5
16/11/22 13:34:28 INFO serializeLogger: [RunnerCompute]EndAt:1479846868196,Parent RDD ID:25,Name:UnionRDD,TaskAttempt ID:31,Partition Id:2,Stage Id:5
16/11/22 13:34:29 INFO serializeLogger: [writerThread]EndAt:1479846869559,Parent RDD ID:25,Name:UnionRDD,TaskAttempt ID:31,Partition Id:2,Stage Id:5
16/11/22 13:34:29 INFO serializeLogger: [writerThread]EndAt:1479846869559,Parent RDD ID:22,Name:MapPartitionedRDD,TaskAttempt ID:31,Partition Id:2,Stage Id:5
16/11/22 13:34:32 INFO serializeLogger: [CreationPYRE]StartAt:1479846872101,Parent RDD ID:32,Name:UnionRDD,TaskAttempt ID:39,Partition Id:1,Stage Id:6
16/11/22 13:34:32 INFO serializeLogger: [CreationPYRE]EndAt:1479846872101,Parent RDD ID:32,Name:UnionRDD,TaskAttempt ID:39,Partition Id:1,Stage Id:6
16/11/22 13:34:32 INFO serializeLogger: [RunnerCompute]StartAt:1479846872101,Parent RDD ID:32,Name:UnionRDD,TaskAttempt ID:39,Partition Id:1,Stage Id:6
16/11/22 13:34:32 INFO serializeLogger: [CreationPYRE]StartAt:1479846872102,Parent RDD ID:29,Name:MapPartitionedRDD,TaskAttempt ID:39,Partition Id:1,Stage Id:6
16/11/22 13:34:32 INFO serializeLogger: [CreationPYRE]EndAt:1479846872102,Parent RDD ID:29,Name:MapPartitionedRDD,TaskAttempt ID:39,Partition Id:1,Stage Id:6
16/11/22 13:34:32 INFO serializeLogger: [RunnerCompute]StartAt:1479846872102,Parent RDD ID:29,Name:MapPartitionedRDD,TaskAttempt ID:39,Partition Id:1,Stage Id:6
16/11/22 13:34:32 INFO serializeLogger: [CreationPYRE]StartAt:1479846872111,Parent RDD ID:32,Name:UnionRDD,TaskAttempt ID:43,Partition Id:5,Stage Id:6
16/11/22 13:34:32 INFO serializeLogger: [CreationPYRE]EndAt:1479846872112,Parent RDD ID:32,Name:UnionRDD,TaskAttempt ID:43,Partition Id:5,Stage Id:6
16/11/22 13:34:32 INFO serializeLogger: [RunnerCompute]StartAt:1479846872112,Parent RDD ID:32,Name:UnionRDD,TaskAttempt ID:43,Partition Id:5,Stage Id:6
16/11/22 13:34:32 INFO serializeLogger: [CreationPYRE]StartAt:1479846872114,Parent RDD ID:29,Name:MapPartitionedRDD,TaskAttempt ID:43,Partition Id:5,Stage Id:6
16/11/22 13:34:32 INFO serializeLogger: [CreationPYRE]EndAt:1479846872114,Parent RDD ID:29,Name:MapPartitionedRDD,TaskAttempt ID:43,Partition Id:5,Stage Id:6
16/11/22 13:34:32 INFO serializeLogger: [RunnerCompute]StartAt:1479846872114,Parent RDD ID:29,Name:MapPartitionedRDD,TaskAttempt ID:43,Partition Id:5,Stage Id:6
16/11/22 13:34:32 INFO serializeLogger: [writerThread]StartAt:1479846872155,Parent RDD ID:29,Name:MapPartitionedRDD,TaskAttempt ID:39,Partition Id:1,Stage Id:6
16/11/22 13:34:32 INFO serializeLogger: [writerThread]StartAt:1479846872393,Parent RDD ID:29,Name:MapPartitionedRDD,TaskAttempt ID:43,Partition Id:5,Stage Id:6
16/11/22 13:35:12 INFO serializeLogger: [RunnerCompute]EndAt:1479846912866,Parent RDD ID:29,Name:MapPartitionedRDD,TaskAttempt ID:43,Partition Id:5,Stage Id:6
16/11/22 13:35:12 INFO serializeLogger: [writerThread]StartAt:1479846912869,Parent RDD ID:32,Name:UnionRDD,TaskAttempt ID:43,Partition Id:5,Stage Id:6
16/11/22 13:35:12 INFO serializeLogger: [RunnerCompute]EndAt:1479846912950,Parent RDD ID:32,Name:UnionRDD,TaskAttempt ID:43,Partition Id:5,Stage Id:6
16/11/22 13:35:13 INFO serializeLogger: [writerThread]EndAt:1479846913110,Parent RDD ID:32,Name:UnionRDD,TaskAttempt ID:43,Partition Id:5,Stage Id:6
16/11/22 13:35:13 INFO serializeLogger: [writerThread]EndAt:1479846913110,Parent RDD ID:29,Name:MapPartitionedRDD,TaskAttempt ID:43,Partition Id:5,Stage Id:6
16/11/22 13:35:18 INFO serializeLogger: [RunnerCompute]EndAt:1479846918631,Parent RDD ID:29,Name:MapPartitionedRDD,TaskAttempt ID:39,Partition Id:1,Stage Id:6
16/11/22 13:35:18 INFO serializeLogger: [writerThread]StartAt:1479846918633,Parent RDD ID:32,Name:UnionRDD,TaskAttempt ID:39,Partition Id:1,Stage Id:6
16/11/22 13:35:39 INFO serializeLogger: [RunnerCompute]EndAt:1479846939329,Parent RDD ID:32,Name:UnionRDD,TaskAttempt ID:39,Partition Id:1,Stage Id:6
16/11/22 13:35:40 INFO serializeLogger: [writerThread]EndAt:1479846940653,Parent RDD ID:32,Name:UnionRDD,TaskAttempt ID:39,Partition Id:1,Stage Id:6
16/11/22 13:35:40 INFO serializeLogger: [writerThread]EndAt:1479846940653,Parent RDD ID:29,Name:MapPartitionedRDD,TaskAttempt ID:39,Partition Id:1,Stage Id:6
16/11/22 13:35:40 INFO serializeLogger: [CreationPYRE]StartAt:1479846940839,Parent RDD ID:39,Name:UnionRDD,TaskAttempt ID:48,Partition Id:1,Stage Id:7
16/11/22 13:35:40 INFO serializeLogger: [CreationPYRE]EndAt:1479846940839,Parent RDD ID:39,Name:UnionRDD,TaskAttempt ID:48,Partition Id:1,Stage Id:7
16/11/22 13:35:40 INFO serializeLogger: [RunnerCompute]StartAt:1479846940839,Parent RDD ID:39,Name:UnionRDD,TaskAttempt ID:48,Partition Id:1,Stage Id:7
16/11/22 13:35:40 INFO serializeLogger: [CreationPYRE]StartAt:1479846940840,Parent RDD ID:36,Name:MapPartitionedRDD,TaskAttempt ID:48,Partition Id:1,Stage Id:7
16/11/22 13:35:40 INFO serializeLogger: [CreationPYRE]EndAt:1479846940840,Parent RDD ID:36,Name:MapPartitionedRDD,TaskAttempt ID:48,Partition Id:1,Stage Id:7
16/11/22 13:35:40 INFO serializeLogger: [RunnerCompute]StartAt:1479846940840,Parent RDD ID:36,Name:MapPartitionedRDD,TaskAttempt ID:48,Partition Id:1,Stage Id:7
16/11/22 13:35:40 INFO serializeLogger: [CreationPYRE]StartAt:1479846940849,Parent RDD ID:39,Name:UnionRDD,TaskAttempt ID:52,Partition Id:5,Stage Id:7
16/11/22 13:35:40 INFO serializeLogger: [CreationPYRE]EndAt:1479846940849,Parent RDD ID:39,Name:UnionRDD,TaskAttempt ID:52,Partition Id:5,Stage Id:7
16/11/22 13:35:40 INFO serializeLogger: [RunnerCompute]StartAt:1479846940849,Parent RDD ID:39,Name:UnionRDD,TaskAttempt ID:52,Partition Id:5,Stage Id:7
16/11/22 13:35:40 INFO serializeLogger: [CreationPYRE]StartAt:1479846940850,Parent RDD ID:36,Name:MapPartitionedRDD,TaskAttempt ID:52,Partition Id:5,Stage Id:7
16/11/22 13:35:40 INFO serializeLogger: [CreationPYRE]EndAt:1479846940850,Parent RDD ID:36,Name:MapPartitionedRDD,TaskAttempt ID:52,Partition Id:5,Stage Id:7
16/11/22 13:35:40 INFO serializeLogger: [RunnerCompute]StartAt:1479846940850,Parent RDD ID:36,Name:MapPartitionedRDD,TaskAttempt ID:52,Partition Id:5,Stage Id:7
16/11/22 13:35:40 INFO serializeLogger: [writerThread]StartAt:1479846940879,Parent RDD ID:36,Name:MapPartitionedRDD,TaskAttempt ID:48,Partition Id:1,Stage Id:7
16/11/22 13:35:40 INFO serializeLogger: [writerThread]StartAt:1479846940879,Parent RDD ID:36,Name:MapPartitionedRDD,TaskAttempt ID:52,Partition Id:5,Stage Id:7
16/11/22 13:36:14 INFO serializeLogger: [RunnerCompute]EndAt:1479846974778,Parent RDD ID:36,Name:MapPartitionedRDD,TaskAttempt ID:52,Partition Id:5,Stage Id:7
16/11/22 13:36:14 INFO serializeLogger: [writerThread]StartAt:1479846974780,Parent RDD ID:39,Name:UnionRDD,TaskAttempt ID:52,Partition Id:5,Stage Id:7
16/11/22 13:36:14 INFO serializeLogger: [RunnerCompute]EndAt:1479846974888,Parent RDD ID:39,Name:UnionRDD,TaskAttempt ID:52,Partition Id:5,Stage Id:7
16/11/22 13:36:15 INFO serializeLogger: [writerThread]EndAt:1479846975050,Parent RDD ID:39,Name:UnionRDD,TaskAttempt ID:52,Partition Id:5,Stage Id:7
16/11/22 13:36:15 INFO serializeLogger: [writerThread]EndAt:1479846975050,Parent RDD ID:36,Name:MapPartitionedRDD,TaskAttempt ID:52,Partition Id:5,Stage Id:7
16/11/22 13:36:20 INFO serializeLogger: [RunnerCompute]EndAt:1479846980629,Parent RDD ID:36,Name:MapPartitionedRDD,TaskAttempt ID:48,Partition Id:1,Stage Id:7
16/11/22 13:36:20 INFO serializeLogger: [writerThread]StartAt:1479846980632,Parent RDD ID:39,Name:UnionRDD,TaskAttempt ID:48,Partition Id:1,Stage Id:7
16/11/22 13:36:40 INFO serializeLogger: [RunnerCompute]EndAt:1479847000002,Parent RDD ID:39,Name:UnionRDD,TaskAttempt ID:48,Partition Id:1,Stage Id:7
16/11/22 13:36:41 INFO serializeLogger: [writerThread]EndAt:1479847001313,Parent RDD ID:39,Name:UnionRDD,TaskAttempt ID:48,Partition Id:1,Stage Id:7
16/11/22 13:36:41 INFO serializeLogger: [writerThread]EndAt:1479847001314,Parent RDD ID:36,Name:MapPartitionedRDD,TaskAttempt ID:48,Partition Id:1,Stage Id:7
16/11/22 13:36:45 INFO serializeLogger: [CreationPYRE]StartAt:1479847005055,Parent RDD ID:46,Name:UnionRDD,TaskAttempt ID:58,Partition Id:4,Stage Id:8
16/11/22 13:36:45 INFO serializeLogger: [CreationPYRE]EndAt:1479847005055,Parent RDD ID:46,Name:UnionRDD,TaskAttempt ID:58,Partition Id:4,Stage Id:8
16/11/22 13:36:45 INFO serializeLogger: [RunnerCompute]StartAt:1479847005055,Parent RDD ID:46,Name:UnionRDD,TaskAttempt ID:58,Partition Id:4,Stage Id:8
16/11/22 13:36:45 INFO serializeLogger: [CreationPYRE]StartAt:1479847005056,Parent RDD ID:43,Name:MapPartitionedRDD,TaskAttempt ID:58,Partition Id:4,Stage Id:8
16/11/22 13:36:45 INFO serializeLogger: [CreationPYRE]EndAt:1479847005056,Parent RDD ID:43,Name:MapPartitionedRDD,TaskAttempt ID:58,Partition Id:4,Stage Id:8
16/11/22 13:36:45 INFO serializeLogger: [RunnerCompute]StartAt:1479847005056,Parent RDD ID:43,Name:MapPartitionedRDD,TaskAttempt ID:58,Partition Id:4,Stage Id:8
16/11/22 13:36:45 INFO serializeLogger: [writerThread]StartAt:1479847005088,Parent RDD ID:43,Name:MapPartitionedRDD,TaskAttempt ID:58,Partition Id:4,Stage Id:8
16/11/22 13:37:22 INFO serializeLogger: [RunnerCompute]EndAt:1479847042606,Parent RDD ID:43,Name:MapPartitionedRDD,TaskAttempt ID:58,Partition Id:4,Stage Id:8
16/11/22 13:37:22 INFO serializeLogger: [writerThread]StartAt:1479847042608,Parent RDD ID:46,Name:UnionRDD,TaskAttempt ID:58,Partition Id:4,Stage Id:8
16/11/22 13:37:22 INFO serializeLogger: [RunnerCompute]EndAt:1479847042701,Parent RDD ID:46,Name:UnionRDD,TaskAttempt ID:58,Partition Id:4,Stage Id:8
16/11/22 13:37:22 INFO serializeLogger: [writerThread]EndAt:1479847042855,Parent RDD ID:46,Name:UnionRDD,TaskAttempt ID:58,Partition Id:4,Stage Id:8
16/11/22 13:37:22 INFO serializeLogger: [writerThread]EndAt:1479847042855,Parent RDD ID:43,Name:MapPartitionedRDD,TaskAttempt ID:58,Partition Id:4,Stage Id:8
16/11/22 13:37:51 INFO serializeLogger: [CreationPYRE]StartAt:1479847071612,Parent RDD ID:50,Name:MapPartitionedRDD,TaskAttempt ID:64,Partition Id:3,Stage Id:9
16/11/22 13:37:51 INFO serializeLogger: [CreationPYRE]EndAt:1479847071612,Parent RDD ID:50,Name:MapPartitionedRDD,TaskAttempt ID:64,Partition Id:3,Stage Id:9
16/11/22 13:37:51 INFO serializeLogger: [RunnerCompute]StartAt:1479847071612,Parent RDD ID:50,Name:MapPartitionedRDD,TaskAttempt ID:64,Partition Id:3,Stage Id:9
16/11/22 13:37:51 INFO serializeLogger: [writerThread]StartAt:1479847071648,Parent RDD ID:50,Name:MapPartitionedRDD,TaskAttempt ID:64,Partition Id:3,Stage Id:9
16/11/22 13:38:15 INFO serializeLogger: [RunnerCompute]EndAt:1479847095400,Parent RDD ID:50,Name:MapPartitionedRDD,TaskAttempt ID:64,Partition Id:3,Stage Id:9
16/11/22 13:38:15 INFO serializeLogger: [writerThread]EndAt:1479847095403,Parent RDD ID:50,Name:MapPartitionedRDD,TaskAttempt ID:64,Partition Id:3,Stage Id:9
16/11/22 13:38:15 INFO serializeLogger: [CreationPYRE]StartAt:1479847095719,Parent RDD ID:54,Name:UnionRDD,TaskAttempt ID:70,Partition Id:4,Stage Id:16
16/11/22 13:38:15 INFO serializeLogger: [CreationPYRE]EndAt:1479847095720,Parent RDD ID:54,Name:UnionRDD,TaskAttempt ID:70,Partition Id:4,Stage Id:16
16/11/22 13:38:15 INFO serializeLogger: [RunnerCompute]StartAt:1479847095720,Parent RDD ID:54,Name:UnionRDD,TaskAttempt ID:70,Partition Id:4,Stage Id:16
16/11/22 13:38:15 INFO serializeLogger: [CreationPYRE]StartAt:1479847095722,Parent RDD ID:43,Name:MapPartitionedRDD,TaskAttempt ID:70,Partition Id:4,Stage Id:16
16/11/22 13:38:15 INFO serializeLogger: [CreationPYRE]EndAt:1479847095722,Parent RDD ID:43,Name:MapPartitionedRDD,TaskAttempt ID:70,Partition Id:4,Stage Id:16
16/11/22 13:38:15 INFO serializeLogger: [RunnerCompute]StartAt:1479847095722,Parent RDD ID:43,Name:MapPartitionedRDD,TaskAttempt ID:70,Partition Id:4,Stage Id:16
16/11/22 13:38:15 INFO serializeLogger: [writerThread]StartAt:1479847095754,Parent RDD ID:43,Name:MapPartitionedRDD,TaskAttempt ID:70,Partition Id:4,Stage Id:16
16/11/22 13:38:54 INFO serializeLogger: [RunnerCompute]EndAt:1479847134172,Parent RDD ID:43,Name:MapPartitionedRDD,TaskAttempt ID:70,Partition Id:4,Stage Id:16
16/11/22 13:38:54 INFO serializeLogger: [writerThread]StartAt:1479847134174,Parent RDD ID:54,Name:UnionRDD,TaskAttempt ID:70,Partition Id:4,Stage Id:16
16/11/22 13:38:54 INFO serializeLogger: [RunnerCompute]EndAt:1479847134277,Parent RDD ID:54,Name:UnionRDD,TaskAttempt ID:70,Partition Id:4,Stage Id:16
16/11/22 13:38:54 INFO serializeLogger: [writerThread]EndAt:1479847134426,Parent RDD ID:54,Name:UnionRDD,TaskAttempt ID:70,Partition Id:4,Stage Id:16
16/11/22 13:38:54 INFO serializeLogger: [writerThread]EndAt:1479847134426,Parent RDD ID:43,Name:MapPartitionedRDD,TaskAttempt ID:70,Partition Id:4,Stage Id:16
16/11/22 13:39:24 INFO serializeLogger: [CreationPYRE]StartAt:1479847164404,Parent RDD ID:58,Name:MapPartitionedRDD,TaskAttempt ID:75,Partition Id:2,Stage Id:17
16/11/22 13:39:24 INFO serializeLogger: [CreationPYRE]EndAt:1479847164404,Parent RDD ID:58,Name:MapPartitionedRDD,TaskAttempt ID:75,Partition Id:2,Stage Id:17
16/11/22 13:39:24 INFO serializeLogger: [RunnerCompute]StartAt:1479847164404,Parent RDD ID:58,Name:MapPartitionedRDD,TaskAttempt ID:75,Partition Id:2,Stage Id:17
16/11/22 13:39:24 INFO serializeLogger: [writerThread]StartAt:1479847164444,Parent RDD ID:58,Name:MapPartitionedRDD,TaskAttempt ID:75,Partition Id:2,Stage Id:17
16/11/22 13:39:47 INFO serializeLogger: [RunnerCompute]EndAt:1479847187752,Parent RDD ID:58,Name:MapPartitionedRDD,TaskAttempt ID:75,Partition Id:2,Stage Id:17
16/11/22 13:39:47 INFO serializeLogger: [writerThread]EndAt:1479847187755,Parent RDD ID:58,Name:MapPartitionedRDD,TaskAttempt ID:75,Partition Id:2,Stage Id:17
16/11/22 13:39:48 INFO serializeLogger: [CreationPYRE]StartAt:1479847188067,Parent RDD ID:62,Name:UnionRDD,TaskAttempt ID:80,Partition Id:0,Stage Id:24
16/11/22 13:39:48 INFO serializeLogger: [CreationPYRE]EndAt:1479847188068,Parent RDD ID:62,Name:UnionRDD,TaskAttempt ID:80,Partition Id:0,Stage Id:24
16/11/22 13:39:48 INFO serializeLogger: [RunnerCompute]StartAt:1479847188068,Parent RDD ID:62,Name:UnionRDD,TaskAttempt ID:80,Partition Id:0,Stage Id:24
16/11/22 13:39:48 INFO serializeLogger: [CreationPYRE]StartAt:1479847188069,Parent RDD ID:43,Name:MapPartitionedRDD,TaskAttempt ID:80,Partition Id:0,Stage Id:24
16/11/22 13:39:48 INFO serializeLogger: [CreationPYRE]EndAt:1479847188069,Parent RDD ID:43,Name:MapPartitionedRDD,TaskAttempt ID:80,Partition Id:0,Stage Id:24
16/11/22 13:39:48 INFO serializeLogger: [RunnerCompute]StartAt:1479847188069,Parent RDD ID:43,Name:MapPartitionedRDD,TaskAttempt ID:80,Partition Id:0,Stage Id:24
16/11/22 13:39:48 INFO serializeLogger: [CreationPYRE]StartAt:1479847188071,Parent RDD ID:62,Name:UnionRDD,TaskAttempt ID:84,Partition Id:4,Stage Id:24
16/11/22 13:39:48 INFO serializeLogger: [CreationPYRE]EndAt:1479847188072,Parent RDD ID:62,Name:UnionRDD,TaskAttempt ID:84,Partition Id:4,Stage Id:24
16/11/22 13:39:48 INFO serializeLogger: [RunnerCompute]StartAt:1479847188072,Parent RDD ID:62,Name:UnionRDD,TaskAttempt ID:84,Partition Id:4,Stage Id:24
16/11/22 13:39:48 INFO serializeLogger: [CreationPYRE]StartAt:1479847188072,Parent RDD ID:43,Name:MapPartitionedRDD,TaskAttempt ID:84,Partition Id:4,Stage Id:24
16/11/22 13:39:48 INFO serializeLogger: [CreationPYRE]EndAt:1479847188073,Parent RDD ID:43,Name:MapPartitionedRDD,TaskAttempt ID:84,Partition Id:4,Stage Id:24
16/11/22 13:39:48 INFO serializeLogger: [RunnerCompute]StartAt:1479847188073,Parent RDD ID:43,Name:MapPartitionedRDD,TaskAttempt ID:84,Partition Id:4,Stage Id:24
16/11/22 13:39:48 INFO serializeLogger: [writerThread]StartAt:1479847188112,Parent RDD ID:43,Name:MapPartitionedRDD,TaskAttempt ID:80,Partition Id:0,Stage Id:24
16/11/22 13:39:48 INFO serializeLogger: [writerThread]StartAt:1479847188113,Parent RDD ID:43,Name:MapPartitionedRDD,TaskAttempt ID:84,Partition Id:4,Stage Id:24
16/11/22 13:40:27 INFO serializeLogger: [RunnerCompute]EndAt:1479847227048,Parent RDD ID:43,Name:MapPartitionedRDD,TaskAttempt ID:84,Partition Id:4,Stage Id:24
16/11/22 13:40:27 INFO serializeLogger: [writerThread]StartAt:1479847227050,Parent RDD ID:62,Name:UnionRDD,TaskAttempt ID:84,Partition Id:4,Stage Id:24
16/11/22 13:40:27 INFO serializeLogger: [RunnerCompute]EndAt:1479847227150,Parent RDD ID:62,Name:UnionRDD,TaskAttempt ID:84,Partition Id:4,Stage Id:24
16/11/22 13:40:27 INFO serializeLogger: [writerThread]EndAt:1479847227306,Parent RDD ID:62,Name:UnionRDD,TaskAttempt ID:84,Partition Id:4,Stage Id:24
16/11/22 13:40:27 INFO serializeLogger: [writerThread]EndAt:1479847227307,Parent RDD ID:43,Name:MapPartitionedRDD,TaskAttempt ID:84,Partition Id:4,Stage Id:24
16/11/22 13:40:30 INFO serializeLogger: [RunnerCompute]EndAt:1479847230498,Parent RDD ID:43,Name:MapPartitionedRDD,TaskAttempt ID:80,Partition Id:0,Stage Id:24
16/11/22 13:40:30 INFO serializeLogger: [writerThread]StartAt:1479847230501,Parent RDD ID:62,Name:UnionRDD,TaskAttempt ID:80,Partition Id:0,Stage Id:24
16/11/22 13:40:49 INFO serializeLogger: [RunnerCompute]EndAt:1479847249435,Parent RDD ID:62,Name:UnionRDD,TaskAttempt ID:80,Partition Id:0,Stage Id:24
16/11/22 13:40:50 INFO serializeLogger: [writerThread]EndAt:1479847250743,Parent RDD ID:62,Name:UnionRDD,TaskAttempt ID:80,Partition Id:0,Stage Id:24
16/11/22 13:40:50 INFO serializeLogger: [writerThread]EndAt:1479847250743,Parent RDD ID:43,Name:MapPartitionedRDD,TaskAttempt ID:80,Partition Id:0,Stage Id:24
16/11/22 13:41:21 INFO serializeLogger: [CreationPYRE]StartAt:1479847281732,Parent RDD ID:70,Name:UnionRDD,TaskAttempt ID:93,Partition Id:4,Stage Id:32
16/11/22 13:41:21 INFO serializeLogger: [CreationPYRE]EndAt:1479847281732,Parent RDD ID:70,Name:UnionRDD,TaskAttempt ID:93,Partition Id:4,Stage Id:32
16/11/22 13:41:21 INFO serializeLogger: [RunnerCompute]StartAt:1479847281732,Parent RDD ID:70,Name:UnionRDD,TaskAttempt ID:93,Partition Id:4,Stage Id:32
16/11/22 13:41:21 INFO serializeLogger: [CreationPYRE]StartAt:1479847281733,Parent RDD ID:43,Name:MapPartitionedRDD,TaskAttempt ID:93,Partition Id:4,Stage Id:32
16/11/22 13:41:21 INFO serializeLogger: [CreationPYRE]EndAt:1479847281733,Parent RDD ID:43,Name:MapPartitionedRDD,TaskAttempt ID:93,Partition Id:4,Stage Id:32
16/11/22 13:41:21 INFO serializeLogger: [RunnerCompute]StartAt:1479847281733,Parent RDD ID:43,Name:MapPartitionedRDD,TaskAttempt ID:93,Partition Id:4,Stage Id:32
16/11/22 13:41:21 INFO serializeLogger: [writerThread]StartAt:1479847281774,Parent RDD ID:43,Name:MapPartitionedRDD,TaskAttempt ID:93,Partition Id:4,Stage Id:32
16/11/22 13:41:59 INFO serializeLogger: [RunnerCompute]EndAt:1479847319432,Parent RDD ID:43,Name:MapPartitionedRDD,TaskAttempt ID:93,Partition Id:4,Stage Id:32
16/11/22 13:41:59 INFO serializeLogger: [writerThread]StartAt:1479847319450,Parent RDD ID:70,Name:UnionRDD,TaskAttempt ID:93,Partition Id:4,Stage Id:32
16/11/22 13:41:59 INFO serializeLogger: [RunnerCompute]EndAt:1479847319584,Parent RDD ID:70,Name:UnionRDD,TaskAttempt ID:93,Partition Id:4,Stage Id:32
16/11/22 13:41:59 INFO serializeLogger: [writerThread]EndAt:1479847319744,Parent RDD ID:70,Name:UnionRDD,TaskAttempt ID:93,Partition Id:4,Stage Id:32
16/11/22 13:41:59 INFO serializeLogger: [writerThread]EndAt:1479847319744,Parent RDD ID:43,Name:MapPartitionedRDD,TaskAttempt ID:93,Partition Id:4,Stage Id:32
16/11/22 13:42:29 INFO serializeLogger: [CreationPYRE]StartAt:1479847349280,Parent RDD ID:74,Name:MapPartitionedRDD,TaskAttempt ID:101,Partition Id:0,Stage Id:33
16/11/22 13:42:29 INFO serializeLogger: [CreationPYRE]EndAt:1479847349280,Parent RDD ID:74,Name:MapPartitionedRDD,TaskAttempt ID:101,Partition Id:0,Stage Id:33
16/11/22 13:42:29 INFO serializeLogger: [RunnerCompute]StartAt:1479847349281,Parent RDD ID:74,Name:MapPartitionedRDD,TaskAttempt ID:101,Partition Id:0,Stage Id:33
16/11/22 13:42:29 INFO serializeLogger: [writerThread]StartAt:1479847349317,Parent RDD ID:74,Name:MapPartitionedRDD,TaskAttempt ID:101,Partition Id:0,Stage Id:33
16/11/22 13:42:49 INFO serializeLogger: [RunnerCompute]EndAt:1479847369533,Parent RDD ID:74,Name:MapPartitionedRDD,TaskAttempt ID:101,Partition Id:0,Stage Id:33
16/11/22 13:42:49 INFO serializeLogger: [writerThread]EndAt:1479847369536,Parent RDD ID:74,Name:MapPartitionedRDD,TaskAttempt ID:101,Partition Id:0,Stage Id:33
16/11/22 13:42:50 INFO serializeLogger: [CreationPYRE]StartAt:1479847370116,Parent RDD ID:78,Name:UnionRDD,TaskAttempt ID:105,Partition Id:1,Stage Id:40
16/11/22 13:42:50 INFO serializeLogger: [CreationPYRE]EndAt:1479847370116,Parent RDD ID:78,Name:UnionRDD,TaskAttempt ID:105,Partition Id:1,Stage Id:40
16/11/22 13:42:50 INFO serializeLogger: [RunnerCompute]StartAt:1479847370116,Parent RDD ID:78,Name:UnionRDD,TaskAttempt ID:105,Partition Id:1,Stage Id:40
16/11/22 13:42:50 INFO serializeLogger: [CreationPYRE]StartAt:1479847370117,Parent RDD ID:43,Name:MapPartitionedRDD,TaskAttempt ID:105,Partition Id:1,Stage Id:40
16/11/22 13:42:50 INFO serializeLogger: [CreationPYRE]EndAt:1479847370117,Parent RDD ID:43,Name:MapPartitionedRDD,TaskAttempt ID:105,Partition Id:1,Stage Id:40
16/11/22 13:42:50 INFO serializeLogger: [RunnerCompute]StartAt:1479847370117,Parent RDD ID:43,Name:MapPartitionedRDD,TaskAttempt ID:105,Partition Id:1,Stage Id:40
16/11/22 13:42:50 INFO serializeLogger: [writerThread]StartAt:1479847370153,Parent RDD ID:43,Name:MapPartitionedRDD,TaskAttempt ID:105,Partition Id:1,Stage Id:40
16/11/22 13:43:32 INFO serializeLogger: [RunnerCompute]EndAt:1479847412923,Parent RDD ID:43,Name:MapPartitionedRDD,TaskAttempt ID:105,Partition Id:1,Stage Id:40
16/11/22 13:43:32 INFO serializeLogger: [writerThread]StartAt:1479847412925,Parent RDD ID:78,Name:UnionRDD,TaskAttempt ID:105,Partition Id:1,Stage Id:40
16/11/22 13:43:53 INFO serializeLogger: [RunnerCompute]EndAt:1479847433514,Parent RDD ID:78,Name:UnionRDD,TaskAttempt ID:105,Partition Id:1,Stage Id:40
16/11/22 13:43:54 INFO serializeLogger: [writerThread]EndAt:1479847434888,Parent RDD ID:78,Name:UnionRDD,TaskAttempt ID:105,Partition Id:1,Stage Id:40
16/11/22 13:43:54 INFO serializeLogger: [writerThread]EndAt:1479847434888,Parent RDD ID:43,Name:MapPartitionedRDD,TaskAttempt ID:105,Partition Id:1,Stage Id:40
16/11/22 13:43:56 INFO serializeLogger: [CreationPYRE]StartAt:1479847436139,Parent RDD ID:85,Name:UnionRDD,TaskAttempt ID:112,Partition Id:1,Stage Id:41
16/11/22 13:43:56 INFO serializeLogger: [CreationPYRE]EndAt:1479847436139,Parent RDD ID:85,Name:UnionRDD,TaskAttempt ID:112,Partition Id:1,Stage Id:41
16/11/22 13:43:56 INFO serializeLogger: [RunnerCompute]StartAt:1479847436140,Parent RDD ID:85,Name:UnionRDD,TaskAttempt ID:112,Partition Id:1,Stage Id:41
16/11/22 13:43:56 INFO serializeLogger: [CreationPYRE]StartAt:1479847436140,Parent RDD ID:82,Name:MapPartitionedRDD,TaskAttempt ID:112,Partition Id:1,Stage Id:41
16/11/22 13:43:56 INFO serializeLogger: [CreationPYRE]EndAt:1479847436140,Parent RDD ID:82,Name:MapPartitionedRDD,TaskAttempt ID:112,Partition Id:1,Stage Id:41
16/11/22 13:43:56 INFO serializeLogger: [RunnerCompute]StartAt:1479847436140,Parent RDD ID:82,Name:MapPartitionedRDD,TaskAttempt ID:112,Partition Id:1,Stage Id:41
16/11/22 13:43:56 INFO serializeLogger: [CreationPYRE]StartAt:1479847436147,Parent RDD ID:85,Name:UnionRDD,TaskAttempt ID:116,Partition Id:5,Stage Id:41
16/11/22 13:43:56 INFO serializeLogger: [CreationPYRE]EndAt:1479847436147,Parent RDD ID:85,Name:UnionRDD,TaskAttempt ID:116,Partition Id:5,Stage Id:41
16/11/22 13:43:56 INFO serializeLogger: [RunnerCompute]StartAt:1479847436147,Parent RDD ID:85,Name:UnionRDD,TaskAttempt ID:116,Partition Id:5,Stage Id:41
16/11/22 13:43:56 INFO serializeLogger: [CreationPYRE]StartAt:1479847436149,Parent RDD ID:82,Name:MapPartitionedRDD,TaskAttempt ID:116,Partition Id:5,Stage Id:41
16/11/22 13:43:56 INFO serializeLogger: [CreationPYRE]EndAt:1479847436149,Parent RDD ID:82,Name:MapPartitionedRDD,TaskAttempt ID:116,Partition Id:5,Stage Id:41
16/11/22 13:43:56 INFO serializeLogger: [RunnerCompute]StartAt:1479847436149,Parent RDD ID:82,Name:MapPartitionedRDD,TaskAttempt ID:116,Partition Id:5,Stage Id:41
16/11/22 13:43:56 INFO serializeLogger: [writerThread]StartAt:1479847436176,Parent RDD ID:82,Name:MapPartitionedRDD,TaskAttempt ID:112,Partition Id:1,Stage Id:41
16/11/22 13:43:56 INFO serializeLogger: [writerThread]StartAt:1479847436177,Parent RDD ID:82,Name:MapPartitionedRDD,TaskAttempt ID:116,Partition Id:5,Stage Id:41
16/11/22 13:44:29 INFO serializeLogger: [RunnerCompute]EndAt:1479847469449,Parent RDD ID:82,Name:MapPartitionedRDD,TaskAttempt ID:116,Partition Id:5,Stage Id:41
16/11/22 13:44:29 INFO serializeLogger: [writerThread]StartAt:1479847469467,Parent RDD ID:85,Name:UnionRDD,TaskAttempt ID:116,Partition Id:5,Stage Id:41
16/11/22 13:44:29 INFO serializeLogger: [RunnerCompute]EndAt:1479847469606,Parent RDD ID:85,Name:UnionRDD,TaskAttempt ID:116,Partition Id:5,Stage Id:41
16/11/22 13:44:29 INFO serializeLogger: [writerThread]EndAt:1479847469757,Parent RDD ID:85,Name:UnionRDD,TaskAttempt ID:116,Partition Id:5,Stage Id:41
16/11/22 13:44:29 INFO serializeLogger: [writerThread]EndAt:1479847469757,Parent RDD ID:82,Name:MapPartitionedRDD,TaskAttempt ID:116,Partition Id:5,Stage Id:41
16/11/22 13:44:35 INFO serializeLogger: [RunnerCompute]EndAt:1479847475395,Parent RDD ID:82,Name:MapPartitionedRDD,TaskAttempt ID:112,Partition Id:1,Stage Id:41
16/11/22 13:44:35 INFO serializeLogger: [writerThread]StartAt:1479847475397,Parent RDD ID:85,Name:UnionRDD,TaskAttempt ID:112,Partition Id:1,Stage Id:41
16/11/22 13:44:55 INFO serializeLogger: [RunnerCompute]EndAt:1479847495321,Parent RDD ID:85,Name:UnionRDD,TaskAttempt ID:112,Partition Id:1,Stage Id:41
16/11/22 13:44:56 INFO serializeLogger: [writerThread]EndAt:1479847496643,Parent RDD ID:85,Name:UnionRDD,TaskAttempt ID:112,Partition Id:1,Stage Id:41
16/11/22 13:44:56 INFO serializeLogger: [writerThread]EndAt:1479847496643,Parent RDD ID:82,Name:MapPartitionedRDD,TaskAttempt ID:112,Partition Id:1,Stage Id:41
16/11/22 13:45:02 INFO serializeLogger: [CreationPYRE]StartAt:1479847502596,Parent RDD ID:92,Name:UnionRDD,TaskAttempt ID:122,Partition Id:4,Stage Id:42
16/11/22 13:45:02 INFO serializeLogger: [CreationPYRE]EndAt:1479847502596,Parent RDD ID:92,Name:UnionRDD,TaskAttempt ID:122,Partition Id:4,Stage Id:42
16/11/22 13:45:02 INFO serializeLogger: [RunnerCompute]StartAt:1479847502596,Parent RDD ID:92,Name:UnionRDD,TaskAttempt ID:122,Partition Id:4,Stage Id:42
16/11/22 13:45:02 INFO serializeLogger: [CreationPYRE]StartAt:1479847502597,Parent RDD ID:89,Name:MapPartitionedRDD,TaskAttempt ID:122,Partition Id:4,Stage Id:42
16/11/22 13:45:02 INFO serializeLogger: [CreationPYRE]EndAt:1479847502597,Parent RDD ID:89,Name:MapPartitionedRDD,TaskAttempt ID:122,Partition Id:4,Stage Id:42
16/11/22 13:45:02 INFO serializeLogger: [RunnerCompute]StartAt:1479847502597,Parent RDD ID:89,Name:MapPartitionedRDD,TaskAttempt ID:122,Partition Id:4,Stage Id:42
16/11/22 13:45:02 INFO serializeLogger: [writerThread]StartAt:1479847502626,Parent RDD ID:89,Name:MapPartitionedRDD,TaskAttempt ID:122,Partition Id:4,Stage Id:42
16/11/22 13:45:40 INFO serializeLogger: [RunnerCompute]EndAt:1479847540109,Parent RDD ID:89,Name:MapPartitionedRDD,TaskAttempt ID:122,Partition Id:4,Stage Id:42
16/11/22 13:45:40 INFO serializeLogger: [writerThread]StartAt:1479847540112,Parent RDD ID:92,Name:UnionRDD,TaskAttempt ID:122,Partition Id:4,Stage Id:42
16/11/22 13:45:40 INFO serializeLogger: [RunnerCompute]EndAt:1479847540209,Parent RDD ID:92,Name:UnionRDD,TaskAttempt ID:122,Partition Id:4,Stage Id:42
16/11/22 13:45:40 INFO serializeLogger: [writerThread]EndAt:1479847540368,Parent RDD ID:92,Name:UnionRDD,TaskAttempt ID:122,Partition Id:4,Stage Id:42
16/11/22 13:45:40 INFO serializeLogger: [writerThread]EndAt:1479847540368,Parent RDD ID:89,Name:MapPartitionedRDD,TaskAttempt ID:122,Partition Id:4,Stage Id:42
16/11/22 13:46:11 INFO serializeLogger: [CreationPYRE]StartAt:1479847571550,Parent RDD ID:99,Name:UnionRDD,TaskAttempt ID:129,Partition Id:3,Stage Id:43
16/11/22 13:46:11 INFO serializeLogger: [CreationPYRE]EndAt:1479847571550,Parent RDD ID:99,Name:UnionRDD,TaskAttempt ID:129,Partition Id:3,Stage Id:43
16/11/22 13:46:11 INFO serializeLogger: [RunnerCompute]StartAt:1479847571550,Parent RDD ID:99,Name:UnionRDD,TaskAttempt ID:129,Partition Id:3,Stage Id:43
16/11/22 13:46:11 INFO serializeLogger: [CreationPYRE]StartAt:1479847571550,Parent RDD ID:96,Name:MapPartitionedRDD,TaskAttempt ID:129,Partition Id:3,Stage Id:43
16/11/22 13:46:11 INFO serializeLogger: [CreationPYRE]EndAt:1479847571551,Parent RDD ID:96,Name:MapPartitionedRDD,TaskAttempt ID:129,Partition Id:3,Stage Id:43
16/11/22 13:46:11 INFO serializeLogger: [RunnerCompute]StartAt:1479847571551,Parent RDD ID:96,Name:MapPartitionedRDD,TaskAttempt ID:129,Partition Id:3,Stage Id:43
16/11/22 13:46:11 INFO serializeLogger: [CreationPYRE]StartAt:1479847571552,Parent RDD ID:99,Name:UnionRDD,TaskAttempt ID:133,Partition Id:7,Stage Id:43
16/11/22 13:46:11 INFO serializeLogger: [CreationPYRE]EndAt:1479847571552,Parent RDD ID:99,Name:UnionRDD,TaskAttempt ID:133,Partition Id:7,Stage Id:43
16/11/22 13:46:11 INFO serializeLogger: [RunnerCompute]StartAt:1479847571552,Parent RDD ID:99,Name:UnionRDD,TaskAttempt ID:133,Partition Id:7,Stage Id:43
16/11/22 13:46:11 INFO serializeLogger: [CreationPYRE]StartAt:1479847571553,Parent RDD ID:96,Name:MapPartitionedRDD,TaskAttempt ID:133,Partition Id:7,Stage Id:43
16/11/22 13:46:11 INFO serializeLogger: [CreationPYRE]EndAt:1479847571553,Parent RDD ID:96,Name:MapPartitionedRDD,TaskAttempt ID:133,Partition Id:7,Stage Id:43
16/11/22 13:46:11 INFO serializeLogger: [RunnerCompute]StartAt:1479847571554,Parent RDD ID:96,Name:MapPartitionedRDD,TaskAttempt ID:133,Partition Id:7,Stage Id:43
16/11/22 13:46:11 INFO serializeLogger: [writerThread]StartAt:1479847571648,Parent RDD ID:96,Name:MapPartitionedRDD,TaskAttempt ID:133,Partition Id:7,Stage Id:43
16/11/22 13:46:11 INFO serializeLogger: [writerThread]StartAt:1479847571652,Parent RDD ID:96,Name:MapPartitionedRDD,TaskAttempt ID:129,Partition Id:3,Stage Id:43
16/11/22 13:46:51 INFO serializeLogger: [RunnerCompute]EndAt:1479847611894,Parent RDD ID:96,Name:MapPartitionedRDD,TaskAttempt ID:133,Partition Id:7,Stage Id:43
16/11/22 13:46:51 INFO serializeLogger: [writerThread]StartAt:1479847611911,Parent RDD ID:99,Name:UnionRDD,TaskAttempt ID:133,Partition Id:7,Stage Id:43
16/11/22 13:46:52 INFO serializeLogger: [RunnerCompute]EndAt:1479847612047,Parent RDD ID:99,Name:UnionRDD,TaskAttempt ID:133,Partition Id:7,Stage Id:43
16/11/22 13:46:52 INFO serializeLogger: [writerThread]EndAt:1479847612198,Parent RDD ID:99,Name:UnionRDD,TaskAttempt ID:133,Partition Id:7,Stage Id:43
16/11/22 13:46:52 INFO serializeLogger: [writerThread]EndAt:1479847612198,Parent RDD ID:96,Name:MapPartitionedRDD,TaskAttempt ID:133,Partition Id:7,Stage Id:43
16/11/22 13:47:01 INFO serializeLogger: [RunnerCompute]EndAt:1479847621260,Parent RDD ID:96,Name:MapPartitionedRDD,TaskAttempt ID:129,Partition Id:3,Stage Id:43
16/11/22 13:47:01 INFO serializeLogger: [writerThread]StartAt:1479847621265,Parent RDD ID:99,Name:UnionRDD,TaskAttempt ID:129,Partition Id:3,Stage Id:43
16/11/22 13:47:20 INFO serializeLogger: [RunnerCompute]EndAt:1479847640823,Parent RDD ID:99,Name:UnionRDD,TaskAttempt ID:129,Partition Id:3,Stage Id:43
16/11/22 13:47:22 INFO serializeLogger: [writerThread]EndAt:1479847642137,Parent RDD ID:99,Name:UnionRDD,TaskAttempt ID:129,Partition Id:3,Stage Id:43
16/11/22 13:47:22 INFO serializeLogger: [writerThread]EndAt:1479847642138,Parent RDD ID:96,Name:MapPartitionedRDD,TaskAttempt ID:129,Partition Id:3,Stage Id:43
16/11/22 13:47:22 INFO serializeLogger: [CreationPYRE]StartAt:1479847642258,Parent RDD ID:106,Name:UnionRDD,TaskAttempt ID:140,Partition Id:6,Stage Id:44
16/11/22 13:47:22 INFO serializeLogger: [CreationPYRE]EndAt:1479847642258,Parent RDD ID:106,Name:UnionRDD,TaskAttempt ID:140,Partition Id:6,Stage Id:44
16/11/22 13:47:22 INFO serializeLogger: [RunnerCompute]StartAt:1479847642258,Parent RDD ID:106,Name:UnionRDD,TaskAttempt ID:140,Partition Id:6,Stage Id:44
16/11/22 13:47:22 INFO serializeLogger: [CreationPYRE]StartAt:1479847642258,Parent RDD ID:103,Name:MapPartitionedRDD,TaskAttempt ID:140,Partition Id:6,Stage Id:44
16/11/22 13:47:22 INFO serializeLogger: [CreationPYRE]EndAt:1479847642259,Parent RDD ID:103,Name:MapPartitionedRDD,TaskAttempt ID:140,Partition Id:6,Stage Id:44
16/11/22 13:47:22 INFO serializeLogger: [RunnerCompute]StartAt:1479847642259,Parent RDD ID:103,Name:MapPartitionedRDD,TaskAttempt ID:140,Partition Id:6,Stage Id:44
16/11/22 13:47:22 INFO serializeLogger: [CreationPYRE]StartAt:1479847642263,Parent RDD ID:106,Name:UnionRDD,TaskAttempt ID:136,Partition Id:2,Stage Id:44
16/11/22 13:47:22 INFO serializeLogger: [CreationPYRE]EndAt:1479847642263,Parent RDD ID:106,Name:UnionRDD,TaskAttempt ID:136,Partition Id:2,Stage Id:44
16/11/22 13:47:22 INFO serializeLogger: [RunnerCompute]StartAt:1479847642263,Parent RDD ID:106,Name:UnionRDD,TaskAttempt ID:136,Partition Id:2,Stage Id:44
16/11/22 13:47:22 INFO serializeLogger: [CreationPYRE]StartAt:1479847642264,Parent RDD ID:103,Name:MapPartitionedRDD,TaskAttempt ID:136,Partition Id:2,Stage Id:44
16/11/22 13:47:22 INFO serializeLogger: [CreationPYRE]EndAt:1479847642265,Parent RDD ID:103,Name:MapPartitionedRDD,TaskAttempt ID:136,Partition Id:2,Stage Id:44
16/11/22 13:47:22 INFO serializeLogger: [RunnerCompute]StartAt:1479847642265,Parent RDD ID:103,Name:MapPartitionedRDD,TaskAttempt ID:136,Partition Id:2,Stage Id:44
16/11/22 13:47:22 INFO serializeLogger: [writerThread]StartAt:1479847642301,Parent RDD ID:103,Name:MapPartitionedRDD,TaskAttempt ID:140,Partition Id:6,Stage Id:44
16/11/22 13:47:22 INFO serializeLogger: [writerThread]StartAt:1479847642302,Parent RDD ID:103,Name:MapPartitionedRDD,TaskAttempt ID:136,Partition Id:2,Stage Id:44
16/11/22 13:48:02 INFO serializeLogger: [RunnerCompute]EndAt:1479847682423,Parent RDD ID:103,Name:MapPartitionedRDD,TaskAttempt ID:140,Partition Id:6,Stage Id:44
16/11/22 13:48:02 INFO serializeLogger: [writerThread]StartAt:1479847682425,Parent RDD ID:106,Name:UnionRDD,TaskAttempt ID:140,Partition Id:6,Stage Id:44
16/11/22 13:48:02 INFO serializeLogger: [RunnerCompute]EndAt:1479847682523,Parent RDD ID:106,Name:UnionRDD,TaskAttempt ID:140,Partition Id:6,Stage Id:44
16/11/22 13:48:02 INFO serializeLogger: [writerThread]EndAt:1479847682680,Parent RDD ID:106,Name:UnionRDD,TaskAttempt ID:140,Partition Id:6,Stage Id:44
16/11/22 13:48:02 INFO serializeLogger: [writerThread]EndAt:1479847682680,Parent RDD ID:103,Name:MapPartitionedRDD,TaskAttempt ID:140,Partition Id:6,Stage Id:44
16/11/22 13:48:07 INFO serializeLogger: [RunnerCompute]EndAt:1479847687996,Parent RDD ID:103,Name:MapPartitionedRDD,TaskAttempt ID:136,Partition Id:2,Stage Id:44
16/11/22 13:48:07 INFO serializeLogger: [writerThread]StartAt:1479847687998,Parent RDD ID:106,Name:UnionRDD,TaskAttempt ID:136,Partition Id:2,Stage Id:44
16/11/22 13:48:27 INFO serializeLogger: [RunnerCompute]EndAt:1479847707094,Parent RDD ID:106,Name:UnionRDD,TaskAttempt ID:136,Partition Id:2,Stage Id:44
16/11/22 13:48:28 INFO serializeLogger: [writerThread]EndAt:1479847708390,Parent RDD ID:106,Name:UnionRDD,TaskAttempt ID:136,Partition Id:2,Stage Id:44
16/11/22 13:48:28 INFO serializeLogger: [writerThread]EndAt:1479847708390,Parent RDD ID:103,Name:MapPartitionedRDD,TaskAttempt ID:136,Partition Id:2,Stage Id:44
16/11/22 13:48:31 INFO serializeLogger: [CreationPYRE]StartAt:1479847711470,Parent RDD ID:110,Name:MapPartitionedRDD,TaskAttempt ID:145,Partition Id:2,Stage Id:45
16/11/22 13:48:31 INFO serializeLogger: [CreationPYRE]EndAt:1479847711470,Parent RDD ID:110,Name:MapPartitionedRDD,TaskAttempt ID:145,Partition Id:2,Stage Id:45
16/11/22 13:48:31 INFO serializeLogger: [RunnerCompute]StartAt:1479847711470,Parent RDD ID:110,Name:MapPartitionedRDD,TaskAttempt ID:145,Partition Id:2,Stage Id:45
16/11/22 13:48:31 INFO serializeLogger: [writerThread]StartAt:1479847711496,Parent RDD ID:110,Name:MapPartitionedRDD,TaskAttempt ID:145,Partition Id:2,Stage Id:45
16/11/22 13:48:50 INFO serializeLogger: [RunnerCompute]EndAt:1479847730562,Parent RDD ID:110,Name:MapPartitionedRDD,TaskAttempt ID:145,Partition Id:2,Stage Id:45
16/11/22 13:48:50 INFO serializeLogger: [writerThread]EndAt:1479847730566,Parent RDD ID:110,Name:MapPartitionedRDD,TaskAttempt ID:145,Partition Id:2,Stage Id:45
16/11/22 13:48:54 INFO serializeLogger: [CreationPYRE]StartAt:1479847734864,Parent RDD ID:114,Name:UnionRDD,TaskAttempt ID:149,Partition Id:2,Stage Id:56
16/11/22 13:48:54 INFO serializeLogger: [CreationPYRE]EndAt:1479847734864,Parent RDD ID:114,Name:UnionRDD,TaskAttempt ID:149,Partition Id:2,Stage Id:56
16/11/22 13:48:54 INFO serializeLogger: [RunnerCompute]StartAt:1479847734864,Parent RDD ID:114,Name:UnionRDD,TaskAttempt ID:149,Partition Id:2,Stage Id:56
16/11/22 13:48:54 INFO serializeLogger: [CreationPYRE]StartAt:1479847734865,Parent RDD ID:103,Name:MapPartitionedRDD,TaskAttempt ID:149,Partition Id:2,Stage Id:56
16/11/22 13:48:54 INFO serializeLogger: [CreationPYRE]EndAt:1479847734865,Parent RDD ID:103,Name:MapPartitionedRDD,TaskAttempt ID:149,Partition Id:2,Stage Id:56
16/11/22 13:48:54 INFO serializeLogger: [RunnerCompute]StartAt:1479847734865,Parent RDD ID:103,Name:MapPartitionedRDD,TaskAttempt ID:149,Partition Id:2,Stage Id:56
16/11/22 13:48:54 INFO serializeLogger: [CreationPYRE]StartAt:1479847734869,Parent RDD ID:114,Name:UnionRDD,TaskAttempt ID:153,Partition Id:6,Stage Id:56
16/11/22 13:48:54 INFO serializeLogger: [CreationPYRE]EndAt:1479847734869,Parent RDD ID:114,Name:UnionRDD,TaskAttempt ID:153,Partition Id:6,Stage Id:56
16/11/22 13:48:54 INFO serializeLogger: [RunnerCompute]StartAt:1479847734869,Parent RDD ID:114,Name:UnionRDD,TaskAttempt ID:153,Partition Id:6,Stage Id:56
16/11/22 13:48:54 INFO serializeLogger: [CreationPYRE]StartAt:1479847734870,Parent RDD ID:103,Name:MapPartitionedRDD,TaskAttempt ID:153,Partition Id:6,Stage Id:56
16/11/22 13:48:54 INFO serializeLogger: [CreationPYRE]EndAt:1479847734870,Parent RDD ID:103,Name:MapPartitionedRDD,TaskAttempt ID:153,Partition Id:6,Stage Id:56
16/11/22 13:48:54 INFO serializeLogger: [RunnerCompute]StartAt:1479847734870,Parent RDD ID:103,Name:MapPartitionedRDD,TaskAttempt ID:153,Partition Id:6,Stage Id:56
16/11/22 13:48:54 INFO serializeLogger: [writerThread]StartAt:1479847734896,Parent RDD ID:103,Name:MapPartitionedRDD,TaskAttempt ID:153,Partition Id:6,Stage Id:56
16/11/22 13:48:54 INFO serializeLogger: [writerThread]StartAt:1479847734900,Parent RDD ID:103,Name:MapPartitionedRDD,TaskAttempt ID:149,Partition Id:2,Stage Id:56
16/11/22 13:49:32 INFO serializeLogger: [RunnerCompute]EndAt:1479847772346,Parent RDD ID:103,Name:MapPartitionedRDD,TaskAttempt ID:153,Partition Id:6,Stage Id:56
16/11/22 13:49:32 INFO serializeLogger: [writerThread]StartAt:1479847772349,Parent RDD ID:114,Name:UnionRDD,TaskAttempt ID:153,Partition Id:6,Stage Id:56
16/11/22 13:49:32 INFO serializeLogger: [RunnerCompute]EndAt:1479847772446,Parent RDD ID:114,Name:UnionRDD,TaskAttempt ID:153,Partition Id:6,Stage Id:56
16/11/22 13:49:32 INFO serializeLogger: [writerThread]EndAt:1479847772595,Parent RDD ID:114,Name:UnionRDD,TaskAttempt ID:153,Partition Id:6,Stage Id:56
16/11/22 13:49:32 INFO serializeLogger: [writerThread]EndAt:1479847772595,Parent RDD ID:103,Name:MapPartitionedRDD,TaskAttempt ID:153,Partition Id:6,Stage Id:56
16/11/22 13:49:35 INFO serializeLogger: [RunnerCompute]EndAt:1479847775933,Parent RDD ID:103,Name:MapPartitionedRDD,TaskAttempt ID:149,Partition Id:2,Stage Id:56
16/11/22 13:49:35 INFO serializeLogger: [writerThread]StartAt:1479847775935,Parent RDD ID:114,Name:UnionRDD,TaskAttempt ID:149,Partition Id:2,Stage Id:56
16/11/22 13:49:54 INFO serializeLogger: [RunnerCompute]EndAt:1479847794732,Parent RDD ID:114,Name:UnionRDD,TaskAttempt ID:149,Partition Id:2,Stage Id:56
16/11/22 13:49:56 INFO serializeLogger: [writerThread]EndAt:1479847796061,Parent RDD ID:114,Name:UnionRDD,TaskAttempt ID:149,Partition Id:2,Stage Id:56
16/11/22 13:49:56 INFO serializeLogger: [writerThread]EndAt:1479847796061,Parent RDD ID:103,Name:MapPartitionedRDD,TaskAttempt ID:149,Partition Id:2,Stage Id:56
16/11/22 13:50:00 INFO serializeLogger: [CreationPYRE]StartAt:1479847800333,Parent RDD ID:118,Name:MapPartitionedRDD,TaskAttempt ID:156,Partition Id:2,Stage Id:57
16/11/22 13:50:00 INFO serializeLogger: [CreationPYRE]EndAt:1479847800333,Parent RDD ID:118,Name:MapPartitionedRDD,TaskAttempt ID:156,Partition Id:2,Stage Id:57
16/11/22 13:50:00 INFO serializeLogger: [RunnerCompute]StartAt:1479847800333,Parent RDD ID:118,Name:MapPartitionedRDD,TaskAttempt ID:156,Partition Id:2,Stage Id:57
16/11/22 13:50:00 INFO serializeLogger: [writerThread]StartAt:1479847800356,Parent RDD ID:118,Name:MapPartitionedRDD,TaskAttempt ID:156,Partition Id:2,Stage Id:57
16/11/22 13:50:19 INFO serializeLogger: [RunnerCompute]EndAt:1479847819516,Parent RDD ID:118,Name:MapPartitionedRDD,TaskAttempt ID:156,Partition Id:2,Stage Id:57
16/11/22 13:50:19 INFO serializeLogger: [writerThread]EndAt:1479847819519,Parent RDD ID:118,Name:MapPartitionedRDD,TaskAttempt ID:156,Partition Id:2,Stage Id:57
16/11/22 13:50:20 INFO serializeLogger: [CreationPYRE]StartAt:1479847820118,Parent RDD ID:122,Name:UnionRDD,TaskAttempt ID:159,Partition Id:2,Stage Id:68
16/11/22 13:50:20 INFO serializeLogger: [CreationPYRE]EndAt:1479847820118,Parent RDD ID:122,Name:UnionRDD,TaskAttempt ID:159,Partition Id:2,Stage Id:68
16/11/22 13:50:20 INFO serializeLogger: [RunnerCompute]StartAt:1479847820118,Parent RDD ID:122,Name:UnionRDD,TaskAttempt ID:159,Partition Id:2,Stage Id:68
16/11/22 13:50:20 INFO serializeLogger: [CreationPYRE]StartAt:1479847820119,Parent RDD ID:103,Name:MapPartitionedRDD,TaskAttempt ID:159,Partition Id:2,Stage Id:68
16/11/22 13:50:20 INFO serializeLogger: [CreationPYRE]EndAt:1479847820119,Parent RDD ID:103,Name:MapPartitionedRDD,TaskAttempt ID:159,Partition Id:2,Stage Id:68
16/11/22 13:50:20 INFO serializeLogger: [RunnerCompute]StartAt:1479847820119,Parent RDD ID:103,Name:MapPartitionedRDD,TaskAttempt ID:159,Partition Id:2,Stage Id:68
16/11/22 13:50:20 INFO serializeLogger: [CreationPYRE]StartAt:1479847820124,Parent RDD ID:122,Name:UnionRDD,TaskAttempt ID:166,Partition Id:6,Stage Id:68
16/11/22 13:50:20 INFO serializeLogger: [CreationPYRE]EndAt:1479847820125,Parent RDD ID:122,Name:UnionRDD,TaskAttempt ID:166,Partition Id:6,Stage Id:68
16/11/22 13:50:20 INFO serializeLogger: [CreationPYRE]StartAt:1479847820125,Parent RDD ID:122,Name:UnionRDD,TaskAttempt ID:163,Partition Id:3,Stage Id:68
16/11/22 13:50:20 INFO serializeLogger: [RunnerCompute]StartAt:1479847820125,Parent RDD ID:122,Name:UnionRDD,TaskAttempt ID:166,Partition Id:6,Stage Id:68
16/11/22 13:50:20 INFO serializeLogger: [CreationPYRE]EndAt:1479847820125,Parent RDD ID:122,Name:UnionRDD,TaskAttempt ID:163,Partition Id:3,Stage Id:68
16/11/22 13:50:20 INFO serializeLogger: [RunnerCompute]StartAt:1479847820126,Parent RDD ID:122,Name:UnionRDD,TaskAttempt ID:163,Partition Id:3,Stage Id:68
16/11/22 13:50:20 INFO serializeLogger: [CreationPYRE]StartAt:1479847820127,Parent RDD ID:103,Name:MapPartitionedRDD,TaskAttempt ID:166,Partition Id:6,Stage Id:68
16/11/22 13:50:20 INFO serializeLogger: [CreationPYRE]EndAt:1479847820127,Parent RDD ID:103,Name:MapPartitionedRDD,TaskAttempt ID:166,Partition Id:6,Stage Id:68
16/11/22 13:50:20 INFO serializeLogger: [CreationPYRE]StartAt:1479847820127,Parent RDD ID:103,Name:MapPartitionedRDD,TaskAttempt ID:163,Partition Id:3,Stage Id:68
16/11/22 13:50:20 INFO serializeLogger: [RunnerCompute]StartAt:1479847820127,Parent RDD ID:103,Name:MapPartitionedRDD,TaskAttempt ID:166,Partition Id:6,Stage Id:68
16/11/22 13:50:20 INFO serializeLogger: [CreationPYRE]EndAt:1479847820127,Parent RDD ID:103,Name:MapPartitionedRDD,TaskAttempt ID:163,Partition Id:3,Stage Id:68
16/11/22 13:50:20 INFO serializeLogger: [RunnerCompute]StartAt:1479847820128,Parent RDD ID:103,Name:MapPartitionedRDD,TaskAttempt ID:163,Partition Id:3,Stage Id:68
16/11/22 13:50:20 INFO serializeLogger: [writerThread]StartAt:1479847820139,Parent RDD ID:103,Name:MapPartitionedRDD,TaskAttempt ID:159,Partition Id:2,Stage Id:68
16/11/22 13:50:20 INFO serializeLogger: [writerThread]StartAt:1479847820155,Parent RDD ID:103,Name:MapPartitionedRDD,TaskAttempt ID:163,Partition Id:3,Stage Id:68
16/11/22 13:50:20 INFO serializeLogger: [writerThread]StartAt:1479847820211,Parent RDD ID:103,Name:MapPartitionedRDD,TaskAttempt ID:166,Partition Id:6,Stage Id:68
16/11/22 13:51:00 INFO serializeLogger: [RunnerCompute]EndAt:1479847860077,Parent RDD ID:103,Name:MapPartitionedRDD,TaskAttempt ID:166,Partition Id:6,Stage Id:68
16/11/22 13:51:00 INFO serializeLogger: [writerThread]StartAt:1479847860094,Parent RDD ID:122,Name:UnionRDD,TaskAttempt ID:166,Partition Id:6,Stage Id:68
16/11/22 13:51:00 INFO serializeLogger: [RunnerCompute]EndAt:1479847860229,Parent RDD ID:122,Name:UnionRDD,TaskAttempt ID:166,Partition Id:6,Stage Id:68
16/11/22 13:51:00 INFO serializeLogger: [writerThread]EndAt:1479847860379,Parent RDD ID:122,Name:UnionRDD,TaskAttempt ID:166,Partition Id:6,Stage Id:68
16/11/22 13:51:00 INFO serializeLogger: [writerThread]EndAt:1479847860379,Parent RDD ID:103,Name:MapPartitionedRDD,TaskAttempt ID:166,Partition Id:6,Stage Id:68
16/11/22 13:51:03 INFO serializeLogger: [RunnerCompute]EndAt:1479847863346,Parent RDD ID:103,Name:MapPartitionedRDD,TaskAttempt ID:159,Partition Id:2,Stage Id:68
16/11/22 13:51:03 INFO serializeLogger: [writerThread]StartAt:1479847863348,Parent RDD ID:122,Name:UnionRDD,TaskAttempt ID:159,Partition Id:2,Stage Id:68
16/11/22 13:51:04 INFO serializeLogger: [RunnerCompute]EndAt:1479847864320,Parent RDD ID:103,Name:MapPartitionedRDD,TaskAttempt ID:163,Partition Id:3,Stage Id:68
16/11/22 13:51:04 INFO serializeLogger: [writerThread]StartAt:1479847864325,Parent RDD ID:122,Name:UnionRDD,TaskAttempt ID:163,Partition Id:3,Stage Id:68
16/11/22 13:51:22 INFO serializeLogger: [RunnerCompute]EndAt:1479847882778,Parent RDD ID:122,Name:UnionRDD,TaskAttempt ID:159,Partition Id:2,Stage Id:68
16/11/22 13:51:24 INFO serializeLogger: [writerThread]EndAt:1479847884075,Parent RDD ID:122,Name:UnionRDD,TaskAttempt ID:159,Partition Id:2,Stage Id:68
16/11/22 13:51:24 INFO serializeLogger: [writerThread]EndAt:1479847884075,Parent RDD ID:103,Name:MapPartitionedRDD,TaskAttempt ID:159,Partition Id:2,Stage Id:68
16/11/22 13:51:24 INFO serializeLogger: [RunnerCompute]EndAt:1479847884561,Parent RDD ID:122,Name:UnionRDD,TaskAttempt ID:163,Partition Id:3,Stage Id:68
16/11/22 13:51:25 INFO serializeLogger: [writerThread]EndAt:1479847885869,Parent RDD ID:122,Name:UnionRDD,TaskAttempt ID:163,Partition Id:3,Stage Id:68
16/11/22 13:51:25 INFO serializeLogger: [writerThread]EndAt:1479847885869,Parent RDD ID:103,Name:MapPartitionedRDD,TaskAttempt ID:163,Partition Id:3,Stage Id:68
16/11/22 13:51:25 INFO serializeLogger: [CreationPYRE]StartAt:1479847885977,Parent RDD ID:126,Name:MapPartitionedRDD,TaskAttempt ID:169,Partition Id:2,Stage Id:69
16/11/22 13:51:25 INFO serializeLogger: [CreationPYRE]EndAt:1479847885977,Parent RDD ID:126,Name:MapPartitionedRDD,TaskAttempt ID:169,Partition Id:2,Stage Id:69
16/11/22 13:51:25 INFO serializeLogger: [RunnerCompute]StartAt:1479847885978,Parent RDD ID:126,Name:MapPartitionedRDD,TaskAttempt ID:169,Partition Id:2,Stage Id:69
16/11/22 13:51:25 INFO serializeLogger: [CreationPYRE]StartAt:1479847885978,Parent RDD ID:126,Name:MapPartitionedRDD,TaskAttempt ID:170,Partition Id:3,Stage Id:69
16/11/22 13:51:25 INFO serializeLogger: [CreationPYRE]EndAt:1479847885979,Parent RDD ID:126,Name:MapPartitionedRDD,TaskAttempt ID:170,Partition Id:3,Stage Id:69
16/11/22 13:51:25 INFO serializeLogger: [RunnerCompute]StartAt:1479847885979,Parent RDD ID:126,Name:MapPartitionedRDD,TaskAttempt ID:170,Partition Id:3,Stage Id:69
16/11/22 13:51:26 INFO serializeLogger: [writerThread]StartAt:1479847886013,Parent RDD ID:126,Name:MapPartitionedRDD,TaskAttempt ID:169,Partition Id:2,Stage Id:69
16/11/22 13:51:26 INFO serializeLogger: [writerThread]StartAt:1479847886013,Parent RDD ID:126,Name:MapPartitionedRDD,TaskAttempt ID:170,Partition Id:3,Stage Id:69
16/11/22 13:51:43 INFO serializeLogger: [RunnerCompute]EndAt:1479847903331,Parent RDD ID:126,Name:MapPartitionedRDD,TaskAttempt ID:169,Partition Id:2,Stage Id:69
16/11/22 13:51:43 INFO serializeLogger: [writerThread]EndAt:1479847903333,Parent RDD ID:126,Name:MapPartitionedRDD,TaskAttempt ID:169,Partition Id:2,Stage Id:69
16/11/22 13:51:44 INFO serializeLogger: [RunnerCompute]EndAt:1479847904013,Parent RDD ID:126,Name:MapPartitionedRDD,TaskAttempt ID:170,Partition Id:3,Stage Id:69
16/11/22 13:51:44 INFO serializeLogger: [writerThread]EndAt:1479847904015,Parent RDD ID:126,Name:MapPartitionedRDD,TaskAttempt ID:170,Partition Id:3,Stage Id:69
16/11/22 13:51:47 INFO serializeLogger: [CreationPYRE]StartAt:1479847907757,Parent RDD ID:130,Name:UnionRDD,TaskAttempt ID:173,Partition Id:2,Stage Id:80
16/11/22 13:51:47 INFO serializeLogger: [CreationPYRE]EndAt:1479847907758,Parent RDD ID:130,Name:UnionRDD,TaskAttempt ID:173,Partition Id:2,Stage Id:80
16/11/22 13:51:47 INFO serializeLogger: [RunnerCompute]StartAt:1479847907758,Parent RDD ID:130,Name:UnionRDD,TaskAttempt ID:173,Partition Id:2,Stage Id:80
16/11/22 13:51:47 INFO serializeLogger: [CreationPYRE]StartAt:1479847907758,Parent RDD ID:103,Name:MapPartitionedRDD,TaskAttempt ID:173,Partition Id:2,Stage Id:80
16/11/22 13:51:47 INFO serializeLogger: [CreationPYRE]EndAt:1479847907758,Parent RDD ID:103,Name:MapPartitionedRDD,TaskAttempt ID:173,Partition Id:2,Stage Id:80
16/11/22 13:51:47 INFO serializeLogger: [RunnerCompute]StartAt:1479847907759,Parent RDD ID:103,Name:MapPartitionedRDD,TaskAttempt ID:173,Partition Id:2,Stage Id:80
16/11/22 13:51:47 INFO serializeLogger: [CreationPYRE]StartAt:1479847907764,Parent RDD ID:130,Name:UnionRDD,TaskAttempt ID:177,Partition Id:6,Stage Id:80
16/11/22 13:51:47 INFO serializeLogger: [CreationPYRE]EndAt:1479847907764,Parent RDD ID:130,Name:UnionRDD,TaskAttempt ID:177,Partition Id:6,Stage Id:80
16/11/22 13:51:47 INFO serializeLogger: [RunnerCompute]StartAt:1479847907764,Parent RDD ID:130,Name:UnionRDD,TaskAttempt ID:177,Partition Id:6,Stage Id:80
16/11/22 13:51:47 INFO serializeLogger: [CreationPYRE]StartAt:1479847907766,Parent RDD ID:103,Name:MapPartitionedRDD,TaskAttempt ID:177,Partition Id:6,Stage Id:80
16/11/22 13:51:47 INFO serializeLogger: [CreationPYRE]EndAt:1479847907766,Parent RDD ID:103,Name:MapPartitionedRDD,TaskAttempt ID:177,Partition Id:6,Stage Id:80
16/11/22 13:51:47 INFO serializeLogger: [RunnerCompute]StartAt:1479847907766,Parent RDD ID:103,Name:MapPartitionedRDD,TaskAttempt ID:177,Partition Id:6,Stage Id:80
16/11/22 13:51:47 INFO serializeLogger: [writerThread]StartAt:1479847907779,Parent RDD ID:103,Name:MapPartitionedRDD,TaskAttempt ID:173,Partition Id:2,Stage Id:80
16/11/22 13:51:47 INFO serializeLogger: [writerThread]StartAt:1479847907782,Parent RDD ID:103,Name:MapPartitionedRDD,TaskAttempt ID:177,Partition Id:6,Stage Id:80
16/11/22 13:52:28 INFO serializeLogger: [RunnerCompute]EndAt:1479847948761,Parent RDD ID:103,Name:MapPartitionedRDD,TaskAttempt ID:177,Partition Id:6,Stage Id:80
16/11/22 13:52:28 INFO serializeLogger: [writerThread]StartAt:1479847948763,Parent RDD ID:130,Name:UnionRDD,TaskAttempt ID:177,Partition Id:6,Stage Id:80
16/11/22 13:52:28 INFO serializeLogger: [RunnerCompute]EndAt:1479847948867,Parent RDD ID:130,Name:UnionRDD,TaskAttempt ID:177,Partition Id:6,Stage Id:80
16/11/22 13:52:29 INFO serializeLogger: [writerThread]EndAt:1479847949013,Parent RDD ID:130,Name:UnionRDD,TaskAttempt ID:177,Partition Id:6,Stage Id:80
16/11/22 13:52:29 INFO serializeLogger: [writerThread]EndAt:1479847949013,Parent RDD ID:103,Name:MapPartitionedRDD,TaskAttempt ID:177,Partition Id:6,Stage Id:80
16/11/22 13:52:31 INFO serializeLogger: [RunnerCompute]EndAt:1479847951089,Parent RDD ID:103,Name:MapPartitionedRDD,TaskAttempt ID:173,Partition Id:2,Stage Id:80
16/11/22 13:52:31 INFO serializeLogger: [writerThread]StartAt:1479847951094,Parent RDD ID:130,Name:UnionRDD,TaskAttempt ID:173,Partition Id:2,Stage Id:80
16/11/22 13:52:50 INFO serializeLogger: [RunnerCompute]EndAt:1479847970158,Parent RDD ID:130,Name:UnionRDD,TaskAttempt ID:173,Partition Id:2,Stage Id:80
16/11/22 13:52:51 INFO serializeLogger: [writerThread]EndAt:1479847971445,Parent RDD ID:130,Name:UnionRDD,TaskAttempt ID:173,Partition Id:2,Stage Id:80
16/11/22 13:52:51 INFO serializeLogger: [writerThread]EndAt:1479847971445,Parent RDD ID:103,Name:MapPartitionedRDD,TaskAttempt ID:173,Partition Id:2,Stage Id:80
16/11/22 13:52:55 INFO serializeLogger: [CreationPYRE]StartAt:1479847975224,Parent RDD ID:134,Name:MapPartitionedRDD,TaskAttempt ID:180,Partition Id:2,Stage Id:81
16/11/22 13:52:55 INFO serializeLogger: [CreationPYRE]EndAt:1479847975225,Parent RDD ID:134,Name:MapPartitionedRDD,TaskAttempt ID:180,Partition Id:2,Stage Id:81
16/11/22 13:52:55 INFO serializeLogger: [RunnerCompute]StartAt:1479847975225,Parent RDD ID:134,Name:MapPartitionedRDD,TaskAttempt ID:180,Partition Id:2,Stage Id:81
16/11/22 13:52:55 INFO serializeLogger: [writerThread]StartAt:1479847975263,Parent RDD ID:134,Name:MapPartitionedRDD,TaskAttempt ID:180,Partition Id:2,Stage Id:81
16/11/22 13:53:12 INFO serializeLogger: [RunnerCompute]EndAt:1479847992905,Parent RDD ID:134,Name:MapPartitionedRDD,TaskAttempt ID:180,Partition Id:2,Stage Id:81
16/11/22 13:53:12 INFO serializeLogger: [writerThread]EndAt:1479847992908,Parent RDD ID:134,Name:MapPartitionedRDD,TaskAttempt ID:180,Partition Id:2,Stage Id:81
