16/11/22 13:30:53 INFO myLogger: [MapPartitionsRDD]StartAt:129242306799491,TaskAttempt ID:7,Partition Id:2,Stage Id:1
16/11/22 13:30:54 INFO myLogger: [MapPartitionsRDD]EndAt:129242822040575,TaskAttempt ID:7,Partition Id:2,Stage Id:1
16/11/22 13:31:20 INFO myLogger: [MapPartitionsRDD]StartAt:129269010357384,TaskAttempt ID:12,Partition Id:2,Stage Id:2
16/11/22 13:31:20 INFO myLogger: [MapPartitionsRDD]EndAt:129269021362934,TaskAttempt ID:12,Partition Id:2,Stage Id:2
16/11/22 13:32:03 INFO myLogger: [UnionRDD]StartAt:129312324746998,TaskAttempt ID:17,Partition Id:2,Stage Id:3
16/11/22 13:32:03 INFO myLogger: [UnionRDD]StartAt:129312324754896,TaskAttempt ID:21,Partition Id:6,Stage Id:3
16/11/22 13:32:03 INFO myLogger: [MapPartitionsRDD]StartAt:129312326318198,TaskAttempt ID:17,Partition Id:2,Stage Id:3
16/11/22 13:32:03 INFO myLogger: [ShuffledRDD]StartAt:129312326769491,TaskAttempt ID:17,Partition Id:2,Stage Id:3
16/11/22 13:32:03 INFO myLogger: [ParallelCollectionRDD]StartAt:129312342191835,TaskAttempt ID:21,Partition Id:6,Stage Id:3
16/11/22 13:32:03 INFO myLogger: [ParallelCollectionRDD]EndAt:129312342767854,TaskAttempt ID:21,Partition Id:6,Stage Id:3
16/11/22 13:32:03 INFO myLogger: [ShuffledRDD]EndAt:129312488167652,TaskAttempt ID:17,Partition Id:2,Stage Id:3
16/11/22 13:32:03 INFO myLogger: [MapPartitionsRDD]EndAt:129312489172331,TaskAttempt ID:17,Partition Id:2,Stage Id:3
16/11/22 13:32:03 INFO myLogger: [UnionRDD]EndAt:129312589431497,TaskAttempt ID:21,Partition Id:6,Stage Id:3
16/11/22 13:32:25 INFO myLogger: [UnionRDD]EndAt:129333773717110,TaskAttempt ID:17,Partition Id:2,Stage Id:3
16/11/22 13:32:46 INFO myLogger: [UnionRDD]StartAt:129355414015189,TaskAttempt ID:29,Partition Id:2,Stage Id:4
16/11/22 13:32:46 INFO myLogger: [MapPartitionsRDD]StartAt:129355415039361,TaskAttempt ID:29,Partition Id:2,Stage Id:4
16/11/22 13:32:46 INFO myLogger: [ShuffledRDD]StartAt:129355415480888,TaskAttempt ID:29,Partition Id:2,Stage Id:4
16/11/22 13:32:46 INFO myLogger: [UnionRDD]StartAt:129355420656902,TaskAttempt ID:25,Partition Id:6,Stage Id:4
16/11/22 13:32:46 INFO myLogger: [ShuffledRDD]EndAt:129355452874871,TaskAttempt ID:29,Partition Id:2,Stage Id:4
16/11/22 13:32:46 INFO myLogger: [MapPartitionsRDD]EndAt:129355453456518,TaskAttempt ID:29,Partition Id:2,Stage Id:4
16/11/22 13:32:46 INFO myLogger: [UnionRDD]EndAt:129355586680620,TaskAttempt ID:25,Partition Id:6,Stage Id:4
16/11/22 13:33:05 INFO myLogger: [UnionRDD]EndAt:129374125912381,TaskAttempt ID:29,Partition Id:2,Stage Id:4
16/11/22 13:33:28 INFO myLogger: [UnionRDD]StartAt:129397446617769,TaskAttempt ID:31,Partition Id:2,Stage Id:5
16/11/22 13:33:28 INFO myLogger: [MapPartitionsRDD]StartAt:129397447654188,TaskAttempt ID:31,Partition Id:2,Stage Id:5
16/11/22 13:33:28 INFO myLogger: [ShuffledRDD]StartAt:129397447985821,TaskAttempt ID:31,Partition Id:2,Stage Id:5
16/11/22 13:33:28 INFO myLogger: [UnionRDD]StartAt:129397456090893,TaskAttempt ID:35,Partition Id:6,Stage Id:5
16/11/22 13:33:28 INFO myLogger: [MapPartitionsRDD]StartAt:129397457220700,TaskAttempt ID:35,Partition Id:6,Stage Id:5
16/11/22 13:33:28 INFO myLogger: [ShuffledRDD]StartAt:129397457573762,TaskAttempt ID:35,Partition Id:6,Stage Id:5
16/11/22 13:33:28 INFO myLogger: [ShuffledRDD]EndAt:129397492485988,TaskAttempt ID:31,Partition Id:2,Stage Id:5
16/11/22 13:33:28 INFO myLogger: [MapPartitionsRDD]EndAt:129397492846639,TaskAttempt ID:31,Partition Id:2,Stage Id:5
16/11/22 13:33:28 INFO myLogger: [ShuffledRDD]EndAt:129397496550923,TaskAttempt ID:35,Partition Id:6,Stage Id:5
16/11/22 13:33:28 INFO myLogger: [MapPartitionsRDD]EndAt:129397496939713,TaskAttempt ID:35,Partition Id:6,Stage Id:5
16/11/22 13:34:01 INFO myLogger: [UnionRDD]EndAt:129430612458564,TaskAttempt ID:35,Partition Id:6,Stage Id:5
16/11/22 13:34:09 INFO myLogger: [UnionRDD]EndAt:129437959956743,TaskAttempt ID:31,Partition Id:2,Stage Id:5
16/11/22 13:34:32 INFO myLogger: [UnionRDD]StartAt:129460784278900,TaskAttempt ID:39,Partition Id:1,Stage Id:6
16/11/22 13:34:32 INFO myLogger: [MapPartitionsRDD]StartAt:129460785249347,TaskAttempt ID:39,Partition Id:1,Stage Id:6
16/11/22 13:34:32 INFO myLogger: [ShuffledRDD]StartAt:129460785610233,TaskAttempt ID:39,Partition Id:1,Stage Id:6
16/11/22 13:34:32 INFO myLogger: [UnionRDD]StartAt:129460795222535,TaskAttempt ID:43,Partition Id:5,Stage Id:6
16/11/22 13:34:32 INFO myLogger: [MapPartitionsRDD]StartAt:129460797441363,TaskAttempt ID:43,Partition Id:5,Stage Id:6
16/11/22 13:34:32 INFO myLogger: [ShuffledRDD]StartAt:129460799405976,TaskAttempt ID:43,Partition Id:5,Stage Id:6
16/11/22 13:34:32 INFO myLogger: [ShuffledRDD]EndAt:129460834262555,TaskAttempt ID:39,Partition Id:1,Stage Id:6
16/11/22 13:34:32 INFO myLogger: [MapPartitionsRDD]EndAt:129460834929395,TaskAttempt ID:39,Partition Id:1,Stage Id:6
16/11/22 13:34:32 INFO myLogger: [ShuffledRDD]EndAt:129461074366872,TaskAttempt ID:43,Partition Id:5,Stage Id:6
16/11/22 13:34:32 INFO myLogger: [MapPartitionsRDD]EndAt:129461074714579,TaskAttempt ID:43,Partition Id:5,Stage Id:6
16/11/22 13:35:12 INFO myLogger: [UnionRDD]EndAt:129501549858706,TaskAttempt ID:43,Partition Id:5,Stage Id:6
16/11/22 13:35:18 INFO myLogger: [UnionRDD]EndAt:129507314141112,TaskAttempt ID:39,Partition Id:1,Stage Id:6
16/11/22 13:35:40 INFO myLogger: [UnionRDD]StartAt:129529522371676,TaskAttempt ID:48,Partition Id:1,Stage Id:7
16/11/22 13:35:40 INFO myLogger: [MapPartitionsRDD]StartAt:129529523355540,TaskAttempt ID:48,Partition Id:1,Stage Id:7
16/11/22 13:35:40 INFO myLogger: [ShuffledRDD]StartAt:129529523702769,TaskAttempt ID:48,Partition Id:1,Stage Id:7
16/11/22 13:35:40 INFO myLogger: [UnionRDD]StartAt:129529532238746,TaskAttempt ID:52,Partition Id:5,Stage Id:7
16/11/22 13:35:40 INFO myLogger: [MapPartitionsRDD]StartAt:129529533291749,TaskAttempt ID:52,Partition Id:5,Stage Id:7
16/11/22 13:35:40 INFO myLogger: [ShuffledRDD]StartAt:129529533671307,TaskAttempt ID:52,Partition Id:5,Stage Id:7
16/11/22 13:35:40 INFO myLogger: [ShuffledRDD]EndAt:129529559425721,TaskAttempt ID:48,Partition Id:1,Stage Id:7
16/11/22 13:35:40 INFO myLogger: [MapPartitionsRDD]EndAt:129529559841832,TaskAttempt ID:48,Partition Id:1,Stage Id:7
16/11/22 13:35:40 INFO myLogger: [ShuffledRDD]EndAt:129529559981743,TaskAttempt ID:52,Partition Id:5,Stage Id:7
16/11/22 13:35:40 INFO myLogger: [MapPartitionsRDD]EndAt:129529560791770,TaskAttempt ID:52,Partition Id:5,Stage Id:7
16/11/22 13:36:14 INFO myLogger: [UnionRDD]EndAt:129563461535918,TaskAttempt ID:52,Partition Id:5,Stage Id:7
16/11/22 13:36:20 INFO myLogger: [UnionRDD]EndAt:129569312859140,TaskAttempt ID:48,Partition Id:1,Stage Id:7
16/11/22 13:36:45 INFO myLogger: [UnionRDD]StartAt:129593737921496,TaskAttempt ID:58,Partition Id:4,Stage Id:8
16/11/22 13:36:45 INFO myLogger: [MapPartitionsRDD]StartAt:129593738984566,TaskAttempt ID:58,Partition Id:4,Stage Id:8
16/11/22 13:36:45 INFO myLogger: [ShuffledRDD]StartAt:129593739343223,TaskAttempt ID:58,Partition Id:4,Stage Id:8
16/11/22 13:36:45 INFO myLogger: [ShuffledRDD]EndAt:129593769028978,TaskAttempt ID:58,Partition Id:4,Stage Id:8
16/11/22 13:36:45 INFO myLogger: [MapPartitionsRDD]EndAt:129593769465938,TaskAttempt ID:58,Partition Id:4,Stage Id:8
16/11/22 13:37:22 INFO myLogger: [UnionRDD]EndAt:129631289133949,TaskAttempt ID:58,Partition Id:4,Stage Id:8
16/11/22 13:37:51 INFO myLogger: [MapPartitionsRDD]StartAt:129660294841107,TaskAttempt ID:64,Partition Id:3,Stage Id:9
16/11/22 13:37:51 INFO myLogger: [ShuffledRDD]StartAt:129660295159898,TaskAttempt ID:64,Partition Id:3,Stage Id:9
16/11/22 13:37:51 INFO myLogger: [ShuffledRDD]EndAt:129660328995374,TaskAttempt ID:64,Partition Id:3,Stage Id:9
16/11/22 13:37:51 INFO myLogger: [MapPartitionsRDD]EndAt:129660329655403,TaskAttempt ID:64,Partition Id:3,Stage Id:9
16/11/22 13:38:15 INFO myLogger: [UnionRDD]StartAt:129684403880358,TaskAttempt ID:70,Partition Id:4,Stage Id:16
16/11/22 13:38:15 INFO myLogger: [MapPartitionsRDD]StartAt:129684404894307,TaskAttempt ID:70,Partition Id:4,Stage Id:16
16/11/22 13:38:15 INFO myLogger: [ShuffledRDD]StartAt:129684405256337,TaskAttempt ID:70,Partition Id:4,Stage Id:16
16/11/22 13:38:15 INFO myLogger: [ShuffledRDD]EndAt:129684435477201,TaskAttempt ID:70,Partition Id:4,Stage Id:16
16/11/22 13:38:15 INFO myLogger: [MapPartitionsRDD]EndAt:129684435839592,TaskAttempt ID:70,Partition Id:4,Stage Id:16
16/11/22 13:38:54 INFO myLogger: [UnionRDD]EndAt:129722855379948,TaskAttempt ID:70,Partition Id:4,Stage Id:16
16/11/22 13:39:24 INFO myLogger: [MapPartitionsRDD]StartAt:129753087385994,TaskAttempt ID:75,Partition Id:2,Stage Id:17
16/11/22 13:39:24 INFO myLogger: [ShuffledRDD]StartAt:129753087768014,TaskAttempt ID:75,Partition Id:2,Stage Id:17
16/11/22 13:39:24 INFO myLogger: [ShuffledRDD]EndAt:129753124517197,TaskAttempt ID:75,Partition Id:2,Stage Id:17
16/11/22 13:39:24 INFO myLogger: [MapPartitionsRDD]EndAt:129753125026027,TaskAttempt ID:75,Partition Id:2,Stage Id:17
16/11/22 13:39:48 INFO myLogger: [UnionRDD]StartAt:129776750724687,TaskAttempt ID:80,Partition Id:0,Stage Id:24
16/11/22 13:39:48 INFO myLogger: [MapPartitionsRDD]StartAt:129776751840425,TaskAttempt ID:80,Partition Id:0,Stage Id:24
16/11/22 13:39:48 INFO myLogger: [ShuffledRDD]StartAt:129776752297697,TaskAttempt ID:80,Partition Id:0,Stage Id:24
16/11/22 13:39:48 INFO myLogger: [UnionRDD]StartAt:129776754687547,TaskAttempt ID:84,Partition Id:4,Stage Id:24
16/11/22 13:39:48 INFO myLogger: [MapPartitionsRDD]StartAt:129776755500170,TaskAttempt ID:84,Partition Id:4,Stage Id:24
16/11/22 13:39:48 INFO myLogger: [ShuffledRDD]StartAt:129776755772969,TaskAttempt ID:84,Partition Id:4,Stage Id:24
16/11/22 13:39:48 INFO myLogger: [ShuffledRDD]EndAt:129776793441426,TaskAttempt ID:80,Partition Id:0,Stage Id:24
16/11/22 13:39:48 INFO myLogger: [MapPartitionsRDD]EndAt:129776793758923,TaskAttempt ID:80,Partition Id:0,Stage Id:24
16/11/22 13:39:48 INFO myLogger: [ShuffledRDD]EndAt:129776794029244,TaskAttempt ID:84,Partition Id:4,Stage Id:24
16/11/22 13:39:48 INFO myLogger: [MapPartitionsRDD]EndAt:129776794441074,TaskAttempt ID:84,Partition Id:4,Stage Id:24
16/11/22 13:40:27 INFO myLogger: [UnionRDD]EndAt:129815730968007,TaskAttempt ID:84,Partition Id:4,Stage Id:24
16/11/22 13:40:30 INFO myLogger: [UnionRDD]EndAt:129819181719543,TaskAttempt ID:80,Partition Id:0,Stage Id:24
16/11/22 13:41:21 INFO myLogger: [UnionRDD]StartAt:129870415045597,TaskAttempt ID:93,Partition Id:4,Stage Id:32
16/11/22 13:41:21 INFO myLogger: [MapPartitionsRDD]StartAt:129870415986172,TaskAttempt ID:93,Partition Id:4,Stage Id:32
16/11/22 13:41:21 INFO myLogger: [ShuffledRDD]StartAt:129870416318318,TaskAttempt ID:93,Partition Id:4,Stage Id:32
16/11/22 13:41:21 INFO myLogger: [ShuffledRDD]EndAt:129870455561090,TaskAttempt ID:93,Partition Id:4,Stage Id:32
16/11/22 13:41:21 INFO myLogger: [MapPartitionsRDD]EndAt:129870455825916,TaskAttempt ID:93,Partition Id:4,Stage Id:32
16/11/22 13:41:59 INFO myLogger: [UnionRDD]EndAt:129908115075144,TaskAttempt ID:93,Partition Id:4,Stage Id:32
16/11/22 13:42:29 INFO myLogger: [MapPartitionsRDD]StartAt:129937963589029,TaskAttempt ID:101,Partition Id:0,Stage Id:33
16/11/22 13:42:29 INFO myLogger: [ShuffledRDD]StartAt:129937963975206,TaskAttempt ID:101,Partition Id:0,Stage Id:33
16/11/22 13:42:29 INFO myLogger: [ShuffledRDD]EndAt:129937998006121,TaskAttempt ID:101,Partition Id:0,Stage Id:33
16/11/22 13:42:29 INFO myLogger: [MapPartitionsRDD]EndAt:129937998337164,TaskAttempt ID:101,Partition Id:0,Stage Id:33
16/11/22 13:42:50 INFO myLogger: [UnionRDD]StartAt:129958799260538,TaskAttempt ID:105,Partition Id:1,Stage Id:40
16/11/22 13:42:50 INFO myLogger: [MapPartitionsRDD]StartAt:129958800264326,TaskAttempt ID:105,Partition Id:1,Stage Id:40
16/11/22 13:42:50 INFO myLogger: [ShuffledRDD]StartAt:129958800573764,TaskAttempt ID:105,Partition Id:1,Stage Id:40
16/11/22 13:42:50 INFO myLogger: [ShuffledRDD]EndAt:129958834664783,TaskAttempt ID:105,Partition Id:1,Stage Id:40
16/11/22 13:42:50 INFO myLogger: [MapPartitionsRDD]EndAt:129958835000947,TaskAttempt ID:105,Partition Id:1,Stage Id:40
16/11/22 13:43:32 INFO myLogger: [UnionRDD]EndAt:130001606404099,TaskAttempt ID:105,Partition Id:1,Stage Id:40
16/11/22 13:43:56 INFO myLogger: [UnionRDD]StartAt:130024822356225,TaskAttempt ID:112,Partition Id:1,Stage Id:41
16/11/22 13:43:56 INFO myLogger: [MapPartitionsRDD]StartAt:130024823107826,TaskAttempt ID:112,Partition Id:1,Stage Id:41
16/11/22 13:43:56 INFO myLogger: [ShuffledRDD]StartAt:130024823458440,TaskAttempt ID:112,Partition Id:1,Stage Id:41
16/11/22 13:43:56 INFO myLogger: [UnionRDD]StartAt:130024830578615,TaskAttempt ID:116,Partition Id:5,Stage Id:41
16/11/22 13:43:56 INFO myLogger: [MapPartitionsRDD]StartAt:130024832440732,TaskAttempt ID:116,Partition Id:5,Stage Id:41
16/11/22 13:43:56 INFO myLogger: [ShuffledRDD]StartAt:130024832717797,TaskAttempt ID:116,Partition Id:5,Stage Id:41
16/11/22 13:43:56 INFO myLogger: [ShuffledRDD]EndAt:130024857447455,TaskAttempt ID:112,Partition Id:1,Stage Id:41
16/11/22 13:43:56 INFO myLogger: [MapPartitionsRDD]EndAt:130024857741129,TaskAttempt ID:112,Partition Id:1,Stage Id:41
16/11/22 13:43:56 INFO myLogger: [ShuffledRDD]EndAt:130024857995094,TaskAttempt ID:116,Partition Id:5,Stage Id:41
16/11/22 13:43:56 INFO myLogger: [MapPartitionsRDD]EndAt:130024858367169,TaskAttempt ID:116,Partition Id:5,Stage Id:41
16/11/22 13:44:29 INFO myLogger: [UnionRDD]EndAt:130058132734859,TaskAttempt ID:116,Partition Id:5,Stage Id:41
16/11/22 13:44:35 INFO myLogger: [UnionRDD]EndAt:130064078560079,TaskAttempt ID:112,Partition Id:1,Stage Id:41
16/11/22 13:45:02 INFO myLogger: [UnionRDD]StartAt:130091278774867,TaskAttempt ID:122,Partition Id:4,Stage Id:42
16/11/22 13:45:02 INFO myLogger: [MapPartitionsRDD]StartAt:130091279679065,TaskAttempt ID:122,Partition Id:4,Stage Id:42
16/11/22 13:45:02 INFO myLogger: [ShuffledRDD]StartAt:130091279974864,TaskAttempt ID:122,Partition Id:4,Stage Id:42
16/11/22 13:45:02 INFO myLogger: [ShuffledRDD]EndAt:130091306494272,TaskAttempt ID:122,Partition Id:4,Stage Id:42
16/11/22 13:45:02 INFO myLogger: [MapPartitionsRDD]EndAt:130091307001193,TaskAttempt ID:122,Partition Id:4,Stage Id:42
16/11/22 13:45:40 INFO myLogger: [UnionRDD]EndAt:130128793260706,TaskAttempt ID:122,Partition Id:4,Stage Id:42
16/11/22 13:46:11 INFO myLogger: [UnionRDD]StartAt:130160232717844,TaskAttempt ID:129,Partition Id:3,Stage Id:43
16/11/22 13:46:11 INFO myLogger: [MapPartitionsRDD]StartAt:130160233579190,TaskAttempt ID:129,Partition Id:3,Stage Id:43
16/11/22 13:46:11 INFO myLogger: [ShuffledRDD]StartAt:130160233863330,TaskAttempt ID:129,Partition Id:3,Stage Id:43
16/11/22 13:46:11 INFO myLogger: [UnionRDD]StartAt:130160235559456,TaskAttempt ID:133,Partition Id:7,Stage Id:43
16/11/22 13:46:11 INFO myLogger: [MapPartitionsRDD]StartAt:130160236474069,TaskAttempt ID:133,Partition Id:7,Stage Id:43
16/11/22 13:46:11 INFO myLogger: [ShuffledRDD]StartAt:130160236761524,TaskAttempt ID:133,Partition Id:7,Stage Id:43
16/11/22 13:46:11 INFO myLogger: [ShuffledRDD]EndAt:130160328772323,TaskAttempt ID:133,Partition Id:7,Stage Id:43
16/11/22 13:46:11 INFO myLogger: [MapPartitionsRDD]EndAt:130160329188505,TaskAttempt ID:133,Partition Id:7,Stage Id:43
16/11/22 13:46:11 INFO myLogger: [ShuffledRDD]EndAt:130160333406699,TaskAttempt ID:129,Partition Id:3,Stage Id:43
16/11/22 13:46:11 INFO myLogger: [MapPartitionsRDD]EndAt:130160333726769,TaskAttempt ID:129,Partition Id:3,Stage Id:43
16/11/22 13:46:51 INFO myLogger: [UnionRDD]EndAt:130200577223120,TaskAttempt ID:133,Partition Id:7,Stage Id:43
16/11/22 13:47:01 INFO myLogger: [UnionRDD]EndAt:130209942975346,TaskAttempt ID:129,Partition Id:3,Stage Id:43
16/11/22 13:47:22 INFO myLogger: [UnionRDD]StartAt:130230940636310,TaskAttempt ID:140,Partition Id:6,Stage Id:44
16/11/22 13:47:22 INFO myLogger: [MapPartitionsRDD]StartAt:130230941491901,TaskAttempt ID:140,Partition Id:6,Stage Id:44
16/11/22 13:47:22 INFO myLogger: [ShuffledRDD]StartAt:130230941768157,TaskAttempt ID:140,Partition Id:6,Stage Id:44
16/11/22 13:47:22 INFO myLogger: [UnionRDD]StartAt:130230946223639,TaskAttempt ID:136,Partition Id:2,Stage Id:44
16/11/22 13:47:22 INFO myLogger: [MapPartitionsRDD]StartAt:130230948019425,TaskAttempt ID:136,Partition Id:2,Stage Id:44
16/11/22 13:47:22 INFO myLogger: [ShuffledRDD]StartAt:130230948636825,TaskAttempt ID:136,Partition Id:2,Stage Id:44
16/11/22 13:47:22 INFO myLogger: [ShuffledRDD]EndAt:130230982324226,TaskAttempt ID:140,Partition Id:6,Stage Id:44
16/11/22 13:47:22 INFO myLogger: [MapPartitionsRDD]EndAt:130230982700511,TaskAttempt ID:140,Partition Id:6,Stage Id:44
16/11/22 13:47:22 INFO myLogger: [ShuffledRDD]EndAt:130230983537423,TaskAttempt ID:136,Partition Id:2,Stage Id:44
16/11/22 13:47:22 INFO myLogger: [MapPartitionsRDD]EndAt:130230983897224,TaskAttempt ID:136,Partition Id:2,Stage Id:44
16/11/22 13:48:02 INFO myLogger: [UnionRDD]EndAt:130271106720763,TaskAttempt ID:140,Partition Id:6,Stage Id:44
16/11/22 13:48:07 INFO myLogger: [UnionRDD]EndAt:130276679469500,TaskAttempt ID:136,Partition Id:2,Stage Id:44
16/11/22 13:48:31 INFO myLogger: [MapPartitionsRDD]StartAt:130300153045841,TaskAttempt ID:145,Partition Id:2,Stage Id:45
16/11/22 13:48:31 INFO myLogger: [ShuffledRDD]StartAt:130300153385080,TaskAttempt ID:145,Partition Id:2,Stage Id:45
16/11/22 13:48:31 INFO myLogger: [ShuffledRDD]EndAt:130300177634732,TaskAttempt ID:145,Partition Id:2,Stage Id:45
16/11/22 13:48:31 INFO myLogger: [MapPartitionsRDD]EndAt:130300178037003,TaskAttempt ID:145,Partition Id:2,Stage Id:45
16/11/22 13:48:54 INFO myLogger: [UnionRDD]StartAt:130323546942974,TaskAttempt ID:149,Partition Id:2,Stage Id:56
16/11/22 13:48:54 INFO myLogger: [MapPartitionsRDD]StartAt:130323547983337,TaskAttempt ID:149,Partition Id:2,Stage Id:56
16/11/22 13:48:54 INFO myLogger: [ShuffledRDD]StartAt:130323548410164,TaskAttempt ID:149,Partition Id:2,Stage Id:56
16/11/22 13:48:54 INFO myLogger: [UnionRDD]StartAt:130323552360205,TaskAttempt ID:153,Partition Id:6,Stage Id:56
16/11/22 13:48:54 INFO myLogger: [MapPartitionsRDD]StartAt:130323553129933,TaskAttempt ID:153,Partition Id:6,Stage Id:56
16/11/22 13:48:54 INFO myLogger: [ShuffledRDD]StartAt:130323553429870,TaskAttempt ID:153,Partition Id:6,Stage Id:56
16/11/22 13:48:54 INFO myLogger: [ShuffledRDD]EndAt:130323577121466,TaskAttempt ID:153,Partition Id:6,Stage Id:56
16/11/22 13:48:54 INFO myLogger: [MapPartitionsRDD]EndAt:130323577516301,TaskAttempt ID:153,Partition Id:6,Stage Id:56
16/11/22 13:48:54 INFO myLogger: [ShuffledRDD]EndAt:130323581636732,TaskAttempt ID:149,Partition Id:2,Stage Id:56
16/11/22 13:48:54 INFO myLogger: [MapPartitionsRDD]EndAt:130323581935498,TaskAttempt ID:149,Partition Id:2,Stage Id:56
16/11/22 13:49:32 INFO myLogger: [UnionRDD]EndAt:130361029679777,TaskAttempt ID:153,Partition Id:6,Stage Id:56
16/11/22 13:49:35 INFO myLogger: [UnionRDD]EndAt:130364615872299,TaskAttempt ID:149,Partition Id:2,Stage Id:56
16/11/22 13:50:00 INFO myLogger: [MapPartitionsRDD]StartAt:130389015765007,TaskAttempt ID:156,Partition Id:2,Stage Id:57
16/11/22 13:50:00 INFO myLogger: [ShuffledRDD]StartAt:130389016071832,TaskAttempt ID:156,Partition Id:2,Stage Id:57
16/11/22 13:50:00 INFO myLogger: [ShuffledRDD]EndAt:130389037313573,TaskAttempt ID:156,Partition Id:2,Stage Id:57
16/11/22 13:50:00 INFO myLogger: [MapPartitionsRDD]EndAt:130389037640884,TaskAttempt ID:156,Partition Id:2,Stage Id:57
16/11/22 13:50:20 INFO myLogger: [UnionRDD]StartAt:130408800872534,TaskAttempt ID:159,Partition Id:2,Stage Id:68
16/11/22 13:50:20 INFO myLogger: [MapPartitionsRDD]StartAt:130408801670865,TaskAttempt ID:159,Partition Id:2,Stage Id:68
16/11/22 13:50:20 INFO myLogger: [ShuffledRDD]StartAt:130408801941706,TaskAttempt ID:159,Partition Id:2,Stage Id:68
16/11/22 13:50:20 INFO myLogger: [UnionRDD]StartAt:130408808372491,TaskAttempt ID:166,Partition Id:6,Stage Id:68
16/11/22 13:50:20 INFO myLogger: [UnionRDD]StartAt:130408808921757,TaskAttempt ID:163,Partition Id:3,Stage Id:68
16/11/22 13:50:20 INFO myLogger: [MapPartitionsRDD]StartAt:130408810624737,TaskAttempt ID:166,Partition Id:6,Stage Id:68
16/11/22 13:50:20 INFO myLogger: [MapPartitionsRDD]StartAt:130408811218448,TaskAttempt ID:163,Partition Id:3,Stage Id:68
16/11/22 13:50:20 INFO myLogger: [ShuffledRDD]StartAt:130408811419842,TaskAttempt ID:166,Partition Id:6,Stage Id:68
16/11/22 13:50:20 INFO myLogger: [ShuffledRDD]StartAt:130408811880871,TaskAttempt ID:163,Partition Id:3,Stage Id:68
16/11/22 13:50:20 INFO myLogger: [ShuffledRDD]EndAt:130408820473639,TaskAttempt ID:159,Partition Id:2,Stage Id:68
16/11/22 13:50:20 INFO myLogger: [MapPartitionsRDD]EndAt:130408820830743,TaskAttempt ID:159,Partition Id:2,Stage Id:68
16/11/22 13:50:20 INFO myLogger: [ShuffledRDD]EndAt:130408836388063,TaskAttempt ID:163,Partition Id:3,Stage Id:68
16/11/22 13:50:20 INFO myLogger: [MapPartitionsRDD]EndAt:130408836841347,TaskAttempt ID:163,Partition Id:3,Stage Id:68
16/11/22 13:50:20 INFO myLogger: [ShuffledRDD]EndAt:130408892666416,TaskAttempt ID:166,Partition Id:6,Stage Id:68
16/11/22 13:50:20 INFO myLogger: [MapPartitionsRDD]EndAt:130408892964402,TaskAttempt ID:166,Partition Id:6,Stage Id:68
16/11/22 13:51:00 INFO myLogger: [UnionRDD]EndAt:130448760244290,TaskAttempt ID:166,Partition Id:6,Stage Id:68
16/11/22 13:51:03 INFO myLogger: [UnionRDD]EndAt:130452029151831,TaskAttempt ID:159,Partition Id:2,Stage Id:68
16/11/22 13:51:04 INFO myLogger: [UnionRDD]EndAt:130453003263532,TaskAttempt ID:163,Partition Id:3,Stage Id:68
16/11/22 13:51:25 INFO myLogger: [MapPartitionsRDD]StartAt:130474660857676,TaskAttempt ID:169,Partition Id:2,Stage Id:69
16/11/22 13:51:25 INFO myLogger: [ShuffledRDD]StartAt:130474661773169,TaskAttempt ID:169,Partition Id:2,Stage Id:69
16/11/22 13:51:25 INFO myLogger: [MapPartitionsRDD]StartAt:130474661848649,TaskAttempt ID:170,Partition Id:3,Stage Id:69
16/11/22 13:51:25 INFO myLogger: [ShuffledRDD]StartAt:130474662673826,TaskAttempt ID:170,Partition Id:3,Stage Id:69
16/11/22 13:51:26 INFO myLogger: [ShuffledRDD]EndAt:130474693529032,TaskAttempt ID:169,Partition Id:2,Stage Id:69
16/11/22 13:51:26 INFO myLogger: [ShuffledRDD]EndAt:130474693819148,TaskAttempt ID:170,Partition Id:3,Stage Id:69
16/11/22 13:51:26 INFO myLogger: [MapPartitionsRDD]EndAt:130474694319224,TaskAttempt ID:169,Partition Id:2,Stage Id:69
16/11/22 13:51:26 INFO myLogger: [MapPartitionsRDD]EndAt:130474694517357,TaskAttempt ID:170,Partition Id:3,Stage Id:69
16/11/22 13:51:47 INFO myLogger: [UnionRDD]StartAt:130496440588621,TaskAttempt ID:173,Partition Id:2,Stage Id:80
16/11/22 13:51:47 INFO myLogger: [MapPartitionsRDD]StartAt:130496441389420,TaskAttempt ID:173,Partition Id:2,Stage Id:80
16/11/22 13:51:47 INFO myLogger: [ShuffledRDD]StartAt:130496441702153,TaskAttempt ID:173,Partition Id:2,Stage Id:80
16/11/22 13:51:47 INFO myLogger: [UnionRDD]StartAt:130496447586461,TaskAttempt ID:177,Partition Id:6,Stage Id:80
16/11/22 13:51:47 INFO myLogger: [MapPartitionsRDD]StartAt:130496449182501,TaskAttempt ID:177,Partition Id:6,Stage Id:80
16/11/22 13:51:47 INFO myLogger: [ShuffledRDD]StartAt:130496449760416,TaskAttempt ID:177,Partition Id:6,Stage Id:80
16/11/22 13:51:47 INFO myLogger: [ShuffledRDD]EndAt:130496460705854,TaskAttempt ID:173,Partition Id:2,Stage Id:80
16/11/22 13:51:47 INFO myLogger: [MapPartitionsRDD]EndAt:130496460999187,TaskAttempt ID:173,Partition Id:2,Stage Id:80
16/11/22 13:51:47 INFO myLogger: [ShuffledRDD]EndAt:130496463400159,TaskAttempt ID:177,Partition Id:6,Stage Id:80
16/11/22 13:51:47 INFO myLogger: [MapPartitionsRDD]EndAt:130496463648978,TaskAttempt ID:177,Partition Id:6,Stage Id:80
16/11/22 13:52:28 INFO myLogger: [UnionRDD]EndAt:130537444424637,TaskAttempt ID:177,Partition Id:6,Stage Id:80
16/11/22 13:52:31 INFO myLogger: [UnionRDD]EndAt:130539772454430,TaskAttempt ID:173,Partition Id:2,Stage Id:80
16/11/22 13:52:55 INFO myLogger: [MapPartitionsRDD]StartAt:130563908187312,TaskAttempt ID:180,Partition Id:2,Stage Id:81
16/11/22 13:52:55 INFO myLogger: [ShuffledRDD]StartAt:130563908859902,TaskAttempt ID:180,Partition Id:2,Stage Id:81
16/11/22 13:52:55 INFO myLogger: [ShuffledRDD]EndAt:130563943712242,TaskAttempt ID:180,Partition Id:2,Stage Id:81
16/11/22 13:52:55 INFO myLogger: [MapPartitionsRDD]EndAt:130563944260274,TaskAttempt ID:180,Partition Id:2,Stage Id:81
