16/11/08 13:25:18 INFO myLogger: [UnionRDD]StartAt:16699680500655,TaskAttempt ID:57,Partition Id:30,Stage Id:3
16/11/08 13:25:18 INFO myLogger: [UnionRDD]StartAt:16699680626708,TaskAttempt ID:51,Partition Id:24,Stage Id:3
16/11/08 13:25:18 INFO myLogger: [ParallelCollectionRDD]StartAt:16699696708361,TaskAttempt ID:57,Partition Id:30,Stage Id:3
16/11/08 13:25:18 INFO myLogger: [ParallelCollectionRDD]StartAt:16699696955867,TaskAttempt ID:51,Partition Id:24,Stage Id:3
16/11/08 13:25:18 INFO myLogger: [ParallelCollectionRDD]EndAt:16699698011103,TaskAttempt ID:57,Partition Id:30,Stage Id:3
16/11/08 13:25:18 INFO myLogger: [ParallelCollectionRDD]EndAt:16699698013921,TaskAttempt ID:51,Partition Id:24,Stage Id:3
16/11/08 13:25:24 INFO myLogger: [UnionRDD]EndAt:16706141933581,TaskAttempt ID:57,Partition Id:30,Stage Id:3
16/11/08 13:25:24 INFO myLogger: [UnionRDD]EndAt:16706142085076,TaskAttempt ID:51,Partition Id:24,Stage Id:3
16/11/08 13:25:40 INFO myLogger: [UnionRDD]StartAt:16721621668468,TaskAttempt ID:72,Partition Id:30,Stage Id:4
16/11/08 13:25:40 INFO myLogger: [UnionRDD]StartAt:16721627433666,TaskAttempt ID:62,Partition Id:2416/11/08 13:16/11/08 13:25:40 INFO myLogger: [UnionRDD]EndAt:16721907471792,TaskAttempt ID:72,Partition Id:30,Stage Id:4
16/11/08 13:25:40 INFO myLogger: [UnionRDD]EndAt:16721920471249,TaskAttempt ID:62,Partition Id:24,Stage Id:4
16/11/08 13:25:52 INFO myLogger: [UnionRDD]StartAt:16734197067918,TaskAttempt ID:98,Partition Id:12,Stage Id:5
16/11/08 13:25:52 INFO myLogger: [MapPartitionsRDD]StartAt:16734198312628,TaskAttempt ID:98,Partition Id:12,Stage Id:5
16/116/11/08 13:25:52 INFO myLogger: [UnionRDD]StartAt:16734208379266,TaskAttempt ID:96,Partition Id:2,Stage Id:5
16/11/08 13:25:53 INFO myLogger: [ShuffledRDD]EndAt:16734465390741,TaskAttempt ID:98,Partition Id:12,Stage Id:5
16/11/08 13:25:53 INFO myLogger: [MapPartitionsRDD]EndAt:16734468115924,TaskAttempt ID:98,Partition Id:12,Stage Id:5
16/11/08 13:25:57 INFO myLogger: [UnionRDD]EndAt:16739261910020,TaskAttempt ID:98,Partition Id:12,Stage Id:5
16/11/08 13:26:30 INFO myLogger: [UnionRDD]StartAt:16771793964812,TaskAttempt ID:127,Partition Id:1,Stage Id:6
16/11/08 13:26:30 INFO myLogger: [MapPartitionsRDD]StartAt:16771794975578,TaskAttempt ID:127,Partition Id:1,Stage Id:16/11/08 13:26:30 INFO myLogger: [UnionRDD]StartAt:16771892862616,TaskAttempt ID:130,Partition Id:11,Stage Id:6
16/11/08 13:26:30 INFO myLogger: [MapPartitionsRDD]StartAt:16771893900491,TaskAttempt ID:130,Partition Id:11,Stage Id:6
16/11/08 13:26:30 INFO myLogger: [ShuffledRDD]StartAt:16771894269935,TaskAttempt ID:130,Partition Id:11,Stage Id:6
16/11/08 13:26:30 INFO myLogger: [ShuffledRDD]EndAt:16772004174776,TaskAttempt ID:130,Partition Id:11,Stage Id:6
16/11/08 13:26:30 INFO myLogger: [MapPartitionsRDD]EndAt:16772004804729,TaskAttempt ID:130,Partition Id:11,Stage Id:6
16/11/08 13:26:36 INFO myLogger: [UnionRDD]EndAt:16777473043689,TaskAttempt ID:130,Partition Id:11,Stage Id:6
16/11/08 13:27:08 INFO myLogger: [UnionRDD]StartAt:16809831893694,TaskAttempt ID:166,Partition Id:17,Stage Id:7
16/11/08 13:27:08 INFO myLogger: [MapPartitionsRDD]StartAt:16809833728535,TaskAttempt ID:166,Partition Id:17,Stage Id:7
16/11/08 13:27:08 INFO myLogger: [ShuffledRDD]StartAt:16809834349291,TaskAttempt ID:166,Partition Id:17,Stage Id:7
16/11/08 13:27:08 INFO myLogger: [ShuffledRDD]EndAt:16809954009549,TaskAttempt ID:166,Partition Id:17,Stage Id:7
16/11/08 13:27:08 INFO myLogger: [MapPartitionsRDD]EndAt:16809954585616,TaskAttempt ID:166,Partition Id:17,Stage Id:7
16/11/08 13:27:10 INFO myLogger: [UnionRDD]EndAt:16812225623258,TaskAttempt ID:166,Partition Id:17,Stage Id:7
16/11/08 13:27:46 INFO myLogger: [UnionRDD]StartAt:16847784793104,TaskAttempt ID:191,Partition Id:11,Stage Id:8
16/11/08 13:27:46 INFO myLogger: [MapPartitionsRDD]StartAt:16847785928538,TaskAttempt ID:191,Partition Id:11,Stage Id:8
16/11/08 13:27:46 INFO myLogger: [ShuffledRDD]StartAt:16847786468625,TaskAttempt ID:191,Partition Id:11,Stage Id:8
16/11/08 13:27:46 INFO myLogger: [ShuffledRDD]EndAt:16847856990448,TaskAttempt ID:191,Partition Id:11,Stage Id:8
16/11/08 13:27:46 INFO myLogger: [MapPartitionsRDD]EndAt:16847889795526,TaskAttempt ID:191,Partition Id:11,Stage Id:8
16/11/08 13:27:51 INFO myLogger: [UnionRDD]EndAt:16852860183546,TaskAttempt ID:191,Partition Id:11,Stage Id:8
16/11/08 13:28:24 INFO myLogger: [UnionRDD]StartAt:16885917176083,TaskAttempt ID:227,Partition Id:12,Stage Id:9
16/11/08 13:28:24 INFO myLogger: [MapPartitionsRDD]StartAt:16885918571535,TaskAttempt ID:227,Partition Id:12,Stage Id:9
16/11/08 13:28:24 INFO myLogger: [ShuffledRDD]StartAt:16885919038880,TaskAttempt ID:227,Partition Id:12,Stage Id:9
16/11/08 13:28:24 INFO myLogger: [ShuffledRDD]EndAt:16885970787429,TaskAttempt ID:227,Partition Id:12,Stage Id:9
16/11/08 13:28:24 INFO myLogger: [MapPartitionsRDD]EndAt:16885971575697,TaskAttempt ID:227,Partition Id:12,Stage Id:9
16/11/08 13:28:56 INFO myLogger: [UnionRDD]EndAt:16917854815825,TaskAttempt ID:227,Partition Id:12,Stage Id:9
16/11/08 13:29:00 INFO myLogger: [UnionRDD]StartAt:16922275476294,TaskAttempt ID:261,Partition Id:17,Stage Id:10
16/11/08 13:29:00 INFO myLogger: [MapPartitionsRDD]StartAt:16922276489785,TaskAttempt ID:261,Partition Id:17,Stage Id:10
16/11/08 13:29:00 INFO myLogger: [ShuffledRDD]StartAt:16922276806478,TaskAttempt ID:261,Partition Id:17,Stage Id:10
16/11/08 13:29:01 INFO myLogger: [ShuffledRDD]EndAt:16922351590443,TaskAttempt ID:261,Partition Id:17,Stage Id:10
16/11/08 13:29:01 INFO myLogger: [MapPartitionsRDD]EndAt:16922357560078,TaskAttempt ID:261,Partition Id:17,Stage Id:10
16/11/08 13:29:03 INFO myLogger: [UnionRDD]EndAt:16924657148676,TaskAttempt ID:261,Partition Id:17,Stage Id:10
16/11/08 13:29:39 INFO myLogger: [UnionRDD]StartAt:16961038044295,TaskAttempt ID:299,Partition Id:27,Stage Id:11
16/11/08 13:29:39 INFO myLogger: [MapPartitionsRDD]StartAt:16961043836131,TaskAttempt ID:299,Partition Id:27,Stage Id:11
16/11/08 13:29:39 INFO myLogger: [ShuffledRDD]StartAt:16961044250649,TaskAttempt ID:299,Partition Id:27,Stage Id:11
16/11/08 13:29:39 INFO myLogger: [UnionRDD]StartAt:16961048477936,TaskAttempt ID:283,Partition Id:0,Stage Id:11
16/11/08 13:29:39 INFO myLogger: [MapPartitionsRDD]StartAt:16961049293860,TaskAttempt ID:283,Partition Id:0,Stage Id:11
16/11/08 13:29:39 INFO myLogger: [ShuffledRDD]StartAt:16961053511311,TaskAttempt ID:283,Partition Id:0,Stage Id:11
16/11/08 13:29:39 INFO myLogger: [ShuffledRDD]EndAt:16961155350315,TaskAttempt ID:299,Partition Id:27,Stage Id:11
16/11/08 13:29:39 INFO myLogger: [MapPartitionsRDD]EndAt:16961155948337,TaskAttempt ID:299,Partition Id:27,Stage Id:11
16/11/08 13:29:39 INFO myLogger: [ShuffledRDD]EndAt:16961159589898,TaskAttempt ID:283,Partition Id:0,St16/11/08 13:29:42 INFO myLogger: [UnionRDD]EndAt:16963477561013,TaskAttempt ID:291,Partition Id:16,Stage Id:11
16/11/08 13:30:17 INFO myLogger: [UnionRDD]StartAt:16998700088117,TaskAttempt ID:325,Partition Id:12,Stage Id:12
16/11/08 13:30:17 INFO myLogger: [MapPartitionsRDD]StartAt:16998700902074,TaskAttempt ID:325,Partition Id:12,Stage Id:12
16/116/11/08 13:30:17 INFO myLogger: [UnionRDD]StartAt:16998705132072,TaskAttempt ID:330,Partition Id:18,Stage Id:1216/11/08 13:30:17 INFO myLogger: [ShuffledRDD]EndAt:16998799504709,TaskAttempt ID:325,Partition Id:12,Stage Id:12
16/11/08 13:30:17 INFO myLogger: [MapPartitionsRDD]EndAt:16998800388386,TaskAttempt ID:325,Partition Id:12,Stage Id:12
16/11/08 13:30:22 INFO myLogger: [UnionRDD]EndAt:17003849843136,TaskAttempt ID:325,Partition Id:12,Stage Id:12
16/11/08 13:30:54 INFO myLogger: [UnionRDD]StartAt:17036288214782,TaskAttempt ID:356,Partition Id:11,Stage Id:13
16/11/08 13:30:54 INFO myLogger: [MapPartitionsRDD]StartAt:17036289446650,TaskAttempt ID:356,Partition Id:11,Stage Id:13
16/11/08 13:30:54 INFO myLogger: [ShuffledRDD]StartAt:17036289877406,TaskAttempt ID:356,Partition Id:11,Stage Id:13
16/11/08 13:30:55 INFO myLogger: [ShuffledRDD]EndAt:17036393623976,TaskAttempt ID:356,Partition Id:11,Stage Id:13
16/11/08 13:30:55 INFO myLogger: [MapPartitionsRDD]EndAt:17036394220259,TaskAttempt ID:356,Partition Id:11,Stage Id:13
16/11/08 13:30:59 INFO myLogger: [UnionRDD]EndAt:17041235794257,TaskAttempt ID:356,Partition Id:11,Stage Id:13
16/11/08 13:31:32 INFO myLogger: [UnionRDD]StartAt:17074198913584,TaskAttempt ID:386,Partition Id:12,Stage Id:14
16/11/08 13:31:32 INFO myLogger: [MapPartitionsRDD]StartAt:17074199761239,TaskAttempt ID:386,Partition Id:12,Stage Id:14
16/116/11/08 13:31:32 INFO myLogger: [UnionRDD]StartAt:17074200871456,TaskAttempt ID:394,Partition Id:18,Stage Id:1416/11/08 13:31:32 INFO myLogger: [ShuffledRDD]EndAt:17074288206153,TaskAttempt ID:386,Partition Id:12,Stage Id:14
16/11/08 13:31:32 INFO myLogger: [MapPartitionsRDD]EndAt:17074288892923,TaskAttempt ID:386,Partition Id:12,Stage Id:14
16/11/08 13:31:38 INFO myLogger: [UnionRDD]EndAt:17079416964646,TaskAttempt ID:386,Partition Id:12,Stage Id:14
16/11/08 13:32:11 INFO myLogger: [UnionRDD]StartAt:17112763360663,TaskAttempt ID:412,Partition Id:0,Stage Id:15
16/11/08 13:32:11 INFO myLogger: [MapPartitionsRDD]StartAt:17112764319939,TaskAttempt ID:412,Partition Id:0,Stage Id:15
16/11/08 13:32:11 INFO myLogger: [ShuffledRDD]StartAt:17112764645709,TaskAttempt ID:412,Partition Id:0,Stage Id:15
16/11/08 13:32:11 INFO myLogger: [UnionRDD]StartAt:17112770617515,TaskAttempt ID:428,Partition Id:27,Stage Id:15
16/11/08 13:32:11 INFO myLogger: [MapPartitionsRDD]StartAt:17112772350497,TaskAttempt ID:428,Partition Id:27,Stage Id:15
16/11/016/11/08 13:32:11 INFO myLogger: [ShuffledRDD]EndAt:17112797616765,TaskAttempt ID:426,Partition Id:18,Stage I16/11/08 13:32:11 INFO myLogger: [ShuffledRDD]EndAt:17112860267990,TaskAttempt ID:412,Partition Id:0,Stage Id:15
16/11/08 1316/11/08 13:32:13 INFO myLogger: [UnionRDD]EndAt:17114603816546,TaskAttempt ID:426,Partition Id:18,Stage Id:15
16/11/08 13:32:49 INFO myLogger: [UnionRDD]StartAt:17151076674833,TaskAttempt ID:458,Partition Id:18,Stage Id:16
16/11/08 13:32:49 INFO myLogger: [MapPartitionsRDD]StartAt:17151077428862,TaskAttempt ID:458,Partition Id:18,Stage Id:16
16/11/08 13:32:49 INFO myLogger: [ShuffledRDD]StartAt:17151077684045,TaskAttempt ID:458,Partition Id:18,Stage Id:16
16/11/08 13:32:49 INFO myLogger: [ShuffledRDD]EndAt:17151145897682,TaskAttempt ID:458,Partition Id:18,Stage Id:16
16/11/08 13:32:49 INFO myLogger: [MapPartitionsRDD]EndAt:17151156322553,TaskAttempt ID:458,Partition Id:18,Stage Id:16
16/11/08 13:32:51 INFO myLogger: [UnionRDD]EndAt:17152981373193,TaskAttempt ID:458,Partition Id:18,Stage Id:16
16/11/08 13:33:26 INFO myLogger: [UnionRDD]StartAt:17187728728666,TaskAttempt ID:477,Partition Id:1,Stage Id:17
16/11/08 13:33:26 INFO myLogger: [MapPartitionsRDD]StartAt:17187729692226,TaskAttempt ID:477,Partition Id:1,Stage Id:17
16/11/08 13:33:26 INFO myLogger: [ShuffledRDD]StartAt:17187730063000,TaskAttempt ID:477,Partition Id:1,Stage Id:17
16/11/08 13:33:26 INFO myLogger: [UnionRDD]StartAt:17187733399208,TaskAttempt ID:493,Partition Id:28,Stage Id:17
16/11/08 13:33:26 INFO myLogger: [MapPartitionsRDD]StartAt:17187734292366,TaskAttempt ID:493,Partition Id:28,Stage Id:17
16/11/08 13:33:26 INFO myLogger: [ShuffledRDD]StartAt:17187734547528,TaskAttempt ID:493,Partition Id:28,Stage Id:17
16/11/08 13:33:26 INFO myLogger: [ShuffledRDD]EndAt:17187813531367,TaskAttempt ID:477,Partition Id:1,Stage Id:17
16/11/08 13:33:26 INFO myLogger: [MapPartitionsRDD]EndAt:17187814262203,TaskAttempt ID:477,Partition Id:1,Stage Id:17
16/11/08 13:33:26 INFO myLogger: [ShuffledRDD]EndAt:17187835772688,TaskAttempt ID:493,Partition Id:28,Sta16/11/08 13:33:28 INFO myLogger: [UnionRDD]EndAt:17189573101476,TaskAttempt ID:490,Partition Id:18,Stage Id:17
16/11/08 13:34:02 INFO myLogger: [UnionRDD]StartAt:17224035762532,TaskAttempt ID:512,Partition Id:2,Stage Id:18
16/11/08 13:34:02 INFO myLogger: [MapPartitionsRDD]StartAt:17224036788180,TaskAttempt ID:512,Partition Id:2,Stage Id:18
16/11/08 13:34:02 INFO myLogger: [ShuffledRDD]StartAt:17224037162149,TaskAttempt ID:512,Partition Id:2,Stage Id:18
16/11/08 13:34:02 INFO myLogger: [ShuffledRDD]EndAt:17224126757875,TaskAttempt ID:512,Partition Id:2,Stage Id:18
16/11/08 13:34:02 INFO myLogger: [MapPartitionsRDD]EndAt:17224127341965,TaskAttempt ID:512,Partition Id:2,Stage Id:18
16/11/08 13:34:07 INFO myLogger: [UnionRDD]EndAt:17228538955029,TaskAttempt ID:512,Partition Id:2,Stage Id:18
16/11/08 13:34:39 INFO myLogger: [UnionRDD]StartAt:17260602796831,TaskAttempt ID:547,Partition Id:12,Stage Id:19
16/11/08 13:34:39 INFO myLogger: [MapPartitionsRDD]StartAt:17260603646086,TaskAttempt ID:547,Partition Id:12,Stage Id:19
16/11/08 116/11/08 13:34:39 INFO myLogger: [UnionRDD]StartAt:17260607167877,TaskAttempt ID:546,Partition Id:11,Stage16/11/08 13:34:39 INFO myLogger: [ShuffledRDD]EndAt:17260664886600,TaskAttempt ID:547,Partition Id:12,Stage Id:19
16/11/08 13:34:39 INFO myLogger: [MapPartitionsRDD]EndAt:17260665485145,TaskAttempt ID:547,Partition Id:12,Stage Id:19
16/11/08 13:34:44 INFO myLogger: [UnionRDD]EndAt:17265455076656,TaskAttempt ID:547,Partition Id:12,Stage Id:19
16/11/08 13:35:17 INFO myLogger: [UnionRDD]StartAt:17298374968269,TaskAttempt ID:585,Partition Id:17,Stage Id:20
16/11/08 13:35:17 INFO myLogger: [MapPartitionsRDD]StartAt:17298375771164,TaskAttempt ID:585,Partition Id:17,Stage Id:20
16/11/08 13:35:17 INFO myLogger: [ShuffledRDD]StartAt:17298376140077,TaskAttempt ID:585,Partition Id:17,Stage Id:20
16/11/08 13:35:17 INFO myLogger: [ShuffledRDD]EndAt:17298463776056,TaskAttempt ID:585,Partition Id:17,Stage Id:20
16/11/08 13:35:17 INFO myLogger: [MapPartitionsRDD]EndAt:17298464516676,TaskAttempt ID:585,Partition Id:17,Stage Id:20
16/11/08 13:35:48 INFO myLogger: [UnionRDD]EndAt:17329663992776,TaskAttempt ID:585,Partition Id:17,Stage Id:20
16/11/08 13:36:02 INFO myLogger: [UnionRDD]StartAt:17343495072021,TaskAttempt ID:630,Partition Id:16,Stage Id:40
16/11/08 13:36:02 INFO myLogger: [MapPartitionsRDD]StartAt:17343495907079,TaskAttempt ID:630,Partition Id:16,Stage Id:40
16/11/08 13:36:02 INFO myLogger: [ShuffledRDD]StartAt:17343496309724,TaskAttempt ID:630,Partition Id:16,Stage Id:40
16/11/08 13:36:02 INFO myLogger: [ShuffledRDD]EndAt:17343559017966,TaskAttempt ID:630,Partition Id:16,Stage Id:40
16/11/08 13:36:02 INFO myLogger: [MapPartitionsRDD]EndAt:17343563795257,TaskAttempt ID:630,Partition Id:16,Stage Id:40
16/11/08 13:36:04 INFO myLogger: [UnionRDD]EndAt:17345351920294,TaskAttempt ID:630,Partition Id:16,Stage Id:40
16/11/08 13:36:40 INFO myLogger: [MapPartitionsRDD]StartAt:17381990468694,TaskAttempt ID:662,Partition Id:12,Stage Id:41
16/11/08 13:36:40 INFO myLogger: [ShuffledRDD]StartAt:17381990860142,TaskAttempt ID:662,Partition Id:12,Stage Id:41
16/11/08 13:36:40 INFO myLogger: [ShuffledRDD]EndAt:17382049132816,TaskAttempt ID:662,Partition Id:12,Stage Id:41
16/11/08 13:36:40 INFO myLogger: [MapPartitionsRDD]EndAt:17382050249569,TaskAttempt ID:662,Partition Id:12,Stage Id:41
16/11/08 13:36:48 INFO myLogger: [UnionRDD]StartAt:17389629206524,TaskAttempt ID:668,Partition Id:1,Stage Id:60
16/11/08 13:36:48 INFO myLogger: [MapPartitionsRDD]StartAt:17389630687026,TaskAttempt ID:668,Partition Id:1,Stage Id:60
16/11/0816/11/08 13:36:48 INFO myLogger: [UnionRDD]StartAt:17389637198856,TaskAttempt ID:676,Partition Id:17,Stage Id:60
16/11/08 13:36:48 INFO myLogger: [MapPartitionsRDD]StartAt:17389637870259,TaskAttempt ID:676,Partition Id:17,Stage Id:60
16/11/08 13:36:48 INFO myLogger: [ShuffledRDD]StartAt:17389638140682,TaskAttempt ID:676,Partition Id:17,Stage Id:60
16/11/08 13:36:48 INFO myLogger: [ShuffledRDD]EndAt:17389727697395,TaskAttempt ID:676,Partition Id:17,Stage Id:60
16/11/08 13:36:48 INFO myLogger: [MapPartitionsRDD]EndAt:17389736072816,TaskAttempt ID:676,Partition Id:17,Stage Id:60
16/11/08 13:37:19 INFO myLogger: [UnionRDD]EndAt:17420517721422,TaskAttempt ID:676,Partition Id:17,Stage Id:60
16/11/08 13:37:33 INFO myLogger: [UnionRDD]StartAt:17434882711775,TaskAttempt ID:727,Partition Id:12,Stage Id:80
16/11/08 13:37:33 INFO myLogger: [MapPartitionsRDD]StartAt:17434883593859,TaskAttempt ID:727,Partition Id:12,Stage Id:80
16/11/08 13:37:33 INFO myLogger: [ShuffledRDD]StartAt:17434883892289,TaskAttempt ID:727,Partition Id:12,Stage Id:80
16/11/08 13:37:33 INFO myLogger: [ShuffledRDD]EndAt:17434952759792,TaskAttempt ID:727,Partition Id:12,Stage Id:80
16/11/08 13:37:33 INFO myLogger: [MapPartitionsRDD]EndAt:17434953292981,TaskAttempt ID:727,Partition Id:12,Stage Id:80
16/11/08 13:37:38 INFO myLogger: [UnionRDD]EndAt:17439354542053,TaskAttempt ID:727,Partition Id:12,Stage Id:80
16/11/08 13:38:12 INFO myLogger: [MapPartitionsRDD]StartAt:17473676469279,TaskAttempt ID:748,Partition Id:0,Stage Id:81
16/11/08 13:38:12 INFO myLogger: [ShuffledRDD]StartAt:17473676780898,TaskAttempt ID:748,Partition Id:0,Stage Id:81
16/11/08 13:38:12 INFO myLogger: [ShuffledRDD]EndAt:17473730489683,TaskAttempt ID:748,Partition Id:0,Stage Id:81
16/11/08 13:38:12 INFO myLogger: [MapPartitionsRDD]EndAt:17473731691389,TaskAttempt ID:748,Partition Id:0,Stage Id:81
16/11/08 13:38:20 INFO myLogger: [UnionRDD]StartAt:17481777267831,TaskAttempt ID:768,Partition Id:11,Stage Id:100
16/11/08 13:38:20 INFO myLogger: [MapPartitionsRDD]StartAt:17481778114645,TaskAttempt ID:768,Partition Id:11,Stage Id:100
16/11/08 13:38:20 INFO myLogger: [ShuffledRDD]StartAt:17481778376646,TaskAttempt ID:768,Partition Id:11,Stage Id:100
16/11/08 13:38:20 INFO myLogger: [ShuffledRDD]EndAt:17481807583865,TaskAttempt ID:768,Partition Id:11,Stage Id:100
16/11/08 13:38:20 INFO myLogger: [MapPartitionsRDD]EndAt:17481809105945,TaskAttempt ID:768,Partition Id:11,Stage Id:100
16/11/08 13:38:25 INFO myLogger: [UnionRDD]EndAt:17487276539536,TaskAttempt ID:768,Partition Id:11,Stage Id:100
16/11/08 13:38:58 INFO myLogger: [MapPartitionsRDD]StartAt:17519885924378,TaskAttempt ID:802,Partition Id:11,Stage Id:101
16/11/08 13:38:58 INFO myLogger: [ShuffledRDD]StartAt:17519886336439,TaskAttempt ID:802,Partition Id:11,Stage Id:101
16/11/08 13:38:58 INFO myLogger: [ShuffledRDD]EndAt:17519958166771,TaskAttempt ID:802,Partition Id:11,Stage Id:101
16/11/08 13:38:58 INFO myLogger: [MapPartitionsRDD]EndAt:17519958734841,TaskAttempt ID:802,Partition Id:11,Stage Id:101
16/11/08 13:39:05 INFO myLogger: [UnionRDD]StartAt:17526990726186,TaskAttempt ID:818,Partition Id:11,Stage Id:120
16/11/08 13:39:05 INFO myLogger: [MapPartitionsRDD]StartAt:17526991788906,TaskAttempt ID:818,Partition Id:11,Stage Id:120
16/11/08 13:39:05 INFO myLogger: [ShuffledRDD]StartAt:17526992438424,TaskAttempt ID:818,Partition Id:11,Stage Id:120
16/11/08 13:39:05 INFO myLogger: [ShuffledRDD]EndAt:17527062576970,TaskAttempt ID:818,Partition Id:11,Stage Id:120
16/11/08 13:39:05 INFO myLogger: [MapPartitionsRDD]EndAt:17527063184945,TaskAttempt ID:818,Partition Id:11,Stage Id:120
16/11/08 13:39:10 INFO myLogger: [UnionRDD]EndAt:17531734708792,TaskAttempt ID:818,Partition Id:11,Stage Id:120
16/11/08 13:39:53 INFO myLogger: [UnionRDD]StartAt:17574794943343,TaskAttempt ID:867,Partition Id:2,Stage Id:140
16/11/08 13:39:53 INFO myLogger: [MapPartitionsRDD]StartAt:17574798477624,TaskAttempt ID:867,Partition Id:2,Stage Id:140
16/11/08 13:39:53 INFO myLogger: [ShuffledRDD]StartAt:17574798798247,TaskAttempt ID:867,Partition Id:2,Stage Id:140
16/11/08 13:39:53 INFO myLogger: [ShuffledRDD]EndAt:17574886850638,TaskAttempt ID:867,Partition Id:2,Stage Id:140
16/11/08 13:39:53 INFO myLogger: [MapPartitionsRDD]EndAt:17574887547896,TaskAttempt ID:867,Partition Id:2,Stage Id:140
16/11/08 13:39:58 INFO myLogger: [UnionRDD]EndAt:17580046411225,TaskAttempt ID:867,Partition Id:2,Stage Id:140
16/11/08 13:40:31 INFO myLogger: [MapPartitionsRDD]StartAt:17613102169333,TaskAttempt ID:893,Partition Id:0,Stage Id:141
16/11/08 13:40:31 INFO myLogger: [ShuffledRDD]StartAt:17613102479773,TaskAttempt ID:893,Partition Id:0,Stage Id:141
16/11/08 13:40:31 INFO myLogger: [ShuffledRDD]EndAt:17613131663595,TaskAttempt ID:893,Partition Id:0,Stage Id:141
16/11/08 13:40:31 INFO myLogger: [MapPartitionsRDD]EndAt:17613132445324,TaskAttempt ID:893,Partition Id:0,Stage Id:141
16/11/08 13:40:41 INFO myLogger: [UnionRDD]StartAt:17622611584961,TaskAttempt ID:914,Partition Id:11,Stage Id:160
16/11/08 13:40:41 INFO myLogger: [MapPartitionsRDD]StartAt:17622612798692,TaskAttempt ID:914,Partition Id:11,Stage Id:160
16/11/08 13:40:41 INFO myLogger: [ShuffledRDD]StartAt:17622613070303,TaskAttempt ID:914,Partition Id:11,Stage Id:160
16/11/08 13:40:41 INFO myLogger: [ShuffledRDD]EndAt:17622650979429,TaskAttempt ID:914,Partition Id:11,Stage Id:160
16/11/08 13:40:41 INFO myLogger: [MapPartitionsRDD]EndAt:17622651450029,TaskAttempt ID:914,Partition Id:11,Stage Id:160
16/11/08 13:40:45 INFO myLogger: [UnionRDD]EndAt:17627212506542,TaskAttempt ID:914,Partition Id:11,Stage Id:160
16/11/08 13:41:27 INFO myLogger: [UnionRDD]StartAt:17668682045259,TaskAttempt ID:970,Partition Id:18,Stage Id:180
16/11/08 13:41:27 INFO myLogger: [MapPartitionsRDD]StartAt:17668682719120,TaskAttempt ID:970,Partition Id:18,Stage Id:180
16/11/08 13:41:27 INFO myLogger: [ShuffledRDD]StartAt:17668682945022,TaskAttempt ID:970,Partition Id:18,Stage Id:180
16/11/08 13:41:27 INFO myLogger: [ShuffledRDD]EndAt:17668723739356,TaskAttempt ID:970,Partition Id:18,Stage Id:180
16/11/08 13:41:27 INFO myLogger: [MapPartitionsRDD]EndAt:17668724802656,TaskAttempt ID:970,Partition Id:18,Stage Id:180
16/11/08 13:41:29 INFO myLogger: [UnionRDD]EndAt:17670955055267,TaskAttempt ID:970,Partition Id:18,Stage Id:180
16/11/08 13:42:05 INFO myLogger: [MapPartitionsRDD]StartAt:17707200395294,TaskAttempt ID:991,Partition Id:2,Stage Id:181
16/11/08 13:42:05 INFO myLogger: [ShuffledRDD]StartAt:17707200634966,TaskAttempt ID:991,Partition Id:2,Stage Id:181
16/11/08 13:42:05 INFO myLogger: [ShuffledRDD]EndAt:17707260839257,TaskAttempt ID:991,Partition Id:2,Stage Id:181
16/11/08 13:42:05 INFO myLogger: [MapPartitionsRDD]EndAt:17707261478106,TaskAttempt ID:991,Partition Id:2,Stage Id:181
16/11/08 13:42:13 INFO myLogger: [UnionRDD]StartAt:17714596972124,TaskAttempt ID:1004,Partition Id:1,Stage Id:200
16/11/08 13:42:13 INFO myLogger: [UnionRDD]StartAt:17714597056638,TaskAttempt ID:1020,Partition Id:28,Stage Id:200
16/11/08 13:42:13 INFO myLogger: [MapPartitionsRDD]StartAt:17714598260034,TaskAttempt ID:1020,Partition Id:28,Stage Id:200
16/11/08 13:42:13 INFO myLogger: [ShuffledRDD]StartAt:17714598538578,TaskAttempt ID:1020,Partition Id:28,Stage Id:200
16/11/08 13:42:13 INFO myLogger: [MapPartitionsRDD]StartAt:17714604559948,TaskAttempt ID:1004,Partition Id:1,Stage Id:200
16/11/08 13:42:13 INFO myLogger: [ShuffledRDD]StartAt:17714604863544,TaskAttempt ID:1004,Partition Id:1,Stage Id:200
16/11/08 13:42:13 INFO myLogger: [ShuffledRDD]EndAt:17714671645342,TaskAttempt ID:1004,Partition Id:1,Stage Id:200
16/11/08 13:42:13 INFO myLogger: [MapPartitionsRDD]EndAt:17714672516572,TaskAttempt ID:1004,Partition Id:1,Stage Id:200
16/11/08 13:42:13 INFO myLogger: [ShuffledRDD]EndAt:17714694476737,TaskAttempt ID:1020,Partition Id:28,Stage Id:200
16/11/08 13:42:13 INFO myLogger: [MapPartitionsRDD]EndAt:17714695138800,TaskAttempt ID:1020,Partition Id:28,Stage Id:200
16/11/08 13:42:15 INFO myLogger: [UnionRDD]EndAt:17716603670481,TaskAttempt ID:1020,Partition Id:28,Stage Id:200
16/11/08 13:42:47 INFO myLogger: [UnionRDD]EndAt:17748550417753,TaskAttempt ID:1004,Partition Id:1,Stage Id:200
16/11/08 13:42:59 INFO myLogger: [UnionRDD]StartAt:17760738636347,TaskAttempt ID:1056,Partition Id:11,Stage Id:220
16/11/08 13:42:59 INFO myLogger: [MapPartitionsRDD]StartAt:17760739403140,TaskAttempt ID:1056,Partition Id:11,Stage Id:220
16/11/08 13:42:59 INFO myLogger: [ShuffledRDD]StartAt:17760739640195,TaskAttempt ID:1056,Partition Id:11,Stage Id:220
16/11/08 13:42:59 INFO myLogger: [ShuffledRDD]EndAt:17760772531865,TaskAttempt ID:1056,Partition Id:11,Stage Id:220
16/11/08 13:42:59 INFO myLogger: [MapPartitionsRDD]EndAt:17760773231470,TaskAttempt ID:1056,Partition Id:11,Stage Id:220
16/11/08 13:43:04 INFO myLogger: [UnionRDD]EndAt:17765682084437,TaskAttempt ID:1056,Partition Id:11,Stage Id:220
16/11/08 13:43:46 INFO myLogger: [UnionRDD]StartAt:17807697486038,TaskAttempt ID:1118,Partition Id:28,Stage Id:240
16/11/08 13:43:46 INFO myLogger: [UnionRDD]StartAt:17807697562338,TaskAttempt ID:1102,Partition Id:1,Stage Id:240
16/11/08 13:43:46 INFO myLogger: [MapPartitionsRDD]StartAt:17807698678970,TaskAttempt ID:1118,Partition Id:28,Stage Id:240
16/11/08 13:43:46 INFO myLogger: [MapPartitionsRDD]StartAt:17807698755900,TaskAttempt ID:1102,Partition Id:1,Stage Id:240
16/11/08 13:43:46 INFO myLogger: [ShuffledRDD]StartAt:17807699068068,TaskAttempt ID:1118,Partition Id:28,Stage Id:240
16/11/08 13:43:46 INFO myLogger: [ShuffledRDD]StartAt:17807699124385,TaskAttempt ID:1102,Partition Id:1,Stage Id:240
16/11/08 13:43:46 INFO myLogger: [ShuffledRDD]EndAt:17807739026916,TaskAttempt ID:1102,Partition Id:1,Stage Id:240
16/11/08 13:43:46 INFO myLogger: [MapPartitionsRDD]EndAt:17807739648419,TaskAttempt ID:1102,Partition Id:1,Stage Id:240
16/11/08 13:43:46 INFO myLogger: [ShuffledRDD]EndAt:17807741894410,TaskAttempt ID:1118,Partition Id:28,Stage Id:240
16/11/08 13:43:46 INFO myLogger: [MapPartitionsRDD]EndAt:17807742300676,TaskAttempt ID:1118,Partition Id:28,Stage Id:240
16/11/08 13:43:48 INFO myLogger: [UnionRDD]EndAt:17809984927233,TaskAttempt ID:1118,Partition Id:28,Stage Id:240
16/11/08 13:44:19 INFO myLogger: [UnionRDD]EndAt:17840978210816,TaskAttempt ID:1102,Partition Id:1,Stage Id:240
16/11/08 13:44:32 INFO myLogger: [UnionRDD]StartAt:17853355695875,TaskAttempt ID:1154,Partition Id:11,Stage Id:260
16/11/08 13:44:32 INFO myLogger: [MapPartitionsRDD]StartAt:17853356417986,TaskAttempt ID:1154,Partition Id:11,Stage Id:260
16/11/08 13:44:32 INFO myLogger: [ShuffledRDD]StartAt:17853356655531,TaskAttempt ID:1154,Partition Id:11,Stage Id:260
16/11/08 13:44:32 INFO myLogger: [ShuffledRDD]EndAt:17853387386853,TaskAttempt ID:1154,Partition Id:11,Stage Id:260
16/11/08 13:44:32 INFO myLogger: [MapPartitionsRDD]EndAt:17853387884549,TaskAttempt ID:1154,Partition Id:11,Stage Id:260
16/11/08 13:44:36 INFO myLogger: [UnionRDD]EndAt:17857901566306,TaskAttempt ID:1154,Partition Id:11,Stage Id:260
16/11/08 13:45:11 INFO myLogger: [MapPartitionsRDD]StartAt:17892738460028,TaskAttempt ID:1180,Partition Id:0,Stage Id:261
16/11/08 13:45:11 INFO myLogger: [ShuffledRDD]StartAt:17892738768384,TaskAttempt ID:1180,Partition Id:0,Stage Id:261
16/11/08 13:45:11 INFO myLogger: [ShuffledRDD]EndAt:17892763443835,TaskAttempt ID:1180,Partition Id:0,Stage Id:261
16/11/08 13:45:11 INFO myLogger: [MapPartitionsRDD]EndAt:17892764159104,TaskAttempt ID:1180,Partition Id:0,Stage Id:261
16/11/08 13:45:19 INFO myLogger: [UnionRDD]StartAt:17901023246815,TaskAttempt ID:1201,Partition Id:2,Stage Id:280
16/11/08 13:45:19 INFO myLogger: [MapPartitionsRDD]StartAt:17901023946882,TaskAttempt ID:1201,Partition Id:2,Stage Id:280
16/11/08 13:45:19 INFO myLogger: [ShuffledRDD]StartAt:17901024345356,TaskAttempt ID:1201,Partition Id:2,Stage Id:280
16/11/08 13:45:19 INFO myLogger: [ShuffledRDD]EndAt:17901055414226,TaskAttempt ID:1201,Partition Id:2,Stage Id:280
16/11/08 13:45:19 INFO myLogger: [MapPartitionsRDD]EndAt:17901057295767,TaskAttempt ID:1201,Partition Id:2,Stage Id:280
16/11/08 13:45:24 INFO myLogger: [UnionRDD]EndAt:17906090095298,TaskAttempt ID:1201,Partition Id:2,Stage Id:280
16/11/08 13:45:58 INFO myLogger: [MapPartitionsRDD]StartAt:17939680482797,TaskAttempt ID:1236,Partition Id:12,Stage Id:281
16/11/08 13:45:58 INFO myLogger: [ShuffledRDD]StartAt:17939680763405,TaskAttempt ID:1236,Partition Id:12,Stage Id:281
16/11/08 13:45:58 INFO myLogger: [ShuffledRDD]EndAt:17939707981731,TaskAttempt ID:1236,Partition Id:12,Stage Id:281
16/11/08 13:45:58 INFO myLogger: [MapPartitionsRDD]EndAt:17939708607456,TaskAttempt ID:1236,Partition Id:12,Stage Id:281
16/11/08 13:46:06 INFO myLogger: [UnionRDD]StartAt:17947715939009,TaskAttempt ID:1256,Partition Id:18,Stage Id:300
16/11/08 13:46:06 INFO myLogger: [MapPartitionsRDD]StartAt:17947719744837,TaskAttempt ID:1256,Partition Id:18,Stage Id:300
16/11/08 13:46:06 INFO myLogger: [ShuffledRDD]StartAt:17947729122914,TaskAttempt ID:1256,Partition Id:18,Stage Id:300
16/11/08 13:46:06 INFO myLogger: [ShuffledRDD]EndAt:17947795612068,TaskAttempt ID:1256,Partition Id:18,Stage Id:300
16/11/08 13:46:06 INFO myLogger: [MapPartitionsRDD]EndAt:17947796405480,TaskAttempt ID:1256,Partition Id:18,Stage Id:300
16/11/08 13:46:08 INFO myLogger: [UnionRDD]EndAt:17950059877556,TaskAttempt ID:1256,Partition Id:18,Stage Id:300
16/11/08 13:46:45 INFO myLogger: [MapPartitionsRDD]StartAt:17987244712648,TaskAttempt ID:1275,Partition Id:0,Stage Id:301
16/11/08 13:46:45 INFO myLogger: [ShuffledRDD]StartAt:17987245068356,TaskAttempt ID:1275,Partition Id:0,Stage Id:301
16/11/08 13:46:45 INFO myLogger: [ShuffledRDD]EndAt:17987293835978,TaskAttempt ID:1275,Partition Id:0,Stage Id:301
16/11/08 13:46:45 INFO myLogger: [MapPartitionsRDD]EndAt:17987294478698,TaskAttempt ID:1275,Partition Id:0,Stage Id:301
16/11/08 13:46:53 INFO myLogger: [UnionRDD]StartAt:17994958326683,TaskAttempt ID:1301,Partition Id:16,Stage Id:320
16/11/08 13:46:53 INFO myLogger: [MapPartitionsRDD]StartAt:17994959159275,TaskAttempt ID:1301,Partition Id:16,Stage Id:320
16/11/08 13:46:53 INFO myLogger: [ShuffledRDD]StartAt:17994959427303,TaskAttempt ID:1301,Partition Id:16,Stage Id:320
16/11/08 13:46:53 INFO myLogger: [ShuffledRDD]EndAt:17995041988345,TaskAttempt ID:1301,Partition Id:16,Stage Id:320
16/11/08 13:46:53 INFO myLogger: [MapPartitionsRDD]EndAt:17995042550436,TaskAttempt ID:1301,Partition Id:16,Stage Id:320
16/11/08 13:46:55 INFO myLogger: [UnionRDD]EndAt:17996663477836,TaskAttempt ID:1301,Partition Id:16,Stage Id:320
16/11/08 13:47:31 INFO myLogger: [MapPartitionsRDD]StartAt:18032697393838,TaskAttempt ID:1323,Partition Id:0,Stage Id:321
16/11/08 13:47:31 INFO myLogger: [ShuffledRDD]StartAt:18032697699702,TaskAttempt ID:1323,Partition Id:0,Stage Id:321
16/11/08 13:47:31 INFO myLogger: [ShuffledRDD]EndAt:18032733402263,TaskAttempt ID:1323,Partition Id:0,Stage Id:321
16/11/08 13:47:31 INFO myLogger: [MapPartitionsRDD]EndAt:18032733937343,TaskAttempt ID:1323,Partition Id:0,Stage Id:321
5,Partition Id:0,Stage Id:300
16/11/08 13:46:06 INFO myLogger: [MapPartitionsRDD]StartAt:17947717792811,TaskAttempt ID:1245,Partition Id:0,Stage Id:300
16/11/08 13:46:06 INFO myLogger: [ShuffledRDD]StartAt:17947718095471,TaskAttempt ID:1245,Partition Id:0,Stage Id:300
16/11/08 13:46:06 INFO myLogger: [UnionRDD]StartAt:17947718798601,TaskAttempt ID:1261,Partition Id:27,Stage Id:300
16/11/08 13:46:06 INFO myLogger: [MapPartitionsRDD]StartAt:17947719637486,TaskAttempt ID:1261,Partition Id:27,St16/11/08 13:46:06 INFO myLogger: [ShuffledRD16/11/08 13:46:06 INFO myLogger: [ShuffledRDD]EndAt:17947784771923,TaskAttempt ID:12516/11/08 13:46:06 INFO myLogger: [ShuffledRDD]EndAt:17947800982622,TaskAttempt ID:1245,Partition Id:0,Stage 16/11/08 13:46:11 INFO myLogger: [UnionRDD]EndAt:17953115014081,TaskAttempt ID:1251,Partition Id:11,Stage Id:300
16/11/08 13:46:53 INFO myLogger: [UnionRDD]StartAt:17994956768594,TaskAttempt ID:1292,Partition Id:1,Stage Id:320
16/11/08 13:46:53 INFO myLogger: [MapPartitionsRDD]StartAt:17994957656307,TaskAttempt ID:1292,Partition Id:1,Stage Id:320
16/11/08 13:46:53 INFO myLogger: [ShuffledRDD]StartAt:17994957979919,TaskAttempt ID:1292,Partition Id:1,Stage Id:320
16/11/08 13:46:53 INFO myLogger: [UnionRDD]StartAt:17994961741988,TaskAttempt ID:1308,Partition Id:28,Stage Id:320
16/11/08 13:46:53 INFO myLogger: [MapPartitionsRDD]StartAt:17994993851205,TaskAttempt ID:1308,Partition Id:28,Stage Id:320
16/11/08 13:46:53 INFO myLogger: [ShuffledRDD]StartAt:17994994208672,TaskAttempt ID:1308,Partition Id:28,Stage Id:320
16/11/08 13:46:53 INFO myLogger: [ShuffledRDD]EndAt:17995063119644,TaskAttempt ID:1292,Partition Id:1,Stage Id:320
16/11/08 13:46:53 INFO myLogger: [MapPartitionsRDD]EndAt:17995063668181,TaskAttempt ID:1292,Partition Id:1,Stage Id:320
16/11/08 13:46:53 INFO myLogger: [ShuffledRDD]EndAt:17995066590402,TaskAttempt ID:1308,Partition Id:28,Stage Id:320
16/11/08 13:46:53 INFO myLogger: [MapPartitionsRDD]16/11/08 13:47:24 INFO myLogger: [UnionRDD]EndAt:18026031030243,TaskAttempt ID:1302,Partition Id:17,Stage Id:320
16/11/08 13:47:31 INFO myLogger: [MapPartitionsRDD]StartAt:18032687588512,TaskAttempt ID:1326,Partition Id:2,Stage Id:321
16/11/08 13:47:31 INFO myLogger: [ShuffledRDD]StartAt:18032687969264,TaskAttempt ID:1326,Partition Id:2,Stage Id:321
16/11/08 13:47:31 INFO myLogger: [ShuffledRDD]EndAt:18032746096728,TaskAttempt ID:1326,Partition Id:2,Stage Id:321
16/11/08 13:47:31 INFO myLogger: [MapPartitionsRDD]EndAt:18032746827652,TaskAttempt ID:1326,Partition Id:2,Stage Id:321
onsRDD]StartAt:18032687824976,TaskAttempt ID:1325,Partition Id:1,Stage Id:321
16/11/08 13:47:31 INFO myLogger: [ShuffledRDD]StartAt:18032688246164,TaskAttempt ID:1325,Partition Id:1,Stage Id:321
16/11/08 13:47:31 INFO myLogger: [ShuffledRDD]EndAt:18032709979929,TaskAttempt ID:1325,Partition Id:1,Stage Id:321
16/11/08 13:47:31 INFO myLogger: [MapPartitionsRDD]EndAt:18032710534735,TaskAttempt ID:1325,Partition Id:1,Stage Id:321
FO myLogger: [ShuffledRDD]StartAt:17994954553875,TaskAttempt ID:1297,Partition Id:12,Stage Id:320
16/11/08 13:46:53 INFO myLogger: [ShuffledRDD]EndAt:17995023113080,TaskAttempt ID:1297,Partition Id:12,Stage Id:320
16/11/08 13:46:53 INFO myLogger: [MapPartitionsRDD]EndAt:17995023738423,TaskAttempt ID:1297,Partition Id:12,Stage Id:320
16/11/08 13:46:58 INFO myLog16/11/08 13:46:58 INFO myLogger: [UnionRDD]EndAt:18000058050798,TaskAttempt ID:1294,P16/11/08 13:47:31 INFO myLogger: [MapPartitionsRDD]StartAt:18032684697529,TaskAttempt ID:1331,Partition Id:12,Stage Id:321
16/11/08 13:47:31 INFO myLogger: [ShuffledRDD]StartAt:18032685092090,TaskAttempt ID:1331,Partition Id:12,Stage Id:321
16/11/08 13:47:31 INFO myLogger: [ShuffledRDD]EndAt:18032727624035,TaskAttempt ID:1331,Partition Id:12,Stage Id:321
16/11/08 13:47:31 INFO myLogger: [MapPartitionsRDD]EndAt:18032733119830,TaskAttempt ID:1331,Partition Id:12,Stage Id:321
tartAt:17987226421507,TaskAttempt ID:1280,Partition Id:11,Stage Id:301
16/11/08 13:46:45 INFO myLogger: [ShuffledRDD]StartAt:17987226872524,TaskAttempt ID:1280,Partition Id:11,Stage Id:301
16/11/08 13:46:45 INFO myLogger: [ShuffledRDD]EndAt:17987262043438,TaskAttempt ID:1280,Partition Id:11,Stage Id:301
16/11/08 13:46:45 INFO myLogger: [MapPartitionsRDD]EndAt:17987262601256,TaskAttempt ID:1280,Partition Id:11,Stage Id:301
16/11/08 13:46:53 INFO myLogger: [UnionRDD]StartAt:17994952936691,TaskAttempt ID:1307,Partition Id:27,Stage Id:320
16/11/08 13:46:53 INFO myLogger: [MapPartitionsRDD]StartAt:17994953790625,TaskAttempt ID:1307,Partition Id:27,Stage Id:320
16/11/08 13:46:53 INFO myLogger: [ShuffledRDD]StartAt:17994954366083,TaskAttempt ID:1307,Partition Id:27,Stage Id:320
16/11/08 13:46:53 INFO myLogger: [UnionRDD]StartAt:17994960395519,TaskAttempt ID:1291,Partition Id:0,Stage Id:320
16/11/08 13:46:53 INFO myLogger: [MapPartitionsRDD]StartAt:17994961645075,TaskAttempt ID:1291,Partition Id:0,Stage Id:320
16/11/08 13:46:53 INFO myLogger: [ShuffledRDD]StartAt:17994961965510,TaskAttempt ID:1291,Partition Id:0,Stage Id:320
16/11/08 13:46:53 INFO myLogger: [ShuffledRDD]EndAt:17994975137385,TaskAttempt ID:1307,Partition Id:27,Stage Id:320
16/11/08 13:46:53 INFO myLogger: [MapPartitionsRDD]EndAt:17994975825118,TaskAttempt ID:1307,Partition Id:27,Stage Id:320
16/11/08 13:46:53 INFO myLogger: [ShuffledRDD]EndAt:17995012400370,TaskAttempt ID:1291,Partition Id:0,Stage Id:320
16/11/08 13:46:53 INFO myLogger: [MapPartitionsRDD]EndAt:17995013040110,TaskAttempt ID:1291,Partition Id:0,Stage Id:320
16/11/08 13:46:55 INFO myLogger: [UnionRDD]EndAt:17996929859172,TaskAttempt ID:1307,Partition Id:27,Stage Id:320
16/11/08 13:46:58 INFO myLogger: [UnionRDD]EndAt:17999783917594,TaskAttempt ID:1291,Partition Id:0,Stage Id:320
 myLogger: [UnionRDD]StartAt:17947702518810,TaskAttempt ID:1249,Partition Id:2,Stage Id:300
16/11/08 13:46:06 INFO myLogger: [MapPartitionsRDD]StartAt:17947703630698,TaskAttempt ID:1249,Partition Id:2,Stage Id:300
16/11/08 13:46:06 INFO myLogger: [ShuffledRDD]StartAt:17947704040106,TaskAttempt ID:1249,Partition Id:2,Stage Id:300
16/11/08 13:46:06 INFO myLogger: [ShuffledRDD]EndAt:17947739078942,TaskAttempt ID:1249,Partition Id:2,Stage Id:300
16/11/08 13:46:06 INFO myLogger: [MapPartitionsRDD]EndAt:17947739855784,TaskAttempt ID:1249,Partition Id:2,Stage Id:300
16/11/08 13:46:11 INFO myLogger: [UnionRDD]EndAt:17952580303297,TaskAttempt ID:1249,Partition Id:2,Stage Id:300
16/11/08 13:46:45 INFO myLogger: [MapPartitionsRDD]StartAt:17987225560565,TaskAttempt ID:1278,Partition Id:2,Stage Id:301
16/11/08 13:46:45 INFO myLogger: [ShuffledRDD]StartAt:17987225980004,TaskAttempt ID:1278,Partition Id:2,Stage Id:301
16/11/08 13:46:45 INFO myLogger: [ShuffledRDD]EndAt:17987261278478,TaskAttempt ID:1278,Partition Id:2,Stage Id:301
16/11/08 13:46:45 INFO myLogger: [MapPartitionsRDD]EndAt:17987261887678,TaskAttempt ID:1278,Partition Id:2,Stage Id:301
16/11/08 13:46:53 INFO myLogger: [UnionRDD]StartAt:17994953673113,TaskAttempt ID:1305,Partition Id:18,Stage Id:320
16/11/08 13:46:53 INFO myLogger: [MapPartitionsRDD]StartAt:17994955126584,TaskAttempt ID:1305,Partition Id:18,Stage Id:320
16/11/08 13:46:53 INFO myLogger: [ShuffledRDD]StartAt:17994955464563,TaskAttempt ID:1305,Partition Id:18,Stage Id:320
16/11/08 13:46:53 INFO myLogger: [ShuffledRDD]EndAt:17994975098473,TaskAttempt ID:1305,Partition Id:18,Stage Id:320
16/11/08 13:46:53 INFO myLogger: [MapPartitionsRDD]EndAt:17994975758239,TaskAttempt ID:1305,Partition Id:18,Stage Id:320
16/11/08 13:46:55 INFO myLogger: [UnionRDD]EndAt:17997287542491,TaskAttempt ID:1305,Partition Id:18,Stage Id:320
16/11/08 13:47:31 INFO myLogger: [MapPartitionsRDD]StartAt:18032688173108,TaskAttempt ID:1329,Partition Id:11,Stage Id:321
16/11/08 13:47:31 INFO myLogger: [ShuffledRDD]StartAt:18032688560817,TaskAttempt ID:1329,Partition Id:11,Stage Id:321
16/11/08 13:47:31 INFO myLogger: [ShuffledRDD]EndAt:18032713503529,TaskAttempt ID:1329,Partition Id:11,Stage Id:321
16/11/08 13:47:31 INFO myLogger: [MapPartitionsRDD]EndAt:18032714098886,TaskAttempt ID:1329,Partition Id:11,Stage Id:321
