16/11/22 13:30:53 INFO serializeLogger: [CreationPYRE]StartAt:1479846653571,Parent RDD ID:1,Name:../shuffle_10M100k.dat,TaskAttempt ID:6,Partition Id:1,Stage Id:1
16/11/22 13:30:53 INFO serializeLogger: [CreationPYRE]EndAt:1479846653573,Parent RDD ID:1,Name:../shuffle_10M100k.dat,TaskAttempt ID:6,Partition Id:1,Stage Id:1
16/11/22 13:30:53 INFO serializeLogger: [RunnerCompute]StartAt:1479846653573,Parent RDD ID:1,Name:../shuffle_10M100k.dat,TaskAttempt ID:6,Partition Id:1,Stage Id:1
16/11/22 13:31:00 INFO serializeLogger: [writerThread]StartAt:1479846660545,Parent RDD ID:1,Name:../shuffle_10M100k.dat,TaskAttempt ID:6,Partition Id:1,Stage Id:1
16/11/22 13:31:19 INFO serializeLogger: [RunnerCompute]EndAt:1479846679378,Parent RDD ID:1,Name:../shuffle_10M100k.dat,TaskAttempt ID:6,Partition Id:1,Stage Id:1
16/11/22 13:31:19 INFO serializeLogger: [writerThread]EndAt:1479846679390,Parent RDD ID:1,Name:../shuffle_10M100k.dat,TaskAttempt ID:6,Partition Id:1,Stage Id:1
16/11/22 13:31:20 INFO serializeLogger: [CreationPYRE]StartAt:1479846680275,Parent RDD ID:1,Name:../shuffle_10M100k.dat,TaskAttempt ID:13,Partition Id:3,Stage Id:2
16/11/22 13:31:20 INFO serializeLogger: [CreationPYRE]EndAt:1479846680276,Parent RDD ID:1,Name:../shuffle_10M100k.dat,TaskAttempt ID:13,Partition Id:3,Stage Id:2
16/11/22 13:31:20 INFO serializeLogger: [RunnerCompute]StartAt:1479846680276,Parent RDD ID:1,Name:../shuffle_10M100k.dat,TaskAttempt ID:13,Partition Id:3,Stage Id:2
16/11/22 13:31:20 INFO serializeLogger: [writerThread]StartAt:1479846680285,Parent RDD ID:1,Name:../shuffle_10M100k.dat,TaskAttempt ID:13,Partition Id:3,Stage Id:2
16/11/22 13:31:20 INFO serializeLogger: [RunnerCompute]EndAt:1479846680369,Parent RDD ID:1,Name:../shuffle_10M100k.dat,TaskAttempt ID:13,Partition Id:3,Stage Id:2
16/11/22 13:32:03 INFO serializeLogger: [writerThread]EndAt:1479846723314,Parent RDD ID:1,Name:../shuffle_10M100k.dat,TaskAttempt ID:13,Partition Id:3,Stage Id:2
16/11/22 13:32:03 INFO serializeLogger: [CreationPYRE]StartAt:1479846723633,Parent RDD ID:11,Name:UnionRDD,TaskAttempt ID:15,Partition Id:0,Stage Id:3
16/11/22 13:32:03 INFO serializeLogger: [CreationPYRE]EndAt:1479846723634,Parent RDD ID:11,Name:UnionRDD,TaskAttempt ID:15,Partition Id:0,Stage Id:3
16/11/22 13:32:03 INFO serializeLogger: [RunnerCompute]StartAt:1479846723634,Parent RDD ID:11,Name:UnionRDD,TaskAttempt ID:15,Partition Id:0,Stage Id:3
16/11/22 13:32:03 INFO serializeLogger: [CreationPYRE]StartAt:1479846723634,Parent RDD ID:11,Name:UnionRDD,TaskAttempt ID:19,Partition Id:4,Stage Id:3
16/11/22 13:32:03 INFO serializeLogger: [CreationPYRE]EndAt:1479846723634,Parent RDD ID:11,Name:UnionRDD,TaskAttempt ID:19,Partition Id:4,Stage Id:3
16/11/22 13:32:03 INFO serializeLogger: [RunnerCompute]StartAt:1479846723635,Parent RDD ID:11,Name:UnionRDD,TaskAttempt ID:19,Partition Id:4,Stage Id:3
16/11/22 13:32:03 INFO serializeLogger: [CreationPYRE]StartAt:1479846723635,Parent RDD ID:7,Name:MapPartitionedRDD,TaskAttempt ID:15,Partition Id:0,Stage Id:3
16/11/22 13:32:03 INFO serializeLogger: [CreationPYRE]EndAt:1479846723635,Parent RDD ID:7,Name:MapPartitionedRDD,TaskAttempt ID:15,Partition Id:0,Stage Id:3
16/11/22 13:32:03 INFO serializeLogger: [RunnerCompute]StartAt:1479846723636,Parent RDD ID:7,Name:MapPartitionedRDD,TaskAttempt ID:15,Partition Id:0,Stage Id:3
16/11/22 13:32:03 INFO serializeLogger: [CreationPYRE]StartAt:1479846723636,Parent RDD ID:8,Name:ParallelCollectionRDD,TaskAttempt ID:19,Partition Id:4,Stage Id:3
16/11/22 13:32:03 INFO serializeLogger: [CreationPYRE]EndAt:1479846723636,Parent RDD ID:8,Name:ParallelCollectionRDD,TaskAttempt ID:19,Partition Id:4,Stage Id:3
16/11/22 13:32:03 INFO serializeLogger: [RunnerCompute]StartAt:1479846723637,Parent RDD ID:8,Name:ParallelCollectionRDD,TaskAttempt ID:19,Partition Id:4,Stage Id:3
16/11/22 13:32:03 INFO serializeLogger: [writerThread]StartAt:1479846723684,Parent RDD ID:8,Name:ParallelCollectionRDD,TaskAttempt ID:19,Partition Id:4,Stage Id:3
16/11/22 13:32:03 INFO serializeLogger: [RunnerCompute]EndAt:1479846723828,Parent RDD ID:8,Name:ParallelCollectionRDD,TaskAttempt ID:19,Partition Id:4,Stage Id:3
16/11/22 13:32:03 INFO serializeLogger: [writerThread]StartAt:1479846723831,Parent RDD ID:7,Name:MapPartitionedRDD,TaskAttempt ID:15,Partition Id:0,Stage Id:3
16/11/22 13:32:03 INFO serializeLogger: [writerThread]StartAt:1479846723851,Parent RDD ID:11,Name:UnionRDD,TaskAttempt ID:19,Partition Id:4,Stage Id:3
16/11/22 13:32:04 INFO serializeLogger: [RunnerCompute]EndAt:1479846724043,Parent RDD ID:11,Name:UnionRDD,TaskAttempt ID:19,Partition Id:4,Stage Id:3
16/11/22 13:32:04 INFO serializeLogger: [writerThread]EndAt:1479846724294,Parent RDD ID:11,Name:UnionRDD,TaskAttempt ID:19,Partition Id:4,Stage Id:3
16/11/22 13:32:04 INFO serializeLogger: [writerThread]EndAt:1479846724294,Parent RDD ID:8,Name:ParallelCollectionRDD,TaskAttempt ID:19,Partition Id:4,Stage Id:3
16/11/22 13:32:25 INFO serializeLogger: [RunnerCompute]EndAt:1479846745378,Parent RDD ID:7,Name:MapPartitionedRDD,TaskAttempt ID:15,Partition Id:0,Stage Id:3
16/11/22 13:32:25 INFO serializeLogger: [writerThread]StartAt:1479846745380,Parent RDD ID:11,Name:UnionRDD,TaskAttempt ID:15,Partition Id:0,Stage Id:3
16/11/22 13:32:43 INFO serializeLogger: [RunnerCompute]EndAt:1479846763017,Parent RDD ID:11,Name:UnionRDD,TaskAttempt ID:15,Partition Id:0,Stage Id:3
16/11/22 13:32:44 INFO serializeLogger: [writerThread]EndAt:1479846764222,Parent RDD ID:11,Name:UnionRDD,TaskAttempt ID:15,Partition Id:0,Stage Id:3
16/11/22 13:32:44 INFO serializeLogger: [writerThread]EndAt:1479846764222,Parent RDD ID:7,Name:MapPartitionedRDD,TaskAttempt ID:15,Partition Id:0,Stage Id:3
16/11/22 13:32:46 INFO serializeLogger: [CreationPYRE]StartAt:1479846766723,Parent RDD ID:18,Name:UnionRDD,TaskAttempt ID:28,Partition Id:0,Stage Id:4
16/11/22 13:32:46 INFO serializeLogger: [CreationPYRE]EndAt:1479846766724,Parent RDD ID:18,Name:UnionRDD,TaskAttempt ID:28,Partition Id:0,Stage Id:4
16/11/22 13:32:46 INFO serializeLogger: [RunnerCompute]StartAt:1479846766724,Parent RDD ID:18,Name:UnionRDD,TaskAttempt ID:28,Partition Id:0,Stage Id:4
16/11/22 13:32:46 INFO serializeLogger: [CreationPYRE]StartAt:1479846766725,Parent RDD ID:15,Name:MapPartitionedRDD,TaskAttempt ID:28,Partition Id:0,Stage Id:4
16/11/22 13:32:46 INFO serializeLogger: [CreationPYRE]EndAt:1479846766725,Parent RDD ID:15,Name:MapPartitionedRDD,TaskAttempt ID:28,Partition Id:0,Stage Id:4
16/11/22 13:32:46 INFO serializeLogger: [RunnerCompute]StartAt:1479846766725,Parent RDD ID:15,Name:MapPartitionedRDD,TaskAttempt ID:28,Partition Id:0,Stage Id:4
16/11/22 13:32:46 INFO serializeLogger: [CreationPYRE]StartAt:1479846766726,Parent RDD ID:18,Name:UnionRDD,TaskAttempt ID:24,Partition Id:4,Stage Id:4
16/11/22 13:32:46 INFO serializeLogger: [CreationPYRE]EndAt:1479846766726,Parent RDD ID:18,Name:UnionRDD,TaskAttempt ID:24,Partition Id:4,Stage Id:4
16/11/22 13:32:46 INFO serializeLogger: [RunnerCompute]StartAt:1479846766726,Parent RDD ID:18,Name:UnionRDD,TaskAttempt ID:24,Partition Id:4,Stage Id:4
16/11/22 13:32:46 INFO serializeLogger: [CreationPYRE]StartAt:1479846766727,Parent RDD ID:8,Name:ParallelCollectionRDD,TaskAttempt ID:24,Partition Id:4,Stage Id:4
16/11/22 13:32:46 INFO serializeLogger: [CreationPYRE]EndAt:1479846766727,Parent RDD ID:8,Name:ParallelCollectionRDD,TaskAttempt ID:24,Partition Id:4,Stage Id:4
16/11/22 13:32:46 INFO serializeLogger: [RunnerCompute]StartAt:1479846766727,Parent RDD ID:8,Name:ParallelCollectionRDD,TaskAttempt ID:24,Partition Id:4,Stage Id:4
16/11/22 13:32:46 INFO serializeLogger: [writerThread]StartAt:1479846766752,Parent RDD ID:8,Name:ParallelCollectionRDD,TaskAttempt ID:24,Partition Id:4,Stage Id:4
16/11/22 13:32:46 INFO serializeLogger: [writerThread]StartAt:1479846766778,Parent RDD ID:15,Name:MapPartitionedRDD,TaskAttempt ID:28,Partition Id:0,Stage Id:4
16/11/22 13:32:46 INFO serializeLogger: [RunnerCompute]EndAt:1479846766891,Parent RDD ID:8,Name:ParallelCollectionRDD,TaskAttempt ID:24,Partition Id:4,Stage Id:4
16/11/22 13:32:46 INFO serializeLogger: [writerThread]StartAt:1479846766893,Parent RDD ID:18,Name:UnionRDD,TaskAttempt ID:24,Partition Id:4,Stage Id:4
16/11/22 13:32:46 INFO serializeLogger: [RunnerCompute]EndAt:1479846766975,Parent RDD ID:18,Name:UnionRDD,TaskAttempt ID:24,Partition Id:4,Stage Id:4
16/11/22 13:32:47 INFO serializeLogger: [writerThread]EndAt:1479846767146,Parent RDD ID:18,Name:UnionRDD,TaskAttempt ID:24,Partition Id:4,Stage Id:4
16/11/22 13:32:47 INFO serializeLogger: [writerThread]EndAt:1479846767146,Parent RDD ID:8,Name:ParallelCollectionRDD,TaskAttempt ID:24,Partition Id:4,Stage Id:4
16/11/22 13:33:05 INFO serializeLogger: [RunnerCompute]EndAt:1479846785826,Parent RDD ID:15,Name:MapPartitionedRDD,TaskAttempt ID:28,Partition Id:0,Stage Id:4
16/11/22 13:33:05 INFO serializeLogger: [writerThread]StartAt:1479846785828,Parent RDD ID:18,Name:UnionRDD,TaskAttempt ID:28,Partition Id:0,Stage Id:4
16/11/22 13:33:27 INFO serializeLogger: [RunnerCompute]EndAt:1479846807203,Parent RDD ID:18,Name:UnionRDD,TaskAttempt ID:28,Partition Id:0,Stage Id:4
16/11/22 13:33:28 INFO serializeLogger: [writerThread]EndAt:1479846808576,Parent RDD ID:18,Name:UnionRDD,TaskAttempt ID:28,Partition Id:0,Stage Id:4
16/11/22 13:33:28 INFO serializeLogger: [writerThread]EndAt:1479846808576,Parent RDD ID:15,Name:MapPartitionedRDD,TaskAttempt ID:28,Partition Id:0,Stage Id:4
16/11/22 13:33:28 INFO serializeLogger: [CreationPYRE]StartAt:1479846808761,Parent RDD ID:25,Name:UnionRDD,TaskAttempt ID:33,Partition Id:0,Stage Id:5
16/11/22 13:33:28 INFO serializeLogger: [CreationPYRE]EndAt:1479846808761,Parent RDD ID:25,Name:UnionRDD,TaskAttempt ID:33,Partition Id:0,Stage Id:5
16/11/22 13:33:28 INFO serializeLogger: [RunnerCompute]StartAt:1479846808761,Parent RDD ID:25,Name:UnionRDD,TaskAttempt ID:33,Partition Id:0,Stage Id:5
16/11/22 13:33:28 INFO serializeLogger: [CreationPYRE]StartAt:1479846808762,Parent RDD ID:22,Name:MapPartitionedRDD,TaskAttempt ID:33,Partition Id:0,Stage Id:5
16/11/22 13:33:28 INFO serializeLogger: [CreationPYRE]EndAt:1479846808762,Parent RDD ID:22,Name:MapPartitionedRDD,TaskAttempt ID:33,Partition Id:0,Stage Id:5
16/11/22 13:33:28 INFO serializeLogger: [RunnerCompute]StartAt:1479846808762,Parent RDD ID:22,Name:MapPartitionedRDD,TaskAttempt ID:33,Partition Id:0,Stage Id:5
16/11/22 13:33:28 INFO serializeLogger: [CreationPYRE]StartAt:1479846808765,Parent RDD ID:25,Name:UnionRDD,TaskAttempt ID:37,Partition Id:4,Stage Id:5
16/11/22 13:33:28 INFO serializeLogger: [CreationPYRE]EndAt:1479846808765,Parent RDD ID:25,Name:UnionRDD,TaskAttempt ID:37,Partition Id:4,Stage Id:5
16/11/22 13:33:28 INFO serializeLogger: [RunnerCompute]StartAt:1479846808766,Parent RDD ID:25,Name:UnionRDD,TaskAttempt ID:37,Partition Id:4,Stage Id:5
16/11/22 13:33:28 INFO serializeLogger: [CreationPYRE]StartAt:1479846808766,Parent RDD ID:22,Name:MapPartitionedRDD,TaskAttempt ID:37,Partition Id:4,Stage Id:5
16/11/22 13:33:28 INFO serializeLogger: [CreationPYRE]EndAt:1479846808766,Parent RDD ID:22,Name:MapPartitionedRDD,TaskAttempt ID:37,Partition Id:4,Stage Id:5
16/11/22 13:33:28 INFO serializeLogger: [RunnerCompute]StartAt:1479846808767,Parent RDD ID:22,Name:MapPartitionedRDD,TaskAttempt ID:37,Partition Id:4,Stage Id:5
16/11/22 13:33:28 INFO serializeLogger: [writerThread]StartAt:1479846808801,Parent RDD ID:22,Name:MapPartitionedRDD,TaskAttempt ID:33,Partition Id:0,Stage Id:5
16/11/22 13:33:28 INFO serializeLogger: [writerThread]StartAt:1479846808854,Parent RDD ID:22,Name:MapPartitionedRDD,TaskAttempt ID:37,Partition Id:4,Stage Id:5
16/11/22 13:34:04 INFO serializeLogger: [RunnerCompute]EndAt:1479846844559,Parent RDD ID:22,Name:MapPartitionedRDD,TaskAttempt ID:37,Partition Id:4,Stage Id:5
16/11/22 13:34:04 INFO serializeLogger: [writerThread]StartAt:1479846844562,Parent RDD ID:25,Name:UnionRDD,TaskAttempt ID:37,Partition Id:4,Stage Id:5
16/11/22 13:34:04 INFO serializeLogger: [RunnerCompute]EndAt:1479846844724,Parent RDD ID:25,Name:UnionRDD,TaskAttempt ID:37,Partition Id:4,Stage Id:5
16/11/22 13:34:04 INFO serializeLogger: [writerThread]EndAt:1479846844881,Parent RDD ID:25,Name:UnionRDD,TaskAttempt ID:37,Partition Id:4,Stage Id:5
16/11/22 13:34:04 INFO serializeLogger: [writerThread]EndAt:1479846844882,Parent RDD ID:22,Name:MapPartitionedRDD,TaskAttempt ID:37,Partition Id:4,Stage Id:5
16/11/22 13:34:09 INFO serializeLogger: [RunnerCompute]EndAt:1479846849435,Parent RDD ID:22,Name:MapPartitionedRDD,TaskAttempt ID:33,Partition Id:0,Stage Id:5
16/11/22 13:34:09 INFO serializeLogger: [writerThread]StartAt:1479846849437,Parent RDD ID:25,Name:UnionRDD,TaskAttempt ID:33,Partition Id:0,Stage Id:5
16/11/22 13:34:28 INFO serializeLogger: [RunnerCompute]EndAt:1479846868132,Parent RDD ID:25,Name:UnionRDD,TaskAttempt ID:33,Partition Id:0,Stage Id:5
16/11/22 13:34:29 INFO serializeLogger: [writerThread]EndAt:1479846869461,Parent RDD ID:25,Name:UnionRDD,TaskAttempt ID:33,Partition Id:0,Stage Id:5
16/11/22 13:34:29 INFO serializeLogger: [writerThread]EndAt:1479846869462,Parent RDD ID:22,Name:MapPartitionedRDD,TaskAttempt ID:33,Partition Id:0,Stage Id:5
16/11/22 13:34:32 INFO serializeLogger: [CreationPYRE]StartAt:1479846872104,Parent RDD ID:32,Name:UnionRDD,TaskAttempt ID:40,Partition Id:0,Stage Id:6
16/11/22 13:34:32 INFO serializeLogger: [CreationPYRE]EndAt:1479846872104,Parent RDD ID:32,Name:UnionRDD,TaskAttempt ID:40,Partition Id:0,Stage Id:6
16/11/22 13:34:32 INFO serializeLogger: [RunnerCompute]StartAt:1479846872104,Parent RDD ID:32,Name:UnionRDD,TaskAttempt ID:40,Partition Id:0,Stage Id:6
16/11/22 13:34:32 INFO serializeLogger: [CreationPYRE]StartAt:1479846872105,Parent RDD ID:29,Name:MapPartitionedRDD,TaskAttempt ID:40,Partition Id:0,Stage Id:6
16/11/22 13:34:32 INFO serializeLogger: [CreationPYRE]StartAt:1479846872106,Parent RDD ID:32,Name:UnionRDD,TaskAttempt ID:46,Partition Id:7,Stage Id:6
16/11/22 13:34:32 INFO serializeLogger: [CreationPYRE]EndAt:1479846872106,Parent RDD ID:29,Name:MapPartitionedRDD,TaskAttempt ID:40,Partition Id:0,Stage Id:6
16/11/22 13:34:32 INFO serializeLogger: [RunnerCompute]StartAt:1479846872106,Parent RDD ID:29,Name:MapPartitionedRDD,TaskAttempt ID:40,Partition Id:0,Stage Id:6
16/11/22 13:34:32 INFO serializeLogger: [CreationPYRE]EndAt:1479846872107,Parent RDD ID:32,Name:UnionRDD,TaskAttempt ID:46,Partition Id:7,Stage Id:6
16/11/22 13:34:32 INFO serializeLogger: [CreationPYRE]StartAt:1479846872107,Parent RDD ID:32,Name:UnionRDD,TaskAttempt ID:44,Partition Id:3,Stage Id:6
16/11/22 13:34:32 INFO serializeLogger: [RunnerCompute]StartAt:1479846872107,Parent RDD ID:32,Name:UnionRDD,TaskAttempt ID:46,Partition Id:7,Stage Id:6
16/11/22 13:34:32 INFO serializeLogger: [CreationPYRE]EndAt:1479846872107,Parent RDD ID:32,Name:UnionRDD,TaskAttempt ID:44,Partition Id:3,Stage Id:6
16/11/22 13:34:32 INFO serializeLogger: [RunnerCompute]StartAt:1479846872108,Parent RDD ID:32,Name:UnionRDD,TaskAttempt ID:44,Partition Id:3,Stage Id:6
16/11/22 13:34:32 INFO serializeLogger: [CreationPYRE]StartAt:1479846872109,Parent RDD ID:29,Name:MapPartitionedRDD,TaskAttempt ID:46,Partition Id:7,Stage Id:6
16/11/22 13:34:32 INFO serializeLogger: [CreationPYRE]EndAt:1479846872109,Parent RDD ID:29,Name:MapPartitionedRDD,TaskAttempt ID:46,Partition Id:7,Stage Id:6
16/11/22 13:34:32 INFO serializeLogger: [CreationPYRE]StartAt:1479846872109,Parent RDD ID:29,Name:MapPartitionedRDD,TaskAttempt ID:44,Partition Id:3,Stage Id:6
16/11/22 13:34:32 INFO serializeLogger: [RunnerCompute]StartAt:1479846872109,Parent RDD ID:29,Name:MapPartitionedRDD,TaskAttempt ID:46,Partition Id:7,Stage Id:6
16/11/22 13:34:32 INFO serializeLogger: [CreationPYRE]EndAt:1479846872110,Parent RDD ID:29,Name:MapPartitionedRDD,TaskAttempt ID:44,Partition Id:3,Stage Id:6
16/11/22 13:34:32 INFO serializeLogger: [RunnerCompute]StartAt:1479846872110,Parent RDD ID:29,Name:MapPartitionedRDD,TaskAttempt ID:44,Partition Id:3,Stage Id:6
16/11/22 13:34:32 INFO serializeLogger: [writerThread]StartAt:1479846872160,Parent RDD ID:29,Name:MapPartitionedRDD,TaskAttempt ID:44,Partition Id:3,Stage Id:6
16/11/22 13:34:32 INFO serializeLogger: [writerThread]StartAt:1479846872165,Parent RDD ID:29,Name:MapPartitionedRDD,TaskAttempt ID:40,Partition Id:0,Stage Id:6
16/11/22 13:34:32 INFO serializeLogger: [writerThread]StartAt:1479846872170,Parent RDD ID:29,Name:MapPartitionedRDD,TaskAttempt ID:46,Partition Id:7,Stage Id:6
16/11/22 13:35:09 INFO serializeLogger: [RunnerCompute]EndAt:1479846909468,Parent RDD ID:29,Name:MapPartitionedRDD,TaskAttempt ID:46,Partition Id:7,Stage Id:6
16/11/22 13:35:09 INFO serializeLogger: [writerThread]StartAt:1479846909487,Parent RDD ID:32,Name:UnionRDD,TaskAttempt ID:46,Partition Id:7,Stage Id:6
16/11/22 13:35:09 INFO serializeLogger: [RunnerCompute]EndAt:1479846909623,Parent RDD ID:32,Name:UnionRDD,TaskAttempt ID:46,Partition Id:7,Stage Id:6
16/11/22 13:35:09 INFO serializeLogger: [writerThread]EndAt:1479846909781,Parent RDD ID:32,Name:UnionRDD,TaskAttempt ID:46,Partition Id:7,Stage Id:6
16/11/22 13:35:09 INFO serializeLogger: [writerThread]EndAt:1479846909781,Parent RDD ID:29,Name:MapPartitionedRDD,TaskAttempt ID:46,Partition Id:7,Stage Id:6
16/11/22 13:35:14 INFO serializeLogger: [RunnerCompute]EndAt:1479846914480,Parent RDD ID:29,Name:MapPartitionedRDD,TaskAttempt ID:40,Partition Id:0,Stage Id:6
16/11/22 13:35:14 INFO serializeLogger: [writerThread]StartAt:1479846914483,Parent RDD ID:32,Name:UnionRDD,TaskAttempt ID:40,Partition Id:0,Stage Id:6
16/11/22 13:35:19 INFO serializeLogger: [RunnerCompute]EndAt:1479846919144,Parent RDD ID:29,Name:MapPartitionedRDD,TaskAttempt ID:44,Partition Id:3,Stage Id:6
16/11/22 13:35:19 INFO serializeLogger: [writerThread]StartAt:1479846919147,Parent RDD ID:32,Name:UnionRDD,TaskAttempt ID:44,Partition Id:3,Stage Id:6
16/11/22 13:35:33 INFO serializeLogger: [RunnerCompute]EndAt:1479846933075,Parent RDD ID:32,Name:UnionRDD,TaskAttempt ID:40,Partition Id:0,Stage Id:6
16/11/22 13:35:34 INFO serializeLogger: [writerThread]EndAt:1479846934464,Parent RDD ID:32,Name:UnionRDD,TaskAttempt ID:40,Partition Id:0,Stage Id:6
16/11/22 13:35:34 INFO serializeLogger: [writerThread]EndAt:1479846934464,Parent RDD ID:29,Name:MapPartitionedRDD,TaskAttempt ID:40,Partition Id:0,Stage Id:6
16/11/22 13:35:38 INFO serializeLogger: [RunnerCompute]EndAt:1479846938552,Parent RDD ID:32,Name:UnionRDD,TaskAttempt ID:44,Partition Id:3,Stage Id:6
16/11/22 13:35:40 INFO serializeLogger: [writerThread]EndAt:1479846940153,Parent RDD ID:32,Name:UnionRDD,TaskAttempt ID:44,Partition Id:3,Stage Id:6
16/11/22 13:35:40 INFO serializeLogger: [writerThread]EndAt:1479846940153,Parent RDD ID:29,Name:MapPartitionedRDD,TaskAttempt ID:44,Partition Id:3,Stage Id:6
16/11/22 13:35:40 INFO serializeLogger: [CreationPYRE]StartAt:1479846940828,Parent RDD ID:39,Name:UnionRDD,TaskAttempt ID:47,Partition Id:0,Stage Id:7
16/11/22 13:35:40 INFO serializeLogger: [CreationPYRE]EndAt:1479846940828,Parent RDD ID:39,Name:UnionRDD,TaskAttempt ID:47,Partition Id:0,Stage Id:7
16/11/22 13:35:40 INFO serializeLogger: [RunnerCompute]StartAt:1479846940829,Parent RDD ID:39,Name:UnionRDD,TaskAttempt ID:47,Partition Id:0,Stage Id:7
16/11/22 13:35:40 INFO serializeLogger: [CreationPYRE]StartAt:1479846940829,Parent RDD ID:36,Name:MapPartitionedRDD,TaskAttempt ID:47,Partition Id:0,Stage Id:7
16/11/22 13:35:40 INFO serializeLogger: [CreationPYRE]EndAt:1479846940829,Parent RDD ID:36,Name:MapPartitionedRDD,TaskAttempt ID:47,Partition Id:0,Stage Id:7
16/11/22 13:35:40 INFO serializeLogger: [RunnerCompute]StartAt:1479846940830,Parent RDD ID:36,Name:MapPartitionedRDD,TaskAttempt ID:47,Partition Id:0,Stage Id:7
16/11/22 13:35:40 INFO serializeLogger: [CreationPYRE]StartAt:1479846940837,Parent RDD ID:39,Name:UnionRDD,TaskAttempt ID:51,Partition Id:4,Stage Id:7
16/11/22 13:35:40 INFO serializeLogger: [CreationPYRE]EndAt:1479846940837,Parent RDD ID:39,Name:UnionRDD,TaskAttempt ID:51,Partition Id:4,Stage Id:7
16/11/22 13:35:40 INFO serializeLogger: [RunnerCompute]StartAt:1479846940837,Parent RDD ID:39,Name:UnionRDD,TaskAttempt ID:51,Partition Id:4,Stage Id:7
16/11/22 13:35:40 INFO serializeLogger: [CreationPYRE]StartAt:1479846940838,Parent RDD ID:36,Name:MapPartitionedRDD,TaskAttempt ID:51,Partition Id:4,Stage Id:7
16/11/22 13:35:40 INFO serializeLogger: [CreationPYRE]EndAt:1479846940838,Parent RDD ID:36,Name:MapPartitionedRDD,TaskAttempt ID:51,Partition Id:4,Stage Id:7
16/11/22 13:35:40 INFO serializeLogger: [RunnerCompute]StartAt:1479846940838,Parent RDD ID:36,Name:MapPartitionedRDD,TaskAttempt ID:51,Partition Id:4,Stage Id:7
16/11/22 13:35:40 INFO serializeLogger: [writerThread]StartAt:1479846940879,Parent RDD ID:36,Name:MapPartitionedRDD,TaskAttempt ID:47,Partition Id:0,Stage Id:7
16/11/22 13:35:40 INFO serializeLogger: [writerThread]StartAt:1479846940887,Parent RDD ID:36,Name:MapPartitionedRDD,TaskAttempt ID:51,Partition Id:4,Stage Id:7
16/11/22 13:36:16 INFO serializeLogger: [RunnerCompute]EndAt:1479846976313,Parent RDD ID:36,Name:MapPartitionedRDD,TaskAttempt ID:51,Partition Id:4,Stage Id:7
16/11/22 13:36:16 INFO serializeLogger: [writerThread]StartAt:1479846976316,Parent RDD ID:39,Name:UnionRDD,TaskAttempt ID:51,Partition Id:4,Stage Id:7
16/11/22 13:36:16 INFO serializeLogger: [RunnerCompute]EndAt:1479846976419,Parent RDD ID:39,Name:UnionRDD,TaskAttempt ID:51,Partition Id:4,Stage Id:7
16/11/22 13:36:16 INFO serializeLogger: [writerThread]EndAt:1479846976584,Parent RDD ID:39,Name:UnionRDD,TaskAttempt ID:51,Partition Id:4,Stage Id:7
16/11/22 13:36:16 INFO serializeLogger: [writerThread]EndAt:1479846976584,Parent RDD ID:36,Name:MapPartitionedRDD,TaskAttempt ID:51,Partition Id:4,Stage Id:7
16/11/22 13:36:20 INFO serializeLogger: [RunnerCompute]EndAt:1479846980200,Parent RDD ID:36,Name:MapPartitionedRDD,TaskAttempt ID:47,Partition Id:0,Stage Id:7
16/11/22 13:36:20 INFO serializeLogger: [writerThread]StartAt:1479846980202,Parent RDD ID:39,Name:UnionRDD,TaskAttempt ID:47,Partition Id:0,Stage Id:7
16/11/22 13:36:38 INFO serializeLogger: [RunnerCompute]EndAt:1479846998941,Parent RDD ID:39,Name:UnionRDD,TaskAttempt ID:47,Partition Id:0,Stage Id:7
16/11/22 13:36:40 INFO serializeLogger: [writerThread]EndAt:1479847000240,Parent RDD ID:39,Name:UnionRDD,TaskAttempt ID:47,Partition Id:0,Stage Id:7
16/11/22 13:36:40 INFO serializeLogger: [writerThread]EndAt:1479847000241,Parent RDD ID:36,Name:MapPartitionedRDD,TaskAttempt ID:47,Partition Id:0,Stage Id:7
16/11/22 13:36:45 INFO serializeLogger: [CreationPYRE]StartAt:1479847005049,Parent RDD ID:46,Name:UnionRDD,TaskAttempt ID:55,Partition Id:0,Stage Id:8
16/11/22 13:36:45 INFO serializeLogger: [CreationPYRE]EndAt:1479847005049,Parent RDD ID:46,Name:UnionRDD,TaskAttempt ID:55,Partition Id:0,Stage Id:8
16/11/22 13:36:45 INFO serializeLogger: [RunnerCompute]StartAt:1479847005049,Parent RDD ID:46,Name:UnionRDD,TaskAttempt ID:55,Partition Id:0,Stage Id:8
16/11/22 13:36:45 INFO serializeLogger: [CreationPYRE]StartAt:1479847005050,Parent RDD ID:43,Name:MapPartitionedRDD,TaskAttempt ID:55,Partition Id:0,Stage Id:8
16/11/22 13:36:45 INFO serializeLogger: [CreationPYRE]EndAt:1479847005050,Parent RDD ID:43,Name:MapPartitionedRDD,TaskAttempt ID:55,Partition Id:0,Stage Id:8
16/11/22 13:36:45 INFO serializeLogger: [RunnerCompute]StartAt:1479847005050,Parent RDD ID:43,Name:MapPartitionedRDD,TaskAttempt ID:55,Partition Id:0,Stage Id:8
16/11/22 13:36:45 INFO serializeLogger: [CreationPYRE]StartAt:1479847005057,Parent RDD ID:46,Name:UnionRDD,TaskAttempt ID:62,Partition Id:7,Stage Id:8
16/11/22 13:36:45 INFO serializeLogger: [CreationPYRE]EndAt:1479847005058,Parent RDD ID:46,Name:UnionRDD,TaskAttempt ID:62,Partition Id:7,Stage Id:8
16/11/22 13:36:45 INFO serializeLogger: [RunnerCompute]StartAt:1479847005058,Parent RDD ID:46,Name:UnionRDD,TaskAttempt ID:62,Partition Id:7,Stage Id:8
16/11/22 13:36:45 INFO serializeLogger: [CreationPYRE]StartAt:1479847005059,Parent RDD ID:46,Name:UnionRDD,TaskAttempt ID:59,Partition Id:3,Stage Id:8
16/11/22 13:36:45 INFO serializeLogger: [CreationPYRE]EndAt:1479847005059,Parent RDD ID:46,Name:UnionRDD,TaskAttempt ID:59,Partition Id:3,Stage Id:8
16/11/22 13:36:45 INFO serializeLogger: [CreationPYRE]StartAt:1479847005059,Parent RDD ID:43,Name:MapPartitionedRDD,TaskAttempt ID:62,Partition Id:7,Stage Id:8
16/11/22 13:36:45 INFO serializeLogger: [RunnerCompute]StartAt:1479847005059,Parent RDD ID:46,Name:UnionRDD,TaskAttempt ID:59,Partition Id:3,Stage Id:8
16/11/22 13:36:45 INFO serializeLogger: [CreationPYRE]EndAt:1479847005059,Parent RDD ID:43,Name:MapPartitionedRDD,TaskAttempt ID:62,Partition Id:7,Stage Id:8
16/11/22 13:36:45 INFO serializeLogger: [RunnerCompute]StartAt:1479847005060,Parent RDD ID:43,Name:MapPartitionedRDD,TaskAttempt ID:62,Partition Id:7,Stage Id:8
16/11/22 13:36:45 INFO serializeLogger: [CreationPYRE]StartAt:1479847005061,Parent RDD ID:43,Name:MapPartitionedRDD,TaskAttempt ID:59,Partition Id:3,Stage Id:8
16/11/22 13:36:45 INFO serializeLogger: [CreationPYRE]EndAt:1479847005061,Parent RDD ID:43,Name:MapPartitionedRDD,TaskAttempt ID:59,Partition Id:3,Stage Id:8
16/11/22 13:36:45 INFO serializeLogger: [RunnerCompute]StartAt:1479847005062,Parent RDD ID:43,Name:MapPartitionedRDD,TaskAttempt ID:59,Partition Id:3,Stage Id:8
16/11/22 13:36:45 INFO serializeLogger: [writerThread]StartAt:1479847005098,Parent RDD ID:43,Name:MapPartitionedRDD,TaskAttempt ID:62,Partition Id:7,Stage Id:8
16/11/22 13:36:45 INFO serializeLogger: [writerThread]StartAt:1479847005098,Parent RDD ID:43,Name:MapPartitionedRDD,TaskAttempt ID:55,Partition Id:0,Stage Id:8
16/11/22 13:36:45 INFO serializeLogger: [writerThread]StartAt:1479847005101,Parent RDD ID:43,Name:MapPartitionedRDD,TaskAttempt ID:59,Partition Id:3,Stage Id:8
16/11/22 13:37:23 INFO serializeLogger: [RunnerCompute]EndAt:1479847043825,Parent RDD ID:43,Name:MapPartitionedRDD,TaskAttempt ID:62,Partition Id:7,Stage Id:8
16/11/22 13:37:23 INFO serializeLogger: [writerThread]StartAt:1479847043828,Parent RDD ID:46,Name:UnionRDD,TaskAttempt ID:62,Partition Id:7,Stage Id:8
16/11/22 13:37:23 INFO serializeLogger: [RunnerCompute]EndAt:1479847043865,Parent RDD ID:43,Name:MapPartitionedRDD,TaskAttempt ID:55,Partition Id:0,Stage Id:8
16/11/22 13:37:23 INFO serializeLogger: [writerThread]StartAt:1479847043868,Parent RDD ID:46,Name:UnionRDD,TaskAttempt ID:55,Partition Id:0,Stage Id:8
16/11/22 13:37:23 INFO serializeLogger: [RunnerCompute]EndAt:1479847043924,Parent RDD ID:46,Name:UnionRDD,TaskAttempt ID:62,Partition Id:7,Stage Id:8
16/11/22 13:37:24 INFO serializeLogger: [writerThread]EndAt:1479847044092,Parent RDD ID:46,Name:UnionRDD,TaskAttempt ID:62,Partition Id:7,Stage Id:8
16/11/22 13:37:24 INFO serializeLogger: [writerThread]EndAt:1479847044092,Parent RDD ID:43,Name:MapPartitionedRDD,TaskAttempt ID:62,Partition Id:7,Stage Id:8
16/11/22 13:37:30 INFO serializeLogger: [RunnerCompute]EndAt:1479847050632,Parent RDD ID:43,Name:MapPartitionedRDD,TaskAttempt ID:59,Partition Id:3,Stage Id:8
16/11/22 13:37:30 INFO serializeLogger: [writerThread]StartAt:1479847050635,Parent RDD ID:46,Name:UnionRDD,TaskAttempt ID:59,Partition Id:3,Stage Id:8
16/11/22 13:37:44 INFO serializeLogger: [RunnerCompute]EndAt:1479847064126,Parent RDD ID:46,Name:UnionRDD,TaskAttempt ID:55,Partition Id:0,Stage Id:8
16/11/22 13:37:45 INFO serializeLogger: [writerThread]EndAt:1479847065637,Parent RDD ID:46,Name:UnionRDD,TaskAttempt ID:55,Partition Id:0,Stage Id:8
16/11/22 13:37:45 INFO serializeLogger: [writerThread]EndAt:1479847065637,Parent RDD ID:43,Name:MapPartitionedRDD,TaskAttempt ID:55,Partition Id:0,Stage Id:8
16/11/22 13:37:49 INFO serializeLogger: [RunnerCompute]EndAt:1479847069813,Parent RDD ID:46,Name:UnionRDD,TaskAttempt ID:59,Partition Id:3,Stage Id:8
16/11/22 13:37:51 INFO serializeLogger: [writerThread]EndAt:1479847071284,Parent RDD ID:46,Name:UnionRDD,TaskAttempt ID:59,Partition Id:3,Stage Id:8
16/11/22 13:37:51 INFO serializeLogger: [writerThread]EndAt:1479847071284,Parent RDD ID:43,Name:MapPartitionedRDD,TaskAttempt ID:59,Partition Id:3,Stage Id:8
16/11/22 13:37:51 INFO serializeLogger: [CreationPYRE]StartAt:1479847071610,Parent RDD ID:50,Name:MapPartitionedRDD,TaskAttempt ID:66,Partition Id:2,Stage Id:9
16/11/22 13:37:51 INFO serializeLogger: [CreationPYRE]EndAt:1479847071610,Parent RDD ID:50,Name:MapPartitionedRDD,TaskAttempt ID:66,Partition Id:2,Stage Id:9
16/11/22 13:37:51 INFO serializeLogger: [RunnerCompute]StartAt:1479847071610,Parent RDD ID:50,Name:MapPartitionedRDD,TaskAttempt ID:66,Partition Id:2,Stage Id:9
16/11/22 13:37:51 INFO serializeLogger: [writerThread]StartAt:1479847071656,Parent RDD ID:50,Name:MapPartitionedRDD,TaskAttempt ID:66,Partition Id:2,Stage Id:9
16/11/22 13:38:13 INFO serializeLogger: [RunnerCompute]EndAt:1479847093641,Parent RDD ID:50,Name:MapPartitionedRDD,TaskAttempt ID:66,Partition Id:2,Stage Id:9
16/11/22 13:38:13 INFO serializeLogger: [writerThread]EndAt:1479847093652,Parent RDD ID:50,Name:MapPartitionedRDD,TaskAttempt ID:66,Partition Id:2,Stage Id:9
16/11/22 13:38:15 INFO serializeLogger: [CreationPYRE]StartAt:1479847095727,Parent RDD ID:54,Name:UnionRDD,TaskAttempt ID:67,Partition Id:0,Stage Id:16
16/11/22 13:38:15 INFO serializeLogger: [CreationPYRE]EndAt:1479847095727,Parent RDD ID:54,Name:UnionRDD,TaskAttempt ID:67,Partition Id:0,Stage Id:16
16/11/22 13:38:15 INFO serializeLogger: [RunnerCompute]StartAt:1479847095727,Parent RDD ID:54,Name:UnionRDD,TaskAttempt ID:67,Partition Id:0,Stage Id:16
16/11/22 13:38:15 INFO serializeLogger: [CreationPYRE]StartAt:1479847095728,Parent RDD ID:43,Name:MapPartitionedRDD,TaskAttempt ID:67,Partition Id:0,Stage Id:16
16/11/22 13:38:15 INFO serializeLogger: [CreationPYRE]EndAt:1479847095728,Parent RDD ID:43,Name:MapPartitionedRDD,TaskAttempt ID:67,Partition Id:0,Stage Id:16
16/11/22 13:38:15 INFO serializeLogger: [RunnerCompute]StartAt:1479847095728,Parent RDD ID:43,Name:MapPartitionedRDD,TaskAttempt ID:67,Partition Id:0,Stage Id:16
16/11/22 13:38:15 INFO serializeLogger: [CreationPYRE]StartAt:1479847095738,Parent RDD ID:54,Name:UnionRDD,TaskAttempt ID:74,Partition Id:7,Stage Id:16
16/11/22 13:38:15 INFO serializeLogger: [CreationPYRE]EndAt:1479847095738,Parent RDD ID:54,Name:UnionRDD,TaskAttempt ID:74,Partition Id:7,Stage Id:16
16/11/22 13:38:15 INFO serializeLogger: [CreationPYRE]StartAt:1479847095738,Parent RDD ID:54,Name:UnionRDD,TaskAttempt ID:71,Partition Id:3,Stage Id:16
16/11/22 13:38:15 INFO serializeLogger: [RunnerCompute]StartAt:1479847095738,Parent RDD ID:54,Name:UnionRDD,TaskAttempt ID:74,Partition Id:7,Stage Id:16
16/11/22 13:38:15 INFO serializeLogger: [CreationPYRE]EndAt:1479847095739,Parent RDD ID:54,Name:UnionRDD,TaskAttempt ID:71,Partition Id:3,Stage Id:16
16/11/22 13:38:15 INFO serializeLogger: [RunnerCompute]StartAt:1479847095739,Parent RDD ID:54,Name:UnionRDD,TaskAttempt ID:71,Partition Id:3,Stage Id:16
16/11/22 13:38:15 INFO serializeLogger: [CreationPYRE]StartAt:1479847095740,Parent RDD ID:43,Name:MapPartitionedRDD,TaskAttempt ID:74,Partition Id:7,Stage Id:16
16/11/22 13:38:15 INFO serializeLogger: [CreationPYRE]EndAt:1479847095740,Parent RDD ID:43,Name:MapPartitionedRDD,TaskAttempt ID:74,Partition Id:7,Stage Id:16
16/11/22 13:38:15 INFO serializeLogger: [CreationPYRE]StartAt:1479847095740,Parent RDD ID:43,Name:MapPartitionedRDD,TaskAttempt ID:71,Partition Id:3,Stage Id:16
16/11/22 13:38:15 INFO serializeLogger: [RunnerCompute]StartAt:1479847095740,Parent RDD ID:43,Name:MapPartitionedRDD,TaskAttempt ID:74,Partition Id:7,Stage Id:16
16/11/22 13:38:15 INFO serializeLogger: [CreationPYRE]EndAt:1479847095740,Parent RDD ID:43,Name:MapPartitionedRDD,TaskAttempt ID:71,Partition Id:3,Stage Id:16
16/11/22 13:38:15 INFO serializeLogger: [RunnerCompute]StartAt:1479847095740,Parent RDD ID:43,Name:MapPartitionedRDD,TaskAttempt ID:71,Partition Id:3,Stage Id:16
16/11/22 13:38:15 INFO serializeLogger: [writerThread]StartAt:1479847095765,Parent RDD ID:43,Name:MapPartitionedRDD,TaskAttempt ID:67,Partition Id:0,Stage Id:16
16/11/22 13:38:15 INFO serializeLogger: [writerThread]StartAt:1479847095819,Parent RDD ID:43,Name:MapPartitionedRDD,TaskAttempt ID:74,Partition Id:7,Stage Id:16
16/11/22 13:38:15 INFO serializeLogger: [writerThread]StartAt:1479847095819,Parent RDD ID:43,Name:MapPartitionedRDD,TaskAttempt ID:71,Partition Id:3,Stage Id:16
16/11/22 13:38:51 INFO serializeLogger: [RunnerCompute]EndAt:1479847131442,Parent RDD ID:43,Name:MapPartitionedRDD,TaskAttempt ID:67,Partition Id:0,Stage Id:16
16/11/22 13:38:51 INFO serializeLogger: [writerThread]StartAt:1479847131467,Parent RDD ID:54,Name:UnionRDD,TaskAttempt ID:67,Partition Id:0,Stage Id:16
16/11/22 13:38:54 INFO serializeLogger: [RunnerCompute]EndAt:1479847134138,Parent RDD ID:43,Name:MapPartitionedRDD,TaskAttempt ID:74,Partition Id:7,Stage Id:16
16/11/22 13:38:54 INFO serializeLogger: [writerThread]StartAt:1479847134140,Parent RDD ID:54,Name:UnionRDD,TaskAttempt ID:74,Partition Id:7,Stage Id:16
16/11/22 13:38:54 INFO serializeLogger: [RunnerCompute]EndAt:1479847134222,Parent RDD ID:54,Name:UnionRDD,TaskAttempt ID:74,Partition Id:7,Stage Id:16
16/11/22 13:38:54 INFO serializeLogger: [writerThread]EndAt:1479847134376,Parent RDD ID:54,Name:UnionRDD,TaskAttempt ID:74,Partition Id:7,Stage Id:16
16/11/22 13:38:54 INFO serializeLogger: [writerThread]EndAt:1479847134376,Parent RDD ID:43,Name:MapPartitionedRDD,TaskAttempt ID:74,Partition Id:7,Stage Id:16
16/11/22 13:39:02 INFO serializeLogger: [RunnerCompute]EndAt:1479847142612,Parent RDD ID:43,Name:MapPartitionedRDD,TaskAttempt ID:71,Partition Id:3,Stage Id:16
16/11/22 13:39:02 INFO serializeLogger: [writerThread]StartAt:1479847142615,Parent RDD ID:54,Name:UnionRDD,TaskAttempt ID:71,Partition Id:3,Stage Id:16
16/11/22 13:39:10 INFO serializeLogger: [RunnerCompute]EndAt:1479847150785,Parent RDD ID:54,Name:UnionRDD,TaskAttempt ID:67,Partition Id:0,Stage Id:16
16/11/22 13:39:12 INFO serializeLogger: [writerThread]EndAt:1479847152172,Parent RDD ID:54,Name:UnionRDD,TaskAttempt ID:67,Partition Id:0,Stage Id:16
16/11/22 13:39:12 INFO serializeLogger: [writerThread]EndAt:1479847152172,Parent RDD ID:43,Name:MapPartitionedRDD,TaskAttempt ID:67,Partition Id:0,Stage Id:16
16/11/22 13:39:22 INFO serializeLogger: [RunnerCompute]EndAt:1479847162743,Parent RDD ID:54,Name:UnionRDD,TaskAttempt ID:71,Partition Id:3,Stage Id:16
16/11/22 13:39:24 INFO serializeLogger: [writerThread]EndAt:1479847164162,Parent RDD ID:54,Name:UnionRDD,TaskAttempt ID:71,Partition Id:3,Stage Id:16
16/11/22 13:39:24 INFO serializeLogger: [writerThread]EndAt:1479847164162,Parent RDD ID:43,Name:MapPartitionedRDD,TaskAttempt ID:71,Partition Id:3,Stage Id:16
16/11/22 13:39:24 INFO serializeLogger: [CreationPYRE]StartAt:1479847164398,Parent RDD ID:58,Name:MapPartitionedRDD,TaskAttempt ID:76,Partition Id:0,Stage Id:17
16/11/22 13:39:24 INFO serializeLogger: [CreationPYRE]EndAt:1479847164398,Parent RDD ID:58,Name:MapPartitionedRDD,TaskAttempt ID:76,Partition Id:0,Stage Id:17
16/11/22 13:39:24 INFO serializeLogger: [RunnerCompute]StartAt:1479847164398,Parent RDD ID:58,Name:MapPartitionedRDD,TaskAttempt ID:76,Partition Id:0,Stage Id:17
16/11/22 13:39:24 INFO serializeLogger: [CreationPYRE]StartAt:1479847164399,Parent RDD ID:58,Name:MapPartitionedRDD,TaskAttempt ID:78,Partition Id:3,Stage Id:17
16/11/22 13:39:24 INFO serializeLogger: [CreationPYRE]EndAt:1479847164399,Parent RDD ID:58,Name:MapPartitionedRDD,TaskAttempt ID:78,Partition Id:3,Stage Id:17
16/11/22 13:39:24 INFO serializeLogger: [RunnerCompute]StartAt:1479847164399,Parent RDD ID:58,Name:MapPartitionedRDD,TaskAttempt ID:78,Partition Id:3,Stage Id:17
16/11/22 13:39:24 INFO serializeLogger: [writerThread]StartAt:1479847164434,Parent RDD ID:58,Name:MapPartitionedRDD,TaskAttempt ID:76,Partition Id:0,Stage Id:17
16/11/22 13:39:24 INFO serializeLogger: [writerThread]StartAt:1479847164444,Parent RDD ID:58,Name:MapPartitionedRDD,TaskAttempt ID:78,Partition Id:3,Stage Id:17
16/11/22 13:39:41 INFO serializeLogger: [RunnerCompute]EndAt:1479847181597,Parent RDD ID:58,Name:MapPartitionedRDD,TaskAttempt ID:76,Partition Id:0,Stage Id:17
16/11/22 13:39:41 INFO serializeLogger: [writerThread]EndAt:1479847181601,Parent RDD ID:58,Name:MapPartitionedRDD,TaskAttempt ID:76,Partition Id:0,Stage Id:17
16/11/22 13:39:42 INFO serializeLogger: [RunnerCompute]EndAt:1479847182798,Parent RDD ID:58,Name:MapPartitionedRDD,TaskAttempt ID:78,Partition Id:3,Stage Id:17
16/11/22 13:39:42 INFO serializeLogger: [writerThread]EndAt:1479847182800,Parent RDD ID:58,Name:MapPartitionedRDD,TaskAttempt ID:78,Partition Id:3,Stage Id:17
16/11/22 13:39:48 INFO serializeLogger: [CreationPYRE]StartAt:1479847188063,Parent RDD ID:62,Name:UnionRDD,TaskAttempt ID:85,Partition Id:7,Stage Id:24
16/11/22 13:39:48 INFO serializeLogger: [CreationPYRE]EndAt:1479847188063,Parent RDD ID:62,Name:UnionRDD,TaskAttempt ID:85,Partition Id:7,Stage Id:24
16/11/22 13:39:48 INFO serializeLogger: [RunnerCompute]StartAt:1479847188063,Parent RDD ID:62,Name:UnionRDD,TaskAttempt ID:85,Partition Id:7,Stage Id:24
16/11/22 13:39:48 INFO serializeLogger: [CreationPYRE]StartAt:1479847188064,Parent RDD ID:43,Name:MapPartitionedRDD,TaskAttempt ID:85,Partition Id:7,Stage Id:24
16/11/22 13:39:48 INFO serializeLogger: [CreationPYRE]EndAt:1479847188064,Parent RDD ID:43,Name:MapPartitionedRDD,TaskAttempt ID:85,Partition Id:7,Stage Id:24
16/11/22 13:39:48 INFO serializeLogger: [RunnerCompute]StartAt:1479847188064,Parent RDD ID:43,Name:MapPartitionedRDD,TaskAttempt ID:85,Partition Id:7,Stage Id:24
16/11/22 13:39:48 INFO serializeLogger: [CreationPYRE]StartAt:1479847188067,Parent RDD ID:62,Name:UnionRDD,TaskAttempt ID:81,Partition Id:3,Stage Id:24
16/11/22 13:39:48 INFO serializeLogger: [CreationPYRE]EndAt:1479847188068,Parent RDD ID:62,Name:UnionRDD,TaskAttempt ID:81,Partition Id:3,Stage Id:24
16/11/22 13:39:48 INFO serializeLogger: [RunnerCompute]StartAt:1479847188068,Parent RDD ID:62,Name:UnionRDD,TaskAttempt ID:81,Partition Id:3,Stage Id:24
16/11/22 13:39:48 INFO serializeLogger: [CreationPYRE]StartAt:1479847188069,Parent RDD ID:43,Name:MapPartitionedRDD,TaskAttempt ID:81,Partition Id:3,Stage Id:24
16/11/22 13:39:48 INFO serializeLogger: [CreationPYRE]EndAt:1479847188070,Parent RDD ID:43,Name:MapPartitionedRDD,TaskAttempt ID:81,Partition Id:3,Stage Id:24
16/11/22 13:39:48 INFO serializeLogger: [RunnerCompute]StartAt:1479847188070,Parent RDD ID:43,Name:MapPartitionedRDD,TaskAttempt ID:81,Partition Id:3,Stage Id:24
16/11/22 13:39:48 INFO serializeLogger: [writerThread]StartAt:1479847188099,Parent RDD ID:43,Name:MapPartitionedRDD,TaskAttempt ID:85,Partition Id:7,Stage Id:24
16/11/22 13:39:48 INFO serializeLogger: [writerThread]StartAt:1479847188100,Parent RDD ID:43,Name:MapPartitionedRDD,TaskAttempt ID:81,Partition Id:3,Stage Id:24
16/11/22 13:40:27 INFO serializeLogger: [RunnerCompute]EndAt:1479847227054,Parent RDD ID:43,Name:MapPartitionedRDD,TaskAttempt ID:85,Partition Id:7,Stage Id:24
16/11/22 13:40:27 INFO serializeLogger: [writerThread]StartAt:1479847227056,Parent RDD ID:62,Name:UnionRDD,TaskAttempt ID:85,Partition Id:7,Stage Id:24
16/11/22 13:40:27 INFO serializeLogger: [RunnerCompute]EndAt:1479847227364,Parent RDD ID:62,Name:UnionRDD,TaskAttempt ID:85,Partition Id:7,Stage Id:24
16/11/22 13:40:27 INFO serializeLogger: [writerThread]EndAt:1479847227516,Parent RDD ID:62,Name:UnionRDD,TaskAttempt ID:85,Partition Id:7,Stage Id:24
16/11/22 13:40:27 INFO serializeLogger: [writerThread]EndAt:1479847227516,Parent RDD ID:43,Name:MapPartitionedRDD,TaskAttempt ID:85,Partition Id:7,Stage Id:24
16/11/22 13:40:34 INFO serializeLogger: [RunnerCompute]EndAt:1479847234848,Parent RDD ID:43,Name:MapPartitionedRDD,TaskAttempt ID:81,Partition Id:3,Stage Id:24
16/11/22 13:40:34 INFO serializeLogger: [writerThread]StartAt:1479847234851,Parent RDD ID:62,Name:UnionRDD,TaskAttempt ID:81,Partition Id:3,Stage Id:24
16/11/22 13:40:55 INFO serializeLogger: [RunnerCompute]EndAt:1479847255022,Parent RDD ID:62,Name:UnionRDD,TaskAttempt ID:81,Partition Id:3,Stage Id:24
16/11/22 13:40:56 INFO serializeLogger: [writerThread]EndAt:1479847256423,Parent RDD ID:62,Name:UnionRDD,TaskAttempt ID:81,Partition Id:3,Stage Id:24
16/11/22 13:40:56 INFO serializeLogger: [writerThread]EndAt:1479847256424,Parent RDD ID:43,Name:MapPartitionedRDD,TaskAttempt ID:81,Partition Id:3,Stage Id:24
16/11/22 13:40:56 INFO serializeLogger: [CreationPYRE]StartAt:1479847256545,Parent RDD ID:66,Name:MapPartitionedRDD,TaskAttempt ID:87,Partition Id:0,Stage Id:25
16/11/22 13:40:56 INFO serializeLogger: [CreationPYRE]EndAt:1479847256545,Parent RDD ID:66,Name:MapPartitionedRDD,TaskAttempt ID:87,Partition Id:0,Stage Id:25
16/11/22 13:40:56 INFO serializeLogger: [RunnerCompute]StartAt:1479847256545,Parent RDD ID:66,Name:MapPartitionedRDD,TaskAttempt ID:87,Partition Id:0,Stage Id:25
16/11/22 13:40:56 INFO serializeLogger: [CreationPYRE]StartAt:1479847256550,Parent RDD ID:66,Name:MapPartitionedRDD,TaskAttempt ID:90,Partition Id:3,Stage Id:25
16/11/22 13:40:56 INFO serializeLogger: [CreationPYRE]EndAt:1479847256551,Parent RDD ID:66,Name:MapPartitionedRDD,TaskAttempt ID:90,Partition Id:3,Stage Id:25
16/11/22 13:40:56 INFO serializeLogger: [RunnerCompute]StartAt:1479847256551,Parent RDD ID:66,Name:MapPartitionedRDD,TaskAttempt ID:90,Partition Id:3,Stage Id:25
16/11/22 13:40:56 INFO serializeLogger: [writerThread]StartAt:1479847256585,Parent RDD ID:66,Name:MapPartitionedRDD,TaskAttempt ID:87,Partition Id:0,Stage Id:25
16/11/22 13:40:56 INFO serializeLogger: [writerThread]StartAt:1479847256588,Parent RDD ID:66,Name:MapPartitionedRDD,TaskAttempt ID:90,Partition Id:3,Stage Id:25
16/11/22 13:41:16 INFO serializeLogger: [RunnerCompute]EndAt:1479847276388,Parent RDD ID:66,Name:MapPartitionedRDD,TaskAttempt ID:90,Partition Id:3,Stage Id:25
16/11/22 13:41:16 INFO serializeLogger: [writerThread]EndAt:1479847276393,Parent RDD ID:66,Name:MapPartitionedRDD,TaskAttempt ID:90,Partition Id:3,Stage Id:25
16/11/22 13:41:21 INFO serializeLogger: [RunnerCompute]EndAt:1479847281445,Parent RDD ID:66,Name:MapPartitionedRDD,TaskAttempt ID:87,Partition Id:0,Stage Id:25
16/11/22 13:41:21 INFO serializeLogger: [writerThread]EndAt:1479847281449,Parent RDD ID:66,Name:MapPartitionedRDD,TaskAttempt ID:87,Partition Id:0,Stage Id:25
16/11/22 13:41:21 INFO serializeLogger: [CreationPYRE]StartAt:1479847281730,Parent RDD ID:70,Name:UnionRDD,TaskAttempt ID:92,Partition Id:0,Stage Id:32
16/11/22 13:41:21 INFO serializeLogger: [CreationPYRE]EndAt:1479847281730,Parent RDD ID:70,Name:UnionRDD,TaskAttempt ID:92,Partition Id:0,Stage Id:32
16/11/22 13:41:21 INFO serializeLogger: [RunnerCompute]StartAt:1479847281730,Parent RDD ID:70,Name:UnionRDD,TaskAttempt ID:92,Partition Id:0,Stage Id:32
16/11/22 13:41:21 INFO serializeLogger: [CreationPYRE]StartAt:1479847281731,Parent RDD ID:43,Name:MapPartitionedRDD,TaskAttempt ID:92,Partition Id:0,Stage Id:32
16/11/22 13:41:21 INFO serializeLogger: [CreationPYRE]EndAt:1479847281731,Parent RDD ID:43,Name:MapPartitionedRDD,TaskAttempt ID:92,Partition Id:0,Stage Id:32
16/11/22 13:41:21 INFO serializeLogger: [RunnerCompute]StartAt:1479847281731,Parent RDD ID:43,Name:MapPartitionedRDD,TaskAttempt ID:92,Partition Id:0,Stage Id:32
16/11/22 13:41:21 INFO serializeLogger: [CreationPYRE]StartAt:1479847281737,Parent RDD ID:70,Name:UnionRDD,TaskAttempt ID:96,Partition Id:3,Stage Id:32
16/11/22 13:41:21 INFO serializeLogger: [CreationPYRE]EndAt:1479847281738,Parent RDD ID:70,Name:UnionRDD,TaskAttempt ID:96,Partition Id:3,Stage Id:32
16/11/22 13:41:21 INFO serializeLogger: [RunnerCompute]StartAt:1479847281738,Parent RDD ID:70,Name:UnionRDD,TaskAttempt ID:96,Partition Id:3,Stage Id:32
16/11/22 13:41:21 INFO serializeLogger: [CreationPYRE]StartAt:1479847281738,Parent RDD ID:70,Name:UnionRDD,TaskAttempt ID:98,Partition Id:7,Stage Id:32
16/11/22 13:41:21 INFO serializeLogger: [CreationPYRE]EndAt:1479847281738,Parent RDD ID:70,Name:UnionRDD,TaskAttempt ID:98,Partition Id:7,Stage Id:32
16/11/22 13:41:21 INFO serializeLogger: [RunnerCompute]StartAt:1479847281739,Parent RDD ID:70,Name:UnionRDD,TaskAttempt ID:98,Partition Id:7,Stage Id:32
16/11/22 13:41:21 INFO serializeLogger: [CreationPYRE]StartAt:1479847281739,Parent RDD ID:43,Name:MapPartitionedRDD,TaskAttempt ID:96,Partition Id:3,Stage Id:32
16/11/22 13:41:21 INFO serializeLogger: [CreationPYRE]EndAt:1479847281739,Parent RDD ID:43,Name:MapPartitionedRDD,TaskAttempt ID:96,Partition Id:3,Stage Id:32
16/11/22 13:41:21 INFO serializeLogger: [RunnerCompute]StartAt:1479847281740,Parent RDD ID:43,Name:MapPartitionedRDD,TaskAttempt ID:96,Partition Id:3,Stage Id:32
16/11/22 13:41:21 INFO serializeLogger: [CreationPYRE]StartAt:1479847281740,Parent RDD ID:43,Name:MapPartitionedRDD,TaskAttempt ID:98,Partition Id:7,Stage Id:32
16/11/22 13:41:21 INFO serializeLogger: [CreationPYRE]EndAt:1479847281740,Parent RDD ID:43,Name:MapPartitionedRDD,TaskAttempt ID:98,Partition Id:7,Stage Id:32
16/11/22 13:41:21 INFO serializeLogger: [RunnerCompute]StartAt:1479847281740,Parent RDD ID:43,Name:MapPartitionedRDD,TaskAttempt ID:98,Partition Id:7,Stage Id:32
16/11/22 13:41:21 INFO serializeLogger: [writerThread]StartAt:1479847281755,Parent RDD ID:43,Name:MapPartitionedRDD,TaskAttempt ID:92,Partition Id:0,Stage Id:32
16/11/22 13:41:21 INFO serializeLogger: [writerThread]StartAt:1479847281834,Parent RDD ID:43,Name:MapPartitionedRDD,TaskAttempt ID:98,Partition Id:7,Stage Id:32
16/11/22 13:41:21 INFO serializeLogger: [writerThread]StartAt:1479847281838,Parent RDD ID:43,Name:MapPartitionedRDD,TaskAttempt ID:96,Partition Id:3,Stage Id:32
16/11/22 13:41:59 INFO serializeLogger: [RunnerCompute]EndAt:1479847319885,Parent RDD ID:43,Name:MapPartitionedRDD,TaskAttempt ID:92,Partition Id:0,Stage Id:32
16/11/22 13:41:59 INFO serializeLogger: [writerThread]StartAt:1479847319888,Parent RDD ID:70,Name:UnionRDD,TaskAttempt ID:92,Partition Id:0,Stage Id:32
16/11/22 13:42:00 INFO serializeLogger: [RunnerCompute]EndAt:1479847320879,Parent RDD ID:43,Name:MapPartitionedRDD,TaskAttempt ID:98,Partition Id:7,Stage Id:32
16/11/22 13:42:00 INFO serializeLogger: [writerThread]StartAt:1479847320881,Parent RDD ID:70,Name:UnionRDD,TaskAttempt ID:98,Partition Id:7,Stage Id:32
16/11/22 13:42:00 INFO serializeLogger: [RunnerCompute]EndAt:1479847320989,Parent RDD ID:70,Name:UnionRDD,TaskAttempt ID:98,Partition Id:7,Stage Id:32
16/11/22 13:42:01 INFO serializeLogger: [writerThread]EndAt:1479847321149,Parent RDD ID:70,Name:UnionRDD,TaskAttempt ID:98,Partition Id:7,Stage Id:32
16/11/22 13:42:01 INFO serializeLogger: [writerThread]EndAt:1479847321149,Parent RDD ID:43,Name:MapPartitionedRDD,TaskAttempt ID:98,Partition Id:7,Stage Id:32
16/11/22 13:42:07 INFO serializeLogger: [RunnerCompute]EndAt:1479847327480,Parent RDD ID:43,Name:MapPartitionedRDD,TaskAttempt ID:96,Partition Id:3,Stage Id:32
16/11/22 13:42:07 INFO serializeLogger: [writerThread]StartAt:1479847327482,Parent RDD ID:70,Name:UnionRDD,TaskAttempt ID:96,Partition Id:3,Stage Id:32
16/11/22 13:42:19 INFO serializeLogger: [RunnerCompute]EndAt:1479847339540,Parent RDD ID:70,Name:UnionRDD,TaskAttempt ID:92,Partition Id:0,Stage Id:32
16/11/22 13:42:20 INFO serializeLogger: [writerThread]EndAt:1479847340827,Parent RDD ID:70,Name:UnionRDD,TaskAttempt ID:92,Partition Id:0,Stage Id:32
16/11/22 13:42:20 INFO serializeLogger: [writerThread]EndAt:1479847340827,Parent RDD ID:43,Name:MapPartitionedRDD,TaskAttempt ID:92,Partition Id:0,Stage Id:32
16/11/22 13:42:27 INFO serializeLogger: [RunnerCompute]EndAt:1479847347763,Parent RDD ID:70,Name:UnionRDD,TaskAttempt ID:96,Partition Id:3,Stage Id:32
16/11/22 13:42:29 INFO serializeLogger: [writerThread]EndAt:1479847349148,Parent RDD ID:70,Name:UnionRDD,TaskAttempt ID:96,Partition Id:3,Stage Id:32
16/11/22 13:42:29 INFO serializeLogger: [writerThread]EndAt:1479847349148,Parent RDD ID:43,Name:MapPartitionedRDD,TaskAttempt ID:96,Partition Id:3,Stage Id:32
16/11/22 13:42:29 INFO serializeLogger: [CreationPYRE]StartAt:1479847349271,Parent RDD ID:74,Name:MapPartitionedRDD,TaskAttempt ID:102,Partition Id:3,Stage Id:33
16/11/22 13:42:29 INFO serializeLogger: [CreationPYRE]EndAt:1479847349271,Parent RDD ID:74,Name:MapPartitionedRDD,TaskAttempt ID:102,Partition Id:3,Stage Id:33
16/11/22 13:42:29 INFO serializeLogger: [RunnerCompute]StartAt:1479847349271,Parent RDD ID:74,Name:MapPartitionedRDD,TaskAttempt ID:102,Partition Id:3,Stage Id:33
16/11/22 13:42:29 INFO serializeLogger: [writerThread]StartAt:1479847349303,Parent RDD ID:74,Name:MapPartitionedRDD,TaskAttempt ID:102,Partition Id:3,Stage Id:33
16/11/22 13:42:47 INFO serializeLogger: [RunnerCompute]EndAt:1479847367285,Parent RDD ID:74,Name:MapPartitionedRDD,TaskAttempt ID:102,Partition Id:3,Stage Id:33
16/11/22 13:42:47 INFO serializeLogger: [writerThread]EndAt:1479847367287,Parent RDD ID:74,Name:MapPartitionedRDD,TaskAttempt ID:102,Partition Id:3,Stage Id:33
16/11/22 13:42:50 INFO serializeLogger: [CreationPYRE]StartAt:1479847370105,Parent RDD ID:78,Name:UnionRDD,TaskAttempt ID:104,Partition Id:0,Stage Id:40
16/11/22 13:42:50 INFO serializeLogger: [CreationPYRE]EndAt:1479847370105,Parent RDD ID:78,Name:UnionRDD,TaskAttempt ID:104,Partition Id:0,Stage Id:40
16/11/22 13:42:50 INFO serializeLogger: [RunnerCompute]StartAt:1479847370105,Parent RDD ID:78,Name:UnionRDD,TaskAttempt ID:104,Partition Id:0,Stage Id:40
16/11/22 13:42:50 INFO serializeLogger: [CreationPYRE]StartAt:1479847370105,Parent RDD ID:43,Name:MapPartitionedRDD,TaskAttempt ID:104,Partition Id:0,Stage Id:40
16/11/22 13:42:50 INFO serializeLogger: [CreationPYRE]EndAt:1479847370106,Parent RDD ID:43,Name:MapPartitionedRDD,TaskAttempt ID:104,Partition Id:0,Stage Id:40
16/11/22 13:42:50 INFO serializeLogger: [RunnerCompute]StartAt:1479847370106,Parent RDD ID:43,Name:MapPartitionedRDD,TaskAttempt ID:104,Partition Id:0,Stage Id:40
16/11/22 13:42:50 INFO serializeLogger: [CreationPYRE]StartAt:1479847370111,Parent RDD ID:78,Name:UnionRDD,TaskAttempt ID:108,Partition Id:4,Stage Id:40
16/11/22 13:42:50 INFO serializeLogger: [CreationPYRE]EndAt:1479847370112,Parent RDD ID:78,Name:UnionRDD,TaskAttempt ID:108,Partition Id:4,Stage Id:40
16/11/22 13:42:50 INFO serializeLogger: [RunnerCompute]StartAt:1479847370112,Parent RDD ID:78,Name:UnionRDD,TaskAttempt ID:108,Partition Id:4,Stage Id:40
16/11/22 13:42:50 INFO serializeLogger: [CreationPYRE]StartAt:1479847370113,Parent RDD ID:43,Name:MapPartitionedRDD,TaskAttempt ID:108,Partition Id:4,Stage Id:40
16/11/22 13:42:50 INFO serializeLogger: [CreationPYRE]EndAt:1479847370113,Parent RDD ID:43,Name:MapPartitionedRDD,TaskAttempt ID:108,Partition Id:4,Stage Id:40
16/11/22 13:42:50 INFO serializeLogger: [RunnerCompute]StartAt:1479847370114,Parent RDD ID:43,Name:MapPartitionedRDD,TaskAttempt ID:108,Partition Id:4,Stage Id:40
16/11/22 13:42:50 INFO serializeLogger: [writerThread]StartAt:1479847370143,Parent RDD ID:43,Name:MapPartitionedRDD,TaskAttempt ID:104,Partition Id:0,Stage Id:40
16/11/22 13:42:50 INFO serializeLogger: [writerThread]StartAt:1479847370143,Parent RDD ID:43,Name:MapPartitionedRDD,TaskAttempt ID:108,Partition Id:4,Stage Id:40
16/11/22 13:43:24 INFO serializeLogger: [RunnerCompute]EndAt:1479847404126,Parent RDD ID:43,Name:MapPartitionedRDD,TaskAttempt ID:108,Partition Id:4,Stage Id:40
16/11/22 13:43:24 INFO serializeLogger: [writerThread]StartAt:1479847404128,Parent RDD ID:78,Name:UnionRDD,TaskAttempt ID:108,Partition Id:4,Stage Id:40
16/11/22 13:43:24 INFO serializeLogger: [RunnerCompute]EndAt:1479847404205,Parent RDD ID:78,Name:UnionRDD,TaskAttempt ID:108,Partition Id:4,Stage Id:40
16/11/22 13:43:24 INFO serializeLogger: [writerThread]EndAt:1479847404352,Parent RDD ID:78,Name:UnionRDD,TaskAttempt ID:108,Partition Id:4,Stage Id:40
16/11/22 13:43:24 INFO serializeLogger: [writerThread]EndAt:1479847404352,Parent RDD ID:43,Name:MapPartitionedRDD,TaskAttempt ID:108,Partition Id:4,Stage Id:40
16/11/22 13:43:29 INFO serializeLogger: [RunnerCompute]EndAt:1479847409596,Parent RDD ID:43,Name:MapPartitionedRDD,TaskAttempt ID:104,Partition Id:0,Stage Id:40
16/11/22 13:43:29 INFO serializeLogger: [writerThread]StartAt:1479847409598,Parent RDD ID:78,Name:UnionRDD,TaskAttempt ID:104,Partition Id:0,Stage Id:40
16/11/22 13:43:48 INFO serializeLogger: [RunnerCompute]EndAt:1479847428274,Parent RDD ID:78,Name:UnionRDD,TaskAttempt ID:104,Partition Id:0,Stage Id:40
16/11/22 13:43:49 INFO serializeLogger: [writerThread]EndAt:1479847429562,Parent RDD ID:78,Name:UnionRDD,TaskAttempt ID:104,Partition Id:0,Stage Id:40
16/11/22 13:43:49 INFO serializeLogger: [writerThread]EndAt:1479847429562,Parent RDD ID:43,Name:MapPartitionedRDD,TaskAttempt ID:104,Partition Id:0,Stage Id:40
16/11/22 13:43:56 INFO serializeLogger: [CreationPYRE]StartAt:1479847436133,Parent RDD ID:85,Name:UnionRDD,TaskAttempt ID:114,Partition Id:3,Stage Id:41
16/11/22 13:43:56 INFO serializeLogger: [CreationPYRE]EndAt:1479847436134,Parent RDD ID:85,Name:UnionRDD,TaskAttempt ID:114,Partition Id:3,Stage Id:41
16/11/22 13:43:56 INFO serializeLogger: [RunnerCompute]StartAt:1479847436134,Parent RDD ID:85,Name:UnionRDD,TaskAttempt ID:114,Partition Id:3,Stage Id:41
16/11/22 13:43:56 INFO serializeLogger: [CreationPYRE]StartAt:1479847436135,Parent RDD ID:82,Name:MapPartitionedRDD,TaskAttempt ID:114,Partition Id:3,Stage Id:41
16/11/22 13:43:56 INFO serializeLogger: [CreationPYRE]EndAt:1479847436135,Parent RDD ID:82,Name:MapPartitionedRDD,TaskAttempt ID:114,Partition Id:3,Stage Id:41
16/11/22 13:43:56 INFO serializeLogger: [RunnerCompute]StartAt:1479847436135,Parent RDD ID:82,Name:MapPartitionedRDD,TaskAttempt ID:114,Partition Id:3,Stage Id:41
16/11/22 13:43:56 INFO serializeLogger: [CreationPYRE]StartAt:1479847436138,Parent RDD ID:85,Name:UnionRDD,TaskAttempt ID:118,Partition Id:7,Stage Id:41
16/11/22 13:43:56 INFO serializeLogger: [CreationPYRE]EndAt:1479847436138,Parent RDD ID:85,Name:UnionRDD,TaskAttempt ID:118,Partition Id:7,Stage Id:41
16/11/22 13:43:56 INFO serializeLogger: [RunnerCompute]StartAt:1479847436138,Parent RDD ID:85,Name:UnionRDD,TaskAttempt ID:118,Partition Id:7,Stage Id:41
16/11/22 13:43:56 INFO serializeLogger: [CreationPYRE]StartAt:1479847436139,Parent RDD ID:82,Name:MapPartitionedRDD,TaskAttempt ID:118,Partition Id:7,Stage Id:41
16/11/22 13:43:56 INFO serializeLogger: [CreationPYRE]EndAt:1479847436139,Parent RDD ID:82,Name:MapPartitionedRDD,TaskAttempt ID:118,Partition Id:7,Stage Id:41
16/11/22 13:43:56 INFO serializeLogger: [RunnerCompute]StartAt:1479847436139,Parent RDD ID:82,Name:MapPartitionedRDD,TaskAttempt ID:118,Partition Id:7,Stage Id:41
16/11/22 13:43:56 INFO serializeLogger: [writerThread]StartAt:1479847436185,Parent RDD ID:82,Name:MapPartitionedRDD,TaskAttempt ID:114,Partition Id:3,Stage Id:41
16/11/22 13:43:56 INFO serializeLogger: [writerThread]StartAt:1479847436185,Parent RDD ID:82,Name:MapPartitionedRDD,TaskAttempt ID:118,Partition Id:7,Stage Id:41
16/11/22 13:44:34 INFO serializeLogger: [RunnerCompute]EndAt:1479847474261,Parent RDD ID:82,Name:MapPartitionedRDD,TaskAttempt ID:118,Partition Id:7,Stage Id:41
16/11/22 13:44:34 INFO serializeLogger: [writerThread]StartAt:1479847474263,Parent RDD ID:85,Name:UnionRDD,TaskAttempt ID:118,Partition Id:7,Stage Id:41
16/11/22 13:44:34 INFO serializeLogger: [RunnerCompute]EndAt:1479847474365,Parent RDD ID:85,Name:UnionRDD,TaskAttempt ID:118,Partition Id:7,Stage Id:41
16/11/22 13:44:34 INFO serializeLogger: [writerThread]EndAt:1479847474524,Parent RDD ID:85,Name:UnionRDD,TaskAttempt ID:118,Partition Id:7,Stage Id:41
16/11/22 13:44:34 INFO serializeLogger: [writerThread]EndAt:1479847474524,Parent RDD ID:82,Name:MapPartitionedRDD,TaskAttempt ID:118,Partition Id:7,Stage Id:41
16/11/22 13:44:41 INFO serializeLogger: [RunnerCompute]EndAt:1479847481866,Parent RDD ID:82,Name:MapPartitionedRDD,TaskAttempt ID:114,Partition Id:3,Stage Id:41
16/11/22 13:44:41 INFO serializeLogger: [writerThread]StartAt:1479847481868,Parent RDD ID:85,Name:UnionRDD,TaskAttempt ID:114,Partition Id:3,Stage Id:41
16/11/22 13:45:01 INFO serializeLogger: [RunnerCompute]EndAt:1479847501083,Parent RDD ID:85,Name:UnionRDD,TaskAttempt ID:114,Partition Id:3,Stage Id:41
16/11/22 13:45:02 INFO serializeLogger: [writerThread]EndAt:1479847502420,Parent RDD ID:85,Name:UnionRDD,TaskAttempt ID:114,Partition Id:3,Stage Id:41
16/11/22 13:45:02 INFO serializeLogger: [writerThread]EndAt:1479847502420,Parent RDD ID:82,Name:MapPartitionedRDD,TaskAttempt ID:114,Partition Id:3,Stage Id:41
16/11/22 13:45:02 INFO serializeLogger: [CreationPYRE]StartAt:1479847502582,Parent RDD ID:92,Name:UnionRDD,TaskAttempt ID:125,Partition Id:6,Stage Id:42
16/11/22 13:45:02 INFO serializeLogger: [CreationPYRE]EndAt:1479847502583,Parent RDD ID:92,Name:UnionRDD,TaskAttempt ID:125,Partition Id:6,Stage Id:42
16/11/22 13:45:02 INFO serializeLogger: [CreationPYRE]StartAt:1479847502583,Parent RDD ID:92,Name:UnionRDD,TaskAttempt ID:121,Partition Id:2,Stage Id:42
16/11/22 13:45:02 INFO serializeLogger: [RunnerCompute]StartAt:1479847502583,Parent RDD ID:92,Name:UnionRDD,TaskAttempt ID:125,Partition Id:6,Stage Id:42
16/11/22 13:45:02 INFO serializeLogger: [CreationPYRE]EndAt:1479847502583,Parent RDD ID:92,Name:UnionRDD,TaskAttempt ID:121,Partition Id:2,Stage Id:42
16/11/22 13:45:02 INFO serializeLogger: [RunnerCompute]StartAt:1479847502583,Parent RDD ID:92,Name:UnionRDD,TaskAttempt ID:121,Partition Id:2,Stage Id:42
16/11/22 13:45:02 INFO serializeLogger: [CreationPYRE]StartAt:1479847502584,Parent RDD ID:89,Name:MapPartitionedRDD,TaskAttempt ID:125,Partition Id:6,Stage Id:42
16/11/22 13:45:02 INFO serializeLogger: [CreationPYRE]EndAt:1479847502584,Parent RDD ID:89,Name:MapPartitionedRDD,TaskAttempt ID:125,Partition Id:6,Stage Id:42
16/11/22 13:45:02 INFO serializeLogger: [CreationPYRE]StartAt:1479847502584,Parent RDD ID:89,Name:MapPartitionedRDD,TaskAttempt ID:121,Partition Id:2,Stage Id:42
16/11/22 13:45:02 INFO serializeLogger: [RunnerCompute]StartAt:1479847502584,Parent RDD ID:89,Name:MapPartitionedRDD,TaskAttempt ID:125,Partition Id:6,Stage Id:42
16/11/22 13:45:02 INFO serializeLogger: [CreationPYRE]EndAt:1479847502584,Parent RDD ID:89,Name:MapPartitionedRDD,TaskAttempt ID:121,Partition Id:2,Stage Id:42
16/11/22 13:45:02 INFO serializeLogger: [RunnerCompute]StartAt:1479847502585,Parent RDD ID:89,Name:MapPartitionedRDD,TaskAttempt ID:121,Partition Id:2,Stage Id:42
16/11/22 13:45:02 INFO serializeLogger: [writerThread]StartAt:1479847502623,Parent RDD ID:89,Name:MapPartitionedRDD,TaskAttempt ID:121,Partition Id:2,Stage Id:42
16/11/22 13:45:02 INFO serializeLogger: [writerThread]StartAt:1479847502625,Parent RDD ID:89,Name:MapPartitionedRDD,TaskAttempt ID:125,Partition Id:6,Stage Id:42
16/11/22 13:45:43 INFO serializeLogger: [RunnerCompute]EndAt:1479847543812,Parent RDD ID:89,Name:MapPartitionedRDD,TaskAttempt ID:125,Partition Id:6,Stage Id:42
16/11/22 13:45:43 INFO serializeLogger: [writerThread]StartAt:1479847543814,Parent RDD ID:92,Name:UnionRDD,TaskAttempt ID:125,Partition Id:6,Stage Id:42
16/11/22 13:45:43 INFO serializeLogger: [RunnerCompute]EndAt:1479847543895,Parent RDD ID:92,Name:UnionRDD,TaskAttempt ID:125,Partition Id:6,Stage Id:42
16/11/22 13:45:44 INFO serializeLogger: [writerThread]EndAt:1479847544043,Parent RDD ID:92,Name:UnionRDD,TaskAttempt ID:125,Partition Id:6,Stage Id:42
16/11/22 13:45:44 INFO serializeLogger: [writerThread]EndAt:1479847544043,Parent RDD ID:89,Name:MapPartitionedRDD,TaskAttempt ID:125,Partition Id:6,Stage Id:42
16/11/22 13:45:45 INFO serializeLogger: [RunnerCompute]EndAt:1479847545388,Parent RDD ID:89,Name:MapPartitionedRDD,TaskAttempt ID:121,Partition Id:2,Stage Id:42
16/11/22 13:45:45 INFO serializeLogger: [writerThread]StartAt:1479847545391,Parent RDD ID:92,Name:UnionRDD,TaskAttempt ID:121,Partition Id:2,Stage Id:42
16/11/22 13:46:04 INFO serializeLogger: [RunnerCompute]EndAt:1479847564793,Parent RDD ID:92,Name:UnionRDD,TaskAttempt ID:121,Partition Id:2,Stage Id:42
16/11/22 13:46:06 INFO serializeLogger: [writerThread]EndAt:1479847566097,Parent RDD ID:92,Name:UnionRDD,TaskAttempt ID:121,Partition Id:2,Stage Id:42
16/11/22 13:46:06 INFO serializeLogger: [writerThread]EndAt:1479847566097,Parent RDD ID:89,Name:MapPartitionedRDD,TaskAttempt ID:121,Partition Id:2,Stage Id:42
16/11/22 13:46:11 INFO serializeLogger: [CreationPYRE]StartAt:1479847571540,Parent RDD ID:99,Name:UnionRDD,TaskAttempt ID:131,Partition Id:5,Stage Id:43
16/11/22 13:46:11 INFO serializeLogger: [CreationPYRE]EndAt:1479847571540,Parent RDD ID:99,Name:UnionRDD,TaskAttempt ID:131,Partition Id:5,Stage Id:43
16/11/22 13:46:11 INFO serializeLogger: [RunnerCompute]StartAt:1479847571540,Parent RDD ID:99,Name:UnionRDD,TaskAttempt ID:131,Partition Id:5,Stage Id:43
16/11/22 13:46:11 INFO serializeLogger: [CreationPYRE]StartAt:1479847571541,Parent RDD ID:96,Name:MapPartitionedRDD,TaskAttempt ID:131,Partition Id:5,Stage Id:43
16/11/22 13:46:11 INFO serializeLogger: [CreationPYRE]StartAt:1479847571541,Parent RDD ID:99,Name:UnionRDD,TaskAttempt ID:127,Partition Id:1,Stage Id:43
16/11/22 13:46:11 INFO serializeLogger: [CreationPYRE]EndAt:1479847571541,Parent RDD ID:96,Name:MapPartitionedRDD,TaskAttempt ID:131,Partition Id:5,Stage Id:43
16/11/22 13:46:11 INFO serializeLogger: [CreationPYRE]EndAt:1479847571542,Parent RDD ID:99,Name:UnionRDD,TaskAttempt ID:127,Partition Id:1,Stage Id:43
16/11/22 13:46:11 INFO serializeLogger: [RunnerCompute]StartAt:1479847571542,Parent RDD ID:96,Name:MapPartitionedRDD,TaskAttempt ID:131,Partition Id:5,Stage Id:43
16/11/22 13:46:11 INFO serializeLogger: [RunnerCompute]StartAt:1479847571542,Parent RDD ID:99,Name:UnionRDD,TaskAttempt ID:127,Partition Id:1,Stage Id:43
16/11/22 13:46:11 INFO serializeLogger: [CreationPYRE]StartAt:1479847571543,Parent RDD ID:96,Name:MapPartitionedRDD,TaskAttempt ID:127,Partition Id:1,Stage Id:43
16/11/22 13:46:11 INFO serializeLogger: [CreationPYRE]EndAt:1479847571543,Parent RDD ID:96,Name:MapPartitionedRDD,TaskAttempt ID:127,Partition Id:1,Stage Id:43
16/11/22 13:46:11 INFO serializeLogger: [RunnerCompute]StartAt:1479847571544,Parent RDD ID:96,Name:MapPartitionedRDD,TaskAttempt ID:127,Partition Id:1,Stage Id:43
16/11/22 13:46:11 INFO serializeLogger: [writerThread]StartAt:1479847571583,Parent RDD ID:96,Name:MapPartitionedRDD,TaskAttempt ID:131,Partition Id:5,Stage Id:43
16/11/22 13:46:11 INFO serializeLogger: [writerThread]StartAt:1479847571584,Parent RDD ID:96,Name:MapPartitionedRDD,TaskAttempt ID:127,Partition Id:1,Stage Id:43
16/11/22 13:46:52 INFO serializeLogger: [RunnerCompute]EndAt:1479847612502,Parent RDD ID:96,Name:MapPartitionedRDD,TaskAttempt ID:131,Partition Id:5,Stage Id:43
16/11/22 13:46:52 INFO serializeLogger: [writerThread]StartAt:1479847612504,Parent RDD ID:99,Name:UnionRDD,TaskAttempt ID:131,Partition Id:5,Stage Id:43
16/11/22 13:46:52 INFO serializeLogger: [RunnerCompute]EndAt:1479847612611,Parent RDD ID:99,Name:UnionRDD,TaskAttempt ID:131,Partition Id:5,Stage Id:43
16/11/22 13:46:52 INFO serializeLogger: [writerThread]EndAt:1479847612759,Parent RDD ID:99,Name:UnionRDD,TaskAttempt ID:131,Partition Id:5,Stage Id:43
16/11/22 13:46:52 INFO serializeLogger: [writerThread]EndAt:1479847612759,Parent RDD ID:96,Name:MapPartitionedRDD,TaskAttempt ID:131,Partition Id:5,Stage Id:43
16/11/22 13:46:57 INFO serializeLogger: [RunnerCompute]EndAt:1479847617017,Parent RDD ID:96,Name:MapPartitionedRDD,TaskAttempt ID:127,Partition Id:1,Stage Id:43
16/11/22 13:46:57 INFO serializeLogger: [writerThread]StartAt:1479847617019,Parent RDD ID:99,Name:UnionRDD,TaskAttempt ID:127,Partition Id:1,Stage Id:43
16/11/22 13:47:16 INFO serializeLogger: [RunnerCompute]EndAt:1479847636130,Parent RDD ID:99,Name:UnionRDD,TaskAttempt ID:127,Partition Id:1,Stage Id:43
16/11/22 13:47:17 INFO serializeLogger: [writerThread]EndAt:1479847637448,Parent RDD ID:99,Name:UnionRDD,TaskAttempt ID:127,Partition Id:1,Stage Id:43
16/11/22 13:47:17 INFO serializeLogger: [writerThread]EndAt:1479847637448,Parent RDD ID:96,Name:MapPartitionedRDD,TaskAttempt ID:127,Partition Id:1,Stage Id:43
16/11/22 13:47:22 INFO serializeLogger: [CreationPYRE]StartAt:1479847642258,Parent RDD ID:106,Name:UnionRDD,TaskAttempt ID:137,Partition Id:1,Stage Id:44
16/11/22 13:47:22 INFO serializeLogger: [CreationPYRE]EndAt:1479847642259,Parent RDD ID:106,Name:UnionRDD,TaskAttempt ID:137,Partition Id:1,Stage Id:44
16/11/22 13:47:22 INFO serializeLogger: [RunnerCompute]StartAt:1479847642259,Parent RDD ID:106,Name:UnionRDD,TaskAttempt ID:137,Partition Id:1,Stage Id:44
16/11/22 13:47:22 INFO serializeLogger: [CreationPYRE]StartAt:1479847642259,Parent RDD ID:106,Name:UnionRDD,TaskAttempt ID:141,Partition Id:4,Stage Id:44
16/11/22 13:47:22 INFO serializeLogger: [CreationPYRE]EndAt:1479847642259,Parent RDD ID:106,Name:UnionRDD,TaskAttempt ID:141,Partition Id:4,Stage Id:44
16/11/22 13:47:22 INFO serializeLogger: [RunnerCompute]StartAt:1479847642259,Parent RDD ID:106,Name:UnionRDD,TaskAttempt ID:141,Partition Id:4,Stage Id:44
16/11/22 13:47:22 INFO serializeLogger: [CreationPYRE]StartAt:1479847642260,Parent RDD ID:103,Name:MapPartitionedRDD,TaskAttempt ID:137,Partition Id:1,Stage Id:44
16/11/22 13:47:22 INFO serializeLogger: [CreationPYRE]EndAt:1479847642260,Parent RDD ID:103,Name:MapPartitionedRDD,TaskAttempt ID:137,Partition Id:1,Stage Id:44
16/11/22 13:47:22 INFO serializeLogger: [RunnerCompute]StartAt:1479847642260,Parent RDD ID:103,Name:MapPartitionedRDD,TaskAttempt ID:137,Partition Id:1,Stage Id:44
16/11/22 13:47:22 INFO serializeLogger: [CreationPYRE]StartAt:1479847642260,Parent RDD ID:103,Name:MapPartitionedRDD,TaskAttempt ID:141,Partition Id:4,Stage Id:44
16/11/22 13:47:22 INFO serializeLogger: [CreationPYRE]EndAt:1479847642260,Parent RDD ID:103,Name:MapPartitionedRDD,TaskAttempt ID:141,Partition Id:4,Stage Id:44
16/11/22 13:47:22 INFO serializeLogger: [RunnerCompute]StartAt:1479847642261,Parent RDD ID:103,Name:MapPartitionedRDD,TaskAttempt ID:141,Partition Id:4,Stage Id:44
16/11/22 13:47:22 INFO serializeLogger: [writerThread]StartAt:1479847642286,Parent RDD ID:103,Name:MapPartitionedRDD,TaskAttempt ID:137,Partition Id:1,Stage Id:44
16/11/22 13:47:22 INFO serializeLogger: [writerThread]StartAt:1479847642291,Parent RDD ID:103,Name:MapPartitionedRDD,TaskAttempt ID:141,Partition Id:4,Stage Id:44
16/11/22 13:48:00 INFO serializeLogger: [RunnerCompute]EndAt:1479847680739,Parent RDD ID:103,Name:MapPartitionedRDD,TaskAttempt ID:141,Partition Id:4,Stage Id:44
16/11/22 13:48:00 INFO serializeLogger: [writerThread]StartAt:1479847680741,Parent RDD ID:106,Name:UnionRDD,TaskAttempt ID:141,Partition Id:4,Stage Id:44
16/11/22 13:48:00 INFO serializeLogger: [RunnerCompute]EndAt:1479847680838,Parent RDD ID:106,Name:UnionRDD,TaskAttempt ID:141,Partition Id:4,Stage Id:44
16/11/22 13:48:00 INFO serializeLogger: [writerThread]EndAt:1479847680989,Parent RDD ID:106,Name:UnionRDD,TaskAttempt ID:141,Partition Id:4,Stage Id:44
16/11/22 13:48:00 INFO serializeLogger: [writerThread]EndAt:1479847680989,Parent RDD ID:103,Name:MapPartitionedRDD,TaskAttempt ID:141,Partition Id:4,Stage Id:44
16/11/22 13:48:04 INFO serializeLogger: [RunnerCompute]EndAt:1479847684541,Parent RDD ID:103,Name:MapPartitionedRDD,TaskAttempt ID:137,Partition Id:1,Stage Id:44
16/11/22 13:48:04 INFO serializeLogger: [writerThread]StartAt:1479847684543,Parent RDD ID:106,Name:UnionRDD,TaskAttempt ID:137,Partition Id:1,Stage Id:44
16/11/22 13:48:25 INFO serializeLogger: [RunnerCompute]EndAt:1479847705912,Parent RDD ID:106,Name:UnionRDD,TaskAttempt ID:137,Partition Id:1,Stage Id:44
16/11/22 13:48:27 INFO serializeLogger: [writerThread]EndAt:1479847707281,Parent RDD ID:106,Name:UnionRDD,TaskAttempt ID:137,Partition Id:1,Stage Id:44
16/11/22 13:48:27 INFO serializeLogger: [writerThread]EndAt:1479847707281,Parent RDD ID:103,Name:MapPartitionedRDD,TaskAttempt ID:137,Partition Id:1,Stage Id:44
16/11/22 13:48:31 INFO serializeLogger: [CreationPYRE]StartAt:1479847711459,Parent RDD ID:110,Name:MapPartitionedRDD,TaskAttempt ID:143,Partition Id:1,Stage Id:45
16/11/22 13:48:31 INFO serializeLogger: [CreationPYRE]EndAt:1479847711459,Parent RDD ID:110,Name:MapPartitionedRDD,TaskAttempt ID:143,Partition Id:1,Stage Id:45
16/11/22 13:48:31 INFO serializeLogger: [CreationPYRE]StartAt:1479847711459,Parent RDD ID:110,Name:MapPartitionedRDD,TaskAttempt ID:146,Partition Id:3,Stage Id:45
16/11/22 13:48:31 INFO serializeLogger: [RunnerCompute]StartAt:1479847711460,Parent RDD ID:110,Name:MapPartitionedRDD,TaskAttempt ID:143,Partition Id:1,Stage Id:45
16/11/22 13:48:31 INFO serializeLogger: [CreationPYRE]EndAt:1479847711460,Parent RDD ID:110,Name:MapPartitionedRDD,TaskAttempt ID:146,Partition Id:3,Stage Id:45
16/11/22 13:48:31 INFO serializeLogger: [RunnerCompute]StartAt:1479847711460,Parent RDD ID:110,Name:MapPartitionedRDD,TaskAttempt ID:146,Partition Id:3,Stage Id:45
16/11/22 13:48:31 INFO serializeLogger: [writerThread]StartAt:1479847711493,Parent RDD ID:110,Name:MapPartitionedRDD,TaskAttempt ID:146,Partition Id:3,Stage Id:45
16/11/22 13:48:31 INFO serializeLogger: [writerThread]StartAt:1479847711494,Parent RDD ID:110,Name:MapPartitionedRDD,TaskAttempt ID:143,Partition Id:1,Stage Id:45
16/11/22 13:48:50 INFO serializeLogger: [RunnerCompute]EndAt:1479847730281,Parent RDD ID:110,Name:MapPartitionedRDD,TaskAttempt ID:143,Partition Id:1,Stage Id:45
16/11/22 13:48:50 INFO serializeLogger: [writerThread]EndAt:1479847730283,Parent RDD ID:110,Name:MapPartitionedRDD,TaskAttempt ID:143,Partition Id:1,Stage Id:45
16/11/22 13:48:54 INFO serializeLogger: [RunnerCompute]EndAt:1479847734572,Parent RDD ID:110,Name:MapPartitionedRDD,TaskAttempt ID:146,Partition Id:3,Stage Id:45
16/11/22 13:48:54 INFO serializeLogger: [writerThread]EndAt:1479847734574,Parent RDD ID:110,Name:MapPartitionedRDD,TaskAttempt ID:146,Partition Id:3,Stage Id:45
16/11/22 13:48:54 INFO serializeLogger: [CreationPYRE]StartAt:1479847734852,Parent RDD ID:114,Name:UnionRDD,TaskAttempt ID:147,Partition Id:0,Stage Id:56
16/11/22 13:48:54 INFO serializeLogger: [CreationPYRE]EndAt:1479847734853,Parent RDD ID:114,Name:UnionRDD,TaskAttempt ID:147,Partition Id:0,Stage Id:56
16/11/22 13:48:54 INFO serializeLogger: [RunnerCompute]StartAt:1479847734853,Parent RDD ID:114,Name:UnionRDD,TaskAttempt ID:147,Partition Id:0,Stage Id:56
16/11/22 13:48:54 INFO serializeLogger: [CreationPYRE]StartAt:1479847734854,Parent RDD ID:103,Name:MapPartitionedRDD,TaskAttempt ID:147,Partition Id:0,Stage Id:56
16/11/22 13:48:54 INFO serializeLogger: [CreationPYRE]EndAt:1479847734854,Parent RDD ID:103,Name:MapPartitionedRDD,TaskAttempt ID:147,Partition Id:0,Stage Id:56
16/11/22 13:48:54 INFO serializeLogger: [RunnerCompute]StartAt:1479847734854,Parent RDD ID:103,Name:MapPartitionedRDD,TaskAttempt ID:147,Partition Id:0,Stage Id:56
16/11/22 13:48:54 INFO serializeLogger: [CreationPYRE]StartAt:1479847734855,Parent RDD ID:114,Name:UnionRDD,TaskAttempt ID:151,Partition Id:4,Stage Id:56
16/11/22 13:48:54 INFO serializeLogger: [CreationPYRE]EndAt:1479847734856,Parent RDD ID:114,Name:UnionRDD,TaskAttempt ID:151,Partition Id:4,Stage Id:56
16/11/22 13:48:54 INFO serializeLogger: [RunnerCompute]StartAt:1479847734856,Parent RDD ID:114,Name:UnionRDD,TaskAttempt ID:151,Partition Id:4,Stage Id:56
16/11/22 13:48:54 INFO serializeLogger: [CreationPYRE]StartAt:1479847734857,Parent RDD ID:103,Name:MapPartitionedRDD,TaskAttempt ID:151,Partition Id:4,Stage Id:56
16/11/22 13:48:54 INFO serializeLogger: [CreationPYRE]EndAt:1479847734857,Parent RDD ID:103,Name:MapPartitionedRDD,TaskAttempt ID:151,Partition Id:4,Stage Id:56
16/11/22 13:48:54 INFO serializeLogger: [RunnerCompute]StartAt:1479847734858,Parent RDD ID:103,Name:MapPartitionedRDD,TaskAttempt ID:151,Partition Id:4,Stage Id:56
16/11/22 13:48:54 INFO serializeLogger: [writerThread]StartAt:1479847734877,Parent RDD ID:103,Name:MapPartitionedRDD,TaskAttempt ID:147,Partition Id:0,Stage Id:56
16/11/22 13:48:54 INFO serializeLogger: [writerThread]StartAt:1479847734888,Parent RDD ID:103,Name:MapPartitionedRDD,TaskAttempt ID:151,Partition Id:4,Stage Id:56
16/11/22 13:49:34 INFO serializeLogger: [RunnerCompute]EndAt:1479847774067,Parent RDD ID:103,Name:MapPartitionedRDD,TaskAttempt ID:151,Partition Id:4,Stage Id:56
16/11/22 13:49:34 INFO serializeLogger: [writerThread]StartAt:1479847774070,Parent RDD ID:114,Name:UnionRDD,TaskAttempt ID:151,Partition Id:4,Stage Id:56
16/11/22 13:49:34 INFO serializeLogger: [RunnerCompute]EndAt:1479847774150,Parent RDD ID:114,Name:UnionRDD,TaskAttempt ID:151,Partition Id:4,Stage Id:56
16/11/22 13:49:34 INFO serializeLogger: [writerThread]EndAt:1479847774297,Parent RDD ID:114,Name:UnionRDD,TaskAttempt ID:151,Partition Id:4,Stage Id:56
16/11/22 13:49:34 INFO serializeLogger: [writerThread]EndAt:1479847774297,Parent RDD ID:103,Name:MapPartitionedRDD,TaskAttempt ID:151,Partition Id:4,Stage Id:56
16/11/22 13:49:36 INFO serializeLogger: [RunnerCompute]EndAt:1479847776242,Parent RDD ID:103,Name:MapPartitionedRDD,TaskAttempt ID:147,Partition Id:0,Stage Id:56
16/11/22 13:49:36 INFO serializeLogger: [writerThread]StartAt:1479847776244,Parent RDD ID:114,Name:UnionRDD,TaskAttempt ID:147,Partition Id:0,Stage Id:56
16/11/22 13:49:55 INFO serializeLogger: [RunnerCompute]EndAt:1479847795031,Parent RDD ID:114,Name:UnionRDD,TaskAttempt ID:147,Partition Id:0,Stage Id:56
16/11/22 13:49:56 INFO serializeLogger: [writerThread]EndAt:1479847796306,Parent RDD ID:114,Name:UnionRDD,TaskAttempt ID:147,Partition Id:0,Stage Id:56
16/11/22 13:49:56 INFO serializeLogger: [writerThread]EndAt:1479847796307,Parent RDD ID:103,Name:MapPartitionedRDD,TaskAttempt ID:147,Partition Id:0,Stage Id:56
16/11/22 13:50:00 INFO serializeLogger: [CreationPYRE]StartAt:1479847800330,Parent RDD ID:118,Name:MapPartitionedRDD,TaskAttempt ID:155,Partition Id:0,Stage Id:57
16/11/22 13:50:00 INFO serializeLogger: [CreationPYRE]EndAt:1479847800330,Parent RDD ID:118,Name:MapPartitionedRDD,TaskAttempt ID:155,Partition Id:0,Stage Id:57
16/11/22 13:50:00 INFO serializeLogger: [RunnerCompute]StartAt:1479847800330,Parent RDD ID:118,Name:MapPartitionedRDD,TaskAttempt ID:155,Partition Id:0,Stage Id:57
16/11/22 13:50:00 INFO serializeLogger: [writerThread]StartAt:1479847800360,Parent RDD ID:118,Name:MapPartitionedRDD,TaskAttempt ID:155,Partition Id:0,Stage Id:57
16/11/22 13:50:19 INFO serializeLogger: [RunnerCompute]EndAt:1479847819848,Parent RDD ID:118,Name:MapPartitionedRDD,TaskAttempt ID:155,Partition Id:0,Stage Id:57
16/11/22 13:50:19 INFO serializeLogger: [writerThread]EndAt:1479847819855,Parent RDD ID:118,Name:MapPartitionedRDD,TaskAttempt ID:155,Partition Id:0,Stage Id:57
16/11/22 13:50:20 INFO serializeLogger: [CreationPYRE]StartAt:1479847820113,Parent RDD ID:122,Name:UnionRDD,TaskAttempt ID:162,Partition Id:4,Stage Id:68
16/11/22 13:50:20 INFO serializeLogger: [CreationPYRE]EndAt:1479847820113,Parent RDD ID:122,Name:UnionRDD,TaskAttempt ID:162,Partition Id:4,Stage Id:68
16/11/22 13:50:20 INFO serializeLogger: [RunnerCompute]StartAt:1479847820113,Parent RDD ID:122,Name:UnionRDD,TaskAttempt ID:162,Partition Id:4,Stage Id:68
16/11/22 13:50:20 INFO serializeLogger: [CreationPYRE]StartAt:1479847820114,Parent RDD ID:103,Name:MapPartitionedRDD,TaskAttempt ID:162,Partition Id:4,Stage Id:68
16/11/22 13:50:20 INFO serializeLogger: [CreationPYRE]EndAt:1479847820114,Parent RDD ID:103,Name:MapPartitionedRDD,TaskAttempt ID:162,Partition Id:4,Stage Id:68
16/11/22 13:50:20 INFO serializeLogger: [RunnerCompute]StartAt:1479847820114,Parent RDD ID:103,Name:MapPartitionedRDD,TaskAttempt ID:162,Partition Id:4,Stage Id:68
16/11/22 13:50:20 INFO serializeLogger: [writerThread]StartAt:1479847820132,Parent RDD ID:103,Name:MapPartitionedRDD,TaskAttempt ID:162,Partition Id:4,Stage Id:68
16/11/22 13:50:58 INFO serializeLogger: [RunnerCompute]EndAt:1479847858278,Parent RDD ID:103,Name:MapPartitionedRDD,TaskAttempt ID:162,Partition Id:4,Stage Id:68
16/11/22 13:50:58 INFO serializeLogger: [writerThread]StartAt:1479847858280,Parent RDD ID:122,Name:UnionRDD,TaskAttempt ID:162,Partition Id:4,Stage Id:68
16/11/22 13:50:58 INFO serializeLogger: [RunnerCompute]EndAt:1479847858397,Parent RDD ID:122,Name:UnionRDD,TaskAttempt ID:162,Partition Id:4,Stage Id:68
16/11/22 13:50:58 INFO serializeLogger: [writerThread]EndAt:1479847858545,Parent RDD ID:122,Name:UnionRDD,TaskAttempt ID:162,Partition Id:4,Stage Id:68
16/11/22 13:50:58 INFO serializeLogger: [writerThread]EndAt:1479847858545,Parent RDD ID:103,Name:MapPartitionedRDD,TaskAttempt ID:162,Partition Id:4,Stage Id:68
16/11/22 13:51:25 INFO serializeLogger: [CreationPYRE]StartAt:1479847885968,Parent RDD ID:126,Name:MapPartitionedRDD,TaskAttempt ID:167,Partition Id:1,Stage Id:69
16/11/22 13:51:25 INFO serializeLogger: [CreationPYRE]EndAt:1479847885968,Parent RDD ID:126,Name:MapPartitionedRDD,TaskAttempt ID:167,Partition Id:1,Stage Id:69
16/11/22 13:51:25 INFO serializeLogger: [RunnerCompute]StartAt:1479847885968,Parent RDD ID:126,Name:MapPartitionedRDD,TaskAttempt ID:167,Partition Id:1,Stage Id:69
16/11/22 13:51:26 INFO serializeLogger: [writerThread]StartAt:1479847886000,Parent RDD ID:126,Name:MapPartitionedRDD,TaskAttempt ID:167,Partition Id:1,Stage Id:69
16/11/22 13:51:47 INFO serializeLogger: [RunnerCompute]EndAt:1479847907503,Parent RDD ID:126,Name:MapPartitionedRDD,TaskAttempt ID:167,Partition Id:1,Stage Id:69
16/11/22 13:51:47 INFO serializeLogger: [writerThread]EndAt:1479847907506,Parent RDD ID:126,Name:MapPartitionedRDD,TaskAttempt ID:167,Partition Id:1,Stage Id:69
16/11/22 13:51:47 INFO serializeLogger: [CreationPYRE]StartAt:1479847907754,Parent RDD ID:130,Name:UnionRDD,TaskAttempt ID:172,Partition Id:1,Stage Id:80
16/11/22 13:51:47 INFO serializeLogger: [CreationPYRE]EndAt:1479847907754,Parent RDD ID:130,Name:UnionRDD,TaskAttempt ID:172,Partition Id:1,Stage Id:80
16/11/22 13:51:47 INFO serializeLogger: [RunnerCompute]StartAt:1479847907755,Parent RDD ID:130,Name:UnionRDD,TaskAttempt ID:172,Partition Id:1,Stage Id:80
16/11/22 13:51:47 INFO serializeLogger: [CreationPYRE]StartAt:1479847907755,Parent RDD ID:103,Name:MapPartitionedRDD,TaskAttempt ID:172,Partition Id:1,Stage Id:80
16/11/22 13:51:47 INFO serializeLogger: [CreationPYRE]EndAt:1479847907756,Parent RDD ID:103,Name:MapPartitionedRDD,TaskAttempt ID:172,Partition Id:1,Stage Id:80
16/11/22 13:51:47 INFO serializeLogger: [RunnerCompute]StartAt:1479847907756,Parent RDD ID:103,Name:MapPartitionedRDD,TaskAttempt ID:172,Partition Id:1,Stage Id:80
16/11/22 13:51:47 INFO serializeLogger: [CreationPYRE]StartAt:1479847907758,Parent RDD ID:130,Name:UnionRDD,TaskAttempt ID:176,Partition Id:4,Stage Id:80
16/11/22 13:51:47 INFO serializeLogger: [CreationPYRE]EndAt:1479847907758,Parent RDD ID:130,Name:UnionRDD,TaskAttempt ID:176,Partition Id:4,Stage Id:80
16/11/22 13:51:47 INFO serializeLogger: [RunnerCompute]StartAt:1479847907758,Parent RDD ID:130,Name:UnionRDD,TaskAttempt ID:176,Partition Id:4,Stage Id:80
16/11/22 13:51:47 INFO serializeLogger: [CreationPYRE]StartAt:1479847907759,Parent RDD ID:103,Name:MapPartitionedRDD,TaskAttempt ID:176,Partition Id:4,Stage Id:80
16/11/22 13:51:47 INFO serializeLogger: [CreationPYRE]EndAt:1479847907759,Parent RDD ID:103,Name:MapPartitionedRDD,TaskAttempt ID:176,Partition Id:4,Stage Id:80
16/11/22 13:51:47 INFO serializeLogger: [RunnerCompute]StartAt:1479847907759,Parent RDD ID:103,Name:MapPartitionedRDD,TaskAttempt ID:176,Partition Id:4,Stage Id:80
16/11/22 13:51:47 INFO serializeLogger: [writerThread]StartAt:1479847907780,Parent RDD ID:103,Name:MapPartitionedRDD,TaskAttempt ID:176,Partition Id:4,Stage Id:80
16/11/22 13:51:47 INFO serializeLogger: [writerThread]StartAt:1479847907783,Parent RDD ID:103,Name:MapPartitionedRDD,TaskAttempt ID:172,Partition Id:1,Stage Id:80
16/11/22 13:52:26 INFO serializeLogger: [RunnerCompute]EndAt:1479847946088,Parent RDD ID:103,Name:MapPartitionedRDD,TaskAttempt ID:176,Partition Id:4,Stage Id:80
16/11/22 13:52:26 INFO serializeLogger: [writerThread]StartAt:1479847946090,Parent RDD ID:130,Name:UnionRDD,TaskAttempt ID:176,Partition Id:4,Stage Id:80
16/11/22 13:52:26 INFO serializeLogger: [RunnerCompute]EndAt:1479847946193,Parent RDD ID:130,Name:UnionRDD,TaskAttempt ID:176,Partition Id:4,Stage Id:80
16/11/22 13:52:26 INFO serializeLogger: [writerThread]EndAt:1479847946331,Parent RDD ID:130,Name:UnionRDD,TaskAttempt ID:176,Partition Id:4,Stage Id:80
16/11/22 13:52:26 INFO serializeLogger: [writerThread]EndAt:1479847946331,Parent RDD ID:103,Name:MapPartitionedRDD,TaskAttempt ID:176,Partition Id:4,Stage Id:80
16/11/22 13:52:31 INFO serializeLogger: [RunnerCompute]EndAt:1479847951041,Parent RDD ID:103,Name:MapPartitionedRDD,TaskAttempt ID:172,Partition Id:1,Stage Id:80
16/11/22 13:52:31 INFO serializeLogger: [writerThread]StartAt:1479847951043,Parent RDD ID:130,Name:UnionRDD,TaskAttempt ID:172,Partition Id:1,Stage Id:80
16/11/22 13:52:52 INFO serializeLogger: [RunnerCompute]EndAt:1479847972420,Parent RDD ID:130,Name:UnionRDD,TaskAttempt ID:172,Partition Id:1,Stage Id:80
16/11/22 13:52:53 INFO serializeLogger: [writerThread]EndAt:1479847973859,Parent RDD ID:130,Name:UnionRDD,TaskAttempt ID:172,Partition Id:1,Stage Id:80
16/11/22 13:52:53 INFO serializeLogger: [writerThread]EndAt:1479847973860,Parent RDD ID:103,Name:MapPartitionedRDD,TaskAttempt ID:172,Partition Id:1,Stage Id:80
16/11/22 13:52:55 INFO serializeLogger: [CreationPYRE]StartAt:1479847975218,Parent RDD ID:134,Name:MapPartitionedRDD,TaskAttempt ID:181,Partition Id:0,Stage Id:81
16/11/22 13:52:55 INFO serializeLogger: [CreationPYRE]EndAt:1479847975218,Parent RDD ID:134,Name:MapPartitionedRDD,TaskAttempt ID:181,Partition Id:0,Stage Id:81
16/11/22 13:52:55 INFO serializeLogger: [RunnerCompute]StartAt:1479847975219,Parent RDD ID:134,Name:MapPartitionedRDD,TaskAttempt ID:181,Partition Id:0,Stage Id:81
16/11/22 13:52:55 INFO serializeLogger: [writerThread]StartAt:1479847975247,Parent RDD ID:134,Name:MapPartitionedRDD,TaskAttempt ID:181,Partition Id:0,Stage Id:81
16/11/22 13:53:15 INFO serializeLogger: [RunnerCompute]EndAt:1479847995626,Parent RDD ID:134,Name:MapPartitionedRDD,TaskAttempt ID:181,Partition Id:0,Stage Id:81
16/11/22 13:53:15 INFO serializeLogger: [writerThread]EndAt:1479847995629,Parent RDD ID:134,Name:MapPartitionedRDD,TaskAttempt ID:181,Partition Id:0,Stage Id:81
