16/11/22 13:30:53 INFO myLogger: [MapPartitionsRDD]StartAt:129242010632004,TaskAttempt ID:6,Partition Id:1,Stage Id:1
16/11/22 13:30:54 INFO myLogger: [MapPartitionsRDD]EndAt:129242501751343,TaskAttempt ID:6,Partition Id:1,Stage Id:1
16/11/22 13:31:20 INFO myLogger: [MapPartitionsRDD]StartAt:129268710762144,TaskAttempt ID:13,Partition Id:3,Stage Id:2
16/11/22 13:31:20 INFO myLogger: [MapPartitionsRDD]EndAt:129268718646561,TaskAttempt ID:13,Partition Id:3,Stage Id:2
16/11/22 13:32:03 INFO myLogger: [UnionRDD]StartAt:129312069327684,TaskAttempt ID:15,Partition Id:0,Stage Id:3
16/11/22 13:32:03 INFO myLogger: [UnionRDD]StartAt:129312070162073,TaskAttempt ID:19,Partition Id:4,Stage Id:3
16/11/22 13:32:03 INFO myLogger: [MapPartitionsRDD]StartAt:129312071047557,TaskAttempt ID:15,Partition Id:0,Stage Id:3
16/11/22 13:32:03 INFO myLogger: [ShuffledRDD]StartAt:129312071638549,TaskAttempt ID:15,Partition Id:0,Stage Id:3
16/11/22 13:32:03 INFO myLogger: [ParallelCollectionRDD]StartAt:129312085424652,TaskAttempt ID:19,Partition Id:4,Stage Id:3
16/11/22 13:32:03 INFO myLogger: [ParallelCollectionRDD]EndAt:129312085789206,TaskAttempt ID:19,Partition Id:4,Stage Id:3
16/11/22 13:32:03 INFO myLogger: [ShuffledRDD]EndAt:129312248656704,TaskAttempt ID:15,Partition Id:0,Stage Id:3
16/11/22 13:32:03 INFO myLogger: [MapPartitionsRDD]EndAt:129312249719109,TaskAttempt ID:15,Partition Id:0,Stage Id:3
16/11/22 13:32:03 INFO myLogger: [UnionRDD]EndAt:129312263055830,TaskAttempt ID:19,Partition Id:4,Stage Id:3
16/11/22 13:32:25 INFO myLogger: [UnionRDD]EndAt:129333813303090,TaskAttempt ID:15,Partition Id:0,Stage Id:3
16/11/22 13:32:46 INFO myLogger: [UnionRDD]StartAt:129355158869262,TaskAttempt ID:28,Partition Id:0,Stage Id:4
16/11/22 13:32:46 INFO myLogger: [MapPartitionsRDD]StartAt:129355160012051,TaskAttempt ID:28,Partition Id:0,Stage Id:4
16/11/22 13:32:46 INFO myLogger: [ShuffledRDD]StartAt:129355160522897,TaskAttempt ID:28,Partition Id:0,Stage Id:4
16/11/22 13:32:46 INFO myLogger: [UnionRDD]StartAt:129355161495000,TaskAttempt ID:24,Partition Id:4,Stage Id:4
16/11/22 13:32:46 INFO myLogger: [ShuffledRDD]EndAt:129355211314411,TaskAttempt ID:28,Partition Id:0,Stage Id:4
16/11/22 13:32:46 INFO myLogger: [MapPartitionsRDD]EndAt:129355211989446,TaskAttempt ID:28,Partition Id:0,Stage Id:4
16/11/22 13:32:46 INFO myLogger: [UnionRDD]EndAt:129355326537237,TaskAttempt ID:24,Partition Id:4,Stage Id:4
16/11/22 13:33:05 INFO myLogger: [UnionRDD]EndAt:129374261796077,TaskAttempt ID:28,Partition Id:0,Stage Id:4
16/11/22 13:33:28 INFO myLogger: [UnionRDD]StartAt:129397196086200,TaskAttempt ID:33,Partition Id:0,Stage Id:5
16/11/22 13:33:28 INFO myLogger: [MapPartitionsRDD]StartAt:129397197078659,TaskAttempt ID:33,Partition Id:0,Stage Id:5
16/11/22 13:33:28 INFO myLogger: [ShuffledRDD]StartAt:129397197455395,TaskAttempt ID:33,Partition Id:0,Stage Id:5
16/11/22 13:33:28 INFO myLogger: [UnionRDD]StartAt:129397200719649,TaskAttempt ID:37,Partition Id:4,Stage Id:5
16/11/22 13:33:28 INFO myLogger: [MapPartitionsRDD]StartAt:129397201699903,TaskAttempt ID:37,Partition Id:4,Stage Id:5
16/11/22 13:33:28 INFO myLogger: [ShuffledRDD]StartAt:129397202035179,TaskAttempt ID:37,Partition Id:4,Stage Id:5
16/11/22 13:33:28 INFO myLogger: [ShuffledRDD]EndAt:129397234616049,TaskAttempt ID:33,Partition Id:0,Stage Id:5
16/11/22 13:33:28 INFO myLogger: [MapPartitionsRDD]EndAt:129397235032888,TaskAttempt ID:33,Partition Id:0,Stage Id:5
16/11/22 13:33:28 INFO myLogger: [ShuffledRDD]EndAt:129397286705761,TaskAttempt ID:37,Partition Id:4,Stage Id:5
16/11/22 13:33:28 INFO myLogger: [MapPartitionsRDD]EndAt:129397287402104,TaskAttempt ID:37,Partition Id:4,Stage Id:5
16/11/22 13:34:04 INFO myLogger: [UnionRDD]EndAt:129432994786607,TaskAttempt ID:37,Partition Id:4,Stage Id:5
16/11/22 13:34:09 INFO myLogger: [UnionRDD]EndAt:129437870615140,TaskAttempt ID:33,Partition Id:0,Stage Id:5
16/11/22 13:34:32 INFO myLogger: [UnionRDD]StartAt:129460539394000,TaskAttempt ID:40,Partition Id:0,Stage Id:6
16/11/22 13:34:32 INFO myLogger: [MapPartitionsRDD]StartAt:129460542264370,TaskAttempt ID:40,Partition Id:0,Stage Id:6
16/11/22 13:34:32 INFO myLogger: [UnionRDD]StartAt:129460542730425,TaskAttempt ID:46,Partition Id:7,Stage Id:6
16/11/22 13:34:32 INFO myLogger: [ShuffledRDD]StartAt:129460542942503,TaskAttempt ID:40,Partition Id:0,Stage Id:6
16/11/22 13:34:32 INFO myLogger: [UnionRDD]StartAt:129460543170494,TaskAttempt ID:44,Partition Id:3,Stage Id:6
16/11/22 13:34:32 INFO myLogger: [MapPartitionsRDD]StartAt:129460544808037,TaskAttempt ID:46,Partition Id:7,Stage Id:6
16/11/22 13:34:32 INFO myLogger: [MapPartitionsRDD]StartAt:129460545154162,TaskAttempt ID:44,Partition Id:3,Stage Id:6
16/11/22 13:34:32 INFO myLogger: [ShuffledRDD]StartAt:129460545352800,TaskAttempt ID:46,Partition Id:7,Stage Id:6
16/11/22 13:34:32 INFO myLogger: [ShuffledRDD]StartAt:129460546161609,TaskAttempt ID:44,Partition Id:3,Stage Id:6
16/11/22 13:34:32 INFO myLogger: [ShuffledRDD]EndAt:129460593514980,TaskAttempt ID:44,Partition Id:3,Stage Id:6
16/11/22 13:34:32 INFO myLogger: [MapPartitionsRDD]EndAt:129460593918426,TaskAttempt ID:44,Partition Id:3,Stage Id:6
16/11/22 13:34:32 INFO myLogger: [ShuffledRDD]EndAt:129460598959635,TaskAttempt ID:40,Partition Id:0,Stage Id:6
16/11/22 13:34:32 INFO myLogger: [MapPartitionsRDD]EndAt:129460599288682,TaskAttempt ID:40,Partition Id:0,Stage Id:6
16/11/22 13:34:32 INFO myLogger: [ShuffledRDD]EndAt:129460602672596,TaskAttempt ID:46,Partition Id:7,Stage Id:6
16/11/22 13:34:32 INFO myLogger: [MapPartitionsRDD]EndAt:129460603359538,TaskAttempt ID:46,Partition Id:7,Stage Id:6
16/11/22 13:35:09 INFO myLogger: [UnionRDD]EndAt:129497904170255,TaskAttempt ID:46,Partition Id:7,Stage Id:6
16/11/22 13:35:14 INFO myLogger: [UnionRDD]EndAt:129502916186594,TaskAttempt ID:40,Partition Id:0,Stage Id:6
16/11/22 13:35:19 INFO myLogger: [UnionRDD]EndAt:129507579867574,TaskAttempt ID:44,Partition Id:3,Stage Id:6
16/11/22 13:35:40 INFO myLogger: [UnionRDD]StartAt:129529263679546,TaskAttempt ID:47,Partition Id:0,Stage Id:7
16/11/22 13:35:40 INFO myLogger: [MapPartitionsRDD]StartAt:129529264773081,TaskAttempt ID:47,Partition Id:0,Stage Id:7
16/11/22 13:35:40 INFO myLogger: [ShuffledRDD]StartAt:129529265100656,TaskAttempt ID:47,Partition Id:0,Stage Id:7
16/11/22 13:35:40 INFO myLogger: [UnionRDD]StartAt:129529272533841,TaskAttempt ID:51,Partition Id:4,Stage Id:7
16/11/22 13:35:40 INFO myLogger: [MapPartitionsRDD]StartAt:129529273531827,TaskAttempt ID:51,Partition Id:4,Stage Id:7
16/11/22 13:35:40 INFO myLogger: [ShuffledRDD]StartAt:129529273849917,TaskAttempt ID:51,Partition Id:4,Stage Id:7
16/11/22 13:35:40 INFO myLogger: [ShuffledRDD]EndAt:129529312200073,TaskAttempt ID:47,Partition Id:0,Stage Id:7
16/11/22 13:35:40 INFO myLogger: [MapPartitionsRDD]EndAt:129529312641587,TaskAttempt ID:47,Partition Id:0,Stage Id:7
16/11/22 13:35:40 INFO myLogger: [ShuffledRDD]EndAt:129529318794068,TaskAttempt ID:51,Partition Id:4,Stage Id:7
16/11/22 13:35:40 INFO myLogger: [MapPartitionsRDD]EndAt:129529319169503,TaskAttempt ID:51,Partition Id:4,Stage Id:7
16/11/22 13:36:16 INFO myLogger: [UnionRDD]EndAt:129564748983752,TaskAttempt ID:51,Partition Id:4,Stage Id:7
16/11/22 13:36:20 INFO myLogger: [UnionRDD]EndAt:129568635480766,TaskAttempt ID:47,Partition Id:0,Stage Id:7
16/11/22 13:36:45 INFO myLogger: [UnionRDD]StartAt:129593483919800,TaskAttempt ID:55,Partition Id:0,Stage Id:8
16/11/22 13:36:45 INFO myLogger: [MapPartitionsRDD]StartAt:129593484828382,TaskAttempt ID:55,Partition Id:0,Stage Id:8
16/11/22 13:36:45 INFO myLogger: [ShuffledRDD]StartAt:129593485124235,TaskAttempt ID:55,Partition Id:0,Stage Id:8
16/11/22 13:36:45 INFO myLogger: [UnionRDD]StartAt:129593492948914,TaskAttempt ID:62,Partition Id:7,Stage Id:8
16/11/22 13:36:45 INFO myLogger: [UnionRDD]StartAt:129593494835625,TaskAttempt ID:59,Partition Id:3,Stage Id:8
16/11/22 13:36:45 INFO myLogger: [MapPartitionsRDD]StartAt:129593494956037,TaskAttempt ID:62,Partition Id:7,Stage Id:8
16/11/22 13:36:45 INFO myLogger: [ShuffledRDD]StartAt:129593495837511,TaskAttempt ID:62,Partition Id:7,Stage Id:8
16/11/22 13:36:45 INFO myLogger: [MapPartitionsRDD]StartAt:129593497084984,TaskAttempt ID:59,Partition Id:3,Stage Id:8
16/11/22 13:36:45 INFO myLogger: [ShuffledRDD]StartAt:129593497811306,TaskAttempt ID:59,Partition Id:3,Stage Id:8
16/11/22 13:36:45 INFO myLogger: [ShuffledRDD]EndAt:129593530497131,TaskAttempt ID:62,Partition Id:7,Stage Id:8
16/11/22 13:36:45 INFO myLogger: [ShuffledRDD]EndAt:129593530919417,TaskAttempt ID:55,Partition Id:0,Stage Id:8
16/11/22 13:36:45 INFO myLogger: [MapPartitionsRDD]EndAt:129593531016576,TaskAttempt ID:62,Partition Id:7,Stage Id:8
16/11/22 13:36:45 INFO myLogger: [MapPartitionsRDD]EndAt:129593531596866,TaskAttempt ID:55,Partition Id:0,Stage Id:8
16/11/22 13:36:45 INFO myLogger: [ShuffledRDD]EndAt:129593533214363,TaskAttempt ID:59,Partition Id:3,Stage Id:8
16/11/22 13:36:45 INFO myLogger: [MapPartitionsRDD]EndAt:129593534370504,TaskAttempt ID:59,Partition Id:3,Stage Id:8
16/11/22 13:37:23 INFO myLogger: [UnionRDD]EndAt:129632261073863,TaskAttempt ID:62,Partition Id:7,Stage Id:8
16/11/22 13:37:23 INFO myLogger: [UnionRDD]EndAt:129632300905648,TaskAttempt ID:55,Partition Id:0,Stage Id:8
16/11/22 13:37:30 INFO myLogger: [UnionRDD]EndAt:129639067291891,TaskAttempt ID:59,Partition Id:3,Stage Id:8
16/11/22 13:37:51 INFO myLogger: [MapPartitionsRDD]StartAt:129660045280708,TaskAttempt ID:66,Partition Id:2,Stage Id:9
16/11/22 13:37:51 INFO myLogger: [ShuffledRDD]StartAt:129660045746914,TaskAttempt ID:66,Partition Id:2,Stage Id:9
16/11/22 13:37:51 INFO myLogger: [ShuffledRDD]EndAt:129660089108581,TaskAttempt ID:66,Partition Id:2,Stage Id:9
16/11/22 13:37:51 INFO myLogger: [MapPartitionsRDD]EndAt:129660089669852,TaskAttempt ID:66,Partition Id:2,Stage Id:9
16/11/22 13:38:15 INFO myLogger: [UnionRDD]StartAt:129684162280630,TaskAttempt ID:67,Partition Id:0,Stage Id:16
16/11/22 13:38:15 INFO myLogger: [MapPartitionsRDD]StartAt:129684163103250,TaskAttempt ID:67,Partition Id:0,Stage Id:16
16/11/22 13:38:15 INFO myLogger: [ShuffledRDD]StartAt:129684163395916,TaskAttempt ID:67,Partition Id:0,Stage Id:16
16/11/22 13:38:15 INFO myLogger: [UnionRDD]StartAt:129684173839030,TaskAttempt ID:74,Partition Id:7,Stage Id:16
16/11/22 13:38:15 INFO myLogger: [UnionRDD]StartAt:129684174147845,TaskAttempt ID:71,Partition Id:3,Stage Id:16
16/11/22 13:38:15 INFO myLogger: [MapPartitionsRDD]StartAt:129684175303953,TaskAttempt ID:74,Partition Id:7,Stage Id:16
16/11/22 13:38:15 INFO myLogger: [MapPartitionsRDD]StartAt:129684175639083,TaskAttempt ID:71,Partition Id:3,Stage Id:16
16/11/22 13:38:15 INFO myLogger: [ShuffledRDD]StartAt:129684175750944,TaskAttempt ID:74,Partition Id:7,Stage Id:16
16/11/22 13:38:15 INFO myLogger: [ShuffledRDD]StartAt:129684176082723,TaskAttempt ID:71,Partition Id:3,Stage Id:16
16/11/22 13:38:15 INFO myLogger: [ShuffledRDD]EndAt:129684198322013,TaskAttempt ID:67,Partition Id:0,Stage Id:16
16/11/22 13:38:15 INFO myLogger: [MapPartitionsRDD]EndAt:129684198783258,TaskAttempt ID:67,Partition Id:0,Stage Id:16
16/11/22 13:38:15 INFO myLogger: [ShuffledRDD]EndAt:129684203215813,TaskAttempt ID:74,Partition Id:7,Stage Id:16
16/11/22 13:38:15 INFO myLogger: [ShuffledRDD]EndAt:129684248473841,TaskAttempt ID:71,Partition Id:3,Stage Id:16
16/11/22 13:38:15 INFO myLogger: [MapPartitionsRDD]EndAt:129684249351624,TaskAttempt ID:74,Partition Id:7,Stage Id:16
16/11/22 13:38:15 INFO myLogger: [MapPartitionsRDD]EndAt:129684249377499,TaskAttempt ID:71,Partition Id:3,Stage Id:16
16/11/22 13:38:51 INFO myLogger: [UnionRDD]EndAt:129719887407405,TaskAttempt ID:67,Partition Id:0,Stage Id:16
16/11/22 13:38:54 INFO myLogger: [UnionRDD]EndAt:129722573284152,TaskAttempt ID:74,Partition Id:7,Stage Id:16
16/11/22 13:39:02 INFO myLogger: [UnionRDD]EndAt:129731047795859,TaskAttempt ID:71,Partition Id:3,Stage Id:16
16/11/22 13:39:24 INFO myLogger: [MapPartitionsRDD]StartAt:129752833009812,TaskAttempt ID:76,Partition Id:0,Stage Id:17
16/11/22 13:39:24 INFO myLogger: [ShuffledRDD]StartAt:129752833292861,TaskAttempt ID:76,Partition Id:0,Stage Id:17
16/11/22 13:39:24 INFO myLogger: [MapPartitionsRDD]StartAt:129752834440817,TaskAttempt ID:78,Partition Id:3,Stage Id:17
16/11/22 13:39:24 INFO myLogger: [ShuffledRDD]StartAt:129752834706101,TaskAttempt ID:78,Partition Id:3,Stage Id:17
16/11/22 13:39:24 INFO myLogger: [ShuffledRDD]EndAt:129752866289722,TaskAttempt ID:76,Partition Id:0,Stage Id:17
16/11/22 13:39:24 INFO myLogger: [MapPartitionsRDD]EndAt:129752866871785,TaskAttempt ID:76,Partition Id:0,Stage Id:17
16/11/22 13:39:24 INFO myLogger: [ShuffledRDD]EndAt:129752873679270,TaskAttempt ID:78,Partition Id:3,Stage Id:17
16/11/22 13:39:24 INFO myLogger: [MapPartitionsRDD]EndAt:129752873943243,TaskAttempt ID:78,Partition Id:3,Stage Id:17
16/11/22 13:39:48 INFO myLogger: [UnionRDD]StartAt:129776498506096,TaskAttempt ID:85,Partition Id:7,Stage Id:24
16/11/22 13:39:48 INFO myLogger: [MapPartitionsRDD]StartAt:129776499286172,TaskAttempt ID:85,Partition Id:7,Stage Id:24
16/11/22 13:39:48 INFO myLogger: [ShuffledRDD]StartAt:129776499585507,TaskAttempt ID:85,Partition Id:7,Stage Id:24
16/11/22 13:39:48 INFO myLogger: [UnionRDD]StartAt:129776503333143,TaskAttempt ID:81,Partition Id:3,Stage Id:24
16/11/22 13:39:48 INFO myLogger: [MapPartitionsRDD]StartAt:129776505132507,TaskAttempt ID:81,Partition Id:3,Stage Id:24
16/11/22 13:39:48 INFO myLogger: [ShuffledRDD]StartAt:129776505717310,TaskAttempt ID:81,Partition Id:3,Stage Id:24
16/11/22 13:39:48 INFO myLogger: [ShuffledRDD]EndAt:129776531646398,TaskAttempt ID:85,Partition Id:7,Stage Id:24
16/11/22 13:39:48 INFO myLogger: [MapPartitionsRDD]EndAt:129776532138807,TaskAttempt ID:85,Partition Id:7,Stage Id:24
16/11/22 13:39:48 INFO myLogger: [ShuffledRDD]EndAt:129776532697439,TaskAttempt ID:81,Partition Id:3,Stage Id:24
16/11/22 13:39:48 INFO myLogger: [MapPartitionsRDD]EndAt:129776533302682,TaskAttempt ID:81,Partition Id:3,Stage Id:24
16/11/22 13:40:27 INFO myLogger: [UnionRDD]EndAt:129815489738313,TaskAttempt ID:85,Partition Id:7,Stage Id:24
16/11/22 13:40:34 INFO myLogger: [UnionRDD]EndAt:129823283431060,TaskAttempt ID:81,Partition Id:3,Stage Id:24
16/11/22 13:40:56 INFO myLogger: [MapPartitionsRDD]StartAt:129844980556797,TaskAttempt ID:87,Partition Id:0,Stage Id:25
16/11/22 13:40:56 INFO myLogger: [ShuffledRDD]StartAt:129844980830758,TaskAttempt ID:87,Partition Id:0,Stage Id:25
16/11/22 13:40:56 INFO myLogger: [MapPartitionsRDD]StartAt:129844986223386,TaskAttempt ID:90,Partition Id:3,Stage Id:25
16/11/22 13:40:56 INFO myLogger: [ShuffledRDD]StartAt:129844986906929,TaskAttempt ID:90,Partition Id:3,Stage Id:25
16/11/22 13:40:56 INFO myLogger: [ShuffledRDD]EndAt:129845018078214,TaskAttempt ID:87,Partition Id:0,Stage Id:25
16/11/22 13:40:56 INFO myLogger: [MapPartitionsRDD]EndAt:129845018642481,TaskAttempt ID:87,Partition Id:0,Stage Id:25
16/11/22 13:40:56 INFO myLogger: [ShuffledRDD]EndAt:129845021321761,TaskAttempt ID:90,Partition Id:3,Stage Id:25
16/11/22 13:40:56 INFO myLogger: [MapPartitionsRDD]EndAt:129845021927946,TaskAttempt ID:90,Partition Id:3,Stage Id:25
16/11/22 13:41:21 INFO myLogger: [UnionRDD]StartAt:129870165252728,TaskAttempt ID:92,Partition Id:0,Stage Id:32
16/11/22 13:41:21 INFO myLogger: [MapPartitionsRDD]StartAt:129870166127252,TaskAttempt ID:92,Partition Id:0,Stage Id:32
16/11/22 13:41:21 INFO myLogger: [ShuffledRDD]StartAt:129870166443096,TaskAttempt ID:92,Partition Id:0,Stage Id:32
16/11/22 13:41:21 INFO myLogger: [UnionRDD]StartAt:129870173194971,TaskAttempt ID:96,Partition Id:3,Stage Id:32
16/11/22 13:41:21 INFO myLogger: [UnionRDD]StartAt:129870173969872,TaskAttempt ID:98,Partition Id:7,Stage Id:32
16/11/22 13:41:21 INFO myLogger: [MapPartitionsRDD]StartAt:129870175040349,TaskAttempt ID:96,Partition Id:3,Stage Id:32
16/11/22 13:41:21 INFO myLogger: [MapPartitionsRDD]StartAt:129870175531363,TaskAttempt ID:98,Partition Id:7,Stage Id:32
16/11/22 13:41:21 INFO myLogger: [ShuffledRDD]StartAt:129870175631465,TaskAttempt ID:96,Partition Id:3,Stage Id:32
16/11/22 13:41:21 INFO myLogger: [ShuffledRDD]StartAt:129870175941752,TaskAttempt ID:98,Partition Id:7,Stage Id:32
16/11/22 13:41:21 INFO myLogger: [ShuffledRDD]EndAt:129870188628355,TaskAttempt ID:92,Partition Id:0,Stage Id:32
16/11/22 13:41:21 INFO myLogger: [MapPartitionsRDD]EndAt:129870188926182,TaskAttempt ID:92,Partition Id:0,Stage Id:32
16/11/22 13:41:21 INFO myLogger: [ShuffledRDD]EndAt:129870266791980,TaskAttempt ID:98,Partition Id:7,Stage Id:32
16/11/22 13:41:21 INFO myLogger: [MapPartitionsRDD]EndAt:129870267236198,TaskAttempt ID:98,Partition Id:7,Stage Id:32
16/11/22 13:41:21 INFO myLogger: [ShuffledRDD]EndAt:129870271568156,TaskAttempt ID:96,Partition Id:3,Stage Id:32
16/11/22 13:41:21 INFO myLogger: [MapPartitionsRDD]EndAt:129870271895118,TaskAttempt ID:96,Partition Id:3,Stage Id:32
16/11/22 13:41:59 INFO myLogger: [UnionRDD]EndAt:129908320971093,TaskAttempt ID:92,Partition Id:0,Stage Id:32
16/11/22 13:42:00 INFO myLogger: [UnionRDD]EndAt:129909314432280,TaskAttempt ID:98,Partition Id:7,Stage Id:32
16/11/22 13:42:07 INFO myLogger: [UnionRDD]EndAt:129915915067488,TaskAttempt ID:96,Partition Id:3,Stage Id:32
16/11/22 13:42:29 INFO myLogger: [MapPartitionsRDD]StartAt:129937706274594,TaskAttempt ID:102,Partition Id:3,Stage Id:33
16/11/22 13:42:29 INFO myLogger: [ShuffledRDD]StartAt:129937706709513,TaskAttempt ID:102,Partition Id:3,Stage Id:33
16/11/22 13:42:29 INFO myLogger: [ShuffledRDD]EndAt:129937736408808,TaskAttempt ID:102,Partition Id:3,Stage Id:33
16/11/22 13:42:29 INFO myLogger: [MapPartitionsRDD]EndAt:129937736781770,TaskAttempt ID:102,Partition Id:3,Stage Id:33
16/11/22 13:42:50 INFO myLogger: [UnionRDD]StartAt:129958539861330,TaskAttempt ID:104,Partition Id:0,Stage Id:40
16/11/22 13:42:50 INFO myLogger: [MapPartitionsRDD]StartAt:129958540675384,TaskAttempt ID:104,Partition Id:0,Stage Id:40
16/11/22 13:42:50 INFO myLogger: [ShuffledRDD]StartAt:129958540954347,TaskAttempt ID:104,Partition Id:0,Stage Id:40
16/11/22 13:42:50 INFO myLogger: [UnionRDD]StartAt:129958547177328,TaskAttempt ID:108,Partition Id:4,Stage Id:40
16/11/22 13:42:50 INFO myLogger: [MapPartitionsRDD]StartAt:129958548893540,TaskAttempt ID:108,Partition Id:4,Stage Id:40
16/11/22 13:42:50 INFO myLogger: [ShuffledRDD]StartAt:129958549568775,TaskAttempt ID:108,Partition Id:4,Stage Id:40
16/11/22 13:42:50 INFO myLogger: [ShuffledRDD]EndAt:129958576377137,TaskAttempt ID:104,Partition Id:0,Stage Id:40
16/11/22 13:42:50 INFO myLogger: [ShuffledRDD]EndAt:129958576719717,TaskAttempt ID:108,Partition Id:4,Stage Id:40
16/11/22 13:42:50 INFO myLogger: [MapPartitionsRDD]EndAt:129958576791477,TaskAttempt ID:104,Partition Id:0,Stage Id:40
16/11/22 13:42:50 INFO myLogger: [MapPartitionsRDD]EndAt:129958577105133,TaskAttempt ID:108,Partition Id:4,Stage Id:40
16/11/22 13:43:24 INFO myLogger: [UnionRDD]EndAt:129992561852966,TaskAttempt ID:108,Partition Id:4,Stage Id:40
16/11/22 13:43:29 INFO myLogger: [UnionRDD]EndAt:129998031050130,TaskAttempt ID:104,Partition Id:0,Stage Id:40
16/11/22 13:43:56 INFO myLogger: [UnionRDD]StartAt:130024568926863,TaskAttempt ID:114,Partition Id:3,Stage Id:41
16/11/22 13:43:56 INFO myLogger: [MapPartitionsRDD]StartAt:130024569941527,TaskAttempt ID:114,Partition Id:3,Stage Id:41
16/11/22 13:43:56 INFO myLogger: [ShuffledRDD]StartAt:130024570268666,TaskAttempt ID:114,Partition Id:3,Stage Id:41
16/11/22 13:43:56 INFO myLogger: [UnionRDD]StartAt:130024573181339,TaskAttempt ID:118,Partition Id:7,Stage Id:41
16/11/22 13:43:56 INFO myLogger: [MapPartitionsRDD]StartAt:130024573998582,TaskAttempt ID:118,Partition Id:7,Stage Id:41
16/11/22 13:43:56 INFO myLogger: [ShuffledRDD]StartAt:130024574268623,TaskAttempt ID:118,Partition Id:7,Stage Id:41
16/11/22 13:43:56 INFO myLogger: [ShuffledRDD]EndAt:130024607360373,TaskAttempt ID:118,Partition Id:7,Stage Id:41
16/11/22 13:43:56 INFO myLogger: [MapPartitionsRDD]EndAt:130024612317522,TaskAttempt ID:118,Partition Id:7,Stage Id:41
16/11/22 13:43:56 INFO myLogger: [ShuffledRDD]EndAt:130024613378835,TaskAttempt ID:114,Partition Id:3,Stage Id:41
16/11/22 13:43:56 INFO myLogger: [MapPartitionsRDD]EndAt:130024614189010,TaskAttempt ID:114,Partition Id:3,Stage Id:41
16/11/22 13:44:34 INFO myLogger: [UnionRDD]EndAt:130062696295859,TaskAttempt ID:118,Partition Id:7,Stage Id:41
16/11/22 13:44:41 INFO myLogger: [UnionRDD]EndAt:130070301538362,TaskAttempt ID:114,Partition Id:3,Stage Id:41
16/11/22 13:45:02 INFO myLogger: [UnionRDD]StartAt:130091018156671,TaskAttempt ID:125,Partition Id:6,Stage Id:42
16/11/22 13:45:02 INFO myLogger: [UnionRDD]StartAt:130091018504278,TaskAttempt ID:121,Partition Id:2,Stage Id:42
16/11/22 13:45:02 INFO myLogger: [MapPartitionsRDD]StartAt:130091019530022,TaskAttempt ID:125,Partition Id:6,Stage Id:42
16/11/22 13:45:02 INFO myLogger: [MapPartitionsRDD]StartAt:130091019817518,TaskAttempt ID:121,Partition Id:2,Stage Id:42
16/11/22 13:45:02 INFO myLogger: [ShuffledRDD]StartAt:130091019903555,TaskAttempt ID:125,Partition Id:6,Stage Id:42
16/11/22 13:45:02 INFO myLogger: [ShuffledRDD]StartAt:130091020195243,TaskAttempt ID:121,Partition Id:2,Stage Id:42
16/11/22 13:45:02 INFO myLogger: [ShuffledRDD]EndAt:130091056863115,TaskAttempt ID:121,Partition Id:2,Stage Id:42
16/11/22 13:45:02 INFO myLogger: [MapPartitionsRDD]EndAt:130091057172138,TaskAttempt ID:121,Partition Id:2,Stage Id:42
16/11/22 13:45:02 INFO myLogger: [ShuffledRDD]EndAt:130091058307141,TaskAttempt ID:125,Partition Id:6,Stage Id:42
16/11/22 13:45:02 INFO myLogger: [MapPartitionsRDD]EndAt:130091058655648,TaskAttempt ID:125,Partition Id:6,Stage Id:42
16/11/22 13:45:43 INFO myLogger: [UnionRDD]EndAt:130132247829603,TaskAttempt ID:125,Partition Id:6,Stage Id:42
16/11/22 13:45:45 INFO myLogger: [UnionRDD]EndAt:130133823909622,TaskAttempt ID:121,Partition Id:2,Stage Id:42
16/11/22 13:46:11 INFO myLogger: [UnionRDD]StartAt:130159975228509,TaskAttempt ID:131,Partition Id:5,Stage Id:43
16/11/22 13:46:11 INFO myLogger: [MapPartitionsRDD]StartAt:130159977074674,TaskAttempt ID:131,Partition Id:5,Stage Id:43
16/11/22 13:46:11 INFO myLogger: [UnionRDD]StartAt:130159977161680,TaskAttempt ID:127,Partition Id:1,Stage Id:43
16/11/22 13:46:11 INFO myLogger: [ShuffledRDD]StartAt:130159977746344,TaskAttempt ID:131,Partition Id:5,Stage Id:43
16/11/22 13:46:11 INFO myLogger: [MapPartitionsRDD]StartAt:130159978800866,TaskAttempt ID:127,Partition Id:1,Stage Id:43
16/11/22 13:46:11 INFO myLogger: [ShuffledRDD]StartAt:130159981071966,TaskAttempt ID:127,Partition Id:1,Stage Id:43
16/11/22 13:46:11 INFO myLogger: [ShuffledRDD]EndAt:130160015917137,TaskAttempt ID:131,Partition Id:5,Stage Id:43
16/11/22 13:46:11 INFO myLogger: [MapPartitionsRDD]EndAt:130160016297035,TaskAttempt ID:131,Partition Id:5,Stage Id:43
16/11/22 13:46:11 INFO myLogger: [ShuffledRDD]EndAt:130160016754205,TaskAttempt ID:127,Partition Id:1,Stage Id:43
16/11/22 13:46:11 INFO myLogger: [MapPartitionsRDD]EndAt:130160017236182,TaskAttempt ID:127,Partition Id:1,Stage Id:43
16/11/22 13:46:52 INFO myLogger: [UnionRDD]EndAt:130200937245486,TaskAttempt ID:131,Partition Id:5,Stage Id:43
16/11/22 13:46:57 INFO myLogger: [UnionRDD]EndAt:130205452300580,TaskAttempt ID:127,Partition Id:1,Stage Id:43
16/11/22 13:47:22 INFO myLogger: [UnionRDD]StartAt:130230694110758,TaskAttempt ID:137,Partition Id:1,Stage Id:44
16/11/22 13:47:22 INFO myLogger: [UnionRDD]StartAt:130230694636156,TaskAttempt ID:141,Partition Id:4,Stage Id:44
16/11/22 13:47:22 INFO myLogger: [MapPartitionsRDD]StartAt:130230695414269,TaskAttempt ID:137,Partition Id:1,Stage Id:44
16/11/22 13:47:22 INFO myLogger: [ShuffledRDD]StartAt:130230695820055,TaskAttempt ID:137,Partition Id:1,Stage Id:44
16/11/22 13:47:22 INFO myLogger: [MapPartitionsRDD]StartAt:130230695977540,TaskAttempt ID:141,Partition Id:4,Stage Id:44
16/11/22 13:47:22 INFO myLogger: [ShuffledRDD]StartAt:130230696413572,TaskAttempt ID:141,Partition Id:4,Stage Id:44
16/11/22 13:47:22 INFO myLogger: [ShuffledRDD]EndAt:130230719381962,TaskAttempt ID:137,Partition Id:1,Stage Id:44
16/11/22 13:47:22 INFO myLogger: [MapPartitionsRDD]EndAt:130230719689539,TaskAttempt ID:137,Partition Id:1,Stage Id:44
16/11/22 13:47:22 INFO myLogger: [ShuffledRDD]EndAt:130230724700474,TaskAttempt ID:141,Partition Id:4,Stage Id:44
16/11/22 13:47:22 INFO myLogger: [MapPartitionsRDD]EndAt:130230725056253,TaskAttempt ID:141,Partition Id:4,Stage Id:44
16/11/22 13:48:00 INFO myLogger: [UnionRDD]EndAt:130269174620356,TaskAttempt ID:141,Partition Id:4,Stage Id:44
16/11/22 13:48:04 INFO myLogger: [UnionRDD]EndAt:130272976680217,TaskAttempt ID:137,Partition Id:1,Stage Id:44
16/11/22 13:48:31 INFO myLogger: [MapPartitionsRDD]StartAt:130299894812878,TaskAttempt ID:143,Partition Id:1,Stage Id:45
16/11/22 13:48:31 INFO myLogger: [MapPartitionsRDD]StartAt:130299894908219,TaskAttempt ID:146,Partition Id:3,Stage Id:45
16/11/22 13:48:31 INFO myLogger: [ShuffledRDD]StartAt:130299895178165,TaskAttempt ID:143,Partition Id:1,Stage Id:45
16/11/22 13:48:31 INFO myLogger: [ShuffledRDD]StartAt:130299895256593,TaskAttempt ID:146,Partition Id:3,Stage Id:45
16/11/22 13:48:31 INFO myLogger: [ShuffledRDD]EndAt:130299924972859,TaskAttempt ID:143,Partition Id:1,Stage Id:45
16/11/22 13:48:31 INFO myLogger: [ShuffledRDD]EndAt:130299925553528,TaskAttempt ID:146,Partition Id:3,Stage Id:45
16/11/22 13:48:31 INFO myLogger: [MapPartitionsRDD]EndAt:130299925671406,TaskAttempt ID:143,Partition Id:1,Stage Id:45
16/11/22 13:48:31 INFO myLogger: [MapPartitionsRDD]EndAt:130299926516040,TaskAttempt ID:146,Partition Id:3,Stage Id:45
16/11/22 13:48:54 INFO myLogger: [UnionRDD]StartAt:130323287890649,TaskAttempt ID:147,Partition Id:0,Stage Id:56
16/11/22 13:48:54 INFO myLogger: [MapPartitionsRDD]StartAt:130323289167742,TaskAttempt ID:147,Partition Id:0,Stage Id:56
16/11/22 13:48:54 INFO myLogger: [ShuffledRDD]StartAt:130323289630381,TaskAttempt ID:147,Partition Id:0,Stage Id:56
16/11/22 13:48:54 INFO myLogger: [UnionRDD]StartAt:130323291403092,TaskAttempt ID:151,Partition Id:4,Stage Id:56
16/11/22 13:48:54 INFO myLogger: [MapPartitionsRDD]StartAt:130323292578429,TaskAttempt ID:151,Partition Id:4,Stage Id:56
16/11/22 13:48:54 INFO myLogger: [ShuffledRDD]StartAt:130323292849058,TaskAttempt ID:151,Partition Id:4,Stage Id:56
16/11/22 13:48:54 INFO myLogger: [ShuffledRDD]EndAt:130323310261172,TaskAttempt ID:147,Partition Id:0,Stage Id:56
16/11/22 13:48:54 INFO myLogger: [MapPartitionsRDD]EndAt:130323310574758,TaskAttempt ID:147,Partition Id:0,Stage Id:56
16/11/22 13:48:54 INFO myLogger: [ShuffledRDD]EndAt:130323321702650,TaskAttempt ID:151,Partition Id:4,Stage Id:56
16/11/22 13:48:54 INFO myLogger: [MapPartitionsRDD]EndAt:130323322055681,TaskAttempt ID:151,Partition Id:4,Stage Id:56
16/11/22 13:49:34 INFO myLogger: [UnionRDD]EndAt:130362502677161,TaskAttempt ID:151,Partition Id:4,Stage Id:56
16/11/22 13:49:36 INFO myLogger: [UnionRDD]EndAt:130364677803624,TaskAttempt ID:147,Partition Id:0,Stage Id:56
16/11/22 13:50:00 INFO myLogger: [MapPartitionsRDD]StartAt:130388765020135,TaskAttempt ID:155,Partition Id:0,Stage Id:57
16/11/22 13:50:00 INFO myLogger: [ShuffledRDD]StartAt:130388765378765,TaskAttempt ID:155,Partition Id:0,Stage Id:57
16/11/22 13:50:00 INFO myLogger: [ShuffledRDD]EndAt:130388793269427,TaskAttempt ID:155,Partition Id:0,Stage Id:57
16/11/22 13:50:00 INFO myLogger: [MapPartitionsRDD]EndAt:130388793628742,TaskAttempt ID:155,Partition Id:0,Stage Id:57
16/11/22 13:50:20 INFO myLogger: [UnionRDD]StartAt:130408548260943,TaskAttempt ID:162,Partition Id:4,Stage Id:68
16/11/22 13:50:20 INFO myLogger: [MapPartitionsRDD]StartAt:130408549402617,TaskAttempt ID:162,Partition Id:4,Stage Id:68
16/11/22 13:50:20 INFO myLogger: [ShuffledRDD]StartAt:130408549834578,TaskAttempt ID:162,Partition Id:4,Stage Id:68
16/11/22 13:50:20 INFO myLogger: [ShuffledRDD]EndAt:130408565619857,TaskAttempt ID:162,Partition Id:4,Stage Id:68
16/11/22 13:50:20 INFO myLogger: [MapPartitionsRDD]EndAt:130408565941177,TaskAttempt ID:162,Partition Id:4,Stage Id:68
16/11/22 13:50:58 INFO myLogger: [UnionRDD]EndAt:130446713221798,TaskAttempt ID:162,Partition Id:4,Stage Id:68
16/11/22 13:51:25 INFO myLogger: [MapPartitionsRDD]StartAt:130474403612969,TaskAttempt ID:167,Partition Id:1,Stage Id:69
16/11/22 13:51:25 INFO myLogger: [ShuffledRDD]StartAt:130474404072092,TaskAttempt ID:167,Partition Id:1,Stage Id:69
16/11/22 13:51:25 INFO myLogger: [ShuffledRDD]EndAt:130474433901484,TaskAttempt ID:167,Partition Id:1,Stage Id:69
16/11/22 13:51:25 INFO myLogger: [MapPartitionsRDD]EndAt:130474434149549,TaskAttempt ID:167,Partition Id:1,Stage Id:69
16/11/22 13:51:47 INFO myLogger: [UnionRDD]StartAt:130496189800341,TaskAttempt ID:172,Partition Id:1,Stage Id:80
16/11/22 13:51:47 INFO myLogger: [MapPartitionsRDD]StartAt:130496191136816,TaskAttempt ID:172,Partition Id:1,Stage Id:80
16/11/22 13:51:47 INFO myLogger: [ShuffledRDD]StartAt:130496191609137,TaskAttempt ID:172,Partition Id:1,Stage Id:80
16/11/22 13:51:47 INFO myLogger: [UnionRDD]StartAt:130496193036340,TaskAttempt ID:176,Partition Id:4,Stage Id:80
16/11/22 13:51:47 INFO myLogger: [MapPartitionsRDD]StartAt:130496193806366,TaskAttempt ID:176,Partition Id:4,Stage Id:80
16/11/22 13:51:47 INFO myLogger: [ShuffledRDD]StartAt:130496194094934,TaskAttempt ID:176,Partition Id:4,Stage Id:80
16/11/22 13:51:47 INFO myLogger: [ShuffledRDD]EndAt:130496213761527,TaskAttempt ID:176,Partition Id:4,Stage Id:80
16/11/22 13:51:47 INFO myLogger: [MapPartitionsRDD]EndAt:130496214068773,TaskAttempt ID:176,Partition Id:4,Stage Id:80
16/11/22 13:51:47 INFO myLogger: [ShuffledRDD]EndAt:130496215412960,TaskAttempt ID:172,Partition Id:1,Stage Id:80
16/11/22 13:51:47 INFO myLogger: [MapPartitionsRDD]EndAt:130496215954822,TaskAttempt ID:172,Partition Id:1,Stage Id:80
16/11/22 13:52:26 INFO myLogger: [UnionRDD]EndAt:130534523675533,TaskAttempt ID:176,Partition Id:4,Stage Id:80
16/11/22 13:52:31 INFO myLogger: [UnionRDD]EndAt:130539476583869,TaskAttempt ID:172,Partition Id:1,Stage Id:80
16/11/22 13:52:55 INFO myLogger: [MapPartitionsRDD]StartAt:130563653631380,TaskAttempt ID:181,Partition Id:0,Stage Id:81
16/11/22 13:52:55 INFO myLogger: [ShuffledRDD]StartAt:130563653886243,TaskAttempt ID:181,Partition Id:0,Stage Id:81
16/11/22 13:52:55 INFO myLogger: [ShuffledRDD]EndAt:130563680209901,TaskAttempt ID:181,Partition Id:0,Stage Id:81
16/11/22 13:52:55 INFO myLogger: [MapPartitionsRDD]EndAt:130563680729110,TaskAttempt ID:181,Partition Id:0,Stage Id:81
