16/11/03 22:46:36 INFO serializeLogger: [CreationPYRE]StartAt:1478234796885,Parent RDD ID:39,Name:UnionRDD,TaskAttempt ID:97,Partition Id:1,Stage Id:7
16/11/03 22:46:36 INFO serializeLogger: [CreationPYRE]EndAt:1478234796886,Parent RDD ID:39,Name:UnionRDD,TaskAttempt ID:97,Partition Id:1,Stage Id:7
16/11/03 22:46:36 INFO serializeLogger: [RunnerCompute]StartAt:1478234796886,Parent RDD ID:39,Name:UnionRDD,TaskAttempt ID:97,Partition Id:1,Stage Id:7
16/11/03 22:46:36 INFO serializeLogger: [CreationPYRE]StartAt:1478234796889,Parent RDD ID:36,Name:MapPartitionedRDD,TaskAttempt ID:97,Partition Id:1,Stage Id:7
16/11/03 22:46:36 INFO serializeLogger: [CreationPYRE]EndAt:1478234796889,Parent RDD ID:36,Name:MapPartitionedRDD,TaskAttempt ID:97,Partition Id:1,Stage Id:7
16/11/03 22:46:36 INFO serializeLogger: [RunnerCompute]StartAt:1478234796890,Parent RDD ID:36,Name:MapPartitionedRDD,TaskAttempt ID:97,Partition Id:1,Stage Id:7
16/11/03 22:46:43 INFO serializ16/11/03 22:50:37 INFO serializeLogger: [CreationPYRE]StartAt:1478235037303,Parent RDD ID:60,Name:UnionRDD,TaskAttempt ID:144,Partition Id:15,Stage Id:10
16/11/03 22:50:37 INFO serializeLogger: [CreationPYRE]EndAt:1478235037313,Parent RDD ID:60,Name:UnionRDD,TaskAttempt ID:144,Partition Id:15,Stage Id:10
16/11/03 22:50:37 INFO serializeLogger: [RunnerCompute]StartAt:1478235037313,Parent RDD ID:60,Name:UnionRDD,TaskAttempt ID:144,Partition Id:15,Stage Id:10
16/11/03 22:50:37 INFO serializeLogger: [CreationPYRE]StartAt:1478235037330,Parent RDD ID:57,Name:MapPartitionedRDD,TaskAttempt ID:144,Partition Id:15,Stage Id:10
16/11/03 22:50:37 INFO serializeLogger: [CreationPYRE]EndAt:1478235037330,Parent RDD ID:57,Name:MapPartitionedRDD,TaskAttempt ID:144,Partition Id:15,Stage Id:10
16/11/03 22:50:37 INFO serializeLogger: [RunnerCompute]StartAt:1478235037330,Parent RDD ID:57,Name:MapPartition16/11/03 22:55:46 INFO serializeLogger: [CreationPYRE]StartAt:1478235346432,Parent RDD ID:82,Name:UnionRDD,TaskAttempt ID:197,Partition Id:1,Stage Id:24
16/11/03 22:55:46 INFO serializeLogger: [CreationPYRE]EndAt:1478235346432,Parent RDD ID:82,Name:UnionRDD,TaskAttempt ID:197,Partition Id:1,Stage Id:24
16/11/03 22:55:46 INFO serializeLogger: [RunnerCompute]StartAt:1478235346433,Parent RDD ID:82,Name:UnionRDD,TaskAttempt ID:197,Partition Id:1,Stage Id:24
16/11/03 22:55:46 INFO serializeLogger: [CreationPYRE]StartAt:1478235346458,Parent RDD ID:71,Name:MapPartitionedRDD,TaskAttempt ID:197,Partition Id:1,Stage Id:24
16/11/03 22:55:46 INFO serializeLogger: [CreationPYRE]EndAt:1478235346459,Parent RDD ID:71,Name:MapPartitionedRDD,TaskAttempt ID:197,Partition Id:1,Stage Id:24
16/11/03 22:55:46 INFO serializeLogger: [RunnerCompute]StartAt:1478235346459,Parent RDD ID:71,Name:MapPartitionedRDD,TaskAttempt ID:197,Partition Id:1,Stage Id:24
16/11/03 22:55:46 INFO serializeLogger: [writerThread]S16/11/03 22:55:46 INFO serializeLogger: [CreationPYRE]StartAt:1478235346406,Parent RDD ID:82,Name:UnionRDD,16/11/03 22:57:02 INFO serializeLogger: [RunnerCompute]EndAt:1478235422103,Parent RDD ID:71,Name:MapPartitionedRDD,TaskAttempt ID:197,Partition Id:1,Stage Id:24
16/11/03 22:57:02 INFO serializeLogger: [writerThread]StartAt:1478235422137,Parent RDD ID:82,Name:UnionRDD,TaskAttempt ID:197,Partition Id:1,Stage Id:24
16/11/03 22:57:20 INFO serializeLogger: [RunnerCompute]EndAt:1478235440795,Parent RDD ID:82,Name:UnionRDD,TaskAttempt ID:197,Partition Id:1,Stage Id:24
16/11/03 22:57:21 INFO serializeLogger: [writerThread]EndAt:1478235441969,Parent RDD ID:82,Name:UnionRDD,TaskAttempt ID:197,Partition Id:1,Stage Id:24
16/11/03 22:57:21 INFO serializeLogger: [writerThread]EndAt:1478235441969,Parent RDD ID:71,Name:MapPartitionedRDD,TaskAttempt ID:197,Partition Id:1,Stage Id:24
16/11/03 22:57:45 INFO serializeLogger: [CreationPYRE]StartAt:1478235465401,Parent RDD ID:90,Name:UnionRDD,TaskAttempt ID:226,Partition Id:9,Stage Id:36
16/11/03 22:57:45 INFO serializeLogger: [CreationPYRE]EndAt:1478235465401,Parent RDD ID:90,Name:UnionRDD,TaskAttempt ID:226,Partition Id:9,Stage Id:36
16/11/03 22:57:45 INFO serializeLogger: [RunnerCompute]StartAt:1478235465401,Parent RDD ID:90,Name:UnionRDD,TaskAttempt ID:226,Partition Id:9,Stage Id:36
16/11/03 22:57:45 INFO serializeLogger: [CreationPYRE]StartAt:1478235465440,Parent RDD ID:71,Name:MapPartitionedRDD,TaskAttempt ID:226,Partition Id:9,Stage Id:36
16/11/03 22:57:45 INFO serializeLogger: [CreationPYRE]EndAt:1478235465441,Parent RDD ID:71,Name:MapPartitionedRDD,TaskAttempt ID:226,Partition Id:9,Stage Id:36
16/11/03 22:57:45 INFO serializeLogger: [RunnerCompute]StartAt:1478235465441,Parent RDD ID:71,Name:MapPartitionedRDD,TaskAttempt ID:226,Partition Id:9,Stage Id:36
16/11/03 22:57:45 INFO serializeLogger: [writerThread]StartAt:1478235465815,Parent RDD ID:71,Name:MapPartitionedRDD,TaskAttempt ID:226,Partition Id:9,Stage Id:36
16/11/03 22:59:03 INFO serializeLogger: [RunnerCompute]EndAt:1478235543822,Parent RDD ID:71,Name:MapPartitionedRDD,TaskAttempt ID:226,Partition Id:9,Stage Id:36
16/11/03 22:59:03 INFO serializeLogger: [writerThread]StartAt:1478235543841,Parent RDD ID:90,Name:UnionRDD,TaskAttempt ID:226,Partition Id:9,Stage Id:36
16/11/03 22:59:03 INFO serializeLogger: [RunnerCompute]EndAt:1478235543883,Parent RDD ID:90,Name:UnionRDD,TaskAttempt ID:226,Partition Id:9,Stage Id:36
16/11/03 22:59:03 INFO serializeLogger: [writerThread]EndAt:1478235543914,Parent RDD ID:90,Name:UnionRDD,TaskAttempt ID:226,Partition Id:9,Stage Id:36
16/11/03 22:59:03 INFO serializeLogger: [writerThread]EndAt:1478235543914,Parent RDD ID:71,Name:MapPartitionedRDD,TaskAttempt ID:226,Partition Id:9,Stage Id:36
16/11/03 22:59:46 INFO serializeLogger: [CreationPYRE]StartAt:1478235586563,Parent R16/11/03 23:03:33 INFO serializeLogger: [CreationPYRE]StartAt:1478235813682,Parent RDD ID:114,Name:UnionRDD,TaskAttempt ID:295,Partition Id:7,Stage Id:72
16/11/03 23:03:33 INFO serializeLogger: [CreationPYRE]EndAt:1478235813682,Parent RDD ID:114,Name:UnionRDD,TaskAttempt ID:295,Partition Id:7,Stage Id:72
16/11/03 23:03:33 INFO serializeLogger: [RunnerCompute]StartAt:1478235813682,Parent RDD ID:114,Name:UnionRDD,TaskAttempt ID:295,Partition Id:7,Stage Id:72
16/11/03 23:03:33 INFO serializeLogger: [CreationPYRE]StartAt:1478235813683,Parent RDD ID:71,Name:MapPartitionedRDD,TaskAttempt ID:295,Partition Id:7,Stage Id:72
16/11/03 23:03:33 INFO serializeLogger: [CreationPYRE]EndAt:1478235813683,Parent RDD ID:71,Name:MapPartitionedRDD,TaskAttempt ID:295,Partition Id:7,Stage Id:72
16/11/03 23:03:33 INFO serializeLogger: [RunnerCompute]StartAt:1478235813684,Parent RDD ID:71,Name:MapPartitionedRDD,TaskAttempt ID:295,Partition Id:7,Stage Id:72
16/11/03 23:03:33 INFO serializeLogger: [writerThread]StartAt:1478235813746,Parent RDD ID:71,Name:MapPartitionedRDD,TaskAttempt ID:295,Partition Id:7,Stage Id:72
16/11/03 23:03:44 INFO serializeLogger: [RunnerCompute]EndAt:1478235824350,Parent RDD ID:71,Name:MapPartitionedRDD,TaskAttempt ID:295,Partition Id:7,Stage Id:72
16/11/03 23:03:44 INFO serializeLogger: [writerThread]StartAt:1478235824370,Parent RDD ID:114,Name:UnionRDD,TaskAttempt ID:295,Partition Id:7,Stage Id:72
16/11/03 23:04:03 INFO serializeLogger: [RunnerCompute]EndAt:1478235843058,Parent RDD ID:114,Name:UnionRDD,TaskAttempt ID:295,Partition Id:7,Stage Id:72
16/11/03 23:04:04 INFO serializeLogger: [writerThread]EndAt:1478235844254,Parent RDD ID:114,Name:UnionRDD,TaskAttempt ID:295,Partition Id:7,Stage Id:72
16/11/03 23:04:04 INFO serializeLogger: [writerThread]EndAt:1478235844255,Parent RDD ID:71,Name:MapPartitionedRDD,TaskAttempt ID:295,Partition Id:7,Stage Id:72
16/11/03 23:05:06 INFO serializeLogger: [CreationPYRE]StartAt:1478235906453,Parent RDD ID:118,Name:MapPartitionedRDD,TaskAttempt ID:312,Partition Id:7,Stage Id:73
16/11/03 23:05:06 INFO serializeLogger: [CreationPYRE]EndAt:1478235906453,Parent RDD ID:118,Name:MapPartitionedRDD,TaskAttempt ID:312,Partition Id:7,Stage Id:73
16/11/03 23:05:06 INFO serializeLogger: [RunnerCompute]StartAt:1478235906453,Parent RDD ID:118,Name:MapPartitionedRDD,TaskAttempt ID:312,Partition Id:7,Stage Id:73
16/11/03 23:05:06 INFO serializeLogger: [writerThread]StartAt:1478235906510,Parent RDD ID:118,Name:MapPartitionedRDD,TaskAttempt ID:312,Partition Id:7,Stage Id:73
16/11/03 23:05:09 INFO serializeLogger: [RunnerCompute]EndAt:1478235909725,Parent RDD ID:118,Name:MapPartitionedRDD,TaskAttempt ID:312,Partition Id:7,Stage Id:73
16/11/03 23:05:09 INFO serializeLogger: [writerThread]EndAt:1478235909728,Parent RDD ID:118,Name:MapPartitionedRDD,TaskAttempt ID:316/11/03 23:07:31 INFO serializeLogger: [CreationPYRE]StartAt:1478236051401,Parent RDD ID:130,Name:UnionRDD,TaskAttempt ID:342,Partition Id:1,Stage Id:96
16/11/03 23:07:31 INFO serializeLogger: [CreationPYRE]EndAt:1478236051458,Parent RDD ID:130,Name:UnionRDD,TaskAttempt ID:342,Partition Id:1,Stage Id:96
16/11/03 23:07:31 INFO serializeLogger: [RunnerCompute]StartAt:1478236051458,Parent RDD ID:130,Name:UnionRDD,TaskAttempt ID:342,Partition Id:1,Stage Id:96
16/11/03 23:07:31 INFO serializeLogger: [CreationPYRE]StartAt:1478236051460,Parent RDD ID:71,Name:MapPartitionedRDD,TaskAttempt ID:342,Partition Id:1,Stage Id:96
16/11/03 23:07:31 INFO serializeLogger: [CreationPYRE]EndAt:1478236051460,Parent RDD ID:71,Name:MapPartitionedRDD,TaskAttempt ID:342,Partition Id:1,Stage Id:96
16/11/03 23:07:31 INFO serializeLogger: [RunnerCompute]StartAt:1478236051460,Parent RDD ID:71,Name:MapPartitionedRDD,TaskAttempt ID:342,Partition Id:1,Stage Id:96
16/11/03 23:07:31 INFO serializeLogger: [writerThread]StartAt:1478236051515,Parent RDD ID:71,Name:MapPartitionedRDD,TaskAttempt ID:342,Partition Id:1,Stage Id:96
16/11/03 23:08:44 INFO serializeLogger: [RunnerCompute]EndAt:1478236124431,Parent RDD ID:71,Name:MapPartitionedRDD,TaskAttempt ID:342,Partition Id:1,Stage Id:96
16/11/03 23:08:44 INFO serializeLogger: [writerThread]StartAt:1478236124448,Parent RDD ID:130,Name:UnionRDD,TaskAttempt ID:342,Partition Id:1,Stage Id:96
16/11/03 23:09:03 INFO serializeLogger: [RunnerCompute]EndAt:1478236143115,Parent RDD ID:130,Name:UnionRDD,TaskAttempt ID:342,Partition Id:1,Stage Id:96
16/11/03 23:09:04 INFO serializeLogger: [writerThread]EndAt:1478236144277,Parent RDD ID:130,Name:UnionRDD,TaskAttempt ID:342,Partition Id:1,Stage Id:96
16/11/03 23:09:04 INFO serializeLogger: [writerThread]EndAt:1478236144277,Parent RDD ID:71,Name:MapPartitionedRDD,TaskAttempt ID:342,Partition Id:1,Stage Id:96
16/11/03 23:09:04 INFO serializeLogger: [CreationPYRE]StartAt:1478236144367,Parent RDD ID:134,Name:MapPartitionedRDD,TaskAttempt ID:355,Partition Id:1,Stage Id:97
16/11/03 23:09:04 INFO serializeLogger: [CreationPYRE]EndAt:1478236144367,Parent RDD ID:134,Name:MapPartitionedRDD,TaskAttempt ID:355,Partition Id:1,Stage Id:97
16/11/03 23:09:04 INFO serializeLogger: [RunnerCompute]StartAt:1478236144368,Parent RDD ID:134,Name:MapPartitionedRDD,TaskAttempt ID:355,Partition Id:1,Stage Id:97
16/11/03 23:09:04 INFO serializeLogger: [writerThread]StartAt:1478236144488,Parent RDD ID:134,Name:MapPartitionedRDD,TaskAttempt ID:355,Partition Id:1,Stage Id:97
16/11/03 23:09:27 INFO serializeLogger: [RunnerCompute]EndAt:1478236167036,Parent RDD ID:134,Name:MapPartitionedRDD,TaskAttempt ID:355,Partition Id:1,Stage Id:97
16/11/03 23:09:27 INFO serializeLogger: [writerThread]EndAt:1478236167039,Parent RDD ID:134,Name:MapPartitionedRDD,TaskAttempt ID:355,Partition Id:1,Stage Id:97
kAttempt ID:332,Partition Id:1,Stage Id:85
16/11/03 23:07:16 INFO serializeLogger: [CreationPYRE]EndAt:1478236036992,Parent RDD ID:126,Name:MapPartitionedRDD,TaskAttempt ID:332,Partition Id:1,Stage Id:85
16/11/03 23:07:16 INFO serializeLogger: [RunnerCompute]StartAt:1478236036992,Parent RDD ID:126,Name:MapPartitionedRDD,TaskAttempt ID:332,Partition Id:1,Stage Id:85
16/11/03 23:07:17 INFO serializeLogger: [writerThread]StartAt:1478236037053,Parent RDD ID:126,Name:MapPartitionedRDD,TaskAttempt ID:332,Partition Id:1,Stage Id:85
16/11/03 23:07:31 INFO serializeLogger: [RunnerCompute]EndAt:1478236051102,Parent RDD ID:126,Name:MapPartitionedRDD,TaskAttempt ID:332,Partition Id:1,Stage Id:85
16/11/03 23:07:31 INFO serializeLogger: [writerThread]EndAt:1478236051106,Parent RDD ID:126,Name:MapPartitionedRDD,TaskAttempt ID:332,Partition Id:1,Stage Id:85
16/11/03 23:07:31 INFO serializeLogger: [CreationPYRE]StartAt:1478236051401,Parent RDD ID:130,Name:UnionRDD,TaskAttempt ID:345,Partition Id:9,Stage Id:96
16/11/03 23:07:31 INFO serializeLogger: [CreationPYRE]EndAt:1478236051418,Parent RDD ID:130,Name:UnionRDD,TaskAttempt ID:345,Partition Id:9,Stage Id:96
16/11/03 23:07:31 INFO serializeLogger: [RunnerCompute]StartAt:1478236051458,Parent RDD ID:130,Name:UnionRDD,TaskAttempt ID:345,Partition Id:9,Stage Id:96
16/11/03 23:07:31 INFO serializeLogger: [CreationPYRE]StartAt:1478236051460,Parent RDD ID:71,Name:MapPartitionedRDD,TaskAttempt ID:345,Partition Id:9,Stage Id:96
16/11/03 23:07:31 INFO serializeLogger: [CreationPYRE]EndAt:1478236051460,Parent RDD ID:71,Name:MapPartitionedRDD,TaskAttempt ID:345,Partition Id:9,Stage Id:96
16/11/03 23:07:31 INFO serializeLogger: [RunnerCompute]StartAt:1478236051460,Parent RDD ID:71,Name:MapPartitionedRDD,TaskAttempt ID:345,Partition Id:9,Stage Id:96
16/11/03 23:07:31 INFO serializeLogger: [writerThread]StartAt:1478236051493,Parent RDD ID:71,Name:MapPartitionedRDD,TaskAttempt ID:345,Partition Id:9,Stage Id:96
16/11/03 23:08:39 INFO serializeLogger: [RunnerCompute]EndAt:1478236119186,Parent RDD ID:71,Name:MapPartitionedRDD,TaskAttempt ID:345,Partition Id:9,Stage Id:96
16/11/03 23:08:39 INFO serializeLogger: [writerThread]StartAt:1478236119203,Parent RDD ID:130,Name:UnionRDD,TaskAttempt ID:345,Partition Id:9,Stage Id:96
16/11/03 23:08:39 INFO serializeLogger: [RunnerCompute]EndAt:1478236119239,Parent RDD ID:130,Name:UnionRDD,TaskAttempt ID:345,Partition Id:9,Stage Id:96
16/11/03 23:08:39 INFO serializeLogger: [writerThread]EndAt:1478236119268,Parent RDD ID:130,Name:UnionRDD,TaskAttempt ID:345,Partition Id:9,Stage Id:96
16/11/03 23:08:39 INFO serializeLogger: [writerThread]EndAt:1478236119268,Parent RDD ID:71,Name:MapPartitionedRDD,TaskAttempt ID:345,Partition Id:9,Stage Id:96
INFO serializeLogger: [CreationPYRE]StartAt:1478236051414,Parent RDD ID:130,Name:UnionRDD,TaskAttempt ID:339,Partition Id:7,Stage Id:96
16/11/03 23:07:31 INFO serializeLogger: [CreationPYRE]EndAt:1478236051414,Parent RDD ID:130,Name:UnionRDD,TaskAttempt ID:339,Partition Id:7,Stage Id:96
16/11/03 23:07:31 INFO serializeLogger: [RunnerCompute]StartAt:1478236051415,Parent RDD ID:130,Name:UnionRDD,TaskAttempt ID:339,Partition Id:7,Stage Id:96
16/11/03 23:07:31 INFO serializeLogger: [CreationPYRE]StartAt:1478236051470,Parent RDD ID:71,Name:MapPartitionedRDD,TaskAttempt ID:339,Partition Id:7,Stage Id:96
16/11/03 23:07:31 INFO serializeLogger: [CreationPYRE]EndAt:1478236051470,Parent RDD ID:71,Name:MapPartitionedRDD,TaskAttempt ID:339,Partition Id:7,Stage Id:96
16/11/03 23:07:31 INFO serializeLogger: [RunnerCompute]StartAt:1478236051470,Parent RDD ID:71,Name:MapPartitionedRDD,TaskAttempt ID:339,Partition Id:7,Stage Id:96
16/11/03 23:07:31 INFO serializeLogger: [writerThread]StartAt:1478236051552,Parent RDD I16/11/03 23:09:04 INFO serializeLogger: [CreationPYRE]StartAt:1478236144373,Parent RDD ID:134,Name:MapPartitionedRDD,TaskAttempt ID:356,Partition Id:7,Stage Id:97
16/11/03 23:09:04 INFO serializeLogger: [CreationPYRE]EndAt:1478236144373,Parent RDD ID:134,Name:MapPartitionedRDD,TaskAttempt ID:356,Partition Id:7,Stage Id:97
16/11/03 23:09:04 INFO serializeLogger: [RunnerCompute]StartAt:1478236144373,Parent RDD ID:134,Name:MapPartitionedRDD,TaskAttempt ID:356,Partition Id:7,Stage Id:97
16/11/03 23:09:04 INFO serializeLogger: [writerThread]StartAt:1478236144421,Parent RDD ID:134,Name:MapPartitionedRDD,TaskAttempt ID:356,Partition Id:7,Stage Id:97
16/11/03 23:09:07 INFO serializeLogger: [RunnerCompute]EndAt:1478236147796,Parent RDD ID:134,Name:MapPartitionedRDD,TaskAttempt ID:356,Partition Id:7,Stage Id:97
16/11/03 23:09:07 INFO serializeLogger: [writerThread]EndAt:1478236147799,Parent RDD ID:134,Name:MapPartitionedRDD,TaskAttempt ID:356,Partition Id:7,Stage Id:97
serializeLogger: [CreationPYRE]EndAt:1478235798378,Parent RDD ID:110,Name:MapPartitionedRDD,TaskAttempt ID:288,Partition Id:1,Stage Id:61
16/11/03 23:03:18 INFO serializeLogger: [RunnerCompute]StartAt:1478235798378,Parent RDD ID:110,Name:MapPartitionedRDD,TaskAttempt ID:288,Partition Id:1,Stage Id:61
16/11/03 23:03:18 INFO serializeLogger: [writerThread]StartAt:1478235798423,Parent RDD ID:110,Name:MapPartitionedRDD,TaskAttempt ID:288,Partition Id:1,Stage Id:61
16/11/03 23:03:30 INFO serializeLogger: [RunnerCompute]EndAt:1478235810924,Parent RDD ID:110,Name:MapPartitionedRDD,TaskAttempt ID:288,Partition Id:1,Stage Id:61
16/11/03 23:03:30 INFO serializeLogger: [writerThread]EndAt:1478235810927,Parent RDD ID:110,Name:MapPartitionedRDD,TaskAttempt ID:288,Partition16/11/03 23:07:16 INFO serializeLogger: [CreationPYRE]StartAt:1478236036985,Parent RDD ID:126,Name:MapPartitionedRDD,TaskAttempt ID:333,Partition Id:7,Stage Id:85
16/11/03 23:07:16 INFO serializeLogger: [CreationPYRE]EndAt:1478236036986,Parent RDD ID:126,Name:MapPartitionedRDD,TaskAttempt ID:333,Partition Id:7,Stage Id:85
16/11/03 23:07:16 INFO serializeLogger: [RunnerCompute]StartAt:1478236036986,Parent RDD ID:126,Name:MapPartitionedRDD,TaskAttempt ID:333,Partition Id:7,Stage Id:85
16/11/03 23:07:17 INFO serializeLogger: [writerThread]StartAt:1478236037053,Parent RDD ID:126,Name:MapPartitionedRDD,TaskAttempt ID:333,Partition Id:7,Stage Id:85
16/11/03 23:07:20 INFO serializeLogger: [RunnerCompute]EndAt:1478236040604,Parent RDD ID:126,Name:MapPartitionedRDD,TaskAttempt ID:333,Partition Id:7,Stage Id:85
16/11/03 23:07:20 INFO serializeLogger: [writerThread]EndAt:1478236040606,Parent RDD ID:126,Name:MapPartitionedRDD,TaskAttempt ID:333,Partition Id:7,Stage Id:85
16/11/03 23:07:31 INFO serializeLogger: [CreationPYRE]StartAt:1478236051339,Parent RDD ID:130,Name:UnionRDD,TaskAttempt ID:343,Partition Id:15,Stage Id:96
16/11/03 23:07:31 INFO serializeLogger: [CreationPYRE]EndAt:1478236051339,Parent RDD ID:130,Name:UnionRDD,TaskAttempt ID:343,Partition Id:15,Stage Id:96
16/11/03 23:07:31 INFO serializeLogger: [RunnerCompute]StartAt:1478236051339,Parent RDD ID:130,Name:UnionRDD,TaskAttempt ID:343,Partition Id:15,Stage Id:96
16/11/03 23:07:31 INFO serializeLogger: [CreationPYRE]StartAt:1478236051340,Parent RDD ID:71,Name:MapPartitionedRDD,TaskAttempt ID:343,Partition Id:15,Stage Id:96
16/11/03 23:07:31 INFO serializeLogger: [CreationPYRE]EndAt:1478236051340,Parent RDD ID:71,Name:MapPartitionedRDD,TaskAttempt ID:343,Partition Id:15,Stage Id:96
16/11/03 23:07:31 INFO serializeLogger: [RunnerCompute]StartAt:1478236051340,Parent RDD ID:71,Name:MapPartitionedRDD,TaskAttempt ID:343,Partition Id:15,Stage Id:96
16/11/03 23:07:31 INFO serializeLogger: [writerThread]StartAt:1478236051362,Parent RDD ID:71,Name:MapPartitionedRDD,TaskAttempt ID:343,Partition Id:15,Stage Id:96
16/11/03 23:07:45 INFO serializeLogger: [RunnerCompute]EndAt:1478236065296,Parent RDD ID:71,Name:MapPartitionedRDD,TaskAttempt ID:343,Partition Id:15,Stage Id:96
16/11/03 23:07:45 INFO serializeLogger: [writerThread]StartAt:1478236065332,Parent RDD ID:130,Name:UnionRDD,TaskAttempt ID:343,Partition Id:15,Stage Id:96
16/11/03 23:07:45 INFO serializeLogger: [RunnerCompute]EndAt:1478236065370,Parent RDD ID:130,Name:UnionRDD,TaskAttempt ID:343,Partition Id:15,Stage Id:96
16/11/03 23:07:45 INFO serializeLogger: [writerThread]EndAt:1478236065401,Parent RDD ID:130,Name:UnionRDD,TaskAttempt ID:343,Partition Id:15,Stage Id:96
16/11/03 23:07:45 INFO serializeLogger: [writerThread]EndAt:1478236065401,Parent RDD ID:71,Name:MapPartitionedRDD,TaskAttempt ID:343,Partition Id:15,Stage Id:96
788,Parent RDD ID:98,Name:UnionRDD,TaskAttempt ID:252,Partition Id:10,Stage Id:48
16/11/03 22:59:46 INFO serializeLogger: [CreationPYRE]EndAt:1478235586788,Parent RDD ID:98,Name:UnionRDD,TaskAttempt ID:252,Partition Id:10,Stage Id:48
16/11/03 22:59:46 INFO serializeLogger: [RunnerCompute]StartAt:1478235586788,Parent RDD ID:98,Name:UnionRDD,TaskAttempt ID:252,Partition Id:10,Stage Id:48
16/11/03 22:59:46 INFO serializeLogger: [CreationPYRE]StartAt:1478235586954,Parent RDD ID:71,Name:MapPartitionedRDD,TaskAttempt ID:252,Partition Id:10,Stage Id:48
16/11/03 22:59:46 INFO serializeLogger: [CreationPYRE]EndAt:1478235586955,Parent RDD ID:71,Name:MapPartitionedRDD,TaskAttempt ID:252,Partition Id:10,Stage Id:48
16/11/03 22:59:46 INFO serializeLogger: [RunnerCompute]StartAt:1478235586979,Parent RDD ID:71,Name:MapPartitionedRDD,TaskAttempt ID:252,Partition Id:10,Stage Id:48
16/11/03 22:59:47 INFO serializeLogger: [writerThread]StartAt:1478235587315,Parent RDD ID:71,Name:MapPartitionedRDD,TaskAttempt ID:252,Partition Id:10,Stage Id:48
16/11/03 22:59:52 INFO serializeLogger: [RunnerCompute]EndAt:1478235592013,Parent RDD ID:71,Name:MapPartitionedRDD,TaskAttempt ID:252,Partition Id:10,Stage Id:48
16/11/03 22:59:52 INFO serializeLogger: [writerThread]StartAt:1478235592031,Parent RDD ID:98,Name:UnionRDD,TaskAttempt ID:252,Partition Id:10,Stage Id:48
16/11/03 22:59:52 INFO serializeLogger: [RunnerCompute]EndAt:1478235592070,Parent RDD ID:98,Name:UnionRDD,TaskAttempt ID:252,Partition Id:10,Stage Id:48
16/11/03 22:59:52 INFO serializeLogger: [writerThread]EndAt:1478235592107,Parent RDD ID:98,Name:UnionRDD,TaskAttempt ID:252,Partition Id:10,Stage Id:48
16/11/03 22:59:52 INFO serializeLogger: [writerThread]EndAt:1478235592107,Parent RDD ID:71,Name:MapPartitionedRDD,TaskAttempt ID:252,Partition Id:10,Stage Id:48
16/11/03 23:01:45 INFO serializeLogger: [CreationPYRE]StartAt:1478235705401,Parent RDD ID:106,Name:UnionRDD,TaskAttempt ID:272,Partition Id:8,Stage Id:60
16/11/03 23:01:45 INFO serializeLogger: [CreationPYRE]EndAt:1478235705437,Parent RDD ID:106,Name:UnionRDD,TaskAttempt ID:272,Partition Id:8,Stage Id:60
16/11/03 23:01:45 INFO serializeLogger: [RunnerCompute]StartAt:1478235705484,Parent RDD ID:106,Name:UnionRDD,TaskAttempt ID:272,Partition Id:8,Stage Id:60
16/11/03 23:01:45 INFO serializeLogger: [CreationPYRE]StartAt:1478235705592,Parent RDD ID:71,Name:MapPartitionedRDD,TaskAttempt ID:272,Partition Id:8,Stage Id:60
16/11/03 23:01:45 INFO serializeLogger: [CreationPYRE]EndAt:1478235705618,Parent RDD ID:71,Name:MapPartitionedRDD,TaskAttempt ID:272,Partition Id:8,Stage Id:60
16/11/03 23:01:45 INFO serializeLogger: [RunnerCompute]StartAt:1478235705618,Parent RDD ID:71,Name:MapPartitionedRDD,TaskAttempt ID:272,Partition Id:8,Stage Id:60
16/11/03 23:01:45 INFO serializeLogger: [writerThread]StartAt:1478235705842,Parent RDD ID:71,Name:MapPartitionedRDD,TaskAttempt ID:272,Partition Id:8,Stage Id:60
16/11/03 23:01:49 INFO serializeLogger: [RunnerCompute]EndAt:1478235709782,Parent RDD ID:71,Name:MapPartitionedRDD,TaskAttempt ID:272,Partition Id:8,Stage Id:60
16/11/03 23:01:49 INFO serializeLogger: [writerThread]StartAt:1478235709847,Parent RDD ID:106,Name:UnionRDD,TaskAttempt ID:272,Partition Id:8,Stage Id:60
16/11/03 23:01:49 INFO serializeLogger: [RunnerCompute]EndAt:1478235709879,Parent RDD ID:106,Name:UnionRDD,TaskAttempt ID:272,Partition Id:8,Stage Id:60
16/11/03 23:01:49 INFO serializeLogger: [writerThread]EndAt:1478235709911,Parent RDD ID:106,Name:UnionRDD,TaskAttempt ID:272,Partition Id:8,Stage Id:60
16/11/03 23:01:49 INFO serializeLogger: [writerThread]EndAt:1478235709911,Parent RDD ID:71,Name:MapPartitionedRDD,TaskAttempt ID:272,Partition Id:8,Stage Id:60
16/11/03 23:03:33 INFO serializeLogger: [C16/11/03 23:05:32 INFO serializeLogger: [CreationPYRE]StartAt:1478235932254,Parent RDD ID:122,Name:UnionRDD,TaskAttempt ID:321,Partition Id:2,Stage Id:84
16/11/03 23:05:32 INFO serializeLogger: [CreationPYRE]EndAt:1478235932272,Parent RDD ID:122,Name:UnionRDD,TaskAttempt ID:321,Partition Id:2,Stage Id:84
16/11/03 23:05:32 INFO serializeLogger: [RunnerCompute]StartAt:1478235932272,Parent RDD ID:122,Name:UnionRDD,TaskAttempt ID:321,Partition Id:2,Stage Id:84
16/11/03 23:05:32 INFO serializeLogger: [CreationPYRE]StartAt:1478235932321,Parent RDD ID:71,Name:MapPartitionedRDD,TaskAttempt ID:321,Partition Id:2,Stage Id:84
16/11/03 23:05:32 INFO serializeLogger: [CreationPYRE]EndAt:1478235932337,Parent RDD ID:71,Name:MapPartitionedRDD,TaskAttempt ID:321,Partition Id:2,Stage Id:84
16/11/03 23:05:32 INFO serializeLogger: [RunnerCompute]StartAt:1478235932354,Parent RDD ID:71,Name:MapPartitionedRDD,TaskAttempt ID:321,Partition Id:2,Stage Id:84
16/11/03 23:05:32 INFO serializeLogger: [writerThread]StartAt:1478235932730,Parent RDD ID:71,Name:MapPartitionedRDD,TaskAttempt ID:321,Partition Id:2,Stage Id:84
16/11/03 23:05:43 INFO serializeLogger: [RunnerCompute]EndAt:1478235943168,Parent RDD ID:71,Name:MapPartitionedRDD,TaskAttempt ID:321,Partition Id:2,Stage Id:84
16/11/03 23:05:43 INFO serializeLogger: [writerThread]StartAt:1478235943207,Parent RDD ID:122,Name:UnionRDD,TaskAttempt ID:321,Partition Id:2,Stage Id:84
16/11/03 23:06:03 INFO serializeLogger: [RunnerCompute]EndAt:1478235963116,Parent RDD ID:122,Name:UnionRDD,TaskAttempt ID:321,Partition Id:2,Stage Id:84
16/11/03 23:06:04 INFO serializeLogger: [writerThread]EndAt:1478235964267,Parent RDD ID:122,Name:UnionRDD,TaskAttempt ID:321,Partition Id:2,Stage Id:84
16/11/03 23:06:04 INFO serializeLogger: [writerThread]EndAt:1478235964267,Parent RDD ID:71,Name:MapPartitionedRDD,TaskAttempt ID:321,Partition Id:2,Stage Id:84
16/11/03 23:07:31 INFO serializeLogger: [CreationPYRE]StartAt:1478236051624,Parent RDD ID:130,Name:UnionRDD,TaskAttempt ID:344,Partition Id:2,Stage Id:96
16/11/03 23:07:31 INFO serializeLogger: [CreationPYRE]EndAt:1478236051634,Parent RDD ID:130,Name:UnionRDD,TaskAttempt ID:344,Partition Id:2,Stage Id:96
16/11/03 23:07:31 INFO serializeLogger: [RunnerCompute]StartAt:1478236051634,Parent RDD ID:130,Name:UnionRDD,TaskAttempt ID:344,Partition Id:2,Stage Id:96
16/11/03 23:07:31 INFO serializeLogger: [CreationPYRE]StartAt:1478236051651,Parent RDD ID:71,Name:MapPartitionedRDD,TaskAttempt ID:344,Partition Id:2,Stage Id:96
16/11/03 23:07:31 INFO serializeLogger: [CreationPYRE]EndAt:1478236051651,Parent RDD ID:71,Name:MapPartitionedRDD,TaskAttempt ID:344,Partition Id:2,Stage Id:96
16/11/03 23:07:31 INFO serializeLogger: [RunnerCompute]StartAt:1478236051651,Parent RDD ID:71,Name:MapPartitionedRDD,TaskAttempt ID:344,Partition Id:2,Stage Id:96
16/11/03 23:07:31 INFO serializeLogger: [writerThread]StartAt:1478236051703,Parent RDD ID:71,Name:MapPartitionedRDD,TaskAttempt ID:344,Partition Id:2,Stage Id:96
16/11/03 23:07:41 INFO serializeLogger: [RunnerCompute]EndAt:1478236061779,Parent RDD ID:71,Name:MapPartitionedRDD,TaskAttempt ID:344,Partition Id:2,Stage Id:96
16/11/03 23:07:41 INFO serializeLogger: [writerThread]StartAt:1478236061857,Parent RDD ID:130,Name:UnionRDD,TaskAttempt ID:344,Partition Id:2,Stage Id:96
16/11/03 23:08:02 INFO serializeLogger: [RunnerCompute]EndAt:1478236082282,Parent RDD ID:130,Name:UnionRDD,TaskAttempt ID:344,Partition Id:2,Stage Id:96
16/11/03 23:08:03 INFO serializeLogger: [writerThread]EndAt:1478236083757,Parent RDD ID:130,Name:UnionRDD,TaskAttempt ID:344,Partition Id:2,Stage Id:96
16/11/03 23:08:03 INFO serializeLogger: [writerThread]EndAt:1478236083757,Parent RDD ID:71,Name:MapPartitionedRDD,TaskAttempt ID:344,Partition Id:2,Stage Id:96
3:07:31 INFO serializeLogger: [writerThread]StartAt:1478236051592,Parent RDD ID:71,Name:MapPartitionedRDD,TaskAttempt ID:349,Partition Id:8,Stage Id:96
16/11/03 23:07:35 INFO serializeLogger: [RunnerCompute]EndAt:1478236055082,Parent RDD ID:71,Name:MapPartitionedRDD,TaskAttempt ID:349,Partition Id:8,Stage Id:96
16/11/03 23:07:35 INFO serializeLogger: [writerThread]StartAt:1478236055140,Parent RDD ID:130,Name:UnionRDD,TaskAttempt ID:349,Partition Id:8,Stage Id:96
16/11/03 23:07:35 INFO serializeLogger: [RunnerCompute]EndAt:1478236055175,Parent RDD ID:130,Name:UnionRDD,TaskAttempt ID:349,Partition Id:8,Stage Id:96
16/11/03 23:07:35 INFO serializeLogger: [writerThread]EndAt:1478236055199,Parent RDD ID:130,Name:UnionRDD,TaskAttempt ID:349,Partition Id:8,Stage Id:96
16/11/03 23:07:35 INFO serializeLogger: [writerThread]EndAt:1478236055200,Parent RDD ID:71,Name:MapPartitionedRDD,TaskAttempt ID:349,Partition Id:8,Stage Id:96
16/11/03 23:09:04 INFO serializeLogger: [CreationPYRE]StartAt:1478236144365,Parent RDD ID:134,Name:MapPartitionedRDD,TaskAttempt ID:358,Partition Id:0,Stage Id:97
16/11/03 23:09:04 INFO serializeLogger: [CreationPYRE]EndAt:1478236144365,Parent RDD ID:134,Name:MapPartitionedRDD,TaskAttempt ID:358,Partition Id:0,Stage Id:97
16/11/03 23:09:04 INFO serializeLogger: [RunnerCompute]StartAt:1478236144365,Parent RDD ID:134,Name:MapPartitionedRDD,TaskAttempt ID:358,Partition Id:0,Stage Id:97
16/11/03 23:09:04 INFO serializeLogger: [writerThread]StartAt:1478236144426,Parent RDD ID:134,Name:MapPartitionedRDD,TaskAttempt ID:358,Partition Id:0,Stage Id:97
16/11/03 23:09:08 INFO serializeLogger: [RunnerCompute]EndAt:1478236148021,Parent RDD ID:134,Name:MapPartitionedRDD,TaskAttempt ID:358,Partition Id:0,Stage Id:97
16/11/03 23:09:08 INFO serializeLogger: [writerThread]EndAt:1478236148024,Parent RDD ID:134,Name:MapPartitionedRDD,TaskAttempt ID:358,Partition Id:0,Stage Id:97
t ID:323,Partition Id:8,Stage Id:84
1/03 23:05:32 INFO serializeLogger: [writerThread]StartAt:1478235932655,Parent RDD ID:71,Name:MapPartitionedRDD,TaskAttempt ID:324,Partition Id:10,Stage Id:84
16/11/03 23:05:37 INFO serializeLogger: [RunnerCompute]EndAt:1478235937087,Parent RDD ID:71,Name:MapPartitionedRDD,TaskAttempt ID:324,Partition Id:10,Stage Id:84
16/11/03 23:05:37 INFO serializeLogger: [writerThread]StartAt:1478235937156,Parent RDD ID:122,Name:UnionRDD,TaskAttempt ID:324,Partition Id:10,Stage Id:84
16/11/03 23:05:37 INFO serializeLogger: [RunnerCompute]EndAt:1478235937201,Parent RDD ID:122,Name:UnionRDD,TaskAttempt ID:324,Partition Id:10,Stage Id:84
16/11/03 23:05:37 INFO serializeLogger: [writerThread]EndAt:1478235937237,Parent RDD ID:122,Name:UnionRDD,TaskAttempt ID:324,Partition Id:10,Stage Id:84
16/11/03 23:05:37 INFO serializeLogger: [writerThread]EndAt:1478235937246,Parent RDD ID:71,Name:MapPartitionedRDD,TaskAttempt ID:324,Partition Id:10,Stage Id:84
16/11/03 23:07:16 INFO serializeLogger: [CreationPYRE]StartAt:1478236036976,Parent RDD ID:126,Name:MapPartitionedRDD,TaskAttempt ID:331,Partition Id:0,Stage Id:85
16/11/03 23:07:16 INFO serializeLogger: [CreationPYRE]EndAt:1478236036976,Parent RDD ID:126,Name:MapPartitionedRDD,TaskAttempt ID:331,Partition Id:0,Stage Id:85
16/11/03 23:07:16 INFO serializeLogger: [RunnerCompute]StartAt:1478236036977,Parent RDD ID:126,Name:MapPartitionedRDD,TaskAttempt ID:331,Partition Id:0,Stage Id:85
16/11/03 23:07:17 INFO serializeLogger: [writerThread]StartAt:1478236037054,Parent RDD ID:126,Name:MapPartitionedRDD,TaskAttempt ID:331,Partition Id:0,Stage Id:85
16/11/03 23:07:20 INFO serializeLogger: [RunnerCompute]EndAt:1478236040567,Parent RDD ID:126,Name:MapPartitionedRDD,TaskAttempt ID:331,Partition Id:0,Stage Id:85
16/11/03 23:07:20 INFO serializeLogger: [writerThread]EndAt:1478236040570,Parent RDD ID:126,Name:MapPartitionedRDD,TaskAttempt ID:331,Partition Id:0,Stage Id:85
16/11/03 23:07:31 INFO serializeLogger: [CreationPYRE]StartAt:1478236051340,Parent RDD ID:130,Name:UnionRDD,TaskAttempt ID:350,Partition Id:10,Stage Id:96
16/11/03 23:07:31 INFO serializeLogger: [CreationPYRE]EndAt:1478236051340,Parent RDD ID:130,Name:UnionRDD,TaskAttempt ID:350,Partition Id:10,Stage Id:96
16/11/03 23:07:31 INFO serializeLogger: [RunnerCompute]StartAt:1478236051340,Parent RDD ID:130,Name:UnionRDD,TaskAttempt ID:350,Partition Id:10,Stage Id:96
16/11/03 23:07:31 INFO serializeLogger: [CreationPYRE]StartAt:1478236051341,Parent RDD ID:71,Name:MapPartitionedRDD,TaskAttempt ID:350,Partition Id:10,Stage Id:96
16/11/03 23:07:31 INFO serializeLogger: [CreationPYRE]EndAt:1478236051341,Parent RDD ID:71,Name:MapPartitionedRDD,TaskAttempt ID:350,Partition Id:10,Stage Id:96
16/11/03 23:07:31 INFO serializeLogger: [RunnerCompute]StartAt:1478236051341,Parent RDD ID:71,Name:MapPartitionedRDD,TaskAttempt ID:350,Partition Id:10,Stage Id:96
16/11/03 23:07:31 INFO serializeLogger: [writerThread]StartAt:1478236051502,Parent RDD ID:71,Name:MapPartitionedRDD,TaskAttempt ID:350,Partition Id:10,Stage Id:96
16/11/03 23:07:45 INFO serializeLogger: [RunnerCompute]EndAt:1478236065703,Parent RDD ID:71,Name:MapPartitionedRDD,TaskAttempt ID:350,Partition Id:10,Stage Id:96
16/11/03 23:07:45 INFO serializeLogger: [writerThread]StartAt:1478236065741,Parent RDD ID:130,Name:UnionRDD,TaskAttempt ID:350,Partition Id:10,Stage Id:96
16/11/03 23:07:45 INFO serializeLogger: [RunnerCompute]EndAt:1478236065781,Parent RDD ID:130,Name:UnionRDD,TaskAttempt ID:350,Partition Id:10,Stage Id:96
16/11/03 23:07:45 INFO serializeLogger: [writerThread]EndAt:1478236065809,Parent RDD ID:130,Name:UnionRDD,TaskAttempt ID:350,Partition Id:10,Stage Id:96
16/11/03 23:07:45 INFO serializeLogger: [writerThread]EndAt:1478236065826,Parent RDD ID:71,Name:MapPartitionedRDD,TaskAttempt ID:350,Partition Id:10,Stage Id:96
d]StartAt:1478235932672,Parent RDD ID:71,Name:MapPartitionedRDD,TaskAttempt ID:320,Partition Id:0,Stage Id:84
16/11/03 23:05:53 INFO serializeLogger: [RunnerCompute]EndAt:1478235953230,Parent RDD ID:71,Name:MapPartitionedRDD,TaskAttempt ID:320,Partition Id:0,Stage Id:84
16/11/03 23:05:53 INFO serializeLogger: [writerThread]StartAt:1478235953267,Parent RDD ID:122,Name:UnionRDD,TaskAttempt ID:320,Partition Id:0,Stage Id:84
16/11/03 23:06:12 INFO serializeLogger: [RunnerCompute]EndAt:1478235972989,Parent RDD ID:122,Name:UnionRDD,TaskAttempt ID:320,Partition Id:0,Stage Id:84
16/11/03 23:06:14 INFO serializeLogger: [writerThread]EndAt:1478235974221,Parent RDD ID:122,Name:UnionRDD,TaskAttempt ID:320,Partition Id:0,Stage Id:84
16/11/03 23:06:14 INFO serializeLogger: [writerThread]EndAt:1478235974221,Parent RDD ID:71,Name:MapPartitionedRDD,TaskAttempt ID:320,Partition Id:0,Stage Id:84
16/11/03 23:07:16 INFO serializeLogger: [CreationPYRE]StartAt:1478236036974,Parent RDD ID:126,Name:MapPartitionedRDD,TaskAttempt ID:334,Partition Id:2,Stage Id:85
16/11/03 23:07:16 INFO serializeLogger: [CreationPYRE]EndAt:1478236036974,Parent RDD ID:126,Name:MapPartitionedRDD,TaskAttempt ID:334,Partition Id:2,Stage Id:85
16/11/03 23:07:16 INFO serializeLogger: [RunnerCompute]StartAt:1478236036974,Parent RDD ID:126,Name:MapPartitionedRDD,TaskAttempt ID:334,Partition Id:2,Stage Id:85
16/11/03 23:07:17 INFO serializeLogger: [writerThread]StartAt:1478236037041,Parent RDD ID:126,Name:MapPartitionedRDD,TaskAttempt ID:334,Partition Id:2,Stage Id:85
16/11/03 23:07:31 INFO serializeLogger: [RunnerCompute]EndAt:1478236051028,Parent RDD ID:126,Name:MapPartitionedRDD,TaskAttempt ID:334,Partition Id:2,Stage Id:85
16/11/03 23:07:31 INFO serializeLogger: [writerThread]EndAt:1478236051031,Parent RDD ID:126,Name:MapPartitionedRDD,TaskAttempt ID:334,Partition Id:2,Stage Id:85
16/11/03 23:07:31 INFO serializeLogger: [CreationPYRE]StartAt:1478236051337,Parent RDD ID:130,Name:UnionRDD,TaskAttempt ID:341,Partition Id:0,Stage Id:96
16/11/03 23:07:31 INFO serializeLogger: [CreationPYRE]EndAt:1478236051337,Parent RDD ID:130,Name:UnionRDD,TaskAttempt ID:341,Partition Id:0,Stage Id:96
16/11/03 23:07:31 INFO serializeLogger: [RunnerCompute]StartAt:1478236051337,Parent RDD ID:130,Name:UnionRDD,TaskAttempt ID:341,Partition Id:0,Stage Id:96
16/11/03 23:07:31 INFO serializeLogger: [CreationPYRE]StartAt:1478236051339,Parent RDD ID:71,Name:MapPartitionedRDD,TaskAttempt ID:341,Partition Id:0,Stage Id:96
16/11/03 23:07:31 INFO serializeLogger: [CreationPYRE]EndAt:1478236051339,Parent RDD ID:71,Name:MapPartitionedRDD,TaskAttempt ID:341,Partition Id:0,Stage Id:96
16/11/03 23:07:31 INFO serializeLogger: [RunnerCompute]StartAt:1478236051339,Parent RDD ID:71,Name:MapPartitionedRDD,TaskAttempt ID:341,Partition Id:0,Stage Id:96
16/11/03 23:07:31 INFO serializeLogger: [writerThread]StartAt:1478236051523,Parent RDD ID:71,Name:MapPartitionedRDD,TaskAttempt ID:341,Partition Id:0,Stage Id:96
16/11/03 23:07:51 INFO serializeLogger: [RunnerCompute]EndAt:1478236071731,Parent RDD ID:71,Name:MapPartitionedRDD,TaskAttempt ID:341,Partition Id:0,Stage Id:96
16/11/03 23:07:51 INFO serializeLogger: [writerThread]StartAt:1478236071748,Parent RDD ID:130,Name:UnionRDD,TaskAttempt ID:341,Partition Id:0,Stage Id:96
16/11/03 23:08:13 INFO serializeLogger: [RunnerCompute]EndAt:1478236093158,Parent RDD ID:130,Name:UnionRDD,TaskAttempt ID:341,Partition Id:0,Stage Id:96
16/11/03 23:08:14 INFO serializeLogger: [writerThread]EndAt:1478236094333,Parent RDD ID:130,Name:UnionRDD,TaskAttempt ID:341,Partition Id:0,Stage Id:96
16/11/03 23:08:14 INFO serializeLogger: [writerThread]EndAt:1478236094333,Parent RDD ID:71,Name:MapPartitionedRDD,TaskAttempt ID:341,Partition Id:0,Stage Id:96
16/11/03 23:09:04 INFO serializeLogger: [CreationPYRE]StartAt:1478236144362,Parent RDD ID:134,Name:MapPartitionedRDD,TaskAttempt ID:361,Partition Id:2,Stage Id:97
16/11/03 23:09:04 INFO serializeLogger: [CreationPYRE]EndAt:1478236144362,Parent RDD ID:134,Name:MapPartitionedRDD,TaskAttempt ID:361,Partition Id:2,Stage Id:97
16/11/03 23:09:04 INFO serializeLogger: [RunnerCompute]StartAt:1478236144362,Parent RDD ID:134,Name:MapPartitionedRDD,TaskAttempt ID:361,Partition Id:2,Stage Id:97
16/11/03 23:09:04 INFO serializeLogger: [writerThread]StartAt:1478236144398,Parent RDD ID:134,Name:MapPartitionedRDD,TaskAttempt ID:361,Partition Id:2,Stage Id:97
16/11/03 23:09:20 INFO serializeLogger: [RunnerCompute]EndAt:1478236160507,Parent RDD ID:134,Name:MapPartitionedRDD,TaskAttempt ID:361,Partition Id:2,Stage Id:97
16/11/03 23:09:20 INFO serializeLogger: [writerThread]EndAt:1478236160510,Parent RDD ID:134,Name:MapPartitionedRDD,TaskAttempt ID:361,Partition Id:2,Stage Id:97
3 23:03:50 INFO serializeLogger: [RunnerCompute]EndAt:1478235830271,Parent RDD ID:114,Name:UnionRDD,TaskAttempt ID:304,Partition Id:12,Stage Id:72
16/11/03 23:03:50 INFO serializeLogger: [writerThread]EndAt:1478235830294,Parent RDD ID:114,Name:UnionRDD,TaskAttempt ID:304,Partition Id:12,Stage Id:72
16/11/03 23:03:50 INFO serializeLogger: [writerThread]EndAt:1478235830294,Parent RDD ID:71,Name:MapPartitionedRDD,TaskAttempt ID:304,Partition Id:12,Stage Id:72
16/11/03 23:04:08 INFO serializeLogger: [RunnerCompute]EndAt:1478235848657,Parent RDD ID:114,Name:UnionRDD,TaskAttempt ID:293,Partition Id:3,Stage Id:72
16/11/03 23:04:09 INFO serializeLogger: [writerThread]EndAt:1478235849825,Parent RDD ID:114,Name:UnionRDD,TaskAttempt ID:293,Partition Id:3,Stage Id:72
16/11/03 23:04:09 INFO serializeLogger: [writerThread]EndAt:1478235849825,Parent RDD ID:71,Name:MapPartitionedRDD,TaskAttempt ID:293,Partition Id:3,Stage Id:72
16/11/03 23:05:06 INFO serializeLogger: [CreationPYRE]StartAt:1478235906443,Parent RDD ID:118,Name:MapPartitionedRDD,TaskAttempt ID:310,Partition Id:4,Stage Id:73
16/11/03 23:05:06 INFO serializeLogger: [CreationPYRE]EndAt:1478235906454,Parent RDD ID:118,Name:MapPartitionedRDD,TaskAttempt ID:310,Partition Id:4,Stage Id:73
16/11/03 23:05:06 INFO serializeLogger: [RunnerCompute]StartAt:1478235906454,Parent RDD ID:118,Name:MapPartitionedRDD,TaskAttempt ID:310,Partition Id:4,Stage Id:73
16/11/03 23:05:06 INFO serializeLogger: [writerThread]StartAt:1478235906616,Parent RDD ID:118,Name:MapPartitionedRDD,TaskAttempt ID:310,Partition Id:4,Stage Id:73
16/11/03 23:05:20 INFO serializeLogger: [RunnerCompute]EndAt:1478235920546,Parent RDD ID:118,Name:MapPartitionedRDD,TaskAttempt ID:310,Partition Id:4,Stage Id:73
16/11/03 23:05:20 INFO serializeLogger: [writerThread]EndAt:1478235920549,Parent RDD ID:118,Name:MapPartitionedRDD,TaskAttempt ID:310,Partition Id:4,Stage Id:73
16/11/03 23:05:32 INFO serializeLogger: [CreationPYRE]StartAt:1478235932330,Parent RDD ID:122,Name:UnionRDD,TaskAttempt ID:327,Partition Id:11,Stage Id:84
16/11/03 23:05:32 INFO serializeLogger: [CreationPYRE]EndAt:1478235932330,Parent RDD ID:122,Name:UnionRDD,TaskAttempt ID:327,Partition Id:11,Stage Id:84
16/11/03 23:05:32 INFO serializeLogger: [RunnerCompute]StartAt:1478235932330,Parent RDD ID:122,Name:UnionRDD,TaskAttempt ID:327,Partition Id:11,Stage Id:84
16/11/03 23:05:32 INFO serializeLogger: [CreationPYRE]StartAt:1478235932502,Parent RDD ID:71,Name:MapPartitionedRDD,TaskAttempt ID:327,Partition Id:11,Stage Id:84
16/11/03 23:05:32 INFO serializeLogger: [CreationPYRE]EndAt:1478235932503,Parent RDD ID:71,Name:MapPartitionedRDD,TaskAttempt ID:327,Partition Id:11,Stage Id:84
16/11/03 23:05:32 INFO serializeLogger: [RunnerCompute]StartAt:1478235932503,Parent RDD ID:71,Name:MapPartitionedRDD,TaskAttempt ID:327,Partition Id:11,Stage Id:84
16/11/03 23:05:32 INFO serializeLogger: [writerThread]StartAt:1478235932715,Parent RDD ID:71,Name:MapPartitionedRDD,TaskAttempt ID:327,Partition Id:11,Stage Id:84
16/11/03 23:05:48 INFO serializeLogger: [RunnerCompute]EndAt:1478235948692,Parent RDD ID:71,Name:MapPartitionedRDD,TaskAttempt ID:327,Partition Id:11,Stage Id:84
16/11/03 23:05:48 INFO serializeLogger: [writerThread]StartAt:1478235948711,Parent RDD ID:122,Name:UnionRDD,TaskAttempt ID:327,Partition Id:11,Stage Id:84
16/11/03 23:05:48 INFO serializeLogger: [RunnerCompute]EndAt:1478235948753,Parent RDD ID:122,Name:UnionRDD,TaskAttempt ID:327,Partition Id:11,Stage Id:84
16/11/03 23:05:48 INFO serializeLogger: [writerThread]EndAt:1478235948777,Parent RDD ID:122,Name:UnionRDD,TaskAttempt ID:327,Partition Id:11,Stage Id:84
16/11/03 23:05:48 INFO serializeLogger: [writerThread]EndAt:1478235948778,Parent RDD ID:71,Name:MapPartitionedRDD,TaskAttempt ID:327,Partition Id:11,Stage Id:84
16/11/03 23:07:16 INFO serializeLogger: [CreationPYRE]StartAt:1478236036982,Parent RDD ID:126,Name:MapPartitionedRDD,TaskAttempt ID:335,Partition Id:3,Stage Id:85
16/11/03 23:07:16 INFO serializeLogger: [CreationPYRE]EndAt:1478236036982,Parent RDD ID:126,Name:MapPartitionedRDD,TaskAttempt ID:335,Partition Id:3,Stage Id:85
16/11/03 23:07:16 INFO serializeLogger: [RunnerCompute]StartAt:1478236036982,Parent RDD ID:126,Name:MapPartitionedRDD,TaskAttempt ID:335,Partition Id:3,Stage Id:85
16/11/03 23:07:17 INFO serializeLogger: [writerThread]StartAt:1478236037051,Parent RDD ID:126,Name:MapPartitionedRDD,TaskAttempt ID:335,Partition Id:3,Stage Id:85
16/11/03 23:07:20 INFO serializeLogger: [RunnerCompute]EndAt:1478236040699,Parent RDD ID:126,Name:MapPartitionedRDD,TaskAttempt ID:335,Partition Id:3,Stage Id:85
16/11/03 23:07:20 INFO serializeLogger: [writerThread]EndAt:1478236040702,Parent RDD ID:126,Name:MapPartitionedRDD,TaskAttempt ID:335,Partition Id:3,Stage Id:85
16/11/03 23:07:31 INFO serializeLogger: [CreationPYRE]StartAt:1478236051613,Parent RDD ID:130,Name:UnionRDD,TaskAttempt ID:354,Partition Id:14,Stage Id:96
16/11/03 23:07:31 INFO serializeLogger: [CreationPYRE]EndAt:1478236051613,Parent RDD ID:130,Name:UnionRDD,TaskAttempt ID:354,Partition Id:14,Stage Id:96
16/11/03 23:07:31 INFO serializeLogger: [RunnerCompute]StartAt:1478236051614,Parent RDD ID:130,Name:UnionRDD,TaskAttempt ID:354,Partition Id:14,Stage Id:96
16/11/03 23:07:31 INFO serializeLogger: [CreationPYRE]StartAt:1478236051630,Parent RDD ID:130,Name:UnionRDD,TaskAttempt ID:347,Partition Id:5,Stage Id:96
16/11/03 23:07:31 INFO serializeLogger: [CreationPYRE]EndAt:1478236051630,Parent RDD ID:130,Name:UnionRDD,TaskAttempt ID:347,Partition Id:5,Stage Id:96
16/11/03 23:07:31 INFO serializeLogger: [RunnerCompute]StartAt:1478236051631,Parent RDD ID:130,Name:UnionRDD,TaskAttempt ID:347,Partition Id:5,Stage Id:96
16/11/03 23:07:31 INFO serializeLogger: [CreationPYRE]StartAt:1478236051685,Parent RDD ID:71,Name:MapPartitionedRDD,TaskAttempt ID:354,Partition Id:14,Stage Id:96
16/11/03 23:07:31 INFO serializeLogger: [CreationPYRE]StartAt:1478236051701,Parent RDD ID:71,Name:MapPartitionedRDD,TaskAttempt ID:347,Partition Id:5,Stage Id:96
16/11/03 23:07:31 INFO serializeLogger: [CreationPYRE]EndAt:1478236051710,Parent RDD ID:71,Name:MapPartitionedRDD,TaskAttempt ID:354,Partition Id:14,Stage Id:96
16/11/03 23:07:31 INFO serializeLogger: [CreationPYRE]EndAt:1478236051727,Parent RDD ID:71,Name:MapPartitionedRDD,TaskAttempt ID:347,Partition Id:5,Stage Id:96
16/11/03 23:07:31 INFO serializeLogger: [RunnerCompute]StartAt:1478236051735,Parent RDD ID:71,Name:MapPartitionedRDD,TaskAttempt ID:354,Partition Id:14,Stage Id:96
16/11/03 23:07:31 INFO serializeLogger: [RunnerCompute]StartAt:1478236051752,Parent RDD ID:71,Name:MapPartitionedRDD,TaskAttempt ID:347,Partition Id:5,Stage Id:96
16/11/03 23:07:32 INFO serializeLogger: [writerThread]StartAt:1478236052054,Parent RDD ID:71,Name:MapPartitionedRDD,TaskAttempt ID:347,Partition Id:5,Stage Id:96
16/11/03 23:07:32 INFO serializeLogger: [writerThread]StartAt:1478236052109,Parent RDD ID:71,Name:MapPartitionedRDD,TaskAttempt ID:354,Partition Id:14,Stage Id:96
16/11/03 23:07:37 INFO serializeLogger: [RunnerCompute]EndAt:1478236057320,Parent RDD ID:71,Name:MapPartitionedRDD,TaskAttempt ID:354,Partition Id:14,Stage Id:96
16/11/03 23:07:37 INFO serializeLogger: [writerThread]StartAt:1478236057369,Parent RDD ID:130,Name:UnionRDD,TaskAttempt ID:354,Partition Id:14,Stage Id:96
16/11/03 23:07:37 INFO serializeLogger: [RunnerCompute]EndAt:1478236057409,Parent RDD ID:130,Name:UnionRDD,TaskAttempt ID:354,Partition Id:14,Stage Id:96
16/11/03 23:07:37 INFO serializeLogger: [writerThread]EndAt:1478236057459,Parent RDD ID:130,Name:UnionRDD,TaskAttempt ID:354,Partition Id:14,Stage Id:96
16/11/03 23:07:37 INFO serializeLogger: [writerThread]EndAt:1478236057459,Parent RDD ID:71,Name:MapPartitionedRDD,TaskAttempt ID:354,Partition Id:14,Stage Id:96
16/11/03 23:07:52 INFO serializeLogger: [RunnerCompute]EndAt:1478236072768,Parent RDD ID:71,Name:MapPartitionedRDD,TaskAttempt ID:347,Partition Id:5,Stage Id:96
16/11/03 23:07:52 INFO serializeLogger: [writerThread]StartAt:1478236072770,Parent RDD ID:130,Name:UnionRDD,TaskAttempt ID:347,Partition Id:5,Stage Id:96
16/11/03 23:08:10 INFO serializeLogger: [RunnerCompute]EndAt:1478236090990,Parent RDD ID:130,Name:UnionRDD,TaskAttempt ID:347,Partition Id:5,Stage Id:96
16/11/03 23:08:14 INFO serializeLogger: [writerThread]EndAt:1478236094205,Parent RDD ID:130,Name:UnionRDD,TaskAttempt ID:347,Partition Id:5,Stage Id:96
16/11/03 23:08:14 INFO serializeLogger: [writerThread]EndAt:1478236094205,Parent RDD ID:71,Name:MapPartitionedRDD,TaskAttempt ID:347,Partition Id:5,Stage Id:96
16/11/03 23:09:04 INFO serializeLogger: [CreationPYRE]StartAt:1478236144359,Parent RDD ID:134,Name:MapPartitionedRDD,TaskAttempt ID:360,Partition Id:5,Stage Id:97
16/11/03 23:09:04 INFO serializeLogger: [CreationPYRE]EndAt:1478236144359,Parent RDD ID:134,Name:MapPartitionedRDD,TaskAttempt ID:360,Partition Id:5,Stage Id:97
16/11/03 23:09:04 INFO serializeLogger: [RunnerCompute]StartAt:1478236144359,Parent RDD ID:134,Name:MapPartitionedRDD,TaskAttempt ID:360,Partition Id:5,Stage Id:97
16/11/03 23:09:04 INFO serializeLogger: [writerThread]StartAt:1478236144497,Parent RDD ID:134,Name:MapPartitionedRDD,TaskAttempt ID:360,Partition Id:5,Stage Id:97
16/11/03 23:09:07 INFO serializeLogger: [RunnerCompute]EndAt:1478236147860,Parent RDD ID:134,Name:MapPartitionedRDD,TaskAttempt ID:360,Partition Id:5,Stage Id:97
16/11/03 23:09:07 INFO serializeLogger: [writerThread]EndAt:1478236147865,Parent RDD ID:134,Name:MapPartitionedRDD,TaskAttempt ID:360,Partition Id:5,Stage Id:97
rializeLogger: [CreationPYRE]EndAt:1478235932664,Parent RDD ID:71,Name:MapPartitionedRDD,TaskAttempt ID:319,Partition Id:3,Stage Id:84
16/11/03 23:05:32 INFO serializeLogger: [RunnerCompute]StartAt:1478235932664,Parent RDD ID:71,Name:MapPartitionedRDD,TaskAttempt ID:319,Partition Id:3,Stage Id:84
16/11/03 23:05:32 INFO serializeLogger: [CreationPYRE]StartAt:1478235932681,Parent RDD ID:71,Name:MapPartitionedRDD,TaskAttempt ID:328,Partition Id:12,Stage Id:84
16/11/03 23:05:32 INFO serializeLogger: [CreationPYRE]EndAt:1478235932681,Parent RDD ID:71,Name:MapPartitionedRDD,TaskAttempt ID:328,Partition Id:12,Stage Id:84
16/11/03 23:05:32 INFO serializeLogger: [RunnerCompute]StartAt:1478235932681,Parent RDD ID:71,Name:MapPartitionedRDD,TaskAttempt ID:328,Partition Id:12,Stage Id:84
16/11/03 23:05:32 INFO serializeLogger: [writerThread]StartAt:1478235932875,Parent RDD ID:71,Name:MapPartitionedRDD,TaskAttempt ID:319,Partition Id:3,Stage Id:84
16/11/03 23:05:32 INFO serializeLogger: [writerThread]StartAt:1478235932892,Parent RDD ID:71,Name:MapPartitionedRDD,TaskAttempt ID:328,Partition Id:12,Stage Id:84
16/11/03 23:05:39 INFO serializeLogger: [RunnerCompute]EndAt:1478235939561,Parent RDD ID:71,Name:MapPartitionedRDD,TaskAttempt ID:328,Partition Id:12,Stage Id:84
16/11/03 23:05:39 INFO serializeLogger: [writerThread]StartAt:1478235939587,Parent RDD ID:122,Name:UnionRDD,TaskAttempt ID:328,Partition Id:12,Stage Id:84
16/11/03 23:05:39 INFO serializeLogger: [RunnerCompute]EndAt:1478235939628,Parent RDD ID:122,Name:UnionRDD,TaskAttempt ID:328,Partition Id:12,Stage Id:84
16/11/03 23:05:39 INFO serializeLogger: [writerThread]EndAt:1478235939669,Parent RDD ID:122,Name:UnionRDD,TaskAttempt ID:328,Partition Id:12,Stage Id:84
16/11/03 23:05:39 INFO serializeLogger: [writerThread]EndAt:1478235939669,Parent RDD ID:71,Name:MapPartitionedRDD,TaskAttempt ID:328,Partition Id:12,Stage Id:84
16/11/03 23:05:54 INFO serializeLogger: [RunnerCompute]EndAt:1478235954742,Parent RDD ID:71,Name:MapPartitionedRDD,TaskAttempt ID:319,Partition Id:3,Stage Id:84
16/11/03 23:05:54 INFO serializeLogger: [writerThread]StartAt:1478235954745,Parent RDD ID:122,Name:UnionRDD,TaskAttempt ID:319,Partition Id:3,Stage Id:84
16/11/03 23:06:15 INFO serializeLogger: [RunnerCompute]EndAt:1478235975278,Parent RDD ID:122,Name:UnionRDD,TaskAttempt ID:319,Partition Id:3,Stage Id:84
16/11/03 23:06:16 INFO serializeLogger: [writerThread]EndAt:1478235976475,Parent RDD ID:122,Name:UnionRDD,TaskAttempt ID:319,Partition Id:3,Stage Id:84
16/11/03 23:06:16 INFO serializeLogger: [writerThread]EndAt:1478235976475,Parent RDD ID:71,Name:MapPartitionedRDD,TaskAttempt ID:319,Partition Id:3,Stage Id:84
16/11/03 23:07:16 INFO serializeLogger: [CreationPYRE]StartAt:1478236036976,Parent RDD ID:126,Name:MapPartitionedRDD,TaskAttempt ID:336,Partition Id:4,Stage Id:85
16/11/03 23:07:16 INFO serializeLogger: [CreationPYRE]EndAt:1478236036977,Parent RDD ID:126,Name:MapPartitionedRDD,TaskAttempt ID:336,Partition Id:4,Stage Id:85
16/11/03 23:07:16 INFO serializeLogger: [RunnerCompute]StartAt:1478236036977,Parent RDD ID:126,Name:MapPartitionedRDD,TaskAttempt ID:336,Partition Id:4,Stage Id:85
16/11/03 23:07:17 INFO serializeLogger: [writerThread]StartAt:1478236037020,Parent RDD ID:126,Name:MapPartitionedRDD,TaskAttempt ID:336,Partition Id:4,Stage Id:85
16/11/03 23:07:21 INFO serializeLogger: [RunnerCompute]EndAt:1478236041198,Parent RDD ID:126,Name:MapPartitionedRDD,TaskAttempt ID:336,Partition Id:4,Stage Id:85
16/11/03 23:07:21 INFO serializeLogger: [writerThread]EndAt:1478236041201,Parent RDD ID:126,Name:MapPartitionedRDD,TaskAttempt ID:336,Partition Id:4,Stage Id:85
16/11/03 23:07:31 INFO serializeLogger: [CreationPYRE]StartAt:1478236051613,Parent RDD ID:130,Name:UnionRDD,TaskAttempt ID:340,Partition Id:3,Stage Id:96
16/11/03 23:07:31 INFO serializeLogger: [CreationPYRE]EndAt:1478236051613,Parent RDD ID:130,Name:UnionRDD,TaskAttempt ID:340,Partition Id:3,Stage Id:96
16/11/03 23:07:31 INFO serializeLogger: [RunnerCompute]StartAt:1478236051613,Parent RDD ID:130,Name:UnionRDD,TaskAttempt ID:340,Partition Id:3,Stage Id:96
16/11/03 23:07:31 INFO serializeLogger: [CreationPYRE]StartAt:1478236051644,Parent RDD ID:130,Name:UnionRDD,TaskAttempt ID:352,Partition Id:12,Stage Id:96
16/11/03 23:07:31 INFO serializeLogger: [CreationPYRE]EndAt:1478236051660,Parent RDD ID:130,Name:UnionRDD,TaskAttempt ID:352,Partition Id:12,Stage Id:96
16/11/03 23:07:31 INFO serializeLogger: [RunnerCompute]StartAt:1478236051660,Parent RDD ID:130,Name:UnionRDD,TaskAttempt ID:352,Partition Id:12,Stage Id:96
16/11/03 23:07:31 INFO serializeLogger: [CreationPYRE]StartAt:1478236051685,Parent RDD ID:71,Name:MapPartitionedRDD,TaskAttempt ID:340,Partition Id:3,Stage Id:96
16/11/03 23:07:31 INFO serializeLogger: [CreationPYRE]EndAt:1478236051710,Parent RDD ID:71,Name:MapPartitionedRDD,TaskAttempt ID:340,Partition Id:3,Stage Id:96
16/11/03 23:07:31 INFO serializeLogger: [CreationPYRE]StartAt:1478236051718,Parent RDD ID:71,Name:MapPartitionedRDD,TaskAttempt ID:352,Partition Id:12,Stage Id:96
16/11/03 23:07:31 INFO serializeLogger: [RunnerCompute]StartAt:1478236051735,Parent RDD ID:71,Name:MapPartitionedRDD,TaskAttempt ID:340,Partition Id:3,Stage Id:96
16/11/03 23:07:31 INFO serializeLogger: [CreationPYRE]EndAt:1478236051752,Parent RDD ID:71,Name:MapPartitionedRDD,TaskAttempt ID:352,Partition Id:12,Stage Id:96
16/11/03 23:07:31 INFO serializeLogger: [RunnerCompute]StartAt:1478236051753,Parent RDD ID:71,Name:MapPartitionedRDD,TaskAttempt ID:352,Partition Id:12,Stage Id:96
16/11/03 23:07:32 INFO serializeLogger: [writerThread]StartAt:1478236052047,Parent RDD ID:71,Name:MapPartitionedRDD,TaskAttempt ID:340,Partition Id:3,Stage Id:96
16/11/03 23:07:32 INFO serializeLogger: [writerThread]StartAt:1478236052087,Parent RDD ID:71,Name:MapPartitionedRDD,TaskAttempt ID:352,Partition Id:12,Stage Id:96
16/11/03 23:07:38 INFO serializeLogger: [RunnerCompute]EndAt:1478236058076,Parent RDD ID:71,Name:MapPartitionedRDD,TaskAttempt ID:352,Partition Id:12,Stage Id:96
16/11/03 23:07:38 INFO serializeLogger: [writerThread]StartAt:1478236058095,Parent RDD ID:130,Name:UnionRDD,TaskAttempt ID:352,Partition Id:12,Stage Id:96
16/11/03 23:07:38 INFO serializeLogger: [RunnerCompute]EndAt:1478236058113,Parent RDD ID:130,Name:UnionRDD,TaskAttempt ID:352,Partition Id:12,Stage Id:96
16/11/03 23:07:38 INFO serializeLogger: [writerThread]EndAt:1478236058144,Parent RDD ID:130,Name:UnionRDD,TaskAttempt ID:352,Partition Id:12,Stage Id:96
16/11/03 23:07:38 INFO serializeLogger: [writerThread]EndAt:1478236058144,Parent RDD ID:71,Name:MapPartitionedRDD,TaskAttempt ID:352,Partition Id:12,Stage Id:96
16/11/03 23:07:52 INFO serializeLogger: [RunnerCompute]EndAt:1478236072962,Parent RDD ID:71,Name:MapPartitionedRDD,TaskAttempt ID:340,Partition Id:3,Stage Id:96
16/11/03 23:07:52 INFO serializeLogger: [writerThread]StartAt:1478236072979,Parent RDD ID:130,Name:UnionRDD,TaskAttempt ID:340,Partition Id:3,Stage Id:96
16/11/03 23:08:12 INFO serializeLogger: [RunnerCompute]EndAt:1478236092879,Parent RDD ID:130,Name:UnionRDD,TaskAttempt ID:340,Partition Id:3,Stage Id:96
16/11/03 23:08:14 INFO serializeLogger: [writerThread]EndAt:1478236094054,Parent RDD ID:130,Name:UnionRDD,TaskAttempt ID:340,Partition Id:3,Stage Id:96
16/11/03 23:08:14 INFO serializeLogger: [writerThread]EndAt:1478236094054,Parent RDD ID:71,Name:MapPartitionedRDD,TaskAttempt ID:340,Partition Id:3,Stage Id:96
16/11/03 23:09:04 INFO serializeLogger: [CreationPYRE]StartAt:1478236144360,Parent RDD ID:134,Name:MapPartitionedRDD,TaskAttempt ID:357,Partition Id:3,Stage Id:97
16/11/03 23:09:04 INFO serializeLogger: [CreationPYRE]EndAt:1478236144360,Parent RDD ID:134,Name:MapPartitionedRDD,TaskAttempt ID:357,Partition Id:3,Stage Id:97
16/11/03 23:09:04 INFO serializeLogger: [RunnerCompute]StartAt:1478236144360,Parent RDD ID:134,Name:MapPartitionedRDD,TaskAttempt ID:357,Partition Id:3,Stage Id:97
16/11/03 23:09:04 INFO serializeLogger: [writerThread]StartAt:1478236144524,Parent RDD ID:134,Name:MapPartitionedRDD,TaskAttempt ID:357,Partition Id:3,Stage Id:97
16/11/03 23:09:17 INFO serializeLogger: [RunnerCompute]EndAt:1478236157228,Parent RDD ID:134,Name:MapPartitionedRDD,TaskAttempt ID:357,Partition Id:3,Stage Id:97
16/11/03 23:09:17 INFO serializeLogger: [writerThread]EndAt:1478236157231,Parent RDD ID:134,Name:MapPartitionedRDD,TaskAttempt ID:357,Partition Id:3,Stage Id:97
t:1478235906439,Parent RDD ID:118,Name:MapPartitionedRDD,TaskAttempt ID:313,Partition Id:5,Stage Id:73
16/11/03 23:05:06 INFO serializeLogger: [CreationPYRE]EndAt:1478235906454,Parent RDD ID:118,Name:MapPartitionedRDD,TaskAttempt ID:313,Partition Id:5,Stage Id:73
16/11/03 23:05:06 INFO serializeLogger: [RunnerCompute]StartAt:1478235906454,Parent RDD ID:118,Name:MapPartitionedRDD,TaskAttempt ID:313,Partition Id:5,Stage Id:73
16/11/03 23:05:06 INFO serializeLogger: [writerThread]StartAt:1478235906611,Parent RDD ID:118,Name:MapPartitionedRDD,TaskAttempt ID:313,Partition Id:5,Stage Id:73
16/11/03 23:05:10 INFO serializeLogger: [RunnerCompute]EndAt:1478235910791,Parent RDD ID:118,Name:MapPartitionedRDD,TaskAttempt ID:313,Partition Id:5,Stage Id:73
16/11/03 23:05:10 INFO serializeLogger: [writerThread]EndAt:1478235910827,Parent RDD ID:118,Name:MapPartitionedRDD,TaskAttempt ID:313,Partition Id:5,Stage Id:73
16/11/03 23:05:32 INFO serializeLogger: [CreationPYRE]StartAt:1478235932363,Parent RDD ID:122,Name:UnionRDD,TaskAttempt ID:326,Partition Id:6,Stage Id:84
16/11/03 23:05:32 INFO serializeLogger: [CreationPYRE]EndAt:1478235932363,Parent RDD ID:122,Name:UnionRDD,TaskAttempt ID:326,Partition Id:6,Stage Id:84
16/11/03 23:05:32 INFO serializeLogger: [RunnerCompute]StartAt:1478235932363,Parent RDD ID:122,Name:UnionRDD,TaskAttempt ID:326,Partition Id:6,Stage Id:84
16/11/03 23:05:32 INFO serializeLogger: [CreationPYRE]StartAt:1478235932536,Parent RDD ID:71,Name:MapPartitionedRDD,TaskAttempt ID:326,Partition Id:6,Stage Id:84
16/11/03 23:05:32 INFO serializeLogger: [CreationPYRE]EndAt:1478235932536,Parent RDD ID:71,Name:MapPartitionedRDD,TaskAttempt ID:326,Partition Id:6,Stage Id:84
16/11/03 23:05:32 INFO serializeLogger: [RunnerCompute]StartAt:1478235932552,Parent RDD ID:71,Name:MapPartitionedRDD,TaskAttempt ID:326,Partition Id:6,Stage Id:84
16/11/03 23:05:32 INFO serializeLogger: [writerThread]StartAt:1478235932823,Parent RDD ID:71,Name:MapPartitionedRDD,TaskAttempt ID:326,Partition Id:6,Stage Id:84
16/11/03 23:05:42 INFO serializeLogger: [RunnerCompute]EndAt:1478235942491,Parent RDD ID:71,Name:MapPartitionedRDD,TaskAttempt ID:326,Partition Id:6,Stage Id:84
16/11/03 23:05:42 INFO serializeLogger: [writerThread]StartAt:1478235942533,Parent RDD ID:122,Name:UnionRDD,TaskAttempt ID:326,Partition Id:6,Stage Id:84
16/11/03 23:06:01 INFO serializeLogger: [RunnerCompute]EndAt:1478235961140,Parent RDD ID:122,Name:UnionRDD,TaskAttempt ID:326,Partition Id:6,Stage Id:84
16/11/03 23:06:02 INFO serializeLogger: [writerThread]EndAt:1478235962462,Parent RDD ID:122,Name:UnionRDD,TaskAttempt ID:326,Partition Id:6,Stage Id:84
16/11/03 23:06:02 INFO serializeLogger: [writerThread]EndAt:1478235962463,Parent RDD ID:71,Name:MapPartitionedRDD,TaskAttempt ID:326,Partition Id:6,Stage Id:84
16/11/03 23:07:16 INFO serializeLogger: [CreationPYRE]StartAt:1478236036974,Parent RDD ID:126,Name:MapPartitionedRDD,TaskAttempt ID:337,Partition Id:5,Stage Id:85
16/11/03 23:07:16 INFO serializeLogger: [CreationPYRE]EndAt:1478236036975,Parent RDD ID:126,Name:MapPartitionedRDD,TaskAttempt ID:337,Partition Id:5,Stage Id:85
16/11/03 23:07:16 INFO serializeLogger: [RunnerCompute]StartAt:1478236036975,Parent RDD ID:126,Name:MapPartitionedRDD,TaskAttempt ID:337,Partition Id:5,Stage Id:85
16/11/03 23:07:17 INFO serializeLogger: [writerThread]StartAt:1478236037034,Parent RDD ID:126,Name:MapPartitionedRDD,TaskAttempt ID:337,Partition Id:5,Stage Id:85
16/11/03 23:07:21 INFO serializeLogger: [RunnerCompute]EndAt:1478236041176,Parent RDD ID:126,Name:MapPartitionedRDD,TaskAttempt ID:337,Partition Id:5,Stage Id:85
16/11/03 23:07:21 INFO serializeLogger: [writerThread]EndAt:1478236041178,Parent RDD ID:126,Name:MapPartitionedRDD,TaskAttempt ID:337,Partition Id:5,Stage Id:85
16/11/03 23:07:31 INFO serializeLogger: [CreationPYRE]StartAt:1478236051543,Parent RDD ID:130,Name:UnionRDD,TaskAttempt ID:348,Partition Id:6,Stage Id:96
16/11/03 23:07:31 INFO serializeLogger: [CreationPYRE]EndAt:1478236051544,Parent RDD ID:130,Name:UnionRDD,TaskAttempt ID:348,Partition Id:6,Stage Id:96
16/11/03 23:07:31 INFO serializeLogger: [RunnerCompute]StartAt:1478236051544,Parent RDD ID:130,Name:UnionRDD,TaskAttempt ID:348,Partition Id:6,Stage Id:96
16/11/03 23:07:31 INFO serializeLogger: [CreationPYRE]StartAt:1478236051643,Parent RDD ID:71,Name:MapPartitionedRDD,TaskAttempt ID:348,Partition Id:6,Stage Id:96
16/11/03 23:07:31 INFO serializeLogger: [CreationPYRE]EndAt:1478236051660,Parent RDD ID:71,Name:MapPartitionedRDD,TaskAttempt ID:348,Partition Id:6,Stage Id:96
16/11/03 23:07:31 INFO serializeLogger: [RunnerCompute]StartAt:1478236051660,Parent RDD ID:71,Name:MapPartitionedRDD,TaskAttempt ID:348,Partition Id:6,Stage Id:96
16/11/03 23:07:31 INFO serializeLogger: [writerThread]StartAt:1478236051742,Parent RDD ID:71,Name:MapPartitionedRDD,TaskAttempt ID:348,Partition Id:6,Stage Id:96
16/11/03 23:07:51 INFO serializeLogger: [RunnerCompute]EndAt:1478236071445,Parent RDD ID:71,Name:MapPartitionedRDD,TaskAttempt ID:348,Partition Id:6,Stage Id:96
16/11/03 23:07:51 INFO serializeLogger: [writerThread]StartAt:1478236071465,Parent RDD ID:130,Name:UnionRDD,TaskAttempt ID:348,Partition Id:6,Stage Id:96
16/11/03 23:08:10 INFO serializeLogger: [RunnerCompute]EndAt:1478236090670,Parent RDD ID:130,Name:UnionRDD,TaskAttempt ID:348,Partition Id:6,Stage Id:96
16/11/03 23:08:12 INFO serializeLogger: [writerThread]EndAt:1478236092805,Parent RDD ID:130,Name:UnionRDD,TaskAttempt ID:348,Partition Id:6,Stage Id:96
16/11/03 23:08:12 INFO serializeLogger: [writerThread]EndAt:1478236092805,Parent RDD ID:71,Name:MapPartitionedRDD,TaskAttempt ID:348,Partition Id:6,Stage Id:96
16/11/03 23:09:04 INFO serializeLogger: [CreationPYRE]StartAt:1478236144362,Parent RDD ID:134,Name:MapPartitionedRDD,TaskAttempt ID:362,Partition Id:6,Stage Id:97
16/11/03 23:09:04 INFO serializeLogger: [CreationPYRE]EndAt:1478236144362,Parent RDD ID:134,Name:MapPartitionedRDD,TaskAttempt ID:362,Partition Id:6,Stage Id:97
16/11/03 23:09:04 INFO serializeLogger: [RunnerCompute]StartAt:1478236144362,Parent RDD ID:134,Name:MapPartitionedRDD,TaskAttempt ID:362,Partition Id:6,Stage Id:97
16/11/03 23:09:04 INFO serializeLogger: [writerThread]StartAt:1478236144528,Parent RDD ID:134,Name:MapPartitionedRDD,TaskAttempt ID:362,Partition Id:6,Stage Id:97
16/11/03 23:09:07 INFO serializeLogger: [RunnerCompute]EndAt:1478236147361,Parent RDD ID:134,Name:MapPartitionedRDD,TaskAttempt ID:362,Partition Id:6,Stage Id:97
16/11/03 23:09:07 INFO serializeLogger: [writerThread]EndAt:1478236147378,Parent RDD ID:134,Name:MapPartitionedRDD,TaskAttempt ID:362,Partition Id:6,Stage Id:97
rThread]StartAt:1478236051985,Parent RDD ID:71,Name:MapPartitionedRDD,TaskAttempt ID:351,Partition Id:11,Stage Id:96
16/11/03 23:07:38 INFO serializeLogger: [RunnerCompute]EndAt:1478236058176,Parent RDD ID:71,Name:MapPartitionedRDD,TaskAttempt ID:351,Partition Id:11,Stage Id:96
16/11/03 23:07:38 INFO serializeLogger: [writerThread]StartAt:1478236058219,Parent RDD ID:130,Name:UnionRDD,TaskAttempt ID:351,Partition Id:11,Stage Id:96
16/11/03 23:07:38 INFO serializeLogger: [RunnerCompute]EndAt:1478236058256,Parent RDD ID:130,Name:UnionRDD,TaskAttempt ID:351,Partition Id:11,Stage Id:96
16/11/03 23:07:38 INFO serializeLogger: [writerThread]EndAt:1478236058286,Parent RDD ID:130,Name:UnionRDD,TaskAttempt ID:351,Partition Id:11,Stage Id:96
16/11/03 23:07:38 INFO serializeLogger: [writerThread]EndAt:1478236058286,Parent RDD ID:71,Name:MapPartitionedRDD,TaskAttempt ID:351,Partition Id:11,Stage Id:96
16/11/03 23:09:04 INFO serializeLogger: [CreationPYRE]StartAt:1478236144460,Parent RDD ID:134,Name:MapPartitionedRDD,TaskAttempt ID:359,Partition Id:4,Stage Id:97
16/11/03 23:09:04 INFO serializeLogger: [CreationPYRE]EndAt:1478236144479,Parent RDD ID:134,Name:MapPartitionedRDD,TaskAttempt ID:359,Partition Id:4,Stage Id:97
16/11/03 23:09:04 INFO serializeLogger: [RunnerCompute]StartAt:1478236144479,Parent RDD ID:134,Name:MapPartitionedRDD,TaskAttempt ID:359,Partition Id:4,Stage Id:97
16/11/03 23:09:04 INFO serializeLogger: [writerThread]StartAt:1478236144571,Parent RDD ID:134,Name:MapPartitionedRDD,TaskAttempt ID:359,Partition Id:4,Stage Id:97
16/11/03 23:09:08 INFO serializeLogger: [RunnerCompute]EndAt:1478236148233,Parent RDD ID:134,Name:MapPartitionedRDD,TaskAttempt ID:359,Partition Id:4,Stage Id:97
16/11/03 23:09:08 INFO serializeLogger: [writerThread]EndAt:1478236148255,Parent RDD ID:134,Name:MapPartitionedRDD,TaskAttempt ID:359,Partition Id:4,Stage Id:97
ition Id:4,Stage Id:96
16/11/03 23:07:31 INFO serializeLogger: [CreationPYRE]EndAt:1478236051819,Parent RDD ID:71,Name:MapPartitionedRDD,TaskAttempt ID:346,Partition Id:4,Stage Id:96
16/11/03 23:07:31 INFO serializeLogger: [RunnerCompute]StartAt:1478236051819,Parent RDD ID:71,Name:MapPartitionedRDD,TaskAttempt ID:346,Partition Id:4,Stage Id:96
16/11/03 23:07:31 INFO serializeLogger: [CreationPYRE]StartAt:1478236051836,Parent RDD ID:71,Name:MapPartitionedRDD,TaskAttempt ID:353,Partition Id:13,Stage Id:96
16/11/03 23:07:31 INFO serializeLogger: [CreationPYRE]EndAt:1478236051836,Parent RDD ID:71,Name:MapPartitionedRDD,TaskAttempt ID:353,Partition Id:13,Stage Id:96
16/11/03 23:07:31 INFO serializeLogger: [RunnerCompute]StartAt:1478236051836,Parent RDD ID:71,Name:MapPartitionedRDD,TaskAttempt ID:353,Partition Id:13,Stage Id:96
16/11/03 23:07:32 INFO serializeLogger: [writerThread]StartAt:1478236052054,Parent RDD ID:71,Name:MapPartitionedRDD,TaskAttempt ID:346,Partition Id:4,Stage Id:96
16/11/03 23:07:32 INFO serializeLogger: [writerThread]StartAt:1478236052102,Parent RDD ID:71,Name:MapPartitionedRDD,TaskAttempt ID:353,Partition Id:13,Stage Id:96
16/11/03 23:07:37 INFO serializeLogger: [RunnerCompute]EndAt:1478236057120,Parent RDD ID:71,Name:MapPartitionedRDD,TaskAttempt ID:353,Partition Id:13,Stage Id:96
16/11/03 23:07:37 INFO serializeLogger: [writerThread]StartAt:1478236057139,Parent RDD ID:130,Name:UnionRDD,TaskAttempt ID:353,Partition Id:13,Stage Id:96
16/11/03 23:07:37 INFO serializeLogger: [RunnerCompute]EndAt:1478236057177,Parent RDD ID:130,Name:UnionRDD,TaskAttempt ID:353,Partition Id:13,Stage Id:96
16/11/03 23:07:37 INFO serializeLogger: [writerThread]EndAt:1478236057208,Parent RDD ID:130,Name:UnionRDD,TaskAttempt ID:353,Partition Id:13,Stage Id:96
16/11/03 23:07:37 INFO serializeLogger: [writerThread]EndAt:1478236057208,Parent RDD ID:71,Name:MapPartitionedRDD,TaskAttempt ID:353,Partition Id:13,Stage Id:96
16/11/03 23:07:52 INFO serializeLogger: [RunnerCompute]EndAt:1478236072653,Parent RDD ID:71,Name:MapPartitionedRDD,TaskAttempt ID:346,Partition Id:4,Stage Id:96
16/11/03 23:07:52 INFO serializeLogger: [writerThread]StartAt:1478236072672,Parent RDD ID:130,Name:UnionRDD,TaskAttempt ID:346,Partition Id:4,Stage Id:96
16/11/03 23:08:11 INFO serializeLogger: [RunnerCompute]EndAt:1478236091124,Parent RDD ID:130,Name:UnionRDD,TaskAttempt ID:346,Partition Id:4,Stage Id:96
16/11/03 23:08:13 INFO serializeLogger: [writerThread]EndAt:1478236093884,Parent RDD ID:130,Name:UnionRDD,TaskAttempt ID:346,Partition Id:4,Stage Id:96
16/11/03 23:08:13 INFO serializeLogger: [writerThread]EndAt:1478236093885,Parent RDD ID:71,Name:MapPartitionedRDD,TaskAttempt ID:346,Partition Id:4,Stage Id:96
