16/11/03 22:46:36 INFO myLogger: [UnionRDD]StartAt:34425564215740,TaskAttempt ID:97,Partition Id:1,Stage Id:7
16/11/03 22:46:36 INFO myLogger: [MapPartitionsRDD]StartAt:34425565612235,TaskAttempt ID:97,Partition Id:1,Stage Id:7
16/11/16/11/03 22:50:37 INFO myLogger: [UnionRDD]StartAt:34207614007828,TaskAttempt ID:144,Partition Id:15,Stage Id:10
16/11/03 22:50:37 INFO myLogger: [MapPartitionsRDD]StartAt:34207631440331,TaskAttempt ID:144,Partition Id:15,Stage Id:10
16/11/03 22:50:37 INFO myLogger: [ShuffledRDD]StartAt:34207632315462,TaskAttempt ID:144,Partition Id:15,Stage Id:10
16/11/03 22:50:37 INFO myLogger: [ShuffledRDD]EndAt:34207829551329,TaskAttempt ID:144,Partit16/11/03 22:55:46 INFO myLogger: [UnionRDD]StartAt:34975109013594,TaskAttempt ID:197,Partition Id:1,Stage Id:24
16/11/03 22:55:46 INFO myLogger: [MapPartitionsRDD]StartAt:34975135441718,TaskAttempt ID:197,Partition Id:1,Stage Id:24
16/11/03 22:55:46 INFO myLogger: [ShuffledRDD]StartAt:34975217198459,TaskAttempt ID:197,Partition Id:1,Stage Id:24
16/11/03 22:55:46 INFO myLogger: [ShuffledRDD]EndAt:34975371733408,TaskAttempt ID:197,Partition Id:1,Stage Id:24
16/11/03 22:55:46 INFO myLogger: [MapPartitionsRDD]EndAt:34975434502419,TaskAttempt ID:197,Partition Id:1,Stage Id:24
16/11/03 22:57:02 INFO myLogger: [UnionRDD]EndAt:35050779739447,TaskAttempt ID:197,Partition Id:1,Stage Id:24
16/11/03 22:57:45 INFO myLogger: [UnionRDD]StartAt:35094077467619,TaskAttempt ID:226,Partition Id:9,Stage Id:36
16/11/03 22:57:45 INFO myLogger: [MapPartitionsRDD]StartAt:35094117549917,TaskAttempt ID:226,Partition Id:9,Stage Id:36
16/11/03 22:57:45 IN16/11/03 22:57:22 INFO myLogger: [MapPartitionsRDD]StartAt:34612372891086,TaskAttempt ID:213,Partition Id:7,Stage Id:25
16/11/03 22:57:22 INFO myLogger: [ShuffledRDD]StartAt:34612373330250,TaskAttempt ID:213,16/11/03 22:57:45 INFO myLogger: [MapPartitionsRDD]EndAt:35094328840225,TaskAttempt ID:226,Partition Id:9,Stage Id:36
16/11/03 22:59:03 INFO myLogger: [UnionRDD]EndAt:35172498120580,TaskAttempt ID:226,Partition Id:9,Stage Id:36
16/11/03 22:59:46 INFO myLogge16/11/03 23:03:33 INFO myLogger: [UnionRDD]StartAt:34983982856857,TaskAttempt ID:295,Partition Id:7,Stage Id:72
16/11/03 23:03:33 INFO myLogger: [MapPartitionsRDD]StartAt:34983984346639,TaskAttempt ID:295,Partition Id:7,Stage Id:72
16/11/03 23:03:33 INFO myLogger: [ShuffledRDD]StartAt:34983984816689,TaskAttempt ID:295,Partition Id:7,Stage Id:72
16/11/03 23:03:33 INFO myLogger: [ShuffledRDD]EndAt:34984028994510,TaskAttempt ID:295,Partition Id:7,Stage Id:72
16/11/03 23:03:33 INFO myLogger: [MapPartitionsRDD]EndAt:34984029890147,TaskAttempt ID:295,Partition Id:7,Stage Id:72
16/11/03 23:03:44 INFO myLogger: [UnionRDD]EndAt:34994651393069,TaskAttempt ID:295,Partition Id:7,Stage Id:72
16/11/03 23:05:06 INFO myLogger: [MapPartitionsRDD]StartAt:35076753941362,TaskAttempt ID:312,Partition Id:7,Stage Id:73
16/11/03 23:05:06 INFO myLogger: [ShuffledRDD]StartAt:35076754334170,TaskAttempt ID:312,Partition Id:7,Stage Id:73
16/11/03 23:05:06 INFO myLogger: [ShuffledRDD]EndAt:35076790903733,TaskAttempt ID:312,Partition Id:7,Stage Id:73
16/11/03 23:05:06 INFO myLogger: [MapPartitionsRDD]EndAt:35076791747495,TaskAttempt ID:312,Partition Id:7,16/11/03 23:07:31 INFO myLogger: [UnionRDD]StartAt:35680134634541,TaskAttempt ID:342,Partition Id:1,Stage Id:96
16/11/03 23:07:31 INFO myLogger: [MapPartitionsRDD]StartAt:35680136626669,TaskAttempt ID:342,Partition Id:1,Stage Id:96
16/11/03 23:07:31 INFO myLogger: [ShuffledRDD]StartAt:35680137313820,TaskAttempt ID:342,Partition Id:1,Stage Id:96
16/11/03 23:07:31 INFO myLogger: [ShuffledRDD]EndAt:35680174615714,TaskAttempt ID:342,Partition Id:1,Stage Id:96
16/11/03 23:07:31 INFO myLogger: [MapPartitionsRDD]EndAt:35680175087968,TaskAttempt ID:342,Partition Id:1,Stage Id:96
16/11/03 23:08:44 INFO myLogger: [UnionRDD]EndAt:35753106893426,TaskAttempt ID:342,Partition Id:1,Stage Id:96
16/11/03 23:09:04 INFO myLogger: [MapPartitionsRDD]StartAt:35773043704705,TaskAttempt ID:355,Partition Id:1,Stage Id:97
16/11/03 23:09:04 INFO myLogger: [ShuffledRDD]StartAt:35773044221993,TaskAttempt ID:355,Partition Id:1,Stage Id:97
16/11/03 23:09:04 INFO myLogger: [ShuffledRDD]EndAt:35773148523974,TaskAttempt ID:355,Partition Id:1,Stage Id:97
16/11/03 23:09:04 INFO myLogger: [MapPartitionsRDD]EndAt:35773162243259,TaskAttempt ID:355,Partition Id:1,Stage Id:97
gger: [ShuffledRDD]EndAt:35665726717462,TaskAttempt ID:332,Partition Id:1,Stage Id:85
16/11/03 23:07:17 INFO myLogger: [MapPartitionsRDD]EndAt:35665727254060,TaskAttempt ID:332,Partition Id:1,Stage Id:85
16/11/03 23:07:31 INFO myLogger: [UnionRDD]StartAt:35680134392746,TaskAttempt ID:345,Partition Id:9,Stage Id:96
16/11/03 23:07:31 INFO myLogger: [MapPartitionsRDD]StartAt:35680136614746,TaskAttempt ID:345,Partition Id:9,Stage Id:96
16/11/03 23:07:31 INFO myLogger: [ShuffledRDD]StartAt:35680137337181,TaskAttempt ID:345,Partition Id:9,Stage Id:96
16/11/03 23:07:31 INFO myLogger: [ShuffledRDD]EndAt:35680166656587,TaskAttempt ID:345,Partition Id:9,Stage Id:96
16/11/03 23:07:31 INFO myLogger: [MapPartitionsRDD]EndAt:35680167463460,TaskAttempt ID:345,Partition Id:9,Stage Id:96
16/11/03 23:08:39 INFO myLogger: [UnionRDD]EndAt:35747862346661,TaskAttempt ID:345,Partition Id:9,Stage Id:96
03 23:07:31 INFO myLogger: [UnionRDD]StartAt:35221715143561,TaskAttempt ID:339,Partition Id:7,Stage Id:96
16/11/03 23:07:31 INFO myLogger: [MapPartitionsRDD]StartAt:35221770554663,TaskAttempt ID:339,Partition Id:7,Stage Id:96
16/11/03 23:07:31 INFO myLogger: [ShuffledRDD]StartAt:35221795516303,TaskAttempt ID:339,Partition Id:7,Stage Id:96
16/11/03 23:07:31 INFO myLogger: [ShuffledRDD]EndAt:35221833717624,TaskAttempt ID:339,Partition Id:7,Stage Id:96
16/11/03 23:07:31 INFO myLogger: [MapParti16/11/03 23:09:04 INFO myLogger: [MapPartitionsRDD]StartAt:35314674212423,TaskAttempt ID:356,Partition Id:7,Stage Id:97
16/11/03 23:09:04 INFO myLogger: [ShuffledRDD]StartAt:35314674624882,TaskAttempt ID:356,Partition Id:7,Stage Id:97
16/11/03 23:09:04 INFO myLogger: [ShuffledRDD]EndAt:35314702163085,TaskAttempt ID:356,Partition Id:7,Stage Id:97
16/11/03 23:09:04 INFO myLogger: [MapPartitionsRDD]EndAt:35314702593553,TaskAttempt ID:356,Partition Id:7,Stage Id:97
262,TaskAttempt ID:333,Partition Id:7,Stage Id:85
16/11/03 23:07:16 INFO myLogger: [ShuffledRDD]StartAt:35207287404031,TaskAttempt ID:333,Partition Id:7,Stage Id:85
16/11/03 23:07:17 INFO myLogger: [ShuffledRDD]EndAt:35207334481811,TaskAttempt ID:333,Partition Id:7,Stage Id:85
16/11/03 23:07:17 INFO myLogger: [MapPartitionsRDD]EndAt:35207335210817,TaskAttempt ID:333,Partition Id:7,Stage Id:85
16/11/03 23:07:31 INFO myLogger: [UnionRDD]StartAt:35221640039676,TaskAttempt ID:343,Partition Id:15,Stage Id:96
16/11/03 23:07:31 INFO myLogger: [MapPartitionsRDD]StartAt:35221640986740,TaskAttempt ID:343,Partition Id:15,Stage Id:96
16/11/03 23:07:31 INFO myLogger: [ShuffledRDD]StartAt:35221641306732,TaskAttempt ID:343,Partition Id:15,Stage Id:96
16/11/03 23:07:31 INFO myLogger: [ShuffledRDD]EndAt:35221660254879,TaskAttempt ID:343,Partition Id:15,Stage Id:96
16/11/03 23:07:31 INFO myLogger: [MapPartitionsRDD]EndAt:35221660854616,TaskAttempt ID:343,Partition Id:15,Stage Id:96
16/11/03 23:07:45 INFO myLogger: [UnionRDD]EndAt:35235596844074,TaskAttempt ID:343,Partition Id:15,Stage Id:96
 23:01:45 INFO myLogger: [ShuffledRDD]StartAt:35328497236017,TaskAttempt ID:272,Partition Id:8,Stage Id:60
16/11/03 23:01:45 INFO myLogger: [ShuffledRDD]EndAt:35328577920843,TaskAttempt ID:272,Partition Id:8,Stage Id:60
16/11/03 23:01:45 INFO myLogger: [MapPartitionsRDD]EndAt:35328581134240,TaskAttempt ID:272,Partition Id:8,Stage Id:60
16/11/03 23:01:49 INFO myLogger: [UnionRDD]EndAt:35332643891442,TaskAttempt ID:272,Partition Id:8,Stage Id:60
16/11/03 23:03:34 INFO myLogger: [UnionRDD]StartAt:35436834659894,TaskAttempt ID:294,Partition Id:0,Stage Id:72
16/11/03 23:03:34 INFO myLogger: [MapPartitionsRDD]StartAt:35437051693408,TaskAttempt ID:294,Partition Id:0,Stage Id:716/11/03 23:05:32 INFO myLogger: [UnionRDD]StartAt:35555108643339,TaskAttempt ID:321,Partition Id:2,Stage Id:84
16/11/03 23:05:32 INFO myLogger: [MapPartitionsRDD]StartAt:35555183467164,TaskAttempt ID:321,Partition Id:2,Stage Id:84
16/11/03 23:05:32 INFO myLogger: [ShuffledRDD]StartAt:35555264405324,TaskAttempt ID:321,Partition Id:2,Stage Id:84
16/11/03 23:05:32 INFO myLogger: [ShuffledRDD]EndAt:35555358804376,TaskAttempt ID:321,Partition Id:2,Stage Id:84
16/11/03 23:05:32 INFO myLogger: [MapPartitionsRDD]EndAt:35555434188297,TaskAttempt ID:321,Partition Id:2,Stage Id:84
16/11/03 23:05:43 INFO myLogger: [UnionRDD]EndAt:35566003429578,TaskAttempt ID:321,Partition Id:2,Stage Id:84
16/11/03 23:07:31 INFO myLogger: [UnionRDD]StartAt:35674447351770,TaskAttempt ID:344,Partition Id:2,Stage Id:96
16/11/03 23:07:31 INFO myLogger: [MapPartitionsRDD]StartAt:35674464836698,TaskAttempt ID:344,Partition Id:2,Stage Id:96
16/11/03 23:07:31 INFO myLogger: [ShuffledRDD]StartAt:35674465401936,TaskAttempt ID:344,Partition Id:2,Stage Id:96
16/11/03 23:07:31 INFO myLogger: [ShuffledRDD]EndAt:35674496244783,TaskAttempt ID:344,Partition Id:2,Stage Id:96
16/11/03 23:07:31 INFO myLogger: [MapPartitionsRDD]EndAt:35674496861854,TaskAttempt ID:344,Partition Id:2,Stage Id:96
16/11/03 23:07:41 INFO myLogger: [UnionRDD]EndAt:35684632401005,TaskAttempt ID:344,Partition Id:2,Stage Id:96
e Id:96
16/11/03 23:07:31 INFO myLogger: [MapPartitionsRDD]EndAt:35674388977275,TaskAttempt ID:349,Partition Id:8,Stage Id:96
16/11/03 23:07:35 INFO myLogger: [UnionRDD]EndAt:35677914551485,TaskAttempt ID:349,Partition Id:8,Stage Id:96
16/11/03 23:09:04 INFO myLogger: [MapPartitionsRDD]StartAt:35767178465595,TaskAttempt ID:358,Partition Id:0,Stage Id:97
16/11/03 23:09:04 INFO myLogger: [ShuffledRDD]StartAt:35767178906501,TaskAttempt ID:358,Partition Id:0,Stage Id:97
16/11/03 23:09:04 INFO myLogger: [ShuffledRDD]EndAt:35767221422561,TaskAttempt ID:358,Partition Id:0,Stage Id:97
16/11/03 23:09:04 INFO myLogger: [MapPartitionsRDD]EndAt:35767222125112,TaskAttempt ID:358,Partition Id:0,Stage Id:97
Stage Id:84
16/11/03 23:03:34 INFO myLogger: [ShuffledRDD]StartAt:35437068427959,TaskAttempt ID:302,Partition Id:8,Stage Id:72
16/11/03 23:03:34 INFO myLogger: [ShuffledRDD]EndAt:35437116578461,TaskAttempt ID:302,Partition Id:8,Stage Id:72
16/11/03 23:03:34 INFO myLogger: [MapPartitionsRDD]EndAt:35437194775299,TaskAttempt ID:302,Partition Id:8,Stage Id:72
16/11/03 23:03:47 INFO myLogger: [UnionRDD]EndAt:35450646349388,TaskAttempt ID:302,Partition Id:8,Stage Id:72
16/11/03 23:05:32 INFO myLogger: [UnionRDD]StartAt:35555066559903,TaskAttempt ID:324,Partition Id:10,Stage Id:84
16/11/03 23:05:32 INFO myLogger: [MapPartitionsRDD]StartAt:35555158473170,TaskAttempt ID:324,Partition Id:10,Stage Id:84
16/11/03 23:05:32 INFO myLogger: [ShuffledRDD]StartAt:35555230687239,TaskAttempt ID:324,Partition Id:10,Stage Id:84
16/11/03 23:05:32 INFO myLogger: [ShuffledRDD]EndAt:35555292586844,TaskAttempt ID:324,Partition Id:10,Stage Id:84
16/11/03 23:05:32 INFO myLogger: [MapPartitionsRDD]EndAt:35555381066096,TaskAttempt ID:324,Partition Id:10,Stage Id:84
16/11/03 23:05:37 INFO myLogger: [UnionRDD]EndAt:35559924963608,TaskAttempt ID:324,Partition Id:10,Stage Id:84
16/11/03 23:07:16 INFO myLogger: [MapPartitionsRDD]StartAt:35659790050529,TaskAttempt ID:331,Partition Id:0,Stage Id:85
16/11/03 23:07:16 INFO myLogger: [ShuffledRDD]StartAt:35659806518207,TaskAttempt ID:331,Partition Id:0,Stage Id:85
16/11/03 23:07:17 INFO myLogger: [ShuffledRDD]EndAt:35659843107673,TaskAttempt ID:331,Partition Id:0,Stage Id:85
16/11/03 23:07:17 INFO myLogger: [MapPartitionsRDD]EndAt:35659853288541,TaskAttempt ID:331,Partition Id:0,Stage Id:85
16/11/03 23:07:31 INFO myLogger: [UnionRDD]StartAt:35674153395501,TaskAttempt ID:350,Partition Id:10,Stage Id:96
16/11/03 23:07:31 INFO myLogger: [MapPartitionsRDD]StartAt:35674154428476,TaskAttempt ID:350,Partition Id:10,Stage Id:96
16/11/03 23:07:31 INFO myLogger: [ShuffledRDD]StartAt:35674154815285,TaskAttempt ID:350,Partition Id:10,Stage Id:96
16/11/03 23:07:31 INFO myLogger: [ShuffledRDD]EndAt:35674175476429,TaskAttempt ID:350,Partition Id:10,Stage Id:96
16/11/03 23:07:31 INFO myLogger: [MapPartitionsRDD]EndAt:35674221924666,TaskAttempt ID:350,Partition Id:10,Stage Id:96
16/11/03 23:07:45 INFO myLogger: [UnionRDD]EndAt:35688516643457,TaskAttempt ID:350,Partition Id:10,Stage Id:96
FO myLogger: [UnionRDD]StartAt:35674150838930,TaskAttempt ID:341,Partition Id:0,Stage Id:96
16/11/03 23:07:31 INFO myLogger: [MapPartitionsRDD]StartAt:35674152698735,TaskAttempt ID:341,Partition Id:0,Stage Id:96
16/11/03 23:07:31 INFO myLogger: [ShuffledRDD]StartAt:35674153050917,TaskAttempt ID:341,Partition Id:0,Stage Id:96
16/11/03 23:07:31 INFO myLogger: [ShuffledRDD]EndAt:35674180912144,TaskAttempt ID:341,Partition Id:0,Stage Id:96
16/11/03 23:07:31 INFO myLogger: [MapPartitionsRDD]EndAt:35674222027713,TaskAttempt ID:341,Partition Id:0,Stage Id:96
16/11/03 23:07:51 INFO myLogger: [UnionRDD]EndAt:35694545173493,TaskAttempt ID:341,Partition Id:0,Stage Id:96
16/11/03 23:09:04 INFO myLogger: [MapPartitionsRDD]StartAt:35767175477568,TaskAttempt ID:361,Partition Id:2,Stage Id:97
16/11/03 23:09:04 INFO myLogger: [ShuffledRDD]StartAt:35767175819781,TaskAttempt ID:361,Partition Id:2,Stage Id:97
16/11/03 23:09:04 INFO myLogger: [ShuffledRDD]EndAt:35767208139893,TaskAttempt ID:361,Partition Id:2,Stage Id:97
16/11/03 23:09:04 INFO myLogger: [MapPartitionsRDD]EndAt:35767208865086,TaskAttempt ID:361,Partition Id:2,Stage Id:97
n Id:12,Stage Id:72
16/11/03 23:03:34 INFO myLogger: [ShuffledRDD]StartAt:35435364384125,TaskAttempt ID:293,Partition Id:3,Stage Id:72
16/11/03 23:03:34 INFO myLogger: [ShuffledRDD]StartAt:35435367773240,TaskAttempt ID:304,Partition Id:12,Stage Id:72
16/11/03 23:03:34 INFO myLogger: [ShuffledRDD]EndAt:35435389203902,TaskAttempt ID:304,Partition Id:12,Stage Id:72
16/11/03 23:03:34 INFO myLogger: [ShuffledRDD]EndAt:35435398366877,TaskAttempt ID:293,Partition Id:3,Stage Id:72
16/11/03 23:03:34 INFO myLogger: [MapPartitionsRDD]EndAt:35435447881731,TaskAttempt ID:304,Partition Id:12,Stage Id:72
16/11/03 23:03:34 INFO myLogger: [MapPartitionsRDD]EndAt:35435481363743,TaskAttempt ID:293,Partition Id:3,Stage Id:72
16/11/03 23:03:48 INFO myLogger: [UnionRDD]EndAt:35449275461579,TaskAttempt ID:293,Partition Id:3,Stage Id:72
16/11/03 23:03:50 INFO myLogger: [UnionRDD]EndAt:35451364297426,TaskAttempt ID:304,Partition Id:12,Stage Id:72
16/11/03 23:05:06 INFO myLogger: [MapPartitionsRDD]StartAt:35527577439035,TaskAttempt ID:310,Partition Id:4,Stage Id:73
16/11/03 23:05:06 INFO myLogger: [ShuffledRDD]StartAt:35527586459271,TaskAttempt ID:310,Partition Id:4,Stage Id:73
16/11/03 23:05:06 INFO myLogger: [ShuffledRDD]EndAt:35527660872536,TaskAttempt ID:310,Partition Id:4,Stage Id:73
16/11/03 23:05:06 INFO myLogger: [MapPartitionsRDD]EndAt:35527725027293,TaskAttempt ID:310,Partition Id:4,Stage Id:73
16/11/03 23:05:32 INFO myLogger: [UnionRDD]StartAt:35553550395246,TaskAttempt ID:327,Partition Id:11,Stage Id:84
16/11/03 23:05:32 INFO myLogger: [MapPartitionsRDD]StartAt:35553667504452,TaskAttempt ID:327,Partition Id:11,Stage Id:84
16/11/03 23:05:32 INFO myLogger: [ShuffledRDD]StartAt:35553762602152,TaskAttempt ID:327,Partition Id:11,Stage Id:84
16/11/03 23:05:32 INFO myLogger: [ShuffledRDD]EndAt:35553792895002,TaskAttempt ID:327,Partition Id:11,Stage Id:84
16/11/03 23:05:32 INFO myLogger: [MapPartitionsRDD]EndAt:35553829327826,TaskAttempt ID:327,Partition Id:11,Stage Id:84
16/11/03 23:05:48 INFO myLogger: [UnionRDD]EndAt:35569808787511,TaskAttempt ID:327,Partition Id:11,Stage Id:84
16/11/03 23:07:16 INFO myLogger: [MapPartitionsRDD]StartAt:35658097620230,TaskAttempt ID:335,Partition Id:3,Stage Id:85
16/11/03 23:07:17 INFO myLogger: [ShuffledRDD]StartAt:35658118335476,TaskAttempt ID:335,Partition Id:3,Stage Id:85
16/11/03 23:07:17 INFO myLogger: [ShuffledRDD]EndAt:35658148543921,TaskAttempt ID:335,Partition Id:3,Stage Id:85
16/11/03 23:07:17 INFO myLogger: [MapPartitionsRDD]EndAt:35658149015745,TaskAttempt ID:335,Partition Id:3,Stage Id:85
16/11/03 23:07:31 INFO myLogger: [UnionRDD]StartAt:35672775280416,TaskAttempt ID:354,Partition Id:14,Stage Id:96
16/11/03 23:07:31 INFO myLogger: [UnionRDD]StartAt:35672782844646,TaskAttempt ID:347,Partition Id:5,Stage Id:96
16/11/03 23:07:31 INFO myLogger: [MapPartitionsRDD]StartAt:35672905439263,TaskAttempt ID:347,Partition Id:5,Stage Id:96
16/11/03 23:07:31 INFO myLogger: [MapPartitionsRDD]StartAt:35672905719949,TaskAttempt ID:354,Partition Id:14,Stage Id:96
16/11/03 23:07:31 INFO myLogger: [ShuffledRDD]StartAt:35672941745953,TaskAttempt ID:347,Partition Id:5,Stage Id:96
16/11/03 23:07:31 INFO myLogger: [ShuffledRDD]StartAt:35672993545500,TaskAttempt ID:354,Partition Id:14,Stage Id:96
16/11/03 23:07:31 INFO myLogger: [ShuffledRDD]EndAt:35673060127528,TaskAttempt ID:347,Partition Id:5,Stage Id:96
16/11/03 23:07:32 INFO myLogger: [ShuffledRDD]EndAt:35673115826175,TaskAttempt ID:354,Partition Id:14,Stage Id:96
16/11/03 23:07:32 INFO myLogger: [MapPartitionsRDD]EndAt:35673134908292,TaskAttempt ID:347,Partition Id:5,Stage Id:96
16/11/03 23:07:32 INFO myLogger: [MapPartitionsRDD]EndAt:35673151457979,TaskAttempt ID:354,Partition Id:14,Stage Id:96
16/11/03 23:07:37 INFO myLogger: [UnionRDD]EndAt:35678436406266,TaskAttempt ID:354,Partition Id:14,Stage Id:96
16/11/03 23:07:52 INFO myLogger: [UnionRDD]EndAt:35693883866321,TaskAttempt ID:347,Partition Id:5,Stage Id:96
16/11/03 23:09:04 INFO myLogger: [MapPartitionsRDD]StartAt:35765474734149,TaskAttempt ID:360,Partition Id:5,Stage Id:97
16/11/03 23:09:04 INFO myLogger: [ShuffledRDD]StartAt:35765475117800,TaskAttempt ID:360,Partition Id:5,Stage Id:97
16/11/03 23:09:04 INFO myLogger: [ShuffledRDD]EndAt:35765508355225,TaskAttempt ID:360,Partition Id:5,Stage Id:97
16/11/03 23:09:04 INFO myLogger: [MapPartitionsRDD]EndAt:35765579226249,TaskAttempt ID:360,Partition Id:5,Stage Id:97
DD]StartAt:35658092579356,TaskAttempt ID:336,Partition Id:4,Stage Id:85
16/11/03 23:07:16 INFO myLogger: [ShuffledRDD]StartAt:35658092911123,TaskAttempt ID:336,Partition Id:4,Stage Id:85
16/11/03 23:07:17 INFO myLogger: [ShuffledRDD]EndAt:35658125533936,TaskAttempt ID:336,Partition Id:4,Stage Id:85
16/11/03 23:07:17 INFO myLogger: [MapPartitionsRDD]EndAt:35658130923233,TaskAttempt ID:336,Partition Id:4,Stage Id:85
16/11/03 23:07:31 INFO myLogger: [UnionRDD]StartAt:35672775352246,TaskAttempt ID:340,Partition Id:3,Stage Id:96
16/11/03 23:07:31 INFO myLogger: [UnionRDD]StartAt:35672816421789,TaskAttempt ID:352,Partition Id:12,Stage Id:96
16/11/03 23:07:31 INFO myLogger: [MapPartitionsRDD]StartAt:35672905407218,TaskAttempt ID:340,Partition Id:3,Stage Id:96
16/11/03 23:07:31 INFO myLogger: [MapPartitionsRDD]StartAt:35672905538505,TaskAttempt ID:352,Partition Id:12,Stage Id:96
16/11/03 23:07:31 INFO myLogger: [ShuffledRDD]StartAt:35672950806933,TaskAttempt ID:340,Partition Id:3,Stage Id:96
16/11/03 23:07:31 INFO myLogger: [ShuffledRDD]StartAt:35673007003070,TaskAttempt ID:352,Partition Id:12,Stage Id:96
16/11/03 23:07:31 INFO myLogger: [ShuffledRDD]EndAt:35673064272779,TaskAttempt ID:340,Partition Id:3,Stage Id:96
16/11/03 23:07:32 INFO myLogger: [MapPartitionsRDD]EndAt:35673142116991,TaskAttempt ID:340,Partition Id:3,Stage Id:96
16/11/03 23:07:32 INFO myLogger: [ShuffledRDD]EndAt:35673140861615,TaskAttempt ID:352,Partition Id:12,Stage Id:96
16/11/03 23:07:32 INFO myLogger: [MapPartitionsRDD]EndAt:35673175729878,TaskAttempt ID:352,Partition Id:12,Stage Id:96
16/11/03 23:07:38 INFO myLogger: [UnionRDD]EndAt:35679191989555,TaskAttempt ID:352,Partition Id:12,Stage Id:96
16/11/03 23:07:52 INFO myLogger: [UnionRDD]EndAt:35694077680841,TaskAttempt ID:340,Partition Id:3,Stage Id:96
16/11/03 23:09:04 INFO myLogger: [MapPartitionsRDD]StartAt:35765475729954,TaskAttempt ID:357,Partition Id:3,Stage Id:97
16/11/03 23:09:04 INFO myLogger: [ShuffledRDD]StartAt:35765566890033,TaskAttempt ID:357,Partition Id:3,Stage Id:97
16/11/03 23:09:04 INFO myLogger: [ShuffledRDD]EndAt:35765613430155,TaskAttempt ID:357,Partition Id:3,Stage Id:97
16/11/03 23:09:04 INFO myLogger: [MapPartitionsRDD]EndAt:35765629418158,TaskAttempt ID:357,Partition Id:3,Stage Id:97
3:05:32 INFO myLogger: [ShuffledRDD]StartAt:35553812838129,TaskAttempt ID:326,Partition Id:6,Stage Id:84
16/11/03 23:05:32 INFO myLogger: [ShuffledRDD]EndAt:35553835779902,TaskAttempt ID:326,Partition Id:6,Stage Id:84
16/11/03 23:05:32 INFO myLogger: [MapPartitionsRDD]EndAt:35553903623633,TaskAttempt ID:326,Partition Id:6,Stage Id:84
16/11/03 23:05:42 INFO myLogger: [UnionRDD]EndAt:35563627518075,TaskAttempt ID:326,Partition Id:6,Stage Id:84
16/11/03 23:07:16 INFO myLogger: [MapPartitionsRDD]StartAt:35658090515437,TaskAttempt ID:337,Partition Id:5,Stage Id:85
16/11/03 23:07:16 INFO myLogger: [ShuffledRDD]StartAt:35658091076620,TaskAttempt ID:337,Partition Id:5,Stage Id:85
16/11/03 23:07:17 INFO myLogger: [ShuffledRDD]EndAt:35658121984627,TaskAttempt ID:337,Partition Id:5,Stage Id:85
16/11/03 23:07:17 INFO myLogger: [MapPartitionsRDD]EndAt:35658130524269,TaskAttempt ID:337,Partition Id:5,Stage Id:85
16/11/03 23:07:31 INFO myLogger: [UnionRDD]StartAt:35672691697169,TaskAttempt ID:348,Partition Id:6,Stage Id:96
16/11/03 23:07:31 INFO myLogger: [MapPartitionsRDD]StartAt:35672816185239,TaskAttempt ID:348,Partition Id:6,Stage Id:96
16/11/03 23:07:31 INFO myLogger: [ShuffledRDD]StartAt:35672833330351,TaskAttempt ID:348,Partition Id:6,Stage Id:96
16/11/03 23:07:31 INFO myLogger: [ShuffledRDD]EndAt:35672855646134,TaskAttempt ID:348,Partition Id:6,Stage Id:96
16/11/03 23:07:31 INFO myLogger: [MapPartitionsRDD]EndAt:35672856038304,TaskAttempt ID:348,Partition Id:6,Stage Id:96
16/11/03 23:07:51 INFO myLogger: [UnionRDD]EndAt:35692561633832,TaskAttempt ID:348,Partition Id:6,Stage Id:96
16/11/03 23:09:04 INFO myLogger: [MapPartitionsRDD]StartAt:35765566990267,TaskAttempt ID:362,Partition Id:6,Stage Id:97
16/11/03 23:09:04 INFO myLogger: [ShuffledRDD]StartAt:35765601773508,TaskAttempt ID:362,Partition Id:6,Stage Id:97
16/11/03 23:09:04 INFO myLogger: [ShuffledRDD]EndAt:35765623889533,TaskAttempt ID:362,Partition Id:6,Stage Id:97
16/11/03 23:09:04 INFO myLogger: [MapPartitionsRDD]EndAt:35765641476591,TaskAttempt ID:362,Partition Id:6,Stage Id:97
16/11/03 23:07:31 INFO myLogger: [ShuffledRDD]StartAt:35672933674273,TaskAttempt ID:351,Partition Id:11,Stage Id:96
16/11/03 23:07:31 INFO myLogger: [ShuffledRDD]EndAt:35672989604977,TaskAttempt ID:351,Partition Id:11,Stage Id:96
16/11/03 23:07:31 INFO myLogger: [MapPartitionsRDD]EndAt:35673025282100,TaskAttempt ID:351,Partition Id:11,Stage Id:96
16/11/03 23:07:38 INFO myLogger: [UnionRDD]EndAt:35679307828703,TaskAttempt ID:351,Partition Id:11,Stage Id:96
16/11/03 23:09:04 INFO myLogger: [MapPartitionsRDD]StartAt:35765610406822,TaskAttempt ID:359,Partition Id:4,Stage Id:97
16/11/03 23:09:04 INFO myLogger: [ShuffledRDD]StartAt:35765617294656,TaskAttempt ID:359,Partition Id:4,Stage Id:97
16/11/03 23:09:04 INFO myLogger: [ShuffledRDD]EndAt:35765659166409,TaskAttempt ID:359,Partition Id:4,Stage Id:97
16/11/03 23:09:04 INFO myLogger: [MapPartitionsRDD]EndAt:35765666804986,TaskAttempt ID:359,Partition Id:4,Stage Id:97
[MapPartitionsRDD]StartAt:35672934789203,TaskAttempt ID:346,Partition Id:4,Stage Id:96
16/11/03 23:07:31 INFO myLogger: [MapPartitionsRDD]StartAt:35672951973277,TaskAttempt ID:353,Partition Id:13,Stage Id:96
16/11/03 23:07:31 INFO myLogger: [ShuffledRDD]StartAt:35673016380308,TaskAttempt ID:346,Partition Id:4,Stage Id:96
16/11/03 23:07:31 INFO myLogger: [ShuffledRDD]StartAt:35673061694481,TaskAttempt ID:353,Partition Id:13,Stage Id:96
16/11/03 23:07:31 INFO myLogger: [ShuffledRDD]EndAt:35673080190313,TaskAttempt ID:346,Partition Id:4,Stage Id:96
16/11/03 23:07:32 INFO myLogger: [ShuffledRDD]EndAt:35673141146272,TaskAttempt ID:353,Partition Id:13,Stage Id:96
16/11/03 23:07:32 INFO myLogger: [MapPartitionsRDD]EndAt:35673142576701,TaskAttempt ID:346,Partition Id:4,Stage Id:96
16/11/03 23:07:32 INFO myLogger: [MapPartitionsRDD]EndAt:35673152609046,TaskAttempt ID:353,Partition Id:13,Stage Id:96
16/11/03 23:07:37 INFO myLogger: [UnionRDD]EndAt:35678236445118,TaskAttempt ID:353,Partition Id:13,Stage Id:96
16/11/03 23:07:52 INFO myLogger: [UnionRDD]EndAt:35693768834577,TaskAttempt ID:346,Partition Id:4,Stage Id:96
