16/11/08 12:08:00 INFO myLogger: [MapPartitionsRDD]StartAt:12062197658744,TaskAttempt ID:6,Partition Id:6,Stage Id:0
16/11/08 12:08:00 INFO myLogger: [MapPartitionsRDD]StartAt:12062197748480,TaskAttempt ID:4,Partition Id:4,Stage Id:0
16/11/08 12:08:00 INFO myLogger: [MapPartitionsRDD]StartAt:12062197942309,TaskAttempt ID:8,Partition Id:8,Stage Id:0
16/11/08 12:08:00 INFO myLogger: [MapPartitionsRDD]StartAt:12062198288563,TaskAttempt ID:3,Partition Id:3,Stage Id:0
16/11/08 12:08:00 INFO myLogger: [MapPartitionsRDD]StartAt:12062198756704,TaskAttempt ID:2,Partition Id:2,Stage Id:0
16/11/08 12:08:00 INFO myLogger: [MapPartitionsRDD]StartAt:12062198921108,TaskAttempt ID:7,Partition Id:7,Stage Id:0
16/11/08 12:08:00 INFO myLogger: [MapPartitionsRDD]StartAt:12062199528507,TaskAttempt ID:0,Partition Id:0,Stage Id:0
16/11/08 12:08:00 INFO myLogger: [MapPartitionsRDD]StartAt:12062201300372,TaskAttempt ID:1,Partition Id:1,Stage Id:0
16/11/08 12:08:00 INFO myLogger: [MapPartitionsRDD]StartAt:12062202315497,TaskAttempt ID:5,Partition Id:5,Stage Id:0
16/11/08 12:08:01 INFO myLogger: [MapPartitionsRDD]EndAt:12062730860121,TaskAttempt ID:6,Partition Id:6,Stage Id:0
16/11/08 12:08:01 INFO myLogger: [MapPartitionsRDD]EndAt:12062731069173,TaskAttempt ID:2,Partition Id:2,Stage Id:0
16/11/08 12:08:01 INFO myLogger: [MapPartitionsRDD]EndAt:12062731437053,TaskAttempt ID:8,Partition Id:8,Stage Id:0
16/11/08 12:08:01 INFO myLogger: [MapPartitionsRDD]EndAt:12062732186452,TaskAttempt ID:3,Partition Id:3,Stage Id:0
16/11/08 12:08:01 INFO myLogger: [MapPartitionsRDD]EndAt:12062732424114,TaskAttempt ID:5,Partition Id:5,Stage Id:0
16/11/08 12:08:01 INFO myLogger: [MapPartitionsRDD]EndAt:12062732602285,TaskAttempt ID:0,Partition Id:0,Stage Id:0
16/11/08 12:08:01 INFO myLogger: [MapPartitionsRDD]EndAt:12062732782288,TaskAttempt ID:1,Partition Id:1,Stage Id:0
16/11/08 12:08:01 INFO myLogger: [MapPartitionsRDD]EndAt:12062732989358,TaskAttempt ID:4,Partition Id:4,Stage Id:0
16/11/08 12:08:01 INFO myLogger: [MapPartitionsRDD]EndAt:12062734674898,TaskAttempt ID:7,Partition Id:7,Stage Id:0
16/11/08 12:08:26 INFO myLogger: [MapPartitionsRDD]StartAt:12088044572653,TaskAttempt ID:10,Partition Id:1,Stage Id:1
16/11/08 12:08:26 INFO myLogger: [MapPartitionsRDD]StartAt:12088049710717,TaskAttempt ID:14,Partition Id:5,Stage Id:1
16/11/08 12:08:26 INFO myLogger: [MapPartitionsRDD]EndAt:12088053265793,TaskAttempt ID:10,Partition Id:1,Stage Id:1
16/11/08 12:08:26 INFO myLogger: [MapPartitionsRDD]EndAt:12088055388804,TaskAttempt ID:14,Partition Id:5,Stage Id:1
16/11/08 12:08:54 INFO myLogger: [MapPartitionsRDD]StartAt:12115435166018,TaskAttempt ID:18,Partition Id:0,Stage Id:2
16/11/08 12:08:54 INFO myLogger: [MapPartitionsRDD]StartAt:12115435348600,TaskAttempt ID:22,Partition Id:4,Stage Id:2
16/11/08 12:08:54 INFO myLogger: [MapPartitionsRDD]StartAt:12115435612906,TaskAttempt ID:26,Partition Id:8,Stage Id:2
16/11/08 12:08:54 INFO myLogger: [MapPartitionsRDD]EndAt:12115440778051,TaskAttempt ID:18,Partition Id:0,Stage Id:2
16/11/08 12:08:54 INFO myLogger: [MapPartitionsRDD]EndAt:12115444080258,TaskAttempt ID:26,Partition Id:8,Stage Id:2
16/11/08 12:08:54 INFO myLogger: [MapPartitionsRDD]EndAt:12115444154187,TaskAttempt ID:22,Partition Id:4,Stage Id:2
16/11/08 12:09:32 INFO myLogger: [UnionRDD]StartAt:12153334100100,TaskAttempt ID:89,Partition Id:62,Stage Id:3
16/11/08 12:09:32 INFO myLogger: [UnionRDD]StartAt:12153337053786,TaskAttempt ID:49,Partition Id:22,Stage Id:3
16/11/08 12:09:32 INFO myLogger: [UnionRDD]StartAt:12153337539894,TaskAttempt ID:77,Partition Id:50,Stage Id:3
16/11/08 12:09:32 INFO myLogger: [UnionRDD]StartAt:12153340697659,TaskAttempt ID:69,Partition Id:42,Stage Id:3
16/11/08 12:09:32 INFO myLogger: [UnionRDD]StartAt:12153342687420,TaskAttempt ID:53,Partition Id:26,Stage Id:3
16/11/08 12:09:32 INFO myLogger: [UnionRDD]StartAt:12153343252940,TaskAttempt ID:61,Partition Id:34,Stage Id:3
16/11/08 12:09:32 INFO myLogger: [UnionRDD]StartAt:12153344703078,TaskAttempt ID:45,Partition Id:18,Stage Id:3
16/11/08 12:09:32 INFO myLogger: [UnionRDD]StartAt:12153344983009,TaskAttempt ID:57,Partition Id:30,Stage Id:3
16/11/08 12:09:32 INFO myLogger: [UnionRDD]StartAt:12153348420156,TaskAttempt ID:37,Partition Id:10,Stage Id:3
16/11/08 12:09:32 INFO myLogger: [UnionRDD]StartAt:12153348528185,TaskAttempt ID:73,Partition Id:46,Stage Id:3
16/11/08 12:09:32 INFO myLogger: [UnionRDD]StartAt:12153351533861,TaskAttempt ID:29,Partition Id:2,Stage Id:3
16/11/08 12:09:32 INFO myLogger: [UnionRDD]StartAt:12153356950054,TaskAttempt ID:33,Partition Id:6,Stage Id:3
16/11/08 12:09:32 INFO myLogger: [UnionRDD]StartAt:12153359759923,TaskAttempt ID:65,Partition Id:38,Stage Id:3
16/11/08 12:09:32 INFO myLogger: [UnionRDD]StartAt:12153362700297,TaskAttempt ID:81,Partition Id:54,Stage Id:3
16/11/08 12:09:32 INFO myLogger: [UnionRDD]StartAt:12153363764510,TaskAttempt ID:41,Partition Id:14,Stage Id:3
16/11/08 12:09:32 INFO myLogger: [ParallelCollectionRDD]StartAt:12153364343562,TaskAttempt ID:89,Partition Id:62,Stage Id:3
16/11/08 12:09:32 INFO myLogger: [UnionRDD]StartAt:12153366423656,TaskAttempt ID:85,Partition Id:58,Stage Id:3
16/11/08 12:09:32 INFO myLogger: [ParallelCollectionRDD]StartAt:12153368989906,TaskAttempt ID:77,Partition Id:50,Stage Id:3
16/11/08 12:09:32 INFO myLogger: [ParallelCollectionRDD]EndAt:12153369466301,TaskAttempt ID:89,Partition Id:62,Stage Id:3
16/11/08 12:09:32 INFO myLogger: [ParallelCollectionRDD]EndAt:12153371059990,TaskAttempt ID:77,Partition Id:50,Stage Id:3
16/11/08 12:09:32 INFO myLogger: [ParallelCollectionRDD]StartAt:12153371740432,TaskAttempt ID:49,Partition Id:22,Stage Id:3
16/11/08 12:09:32 INFO myLogger: [MapPartitionsRDD]StartAt:12153372579672,TaskAttempt ID:29,Partition Id:2,Stage Id:3
16/11/08 12:09:32 INFO myLogger: [ParallelCollectionRDD]StartAt:12153374498601,TaskAttempt ID:53,Partition Id:26,Stage Id:3
16/11/08 12:09:32 INFO myLogger: [ParallelCollectionRDD]EndAt:12153376139432,TaskAttempt ID:49,Partition Id:22,Stage Id:3
16/11/08 12:09:32 INFO myLogger: [ShuffledRDD]StartAt:12153376440477,TaskAttempt ID:29,Partition Id:2,Stage Id:3
16/11/08 12:09:32 INFO myLogger: [ParallelCollectionRDD]EndAt:12153378008432,TaskAttempt ID:53,Partition Id:26,Stage Id:3
16/11/08 12:09:32 INFO myLogger: [ParallelCollectionRDD]StartAt:12153381667777,TaskAttempt ID:61,Partition Id:34,Stage Id:3
16/11/08 12:09:32 INFO myLogger: [ParallelCollectionRDD]EndAt:12153381984504,TaskAttempt ID:61,Partition Id:34,Stage Id:3
16/11/08 12:09:32 INFO myLogger: [ParallelCollectionRDD]StartAt:12153383013582,TaskAttempt ID:57,Partition Id:30,Stage Id:3
16/11/08 12:09:32 INFO myLogger: [ParallelCollectionRDD]EndAt:12153383665001,TaskAttempt ID:57,Partition Id:30,Stage Id:3
16/11/08 12:09:32 INFO myLogger: [ParallelCollectionRDD]StartAt:12153392553846,TaskAttempt ID:45,Partition Id:18,Stage Id:3
16/11/08 12:09:32 INFO myLogger: [ParallelCollectionRDD]EndAt:12153392977938,TaskAttempt ID:45,Partition Id:18,Stage Id:3
16/11/08 12:09:32 INFO myLogger: [ParallelCollectionRDD]StartAt:12153394605584,TaskAttempt ID:65,Partition Id:38,Stage Id:3
16/11/08 12:09:32 INFO myLogger: [ParallelCollectionRDD]EndAt:12153394930563,TaskAttempt ID:65,Partition Id:38,Stage Id:3
16/11/08 12:09:32 INFO myLogger: [ParallelCollectionRDD]StartAt:12153395961812,TaskAttempt ID:73,Partition Id:46,Stage Id:3
16/11/08 12:09:32 INFO myLogger: [ParallelCollectionRDD]EndAt:12153396425034,TaskAttempt ID:73,Partition Id:46,Stage Id:3
16/11/08 12:09:32 INFO myLogger: [ParallelCollectionRDD]StartAt:12153397489139,TaskAttempt ID:69,Partition Id:42,Stage Id:3
16/11/08 12:09:32 INFO myLogger: [ParallelCollectionRDD]EndAt:12153397814475,TaskAttempt ID:69,Partition Id:42,Stage Id:3
16/11/08 12:09:32 INFO myLogger: [ParallelCollectionRDD]StartAt:12153399291473,TaskAttempt ID:37,Partition Id:10,Stage Id:3
16/11/08 12:09:32 INFO myLogger: [ParallelCollectionRDD]EndAt:12153399598884,TaskAttempt ID:37,Partition Id:10,Stage Id:3
16/11/08 12:09:32 INFO myLogger: [ParallelCollectionRDD]StartAt:12153404783360,TaskAttempt ID:85,Partition Id:58,Stage Id:3
16/11/08 12:09:32 INFO myLogger: [ParallelCollectionRDD]EndAt:12153405112553,TaskAttempt ID:85,Partition Id:58,Stage Id:3
16/11/08 12:09:32 INFO myLogger: [ParallelCollectionRDD]StartAt:12153406550183,TaskAttempt ID:33,Partition Id:6,Stage Id:3
16/11/08 12:09:32 INFO myLogger: [ParallelCollectionRDD]EndAt:12153407013691,TaskAttempt ID:33,Partition Id:6,Stage Id:3
16/11/08 12:09:32 INFO myLogger: [ParallelCollectionRDD]StartAt:12153412954840,TaskAttempt ID:81,Partition Id:54,Stage Id:3
16/11/08 12:09:32 INFO myLogger: [ParallelCollectionRDD]StartAt:12153413867447,TaskAttempt ID:41,Partition Id:14,Stage Id:3
16/11/08 12:09:32 INFO myLogger: [ParallelCollectionRDD]EndAt:12153414325348,TaskAttempt ID:81,Partition Id:54,Stage Id:3
16/11/08 12:09:32 INFO myLogger: [ParallelCollectionRDD]EndAt:12153417064498,TaskAttempt ID:41,Partition Id:14,Stage Id:3
16/11/08 12:09:32 INFO myLogger: [UnionRDD]EndAt:12153444455983,TaskAttempt ID:89,Partition Id:62,Stage Id:3
16/11/08 12:09:32 INFO myLogger: [UnionRDD]EndAt:12153445294735,TaskAttempt ID:49,Partition Id:22,Stage Id:3
16/11/08 12:09:32 INFO myLogger: [UnionRDD]EndAt:12153446898388,TaskAttempt ID:77,Partition Id:50,Stage Id:3
16/11/08 12:09:32 INFO myLogger: [UnionRDD]EndAt:12153465994297,TaskAttempt ID:53,Partition Id:26,Stage Id:3
16/11/08 12:09:32 INFO myLogger: [UnionRDD]EndAt:12153473433555,TaskAttempt ID:61,Partition Id:34,Stage Id:3
16/11/08 12:09:32 INFO myLogger: [UnionRDD]EndAt:12153505314536,TaskAttempt ID:57,Partition Id:30,Stage Id:3
16/11/08 12:09:32 INFO myLogger: [UnionRDD]EndAt:12153594809502,TaskAttempt ID:45,Partition Id:18,Stage Id:3
16/11/08 12:09:32 INFO myLogger: [UnionRDD]EndAt:12153594950789,TaskAttempt ID:33,Partition Id:6,Stage Id:3
16/11/08 12:09:32 INFO myLogger: [UnionRDD]EndAt:12153595715918,TaskAttempt ID:65,Partition Id:38,Stage Id:3
16/11/08 12:09:32 INFO myLogger: [UnionRDD]EndAt:12153596766782,TaskAttempt ID:85,Partition Id:58,Stage Id:3
16/11/08 12:09:32 INFO myLogger: [UnionRDD]EndAt:12153598363686,TaskAttempt ID:37,Partition Id:10,Stage Id:3
16/11/08 12:09:32 INFO myLogger: [UnionRDD]EndAt:12153599146959,TaskAttempt ID:69,Partition Id:42,Stage Id:3
16/11/08 12:09:32 INFO myLogger: [UnionRDD]EndAt:12153599479998,TaskAttempt ID:41,Partition Id:14,Stage Id:3
16/11/08 12:09:32 INFO myLogger: [UnionRDD]EndAt:12153600599920,TaskAttempt ID:73,Partition Id:46,Stage Id:3
16/11/08 12:09:32 INFO myLogger: [UnionRDD]EndAt:12153606260917,TaskAttempt ID:81,Partition Id:54,Stage Id:3
16/11/08 12:09:32 INFO myLogger: [ShuffledRDD]EndAt:12153665652155,TaskAttempt ID:29,Partition Id:2,Stage Id:3
16/11/08 12:09:32 INFO myLogger: [MapPartitionsRDD]EndAt:12153668073982,TaskAttempt ID:29,Partition Id:2,Stage Id:3
16/11/08 12:10:15 INFO myLogger: [UnionRDD]EndAt:12197305419973,TaskAttempt ID:29,Partition Id:2,Stage Id:3
16/11/08 12:11:01 INFO myLogger: [UnionRDD]StartAt:12242684409884,TaskAttempt ID:95,Partition Id:6,Stage Id:4
16/11/08 12:11:01 INFO myLogger: [UnionRDD]StartAt:12242695813110,TaskAttempt ID:147,Partition Id:58,Stage Id:4
16/11/08 12:11:01 INFO myLogger: [UnionRDD]StartAt:12242697255126,TaskAttempt ID:135,Partition Id:46,Stage Id:4
16/11/08 12:11:01 INFO myLogger: [UnionRDD]StartAt:12242699425443,TaskAttempt ID:143,Partition Id:54,Stage Id:4
16/11/08 12:11:01 INFO myLogger: [UnionRDD]StartAt:12242702314919,TaskAttempt ID:103,Partition Id:14,Stage Id:4
16/11/08 12:11:01 INFO myLogger: [UnionRDD]StartAt:12242706584810,TaskAttempt ID:119,Partition Id:30,Stage Id:4
16/11/08 12:11:01 INFO myLogger: [UnionRDD]StartAt:12242707549495,TaskAttempt ID:127,Partition Id:38,Stage Id:4
16/11/08 12:11:01 INFO myLogger: [UnionRDD]StartAt:12242707678632,TaskAttempt ID:151,Partition Id:62,Stage Id:4
16/11/08 12:11:01 INFO myLogger: [UnionRDD]StartAt:12242711770616,TaskAttempt ID:115,Partition Id:26,Stage Id:4
16/11/08 12:11:01 INFO myLogger: [UnionRDD]StartAt:12242711955922,TaskAttempt ID:107,Partition Id:18,Stage Id:4
16/11/08 12:11:01 INFO myLogger: [UnionRDD]StartAt:12242714368491,TaskAttempt ID:139,Partition Id:50,Stage Id:4
16/11/08 12:11:01 INFO myLogger: [UnionRDD]StartAt:12242714844089,TaskAttempt ID:99,Partition Id:10,Stage Id:4
16/11/08 12:11:01 INFO myLogger: [UnionRDD]StartAt:12242716902837,TaskAttempt ID:111,Partition Id:22,Stage Id:4
16/11/08 12:11:01 INFO myLogger: [UnionRDD]StartAt:12242721637963,TaskAttempt ID:123,Partition Id:34,Stage Id:4
16/11/08 12:11:01 INFO myLogger: [UnionRDD]StartAt:12242725001141,TaskAttempt ID:131,Partition Id:42,Stage Id:4
16/11/08 12:11:01 INFO myLogger: [UnionRDD]EndAt:12242783748551,TaskAttempt ID:147,Partition Id:58,Stage Id:4
16/11/08 12:11:01 INFO myLogger: [UnionRDD]EndAt:12242787012737,TaskAttempt ID:95,Partition Id:6,Stage Id:4
16/11/08 12:11:01 INFO myLogger: [UnionRDD]EndAt:12242801001819,TaskAttempt ID:135,Partition Id:46,Stage Id:4
16/11/08 12:11:01 INFO myLogger: [UnionRDD]EndAt:12242802495263,TaskAttempt ID:103,Partition Id:14,Stage Id:4
16/11/08 12:11:01 INFO myLogger: [UnionRDD]EndAt:12242835387907,TaskAttempt ID:111,Partition Id:22,Stage Id:4
16/11/08 12:11:01 INFO myLogger: [UnionRDD]EndAt:12242838252577,TaskAttempt ID:127,Partition Id:38,Stage Id:4
16/11/08 12:11:01 INFO myLogger: [UnionRDD]EndAt:12242840152661,TaskAttempt ID:115,Partition Id:26,Stage Id:4
16/11/08 12:11:01 INFO myLogger: [UnionRDD]EndAt:12242840211452,TaskAttempt ID:107,Partition Id:18,Stage Id:4
16/11/08 12:11:01 INFO myLogger: [UnionRDD]EndAt:12242845654874,TaskAttempt ID:99,Partition Id:10,Stage Id:4
16/11/08 12:11:01 INFO myLogger: [UnionRDD]EndAt:12242847366705,TaskAttempt ID:119,Partition Id:30,Stage Id:4
16/11/08 12:11:01 INFO myLogger: [UnionRDD]EndAt:12242848817431,TaskAttempt ID:139,Partition Id:50,Stage Id:4
16/11/08 12:11:01 INFO myLogger: [UnionRDD]EndAt:12242859090140,TaskAttempt ID:151,Partition Id:62,Stage Id:4
16/11/08 12:11:01 INFO myLogger: [UnionRDD]EndAt:12242862110687,TaskAttempt ID:143,Partition Id:54,Stage Id:4
16/11/08 12:11:01 INFO myLogger: [UnionRDD]StartAt:12242913576467,TaskAttempt ID:159,Partition Id:2,Stage Id:4
16/11/08 12:11:01 INFO myLogger: [MapPartitionsRDD]StartAt:12242914500114,TaskAttempt ID:159,Partition Id:2,Stage Id:4
16/11/08 12:11:01 INFO myLogger: [ShuffledRDD]StartAt:12242914817243,TaskAttempt ID:159,Partition Id:2,Stage Id:4
16/11/08 12:11:01 INFO myLogger: [UnionRDD]EndAt:12242930400582,TaskAttempt ID:123,Partition Id:34,Stage Id:4
16/11/08 12:11:01 INFO myLogger: [UnionRDD]EndAt:12242936385046,TaskAttempt ID:131,Partition Id:42,Stage Id:4
16/11/08 12:11:01 INFO myLogger: [ShuffledRDD]EndAt:12242990525077,TaskAttempt ID:159,Partition Id:2,Stage Id:4
16/11/08 12:11:01 INFO myLogger: [MapPartitionsRDD]EndAt:12242991176880,TaskAttempt ID:159,Partition Id:2,Stage Id:4
16/11/08 12:11:41 INFO myLogger: [UnionRDD]EndAt:12283292899067,TaskAttempt ID:159,Partition Id:2,Stage Id:4
16/11/08 12:12:25 INFO myLogger: [UnionRDD]StartAt:12326874909476,TaskAttempt ID:166,Partition Id:2,Stage Id:5
16/11/08 12:12:25 INFO myLogger: [UnionRDD]StartAt:12326874991677,TaskAttempt ID:170,Partition Id:6,Stage Id:5
16/11/08 12:12:25 INFO myLogger: [MapPartitionsRDD]StartAt:12326876218016,TaskAttempt ID:166,Partition Id:2,Stage Id:5
16/11/08 12:12:25 INFO myLogger: [MapPartitionsRDD]StartAt:12326876383613,TaskAttempt ID:170,Partition Id:6,Stage Id:5
16/11/08 12:12:25 INFO myLogger: [ShuffledRDD]StartAt:12326876665548,TaskAttempt ID:166,Partition Id:2,Stage Id:5
16/11/08 12:12:25 INFO myLogger: [ShuffledRDD]StartAt:12326876851129,TaskAttempt ID:170,Partition Id:6,Stage Id:5
16/11/08 12:12:25 INFO myLogger: [ShuffledRDD]EndAt:12326914229076,TaskAttempt ID:170,Partition Id:6,Stage Id:5
16/11/08 12:12:25 INFO myLogger: [ShuffledRDD]EndAt:12326914278610,TaskAttempt ID:166,Partition Id:2,Stage Id:5
16/11/08 12:12:25 INFO myLogger: [MapPartitionsRDD]EndAt:12326914836751,TaskAttempt ID:170,Partition Id:6,Stage Id:5
16/11/08 12:12:25 INFO myLogger: [MapPartitionsRDD]EndAt:12326914899995,TaskAttempt ID:166,Partition Id:2,Stage Id:5
16/11/08 12:12:56 INFO myLogger: [UnionRDD]EndAt:12357403898279,TaskAttempt ID:170,Partition Id:6,Stage Id:5
16/11/08 12:13:08 INFO myLogger: [UnionRDD]EndAt:12369395212148,TaskAttempt ID:166,Partition Id:2,Stage Id:5
16/11/08 12:16:12 INFO myLogger: [UnionRDD]StartAt:12553935820367,TaskAttempt ID:173,Partition Id:2,Stage Id:6
16/11/08 12:16:12 INFO myLogger: [UnionRDD]StartAt:12553935910866,TaskAttempt ID:177,Partition Id:6,Stage Id:6
16/11/08 12:16:12 INFO myLogger: [MapPartitionsRDD]StartAt:12553936816869,TaskAttempt ID:173,Partition Id:2,Stage Id:6
16/11/08 12:16:12 INFO myLogger: [MapPartitionsRDD]StartAt:12553936873828,TaskAttempt ID:177,Partition Id:6,Stage Id:6
16/11/08 12:16:12 INFO myLogger: [ShuffledRDD]StartAt:12553937130897,TaskAttempt ID:173,Partition Id:2,Stage Id:6
16/11/08 12:16:12 INFO myLogger: [ShuffledRDD]StartAt:12553937192891,TaskAttempt ID:177,Partition Id:6,Stage Id:6
16/11/08 12:16:12 INFO myLogger: [ShuffledRDD]EndAt:12553963931261,TaskAttempt ID:177,Partition Id:6,Stage Id:6
16/11/08 12:16:12 INFO myLogger: [MapPartitionsRDD]EndAt:12553964327742,TaskAttempt ID:177,Partition Id:6,Stage Id:6
16/11/08 12:16:12 INFO myLogger: [ShuffledRDD]EndAt:12553965107800,TaskAttempt ID:173,Partition Id:2,Stage Id:6
16/11/08 12:16:12 INFO myLogger: [MapPartitionsRDD]EndAt:12553965637985,TaskAttempt ID:173,Partition Id:2,Stage Id:6
16/11/08 12:16:44 INFO myLogger: [UnionRDD]EndAt:12585679850625,TaskAttempt ID:177,Partition Id:6,Stage Id:6
16/11/08 12:16:53 INFO myLogger: [UnionRDD]EndAt:12594315926043,TaskAttempt ID:173,Partition Id:2,Stage Id:6
16/11/08 12:19:43 INFO myLogger: [UnionRDD]StartAt:12765091113496,TaskAttempt ID:179,Partition Id:2,Stage Id:7
16/11/08 12:19:43 INFO myLogger: [MapPartitionsRDD]StartAt:12765092172839,TaskAttempt ID:179,Partition Id:2,Stage Id:7
16/11/08 12:19:43 INFO myLogger: [ShuffledRDD]StartAt:12765092384873,TaskAttempt ID:179,Partition Id:2,Stage Id:7
16/11/08 12:19:43 INFO myLogger: [UnionRDD]StartAt:12765093152684,TaskAttempt ID:183,Partition Id:6,Stage Id:7
16/11/08 12:19:43 INFO myLogger: [MapPartitionsRDD]StartAt:12765093717964,TaskAttempt ID:183,Partition Id:6,Stage Id:7
16/11/08 12:19:43 INFO myLogger: [ShuffledRDD]StartAt:12765093892747,TaskAttempt ID:183,Partition Id:6,Stage Id:7
16/11/08 12:19:43 INFO myLogger: [ShuffledRDD]EndAt:12765117473774,TaskAttempt ID:179,Partition Id:2,Stage Id:7
16/11/08 12:19:43 INFO myLogger: [MapPartitionsRDD]EndAt:12765117914122,TaskAttempt ID:179,Partition Id:2,Stage Id:7
16/11/08 12:19:43 INFO myLogger: [ShuffledRDD]EndAt:12765120820927,TaskAttempt ID:183,Partition Id:6,Stage Id:7
16/11/08 12:19:43 INFO myLogger: [MapPartitionsRDD]EndAt:12765121409287,TaskAttempt ID:183,Partition Id:6,Stage Id:7
16/11/08 12:22:30 INFO myLogger: [UnionRDD]EndAt:12932205319724,TaskAttempt ID:183,Partition Id:6,Stage Id:7
16/11/08 12:22:40 INFO myLogger: [UnionRDD]EndAt:12941489505684,TaskAttempt ID:179,Partition Id:2,Stage Id:7
16/11/08 12:23:21 INFO myLogger: [UnionRDD]StartAt:12982362448325,TaskAttempt ID:187,Partition Id:2,Stage Id:8
16/11/08 12:23:21 INFO myLogger: [MapPartitionsRDD]StartAt:12982363032232,TaskAttempt ID:187,Partition Id:2,Stage Id:8
16/11/08 12:23:21 INFO myLogger: [ShuffledRDD]StartAt:12982363221701,TaskAttempt ID:187,Partition Id:2,Stage Id:8
16/11/08 12:23:21 INFO myLogger: [UnionRDD]StartAt:12982366841365,TaskAttempt ID:191,Partition Id:6,Stage Id:8
16/11/08 12:23:21 INFO myLogger: [MapPartitionsRDD]StartAt:12982368114604,TaskAttempt ID:191,Partition Id:6,Stage Id:8
16/11/08 12:23:21 INFO myLogger: [ShuffledRDD]StartAt:12982368478145,TaskAttempt ID:191,Partition Id:6,Stage Id:8
16/11/08 12:23:21 INFO myLogger: [ShuffledRDD]EndAt:12982383486056,TaskAttempt ID:187,Partition Id:2,Stage Id:8
16/11/08 12:23:21 INFO myLogger: [MapPartitionsRDD]EndAt:12982383963189,TaskAttempt ID:187,Partition Id:2,Stage Id:8
16/11/08 12:23:21 INFO myLogger: [ShuffledRDD]EndAt:12982395290892,TaskAttempt ID:191,Partition Id:6,Stage Id:8
16/11/08 12:23:21 INFO myLogger: [MapPartitionsRDD]EndAt:12982395689944,TaskAttempt ID:191,Partition Id:6,Stage Id:8
16/11/08 12:23:58 INFO myLogger: [UnionRDD]EndAt:13019631952508,TaskAttempt ID:191,Partition Id:6,Stage Id:8
16/11/08 12:24:12 INFO myLogger: [UnionRDD]EndAt:13033485673987,TaskAttempt ID:187,Partition Id:2,Stage Id:8
16/11/08 12:26:48 INFO myLogger: [MapPartitionsRDD]StartAt:13189620389190,TaskAttempt ID:197,Partition Id:2,Stage Id:9
16/11/08 12:26:48 INFO myLogger: [ShuffledRDD]StartAt:13189620680154,TaskAttempt ID:197,Partition Id:2,Stage Id:9
16/11/08 12:26:48 INFO myLogger: [ShuffledRDD]EndAt:13189651443128,TaskAttempt ID:197,Partition Id:2,Stage Id:9
16/11/08 12:26:48 INFO myLogger: [MapPartitionsRDD]EndAt:13189651984063,TaskAttempt ID:197,Partition Id:2,Stage Id:9
16/11/08 12:27:45 INFO myLogger: [UnionRDD]StartAt:13246361871858,TaskAttempt ID:199,Partition Id:2,Stage Id:16
16/11/08 12:27:45 INFO myLogger: [MapPartitionsRDD]StartAt:13246362582732,TaskAttempt ID:199,Partition Id:2,Stage Id:16
16/11/08 12:27:45 INFO myLogger: [ShuffledRDD]StartAt:13246362812499,TaskAttempt ID:199,Partition Id:2,Stage Id:16
16/11/08 12:27:45 INFO myLogger: [UnionRDD]StartAt:13246365128146,TaskAttempt ID:203,Partition Id:6,Stage Id:16
16/11/08 12:27:45 INFO myLogger: [MapPartitionsRDD]StartAt:13246366147497,TaskAttempt ID:203,Partition Id:6,Stage Id:16
16/11/08 12:27:45 INFO myLogger: [ShuffledRDD]StartAt:13246366497925,TaskAttempt ID:203,Partition Id:6,Stage Id:16
16/11/08 12:27:45 INFO myLogger: [ShuffledRDD]EndAt:13246382746088,TaskAttempt ID:199,Partition Id:2,Stage Id:16
16/11/08 12:27:45 INFO myLogger: [ShuffledRDD]EndAt:13246382960277,TaskAttempt ID:203,Partition Id:6,Stage Id:16
16/11/08 12:27:45 INFO myLogger: [MapPartitionsRDD]EndAt:13246383493130,TaskAttempt ID:199,Partition Id:2,Stage Id:16
16/11/08 12:27:45 INFO myLogger: [MapPartitionsRDD]EndAt:13246385070249,TaskAttempt ID:203,Partition Id:6,Stage Id:16
16/11/08 12:28:20 INFO myLogger: [UnionRDD]EndAt:13282053429543,TaskAttempt ID:203,Partition Id:6,Stage Id:16
16/11/08 12:28:33 INFO myLogger: [UnionRDD]EndAt:13295201396576,TaskAttempt ID:199,Partition Id:2,Stage Id:16
16/11/08 12:31:11 INFO myLogger: [MapPartitionsRDD]StartAt:13452851282227,TaskAttempt ID:209,Partition Id:2,Stage Id:17
16/11/08 12:31:11 INFO myLogger: [ShuffledRDD]StartAt:13452851701490,TaskAttempt ID:209,Partition Id:2,Stage Id:17
16/11/08 12:31:11 INFO myLogger: [ShuffledRDD]EndAt:13452874345651,TaskAttempt ID:209,Partition Id:2,Stage Id:17
16/11/08 12:31:11 INFO myLogger: [MapPartitionsRDD]EndAt:13452874870053,TaskAttempt ID:209,Partition Id:2,Stage Id:17
16/11/08 12:31:59 INFO myLogger: [UnionRDD]StartAt:13501014765893,TaskAttempt ID:211,Partition Id:2,Stage Id:24
16/11/08 12:31:59 INFO myLogger: [UnionRDD]StartAt:13501014982819,TaskAttempt ID:215,Partition Id:6,Stage Id:24
16/11/08 12:31:59 INFO myLogger: [MapPartitionsRDD]StartAt:13501015638989,TaskAttempt ID:211,Partition Id:2,Stage Id:24
16/11/08 12:31:59 INFO myLogger: [MapPartitionsRDD]StartAt:13501015842800,TaskAttempt ID:215,Partition Id:6,Stage Id:24
16/11/08 12:31:59 INFO myLogger: [ShuffledRDD]StartAt:13501015898201,TaskAttempt ID:211,Partition Id:2,Stage Id:24
16/11/08 12:31:59 INFO myLogger: [ShuffledRDD]StartAt:13501016172361,TaskAttempt ID:215,Partition Id:6,Stage Id:24
16/11/08 12:31:59 INFO myLogger: [ShuffledRDD]EndAt:13501046971458,TaskAttempt ID:215,Partition Id:6,Stage Id:24
16/11/08 12:31:59 INFO myLogger: [MapPartitionsRDD]EndAt:13501047419956,TaskAttempt ID:215,Partition Id:6,Stage Id:24
16/11/08 12:31:59 INFO myLogger: [ShuffledRDD]EndAt:13501053146757,TaskAttempt ID:211,Partition Id:2,Stage Id:24
16/11/08 12:31:59 INFO myLogger: [MapPartitionsRDD]EndAt:13501053635388,TaskAttempt ID:211,Partition Id:2,Stage Id:24
16/11/08 12:32:34 INFO myLogger: [UnionRDD]EndAt:13535669401117,TaskAttempt ID:215,Partition Id:6,Stage Id:24
16/11/08 12:32:47 INFO myLogger: [UnionRDD]EndAt:13548754457888,TaskAttempt ID:211,Partition Id:2,Stage Id:24
16/11/08 12:35:30 INFO myLogger: [MapPartitionsRDD]StartAt:13711399304381,TaskAttempt ID:221,Partition Id:2,Stage Id:25
16/11/08 12:35:30 INFO myLogger: [ShuffledRDD]StartAt:13711399558566,TaskAttempt ID:221,Partition Id:2,Stage Id:25
16/11/08 12:35:30 INFO myLogger: [ShuffledRDD]EndAt:13711421810484,TaskAttempt ID:221,Partition Id:2,Stage Id:25
16/11/08 12:35:30 INFO myLogger: [MapPartitionsRDD]EndAt:13711422226536,TaskAttempt ID:221,Partition Id:2,Stage Id:25
16/11/08 12:36:18 INFO myLogger: [UnionRDD]StartAt:13760133265273,TaskAttempt ID:226,Partition Id:2,Stage Id:32
16/11/08 12:36:18 INFO myLogger: [UnionRDD]StartAt:13760133341948,TaskAttempt ID:230,Partition Id:6,Stage Id:32
16/11/08 12:36:18 INFO myLogger: [MapPartitionsRDD]StartAt:13760134078539,TaskAttempt ID:226,Partition Id:2,Stage Id:32
16/11/08 12:36:18 INFO myLogger: [MapPartitionsRDD]StartAt:13760134153781,TaskAttempt ID:230,Partition Id:6,Stage Id:32
16/11/08 12:36:18 INFO myLogger: [ShuffledRDD]StartAt:13760134344210,TaskAttempt ID:226,Partition Id:2,Stage Id:32
16/11/08 12:36:18 INFO myLogger: [ShuffledRDD]StartAt:13760134404613,TaskAttempt ID:230,Partition Id:6,Stage Id:32
16/11/08 12:36:18 INFO myLogger: [ShuffledRDD]EndAt:13760151866804,TaskAttempt ID:230,Partition Id:6,Stage Id:32
16/11/08 12:36:18 INFO myLogger: [ShuffledRDD]EndAt:13760152189972,TaskAttempt ID:226,Partition Id:2,Stage Id:32
16/11/08 12:36:18 INFO myLogger: [MapPartitionsRDD]EndAt:13760152673097,TaskAttempt ID:230,Partition Id:6,Stage Id:32
16/11/08 12:36:18 INFO myLogger: [MapPartitionsRDD]EndAt:13760152772029,TaskAttempt ID:226,Partition Id:2,Stage Id:32
16/11/08 12:36:55 INFO myLogger: [UnionRDD]EndAt:13797022537405,TaskAttempt ID:230,Partition Id:6,Stage Id:32
16/11/08 12:37:07 INFO myLogger: [UnionRDD]EndAt:13808765455064,TaskAttempt ID:226,Partition Id:2,Stage Id:32
16/11/08 12:39:52 INFO myLogger: [MapPartitionsRDD]StartAt:13973322393138,TaskAttempt ID:232,Partition Id:2,Stage Id:33
16/11/08 12:39:52 INFO myLogger: [ShuffledRDD]StartAt:13973322715918,TaskAttempt ID:232,Partition Id:2,Stage Id:33
16/11/08 12:39:52 INFO myLogger: [ShuffledRDD]EndAt:13973349301966,TaskAttempt ID:232,Partition Id:2,Stage Id:33
16/11/08 12:39:52 INFO myLogger: [MapPartitionsRDD]EndAt:13973349849929,TaskAttempt ID:232,Partition Id:2,Stage Id:33
