16/11/03 18:50:46 INFO extraLogger: [ResultTask]StartAt:1478220646325,TaskAttempt ID:4,Partition Id:0,Stage Id:1
16/11/03 18:50:46 INFO extraLogger: [iterator.FromParent]StartAt:1478220646326,RDD ID:3,Name:PythonRDD,TaskAttempt ID:4,Partition Id:0,Stage Id:1
16/11/03 18:50:46 INFO extraLogger: [iterator.FromParent]StartAt:1478220646331,RDD ID:1,Name:../ml-10M100K/clean.dat,TaskAttempt ID:4,Partition Id:0,Stage Id:1
16/11/03 18:50:46 INFO extraLogger: [iterator.FromParent]StartAt:1478220646331,RDD ID:0,Name:../ml-10M100K/clean.dat,TaskAttempt ID:4,Partition Id:0,Stage Id:1
16/11/03 18:50:46 INFO extraLogger: [iterator.FromParent]EndAt:1478220646883,RDD ID:0,Name:../ml-10M100K/clean.dat,TaskAttempt ID:4,Partition Id:0,Stage Id:1
16/11/03 18:50:46 INFO extraLogger: [iterator.FromParent]EndAt:1478220646883,RDD ID:1,Name:../ml-10M100K/clean.dat,TaskAttempt ID:4,Partition Id:0,Stage Id:1
16/11/03 18:51:13 INFO extraLogger: [iterator.FromParent]EndAt:1478220673800,RDD ID:3,Name:PythonRDD,TaskAttempt ID:4,Partition Id:0,Stage Id:1
16/11/03 18:51:13 INFO extraLogger: [ResultTask]EndAt:1478220673810,TaskAttempt ID:4,Partition Id:0,Stage Id:1
16/11/03 18:51:14 INFO extraLogger: [ShuffleMapTask]StartAt:1478220674598,TaskAttempt ID:9,Partition Id:1,Stage Id:2
16/11/03 18:51:14 INFO extraLogger: [iterator.FromParent]StartAt:1478220674601,RDD ID:5,Name:PairwiseRDD,TaskAttempt ID:9,Partition Id:1,Stage Id:2
16/11/03 18:51:14 INFO extraLogger: [iterator.FromParent]StartAt:1478220674601,RDD ID:4,Name:PythonRDD,TaskAttempt ID:9,Partition Id:1,Stage Id:2
16/11/03 18:51:14 INFO extraLogger: [iterator.FromParent]StartAt:1478220674602,RDD ID:1,Name:../ml-10M100K/clean.dat,TaskAttempt ID:9,Partition Id:1,Stage Id:2
16/11/03 18:51:14 INFO extraLogger: [iterator.FromParent]StartAt:1478220674602,RDD ID:0,Name:../ml-10M100K/clean.dat,TaskAttempt ID:9,Partition Id:1,Stage Id:2
16/11/03 18:51:14 INFO extraLogger: [iterator.FromParent]EndAt:1478220674611,RDD ID:0,Name:../ml-10M100K/clean.dat,TaskAttempt ID:9,Partition Id:1,Stage Id:2
16/11/03 18:51:14 INFO extraLogger: [iterator.FromParent]EndAt:1478220674612,RDD ID:1,Name:../ml-10M100K/clean.dat,TaskAttempt ID:9,Partition Id:1,Stage Id:2
16/11/03 18:51:14 INFO extraLogger: [iterator.FromParent]EndAt:1478220674687,RDD ID:4,Name:PythonRDD,TaskAttempt ID:9,Partition Id:1,Stage Id:2
16/11/03 18:51:14 INFO extraLogger: [iterator.FromParent]EndAt:1478220674691,RDD ID:5,Name:PairwiseRDD,TaskAttempt ID:9,Partition Id:1,Stage Id:2
16/11/03 18:52:07 INFO extraLogger: [ShuffleMapTask]EndAt:1478220727426,TaskAttempt ID:8,Partition Id:0,Stage Id:2
16/11/03 18:52:07 INFO extraLogger: [ShuffleMapTask]StartAt:1478220727644,TaskAttempt ID:13,Partition Id:0,Stage Id:3
16/11/03 18:52:07 INFO extraLogger: [ShuffleMapTask]StartAt:1478220727644,TaskAttempt ID:17,Partition Id:5,Stage Id:3
16/11/03 18:52:07 INFO extraLogger: [iterator.FromParent]StartAt:1478220727645,RDD ID:13,Name:PairwiseRDD,TaskAttempt ID:13,Partition Id:0,Stage Id:3
16/11/03 18:52:07 INFO extraLogger: [iterator.FromParent]StartAt:1478220727645,RDD ID:12,Name:PythonRDD,TaskAttempt ID:13,Partition Id:0,Stage Id:3
16/11/03 18:52:07 INFO extraLogger: [ShuffleMapTask]StartAt:1478220727645,TaskAttempt ID:21,Partition Id:9,Stage Id:3
16/11/03 18:52:07 INFO extraLogger: [iterator.FromParent]StartAt:1478220727645,RDD ID:13,Name:PairwiseRDD,TaskAttempt ID:17,Partition Id:5,Stage Id:3
16/11/03 18:52:07 INFO extraLogger: [iterator.FromParent]StartAt:1478220727646,RDD ID:12,Name:PythonRDD,TaskAttempt ID:17,Partition Id:5,Stage Id:3
16/11/03 18:52:07 INFO extraLogger: [iterator.FromParent]StartAt:1478220727646,RDD ID:13,Name:PairwiseRDD,TaskAttempt ID:21,Partition Id:9,Stage Id:3
16/11/03 18:52:07 INFO extraLogger: [iterator.FromParent]StartAt:1478220727646,RDD ID:11,Name:UnionRDD,TaskAttempt ID:13,Partition Id:0,Stage Id:3
16/11/03 18:52:07 INFO extraLogger: [iterator.FromParent]StartAt:1478220727647,RDD ID:12,Name:PythonRDD,TaskAttempt ID:21,Partition Id:9,Stage Id:3
16/11/03 18:52:07 INFO extraLogger: [iterator.FromParent]StartAt:1478220727647,RDD ID:11,Name:UnionRDD,TaskAttempt ID:17,Partition Id:5,Stage Id:3
16/11/03 18:52:07 INFO extraLogger: [iterator.FromParent]StartAt:1478220727647,RDD ID:9,Name:PythonRDD,TaskAttempt ID:13,Partition Id:0,Stage Id:3
16/11/03 18:52:07 INFO extraLogger: [iterator.FromParent]StartAt:1478220727648,RDD ID:10,Name:PythonRDD,TaskAttempt ID:17,Partition Id:5,Stage Id:3
16/11/03 18:52:07 INFO extraLogger: [iterator.FromParent]StartAt:1478220727648,RDD ID:11,Name:UnionRDD,TaskAttempt ID:21,Partition Id:9,Stage Id:3
16/11/03 18:52:07 INFO extraLogger: [iterator.FromParent]StartAt:1478220727649,RDD ID:7,Name:MapPartitionedRDD,TaskAttempt ID:13,Partition Id:0,Stage Id:3
16/11/03 18:52:07 INFO extraLogger: [iterator.FromParent]StartAt:1478220727649,RDD ID:10,Name:PythonRDD,TaskAttempt ID:21,Partition Id:9,Stage Id:3
16/11/03 18:52:07 INFO extraLogger: [iterator.FromCache]StartAt:1478220727649,RDD ID:8,Name:ParallelCollectionRDD,TaskAttempt ID:17,Partition Id:5,Stage Id:3
16/11/03 18:52:07 INFO extraLogger: [iterator.FromParent]StartAt:1478220727649,RDD ID:6,Name:ShuffledRDD,TaskAttempt ID:13,Partition Id:0,Stage Id:3
16/11/03 18:52:07 INFO extraLogger: [iterator.FromCache]StartAt:1478220727650,RDD ID:8,Name:ParallelCollectionRDD,TaskAttempt ID:21,Partition Id:9,Stage Id:3
16/11/03 18:52:07 INFO extraLogger: [iterator.FromCache]EndAt:1478220727688,RDD ID:8,Name:ParallelCollectionRDD,TaskAttempt ID:17,Partition Id:5,Stage Id:3
16/11/03 18:52:07 INFO extraLogger: [iterator.FromCache]EndAt:1478220727692,RDD ID:8,Name:ParallelCollectionRDD,TaskAttempt ID:21,Partition Id:9,Stage Id:3
16/11/03 18:52:07 INFO extraLogger: [iterator.FromParent]EndAt:1478220727717,RDD ID:10,Name:PythonRDD,TaskAttempt ID:17,Partition Id:5,Stage Id:3
16/11/03 18:52:07 INFO extraLogger: [iterator.FromParent]EndAt:1478220727717,RDD ID:11,Name:UnionRDD,TaskAttempt ID:17,Partition Id:5,Stage Id:3
16/11/03 18:52:07 INFO extraLogger: [iterator.FromParent]EndAt:1478220727761,RDD ID:10,Name:PythonRDD,TaskAttempt ID:21,Partition Id:9,Stage Id:3
16/11/03 18:52:07 INFO extraLogger: [iterator.FromParent]EndAt:1478220727762,RDD ID:11,Name:UnionRDD,TaskAttempt ID:21,Partition Id:9,Stage Id:3
16/11/03 18:52:07 INFO extraLogger: [iterator.FromParent]EndAt:1478220727786,RDD ID:12,Name:PythonRDD,TaskAttempt ID:17,Partition Id:5,Stage Id:3
16/11/03 18:52:07 INFO extraLogger: [iterator.FromParent]EndAt:1478220727786,RDD ID:13,Name:PairwiseRDD,TaskAttempt ID:17,Partition Id:5,Stage Id:3
16/11/03 18:52:07 INFO extraLogger: [iterator.FromParent]EndAt:1478220727818,RDD ID:6,Name:ShuffledRDD,TaskAttempt ID:13,Partition Id:0,Stage Id:3
16/11/03 18:52:07 INFO extraLogger: [iterator.FromParent]EndAt:1478220727819,RDD ID:7,Name:MapPartitionedRDD,TaskAttempt ID:13,Partition Id:0,Stage Id:3
16/11/03 18:52:07 INFO extraLogger: [ShuffleMapTask]EndAt:1478220727837,TaskAttempt ID:17,Partition Id:5,Stage Id:3
16/11/03 18:52:07 INFO extraLogger: [iterator.FromParent]EndAt:1478220727848,RDD ID:12,Name:PythonRDD,TaskAttempt ID:21,Partition Id:9,Stage Id:3
16/11/03 18:52:07 INFO extraLogger: [iterator.FromParent]EndAt:1478220727849,RDD ID:13,Name:PairwiseRDD,TaskAttempt ID:21,Partition Id:9,Stage Id:3
16/11/03 18:52:07 INFO extraLogger: [ShuffleMapTask]EndAt:1478220727875,TaskAttempt ID:21,Partition Id:9,Stage Id:3
16/11/03 18:52:24 INFO extraLogger: [iterator.FromParent]EndAt:1478220744942,RDD ID:9,Name:PythonRDD,TaskAttempt ID:13,Partition Id:0,Stage Id:3
16/11/03 18:52:24 INFO extraLogger: [iterator.FromParent]EndAt:1478220744942,RDD ID:11,Name:UnionRDD,TaskAttempt ID:13,Partition Id:0,Stage Id:3
16/11/03 11616/11/03 18:52:45 INFO extraLogger: [iterator.FromParent]EndAt:1478220765147,RDD ID:12,Name:PythonRDD,TaskAttempt ID:14,Partition Id:1,Stage Id:3
16/11/03 18:52:45 INFO extraLogger: [iterator.FromParent]EndAt:1478220765148,RDD ID:13,Name:PairwiseRDD,TaskAttempt ID:14,Partition Id:1,Stage Id:3
16/11/03 18:52:46 INFO extraLogger: [ShuffleMapTask]EndAt:1478220766346,TaskAttempt ID:14,Partition Id:1,Stage Id:3
16/11/03 18:52:47 INFO extraLogger: [ShuffleMapTask]StartAt:1478220767412,TaskAttempt ID:27,Partition Id:6,Stage Id:4
16/11/03 18:52:47 INFO extraLogger: [iterator.FromParent]StartAt:1478220767413,RDD ID:20,Name:PairwiseRDD,TaskAttempt ID:27,Partition Id:6,Stage Id:4
16/11/03 18:52:47 INFO extraLogger: [iterator.FromParent]StartAt:1478220767413,RDD ID:19,Name:PythonRDD,TaskAttempt ID:27,Partition Id:6,Stage Id:4
16/11/03 18:52:47 INFO extraLogger: [iterator.FromParent]StartAt:1478220767414,RDD ID:18,Name:UnionRDD,TaskAttempt ID:27,Partition Id:6,Stage Id:4
16/11/03 18:52:47 INFO extraLogger: [iterator.FromParent]StartAt:1478220767414,RDD ID:17,Name:PythonRDD,TaskAttempt ID:27,Partition Id:6,Stage Id:4
16/11/03 18:52:47 INFO extraLogger: [iterator.FromCache]StartAt:1478220767415,RDD ID:8,Name:ParallelCollectionRDD,TaskAttempt ID:27,Partition Id:6,Stage Id:4
16/11/03 18:52:47 INFO extraLogger: [iterator.FromCache]EndAt:1478220767418,RDD ID:8,Name:ParallelCollectionRDD,TaskAttempt ID:27,Partition Id:6,Stage Id:4
16/11/03 18:52:47 INFO extraLogger: [ShuffleMapTask]StartAt:1478220767418,TaskAttempt ID:35,Partition Id:1,Stage Id:4
16/11/03 18:52:47 INFO extraLogger: [iterator.FromParent]StartAt:1478220767419,RDD ID:20,Name:PairwiseRDD,TaskAttempt ID:35,Partition Id:1,Stage Id:4
16/11/03 18:52:47 INFO extraLogger: [iterator.FromParent]StartAt:1478220767419,RDD ID:19,Name:PythonRDD,TaskAttempt ID:35,Partition Id:1,Stage Id:4
16/11/03 18:52:47 INFO extraLogger: [ShuffleMapTask]StartAt:1478220767419,TaskAttempt ID:31,Partition Id:10,Stage Id:4
16/11/03 18:52:47 INFO extraLogger: [iterator.FromParent]StartAt:1478220767420,RDD ID:20,Name:PairwiseRDD,TaskAttempt ID:31,Partition Id:10,Stage Id:4
16/11/03 18:52:47 INFO extraLogger: [iterator.FromParent]StartAt:1478220767421,RDD ID:18,Name:UnionRDD,TaskAttempt ID:35,Partition Id:1,Stage Id:4
16/11/03 18:52:47 INFO extraLogger: [iterator.FromParent]StartAt:1478220767421,RDD ID:19,Name:PythonRDD,TaskAttempt ID:31,Partition Id:10,Stage Id:4
16/11/03 18:52:47 INFO extraLogger: [iterator.FromParent]StartAt:1478220767422,RDD ID:16,Name:PythonRDD,TaskAttempt ID:35,Partition Id:1,Stage Id:4
16/11/03 18:52:47 INFO extraLogger: [iterator.FromParent]StartAt:1478220767422,RDD ID:18,Name:UnionRDD,TaskAttempt ID:31,Partition Id:10,Stage Id:4
16/11/03 18:52:47 INFO extraLogger: [iterator.FromParent]StartAt:1478220767423,RDD ID:15,Name:MapPartitionedRDD,TaskAttempt ID:35,Partition Id:1,Stage Id:4
16/11/03 18:52:47 INFO extraLogger: [iterator.FromParent]StartAt:1478220767423,RDD ID:17,Name:PythonRDD,TaskAttempt ID:31,Partition Id:10,Stage Id:4
16/11/03 18:52:47 INFO extraLogger: [iterator.FromParent]StartAt:1478220767423,RDD ID:14,Name:ShuffledRDD,TaskAttempt ID:35,Partition Id:1,Stage Id:4
16/11/03 18:52:47 INFO extraLogger: [iterator.FromParent]EndAt:1478220767423,RDD ID:17,Name:PythonRDD,TaskAttempt ID:27,Partition Id:6,Stage Id:4
16/11/03 18:52:47 INFO extraLogger: [iterator.FromParent]EndAt:1478220767424,RDD ID:18,Name:UnionRDD,TaskAttempt ID:27,Partition Id:6,Stage Id:4
16/11/03 18:52:47 INFO extraLogger: [iterator.FromCache]StartAt:1478220767425,RDD ID:8,Name:ParallelCollectionRDD,TaskAttempt ID:31,Partition Id:10,Stage Id:4
16/11/03 18:52:47 INFO extraLogger: [iterator.FromCache]EndAt:1478220767428,RDD ID:8,Name:ParallelCollectionRDD,TaskAttempt ID:31,Partition Id:10,Stage Id:4
16/11/03 18:52:47 INFO extraLogger: [iterator.FromParent]EndAt:1478220767435,RDD ID:17,Name:PythonRDD,TaskAttempt ID:31,Partition Id:10,Stage Id:4
16/11/03 18:52:47 INFO extraLogger: [iterator.FromParent]EndAt:1478220767436,RDD ID:18,Name:UnionRDD,TaskAttempt ID:31,Partition Id:10,Stage Id:4
16/11/03 18:52:47 INFO extraLogger: [iterator.FromParent]EndAt:1478220767439,RDD ID:19,Name:PythonRDD,TaskAttempt ID:27,Partition Id:6,Stage Id:4
16/11/03 18:52:47 INFO extraLogger: [iterator.FromParent]EndAt:1478220767439,RDD ID:20,Name:PairwiseRDD,TaskAttempt ID:27,Partition Id:6,Stage Id:4
16/11/03 18:52:47 INFO extraLogger: [ShuffleMapTask]EndAt:1478220767441,TaskAttempt ID:27,Partition Id:6,Stage Id:4
16/11/03 18:52:47 INFO extraLogger: [iterator.FromParent]EndAt:1478220767461,RDD ID:14,Name:ShuffledRDD,TaskAttempt ID:35,Partition 16/11/03 18:52:46 INFO extraLogger: [iterator.FromParent]EndAt:1478220766068,RDD ID:12,Name:PythonRDD,TaskAttempt ID:15,Partition Id:3,Stage Id:3
16/11/03 18:52:46 INFO extraLogger: [iterator.FromParent]EndAt:1478220766068,RDD ID:13,Name:PairwiseRDD,TaskAttempt ID:15,Partition Id:3,Stage Id:3
16/11/03 18:52:47 INFO extraLogger: [ShuffleMapTask]EndAt:1478220767256,TaskAttempt ID:15,Partition Id:3,Stage Id:3
16/11/03 18:52:47 INFO extraLogger: [ShuffleMapTask]StartAt:1478220767409,TaskAttempt ID:30,Partition Id:11,Stage Id:4
16/11/03 18:52:47 INFO extraLogger: [iterator.FromParent]StartAt:1478220767410,RDD ID:20,Name:PairwiseRDD,TaskAttempt ID:30,Partition Id:11,Stage Id:4
16/11/03 18:52:47 INFO extraLogger: [ShuffleMapTask]StartAt:1478220767410,TaskAttempt ID:26,Partition Id:7,Stage Id:4
16/11/03 18:52:47 INFO extraLogger: [iterator.FromPa16/11/03 18:53:22 INFO e16/11/03 18:53:24 INFO extraLogger: [iterator.FromParent]EndAt:1478220804222,RDD ID:19,Name:PythonRDD,TaskAttempt ID:35,Partition Id:1,Stage Id:4
16/11/03 18:53:24 INFO extraLogger: [iterator.FromParent]EndAt:1478220804223,RDD ID:20,Name:PairwiseRDD,TaskAttempt ID:35,Partition Id:1,Stage Id:4
16/11/03 18:53:25 INFO extraLogger: [ShuffleMapTask]EndAt:1478220805420,TaskAttempt ID:35,Partition Id:1,Stage Id:4
16/11/03 18:53:25 INFO extraLogger: [ShuffleMapTask]StartAt:1478220805673,TaskAttempt ID:36,Partition Id:1,Stage Id:5
16/11/03 18:53:25 INFO extraLogger: [iterator.FromParent]StartAt:1478220805674,RDD ID:27,Name:PairwiseRDD,TaskAttempt ID:36,Partition Id:1,Stage Id:5
16/11/03 18:53:25 INFO extraLogger: [iterator.FromParent]StartAt:1478220805675,RDD ID:26,Name:PythonRDD,TaskAttempt ID:36,Partition Id:1,Stage Id:5
16/11/03 18:53:25 INFO extraLogger: [ShuffleMapTask]StartAt:1478220805675,TaskAttempt ID:40,Partition Id:5,Stage Id:5
16/11/03 18:53:25 INFO extraLogger: [iterator.FromParent]StartAt:1478220805676,RDD ID:27,Name:PairwiseRDD,TaskAttempt ID:40,Partition Id:5,Stage Id:5
16/11/03 18:53:25 INFO extraLogger: [iterator.FromParent]StartAt:1478220805676,RDD ID:25,Name:UnionRDD,TaskAttempt ID:36,Partition Id:1,Stage Id:5
16/11/03 18:53:25 INFO extraLogger: [iterator.FromParent]StartAt:1478220805677,RDD ID:26,Name:PythonRDD,TaskAttempt ID:40,Partition Id:5,Stage Id:5
16/11/03 18:53:25 INFO extraLogger: [iterator.FromParent]StartAt:1478220805677,RDD ID:23,Name:PythonRDD,TaskAttempt ID:36,Partition Id:1,Stage Id:5
16/11/03 18:53:25 INFO extraLogger: [iterator.FromParent]StartAt:1478220805678,RDD ID:25,Name:UnionRDD,TaskAttempt ID:40,Partition Id:5,Stage Id:5
16/11/03 18:53:25 INFO extraLogger: [iterator.FromParent]StartAt:1478220805678,RDD ID:22,Name:MapPartitionedRDD,TaskAttempt ID:36,Partition Id:1,Stage Id:5
16/11/03 18:53:25 INFO extraLogger: [iterator.FromParent]StartAt:1478220805679,RDD ID:24,Name:PythonRDD,TaskAttempt ID:40,Partition Id:5,Stage Id:5
16/11/03 18:53:25 INFO extraLogger: [iterator.FromParent]StartAt:1478220805679,RDD ID:21,Name:ShuffledRDD,TaskAttempt ID:36,Partition Id:1,Stage Id:5
16/11/03 18:53:25 INFO extraLogger: [iterator.FromParent]StartAt:1478220805680,RDD ID:22,Name:MapPartitionedRDD,TaskAttempt ID:40,Partition Id:5,Stage Id:5
16/11/03 18:53:25 INFO extraLogger: [iterator.FromParent]StartAt:1478220805680,RDD ID:21,Name:ShuffledRDD,TaskAttempt ID:40,Partition Id:5,Stage Id:5
16/11/03 18:53:25 INFO extraLogger: [iterator.FromParent]EndAt:1478220805703,RDD ID:21,Name:ShuffledRDD,TaskAttempt ID:36,Partition Id:1,Stage Id:5
16/11/03 18:53:25 INFO extraLogger: [iterator.FromParent]EndAt:1478220805704,RDD ID:22,Name:MapPartitionedRDD,TaskAttempt ID:36,Partition Id:1,Stage Id:5
16/11/03 18:53:25 INFO extraLogger: [iterator.FromParent]EndAt:1478220805705,RDD ID:21,Name:ShuffledRDD,TaskAttempt ID:40,Partition Id:5,Stage Id:5
16/11/03 18:53:25 INFO extraLogger: [iterator.FromParent]EndAt:1478220805706,RDD ID:22,Name:MapPartitionedRDD,TaskAttempt ID:40,Pa16/11/03 18:54:48 INFO extraLogger: [iterator.FromParent]EndAt:1478220888478,RDD ID:24,Name:PythonRDD,TaskAttempt ID:43,Partition Id:4,Stage Id:5
16/11/03 18:54:48 INFO extraLogger: [iterator.FromParent]EndAt:1478220888479,RDD ID:25,Name:UnionRDD,TaskAttempt ID:43,Partition Id:4,Stage Id:5
16/11/03 18:54:48 INFO extraLogger: [iterator.FromParent]EndAt:1478220888539,RDD ID:26,Name:PythonRDD,TaskAttempt ID:43,Partition Id:4,Stage Id:5
16/11/03 18:54:48 INFO extraLogger: [iterator.FromParent]EndAt:1478220888539,RDD ID:27,Name:PairwiseRDD,TaskAttempt ID:43,Partition Id:4,Stage Id:5
16/11/03 18:54:48 INFO extraLogger: [ShuffleMapTask]EndAt:1478220888564,TaskAttempt ID:43,Partition Id:4,Stage Id:5
16/11/03 18:54:53 INFO extraLogger: [iterator.FromParent]EndAt:1478220893811,RDD ID:23,Name:PythonRDD,TaskAttempt ID:39,Partition Id:0,Stage Id:5
16/11/03 18:54:53 INFO extraLogger: [iterator.FromParent]EndAt:1478220893812,RDD ID:25,Name:UnionRDD,TaskAttempt ID:39,Partition Id:0,Stage Id:5
16/11/03 18:55:11 INFO extraLogger: [iterator.FromParent]EndAt:1478220911655,RDD ID:26,Name:PythonRDD,TaskAttempt ID:39,Partition Id:0,Stage Id:5
16/11/03 18:55:11 INFO extraLogger: [iterator.FromParent]EndAt:1478220911655,RDD ID:27,Name:PairwiseRDD,TaskAttempt ID:39,Partition Id:0,Stage Id:5
16/11/03 18:55:12 INFO extraLogger: [ShuffleMapTask]EndAt:1478220912819,TaskAttempt ID:39,Partition Id:0,Stage Id:5
16/11/03 116/11/03 18:55:12 INFO extraLogger: [ShuffleMapTask]StartAt:1478220912969,TaskAttempt ID:46,Partition Id:2,Stage Id:6
16/11/03 18:55:12 INFO extraLogger: [iterator.FromParent]StartAt:1478220912969,RDD ID:34,Name:PairwiseRDD,TaskAttempt ID:46,Partition Id:2,Stage Id:6
16/11/03 18:55:12 INFO extraLogger: [iterator.FromParent]StartAt:1478220912970,RDD ID:33,Name:PythonRDD,TaskAttempt ID:46,Partition Id:2,Stage Id:6
16/11/03 18:55:12 INFO extraLogger: [iterator.FromParent]StartAt:1478220912971,RDD ID:32,Name:UnionRDD,TaskAttempt ID:46,Partition Id:2,Stage Id:6
16/11/03 18:55:12 INFO extraLogger: [iterator.FromParent]StartAt:1478220912971,RDD ID:30,Name:PythonRDD,TaskAttempt ID:46,Partition Id:2,Stage Id:6
16/11/03 18:55:12 INFO extraLogger: [iterator.FromParent]StartAt:1478220912972,RDD ID:29,Name:MapPartitionedRDD,TaskAttempt ID:46,Partition Id:2,Stage Id:6
16/11/03 18:55:12 INFO extraLogger: [iterator.FromParent]StartAt:1478220912972,RDD ID:28,Name:ShuffledRDD,TaskAttempt ID:46,Partition Id:2,Stage Id:6
16/11/03 18:55:12 INFO extraLogger: [ShuffleMapTask]StartAt:1478220912973,TaskAttempt ID:50,Partition Id:6,Stage Id:6
16/11/03 18:55:12 INFO extraLogger: [iterator.FromParent]StartAt:1478220912974,RDD ID:34,Name:PairwiseRDD,TaskAttempt ID:50,Partition Id:6,Stage Id:6
16/11/03 18:55:12 INFO extraLogger: [iterator.FromParent]StartAt:1478220912975,RDD ID:33,Name:PythonRDD,TaskAttempt ID:50,Partition Id:6,Stage Id:6
16/11/03 18:55:12 INFO extraLogger: [iterator.FromParent]StartAt:1478220912976,RDD ID:32,Name:UnionRDD,TaskAttempt ID:50,Partition Id:6,Stage Id:6
16/11/03 18:55:12 INFO extraLogger: [iterator.FromParent]StartAt:1478220912977,RDD ID:31,Name:PythonRDD,TaskAttempt ID:50,Partition Id:6,Stage Id:6
16/11/03 18:55:12 INFO extraLogger: [iterator.FromParent]StartAt:1478220912978,RDD ID:29,Name:MapPartitionedRDD,TaskAttempt ID:50,Partition Id:6,Stage Id:6
16/11/03 18:55:12 INFO extraLogger: [iterator.FromParent]StartAt:1478220912979,RDD ID:28,Name:ShuffledRDD,TaskAttempt ID:50,Partition Id:6,Stage Id:6
16/11/03 18:55:12 INFO extraLogger: [iterator.FromParent]EndAt:1478220912995,RDD ID:28,Name:ShuffledRDD,TaskAttempt ID:50,Partition Id:6,Stage Id:6
16/11/03 18:55:12 INFO extraLogger: [iterator.FromParent]EndAt:1478220912995,RDD ID:29,Name:MapPartitionedRDD,TaskAttempt ID:50,Partition Id:6,Stage Id:6
16/11/03 18:55:12 INFO extraLogger: [iterator.FromParent]EndAt:1478220912999,RDD ID:28,Name:ShuffledRDD,TaskAttempt ID:46,Partition Id:2,Stage Id:6
16/11/03 18:55:13 INFO extraLogger: [iterator.FromParent]EndAt:1478220912999,RDD ID:29,Name:MapPartitionedRDD,TaskAttempt ID:46,Partition Id:2,S16/11/03 18:55:21 INFO extraLogger: [iterator.FromParent]EndAt:1478220921761,RDD ID:30,Name:PythonRDD,TaskAttempt ID:47,Partition Id:0,Stage Id:6
16/11/03 18:55:21 INFO extraLogger: [iterator.FromParent]EndAt:1478220921762,RDD ID:32,Name:UnionRDD,TaskAttempt ID:47,Partition Id:0,Stage Id:6
16/11/03 18:55:25 INFO extraLogger: [iterator.FromParent]EndAt:1478220925114,RDD ID:31,Name:PythonRDD,TaskAttempt ID:51,Partition Id:4,Stage Id:6
16/11/03 18:55:25 INFO extraLogger: [iterator.FromParent]EndAt:1478220925115,RDD ID:32,Name:UnionRDD,TaskAttempt ID:51,Partition Id:4,Stage Id:6
16/11/03 18:55:25 INFO extraLogger: [iterator.FromParent]EndAt:1478220925134,RDD ID:33,Name:PythonRDD,TaskAttempt ID:51,Partition Id:4,Stage Id:6
16/11/03 18:55:25 INFO extraLogger: [iterator.FromParent]EndAt:1478220925135,RDD ID:34,Name:PairwiseRDD,TaskAttempt ID:51,Partition Id:4,Stage Id:6
16/11/03 18:55:25 INFO extraLogger: [ShuffleMapTask]EndAt:1478220925160,TaskAttempt ID:51,Partition Id:4,Stage Id:6
16/11/03 18:55:40 INFO extraLogger: [iterator.FromParent]EndAt:1478220940897,RDD ID:33,Name:PythonRDD,TaskAttempt ID:47,Partition Id:0,Stage Id:6
16/11/03 18:55:40 INFO extraLogger: [iterator.FromParent]EndAt:1478220940898,RDD ID:34,Name:PairwiseRDD,TaskAttempt ID:47,Partition Id:0,Stage Id:6
16/11/03 116/11/03 18:55:43 INFO extraLogger: [ShuffleMapTask]EndAt:1478220943710,TaskAttempt ID:46,Partition Id:2,S16/11/03 18:56:55 INFO extraLogger: [ShuffleMapTask]StartAt:1478221015034,TaskAttempt ID:53,Partition Id:0,Stage Id:7
16/11/03 18:56:55 INFO extraLogger: [ShuffleMapTask]StartAt:1478221015035,TaskAttempt ID:57,Partition Id:4,Stage Id:7
16/11/03 18:56:55 INFO extraLogger: [iterator.FromParent]StartAt:1478221015035,RDD ID:41,Name:PairwiseRDD,TaskAttempt ID:53,Partition Id:0,Stage Id:7
16/11/03 18:56:55 INFO extraLogger: [iterator.FromParent]StartAt:1478221015035,RDD ID:40,Name:PythonRDD,TaskAttempt ID:53,Partition Id:0,Stage Id:7
16/11/03 18:56:55 INFO extraLogger: [iterator.FromParent]StartAt:1478221015035,RDD ID:41,Name:PairwiseRDD,TaskAttempt ID:57,Partition Id:4,Stage Id:7
16/11/03 18:56:55 INFO extraLogger: [iterator.FromParent]StartAt:1478221015035,RDD ID:40,Name:PythonRDD,TaskAttempt ID:57,Partition Id:4,Stage Id:7
16/11/03 18:56:55 INFO extraLogger: [iterator.FromParent]StartAt:1478221015036,RDD ID:39,Name:UnionRDD,TaskAttempt ID:53,Partition Id:0,Stage Id:7
16/11/03 18:56:55 INFO extraLogger: [iterator.FromParent]StartAt:1478221015036,RDD ID:37,Name:PythonRDD,TaskAttempt ID:53,Partition Id:0,Stage Id:7
16/11/03 18:56:55 INFO extraLogger: [iterator.FromParent]StartAt:1478221015037,RDD ID:39,Name:UnionRDD,TaskAttempt ID:57,Partition Id:4,Stage Id:7
16/11/03 18:56:55 INFO extraLogger: [iterator.FromParent]StartAt:1478221015037,RDD ID:38,Name:PythonRDD,TaskAttempt ID:57,Partition Id:4,Stage Id:7
16/11/03 18:56:55 INFO extraLogger: [iterator.FromParent]StartAt:1478221015038,RDD ID:36,Name:MapPartitionedRDD,TaskAttempt ID:53,Partition Id:0,Stage Id:7
16/11/03 18:56:55 INFO extraLogger: [iterator.FromParent]StartAt:1478221015038,RDD ID:35,Name:ShuffledRDD,TaskAttempt ID:53,Partition Id:0,Stage Id:7
16/11/03 18:56:55 INFO extraLogger: [iterator.FromParent]StartAt:1478221015038,RDD ID:36,Name:MapPartitionedRDD,TaskAttempt ID:57,Partition Id:4,Stage Id:7
16/11/03 18:56:55 INFO extraLogger: [iterator.FromParent]StartAt:1478221015039,RDD ID:35,Name:ShuffledRDD,TaskAttempt ID:57,Partition Id:4,Stage Id:7
16/11/03 18:56:55 INFO extraLogger: [iterator.FromParent]EndAt:1478221015060,RDD ID:35,Name:ShuffledRDD,TaskAttempt ID:57,Partition Id:4,Stage Id:7
16/11/03 18:56:55 INFO extraLogger: [iterator.FromParent]EndAt:1478221015062,RDD ID:36,Name:MapPartitionedRDD,TaskAttempt ID:57,Partition Id:4,Stage Id:7
16/11/03 18:56:55 INFO extraLogger: [iterator.FromParent]EndAt:1478221015066,RDD ID:35,Name:ShuffledRDD,TaskAttempt ID:53,Partition Id:0,Stage Id:7
16/11/03 18:56:55 INFO extraLogger: [iterator.FromParent]EndAt:1478221015066,RDD ID:36,Name:MapPartitionedRDD,TaskAttempt ID:53,Partition Id:0,Stage Id:7
16/11/03 116/11/03 18:58:11 INFO extraLogger: [iterator.FromParent]EndAt:1478221091643,RDD ID:38,Name:PythonRDD,TaskAttempt ID:58,Partition Id:6,Stage Id:7
16/11/03 18:58:11 INFO extraLogger: [iterator.FromParent]EndAt:1478221091643,RDD ID:39,Name:UnionRDD,TaskAttempt ID:58,Partition Id:6,Stage Id:7
16/11/03 18:58:11 INFO extraLogger: [iterator.FromParent]EndAt:1478221091695,RDD ID:40,Name:PythonRDD,TaskAttempt ID:58,Partition Id:6,Stage Id:7
16/11/03 18:58:11 INFO extraLogger: [iterator.FromParent]EndAt:1478221091695,RDD ID:41,Name:PairwiseRDD,TaskAttempt ID:58,Partition Id:6,Stage Id:7
16/11/03 18:58:11 INFO extraLogger: [ShuffleMapTask]EndAt:1478221091715,TaskAttempt ID:58,Partition Id:6,Stage Id:7
16/11/03 18:58:17 INFO extraLogger: [iterator.FromParent]EndAt:1478221097235,RDD ID:37,Name:PythonRDD,TaskAttempt ID:54,Partition Id:2,Stage Id:7
16/11/03 18:58:17 INFO extraLogger: [iterator.FromParent]EndAt:1478221097236,RDD ID:39,Name:UnionRDD,TaskAttempt ID:54,Partition Id:2,Stage Id:7
16/11/03 18:58:35 INFO extraLogger: [iterator.FromParent]EndAt:1478221115218,RDD ID:40,Name:PythonRDD,TaskAttempt ID:54,Partition Id:2,Stage Id:7
16/11/03 18:58:35 INFO extraLogger: [iterator.FromParent]EndAt:1478221115218,RDD ID:41,Name:PairwiseRDD,TaskAttempt ID:54,Partition Id:2,Stage Id:7
16/11/03 18:58:36 INFO extraLogger: [ShuffleMapTask]EndAt:1478221116356,TaskAttempt ID:54,Partition Id:2,S16/11/03 18:58:36 INFO extraLogger: [ShuffleMapTask]StartAt:1478221116456,TaskAttempt ID:62,Partition Id:0,Stage Id:8
16/11/03 18:58:36 INFO extraLogger: [ShuffleMapTask]StartAt:1478221116457,TaskAttempt ID:66,Partition Id:4,Stage Id:8
16/11/03 18:58:36 INFO extraLogger: [iterator.FromParent]StartAt:1478221116457,RDD ID:48,Name:PairwiseRDD,TaskAttempt ID:62,Partition Id:0,Stage Id:8
16/11/03 18:58:36 INFO extraLogger: [iterator.FromParent]StartAt:1478221116457,RDD ID:47,Name:PythonRDD,TaskAttempt ID:62,Partition Id:0,Stage Id:8
16/11/03 18:58:36 INFO extraLogger: [iterator.FromParent]StartAt:1478221116458,RDD ID:48,Name:PairwiseRDD,TaskAttempt ID:66,Partition Id:4,Stage Id:8
16/11/03 18:58:36 INFO extraLogger: [iterator.FromParent]StartAt:1478221116458,RDD ID:47,Name:PythonRDD,TaskAttempt ID:66,Partition Id:4,Stage Id:8
16/11/03 18:58:36 INFO extraLogger: [iterator.FromParent]StartAt:1478221116458,RDD ID:46,Name:UnionRDD,TaskAttempt ID:62,Partition Id:0,Stage Id:8
16/11/03 18:58:36 INFO extraLogger: [iterator.FromParent]StartAt:1478221116459,RDD ID:44,Name:PythonRDD,TaskAttempt ID:62,Partition Id:0,Stage Id:8
16/11/03 18:58:36 INFO extraLogger: [iterator.FromParent]StartAt:1478221116459,RDD ID:46,Name:UnionRDD,TaskAttempt ID:66,Partition Id:4,Stage Id:8
16/11/03 18:58:36 INFO extraLogger: [iterator.FromParent]StartAt:1478221116459,RDD ID:45,Name:PythonRDD,TaskAttempt ID:66,Partition Id:4,Stage Id:8
16/11/03 18:58:36 INFO extraLogger: [iterator.FromParent]StartAt:1478221116460,RDD ID:43,Name:MapPartitionedRDD,TaskAttempt ID:62,Partition Id:0,Stage Id:8
16/11/03 18:58:36 INFO extraLogger: [iterator.FromParent]StartAt:1478221116460,RDD ID:42,Name:ShuffledRDD,TaskAttempt ID:62,Partition Id:0,Stage Id:8
16/11/03 18:58:36 INFO extraLogger: [iterator.FromParent]StartAt:1478221116460,RDD ID:43,Name:MapPartitionedRDD,TaskAttempt ID:66,Partition Id:4,Stage Id:8
16/11/03 18:58:36 INFO extraLogger: [iterator.FromParent]StartAt:1478221116461,RDD ID:42,Name:ShuffledRDD,TaskAttempt ID:66,Partition Id:4,Stage Id:8
16/11/03 18:58:36 INFO extraLogger: [iterator.FromParent]EndAt:1478221116480,RDD ID:42,Name:ShuffledRDD,TaskAttempt ID:66,Partition Id:4,Stage Id:8
16/11/03 18:58:36 INFO extraLogger: [iterator.FromParent]EndAt:1478221116480,RDD ID:42,Name:ShuffledRDD,TaskAttempt ID:62,Partition Id:0,Stage Id:8
16/11/03 18:58:36 INFO extraLogger: [iterator.FromParent]EndAt:1478221116481,RDD ID:43,Name:MapPartitionedRDD,TaskAttempt ID:66,Partition Id:4,Stage Id:8
16/11/03 18:58:36 INFO extraLogger: [iterator.FromParent]EndAt:1478221116481,RDD ID:43,Name:MapPartitionedRDD,TaskAttempt ID:62,Partition Id:0,Stage Id:8
16/11/03 18:58:40 INFO e16/11/03 18:59:51 INFO extraLogger: [iterator.FromParent]EndAt:1478221191897,RDD ID:45,Name:PythonRDD,TaskAttempt ID:64,Partition Id:5,Stage Id:8
16/11/03 18:59:51 INFO extraLogger: [iterator.FromParent]EndAt:1478221191897,RDD ID:46,Name:UnionRDD,TaskAttempt ID:64,Partition Id:5,Stage Id:8
16/11/03 18:59:51 INFO extraLogger: [iterator.FromParent]EndAt:1478221191953,RDD ID:47,Name:PythonRDD,TaskAttempt ID:64,Partition Id:5,Stage Id:8
16/11/03 18:59:51 INFO extraLogger: [iterator.FromParent]EndAt:1478221191954,RDD ID:48,Name:PairwiseRDD,TaskAttempt ID:64,Partition Id:5,Stage Id:8
16/11/03 18:59:51 INFO extraLogger: [ShuffleMapTask]EndAt:1478221191981,TaskAttempt ID:64,Partition Id:5,Stage Id:8
16/11/03 18:59:58 INFO extraLogger: [iterator.FromParent]EndAt:1478221198157,RDD ID:44,Name:PythonRDD,TaskAttempt ID:60,Partition Id:1,Stage Id:8
16/11/03 18:59:58 INFO extraLogger: [iterator.FromParent]EndAt:1478221198158,RDD ID:46,Name:UnionRDD,TaskAttempt ID:60,Partition Id:1,Stage Id:8
16/11/03 19:00:16 INFO extraLogger: [iterator.FromParent]EndAt:1478221216997,RDD ID:47,Name:PythonRDD,TaskAttempt ID:60,Partition Id:1,Stage Id:8
16/11/03 19:00:16 INFO extraLogger: [iterator.FromParent]EndAt:1478221216997,RDD ID:48,Name:PairwiseRDD,TaskAttempt ID:60,Partition Id:1,Stage Id:8
16/11/03 19:00:18 INFO extraLogger: [ShuffleMapTask]EndAt:1478221218145,TaskAttempt ID:60,Pa16/11/03 19:00:18 INFO extraLogger: [ResultTask]StartAt:1478221218232,TaskAttempt ID:69,Partition Id:0,Stage Id:9
16/11/03 19:00:18 INFO extraLogger: [iterator.FromParent]StartAt:1478221218232,RDD ID:51,Name:PythonRDD,TaskAttempt ID:69,Partition Id:0,Stage Id:9
16/11/03 19:00:18 INFO extraLogger: [iterator.FromParent]StartAt:1478221218233,RDD ID:50,Name:MapPartitionedRDD,TaskAttempt ID:69,Partition Id:0,Stage Id:9
16/11/03 19:00:18 INFO extraLogger: [iterator.FromParent]StartAt:1478221218233,RDD ID:49,Name:ShuffledRDD,TaskAttempt ID:69,Partition Id:0,Stage Id:9
16/11/03 19:00:18 INFO extraLogger: [iterator.FromParent]EndAt:1478221218253,RDD ID:49,Name:ShuffledRDD,TaskAttempt ID:69,Partition Id:0,Stage Id:9
16/11/03 19:00:18 INFO extraLogger: [iterator.FromParent]EndAt:1478221218254,RDD ID:50,Name:MapPartitionedRDD,TaskAttempt ID:69,Partition Id:0,Stage Id:9
16/11/03 19:00:32 INFO extraLogger: [iterator.FromParent]EndAt:1478221232954,RDD ID:51,Name:PythonRDD,TaskAttempt ID:69,Partition Id:0,Stage Id:9
16/11/03 19:00:32 INFO extraLogger: [ResultTask]EndAt:1478221232957,TaskAttempt ID:69,Partition Id:0,Stage Id:9
16/11/03 19:00:33 INFO e16/11/03 19:00:33 INFO extraLogger: [ShuffleMapTask]StartAt:1478221233243,TaskAttempt ID:74,Partition Id:1,Stage Id:16
16/11/03 19:00:33 INFO extraLogger: [iterator.FromParent]StartAt:1478221233243,RDD ID:56,Name:PairwiseRDD,TaskAttempt ID:74,Partition Id:1,Stage Id:16
16/11/03 19:00:33 INFO extraLogger: [iterator.FromParent]StartAt:1478221233243,RDD ID:55,Name:PythonRDD,TaskAttempt ID:74,Partition Id:1,Stage Id:16
16/11/03 19:00:33 INFO extraLogger: [iterator.FromParent]StartAt:1478221233244,RDD ID:54,Name:UnionRDD,TaskAttempt ID:74,Partition Id:1,Stage Id:16
16/11/03 19:00:33 INFO extraLogger: [iterator.FromParent]StartAt:1478221233244,RDD ID:52,Name:PythonRDD,TaskAttempt ID:74,Partition Id:1,Stage Id:16
16/11/03 19:00:33 INFO extraLogger: [iterator.FromParent]StartAt:1478221233245,RDD ID:43,Name:MapPartitionedRDD,TaskAttempt ID:74,Partition Id:1,Stage Id:16
16/11/03 19:00:33 INFO extraLogger: [iterator.FromParent]StartAt:1478221233245,RDD ID:42,Name:ShuffledRDD,TaskAttempt ID:74,Partition Id:1,Stage Id:16
16/11/03 19:00:33 INFO extraLogger: [ShuffleMapTask]StartAt:1478221233248,TaskAttempt ID:78,Partition Id:5,Stage Id:16
16/11/03 19:00:33 INFO extraLogger: [iterator.FromParent]StartAt:1478221233249,RDD ID:56,Name:PairwiseRDD,TaskAttempt ID:78,Partition Id:5,Stage Id:16
16/11/03 19:00:33 INFO extraLogger: [iterator.FromParent]StartAt:1478221233250,RDD ID:55,Name:PythonRDD,TaskAttempt ID:78,Partition Id:5,Stage Id:16
16/11/03 19:00:33 INFO extraLogger: [iterator.FromParent]StartAt:1478221233251,RDD ID:54,Name:UnionRDD,TaskAttempt ID:78,Partition Id:5,Stage Id:16
16/11/03 19:00:33 INFO extraLogger: [iterator.FromParent]StartAt:1478221233252,RDD ID:53,Name:PythonRDD,TaskAttempt ID:78,Partition Id:5,Stage Id:16
16/11/03 19:00:33 INFO extraLogger: [iterator.FromParent]StartAt:1478221233253,RDD ID:43,Name:MapPartitionedRDD,TaskAttempt ID:78,Partition Id:5,Stage Id:16
16/11/03 19:00:33 INFO extraLogger: [iterator.FromParent]StartAt:1478221233254,RDD ID:42,Name:ShuffledRDD,TaskAttempt ID:78,Partition Id:5,Stage Id:16
16/11/03 19:00:33 INFO extraLogger: [iterator.FromParent]EndAt:1478221233269,RDD ID:42,Name:ShuffledRDD,TaskAttempt ID:78,Partition Id:5,Stage Id:16
16/11/03 19:00:33 INFO extraLogger: [iterator.FromParent]EndAt:1478221233269,RDD ID:43,Name:MapPartitionedRDD,TaskAttempt ID:78,Partition Id:5,Stage Id:16
16/11/03 19:00:33 INFO extraLogger: [iterator.FromParent]EndAt:1478221233272,RDD ID:42,Name:ShuffledRDD,TaskAttempt ID:74,Partition Id:1,Stage Id:16
16/11/03 19:00:33 INFO extraLogger: [iterator.FromParent]EndAt:1478221233273,RDD ID:43,Name:MapPartitionedRDD,TaskAttempt ID:74,Partition Id:1,Stage Id:16
16/11/03 19:01:58 INFO extraLogger: [iterator.FromParent]EndAt:1478221318826,RDD ID:53,Name:PythonRDD,TaskAttempt ID:78,Partition Id:5,Stage Id:16
16/11/03 19:01:58 INFO extraLogger: [iterator.FromParent]EndAt:1478221318827,RDD ID:54,Name:UnionRDD,TaskAttempt ID:78,Partition Id:5,Stage Id:16
16/11/03 19:01:58 INFO extraLogger: [iterator.FromParent]EndAt:1478221318884,RDD ID:55,Name:PythonRDD,TaskAttempt ID:78,Partition Id:5,Stage Id:16
16/11/03 19:01:58 INFO extraLogger: [iterator.FromParent]EndAt:1478221318884,RDD ID:56,Name:PairwiseRDD,TaskAttempt ID:78,Partition Id:5,Stage Id:16
16/11/03 19:01:58 INFO extraLogger: [ShuffleMapTask]EndAt:1478221318908,TaskAttempt ID:78,Partition Id:5,Stage Id:16
16/11/03 19:02:04 INFO extraLogger: [iterator.FromParent]EndAt:1478221324209,RDD ID:52,Name:PythonRDD,TaskAttempt ID:74,Partition Id:1,Stage Id:16
16/11/03 19:02:04 INFO extraLogger: [iterator.FromParent]EndAt:1478221324210,RDD ID:54,Name:UnionRDD,TaskAttempt ID:74,Partition Id:1,Stage Id:16
16/11/03 19:02:22 INFO extraLogger: [iterator.FromParent]EndAt:1478221342408,RDD ID:55,Name:PythonRDD,TaskAttempt ID:74,Partition Id:1,Stage Id:16
16/11/03 19:02:22 INFO extraLogger: [iterator.FromParent]EndAt:1478221342409,RDD ID:56,Name:PairwiseRDD,TaskAttempt ID:74,Partition Id:1,Stage Id:16
16/11/03 19:02:23 INFO extraLogger: [ShuffleMapTask]EndAt:1478221343581,TaskAttempt ID:74,Par16/11/03 116/11/03 19:02:23 INFO extraLogger: [ResultTask]StartAt:1478221343687,TaskAttempt ID:83,Partition Id:2,Stage Id:17
16/11/03 19:02:23 INFO extraLogger: [iterator.FromParent]StartAt:1478221343688,RDD ID:59,Name:PythonRDD,TaskAttempt ID:83,Partition Id:2,Stage Id:17
16/11/03 19:02:23 INFO extraLogger: [iterator.FromParent]StartAt:1478221343689,RDD ID:58,Name:MapPartitionedRDD,TaskAttempt ID:83,Partition Id:2,Stage Id:17
16/11/03 19:02:23 INFO extraLogger: [iterator.FromParent]StartAt:1478221343689,RDD ID:57,Name:ShuffledRDD,TaskAttempt ID:83,Partition Id:2,Stage Id:17
16/11/03 19:02:23 INFO extraLogger: [iterator.FromParent]EndAt:1478221343708,RDD ID:57,Name:ShuffledRDD,TaskAttempt ID:83,Partition Id:2,Stage Id:17
16/11/03 19:02:23 INFO extraLogger: [iterator.FromParent]EndAt:1478221343708,RDD ID:58,Name:MapPartitionedRDD,TaskAttempt ID:83,Partition Id:2,Stage Id:17
16/11/03 19:02:26 INFO extraLogger: [iterator.FromParent]EndAt:1478221346806,RDD ID:59,Name:PythonRDD,TaskAttempt ID:83,Partition Id:2,Stage Id:17
16/11/03 19:02:26 INFO extraLogger: [ResultTask]EndAt:1478221346808,TaskAttempt ID:83,Partition Id:2,Stage Id:17
16/11/03 19:0216/11/03 19:02:38 INFO extraLogger: [ShuffleMapTask]StartAt:1478221358677,TaskAttempt ID:85,Partition Id:1,Stage Id:24
16/11/03 19:02:38 INFO extraLogger: [ShuffleMapTask]StartAt:1478221358678,TaskAttempt ID:89,Partition Id:5,Stage Id:24
16/11/03 19:02:38 INFO extraLogger: [iterator.FromParent]StartAt:1478221358678,RDD ID:64,Name:PairwiseRDD,TaskAttempt ID:85,Partition Id:1,Stage Id:24
16/11/03 19:02:38 INFO extraLogger: [iterator.FromParent]StartAt:1478221358678,RDD ID:63,Name:PythonRDD,TaskAttempt ID:85,Partition Id:1,Stage Id:24
16/11/03 19:02:38 INFO extraLogger: [iterator.FromParent]StartAt:1478221358678,RDD ID:64,Name:PairwiseRDD,TaskAttempt ID:89,Partition Id:5,Stage Id:24
16/11/03 19:02:38 INFO extraLogger: [iterator.FromParent]StartAt:1478221358679,RDD ID:63,Name:PythonRDD,TaskAttempt ID:89,Partition Id:5,Stage Id:24
16/11/03 19:02:38 INFO extraLogger: [iterator.FromParent]StartAt:1478221358679,RDD ID:62,Name:UnionRDD,TaskAttempt ID:85,Partition Id:1,Stage Id:24
16/11/03 19:02:38 INFO extraLogger: [iterator.FromParent]StartAt:1478221358680,RDD ID:62,Name:UnionRDD,TaskAttempt ID:89,Partition Id:5,Stage Id:24
16/11/03 19:02:38 INFO extraLogger: [iterator.FromParent]StartAt:1478221358680,RDD ID:60,Name:PythonRDD,TaskAttempt ID:85,Partition Id:1,Stage Id:24
16/11/03 19:02:38 INFO extraLogger: [iterator.FromParent]StartAt:1478221358680,RDD ID:61,Name:PythonRDD,TaskAttempt ID:89,Partition Id:5,Stage Id:24
16/11/03 19:02:38 INFO extraLogger: [iterator.FromParent]StartAt:1478221358681,RDD ID:43,Name:MapPartitionedRDD,TaskAttempt ID:85,Partition Id:1,Stage Id:24
16/11/03 19:02:38 INFO extraLogger: [iterator.FromParent]StartAt:1478221358681,RDD ID:43,Name:MapPartitionedRDD,TaskAttempt ID:89,Partition Id:5,Stage Id:24
16/11/03 19:02:38 INFO extraLogger: [iterator.FromParent]StartAt:1478221358681,RDD ID:42,Name:ShuffledRDD,TaskAttempt ID:85,Partition Id:1,Stage Id:24
16/11/03 19:02:38 INFO extraLogger: [iterator.FromParent]StartAt:1478221358681,RDD ID:42,Name:ShuffledRDD,TaskAttempt ID:89,Partition Id:5,Stage Id:24
16/11/03 19:02:38 INFO extraLogger: [iterator.FromParent]EndAt:1478221358704,RDD ID:42,Name:ShuffledRDD,TaskAttempt ID:85,Partition Id:1,Stage Id:24
16/11/03 19:02:38 INFO extraLogger: [iterator.FromParent]EndAt:1478221358705,RDD ID:43,Name:MapPartitionedRDD,TaskAttempt ID:85,Partition Id:1,Stage Id:24
16/11/03 19:02:38 INFO extraLogger: [iterator.FromParent]EndAt:1478221358705,RDD ID:42,Name:ShuffledRDD,TaskAttempt ID:89,Partition Id:5,Stage Id:24
16/11/03 19:02:38 INFO extraLogger: [iterator.FromParent]EndAt:1478221358706,RDD ID:43,Name:MapPartitionedRDD,TaskAttempt ID:89,Partition Id:5,Stage Id:24
16/11/03 19:04:04 INFO extraLogger: [iterator.FromParent]EndAt:1478221444224,RDD ID:61,Name:PythonRDD,TaskAttempt ID:89,Partition Id:5,Stage Id:24
16/11/03 19:04:04 INFO extraLogger: [iterator.FromParent]EndAt:1478221444224,RDD ID:62,Name:UnionRDD,TaskAttempt ID:89,Partition Id:5,Stage Id:24
16/11/03 19:04:04 INFO extraLogger: [iterator.FromParent]EndAt:1478221444276,RDD ID:63,Name:PythonRDD,TaskAttempt ID:89,Partition Id:5,Stage Id:24
16/11/03 19:04:04 INFO extraLogger: [iterator.FromParent]EndAt:1478221444277,RDD ID:64,Name:PairwiseRDD,TaskAttempt ID:89,Partition Id:5,Stage Id:24
16/11/03 19:04:04 INFO extraLogger: [ShuffleMapTask]EndAt:1478221444303,TaskAttempt ID:89,Partition Id:5,Stage Id:24
16/11/03 19:04:11 INFO extraLogger: [iterator.FromParent]EndAt:1478221451655,RDD ID:60,Name:PythonRDD,TaskAttempt ID:85,Partition Id:1,Stage Id:24
16/11/03 19:04:11 INFO extraLogger: [iterator.FromParent]EndAt:1478221451656,RDD ID:62,Name:UnionRDD,TaskAttempt ID:85,Partition Id:1,Stage Id:24
16/11/03 19:04:29 INFO extraLogger: [iterator.FromParent]EndAt:1478221469463,RDD ID:63,Name:PythonRDD,TaskAttempt ID:85,Partition Id:1,Stage Id:24
16/11/03 19:04:29 INFO extraLogger: [iterator.FromParent]EndAt:1478221469463,RDD ID:64,Name:PairwiseRDD,TaskAttempt ID:85,Partition Id:1,Stage Id:24
16/11/03 19:04:30 INFO extraLogger: [ShuffleMapTask]EndAt:1478221470615,TaskAttempt ID:85,Par16/11/03 116/11/03 19:04:30 INFO extraLogger: [ResultTask]StartAt:1478221470716,TaskAttempt ID:93,Partition Id:2,Stage Id:25
16/11/03 19:04:30 INFO extraLogger: [iterator.FromParent]StartAt:1478221470716,RDD ID:67,Name:PythonRDD,TaskAttempt ID:93,Partition Id:2,Stage Id:25
16/11/03 19:04:30 INFO extraLogger: [iterator.FromParent]StartAt:1478221470717,RDD ID:66,Name:MapPartitionedRDD,TaskAttempt ID:93,Partition Id:2,Stage Id:25
16/11/03 19:04:30 INFO extraLogger: [iterator.FromParent]StartAt:1478221470718,RDD ID:65,Name:ShuffledRDD,TaskAttempt ID:93,Partition Id:2,Stage Id:25
16/11/03 19:04:30 INFO extraLogger: [iterator.FromParent]EndAt:1478221470747,RDD ID:65,Name:ShuffledRDD,TaskAttempt ID:93,Partition Id:2,Stage Id:25
16/11/03 19:04:30 INFO extraLogger: [iterator.FromParent]EndAt:1478221470747,RDD ID:66,Name:MapPartitionedRDD,TaskAttempt ID:93,Partition Id:2,Stage Id:25
16/11/03 19:04:45 INFO extraLogger: [iterator.FromParent]EndAt:1478221485554,RDD ID:67,Name:PythonRDD,TaskAttempt ID:93,Partition Id:2,Stage Id:25
16/11/03 19:04:45 INFO extraLogger: [ResultTask]EndAt:1478221485555,TaskAttempt ID:93,Partition Id:2,Stage Id:25
16/11/03 19:0416/11/03 19:04:45 INFO extraLogger: [ShuffleMapTask]StartAt:1478221485805,TaskAttempt ID:99,Partition Id:1,Stage Id:32
16/11/03 19:04:45 INFO extraLogger: [iterator.FromParent]StartAt:1478221485806,RDD ID:72,Name:PairwiseRDD,TaskAttempt ID:99,Partition Id:1,Stage Id:32
16/11/03 19:04:45 INFO extraLogger: [iterator.FromParent]StartAt:1478221485807,RDD ID:71,Name:PythonRDD,TaskAttempt ID:99,Partition Id:1,Stage Id:32
16/11/03 19:04:45 INFO extraLogger: [iterator.FromParent]StartAt:1478221485807,RDD ID:70,Name:UnionRDD,TaskAttempt ID:99,Partition Id:1,Stage Id:32
16/11/03 19:04:45 INFO extraLogger: [iterator.FromParent]StartAt:1478221485808,RDD ID:68,Name:PythonRDD,TaskAttempt ID:99,Partition Id:1,Stage Id:32
16/11/03 19:04:45 INFO extraLogger: [iterator.FromParent]StartAt:1478221485809,RDD ID:43,Name:MapPartitionedRDD,TaskAttempt ID:99,Partition Id:1,Stage Id:32
16/11/03 19:04:45 INFO extraLogger: [iterator.FromParent]StartAt:1478221485809,RDD ID:42,Name:ShuffledRDD,TaskAttempt ID:99,Partition Id:1,Stage Id:32
16/11/03 19:04:45 INFO extraLogger: [ShuffleMapTask]StartAt:1478221485809,TaskAttempt ID:103,Partition Id:5,Stage Id:32
16/11/03 19:04:45 INFO extraLogger: [iterator.FromParent]StartAt:1478221485810,RDD ID:72,Name:PairwiseRDD,TaskAttempt ID:103,Partition Id:5,Stage Id:32
16/11/03 19:04:45 INFO extraLogger: [iterator.FromParent]StartAt:1478221485811,RDD ID:71,Name:PythonRDD,TaskAttempt ID:103,Partition Id:5,Stage Id:32
16/11/03 19:04:45 INFO extraLogger: [iterator.FromParent]StartAt:1478221485812,RDD ID:70,Name:UnionRDD,TaskAttempt ID:103,Partition Id:5,Stage Id:32
16/11/03 19:04:45 INFO extraLogger: [iterator.FromParent]StartAt:1478221485813,RDD ID:69,Name:PythonRDD,TaskAttempt ID:103,Partition Id:5,Stage Id:32
16/11/03 19:04:45 INFO extraLogger: [iterator.FromParent]StartAt:1478221485814,RDD ID:43,Name:MapPartitionedRDD,TaskAttempt ID:103,Partition Id:5,Stage Id:32
16/11/03 19:04:45 INFO extraLogger: [iterator.FromParent]StartAt:1478221485815,RDD ID:42,Name:ShuffledRDD,TaskAttempt ID:103,Partition Id:5,Stage Id:32
16/11/03 19:04:45 INFO extraLogger: [iterator.FromParent]EndAt:1478221485825,RDD ID:42,Name:ShuffledRDD,TaskAttempt ID:99,Partition Id:1,Stage Id:32
16/11/03 19:04:45 INFO extraLogger: [iterator.FromParent]EndAt:1478221485825,RDD ID:43,Name:MapPartitionedRDD,TaskAttempt ID:99,Partition Id:1,Stage Id:32
16/11/03 19:04:45 INFO extraLogger: [iterator.FromParent]EndAt:1478221485826,RDD ID:42,Name:ShuffledRDD,TaskAttempt ID:103,Partition Id:5,Stage Id:32
16/11/03 19:04:45 INFO extraLogger: [iterator.FromParent]EndAt:1478221485827,RDD ID:43,Name:MapPartitionedRDD,TaskAttempt ID:103,Partition Id:5,Stage Id:32
16/11/03 19:06:11 INFO extraLogger: [iterator.FromParent]EndAt:1478221571069,RDD ID:69,Name:PythonRDD,TaskAttempt ID:103,Partition Id:5,Stage Id:32
16/11/03 19:06:11 INFO extraLogger: [iterator.FromParent]EndAt:1478221571069,RDD ID:70,Name:UnionRDD,TaskAttempt ID:103,Partition Id:5,Stage Id:32
16/11/03 19:06:11 INFO extraLogger: [iterator.FromParent]EndAt:1478221571120,RDD ID:71,Name:PythonRDD,TaskAttempt ID:103,Partition Id:5,Stage Id:32
16/11/03 19:06:11 INFO extraLogger: [iterator.FromParent]EndAt:1478221571120,RDD ID:72,Name:PairwiseRDD,TaskAttempt ID:103,Partition Id:5,Stage Id:32
16/11/03 19:06:11 INFO extraLogger: [ShuffleMapTask]EndAt:1478221571145,TaskAttempt ID:103,Partition Id:5,Stage Id:32
16/11/03 19:06:18 INFO extraLogger: [iterator.FromParent]EndAt:1478221578681,RDD ID:68,Name:PythonRDD,TaskAttempt ID:99,Partition Id:1,Stage Id:32
16/11/03 19:06:18 INFO extraLogger: [iterator.FromParent]EndAt:1478221578682,RDD ID:70,Name:UnionRDD,TaskAttempt ID:99,Partition Id:1,Stage Id:32
16/11/03 19:06:37 INFO extraLogger: [iterator.FromParent]EndAt:1478221597117,RDD ID:71,Name:PythonRDD,TaskAttempt ID:99,Partition Id:1,Stage Id:32
16/11/03 19:06:37 INFO extraLogger: [iterator.FromParent]EndAt:1478221597117,RDD ID:72,Name:PairwiseRDD,TaskAttempt ID:99,Partition Id:1,Stage Id:32
16/11/03 19:06:38 INFO extraLogger: [ShuffleMapTask]EndAt:1478221598294,TaskAttempt ID:99,Par16/11/03 19:06:38 INFO extraLogger: [ResultTask]StartAt:1478221598378,TaskAttempt ID:106,Partition Id:0,Stage Id:33
16/11/03 19:06:38 INFO extraLogger: [iterator.FromParent]StartAt:1478221598379,RDD ID:75,Name:PythonRDD,TaskAttempt ID:106,Partition Id:0,Stage Id:33
16/11/03 19:06:38 INFO extraLogger: [iterator.FromParent]StartAt:1478221598380,RDD ID:74,Name:MapPartitionedRDD,TaskAttempt ID:106,Partition Id:0,Stage Id:33
16/11/03 19:06:38 INFO extraLogger: [iterator.FromParent]StartAt:1478221598380,RDD ID:73,Name:ShuffledRDD,TaskAttempt ID:106,Partition Id:0,Stage Id:33
16/11/03 19:06:38 INFO extraLogger: [iterator.FromParent]EndAt:1478221598397,RDD ID:73,Name:ShuffledRDD,TaskAttempt ID:106,Partition Id:0,Stage Id:33
16/11/03 19:06:38 INFO extraLogger: [iterator.FromParent]EndAt:1478221598397,RDD ID:74,Name:MapPartitionedRDD,TaskAttempt ID:106,Partition Id:0,Stage Id:33
16/11/03 19:06:41 INFO extraLogger: [iterator.FromParent]EndAt:1478221601452,RDD ID:75,Name:PythonRDD,TaskAttempt ID:106,Partition Id:0,Stage Id:33
16/11/03 19:06:41 INFO extraLogger: [ResultTask]EndAt:1478221601454,TaskAttempt ID:106,Partition Id:0,Stage Id:33
age Id:33
1,Stage Id:33
5801,RDD ID:71,Name:PythonRDD,TaskAttempt ID:100,Partition Id:7,Stage Id:32
16/11/03 19:04:45 INFO extraLogger: [iterator.FromParent]StartAt:1478221485801,RDD ID:71,Name:PythonRDD,TaskAttempt ID:96,Partition Id:3,Stage Id:32
16/11/03 19:04:45 INFO extraLogger: [iterator.FromParent]StartAt:1478221485802,RDD ID:70,Name:UnionRDD,TaskAttempt ID:100,Partition Id:7,Stage Id:32
16/11/03 19:04:45 INFO extraLogger: [iterator.FromParent]StartAt:1478221485802,RDD ID:70,Name:UnionRDD,TaskAttempt ID:96,Partition Id:3,Stage Id:32
16/11/03 19:04:45 INFO extraLogger: [iterator.FromParent]StartAt:1478221485803,RDD ID:69,Name:PythonRDD,TaskAttempt ID:100,Partition Id:7,Stage Id:32
16/11/03 19:04:45 INFO extraLogger: [iterator.FromParent]StartAt:1478221485803,RDD ID:68,Name:PythonRDD,TaskAttempt ID:96,Partition Id:3,Stage Id:32
16/11/03 19:04:45 INFO extraLogger: [iterator.FromParent]StartAt:1478221485804,RDD ID:43,Name:MapPartitionedRDD,TaskAttempt ID:100,Partition Id:7,Stage Id:32
16/11/03 19:04:45 INFO extraLogger: [iterator.FromParent]StartAt:1478221485804,RDD ID:43,Name:MapPartitionedRDD,TaskAttempt ID:96,Partition Id:3,Stage Id:32
16/11/03 19:04:45 INFO extraLogger: [iterator.FromParent]StartAt:1478221485804,RDD ID:42,Name:ShuffledRDD,TaskAttempt ID:100,Partition Id:7,Stage Id:32
16/11/03 19:04:45 INFO extraLogger: [iterator.FromParent]StartAt:1478221485804,RDD ID:42,Name:ShuffledRDD,TaskAttempt ID:96,Partition Id:3,Stage Id:32
16/11/03 19:04:45 INFO extraLogger: [iterator.FromParent]EndAt:1478221485824,RDD ID:42,Name:ShuffledRDD,TaskAttempt ID:100,Partition Id:7,Stage Id:32
16/11/03 19:04:45 INFO extraLogger: [iterator.FromParent]EndAt:1478221485824,RDD ID:42,Name:ShuffledRDD,TaskAttempt ID:96,Partition Id:3,Stage Id:32
16/11/03 19:04:45 INFO extraLogger: [iterator.FromParent]EndAt:1478221485825,RDD ID:43,Name:MapPartitionedRDD,TaskAttempt ID:100,Partition Id:7,Stage Id:32
16/11/03 19:04:45 INFO extraLogger: [iterator.FromParent]EndAt:1478221485825,RDD ID:43,Name:MapPartitionedRDD,TaskAttempt ID:96,Partition Id:3,Stage Id:32
16/11/03 19:04:55 INFO extraLogger: [iterator.FromParent]EndAt:1478221495758,RDD ID:68,Name:PythonRDD,TaskAttempt ID:96,Partition Id:3,Stage Id:32
16/11/03 19:04:55 INFO extraLogger: [iterator.FromParent]EndAt:1478221495758,RDD ID:70,Name:UnionRDD,TaskAttempt ID:96,Partition Id:3,Stage Id:32
16/11/03 19:04:59 INFO extraLogger: [iterator.FromParent]EndAt:1478221499889,RDD ID:69,Name:PythonRDD,TaskAttempt ID:100,Partition Id:7,Stage Id:32
16/11/03 19:04:59 INFO extraLogger: [iterator.FromParent]EndAt:1478221499890,RDD ID:70,Name:UnionRDD,TaskAttempt ID:100,Partition Id:7,Stage Id:32
16/11/03 19:04:59 INFO extraLogger: [iterator.FromParent]EndAt:1478221499907,RDD ID:71,Name:PythonRDD,TaskAttempt ID:100,Partition Id:7,Stage Id:32
16/11/03 19:04:59 INFO extraLogger: [iterator.FromParent]EndAt:1478221499907,RDD ID:72,Name:PairwiseRDD,TaskAttempt ID:100,Partition Id:7,Stage Id:32
16/11/03 19:04:59 INFO extraLogger: [ShuffleMapTask]EndAt:1478221499936,TaskAttempt ID:100,Partition Id:7,Stage Id:32
16/11/03 19:05:14 INFO extraLogger: [iterator.FromParent]EndAt:1478221514820,RDD ID:71,Name:PythonRDD,TaskAttempt ID:96,Partition Id:3,Stage Id:32
16/11/03 19:05:14 INFO extraLogger: [iterator.FromParent]EndAt:1478221514820,RDD ID:72,Name:PairwiseRDD,TaskAttempt ID:96,Partition Id:3,Stage Id:32
16/11/03 19:05:15 INFO extraLogger: [ShuffleMapTask]EndAt:1478221515991,TaskAttempt ID:96,Partition Id:3,Stage Id:32
16/11/03 19:06:38 INFO extraLogger: [ResultTask]StartAt:1478221598390,TaskAttempt ID:107,Partition Id:3,Stage Id:33
16/11/03 19:06:38 INFO extraLogger: [iterator.FromParent]StartAt:1478221598390,RDD ID:75,Name:PythonRDD,TaskAttempt ID:107,Partition Id:3,Stage Id:33
16/11/03 19:06:38 INFO extraLogger: [iterator.FromParent]StartAt:1478221598392,RDD ID:74,Name:MapPartitionedRDD,TaskAttempt ID:107,Partition Id:3,Stage Id:33
16/11/03 19:06:38 INFO extraLogger: [iterator.FromParent]StartAt:1478221598392,RDD ID:73,Name:ShuffledRDD,TaskAttempt ID:107,Partition Id:3,Stage Id:33
16/11/03 19:06:38 INFO extraLogger: [iterator.FromParent]EndAt:1478221598412,RDD ID:73,Name:ShuffledRDD,TaskAttempt ID:107,Partition Id:3,Stage Id:33
16/11/03 19:06:38 INFO extraLogger: [iterator.FromParent]EndAt:1478221598413,RDD ID:74,Name:MapPartitionedRDD,TaskAttempt ID:107,Partition Id:3,Stage Id:33
16/11/03 19:06:41 INFO extraLogger: [iterator.FromParent]EndAt:1478221601659,RDD ID:75,Name:PythonRDD,TaskAttempt ID:107,Partition Id:3,Stage Id:33
16/11/03 19:06:41 INFO extraLogger: [ResultTask]EndAt:1478221601661,TaskAttempt ID:107,Partition Id:3,Stage Id:33
