16/11/03 18:50:46 INFO serializeLogger: [CreationPYRE]StartAt:1478220646327,Parent RDD ID:1,Name:../ml-10M100K/clean.dat,TaskAttempt ID:4,Partition Id:0,Stage Id:1
16/11/03 18:50:46 INFO serializeLogger: [CreationPYRE]EndAt:1478220646328,Parent RDD ID:1,Name:../ml-10M100K/clean.dat,TaskAttempt ID:4,Partition Id:0,Stage Id:1
16/11/03 18:50:46 INFO serializeLogger: [RunnerCompute]StartAt:1478220646328,Parent RDD ID:1,Name:../ml-10M100K/clean.dat,TaskAttempt ID:4,Partition Id:0,Stage Id:1
16/11/03 18:50:53 INFO serializeLogger: [writerThread]StartAt:1478220653423,Parent RDD ID:1,Name:../ml-10M100K/clean.dat,TaskAttempt ID:4,Partition Id:0,Stage Id:1
16/11/03 18:51:13 INFO serializeLogger: [RunnerCompute]EndAt:1478220673799,Parent RDD ID:1,Name:../ml-10M100K/clean.dat,TaskAttempt ID:4,Partition Id:0,Stage Id:1
16/11/03 18:51:13 INFO serializeLogger: [writerThread]EndAt:1478220673813,Parent RDD ID:1,Name:../ml-10M100K/clean.dat,TaskAttempt ID:4,Partition Id:0,Stage Id:1
16/11/03 18:51:14 INFO serializeLogger: [CreationPYRE]StartAt:1478220674601,Parent RDD ID:1,Name:../ml-10M100K/clean.dat,TaskAttempt ID:9,Partition Id:1,Stage Id:2
16/11/03 18:51:14 INFO serializeLogger: [CreationPYRE]EndAt:1478220674601,Parent RDD ID:1,Name:../ml-10M100K/clean.dat,TaskAttempt ID:9,Partition Id:1,Stage Id:2
16/11/03 18:51:14 INFO serializeLogger: [RunnerCompute]StartAt:1478220674601,Parent RDD ID:1,Name:../ml-10M100K/clean.dat,TaskAttempt ID:9,Partition Id:1,Stage Id:2
16/11/03 18:51:14 INFO serializeLogger: [writerThread]StartAt:1478220674614,Parent RDD ID:1,Name:../ml-10M100K/clean.dat,TaskAttempt ID:9,Partition Id:1,Stage Id:2
16/11/03 18:51:14 INFO serializeLogger: [RunnerCompute]EndAt:1478220674686,Parent RDD ID:1,Name:../ml-10M100K/clean.dat,TaskAttempt ID:9,Partition Id:1,Stage Id:2
16/11/03 18:52:07 INFO serializeLogger: [writerThread]EndAt:1478220727426,Parent RDD ID:1,Name:../ml-10M100K/clean.dat,TaskAttempt ID:8,Partition Id:0,Stage Id:2
16/11/03 18:52:07 INFO serializeLogger: [CreationPYRE]StartAt:1478220727645,Parent RDD ID:11,Name:UnionRDD,TaskAttempt ID:13,Partition Id:0,Stage Id:3
16/11/03 18:52:07 INFO serializeLogger: [CreationPYRE]EndAt:1478220727646,Parent RDD ID:11,Name:UnionRDD,TaskAttempt ID:13,Partition Id:0,Stage Id:3
16/11/03 18:52:07 INFO serializeLogger: [CreationPYRE]StartAt:1478220727646,Parent RDD ID:11,Name:UnionRDD,TaskAttempt ID:17,Partition Id:5,Stage Id:3
16/11/03 18:52:07 INFO serializeLogger: [RunnerCompute]StartAt:1478220727646,Parent RDD ID:11,Name:UnionRDD,TaskAttempt ID:13,Partition Id:0,Stage Id:3
16/11/03 18:52:07 INFO serializeLogger: [CreationPYRE]EndAt:1478220727646,Parent RDD ID:11,Name:UnionRDD,TaskAttempt ID:17,Partition Id:5,Stage Id:3
16/11/03 18:52:07 INFO serializeLogger: [RunnerCompute]StartAt:1478220727646,Parent RDD ID:11,Name:UnionRDD,TaskAttempt ID:17,Partition Id:5,Stage Id:3
16/11/03 18:52:07 INFO serializeLogger: [CreationPYRE]StartAt:1478220727647,Parent RDD ID:11,Name:UnionRDD,TaskAttempt ID:21,Partition Id:9,Stage Id:3
16/11/03 18:52:07 INFO serializeLogger: [CreationPYRE]EndAt:1478220727647,Parent RDD ID:11,Name:UnionRDD,TaskAttempt ID:21,Partition Id:9,Stage Id:3
16/11/03 18:52:07 INFO serializeLogger: [CreationPYRE]StartAt:1478220727648,Parent RDD ID:7,Name:MapPartitionedRDD,TaskAttempt ID:13,Partition Id:0,Stage Id:3
16/11/03 18:52:07 INFO serializeLogger: [RunnerCompute]StartAt:1478220727648,Parent RDD ID:11,Name:UnionRDD,TaskAttempt ID:21,Partition Id:9,Stage Id:3
16/11/03 18:52:07 INFO serializeLogger: [CreationPYRE]StartAt:1478220727648,Parent RDD ID:8,Name:ParallelCollectionRDD,TaskAttempt ID:17,Partition Id:5,Stage Id:3
16/11/03 18:52:07 INFO serializeLogger: [CreationPYRE]EndAt:1478220727648,Parent RDD ID:7,Name:MapPartitionedRDD,TaskAttempt ID:13,Partition Id:0,Stage Id:3
16/11/03 18:52:07 INFO serializeLogger: [CreationPYRE]EndAt:1478220727648,Parent RDD ID:8,Name:ParallelCollectionRDD,TaskAttempt ID:17,Partition Id:5,Stage Id:3
16/11/03 18:52:07 INFO serializeLogger: [RunnerCompute]StartAt:1478220727648,Parent RDD ID:7,Name:MapPartitionedRDD,TaskAttempt ID:13,Partition Id:0,Stage Id:3
16/11/03 18:52:07 INFO serializeLogger: [RunnerCompute]StartAt:1478220727649,Parent RDD ID:8,Name:ParallelCollectionRDD,TaskAttempt ID:17,Partition Id:5,Stage Id:3
16/11/03 18:52:07 INFO serializeLogger: [CreationPYRE]StartAt:1478220727649,Parent RDD ID:8,Name:ParallelCollectionRDD,TaskAttempt ID:21,Partition Id:9,Stage Id:3
16/11/03 18:52:07 INFO serializeLogger: [CreationPYRE]EndAt:1478220727649,Parent RDD ID:8,Name:ParallelCollectionRDD,TaskAttempt ID:21,Partition Id:9,Stage Id:3
16/11/03 18:52:07 INFO serializeLogger: [RunnerCompute]StartAt:1478220727650,Parent RDD ID:8,Name:ParallelCollectionRDD,TaskAttempt ID:21,Partition Id:9,Stage Id:3
16/11/03 18:52:07 INFO serializeLogger: [writerThread]StartAt:1478220727690,Parent RDD ID:8,Name:ParallelCollectionRDD,TaskAttempt ID:17,Partition Id:5,Stage Id:3
16/11/03 18:52:07 INFO serializeLogger: [writerThread]StartAt:1478220727709,Parent RDD ID:8,Name:ParallelCollectionRDD,TaskAttempt ID:21,Partition Id:9,Stage Id:3
16/11/03 18:52:07 INFO serializeLogger: [RunnerCompute]EndAt:1478220727716,Parent RDD ID:8,Name:ParallelCollectionRDD,TaskAttempt ID:17,Partition Id:5,Stage Id:3
16/11/03 18:52:07 INFO serializeLogger: [writerThread]StartAt:1478220727734,Parent RDD ID:11,Name:UnionRDD,TaskAttempt ID:17,Partition Id:5,Stage Id:3
16/11/03 18:52:07 INFO serializeLogger: [RunnerCompute]EndAt:1478220727760,Parent RDD ID:8,Name:ParallelCollectionRDD,TaskAttempt ID:21,Partition Id:9,Stage Id:3
16/11/03 18:52:07 INFO serializeLogger: [writerThread]StartAt:1478220727763,Parent RDD ID:11,Name:UnionRDD,TaskAttempt ID:21,Partition Id:9,Stage Id:3
16/11/03 18:52:07 INFO serializeLogger: [RunnerCompute]EndAt:1478220727785,Parent RDD ID:11,Name:UnionRDD,TaskAttempt ID:17,Partition Id:5,Stage Id:3
16/11/03 18:52:07 INFO serializeLogger: [writerThread]StartAt:1478220727820,Parent RDD ID:7,Name:MapPartitionedRDD,TaskAttempt ID:13,Partition Id:0,Stage Id:3
16/11/03 18:52:07 INFO serializeLogger: [writerThread]EndAt:1478220727838,Parent RDD ID:11,Name:UnionRDD,TaskAttempt ID:17,Partition Id:5,Stage Id:3
16/11/03 18:52:07 INFO serializeLogger: [writerThread]EndAt:1478220727838,Parent RDD ID:8,Name:ParallelCollectionRDD,TaskAttempt ID:17,Partition Id:5,Stage Id:3
16/11/03 18:52:07 INFO serializeLogger: [RunnerCompute]EndAt:1478220727848,Parent RDD ID:11,Name:UnionRDD,TaskAttempt ID:21,Partition Id:9,Stage Id:3
16/11/03 18:52:07 INFO serializeLogger: [writerThread]EndAt:1478220727875,Parent RDD ID:11,Name:UnionRDD,TaskAttempt ID:21,Partition Id:9,Stage Id:3
16/11/03 18:52:07 INFO serializeLogger: [writerThread]EndAt:1478220727876,Parent RDD ID:8,Name:ParallelCollectionRDD,TaskAttempt ID:21,Partition Id:9,Stage Id:3
16/11/03 18:52:24 INFO serializeLogger: [RunnerCompute]EndAt:1478220744941,Parent RDD ID:7,Name:MapPartitionedRDD,TaskAttempt ID:13,Partition Id:0,Stage Id:3
16/11/03 18:52:24 INFO serializeLogger: [writerThread]StartAt:1478220744944,Parent RDD ID:11,Name:UnionRDD,TaskAttempt ID:13,Partition Id:0,Stage Id:3
16/11/16/11/16/11/03 18:52:45 INFO serializeLogger: [RunnerCompute]EndAt:1478220765147,Parent RDD ID:11,Name:UnionRDD,TaskAttempt ID:14,Partition Id:1,Stage Id:3
16/11/03 18:52:46 INFO serializeLogger: [writerThread]EndAt:1478220766346,Parent RDD ID:11,Name:UnionRDD,TaskAttempt ID:14,Partition Id:1,Stage Id:3
16/11/03 18:52:46 INFO serializeLogger: [writerThread]EndAt:1478220766347,Parent RDD ID:7,Name:MapPartitionedRDD,TaskAttempt ID:14,Partition Id:1,Stage Id:3
16/11/03 18:52:47 INFO serializeLogger: [CreationPYRE]StartAt:1478220767413,Parent RDD ID:18,Name:UnionRDD,TaskAttempt ID:27,Partition Id:6,Stage Id:4
16/11/03 18:52:47 INFO serializeLogger: [CreationPYRE]EndAt:1478220767413,Parent RDD ID:18,Name:UnionRDD,TaskAttempt ID:27,Partition Id:6,Stage Id:4
16/11/03 18:52:47 INFO serializeLogger: [RunnerCompute]StartAt:1478220767413,Parent RDD ID:18,Name:UnionRDD,TaskAttempt ID:27,Partition Id:6,Stage Id:4
16/11/03 18:52:47 INFO serializeLogger: [CreationPYRE]StartAt:1478220767414,Parent RDD ID:8,Name:ParallelCollectionRDD,TaskAttempt ID:27,Partition Id:6,Stage Id:4
16/11/03 18:52:47 INFO serializeLogger: [CreationPYRE]EndAt:1478220767415,Parent RDD ID:8,Name:ParallelCollectionRDD,TaskAttempt ID:27,Partition Id:6,Stage Id:4
16/11/03 18:52:47 INFO serializeLogger: [RunnerCompute]StartAt:1478220767415,Parent RDD ID:8,Name:ParallelCollectionRDD,TaskAttempt ID:27,Partition Id:6,Stage Id:4
16/11/03 18:52:47 INFO serializeLogger: [writerThread]StartAt:1478220767419,Parent RDD ID:8,Name:ParallelCollectionRDD,TaskAttempt ID:27,Partition Id:6,Stage Id:4
16/11/03 18:52:47 INFO serializeLogger: [CreationPYRE]StartAt:1478220767419,Parent RDD ID:18,Name:UnionRDD,TaskAttempt ID:35,Partition Id:1,Stage Id:4
16/11/03 18:52:47 INFO serializeLogger: [CreationPYRE]EndAt:1478220767420,Parent RDD ID:18,Name:UnionRDD,TaskAttempt ID:35,Partition Id:1,Stage Id:4
16/11/03 18:52:47 INFO serializeLogger: [RunnerCompute]StartAt:1478220767420,Parent RDD ID:18,Name:UnionRDD,TaskAttempt ID:35,Partition Id:1,Stage Id:4
16/11/03 18:52:47 INFO serializeLogger: [CreationPYRE]StartAt:1478220767421,Parent RDD ID:18,Name:UnionRDD,TaskAttempt ID:31,Partition Id:10,Stage Id:4
16/11/03 18:52:47 INFO serializeLogger: [CreationPYRE]EndAt:1478220767422,Parent RDD ID:18,Name:UnionRDD,TaskAttempt ID:31,Partition Id:10,Stage Id:4
16/11/03 18:52:47 INFO serializeLogger: [CreationPYRE]StartAt:1478220767422,Parent RDD ID:15,Name:MapPartitionedRDD,TaskAttempt ID:35,Partition Id:1,Stage Id:4
16/11/03 18:52:47 INFO serializeLogger: [RunnerCompute]StartAt:1478220767422,Parent RDD ID:18,Name:UnionRDD,TaskAttempt ID:31,Partition Id:10,Stage Id:4
16/11/03 18:52:47 INFO serializeLogger: [CreationPYRE]EndAt:1478220767422,Parent RDD ID:15,Name:MapPartitionedRDD,TaskAttempt ID:35,Partition Id:1,Stage Id:4
16/11/03 18:52:47 INFO serializeLogger: [RunnerCompute]StartAt:1478220767422,Parent RDD ID:15,Name:MapPartitionedRDD,TaskAttempt ID:35,Partition Id:1,Stage Id:4
16/11/03 18:52:47 INFO serializeLogger: [RunnerCompute]EndAt:1478220767423,Parent RDD ID:8,Name:ParallelCollectionRDD,TaskAttempt ID:27,Partition Id:6,Stage Id:4
16/11/03 18:52:47 INFO serializeLogger: [CreationPYRE]StartAt:1478220767424,Parent RDD ID:8,Name:ParallelCollectionRDD,TaskAttempt ID:31,Partition Id:10,Stage Id:4
16/11/03 18:52:47 INFO serializeLogger: [CreationPYRE]EndAt:1478220767424,Parent RDD ID:8,Name:ParallelCollectionRDD,TaskAttempt ID:31,Partition Id:10,Stage Id:4
16/11/03 18:52:47 INFO serializeLogger: [RunnerCompute]StartAt:1478220767424,Parent RDD ID:8,Name:ParallelCollectionRDD,TaskAttempt ID:31,Partition Id:10,Stage Id:4
16/11/03 18:52:47 INFO serializeLogger: [writerThread]StartAt:1478220767425,Parent RDD ID:18,Name:UnionRDD,TaskAttempt ID:27,Partition Id:6,Stage Id:4
16/11/03 18:52:47 INFO serializeLogger: [writerThread]StartAt:1478220767429,Parent RDD ID:8,Name:ParallelCollectionRDD,TaskAttempt ID:31,Partition Id:10,Stage Id:4
16/11/03 18:516/11/03 18:52:46 INFO serializeLogger: [RunnerCompute]EndAt:1478220766067,Parent RDD ID:11,Name:UnionRDD,TaskAttempt ID:15,Partition Id:3,Stage Id:3
16/11/03 18:52:47 INFO serializeLogger: [writerThread]EndAt:1478220767257,Parent RDD ID:11,Name:UnionRDD,TaskAttempt ID:15,Partition Id:3,Stage Id:3
16/11/03 18:52:47 INFO serializeLogger: [writerThread]EndAt:1478220767257,Parent RDD ID:7,Name:MapPartitionedRDD,TaskAttempt ID:15,Partition Id:3,Stage Id:3
16/11/03 18:52:47 INFO serializeLogger: [CreationPYRE]StartAt:1478220767410,Parent RDD ID:18,Name:UnionRDD,TaskAttempt ID:30,Partition Id:11,Stage Id:4
16/11/03 18:52:47 INFO serializeLogger: [CreationPYRE]EndAt:1478220767410,Parent RDD ID:18,Name:UnionRDD,TaskAttempt ID:30,Partition Id:11,Stage Id:4
16/11/03 18:52:47 INFO serializeLogger: [RunnerCompute]StartAt:1478220767411,Parent RDD ID:18,Name:UnionRDD,TaskAttempt ID:30,Partition Id:11,Stage Id:4
16/11/03 18:52:47 INFO serializeLogger: [CreationPYRE]StartAt:1478220767412,Parent RDD ID:18,Name:UnionRDD,TaskAttempt ID:26,Partition Id:7,Stage Id:4
16/11/03 18:52:47 INFO serializeLogger: [CreationPYRE]StartAt:1478220767412,Parent RDD ID:8,Name:ParallelCollectionRDD,TaskAttempt ID:30,Partition Id:11,Stage Id:4
16/11/03 18:52:47 INFO serializeLogger: [CreationPYRE]EndAt:1478220767412,Parent RDD ID:18,Name:UnionRDD,TaskAttempt ID:26,Partition Id:7,Stage Id:4
16/11/03 18:52:47 INFO serializeLogger: [CreationPYRE]EndAt:1478220767412,Parent RDD ID:8,Name:ParallelCollectionRDD,TaskAttempt ID:30,Partition Id:11,Stage Id:4
16/11/03 18:52:47 INFO serializeLogger: [RunnerCompute]StartAt:1478220767412,Parent RDD ID:18,Name:UnionRDD,TaskAttempt ID:26,Partitio16/11/03 18:53:22 INFO s16/11/03 18:53:24 INFO serializeLogger: [RunnerCompute]EndAt:1478220804222,Parent RDD ID:18,Name:UnionRDD,TaskAttempt ID:35,Partition Id:1,Stage Id:4
16/11/03 18:53:25 INFO serializeLogger: [writerThread]EndAt:1478220805420,Parent RDD ID:18,Name:UnionRDD,TaskAttempt ID:35,Partition Id:1,Stage Id:4
16/11/03 18:53:25 INFO serializeLogger: [writerThread]EndAt:1478220805421,Parent RDD ID:15,Name:MapPartitionedRDD,TaskAttempt ID:35,Partition Id:1,Stage Id:4
16/11/03 18:53:25 INFO serializeLogger: [CreationPYRE]StartAt:1478220805675,Parent RDD ID:25,Name:UnionRDD,TaskAttempt ID:36,Partition Id:1,Stage Id:5
16/11/03 18:53:25 INFO serializeLogger: [CreationPYRE]EndAt:1478220805675,Parent RDD ID:25,Name:UnionRDD,TaskAttempt ID:36,Partition Id:1,Stage Id:5
16/11/03 18:53:25 INFO serializeLogger: [RunnerCompute]StartAt:1478220805676,Parent RDD ID:25,Name:UnionRDD,TaskAttempt ID:36,Partition Id:1,Stage Id:5
16/11/03 18:53:25 INFO serializeLogger: [CreationPYRE]StartAt:1478220805677,Parent RDD ID:25,Name:UnionRDD,TaskAttempt ID:40,Partition Id:5,Stage Id:5
16/11/03 18:53:25 INFO serializeLogger: [CreationPYRE]EndAt:1478220805677,Parent RDD ID:25,Name:UnionRDD,TaskAttempt ID:40,Partition Id:5,Stage Id:5
16/11/03 18:53:25 INFO serializeLogger: [CreationPYRE]StartAt:1478220805677,Parent RDD ID:22,Name:MapPartitionedRDD,TaskAttempt ID:36,Partition Id:1,Stage Id:5
16/11/03 18:53:25 INFO serializeLogger: [RunnerCompute]StartAt:1478220805678,Parent RDD ID:25,Name:UnionRDD,TaskAttempt ID:40,Partition Id:5,Stage Id:5
16/11/03 18:53:25 INFO serializeLogger: [CreationPYRE]EndAt:1478220805678,Parent RDD ID:22,Name:MapPartitionedRDD,TaskAttempt ID:36,Partition Id:1,Stage Id:5
16/11/03 18:53:25 INFO serializeLogger: [RunnerCompute]StartAt:1478220805678,Parent RDD ID:22,Name:MapPartitionedRDD,TaskAttempt ID:36,Partition Id:1,Stage Id:5
16/11/03 18:53:25 INFO serializeLogger: [CreationPYRE]StartAt:1478220805679,Parent RDD ID:22,Name:MapPartitionedRDD,TaskAttempt ID:40,Partition Id:5,Stage Id:5
16/11/03 18:53:25 INFO serializeLogger: [CreationPYRE]EndAt:1478220805679,Parent RDD ID:22,Name:MapPartitionedRDD,TaskAttempt ID:40,Partition Id:5,Stage Id:5
16/11/03 18:53:25 INFO serializeLogger: [RunnerCompute]StartAt:1478220805679,Parent RDD ID:22,Name:MapPartitionedRDD,TaskAttempt ID:40,Partition Id:5,Stage Id:5
16/11/03 18:53:25 INFO serializeLogger: [writerThread]StartAt:1478220805705,Parent RDD ID:22,Name:MapPartitionedRDD,TaskAttempt ID:36,Partition Id:1,Stage Id:5
16/11/03 18:53:25 INFO serializeLogger: [writerThread]StartAt:1478220805707,Parent RDD ID:22,Name:MapPartitionedRDD,TaskAttempt ID:40,Pa16/11/03 18:54:48 INFO serializeLogger: [RunnerCompute]EndAt:1478220888477,Parent RDD ID:22,Name:MapPartitionedRDD,TaskAttempt ID:43,Partition Id:4,Stage Id:5
16/11/03 18:54:48 INFO serializeLogger: [writerThread]StartAt:1478220888495,Parent RDD ID:25,Name:UnionRDD,TaskAttempt ID:43,Partition Id:4,Stage Id:5
16/11/03 18:54:48 INFO serializeLogger: [RunnerCompute]EndAt:1478220888538,Parent RDD ID:25,Name:UnionRDD,TaskAttempt ID:43,Partition Id:4,Stage Id:5
16/11/03 18:54:48 INFO serializeLogger: [writerThread]EndAt:1478220888565,Parent RDD ID:25,Name:UnionRDD,TaskAttempt ID:43,Partition Id:4,Stage Id:5
16/11/03 18:54:48 INFO serializeLogger: [writerThread]EndAt:1478220888565,Parent RDD ID:22,Name:MapPartitionedRDD,TaskAttempt ID:43,Partition Id:4,Stage Id:5
16/11/03 18:54:53 INFO serializeLogger: [RunnerCompute]EndAt:1478220893810,Parent RDD ID:22,Name:MapPartitionedRDD,TaskAttempt ID:39,Partition Id:0,Stage Id:5
16/11/03 18:54:53 INFO serializeLogger: [writerThread]StartAt:1478220893814,Parent RDD ID:25,Name:UnionRDD,TaskAttempt ID:39,Partition Id:0,Stage Id:5
16/11/03 18:55:11 INFO serializeLogger: [RunnerCompute]EndAt:1478220911654,Parent RDD ID:25,Name:UnionRDD,TaskAttempt ID:39,Partition Id:0,Stage Id:5
16/11/03 18:55:12 INFO serializeLogger: [writerThread]EndAt:1478220912819,Parent RDD ID:25,Name:UnionRDD,TaskAttempt ID:39,Partition Id:0,Stage Id:5
16/11/03 18:55:12 INFO serializeLogger: [writerThread]EndAt:1478220912820,Parent RDD ID:22,Name:MapPartitionedRDD,TaskAttempt ID:39,Partition Id:0,Stage Id:5
16/11/16/11/03 18:55:12 INFO serializeLogger: [CreationPYRE]StartAt:1478220912970,Parent RDD ID:32,Name:UnionRDD,TaskAttempt ID:46,Partition Id:2,Stage Id:6
16/11/03 18:55:12 INFO serializeLogger: [CreationPYRE]EndAt:1478220912970,Parent RDD ID:32,Name:UnionRDD,TaskAttempt ID:46,Partition Id:2,Stage Id:6
16/11/03 18:55:12 INFO serializeLogger: [RunnerCompute]StartAt:1478220912970,Parent RDD ID:32,Name:UnionRDD,TaskAttempt ID:46,Partition Id:2,Stage Id:6
16/11/03 18:55:12 INFO serializeLogger: [CreationPYRE]StartAt:1478220912971,Parent RDD ID:29,Name:MapPartitionedRDD,TaskAttempt ID:46,Partition Id:2,Stage Id:6
16/11/03 18:55:12 INFO serializeLogger: [CreationPYRE]EndAt:1478220912971,Parent RDD ID:29,Name:MapPartitionedRDD,TaskAttempt ID:46,Partition Id:2,Stage Id:6
16/11/03 18:55:12 INFO serializeLogger: [RunnerCompute]StartAt:1478220912972,Parent RDD ID:29,Name:MapPartitionedRDD,TaskAttempt ID:46,Partition Id:2,Stage Id:6
16/11/03 18:55:12 INFO serializeLogger: [CreationPYRE]StartAt:1478220912975,Parent RDD ID:32,Name:UnionRDD,TaskAttempt ID:50,Partition Id:6,Stage Id:6
16/11/03 18:55:12 INFO serializeLogger: [CreationPYRE]EndAt:1478220912975,Parent RDD ID:32,Name:UnionRDD,TaskAttempt ID:50,Partition Id:6,Stage Id:6
16/11/03 18:55:12 INFO serializeLogger: [RunnerCompute]StartAt:1478220912976,Parent RDD ID:32,Name:UnionRDD,TaskAttempt ID:50,Partition Id:6,Stage Id:6
16/11/03 18:55:12 INFO serializeLogger: [CreationPYRE]StartAt:1478220912978,Parent RDD ID:29,Name:MapPartitionedRDD,TaskAttempt ID:50,Partition Id:6,Stage Id:6
16/11/03 18:55:12 INFO serializeLogger: [CreationPYRE]EndAt:1478220912978,Parent RDD ID:29,Name:MapPartitionedRDD,TaskAttempt ID:50,Partition Id:6,Stage Id:6
16/11/03 18:55:12 INFO serializeLogger: [RunnerCompute]StartAt:1478220912978,Parent RDD ID:29,Name:MapPartitionedRDD,TaskAttempt ID:50,Partition Id:6,Stage Id:6
16/11/03 18:55:13 INFO serializeLogger: [writerThread]StartAt:1478220913013,Parent RDD ID:29,Name:MapPartitionedRDD,TaskAttempt ID:50,Partition Id:6,Stage Id:6
16/11/03 18:55:13 INFO serializeLogger: [writerThread]StartAt:1478220913042,Parent RDD ID:29,Name:MapPartitionedRDD,TaskAttempt ID:46,Partition Id:2,Stage16/11/03 18:55:21 INFO serializeLogger: [RunnerCompute]EndAt:1478220921760,Parent RDD ID:29,Name:MapPartitionedRDD,TaskAttempt ID:47,Partition Id:0,Stage Id:6
16/11/03 18:55:21 INFO serializeLogger: [writerThread]StartAt:1478220921763,Parent RDD ID:32,Name:UnionRDD,TaskAttempt ID:47,Partition Id:0,Stage Id:6
16/11/03 18:55:25 INFO serializeLogger: [RunnerCompute]EndAt:1478220925113,Parent RDD ID:29,Name:MapPartitionedRDD,TaskAttempt ID:51,Partition Id:4,Stage Id:6
16/11/03 18:55:25 INFO serializeLogger: [writerThread]StartAt:1478220925117,Parent RDD ID:32,Name:UnionRDD,TaskAttempt ID:51,Partition Id:4,Stage Id:6
16/11/03 18:55:25 INFO serializeLogger: [RunnerCompute]EndAt:1478220925134,Parent RDD ID:32,Name:UnionRDD,TaskAttempt ID:51,Partition Id:4,Stage Id:6
16/11/03 18:55:25 INFO serializeLogger: [writerThread]EndAt:1478220925160,Parent RDD ID:32,Name:UnionRDD,TaskAttempt ID:51,Partition Id:4,Stage Id:6
16/11/03 18:55:25 INFO serializeLogger: [writerThread]EndAt:1478220925161,Parent RDD ID:29,Name:MapPartitionedRDD,TaskAttempt ID:51,Partition Id:4,Stage Id:6
16/11/03 18:55:40 INFO serializeLogger: [RunnerCompute]EndAt:1478220940897,Parent RDD ID:32,Name:UnionRDD,TaskAttempt ID:47,Partition Id:0,Stage Id:6
16/11/16/11/03 18:55:43 INFO serializeLogger: [writerThread]EndAt:1478220943711,Parent RDD ID:32,Name:UnionRDD,TaskAttempt ID:46,Partition Id:2,Stage Id:6
16/11/03 18:55:43 INFO serializeLogger: [writerThread]EndAt:1478220943711,Parent RDD ID:29,Name:MapPartitionedRDD,TaskAttempt ID:46,Partition Id:2,Stage16/11/03 18:56:55 INFO serializeLogger: [CreationPYRE]StartAt:1478221015035,Parent RDD ID:39,Name:UnionRDD,TaskAttempt ID:53,Partition Id:0,Stage Id:7
16/11/03 18:56:55 INFO serializeLogger: [CreationPYRE]EndAt:1478221015035,Parent RDD ID:39,Name:UnionRDD,TaskAttempt ID:53,Partition Id:0,Stage Id:7
16/11/03 18:56:55 INFO serializeLogger: [RunnerCompute]StartAt:1478221015036,Parent RDD ID:39,Name:UnionRDD,TaskAttempt ID:53,Partition Id:0,Stage Id:7
16/11/03 18:56:55 INFO serializeLogger: [CreationPYRE]StartAt:1478221015036,Parent RDD ID:39,Name:UnionRDD,TaskAttempt ID:57,Partition Id:4,Stage Id:7
16/11/03 18:56:55 INFO serializeLogger: [CreationPYRE]EndAt:1478221015036,Parent RDD ID:39,Name:UnionRDD,TaskAttempt ID:57,Partition Id:4,Stage Id:7
16/11/03 18:56:55 INFO serializeLogger: [RunnerCompute]StartAt:1478221015036,Parent RDD ID:39,Name:UnionRDD,TaskAttempt ID:57,Partition Id:4,Stage Id:7
16/11/03 18:56:55 INFO serializeLogger: [CreationPYRE]StartAt:1478221015037,Parent RDD ID:36,Name:MapPartitionedRDD,TaskAttempt ID:53,Partition Id:0,Stage Id:7
16/11/03 18:56:55 INFO serializeLogger: [CreationPYRE]EndAt:1478221015037,Parent RDD ID:36,Name:MapPartitionedRDD,TaskAttempt ID:53,Partition Id:0,Stage Id:7
16/11/03 18:56:55 INFO serializeLogger: [RunnerCompute]StartAt:1478221015037,Parent RDD ID:36,Name:MapPartitionedRDD,TaskAttempt ID:53,Partition Id:0,Stage Id:7
16/11/03 18:56:55 INFO serializeLogger: [CreationPYRE]StartAt:1478221015037,Parent RDD ID:36,Name:MapPartitionedRDD,TaskAttempt ID:57,Partition Id:4,Stage Id:7
16/11/03 18:56:55 INFO serializeLogger: [CreationPYRE]EndAt:1478221015038,Parent RDD ID:36,Name:MapPartitionedRDD,TaskAttempt ID:57,Partition Id:4,Stage Id:7
16/11/03 18:56:55 INFO serializeLogger: [RunnerCompute]StartAt:1478221015038,Parent RDD ID:36,Name:MapPartitionedRDD,TaskAttempt ID:57,Partition Id:4,Stage Id:7
16/11/03 18:56:55 INFO serializeLogger: [writerThread]StartAt:1478221015082,Parent RDD ID:36,Name:MapPartitionedRDD,TaskAttempt ID:57,Partition Id:4,Stage Id:7
16/11/03 18:56:55 INFO serializeLogger: [writerThread]StartAt:1478221015112,Parent RDD ID:36,Name:MapPartitionedRDD,TaskAttempt ID:53,Partition Id:0,Stage Id:7
16/11/16/11/03 18:58:11 INFO serializeLogger: [RunnerCompute]EndAt:1478221091642,Parent RDD ID:36,Name:MapPartitionedRDD,TaskAttempt ID:58,Partition Id:6,Stage Id:7
16/11/03 18:58:11 INFO serializeLogger: [writerThread]StartAt:1478221091660,Parent RDD ID:39,Name:UnionRDD,TaskAttempt ID:58,Partition Id:6,Stage Id:7
16/11/03 18:58:11 INFO serializeLogger: [RunnerCompute]EndAt:1478221091694,Parent RDD ID:39,Name:UnionRDD,TaskAttempt ID:58,Partition Id:6,Stage Id:7
16/11/03 18:58:11 INFO serializeLogger: [writerThread]EndAt:1478221091715,Parent RDD ID:39,Name:UnionRDD,TaskAttempt ID:58,Partition Id:6,Stage Id:7
16/11/03 18:58:11 INFO serializeLogger: [writerThread]EndAt:1478221091716,Parent RDD ID:36,Name:MapPartitionedRDD,TaskAttempt ID:58,Partition Id:6,Stage Id:7
16/11/03 18:58:17 INFO serializeLogger: [RunnerCompute]EndAt:1478221097235,Parent RDD ID:36,Name:MapPartitionedRDD,TaskAttempt ID:54,Partition Id:2,Stage Id:7
16/11/03 18:58:17 INFO serializeLogger: [writerThread]StartAt:1478221097237,Parent RDD ID:39,Name:UnionRDD,TaskAttempt ID:54,Partition Id:2,Stage Id:7
16/11/03 18:58:35 INFO serializeLogger: [RunnerCompute]EndAt:1478221115217,Parent RDD ID:39,Name:UnionRDD,TaskAttempt ID:54,Partition Id:2,Stage Id:7
16/11/03 18:58:36 INFO serializeLogger: [writerThread]EndAt:1478221116357,Parent RDD ID:39,Name:UnionRDD,TaskAttempt ID:54,Partition Id:2,Stage Id:7
16/11/03 18:58:36 INFO serializeLogger: [writerThread]EndAt:1478221116357,Parent RDD ID:36,Name:MapPartitionedRDD,TaskAttempt ID:54,Partition Id:2,Stage16/11/03 18:58:36 INFO serializeLogger: [CreationPYRE]StartAt:1478221116457,Parent RDD ID:46,Name:UnionRDD,TaskAttempt ID:62,Partition Id:0,Stage Id:8
16/11/03 18:58:36 INFO serializeLogger: [CreationPYRE]EndAt:1478221116458,Parent RDD ID:46,Name:UnionRDD,TaskAttempt ID:62,Partition Id:0,Stage Id:8
16/11/03 18:58:36 INFO serializeLogger: [RunnerCompute]StartAt:1478221116458,Parent RDD ID:46,Name:UnionRDD,TaskAttempt ID:62,Partition Id:0,Stage Id:8
16/11/03 18:58:36 INFO serializeLogger: [CreationPYRE]StartAt:1478221116458,Parent RDD ID:46,Name:UnionRDD,TaskAttempt ID:66,Partition Id:4,Stage Id:8
16/11/03 18:58:36 INFO serializeLogger: [CreationPYRE]EndAt:1478221116458,Parent RDD ID:46,Name:UnionRDD,TaskAttempt ID:66,Partition Id:4,Stage Id:8
16/11/03 18:58:36 INFO serializeLogger: [RunnerCompute]StartAt:1478221116459,Parent RDD ID:46,Name:UnionRDD,TaskAttempt ID:66,Partition Id:4,Stage Id:8
16/11/03 18:58:36 INFO serializeLogger: [CreationPYRE]StartAt:1478221116459,Parent RDD ID:43,Name:MapPartitionedRDD,TaskAttempt ID:62,Partition Id:0,Stage Id:8
16/11/03 18:58:36 INFO serializeLogger: [CreationPYRE]EndAt:1478221116459,Parent RDD ID:43,Name:MapPartitionedRDD,TaskAttempt ID:62,Partition Id:0,Stage Id:8
16/11/03 18:58:36 INFO serializeLogger: [RunnerCompute]StartAt:1478221116459,Parent RDD ID:43,Name:MapPartitionedRDD,TaskAttempt ID:62,Partition Id:0,Stage Id:8
16/11/03 18:58:36 INFO serializeLogger: [CreationPYRE]StartAt:1478221116460,Parent RDD ID:43,Name:MapPartitionedRDD,TaskAttempt ID:66,Partition Id:4,Stage Id:8
16/11/03 18:58:36 INFO serializeLogger: [CreationPYRE]EndAt:1478221116460,Parent RDD ID:43,Name:MapPartitionedRDD,TaskAttempt ID:66,Partition Id:4,Stage Id:8
16/11/03 18:58:36 INFO serializeLogger: [RunnerCompute]StartAt:1478221116460,Parent RDD ID:43,Name:MapPartitionedRDD,TaskAttempt ID:66,Partition Id:4,Stage Id:8
16/11/03 18:58:36 INFO serializeLogger: [writerThread]StartAt:1478221116495,Parent RDD ID:43,Name:MapPartitionedRDD,TaskAttempt ID:66,Partition Id:4,Stage Id:8
16/11/03 18:58:36 INFO serializeLogger: [writerThread]StartAt:1478221116525,Parent RDD ID:43,Name:MapPartitionedRDD,TaskAttempt ID:62,Partition Id:0,Stage Id:8
16/11/03 18:58:40 INFO s16/11/03 18:59:51 INFO serializeLogger: [RunnerCompute]EndAt:1478221191896,Parent RDD ID:43,Name:MapPartitionedRDD,TaskAttempt ID:64,Partition Id:5,Stage Id:8
16/11/03 18:59:51 INFO serializeLogger: [writerThread]StartAt:1478221191914,Parent RDD ID:46,Name:UnionRDD,TaskAttempt ID:64,Partition Id:5,Stage Id:8
16/11/03 18:59:51 INFO serializeLogger: [RunnerCompute]EndAt:1478221191953,Parent RDD ID:46,Name:UnionRDD,TaskAttempt ID:64,Partition Id:5,Stage Id:8
16/11/03 18:59:51 INFO serializeLogger: [writerThread]EndAt:1478221191982,Parent RDD ID:46,Name:UnionRDD,TaskAttempt ID:64,Partition Id:5,Stage Id:8
16/11/03 18:59:51 INFO serializeLogger: [writerThread]EndAt:1478221191982,Parent RDD ID:43,Name:MapPartitionedRDD,TaskAttempt ID:64,Partition Id:5,Stage Id:8
16/11/03 18:59:58 INFO serializeLogger: [RunnerCompute]EndAt:1478221198157,Parent RDD ID:43,Name:MapPartitionedRDD,TaskAttempt ID:60,Partition Id:1,Stage Id:8
16/11/03 18:59:58 INFO serializeLogger: [writerThread]StartAt:1478221198159,Parent RDD ID:46,Name:UnionRDD,TaskAttempt ID:60,Partition Id:1,Stage Id:8
16/11/03 19:00:16 INFO serializeLogger: [RunnerCompute]EndAt:1478221216996,Parent RDD ID:46,Name:UnionRDD,TaskAttempt ID:60,Partition Id:1,Stage Id:8
16/11/03 19:00:18 INFO serializeLogger: [writerThread]EndAt:1478221218146,Parent RDD ID:46,Name:UnionRDD,TaskAttempt ID:60,Partition Id:1,Stage Id:8
16/11/03 19:00:18 INFO serializeLogger: [writerThread]EndAt:1478221218146,Parent RDD ID:43,Name:MapPartitionedRDD,TaskAttempt ID:60,Pa16/11/03 19:00:18 INFO serializeLogger: [CreationPYRE]StartAt:1478221218233,Parent RDD ID:50,Name:MapPartitionedRDD,TaskAttempt ID:69,Partition Id:0,Stage Id:9
16/11/03 19:00:18 INFO serializeLogger: [CreationPYRE]EndAt:1478221218233,Parent RDD ID:50,Name:MapPartitionedRDD,TaskAttempt ID:69,Partition Id:0,Stage Id:9
16/11/03 19:00:18 INFO serializeLogger: [RunnerCompute]StartAt:1478221218233,Parent RDD ID:50,Name:MapPartitionedRDD,TaskAttempt ID:69,Partition Id:0,Stage Id:9
16/11/03 19:00:18 INFO serializeLogger: [writerThread]StartAt:1478221218269,Parent RDD ID:50,Name:MapPartitionedRDD,TaskAttempt ID:69,Partition Id:0,Stage Id:9
16/11/03 19:00:32 INFO serializeLogger: [RunnerCompute]EndAt:1478221232954,Parent RDD ID:50,Name:MapPartitionedRDD,TaskAttempt ID:69,Partition Id:0,Stage Id:9
16/11/03 19:00:32 INFO serializeLogger: [writerThread]EndAt:1478221232957,Parent RDD ID:50,Name:MapPartitionedRDD,TaskAttempt ID:69,Partition Id:0,Stage Id:9
16/11/03 19:00:33 INFO s16/11/03 19:00:33 INFO serializeLogger: [CreationPYRE]StartAt:1478221233243,Parent RDD ID:54,Name:UnionRDD,TaskAttempt ID:74,Partition Id:1,Stage Id:16
16/11/03 19:00:33 INFO serializeLogger: [CreationPYRE]EndAt:1478221233244,Parent RDD ID:54,Name:UnionRDD,TaskAttempt ID:74,Partition Id:1,Stage Id:16
16/11/03 19:00:33 INFO serializeLogger: [RunnerCompute]StartAt:1478221233244,Parent RDD ID:54,Name:UnionRDD,TaskAttempt ID:74,Partition Id:1,Stage Id:16
16/11/03 19:00:33 INFO serializeLogger: [CreationPYRE]StartAt:1478221233244,Parent RDD ID:43,Name:MapPartitionedRDD,TaskAttempt ID:74,Partition Id:1,Stage Id:16
16/11/03 19:00:33 INFO serializeLogger: [CreationPYRE]EndAt:1478221233244,Parent RDD ID:43,Name:MapPartitionedRDD,TaskAttempt ID:74,Partition Id:1,Stage Id:16
16/11/03 19:00:33 INFO serializeLogger: [RunnerCompute]StartAt:1478221233245,Parent RDD ID:43,Name:MapPartitionedRDD,TaskAttempt ID:74,Partition Id:1,Stage Id:16
16/11/03 19:00:33 INFO serializeLogger: [CreationPYRE]StartAt:1478221233250,Parent RDD ID:54,Name:UnionRDD,TaskAttempt ID:78,Partition Id:5,Stage Id:16
16/11/03 19:00:33 INFO serializeLogger: [CreationPYRE]EndAt:1478221233250,Parent RDD ID:54,Name:UnionRDD,TaskAttempt ID:78,Partition Id:5,Stage Id:16
16/11/03 19:00:33 INFO serializeLogger: [RunnerCompute]StartAt:1478221233250,Parent RDD ID:54,Name:UnionRDD,TaskAttempt ID:78,Partition Id:5,Stage Id:16
16/11/03 19:00:33 INFO serializeLogger: [CreationPYRE]StartAt:1478221233252,Parent RDD ID:43,Name:MapPartitionedRDD,TaskAttempt ID:78,Partition Id:5,Stage Id:16
16/11/03 19:00:33 INFO serializeLogger: [CreationPYRE]EndAt:1478221233252,Parent RDD ID:43,Name:MapPartitionedRDD,TaskAttempt ID:78,Partition Id:5,Stage Id:16
16/11/03 19:00:33 INFO serializeLogger: [RunnerCompute]StartAt:1478221233253,Parent RDD ID:43,Name:MapPartitionedRDD,TaskAttempt ID:78,Partition Id:5,Stage Id:16
16/11/03 19:00:33 INFO serializeLogger: [writerThread]StartAt:1478221233270,Parent RDD ID:43,Name:MapPartitionedRDD,TaskAttempt ID:78,Partition Id:5,Stage Id:16
16/11/03 19:00:33 INFO serializeLogger: [writerThread]StartAt:1478221233274,Parent RDD ID:43,Name:MapPartitionedRDD,TaskAttempt ID:74,Partition Id:1,Stage Id:16
16/11/03 19:01:58 INFO serializeLogger: [RunnerCompute]EndAt:1478221318826,Parent RDD ID:43,Name:MapPartitionedRDD,TaskAttempt ID:78,Partition Id:5,Stage Id:16
16/11/03 19:01:58 INFO serializeLogger: [writerThread]StartAt:1478221318844,Parent RDD ID:54,Name:UnionRDD,TaskAttempt ID:78,Partition Id:5,Stage Id:16
16/11/03 19:01:58 INFO serializeLogger: [RunnerCompute]EndAt:1478221318883,Parent RDD ID:54,Name:UnionRDD,TaskAttempt ID:78,Partition Id:5,Stage Id:16
16/11/03 19:01:58 INFO serializeLogger: [writerThread]EndAt:1478221318908,Parent RDD ID:54,Name:UnionRDD,TaskAttempt ID:78,Partition Id:5,Stage Id:16
16/11/03 19:01:58 INFO serializeLogger: [writerThread]EndAt:1478221318908,Parent RDD ID:43,Name:MapPartitionedRDD,TaskAttempt ID:78,Partition Id:5,Stage Id:16
16/11/03 19:02:04 INFO serializeLogger: [RunnerCompute]EndAt:1478221324208,Parent RDD ID:43,Name:MapPartitionedRDD,TaskAttempt ID:74,Partition Id:1,Stage Id:16
16/11/03 19:02:04 INFO serializeLogger: [writerThread]StartAt:1478221324211,Parent RDD ID:54,Name:UnionRDD,TaskAttempt ID:74,Partition Id:1,Stage Id:16
16/11/03 19:02:22 INFO serializeLogger: [RunnerCompute]EndAt:1478221342408,Parent RDD ID:54,Name:UnionRDD,TaskAttempt ID:74,Partition Id:1,Stage Id:16
16/11/03 19:02:23 INFO serializeLogger: [writerThread]EndAt:1478221343581,Parent RDD ID:54,Name:UnionRDD,TaskAttempt ID:74,Partition Id:1,Stage Id:16
16/11/03 19:02:23 INFO serializeLogger: [writerThread]EndAt:1478221343582,Parent RDD ID:43,Name:MapPartitionedRDD,TaskAttempt ID:74,Par16/11/16/11/03 19:02:23 INFO serializeLogger: [CreationPYRE]StartAt:1478221343688,Parent RDD ID:58,Name:MapPartitionedRDD,TaskAttempt ID:83,Partition Id:2,Stage Id:17
16/11/03 19:02:23 INFO serializeLogger: [CreationPYRE]EndAt:1478221343688,Parent RDD ID:58,Name:MapPartitionedRDD,TaskAttempt ID:83,Partition Id:2,Stage Id:17
16/11/03 19:02:23 INFO serializeLogger: [RunnerCompute]StartAt:1478221343689,Parent RDD ID:58,Name:MapPartitionedRDD,TaskAttempt ID:83,Partition Id:2,Stage Id:17
16/11/03 19:02:23 INFO serializeLogger: [writerThread]StartAt:1478221343722,Parent RDD ID:58,Name:MapPartitionedRDD,TaskAttempt ID:83,Partition Id:2,Stage Id:17
16/11/03 19:02:26 INFO serializeLogger: [RunnerCompute]EndAt:1478221346805,Parent RDD ID:58,Name:MapPartitionedRDD,TaskAttempt ID:83,Partition Id:2,Stage Id:17
16/11/03 19:02:26 INFO serializeLogger: [writerThread]EndAt:1478221346809,Parent RDD ID:58,Name:MapPartitionedRDD,TaskAttempt ID:83,Partition Id:2,Stage Id:17
16/11/03 19:02:38 16/11/03 19:02:38 INFO serializeLogger: [CreationPYRE]StartAt:1478221358679,Parent RDD ID:62,Name:UnionRDD,TaskAttempt ID:85,Partition Id:1,Stage Id:24
16/11/03 19:02:38 INFO serializeLogger: [CreationPYRE]EndAt:1478221358679,Parent RDD ID:62,Name:UnionRDD,TaskAttempt ID:85,Partition Id:1,Stage Id:24
16/11/03 19:02:38 INFO serializeLogger: [CreationPYRE]StartAt:1478221358679,Parent RDD ID:62,Name:UnionRDD,TaskAttempt ID:89,Partition Id:5,Stage Id:24
16/11/03 19:02:38 INFO serializeLogger: [RunnerCompute]StartAt:1478221358679,Parent RDD ID:62,Name:UnionRDD,TaskAttempt ID:85,Partition Id:1,Stage Id:24
16/11/03 19:02:38 INFO serializeLogger: [CreationPYRE]EndAt:1478221358679,Parent RDD ID:62,Name:UnionRDD,TaskAttempt ID:89,Partition Id:5,Stage Id:24
16/11/03 19:02:38 INFO serializeLogger: [RunnerCompute]StartAt:1478221358679,Parent RDD ID:62,Name:UnionRDD,TaskAttempt ID:89,Partition Id:5,Stage Id:24
16/11/03 19:02:38 INFO serializeLogger: [CreationPYRE]StartAt:1478221358680,Parent RDD ID:43,Name:MapPartitionedRDD,TaskAttempt ID:85,Partition Id:1,Stage Id:24
16/11/03 19:02:38 INFO serializeLogger: [CreationPYRE]EndAt:1478221358680,Parent RDD ID:43,Name:MapPartitionedRDD,TaskAttempt ID:85,Partition Id:1,Stage Id:24
16/11/03 19:02:38 INFO serializeLogger: [CreationPYRE]StartAt:1478221358680,Parent RDD ID:43,Name:MapPartitionedRDD,TaskAttempt ID:89,Partition Id:5,Stage Id:24
16/11/03 19:02:38 INFO serializeLogger: [RunnerCompute]StartAt:1478221358680,Parent RDD ID:43,Name:MapPartitionedRDD,TaskAttempt ID:85,Partition Id:1,Stage Id:24
16/11/03 19:02:38 INFO serializeLogger: [CreationPYRE]EndAt:1478221358680,Parent RDD ID:43,Name:MapPartitionedRDD,TaskAttempt ID:89,Partition Id:5,Stage Id:24
16/11/03 19:02:38 INFO serializeLogger: [RunnerCompute]StartAt:1478221358681,Parent RDD ID:43,Name:MapPartitionedRDD,TaskAttempt ID:89,Partition Id:5,Stage Id:24
16/11/03 19:02:38 INFO serializeLogger: [writerThread]StartAt:1478221358706,Parent RDD ID:43,Name:MapPartitionedRDD,TaskAttempt ID:85,Partition Id:1,Stage Id:24
16/11/03 19:02:38 INFO serializeLogger: [writerThread]StartAt:1478221358708,Parent RDD ID:43,Name:MapPartitionedRDD,TaskAttempt ID:89,Partition Id:5,Stage Id:24
16/11/03 19:04:04 INFO serializeLogger: [RunnerCompute]EndAt:1478221444223,Parent RDD ID:43,Name:MapPartitionedRDD,TaskAttempt ID:89,Partition Id:5,Stage Id:24
16/11/03 19:04:04 INFO serializeLogger: [writerThread]StartAt:1478221444241,Parent RDD ID:62,Name:UnionRDD,TaskAttempt ID:89,Partition Id:5,Stage Id:24
16/11/03 19:04:04 INFO serializeLogger: [RunnerCompute]EndAt:1478221444276,Parent RDD ID:62,Name:UnionRDD,TaskAttempt ID:89,Partition Id:5,Stage Id:24
16/11/03 19:04:04 INFO serializeLogger: [writerThread]EndAt:1478221444304,Parent RDD ID:62,Name:UnionRDD,TaskAttempt ID:89,Partition Id:5,Stage Id:24
16/11/03 19:04:04 INFO serializeLogger: [writerThread]EndAt:1478221444304,Parent RDD ID:43,Name:MapPartitionedRDD,TaskAttempt ID:89,Partition Id:5,Stage Id:24
16/11/03 19:04:11 INFO serializeLogger: [RunnerCompute]EndAt:1478221451654,Parent RDD ID:43,Name:MapPartitionedRDD,TaskAttempt ID:85,Partition Id:1,Stage Id:24
16/11/03 19:04:11 INFO serializeLogger: [writerThread]StartAt:1478221451657,Parent RDD ID:62,Name:UnionRDD,TaskAttempt ID:85,Partition Id:1,Stage Id:24
16/11/03 19:04:29 INFO serializeLogger: [RunnerCompute]EndAt:1478221469462,Parent RDD ID:62,Name:UnionRDD,TaskAttempt ID:85,Partition Id:1,Stage Id:24
16/11/03 19:04:30 INFO serializeLogger: [writerThread]EndAt:1478221470615,Parent RDD ID:62,Name:UnionRDD,TaskAttempt ID:85,Partition Id:1,Stage Id:24
16/11/03 19:04:30 INFO serializeLogger: [writerThread]EndAt:1478221470615,Parent RDD ID:43,Name:MapPartitionedRDD,TaskAttempt ID:85,Par16/11/16/11/03 19:04:30 INFO serializeLogger: [CreationPYRE]StartAt:1478221470716,Parent RDD ID:66,Name:MapPartitionedRDD,TaskAttempt ID:93,Partition Id:2,Stage Id:25
16/11/03 19:04:30 INFO serializeLogger: [CreationPYRE]EndAt:1478221470717,Parent RDD ID:66,Name:MapPartitionedRDD,TaskAttempt ID:93,Partition Id:2,Stage Id:25
16/11/03 19:04:30 INFO serializeLogger: [RunnerCompute]StartAt:1478221470717,Parent RDD ID:66,Name:MapPartitionedRDD,TaskAttempt ID:93,Partition Id:2,Stage Id:25
16/11/03 19:04:30 INFO serializeLogger: [writerThread]StartAt:1478221470763,Parent RDD ID:66,Name:MapPartitionedRDD,TaskAttempt ID:93,Partition Id:2,Stage Id:25
16/11/03 19:04:45 INFO serializeLogger: [RunnerCompute]EndAt:1478221485553,Parent RDD ID:66,Name:MapPartitionedRDD,TaskAttempt ID:93,Partition Id:2,Stage Id:25
16/11/03 19:04:45 INFO serializeLogger: [writerThread]EndAt:1478221485556,Parent RDD ID:66,Name:MapPartitionedRDD,TaskAttempt ID:93,Partition Id:2,Stage Id:25
16/11/03 19:04:45 16/11/03 19:04:45 INFO serializeLogger: [CreationPYRE]StartAt:1478221485807,Parent RDD ID:70,Name:UnionRDD,TaskAttempt ID:99,Partition Id:1,Stage Id:32
16/11/03 19:04:45 INFO serializeLogger: [CreationPYRE]EndAt:1478221485807,Parent RDD ID:70,Name:UnionRDD,TaskAttempt ID:99,Partition Id:1,Stage Id:32
16/11/03 19:04:45 INFO serializeLogger: [RunnerCompute]StartAt:1478221485807,Parent RDD ID:70,Name:UnionRDD,TaskAttempt ID:99,Partition Id:1,Stage Id:32
16/11/03 19:04:45 INFO serializeLogger: [CreationPYRE]StartAt:1478221485808,Parent RDD ID:43,Name:MapPartitionedRDD,TaskAttempt ID:99,Partition Id:1,Stage Id:32
16/11/03 19:04:45 INFO serializeLogger: [CreationPYRE]EndAt:1478221485808,Parent RDD ID:43,Name:MapPartitionedRDD,TaskAttempt ID:99,Partition Id:1,Stage Id:32
16/11/03 19:04:45 INFO serializeLogger: [RunnerCompute]StartAt:1478221485808,Parent RDD ID:43,Name:MapPartitionedRDD,TaskAttempt ID:99,Partition Id:1,Stage Id:32
16/11/03 19:04:45 INFO serializeLogger: [CreationPYRE]StartAt:1478221485811,Parent RDD ID:70,Name:UnionRDD,TaskAttempt ID:103,Partition Id:5,Stage Id:32
16/11/03 19:04:45 INFO serializeLogger: [CreationPYRE]EndAt:1478221485812,Parent RDD ID:70,Name:UnionRDD,TaskAttempt ID:103,Partition Id:5,Stage Id:32
16/11/03 19:04:45 INFO serializeLogger: [RunnerCompute]StartAt:1478221485812,Parent RDD ID:70,Name:UnionRDD,TaskAttempt ID:103,Partition Id:5,Stage Id:32
16/11/03 19:04:45 INFO serializeLogger: [CreationPYRE]StartAt:1478221485813,Parent RDD ID:43,Name:MapPartitionedRDD,TaskAttempt ID:103,Partition Id:5,Stage Id:32
16/11/03 19:04:45 INFO serializeLogger: [CreationPYRE]EndAt:1478221485813,Parent RDD ID:43,Name:MapPartitionedRDD,TaskAttempt ID:103,Partition Id:5,Stage Id:32
16/11/03 19:04:45 INFO serializeLogger: [RunnerCompute]StartAt:1478221485814,Parent RDD ID:43,Name:MapPartitionedRDD,TaskAttempt ID:103,Partition Id:5,Stage Id:32
16/11/03 19:04:45 INFO serializeLogger: [writerThread]StartAt:1478221485826,Parent RDD ID:43,Name:MapPartitionedRDD,TaskAttempt ID:99,Partition Id:1,Stage Id:32
16/11/03 19:04:45 INFO serializeLogger: [writerThread]StartAt:1478221485828,Parent RDD ID:43,Name:MapPartitionedRDD,TaskAttempt ID:103,Partition Id:5,Stage Id:32
16/11/03 19:06:11 INFO serializeLogger: [RunnerCompute]EndAt:1478221571068,Parent RDD ID:43,Name:MapPartitionedRDD,TaskAttempt ID:103,Partition Id:5,Stage Id:32
16/11/03 19:06:11 INFO serializeLogger: [writerThread]StartAt:1478221571085,Parent RDD ID:70,Name:UnionRDD,TaskAttempt ID:103,Partition Id:5,Stage Id:32
16/11/03 19:06:11 INFO serializeLogger: [RunnerCompute]EndAt:1478221571119,Parent RDD ID:70,Name:UnionRDD,TaskAttempt ID:103,Partition Id:5,Stage Id:32
16/11/03 19:06:11 INFO serializeLogger: [writerThread]EndAt:1478221571146,Parent RDD ID:70,Name:UnionRDD,TaskAttempt ID:103,Partition Id:5,Stage Id:32
16/11/03 19:06:11 INFO serializeLogger: [writerThread]EndAt:1478221571146,Parent RDD ID:43,Name:MapPartitionedRDD,TaskAttempt ID:103,Partition Id:5,Stage Id:32
16/11/03 19:06:18 INFO serializeLogger: [RunnerCompute]EndAt:1478221578681,Parent RDD ID:43,Name:MapPartitionedRDD,TaskAttempt ID:99,Partition Id:1,Stage Id:32
16/11/03 19:06:18 INFO serializeLogger: [writerThread]StartAt:1478221578683,Parent RDD ID:70,Name:UnionRDD,TaskAttempt ID:99,Partition Id:1,Stage Id:32
16/11/03 19:06:37 INFO serializeLogger: [RunnerCompute]EndAt:1478221597116,Parent RDD ID:70,Name:UnionRDD,TaskAttempt ID:99,Partition Id:1,Stage Id:32
16/11/03 19:06:38 INFO serializeLogger: [writerThread]EndAt:1478221598295,Parent RDD ID:70,Name:UnionRDD,TaskAttempt ID:99,Partition Id:1,Stage Id:32
16/11/03 19:06:38 INFO serializeLogger: [writerThread]EndAt:1478221598295,Parent RDD ID:43,Name:MapPartitionedRDD,TaskAttempt ID:99,Par16/11/03 19:06:38 INFO serializeLogger: [CreationPYRE]StartAt:1478221598379,Parent RDD ID:74,Name:MapPartitionedRDD,TaskAttempt ID:106,Partition Id:0,Stage Id:33
16/11/03 19:06:38 INFO serializeLogger: [CreationPYRE]EndAt:1478221598379,Parent RDD ID:74,Name:MapPartitionedRDD,TaskAttempt ID:106,Partition Id:0,Stage Id:33
16/11/03 19:06:38 INFO serializeLogger: [RunnerCompute]StartAt:1478221598379,Parent RDD ID:74,Name:MapPartitionedRDD,TaskAttempt ID:106,Partition Id:0,Stage Id:33
16/11/03 19:06:38 INFO serializeLogger: [writerThread]StartAt:1478221598411,Parent RDD ID:74,Name:MapPartitionedRDD,TaskAttempt ID:106,Partition Id:0,Stage Id:33
16/11/03 19:06:41 INFO serializeLogger: [RunnerCompute]EndAt:1478221601451,Parent RDD ID:74,Name:MapPartitionedRDD,TaskAttempt ID:106,Partition Id:0,Stage Id:33
16/11/03 19:06:41 INFO serializeLogger: [writerThread]EndAt:1478221601454,Parent RDD ID:74,Name:MapPartitionedRDD,TaskAttempt ID:106,Partition Id:0,Stage Id:33
Id:33
 Id:1,Stage Id:33
gger: [RunnerCompute]StartAt:1478221485802,Parent RDD ID:70,Name:UnionRDD,TaskAttempt ID:96,Partition Id:3,Stage Id:32
16/11/03 19:04:45 INFO serializeLogger: [CreationPYRE]StartAt:1478221485803,Parent RDD ID:43,Name:MapPartitionedRDD,TaskAttempt ID:100,Partition Id:7,Stage Id:32
16/11/03 19:04:45 INFO serializeLogger: [CreationPYRE]StartAt:1478221485803,Parent RDD ID:43,Name:MapPartitionedRDD,TaskAttempt ID:96,Partition Id:3,Stage Id:32
16/11/03 19:04:45 INFO serializeLogger: [CreationPYRE]EndAt:1478221485803,Parent RDD ID:43,Name:MapPartitionedRDD,TaskAttempt ID:100,Partition Id:7,Stage Id:32
16/11/03 19:04:45 INFO serializeLogger: [CreationPYRE]EndAt:1478221485803,Parent RDD ID:43,Name:MapPartitionedRDD,TaskAttempt ID:96,Partition Id:3,Stage Id:32
16/11/03 19:04:45 INFO serializeLogger: [RunnerCompute]StartAt:1478221485803,Parent RDD ID:43,Name:MapPartitionedRDD,TaskAttempt ID:100,Partition Id:7,Stage Id:32
16/11/03 19:04:45 INFO serializeLogger: [RunnerCompute]StartAt:1478221485803,Parent RDD ID:43,Name:MapPartitionedRDD,TaskAttempt ID:96,Partition Id:3,Stage Id:32
16/11/03 19:04:45 INFO serializeLogger: [writerThread]StartAt:1478221485826,Parent RDD ID:43,Name:MapPartitionedRDD,TaskAttempt ID:100,Partition Id:7,Stage Id:32
16/11/03 19:04:45 INFO serializeLogger: [writerThread]StartAt:1478221485867,Parent RDD ID:43,Name:MapPartitionedRDD,TaskAttempt ID:96,Partition Id:3,Stage Id:32
16/11/03 19:04:55 INFO serializeLogger: [RunnerCompute]EndAt:1478221495757,Parent RDD ID:43,Name:MapPartitionedRDD,TaskAttempt ID:96,Partition Id:3,Stage Id:32
16/11/03 19:04:55 INFO serializeLogger: [writerThread]StartAt:1478221495775,Parent RDD ID:70,Name:UnionRDD,TaskAttempt ID:96,Partition Id:3,Stage Id:32
16/11/03 19:04:59 INFO serializeLogger: [RunnerCompute]EndAt:1478221499888,Parent RDD ID:43,Name:MapPartitionedRDD,TaskAttempt ID:100,Partition Id:7,Stage Id:32
16/11/03 19:04:59 INFO serializeLogger: [writerThread]StartAt:1478221499891,Parent RDD ID:70,Name:UnionRDD,TaskAttempt ID:100,Partition Id:7,Stage Id:32
16/11/03 19:04:59 INFO serializeLogger: [RunnerCompute]EndAt:1478221499906,Parent RDD ID:70,Name:UnionRDD,TaskAttempt ID:100,Partition Id:7,Stage Id:32
16/11/03 19:04:59 INFO serializeLogger: [writerThread]EndAt:1478221499937,Parent RDD ID:70,Name:UnionRDD,TaskAttempt ID:100,Partition Id:7,Stage Id:32
16/11/03 19:04:59 INFO serializeLogger: [writerThread]EndAt:1478221499938,Parent RDD ID:43,Name:MapPartitionedRDD,TaskAttempt ID:100,Partition Id:7,Stage Id:32
16/11/03 19:05:14 INFO serializeLogger: [RunnerCompute]EndAt:1478221514819,Parent RDD ID:70,Name:UnionRDD,TaskAttempt ID:96,Partition Id:3,Stage Id:32
16/11/03 19:05:15 INFO serializeLogger: [writerThread]EndAt:1478221515993,Parent RDD ID:70,Name:UnionRDD,TaskAttempt ID:96,Partition Id:3,Stage Id:32
16/11/03 19:05:15 INFO serializeLogger: [writerThread]EndAt:1478221515993,Parent RDD ID:43,Name:MapPartitionedRDD,TaskAttempt ID:96,Partition Id:3,Stage Id:32
16/11/03 19:06:38 INFO serializeLogger: [CreationPYRE]StartAt:1478221598391,Parent RDD ID:74,Name:MapPartitionedRDD,TaskAttempt ID:107,Partition Id:3,Stage Id:33
16/11/03 19:06:38 INFO serializeLogger: [CreationPYRE]EndAt:1478221598391,Parent RDD ID:74,Name:MapPartitionedRDD,TaskAttempt ID:107,Partition Id:3,Stage Id:33
16/11/03 19:06:38 INFO serializeLogger: [RunnerCompute]StartAt:1478221598391,Parent RDD ID:74,Name:MapPartitionedRDD,TaskAttempt ID:107,Partition Id:3,Stage Id:33
16/11/03 19:06:38 INFO serializeLogger: [writerThread]StartAt:1478221598434,Parent RDD ID:74,Name:MapPartitionedRDD,TaskAttempt ID:107,Partition Id:3,Stage Id:33
16/11/03 19:06:41 INFO serializeLogger: [RunnerCompute]EndAt:1478221601659,Parent RDD ID:74,Name:MapPartitionedRDD,TaskAttempt ID:107,Partition Id:3,Stage Id:33
16/11/03 19:06:41 INFO serializeLogger: [writerThread]EndAt:1478221601662,Parent RDD ID:74,Name:MapPartitionedRDD,TaskAttempt ID:107,Partition Id:3,Stage Id:33
